<?xml version="1.0" encoding="UTF-8"?>
<!-- Generated by org.testng.reporters.JUnitReportReporter -->
<testsuite hostname="spirals-vortex.lille.inria.fr" name="org.molgenis.security.group.GroupRestControllerTest" tests="1" failures="0" timestamp="30 May 2018 13:31:11 GMT" time="0.053" errors="0">
  <testcase name="testCreateGroup" time="0.053" classname="org.molgenis.security.group.GroupRestControllerTest"/>
</testsuite> <!-- org.molgenis.security.group.GroupRestControllerTest -->
