<?xml version="1.0" encoding="UTF-8"?>
<!-- Generated by org.testng.reporters.JUnitReportReporter -->
<testsuite hostname="spirals-vortex.lille.inria.fr" name="org.molgenis.security.twofactor.service.RecoveryServiceImplTest" tests="3" failures="0" timestamp="1 Jun 2018 11:17:55 GMT" time="0.089" errors="0">
  <testcase name="testUseRecoveryCode" time="0.025" classname="org.molgenis.security.twofactor.service.RecoveryServiceImplTest"/>
  <testcase name="testGetRecoveryCodes" time="0.003" classname="org.molgenis.security.twofactor.service.RecoveryServiceImplTest"/>
  <testcase name="testGenerateRecoveryCodes" time="0.061" classname="org.molgenis.security.twofactor.service.RecoveryServiceImplTest"/>
</testsuite> <!-- org.molgenis.security.twofactor.service.RecoveryServiceImplTest -->
