<?xml version="1.0" encoding="UTF-8"?>
<!-- Generated by org.testng.reporters.JUnitReportReporter -->
<testsuite hostname="spirals-vortex.lille.inria.fr" name="org.molgenis.security.permission.UserPermissionEvaluatorImplTest" tests="16" failures="0" timestamp="30 May 2018 12:45:41 GMT" time="0.080" errors="0">
  <testcase name="hasPermissionSetOnPluginTrue" time="0.000" classname="org.molgenis.security.permission.UserPermissionEvaluatorImplTest"/>
  <testcase name="hasPermissionSetOnEntityTypeSuperuser" time="0.003" classname="org.molgenis.security.permission.UserPermissionEvaluatorImplTest"/>
  <testcase name="hasPermissionOnPluginSuperuser" time="0.003" classname="org.molgenis.security.permission.UserPermissionEvaluatorImplTest"/>
  <testcase name="hasPermissionSetOnPluginSuperuser" time="0.002" classname="org.molgenis.security.permission.UserPermissionEvaluatorImplTest"/>
  <testcase name="hasPermissionSetOnEntityTypeTrue" time="0.003" classname="org.molgenis.security.permission.UserPermissionEvaluatorImplTest"/>
  <testcase name="hasPermissionOnEntityTypeFalse" time="0.026" classname="org.molgenis.security.permission.UserPermissionEvaluatorImplTest"/>
  <testcase name="hasPermissionOnPluginFalse" time="0.003" classname="org.molgenis.security.permission.UserPermissionEvaluatorImplTest"/>
  <testcase name="hasPermissionSetOnEntityTypeFalse" time="0.002" classname="org.molgenis.security.permission.UserPermissionEvaluatorImplTest"/>
  <testcase name="hasPermissionOnEntityTypeSuperuser" time="0.002" classname="org.molgenis.security.permission.UserPermissionEvaluatorImplTest"/>
  <testcase name="hasPermissionOnEntityTypeTrue" time="0.020" classname="org.molgenis.security.permission.UserPermissionEvaluatorImplTest"/>
  <testcase name="hasPermissionSetOnPluginSystemUser" time="0.004" classname="org.molgenis.security.permission.UserPermissionEvaluatorImplTest"/>
  <testcase name="hasPermissionOnEntityTypeSystemUser" time="0.002" classname="org.molgenis.security.permission.UserPermissionEvaluatorImplTest"/>
  <testcase name="hasPermissionOnPluginTrue" time="0.003" classname="org.molgenis.security.permission.UserPermissionEvaluatorImplTest"/>
  <testcase name="hasPermissionOnPluginSystemUser" time="0.001" classname="org.molgenis.security.permission.UserPermissionEvaluatorImplTest"/>
  <testcase name="hasPermissionSetOnEntityTypeSystemUser" time="0.002" classname="org.molgenis.security.permission.UserPermissionEvaluatorImplTest"/>
  <testcase name="hasPermissionSetOnPluginFalse" time="0.004" classname="org.molgenis.security.permission.UserPermissionEvaluatorImplTest"/>
</testsuite> <!-- org.molgenis.security.permission.UserPermissionEvaluatorImplTest -->
