<?xml version="1.0" encoding="UTF-8"?>
<!-- Generated by org.testng.reporters.JUnitReportReporter -->
<testsuite hostname="spirals-vortex.lille.inria.fr" name="org.molgenis.security.freemarker.HasPermissionDirectiveTest" tests="2" failures="0" timestamp="30 May 2018 13:31:11 GMT" time="0.272" errors="0">
  <testcase name="executeWithPermission" time="0.270" classname="org.molgenis.security.freemarker.HasPermissionDirectiveTest"/>
  <testcase name="executeWithoutPermission" time="0.002" classname="org.molgenis.security.freemarker.HasPermissionDirectiveTest"/>
</testsuite> <!-- org.molgenis.security.freemarker.HasPermissionDirectiveTest -->
