<?xml version="1.0" encoding="UTF-8"?>
<!-- Generated by org.testng.reporters.JUnitReportReporter -->
<testsuite hostname="spirals-vortex.lille.inria.fr" name="org.molgenis.security.login.MolgenisLoginControllerTest" tests="3" failures="0" timestamp="1 Jun 2018 11:17:55 GMT" time="0.073" errors="0">
  <testcase name="getLoginErrorPageSessionExpired" time="0.028" classname="org.molgenis.security.login.MolgenisLoginControllerTest"/>
  <testcase name="getLoginErrorPage" time="0.024" classname="org.molgenis.security.login.MolgenisLoginControllerTest"/>
  <testcase name="getLoginPage" time="0.021" classname="org.molgenis.security.login.MolgenisLoginControllerTest"/>
</testsuite> <!-- org.molgenis.security.login.MolgenisLoginControllerTest -->
