<?xml version="1.0" encoding="UTF-8"?>
<!-- Generated by org.testng.reporters.JUnitReportReporter -->
<testsuite hostname="spirals-vortex.lille.inria.fr" name="org.molgenis.security.twofactor.service.OtpServiceImplTest" tests="2" failures="0" timestamp="30 May 2018 13:31:11 GMT" time="0.007" errors="0">
  <testcase name="testTryVerificationKeyFailed" time="0.004" classname="org.molgenis.security.twofactor.service.OtpServiceImplTest"/>
  <testcase name="testGetAuthenticatorURI" time="0.003" classname="org.molgenis.security.twofactor.service.OtpServiceImplTest"/>
</testsuite> <!-- org.molgenis.security.twofactor.service.OtpServiceImplTest -->
