<?xml version="1.0" encoding="UTF-8"?>
<!-- Generated by org.testng.reporters.JUnitReportReporter -->
<testsuite hostname="spirals-vortex.lille.inria.fr" name="org.molgenis.security.token.TokenAuthenticationProviderTest" tests="2" failures="0" timestamp="1 Jun 2018 10:51:51 GMT" time="0.026" errors="0">
  <testcase name="authenticate" time="0.024" classname="org.molgenis.security.token.TokenAuthenticationProviderTest"/>
  <testcase name="authenticateInvalidToken" time="0.002" classname="org.molgenis.security.token.TokenAuthenticationProviderTest"/>
</testsuite> <!-- org.molgenis.security.token.TokenAuthenticationProviderTest -->
