<?xml version="1.0" encoding="UTF-8"?>
<!-- Generated by org.testng.reporters.JUnitReportReporter -->
<testsuite hostname="spirals-vortex.lille.inria.fr" name="org.molgenis.security.token.TokenExtractorTest" tests="6" failures="0" timestamp="1 Jun 2018 10:51:51 GMT" time="0.141" errors="0">
  <testcase name="testGetTokenFromHeader" time="0.135" classname="org.molgenis.security.token.TokenExtractorTest"/>
  <testcase name="testGetTokenFromParam" time="0.001" classname="org.molgenis.security.token.TokenExtractorTest"/>
  <testcase name="testResolveArgumentTokenInParam" time="0.001" classname="org.molgenis.security.token.TokenExtractorTest"/>
  <testcase name="testResolveArgumentNoTokenRequired" time="0.001" classname="org.molgenis.security.token.TokenExtractorTest"/>
  <testcase name="testResolveArgumentTokenInHeader" time="0.002" classname="org.molgenis.security.token.TokenExtractorTest"/>
  <testcase name="testResolveArgumentNoToken" time="0.001" classname="org.molgenis.security.token.TokenExtractorTest"/>
</testsuite> <!-- org.molgenis.security.token.TokenExtractorTest -->
