<?xml version="1.0" encoding="UTF-8"?>
<!-- Generated by org.testng.reporters.JUnitReportReporter -->
<testsuite hostname="spirals-vortex.lille.inria.fr" name="org.molgenis.security.freemarker.HasPermissionDirectiveTest" tests="2" failures="0" timestamp="1 Jun 2018 11:17:55 GMT" time="0.284" errors="0">
  <testcase name="executeWithPermission" time="0.043" classname="org.molgenis.security.freemarker.HasPermissionDirectiveTest"/>
  <testcase name="executeWithoutPermission" time="0.241" classname="org.molgenis.security.freemarker.HasPermissionDirectiveTest"/>
</testsuite> <!-- org.molgenis.security.freemarker.HasPermissionDirectiveTest -->
