<?xml version="1.0" encoding="UTF-8"?>
<!-- Generated by org.testng.reporters.JUnitReportReporter -->
<testsuite hostname="spirals-vortex.lille.inria.fr" name="org.molgenis.security.twofactor.service.RecoveryServiceImplTest" tests="3" failures="0" timestamp="30 May 2018 13:31:11 GMT" time="0.237" errors="0">
  <testcase name="testGetRecoveryCodes" time="0.145" classname="org.molgenis.security.twofactor.service.RecoveryServiceImplTest"/>
  <testcase name="testUseRecoveryCode" time="0.060" classname="org.molgenis.security.twofactor.service.RecoveryServiceImplTest"/>
  <testcase name="testGenerateRecoveryCodes" time="0.032" classname="org.molgenis.security.twofactor.service.RecoveryServiceImplTest"/>
</testsuite> <!-- org.molgenis.security.twofactor.service.RecoveryServiceImplTest -->
