<?xml version="1.0" encoding="UTF-8"?>
<!-- Generated by org.testng.reporters.JUnitReportReporter -->
<testsuite hostname="spirals-vortex.lille.inria.fr" name="org.molgenis.security.MolgenisChangePasswordFilterTest" tests="4" failures="0" timestamp="1 Jun 2018 10:51:51 GMT" time="0.003" errors="0">
  <testcase name="testDoFilterChangePasswordHackyUri" time="0.001" classname="org.molgenis.security.MolgenisChangePasswordFilterTest"/>
  <testcase name="testDoFilterChangePassword" time="0.000" classname="org.molgenis.security.MolgenisChangePasswordFilterTest"/>
  <testcase name="testDoFilterNoChangePassword" time="0.002" classname="org.molgenis.security.MolgenisChangePasswordFilterTest"/>
  <testcase name="testDoFilterIgnoreOwnUri" time="0.000" classname="org.molgenis.security.MolgenisChangePasswordFilterTest"/>
</testsuite> <!-- org.molgenis.security.MolgenisChangePasswordFilterTest -->
