<?xml version="1.0" encoding="UTF-8"?>
<!-- Generated by org.testng.reporters.JUnitReportReporter -->
<testsuite hostname="spirals-vortex.lille.inria.fr" name="org.molgenis.security.token.TokenAuthenticationProviderTest" tests="2" failures="0" timestamp="30 May 2018 13:31:11 GMT" time="0.017" errors="0">
  <testcase name="authenticateInvalidToken" time="0.017" classname="org.molgenis.security.token.TokenAuthenticationProviderTest"/>
  <testcase name="authenticate" time="0.000" classname="org.molgenis.security.token.TokenAuthenticationProviderTest"/>
</testsuite> <!-- org.molgenis.security.token.TokenAuthenticationProviderTest -->
