<?xml version="1.0" encoding="UTF-8"?>
<!-- Generated by org.testng.reporters.JUnitReportReporter -->
<testsuite hostname="spirals-vortex.lille.inria.fr" name="org.molgenis.security.permission.SecurityContextRegistryImplTest" tests="7" failures="0" timestamp="30 May 2018 13:31:11 GMT" time="0.054" errors="0">
  <testcase name="testGetSecurityContextFromSessionWithoutSecurityContext" time="0.000" classname="org.molgenis.security.permission.SecurityContextRegistryImplTest"/>
  <testcase name="testGetSecurityContextUnknownSessionId" time="0.001" classname="org.molgenis.security.permission.SecurityContextRegistryImplTest"/>
  <testcase name="testGetSecurityContextInvalidatedSession" time="0.006" classname="org.molgenis.security.permission.SecurityContextRegistryImplTest"/>
  <testcase name="testGetSecurityContextFromSessionUnexpectedValue" time="0.002" classname="org.molgenis.security.permission.SecurityContextRegistryImplTest"/>
  <testcase name="testGetSecurityContexts" time="0.006" classname="org.molgenis.security.permission.SecurityContextRegistryImplTest"/>
  <testcase name="testGetSecurityContextFromSessionWithSecurityContext" time="0.037" classname="org.molgenis.security.permission.SecurityContextRegistryImplTest"/>
  <testcase name="testHandleHttpSessionDestroyedEvent" time="0.002" classname="org.molgenis.security.permission.SecurityContextRegistryImplTest"/>
</testsuite> <!-- org.molgenis.security.permission.SecurityContextRegistryImplTest -->
