<?xml version="1.0" encoding="UTF-8"?>
<!-- Generated by org.testng.reporters.JUnitReportReporter -->
<testsuite hostname="spirals-vortex.lille.inria.fr" name="org.molgenis.security.token.RunAsUserTokenFactoryTest" tests="2" failures="0" timestamp="30 May 2018 13:31:11 GMT" time="0.012" errors="0">
  <testcase name="testTokenForEnabledUser" time="0.001" classname="org.molgenis.security.token.RunAsUserTokenFactoryTest"/>
  <testcase name="testTokenForDisabledUser" time="0.011" classname="org.molgenis.security.token.RunAsUserTokenFactoryTest"/>
</testsuite> <!-- org.molgenis.security.token.RunAsUserTokenFactoryTest -->
