<?xml version="1.0" encoding="UTF-8"?>
<!-- Generated by org.testng.reporters.JUnitReportReporter -->
<testsuite hostname="spirals-vortex.lille.inria.fr" name="org.molgenis.security.captcha.CaptchaControllerTest" tests="5" failures="0" timestamp="1 Jun 2018 10:51:51 GMT" time="0.156" errors="0">
  <testcase name="validateCaptchaFromForm_invalid" time="0.021" classname="org.molgenis.security.captcha.CaptchaControllerTest"/>
  <testcase name="getCaptcha" time="0.042" classname="org.molgenis.security.captcha.CaptchaControllerTest"/>
  <testcase name="validateCaptcha_valid" time="0.027" classname="org.molgenis.security.captcha.CaptchaControllerTest"/>
  <testcase name="validateCaptcha_invalid" time="0.028" classname="org.molgenis.security.captcha.CaptchaControllerTest"/>
  <testcase name="validateCaptchaFromForm_valid" time="0.038" classname="org.molgenis.security.captcha.CaptchaControllerTest"/>
</testsuite> <!-- org.molgenis.security.captcha.CaptchaControllerTest -->
