<?xml version="1.0" encoding="UTF-8"?>
<!-- Generated by org.testng.reporters.JUnitReportReporter -->
<testsuite hostname="spirals-vortex.lille.inria.fr" name="org.molgenis.security.permission.PermissionSystemServiceImplTest" tests="2" failures="0" timestamp="30 May 2018 13:31:11 GMT" time="0.255" errors="0">
  <testcase name="testPermissionSystemService" time="0.010" classname="org.molgenis.security.permission.PermissionSystemServiceImplTest"/>
  <testcase name="giveUserEntityPermissions" time="0.245" classname="org.molgenis.security.permission.PermissionSystemServiceImplTest"/>
</testsuite> <!-- org.molgenis.security.permission.PermissionSystemServiceImplTest -->
