<?xml version="1.0" encoding="UTF-8"?>
<!-- Generated by org.testng.reporters.JUnitReportReporter -->
<testsuite hostname="spirals-vortex.lille.inria.fr" name="org.molgenis.security.permission.AuthenticationAuthoritiesUpdaterImplTest" tests="8" failures="0" timestamp="1 Jun 2018 10:51:51 GMT" time="0.116" errors="0">
  <testcase name="testUpdateAuthenticationTwoFactorAuthenticationToken" time="0.001" classname="org.molgenis.security.permission.AuthenticationAuthoritiesUpdaterImplTest"/>
  <testcase name="testUpdateAuthenticationAnonymousAuthenticationToken" time="0.030" classname="org.molgenis.security.permission.AuthenticationAuthoritiesUpdaterImplTest"/>
  <testcase name="testUpdateAuthenticationUsernamePasswordAuthenticationToken" time="0.000" classname="org.molgenis.security.permission.AuthenticationAuthoritiesUpdaterImplTest"/>
  <testcase name="testUpdateAuthenticationSystemSecurityToken" time="0.062" classname="org.molgenis.security.permission.AuthenticationAuthoritiesUpdaterImplTest"/>
  <testcase name="testUpdateAuthenticationRunAsUserToken" time="0.001" classname="org.molgenis.security.permission.AuthenticationAuthoritiesUpdaterImplTest"/>
  <testcase name="testUpdateAuthenticationRecoveryAuthenticationToken" time="0.001" classname="org.molgenis.security.permission.AuthenticationAuthoritiesUpdaterImplTest"/>
  <testcase name="testUpdateAuthenticationUnknownToken" time="0.021" classname="org.molgenis.security.permission.AuthenticationAuthoritiesUpdaterImplTest"/>
  <testcase name="testUpdateAuthenticationRestAuthenticationToken" time="0.000" classname="org.molgenis.security.permission.AuthenticationAuthoritiesUpdaterImplTest"/>
</testsuite> <!-- org.molgenis.security.permission.AuthenticationAuthoritiesUpdaterImplTest -->
