<?xml version="1.0" encoding="UTF-8"?>
<!-- Generated by org.testng.reporters.JUnitReportReporter -->
<testsuite hostname="spirals-vortex.lille.inria.fr" name="org.molgenis.security.token.DataServiceTokenServiceTest" tests="4" failures="0" timestamp="30 May 2018 13:31:11 GMT" time="0.125" errors="0">
  <testcase name="generateAndStoreToken" time="0.006" classname="org.molgenis.security.token.DataServiceTokenServiceTest"/>
  <testcase name="findUserByToken" time="0.049" classname="org.molgenis.security.token.DataServiceTokenServiceTest"/>
  <testcase name="findUserByTokenExpired" time="0.068" classname="org.molgenis.security.token.DataServiceTokenServiceTest"/>
  <testcase name="removeToken" time="0.002" classname="org.molgenis.security.token.DataServiceTokenServiceTest"/>
</testsuite> <!-- org.molgenis.security.token.DataServiceTokenServiceTest -->
