<?xml version="1.0" encoding="UTF-8"?>
<!-- Generated by org.testng.reporters.JUnitReportReporter -->
<testsuite hostname="spirals-vortex.lille.inria.fr" name="org.molgenis.security.user.UserDetailsServiceTest" tests="5" failures="0" timestamp="30 May 2018 12:45:41 GMT" time="0.132" errors="0">
  <testcase name="testLoadUserByUsernameAnonymous" time="0.121" classname="org.molgenis.security.user.UserDetailsServiceTest"/>
  <testcase name="testLoadUserByUsernameSuperuser" time="0.004" classname="org.molgenis.security.user.UserDetailsServiceTest"/>
  <testcase name="testUserDetailsService" time="0.002" classname="org.molgenis.security.user.UserDetailsServiceTest"/>
  <testcase name="testLoadUserByUsernameNonSuperuser" time="0.003" classname="org.molgenis.security.user.UserDetailsServiceTest"/>
  <testcase name="testLoadUserByUsernameUnknownUser" time="0.002" classname="org.molgenis.security.user.UserDetailsServiceTest"/>
</testsuite> <!-- org.molgenis.security.user.UserDetailsServiceTest -->
