<?xml version="1.0" encoding="UTF-8"?>
<!-- Generated by org.testng.reporters.JUnitReportReporter -->
<testsuite hostname="spirals-vortex.lille.inria.fr" name="org.molgenis.security.freemarker.HasPermissionDirectiveTest" tests="2" failures="0" timestamp="1 Jun 2018 10:51:51 GMT" time="0.256" errors="0">
  <testcase name="executeWithoutPermission" time="0.001" classname="org.molgenis.security.freemarker.HasPermissionDirectiveTest"/>
  <testcase name="executeWithPermission" time="0.255" classname="org.molgenis.security.freemarker.HasPermissionDirectiveTest"/>
</testsuite> <!-- org.molgenis.security.freemarker.HasPermissionDirectiveTest -->
