<?xml version="1.0" encoding="UTF-8"?>
<!-- Generated by org.testng.reporters.JUnitReportReporter -->
<testsuite hostname="spirals-vortex.lille.inria.fr" name="org.molgenis.security.AjaxAwareLoginUrlAuthenticationEntryPointTest" tests="3" failures="0" timestamp="1 Jun 2018 10:51:51 GMT" time="0.045" errors="0">
  <testcase name="testCommenceOther" time="0.042" classname="org.molgenis.security.AjaxAwareLoginUrlAuthenticationEntryPointTest"/>
  <testcase name="testCommenceRest" time="0.002" classname="org.molgenis.security.AjaxAwareLoginUrlAuthenticationEntryPointTest"/>
  <testcase name="testCommencePreflight" time="0.001" classname="org.molgenis.security.AjaxAwareLoginUrlAuthenticationEntryPointTest"/>
</testsuite> <!-- org.molgenis.security.AjaxAwareLoginUrlAuthenticationEntryPointTest -->
