<?xml version="1.0" encoding="UTF-8"?>
<!-- Generated by org.testng.reporters.JUnitReportReporter -->
<testsuite hostname="spirals-vortex.lille.inria.fr" name="org.molgenis.security.captcha.CaptchaControllerTest" tests="5" failures="0" timestamp="30 May 2018 13:31:11 GMT" time="0.172" errors="0">
  <testcase name="validateCaptcha_valid" time="0.030" classname="org.molgenis.security.captcha.CaptchaControllerTest"/>
  <testcase name="validateCaptchaFromForm_valid" time="0.022" classname="org.molgenis.security.captcha.CaptchaControllerTest"/>
  <testcase name="validateCaptchaFromForm_invalid" time="0.048" classname="org.molgenis.security.captcha.CaptchaControllerTest"/>
  <testcase name="getCaptcha" time="0.042" classname="org.molgenis.security.captcha.CaptchaControllerTest"/>
  <testcase name="validateCaptcha_invalid" time="0.030" classname="org.molgenis.security.captcha.CaptchaControllerTest"/>
</testsuite> <!-- org.molgenis.security.captcha.CaptchaControllerTest -->
