<?xml version="1.0" encoding="UTF-8"?>
<!-- Generated by org.testng.reporters.JUnitReportReporter -->
<testsuite hostname="spirals-vortex.lille.inria.fr" name="org.molgenis.security.token.RunAsUserTokenFactoryTest" tests="2" failures="0" timestamp="1 Jun 2018 10:51:51 GMT" time="0.011" errors="0">
  <testcase name="testTokenForEnabledUser" time="0.001" classname="org.molgenis.security.token.RunAsUserTokenFactoryTest"/>
  <testcase name="testTokenForDisabledUser" time="0.010" classname="org.molgenis.security.token.RunAsUserTokenFactoryTest"/>
</testsuite> <!-- org.molgenis.security.token.RunAsUserTokenFactoryTest -->
