<?xml version="1.0" encoding="UTF-8"?>
<!-- Generated by org.testng.reporters.JUnitReportReporter -->
<testsuite hostname="spirals-vortex.lille.inria.fr" name="org.molgenis.security.token.DataServiceTokenServiceTest" tests="4" failures="0" timestamp="1 Jun 2018 11:17:55 GMT" time="0.067" errors="0">
  <testcase name="findUserByToken" time="0.037" classname="org.molgenis.security.token.DataServiceTokenServiceTest"/>
  <testcase name="generateAndStoreToken" time="0.029" classname="org.molgenis.security.token.DataServiceTokenServiceTest"/>
  <testcase name="removeToken" time="0.000" classname="org.molgenis.security.token.DataServiceTokenServiceTest"/>
  <testcase name="findUserByTokenExpired" time="0.001" classname="org.molgenis.security.token.DataServiceTokenServiceTest"/>
</testsuite> <!-- org.molgenis.security.token.DataServiceTokenServiceTest -->
