<?xml version="1.0" encoding="UTF-8"?>
<!-- Generated by org.testng.reporters.JUnitReportReporter -->
<testsuite hostname="spirals-vortex.lille.inria.fr" name="org.molgenis.security.permission.PrincipalSecurityContextRegistryImplTest" tests="3" failures="0" timestamp="30 May 2018 12:45:41 GMT" time="0.049" errors="0">
  <testcase name="testGetSecurityContextsUserThreadSessions" time="0.022" classname="org.molgenis.security.permission.PrincipalSecurityContextRegistryImplTest"/>
  <testcase name="testGetSecurityContextsUserThreadNoUserSessions" time="0.003" classname="org.molgenis.security.permission.PrincipalSecurityContextRegistryImplTest"/>
  <testcase name="testGetSecurityContextsNoUserThreadNoUserSessions" time="0.024" classname="org.molgenis.security.permission.PrincipalSecurityContextRegistryImplTest"/>
</testsuite> <!-- org.molgenis.security.permission.PrincipalSecurityContextRegistryImplTest -->
