<?xml version="1.0" encoding="UTF-8"?>
<!-- Generated by org.testng.reporters.JUnitReportReporter -->
<testsuite hostname="spirals-vortex.lille.inria.fr" name="org.molgenis.security.captcha.CaptchaServiceTest" tests="3" failures="0" timestamp="30 May 2018 12:45:41 GMT" time="0.144" errors="0">
  <testcase name="validateCaptcha_noCaptcha" time="0.000" classname="org.molgenis.security.captcha.CaptchaServiceTest"/>
  <testcase name="createCaptcha" time="0.142" classname="org.molgenis.security.captcha.CaptchaServiceTest"/>
  <testcase name="validateCaptcha" time="0.002" classname="org.molgenis.security.captcha.CaptchaServiceTest"/>
</testsuite> <!-- org.molgenis.security.captcha.CaptchaServiceTest -->
