<?xml version="1.0" encoding="UTF-8"?>
<!-- Generated by org.testng.reporters.JUnitReportReporter -->
<testsuite hostname="spirals-vortex.lille.inria.fr" name="org.molgenis.security.user.UserAccountServiceImplTest" tests="5" failures="0" timestamp="1 Jun 2018 11:17:55 GMT" time="0.031" errors="0">
  <testcase name="validateCurrentUserPassword" time="0.003" classname="org.molgenis.security.user.UserAccountServiceImplTest"/>
  <testcase name="getCurrentUser" time="0.012" classname="org.molgenis.security.user.UserAccountServiceImplTest"/>
  <testcase name="updateCurrentUser_changePassword" time="0.003" classname="org.molgenis.security.user.UserAccountServiceImplTest"/>
  <testcase name="updateCurrentUser" time="0.012" classname="org.molgenis.security.user.UserAccountServiceImplTest"/>
  <testcase name="updateCurrentUser_wrongUser" time="0.001" classname="org.molgenis.security.user.UserAccountServiceImplTest"/>
</testsuite> <!-- org.molgenis.security.user.UserAccountServiceImplTest -->
