<?xml version="1.0" encoding="UTF-8"?>
<!-- Generated by org.testng.reporters.JUnitReportReporter -->
<testsuite hostname="spirals-vortex.lille.inria.fr" name="org.molgenis.security.AjaxAwareLoginUrlAuthenticationEntryPointTest" tests="3" failures="0" timestamp="30 May 2018 12:45:41 GMT" time="0.048" errors="0">
  <testcase name="testCommenceOther" time="0.042" classname="org.molgenis.security.AjaxAwareLoginUrlAuthenticationEntryPointTest"/>
  <testcase name="testCommencePreflight" time="0.000" classname="org.molgenis.security.AjaxAwareLoginUrlAuthenticationEntryPointTest"/>
  <testcase name="testCommenceRest" time="0.006" classname="org.molgenis.security.AjaxAwareLoginUrlAuthenticationEntryPointTest"/>
</testsuite> <!-- org.molgenis.security.AjaxAwareLoginUrlAuthenticationEntryPointTest -->
