<?xml version="1.0" encoding="UTF-8"?>
<!-- Generated by org.testng.reporters.JUnitReportReporter -->
<testsuite hostname="spirals-vortex.lille.inria.fr" name="org.molgenis.security.permission.PermissionSystemServiceImplTest" tests="2" failures="0" timestamp="30 May 2018 12:45:41 GMT" time="0.136" errors="0">
  <testcase name="testPermissionSystemService" time="0.002" classname="org.molgenis.security.permission.PermissionSystemServiceImplTest"/>
  <testcase name="giveUserEntityPermissions" time="0.134" classname="org.molgenis.security.permission.PermissionSystemServiceImplTest"/>
</testsuite> <!-- org.molgenis.security.permission.PermissionSystemServiceImplTest -->
