<?xml version="1.0" encoding="UTF-8"?>
<!-- Generated by org.testng.reporters.JUnitReportReporter -->
<testsuite hostname="spirals-vortex.lille.inria.fr" name="org.molgenis.security.account.AccountControllerTest" tests="13" failures="0" timestamp="30 May 2018 13:31:11 GMT" time="1.946" errors="0">
  <testcase name="registerUser_passwordNotEqualsConfirmPassword" time="0.062" classname="org.molgenis.security.account.AccountControllerTest"/>
  <testcase name="getPasswordResetForm" time="0.023" classname="org.molgenis.security.account.AccountControllerTest"/>
  <testcase name="registerUser_invalidUserField" time="0.068" classname="org.molgenis.security.account.AccountControllerTest"/>
  <testcase name="registerUser_invalidCaptcha" time="0.038" classname="org.molgenis.security.account.AccountControllerTest"/>
  <testcase name="registerUser_activationModeAdmin" time="0.222" classname="org.molgenis.security.account.AccountControllerTest"/>
  <testcase name="activateUserMolgenisUserException" time="0.025" classname="org.molgenis.security.account.AccountControllerTest"/>
  <testcase name="registerUser_activationModeUser" time="0.064" classname="org.molgenis.security.account.AccountControllerTest"/>
  <testcase name="registerUser_activationModeUserProxy" time="0.045" classname="org.molgenis.security.account.AccountControllerTest"/>
  <testcase name="resetPassword" time="0.027" classname="org.molgenis.security.account.AccountControllerTest"/>
  <testcase name="registerUser_activationModeUserProxyWithScheme" time="0.039" classname="org.molgenis.security.account.AccountControllerTest"/>
  <testcase name="getRegisterForm" time="0.032" classname="org.molgenis.security.account.AccountControllerTest"/>
  <testcase name="getLoginForm" time="1.172" classname="org.molgenis.security.account.AccountControllerTest"/>
  <testcase name="activateUser" time="0.129" classname="org.molgenis.security.account.AccountControllerTest"/>
</testsuite> <!-- org.molgenis.security.account.AccountControllerTest -->
