<?xml version="1.0" encoding="UTF-8"?>
<!-- Generated by org.testng.reporters.JUnitReportReporter -->
<testsuite hostname="spirals-vortex.lille.inria.fr" name="org.molgenis.security.google.GoogleAuthenticationProcessingFilterTest" tests="3" failures="0" timestamp="30 May 2018 13:31:11 GMT" time="0.069" errors="0">
  <testcase name="attemptAuthenticationMissingToken" time="0.001" classname="org.molgenis.security.google.GoogleAuthenticationProcessingFilterTest"/>
  <testcase name="GoogleAuthenticationProcessingFilter" time="0.001" classname="org.molgenis.security.google.GoogleAuthenticationProcessingFilterTest"/>
  <testcase name="attemptAuthenticationGoogleSignInDisabled" time="0.067" classname="org.molgenis.security.google.GoogleAuthenticationProcessingFilterTest"/>
</testsuite> <!-- org.molgenis.security.google.GoogleAuthenticationProcessingFilterTest -->
