<?xml version="1.0" encoding="UTF-8"?>
<!-- Generated by org.testng.reporters.JUnitReportReporter -->
<testsuite hostname="spirals-vortex.lille.inria.fr" name="org.molgenis.security.captcha.CaptchaServiceTest" tests="3" failures="0" timestamp="1 Jun 2018 10:51:51 GMT" time="0.141" errors="0">
  <testcase name="validateCaptcha" time="0.002" classname="org.molgenis.security.captcha.CaptchaServiceTest"/>
  <testcase name="validateCaptcha_noCaptcha" time="0.002" classname="org.molgenis.security.captcha.CaptchaServiceTest"/>
  <testcase name="createCaptcha" time="0.137" classname="org.molgenis.security.captcha.CaptchaServiceTest"/>
</testsuite> <!-- org.molgenis.security.captcha.CaptchaServiceTest -->
