<?xml version="1.0" encoding="UTF-8"?>
<!-- Generated by org.testng.reporters.JUnitReportReporter -->
<testsuite hostname="spirals-vortex.lille.inria.fr" name="org.molgenis.security.permission.SecurityContextRegistryImplTest" tests="7" failures="0" timestamp="30 May 2018 12:45:41 GMT" time="0.028" errors="0">
  <testcase name="testHandleHttpSessionDestroyedEvent" time="0.001" classname="org.molgenis.security.permission.SecurityContextRegistryImplTest"/>
  <testcase name="testGetSecurityContextFromSessionWithoutSecurityContext" time="0.001" classname="org.molgenis.security.permission.SecurityContextRegistryImplTest"/>
  <testcase name="testGetSecurityContexts" time="0.003" classname="org.molgenis.security.permission.SecurityContextRegistryImplTest"/>
  <testcase name="testGetSecurityContextFromSessionWithSecurityContext" time="0.001" classname="org.molgenis.security.permission.SecurityContextRegistryImplTest"/>
  <testcase name="testGetSecurityContextFromSessionUnexpectedValue" time="0.016" classname="org.molgenis.security.permission.SecurityContextRegistryImplTest"/>
  <testcase name="testGetSecurityContextInvalidatedSession" time="0.005" classname="org.molgenis.security.permission.SecurityContextRegistryImplTest"/>
  <testcase name="testGetSecurityContextUnknownSessionId" time="0.001" classname="org.molgenis.security.permission.SecurityContextRegistryImplTest"/>
</testsuite> <!-- org.molgenis.security.permission.SecurityContextRegistryImplTest -->
