<?xml version="1.0" encoding="UTF-8"?>
<!-- Generated by org.testng.reporters.JUnitReportReporter -->
<testsuite hostname="spirals-vortex.lille.inria.fr" name="org.molgenis.security.permission.PrincipalSecurityContextRegistryImplTest" tests="3" failures="0" timestamp="30 May 2018 13:31:11 GMT" time="0.030" errors="0">
  <testcase name="testGetSecurityContextsNoUserThreadNoUserSessions" time="0.024" classname="org.molgenis.security.permission.PrincipalSecurityContextRegistryImplTest"/>
  <testcase name="testGetSecurityContextsUserThreadNoUserSessions" time="0.002" classname="org.molgenis.security.permission.PrincipalSecurityContextRegistryImplTest"/>
  <testcase name="testGetSecurityContextsUserThreadSessions" time="0.004" classname="org.molgenis.security.permission.PrincipalSecurityContextRegistryImplTest"/>
</testsuite> <!-- org.molgenis.security.permission.PrincipalSecurityContextRegistryImplTest -->
