<?xml version="1.0" encoding="UTF-8"?>
<!-- Generated by org.testng.reporters.JUnitReportReporter -->
<testsuite hostname="spirals-vortex.lille.inria.fr" name="org.molgenis.security.twofactor.service.RecoveryServiceImplTest" tests="3" failures="0" timestamp="30 May 2018 12:45:41 GMT" time="0.053" errors="0">
  <testcase name="testGetRecoveryCodes" time="0.033" classname="org.molgenis.security.twofactor.service.RecoveryServiceImplTest"/>
  <testcase name="testUseRecoveryCode" time="0.006" classname="org.molgenis.security.twofactor.service.RecoveryServiceImplTest"/>
  <testcase name="testGenerateRecoveryCodes" time="0.014" classname="org.molgenis.security.twofactor.service.RecoveryServiceImplTest"/>
</testsuite> <!-- org.molgenis.security.twofactor.service.RecoveryServiceImplTest -->
