<?xml version="1.0" encoding="UTF-8"?>
<!-- Generated by org.testng.reporters.JUnitReportReporter -->
<testsuite hostname="spirals-vortex.lille.inria.fr" name="org.molgenis.security.token.RunAsUserTokenFactoryTest" tests="2" failures="0" timestamp="1 Jun 2018 11:17:55 GMT" time="0.009" errors="0">
  <testcase name="testTokenForDisabledUser" time="0.002" classname="org.molgenis.security.token.RunAsUserTokenFactoryTest"/>
  <testcase name="testTokenForEnabledUser" time="0.007" classname="org.molgenis.security.token.RunAsUserTokenFactoryTest"/>
</testsuite> <!-- org.molgenis.security.token.RunAsUserTokenFactoryTest -->
