<?xml version="1.0" encoding="UTF-8"?>
<!-- Generated by org.testng.reporters.JUnitReportReporter -->
<testsuite hostname="spirals-vortex.lille.inria.fr" name="org.molgenis.security.acl.SidUtilsTest" tests="4" failures="0" timestamp="30 May 2018 12:45:41 GMT" time="0.001" errors="0">
  <testcase name="testCreateSidUser" time="0.000" classname="org.molgenis.security.acl.SidUtilsTest"/>
  <testcase name="testCreateRoleAuthority" time="0.000" classname="org.molgenis.security.acl.SidUtilsTest"/>
  <testcase name="testCreateSidRole" time="0.001" classname="org.molgenis.security.acl.SidUtilsTest"/>
  <testcase name="testCreateSidUsernameAnonymous" time="0.000" classname="org.molgenis.security.acl.SidUtilsTest"/>
</testsuite> <!-- org.molgenis.security.acl.SidUtilsTest -->
