<?xml version="1.0" encoding="UTF-8"?>
<!-- Generated by org.testng.reporters.JUnitReportReporter -->
<testsuite hostname="spirals-vortex.lille.inria.fr" name="org.molgenis.security.twofactor.auth.TwoFactorAuthenticationProviderTest" tests="3" failures="0" timestamp="30 May 2018 13:31:11 GMT" time="0.006" errors="0">
  <testcase name="testAuthenticateInvalidToken" time="0.000" classname="org.molgenis.security.twofactor.auth.TwoFactorAuthenticationProviderTest"/>
  <testcase name="testAuthentication2faIsConfigured" time="0.002" classname="org.molgenis.security.twofactor.auth.TwoFactorAuthenticationProviderTest"/>
  <testcase name="testAuthentication2fIsNotConfigured" time="0.004" classname="org.molgenis.security.twofactor.auth.TwoFactorAuthenticationProviderTest"/>
</testsuite> <!-- org.molgenis.security.twofactor.auth.TwoFactorAuthenticationProviderTest -->
