<?xml version="1.0" encoding="UTF-8"?>
<!-- Generated by org.testng.reporters.JUnitReportReporter -->
<testsuite hostname="spirals-vortex.lille.inria.fr" name="org.molgenis.security.permission.PrincipalSecurityContextRegistryImplTest" tests="3" failures="0" timestamp="1 Jun 2018 10:51:51 GMT" time="0.063" errors="0">
  <testcase name="testGetSecurityContextsNoUserThreadNoUserSessions" time="0.039" classname="org.molgenis.security.permission.PrincipalSecurityContextRegistryImplTest"/>
  <testcase name="testGetSecurityContextsUserThreadSessions" time="0.021" classname="org.molgenis.security.permission.PrincipalSecurityContextRegistryImplTest"/>
  <testcase name="testGetSecurityContextsUserThreadNoUserSessions" time="0.003" classname="org.molgenis.security.permission.PrincipalSecurityContextRegistryImplTest"/>
</testsuite> <!-- org.molgenis.security.permission.PrincipalSecurityContextRegistryImplTest -->
