<?xml version="1.0" encoding="UTF-8"?>
<!-- Generated by org.testng.reporters.JUnitReportReporter -->
<testsuite hostname="spirals-vortex.lille.inria.fr" name="org.molgenis.security.freemarker.HasPermissionDirectiveTest" tests="2" failures="0" timestamp="30 May 2018 12:45:41 GMT" time="0.269" errors="0">
  <testcase name="executeWithPermission" time="0.036" classname="org.molgenis.security.freemarker.HasPermissionDirectiveTest"/>
  <testcase name="executeWithoutPermission" time="0.233" classname="org.molgenis.security.freemarker.HasPermissionDirectiveTest"/>
</testsuite> <!-- org.molgenis.security.freemarker.HasPermissionDirectiveTest -->
