<?xml version="1.0" encoding="UTF-8"?>
<!-- Generated by org.testng.reporters.JUnitReportReporter -->
<testsuite hostname="spirals-vortex.lille.inria.fr" name="org.molgenis.security.captcha.CaptchaControllerTest" tests="5" failures="0" timestamp="30 May 2018 12:45:41 GMT" time="0.161" errors="0">
  <testcase name="getCaptcha" time="0.033" classname="org.molgenis.security.captcha.CaptchaControllerTest"/>
  <testcase name="validateCaptchaFromForm_valid" time="0.023" classname="org.molgenis.security.captcha.CaptchaControllerTest"/>
  <testcase name="validateCaptcha_valid" time="0.053" classname="org.molgenis.security.captcha.CaptchaControllerTest"/>
  <testcase name="validateCaptchaFromForm_invalid" time="0.022" classname="org.molgenis.security.captcha.CaptchaControllerTest"/>
  <testcase name="validateCaptcha_invalid" time="0.030" classname="org.molgenis.security.captcha.CaptchaControllerTest"/>
</testsuite> <!-- org.molgenis.security.captcha.CaptchaControllerTest -->
