<?xml version="1.0" encoding="UTF-8"?>
<!-- Generated by org.testng.reporters.JUnitReportReporter -->
<testsuite hostname="spirals-vortex.lille.inria.fr" name="org.molgenis.security.twofactor.service.RecoveryServiceImplTest" tests="3" failures="0" timestamp="1 Jun 2018 10:51:51 GMT" time="0.115" errors="0">
  <testcase name="testGetRecoveryCodes" time="0.001" classname="org.molgenis.security.twofactor.service.RecoveryServiceImplTest"/>
  <testcase name="testUseRecoveryCode" time="0.024" classname="org.molgenis.security.twofactor.service.RecoveryServiceImplTest"/>
  <testcase name="testGenerateRecoveryCodes" time="0.090" classname="org.molgenis.security.twofactor.service.RecoveryServiceImplTest"/>
</testsuite> <!-- org.molgenis.security.twofactor.service.RecoveryServiceImplTest -->
