<?xml version="1.0" encoding="UTF-8"?>
<!-- Generated by org.testng.reporters.JUnitReportReporter -->
<testsuite hostname="spirals-vortex.lille.inria.fr" name="org.molgenis.security.permission.MolgenisPermissionControllerTest" tests="5" failures="0" timestamp="1 Jun 2018 11:17:55 GMT" time="0.013" errors="0">
  <testcase name="hasReadPermissionFalse" time="0.012" classname="org.molgenis.security.permission.MolgenisPermissionControllerTest"/>
  <testcase name="MolgenisPermissionController" time="0.000" classname="org.molgenis.security.permission.MolgenisPermissionControllerTest"/>
  <testcase name="hasReadPermissionTrue" time="0.000" classname="org.molgenis.security.permission.MolgenisPermissionControllerTest"/>
  <testcase name="hasWritePermissionTrue" time="0.001" classname="org.molgenis.security.permission.MolgenisPermissionControllerTest"/>
  <testcase name="hasWritePermissionFalse" time="0.000" classname="org.molgenis.security.permission.MolgenisPermissionControllerTest"/>
</testsuite> <!-- org.molgenis.security.permission.MolgenisPermissionControllerTest -->
