<?xml version="1.0" encoding="UTF-8"?>
<!-- Generated by org.testng.reporters.JUnitReportReporter -->
<testsuite hostname="spirals-vortex.lille.inria.fr" name="org.molgenis.security.twofactor.auth.RecoveryAuthenticationProviderTest" tests="2" failures="0" timestamp="30 May 2018 12:45:41 GMT" time="0.004" errors="0">
  <testcase name="testAuthentication" time="0.003" classname="org.molgenis.security.twofactor.auth.RecoveryAuthenticationProviderTest"/>
  <testcase name="testAuthenticateInvalidToken" time="0.001" classname="org.molgenis.security.twofactor.auth.RecoveryAuthenticationProviderTest"/>
</testsuite> <!-- org.molgenis.security.twofactor.auth.RecoveryAuthenticationProviderTest -->
