<?xml version="1.0" encoding="UTF-8"?>
<!-- Generated by org.testng.reporters.JUnitReportReporter -->
<testsuite hostname="spirals-vortex.lille.inria.fr" name="org.molgenis.security.account.AccountServiceImplTest" tests="7" failures="0" timestamp="1 Jun 2018 10:51:51 GMT" time="0.032" errors="0">
  <testcase name="activateUser_invalidActivationCode" time="0.001" classname="org.molgenis.security.account.AccountServiceImplTest"/>
  <testcase name="resetPassword_invalidEmailAddress" time="0.001" classname="org.molgenis.security.account.AccountServiceImplTest"/>
  <testcase name="changePassword" time="0.015" classname="org.molgenis.security.account.AccountServiceImplTest"/>
  <testcase name="createUser" time="0.005" classname="org.molgenis.security.account.AccountServiceImplTest"/>
  <testcase name="activateUser_alreadyActivated" time="0.003" classname="org.molgenis.security.account.AccountServiceImplTest"/>
  <testcase name="activateUser" time="0.005" classname="org.molgenis.security.account.AccountServiceImplTest"/>
  <testcase name="resetPassword" time="0.002" classname="org.molgenis.security.account.AccountServiceImplTest"/>
</testsuite> <!-- org.molgenis.security.account.AccountServiceImplTest -->
