<?xml version="1.0" encoding="UTF-8"?>
<!-- Generated by org.testng.reporters.JUnitReportReporter -->
<testsuite hostname="spirals-vortex.lille.inria.fr" name="org.molgenis.security.permission.MolgenisPermissionControllerTest" tests="5" failures="0" timestamp="30 May 2018 12:45:41 GMT" time="0.014" errors="0">
  <testcase name="hasReadPermissionTrue" time="0.000" classname="org.molgenis.security.permission.MolgenisPermissionControllerTest"/>
  <testcase name="hasWritePermissionFalse" time="0.000" classname="org.molgenis.security.permission.MolgenisPermissionControllerTest"/>
  <testcase name="MolgenisPermissionController" time="0.001" classname="org.molgenis.security.permission.MolgenisPermissionControllerTest"/>
  <testcase name="hasReadPermissionFalse" time="0.004" classname="org.molgenis.security.permission.MolgenisPermissionControllerTest"/>
  <testcase name="hasWritePermissionTrue" time="0.009" classname="org.molgenis.security.permission.MolgenisPermissionControllerTest"/>
</testsuite> <!-- org.molgenis.security.permission.MolgenisPermissionControllerTest -->
