<?xml version="1.0" encoding="UTF-8"?>
<!-- Generated by org.testng.reporters.JUnitReportReporter -->
<testsuite hostname="spirals-vortex.lille.inria.fr" name="org.molgenis.security.twofactor.auth.TwoFactorAuthenticationFilterTest" tests="5" failures="0" timestamp="1 Jun 2018 10:51:51 GMT" time="0.037" errors="0">
  <testcase name="testDoFilterInternalNotAuthenticated" time="0.028" classname="org.molgenis.security.twofactor.auth.TwoFactorAuthenticationFilterTest"/>
  <testcase name="testDoFilterInternalRecoveryAuthenticated" time="0.003" classname="org.molgenis.security.twofactor.auth.TwoFactorAuthenticationFilterTest"/>
  <testcase name="testDoFilterInternalIsNotConfigured" time="0.001" classname="org.molgenis.security.twofactor.auth.TwoFactorAuthenticationFilterTest"/>
  <testcase name="testDoFilterInternalIsConfigured" time="0.004" classname="org.molgenis.security.twofactor.auth.TwoFactorAuthenticationFilterTest"/>
  <testcase name="testDoFilterInternalIsConfiguredChangePassword" time="0.001" classname="org.molgenis.security.twofactor.auth.TwoFactorAuthenticationFilterTest"/>
</testsuite> <!-- org.molgenis.security.twofactor.auth.TwoFactorAuthenticationFilterTest -->
