<?xml version="1.0" encoding="UTF-8"?>
<!-- Generated by org.testng.reporters.JUnitReportReporter -->
<testsuite hostname="spirals-vortex.lille.inria.fr" name="org.molgenis.security.token.TokenAuthenticationProviderTest" tests="2" failures="0" timestamp="30 May 2018 12:45:41 GMT" time="0.013" errors="0">
  <testcase name="authenticate" time="0.012" classname="org.molgenis.security.token.TokenAuthenticationProviderTest"/>
  <testcase name="authenticateInvalidToken" time="0.001" classname="org.molgenis.security.token.TokenAuthenticationProviderTest"/>
</testsuite> <!-- org.molgenis.security.token.TokenAuthenticationProviderTest -->
