<?xml version="1.0" encoding="UTF-8"?>
<!-- Generated by org.testng.reporters.JUnitReportReporter -->
<testsuite hostname="spirals-vortex.lille.inria.fr" name="org.molgenis.security.twofactor.auth.TwoFactorAuthenticationFilterTest" tests="5" failures="0" timestamp="30 May 2018 13:31:11 GMT" time="0.045" errors="0">
  <testcase name="testDoFilterInternalIsConfiguredChangePassword" time="0.002" classname="org.molgenis.security.twofactor.auth.TwoFactorAuthenticationFilterTest"/>
  <testcase name="testDoFilterInternalRecoveryAuthenticated" time="0.035" classname="org.molgenis.security.twofactor.auth.TwoFactorAuthenticationFilterTest"/>
  <testcase name="testDoFilterInternalNotAuthenticated" time="0.001" classname="org.molgenis.security.twofactor.auth.TwoFactorAuthenticationFilterTest"/>
  <testcase name="testDoFilterInternalIsNotConfigured" time="0.002" classname="org.molgenis.security.twofactor.auth.TwoFactorAuthenticationFilterTest"/>
  <testcase name="testDoFilterInternalIsConfigured" time="0.005" classname="org.molgenis.security.twofactor.auth.TwoFactorAuthenticationFilterTest"/>
</testsuite> <!-- org.molgenis.security.twofactor.auth.TwoFactorAuthenticationFilterTest -->
