<?xml version="1.0" encoding="UTF-8"?>
<!-- Generated by org.testng.reporters.JUnitReportReporter -->
<testsuite hostname="spirals-vortex.lille.inria.fr" name="org.molgenis.security.acl.MutableAclClassServiceImplTest" tests="5" failures="0" timestamp="30 May 2018 12:45:41 GMT" time="0.263" errors="0">
  <testcase name="testHasAclClassFalseCached" time="0.006" classname="org.molgenis.security.acl.MutableAclClassServiceImplTest"/>
  <testcase name="testHasAclClassTrueWithAclClassCacheInvalidation" time="0.005" classname="org.molgenis.security.acl.MutableAclClassServiceImplTest"/>
  <testcase name="testDeleteAclClass" time="0.248" classname="org.molgenis.security.acl.MutableAclClassServiceImplTest"/>
  <testcase name="testGetAclClassTypes" time="0.001" classname="org.molgenis.security.acl.MutableAclClassServiceImplTest"/>
  <testcase name="testCreateAclClass" time="0.003" classname="org.molgenis.security.acl.MutableAclClassServiceImplTest"/>
</testsuite> <!-- org.molgenis.security.acl.MutableAclClassServiceImplTest -->
