<?xml version="1.0" encoding="UTF-8"?>
<!-- Generated by org.testng.reporters.JUnitReportReporter -->
<testsuite hostname="spirals-vortex.lille.inria.fr" name="org.molgenis.security.permission.PermissionSystemServiceImplTest" tests="2" failures="0" timestamp="1 Jun 2018 10:51:51 GMT" time="0.294" errors="0">
  <testcase name="testPermissionSystemService" time="0.003" classname="org.molgenis.security.permission.PermissionSystemServiceImplTest"/>
  <testcase name="giveUserEntityPermissions" time="0.291" classname="org.molgenis.security.permission.PermissionSystemServiceImplTest"/>
</testsuite> <!-- org.molgenis.security.permission.PermissionSystemServiceImplTest -->
