<?xml version="1.0" encoding="UTF-8"?>
<!-- Generated by org.testng.reporters.JUnitReportReporter -->
<testsuite hostname="spirals-vortex.lille.inria.fr" name="org.molgenis.security.token.DataServiceTokenServiceTest" tests="4" failures="0" timestamp="1 Jun 2018 10:51:51 GMT" time="0.108" errors="0">
  <testcase name="generateAndStoreToken" time="0.004" classname="org.molgenis.security.token.DataServiceTokenServiceTest"/>
  <testcase name="removeToken" time="0.002" classname="org.molgenis.security.token.DataServiceTokenServiceTest"/>
  <testcase name="findUserByTokenExpired" time="0.002" classname="org.molgenis.security.token.DataServiceTokenServiceTest"/>
  <testcase name="findUserByToken" time="0.100" classname="org.molgenis.security.token.DataServiceTokenServiceTest"/>
</testsuite> <!-- org.molgenis.security.token.DataServiceTokenServiceTest -->
