<?xml version="1.0" encoding="UTF-8"?>
<!-- Generated by org.testng.reporters.JUnitReportReporter -->
<testsuite hostname="spirals-vortex.lille.inria.fr" name="org.molgenis.security.twofactor.service.OtpServiceImplTest" tests="2" failures="0" timestamp="1 Jun 2018 11:17:55 GMT" time="0.003" errors="0">
  <testcase name="testGetAuthenticatorURI" time="0.001" classname="org.molgenis.security.twofactor.service.OtpServiceImplTest"/>
  <testcase name="testTryVerificationKeyFailed" time="0.002" classname="org.molgenis.security.twofactor.service.OtpServiceImplTest"/>
</testsuite> <!-- org.molgenis.security.twofactor.service.OtpServiceImplTest -->
