<?xml version="1.0" encoding="UTF-8"?>
<!-- Generated by org.testng.reporters.JUnitReportReporter -->
<testsuite hostname="spirals-vortex.lille.inria.fr" name="org.molgenis.security.token.RunAsUserTokenFactoryTest" tests="2" failures="0" timestamp="30 May 2018 12:45:41 GMT" time="0.155" errors="0">
  <testcase name="testTokenForDisabledUser" time="0.078" classname="org.molgenis.security.token.RunAsUserTokenFactoryTest"/>
  <testcase name="testTokenForEnabledUser" time="0.077" classname="org.molgenis.security.token.RunAsUserTokenFactoryTest"/>
</testsuite> <!-- org.molgenis.security.token.RunAsUserTokenFactoryTest -->
