<?xml version="1.0" encoding="UTF-8"?>
<!-- Generated by org.testng.reporters.JUnitReportReporter -->
<testsuite hostname="spirals-vortex.lille.inria.fr" name="org.molgenis.security.token.DataServiceTokenServiceTest" tests="4" failures="0" timestamp="30 May 2018 12:45:41 GMT" time="0.253" errors="0">
  <testcase name="removeToken" time="0.126" classname="org.molgenis.security.token.DataServiceTokenServiceTest"/>
  <testcase name="findUserByToken" time="0.118" classname="org.molgenis.security.token.DataServiceTokenServiceTest"/>
  <testcase name="findUserByTokenExpired" time="0.002" classname="org.molgenis.security.token.DataServiceTokenServiceTest"/>
  <testcase name="generateAndStoreToken" time="0.007" classname="org.molgenis.security.token.DataServiceTokenServiceTest"/>
</testsuite> <!-- org.molgenis.security.token.DataServiceTokenServiceTest -->
