<?xml version="1.0" encoding="UTF-8"?>
<!-- Generated by org.testng.reporters.JUnitReportReporter -->
<testsuite hostname="spirals-vortex.lille.inria.fr" name="org.molgenis.security.acl.AclCacheTransactionListenerTest" tests="2" failures="0" timestamp="30 May 2018 13:31:11 GMT" time="0.026" errors="0">
  <testcase name="testAclCacheTransactionListener" time="0.001" classname="org.molgenis.security.acl.AclCacheTransactionListenerTest"/>
  <testcase name="testRollbackTransaction" time="0.025" classname="org.molgenis.security.acl.AclCacheTransactionListenerTest"/>
</testsuite> <!-- org.molgenis.security.acl.AclCacheTransactionListenerTest -->
