<?xml version="1.0" encoding="UTF-8"?>
<testsuite name="org.postgresql.test.jdbc4.Jdbc4TestSuite" time="0.003" tests="267" errors="250" skipped="0" failures="0">
  <properties>
    <property name="java.runtime.name" value="OpenJDK Runtime Environment"/>
    <property name="sun.boot.library.path" value="/usr/lib/jvm/java-8-openjdk-amd64/jre/lib/amd64"/>
    <property name="java.vm.version" value="25.121-b13"/>
    <property name="java.vm.vendor" value="Oracle Corporation"/>
    <property name="maven.multiModuleProjectDirectory" value="/root/workspace/pgjdbc/pgjdbc/384779939"/>
    <property name="java.vendor.url" value="http://java.oracle.com/"/>
    <property name="path.separator" value=":"/>
    <property name="guice.disable.misplaced.annotation.check" value="true"/>
    <property name="skip.gulp" value="true"/>
    <property name="java.vm.name" value="OpenJDK 64-Bit Server VM"/>
    <property name="file.encoding.pkg" value="sun.io"/>
    <property name="sun.java.launcher" value="SUN_STANDARD"/>
    <property name="sun.os.patch.level" value="unknown"/>
    <property name="findbugs.skip" value="true"/>
    <property name="java.vm.specification.name" value="Java Virtual Machine Specification"/>
    <property name="user.dir" value="/root/workspace/pgjdbc/pgjdbc/384779939"/>
    <property name="checkstyle.skip" value="true"/>
    <property name="java.runtime.version" value="1.8.0_121-8u121-b13-1~bpo8+1-b13"/>
    <property name="java.awt.graphicsenv" value="sun.awt.X11GraphicsEnvironment"/>
    <property name="skip.npm" value="true"/>
    <property name="java.endorsed.dirs" value="/usr/lib/jvm/java-8-openjdk-amd64/jre/lib/endorsed"/>
    <property name="os.arch" value="amd64"/>
    <property name="java.io.tmpdir" value="/tmp"/>
    <property name="gpg.skip" value="true"/>
    <property name="line.separator" value="&#10;"/>
    <property name="java.vm.specification.vendor" value="Oracle Corporation"/>
    <property name="cobertura.skip" value="true"/>
    <property name="os.name" value="Linux"/>
    <property name="classworlds.conf" value="/usr/share/maven/bin/m2.conf"/>
    <property name="sun.jnu.encoding" value="UTF-8"/>
    <property name="java.library.path" value="/usr/java/packages/lib/amd64:/usr/lib/x86_64-linux-gnu/jni:/lib/x86_64-linux-gnu:/usr/lib/x86_64-linux-gnu:/usr/lib/jni:/lib:/usr/lib"/>
    <property name="license.skip" value="true"/>
    <property name="java.specification.name" value="Java Platform API Specification"/>
    <property name="java.class.version" value="52.0"/>
    <property name="sun.management.compiler" value="HotSpot 64-Bit Tiered Compilers"/>
    <property name="skip.bower" value="true"/>
    <property name="maven.repo.local" value="/root/./workspace/pgjdbc/pgjdbc/384779939/.m2"/>
    <property name="os.version" value="3.10.0-862.2.3.el7.x86_64"/>
    <property name="user.home" value="/root"/>
    <property name="user.timezone" value="Europe/Paris"/>
    <property name="java.awt.printerjob" value="sun.print.PSPrinterJob"/>
    <property name="java.specification.version" value="1.8"/>
    <property name="file.encoding" value="UTF-8"/>
    <property name="user.name" value="root"/>
    <property name="java.class.path" value="/usr/share/maven/boot/plexus-classworlds-2.5.2.jar"/>
    <property name="skipITs" value="true"/>
    <property name="java.vm.specification.version" value="1.8"/>
    <property name="sun.arch.data.model" value="64"/>
    <property name="java.home" value="/usr/lib/jvm/java-8-openjdk-amd64/jre"/>
    <property name="sun.java.command" value="org.codehaus.plexus.classworlds.launcher.Launcher -B -D enforcer.skip=true -D dependency-check.skip=true -D skipITs=true -D cobertura.skip=true -D maven.repo.local=/root/./workspace/pgjdbc/pgjdbc/384779939/.m2 -D rat.skip=true -D findbugs.skip=true -D skip.bower=true -D gpg.skip=true -D checkstyle.skip=true -D skip.gulp=true -D license.skip=true -D skip.npm=true test"/>
    <property name="java.specification.vendor" value="Oracle Corporation"/>
    <property name="user.language" value="en"/>
    <property name="awt.toolkit" value="sun.awt.X11.XToolkit"/>
    <property name="dependency-check.skip" value="true"/>
    <property name="java.vm.info" value="mixed mode"/>
    <property name="java.version" value="1.8.0_121"/>
    <property name="java.ext.dirs" value="/usr/lib/jvm/java-8-openjdk-amd64/jre/lib/ext:/usr/java/packages/lib/ext"/>
    <property name="securerandom.source" value="file:/dev/./urandom"/>
    <property name="sun.boot.class.path" value="/usr/lib/jvm/java-8-openjdk-amd64/jre/lib/resources.jar:/usr/lib/jvm/java-8-openjdk-amd64/jre/lib/rt.jar:/usr/lib/jvm/java-8-openjdk-amd64/jre/lib/sunrsasign.jar:/usr/lib/jvm/java-8-openjdk-amd64/jre/lib/jsse.jar:/usr/lib/jvm/java-8-openjdk-amd64/jre/lib/jce.jar:/usr/lib/jvm/java-8-openjdk-amd64/jre/lib/charsets.jar:/usr/lib/jvm/java-8-openjdk-amd64/jre/lib/jfr.jar:/usr/lib/jvm/java-8-openjdk-amd64/jre/classes"/>
    <property name="java.vendor" value="Oracle Corporation"/>
    <property name="enforcer.skip" value="true"/>
    <property name="rat.skip" value="true"/>
    <property name="maven.home" value="/usr/share/maven"/>
    <property name="file.separator" value="/"/>
    <property name="java.vendor.url.bug" value="http://bugreport.sun.com/bugreport/"/>
    <property name="sun.cpu.endian" value="little"/>
    <property name="sun.io.unicode.encoding" value="UnicodeLittle"/>
    <property name="sun.cpu.isalist" value=""/>
  </properties>
  <testcase name="testGetSchemas" classname="org.postgresql.test.jdbc4.DatabaseMetaDataTest" time="0">
    <error message="Connection to localhost:5432 refused. Check that the hostname and port are correct and that the postmaster is accepting TCP/IP connections." type="org.postgresql.util.PSQLException"><![CDATA[org.postgresql.util.PSQLException: Connection to localhost:5432 refused. Check that the hostname and port are correct and that the postmaster is accepting TCP/IP connections.
	at java.net.PlainSocketImpl.socketConnect(Native Method)
	at java.net.AbstractPlainSocketImpl.doConnect(AbstractPlainSocketImpl.java:350)
	at java.net.AbstractPlainSocketImpl.connectToAddress(AbstractPlainSocketImpl.java:206)
	at java.net.AbstractPlainSocketImpl.connect(AbstractPlainSocketImpl.java:188)
	at java.net.SocksSocketImpl.connect(SocksSocketImpl.java:392)
	at java.net.Socket.connect(Socket.java:589)
	at org.postgresql.core.PGStream.<init>(PGStream.java:69)
	at org.postgresql.core.v3.ConnectionFactoryImpl.openConnectionImpl(ConnectionFactoryImpl.java:156)
	at org.postgresql.core.ConnectionFactory.openConnection(ConnectionFactory.java:49)
	at org.postgresql.jdbc.PgConnection.<init>(PgConnection.java:195)
	at org.postgresql.Driver.makeConnection(Driver.java:454)
	at org.postgresql.Driver.connect(Driver.java:256)
	at java.sql.DriverManager.getConnection(DriverManager.java:664)
	at java.sql.DriverManager.getConnection(DriverManager.java:208)
	at org.postgresql.test.TestUtil.openDB(TestUtil.java:312)
	at org.postgresql.test.TestUtil.openDB(TestUtil.java:277)
	at org.postgresql.test.jdbc4.DatabaseMetaDataTest.setUp(DatabaseMetaDataTest.java:37)
]]></error>
  </testcase>
  <testcase name="testGetSchemas" classname="org.postgresql.test.jdbc4.DatabaseMetaDataTest" time="0">
    <error type="java.lang.NullPointerException:">java.lang.NullPointerException: null
	at org.postgresql.test.TestUtil.dropSequence(TestUtil.java:502)
	at org.postgresql.test.jdbc4.DatabaseMetaDataTest.tearDown(DatabaseMetaDataTest.java:44)
</error>
  </testcase>
  <testcase name="testGetColumnsForAutoIncrement" classname="org.postgresql.test.jdbc4.DatabaseMetaDataTest" time="0">
    <error message="Connection to localhost:5432 refused. Check that the hostname and port are correct and that the postmaster is accepting TCP/IP connections." type="org.postgresql.util.PSQLException"><![CDATA[org.postgresql.util.PSQLException: Connection to localhost:5432 refused. Check that the hostname and port are correct and that the postmaster is accepting TCP/IP connections.
	at java.net.PlainSocketImpl.socketConnect(Native Method)
	at java.net.AbstractPlainSocketImpl.doConnect(AbstractPlainSocketImpl.java:350)
	at java.net.AbstractPlainSocketImpl.connectToAddress(AbstractPlainSocketImpl.java:206)
	at java.net.AbstractPlainSocketImpl.connect(AbstractPlainSocketImpl.java:188)
	at java.net.SocksSocketImpl.connect(SocksSocketImpl.java:392)
	at java.net.Socket.connect(Socket.java:589)
	at org.postgresql.core.PGStream.<init>(PGStream.java:69)
	at org.postgresql.core.v3.ConnectionFactoryImpl.openConnectionImpl(ConnectionFactoryImpl.java:156)
	at org.postgresql.core.ConnectionFactory.openConnection(ConnectionFactory.java:49)
	at org.postgresql.jdbc.PgConnection.<init>(PgConnection.java:195)
	at org.postgresql.Driver.makeConnection(Driver.java:454)
	at org.postgresql.Driver.connect(Driver.java:256)
	at java.sql.DriverManager.getConnection(DriverManager.java:664)
	at java.sql.DriverManager.getConnection(DriverManager.java:208)
	at org.postgresql.test.TestUtil.openDB(TestUtil.java:312)
	at org.postgresql.test.TestUtil.openDB(TestUtil.java:277)
	at org.postgresql.test.jdbc4.DatabaseMetaDataTest.setUp(DatabaseMetaDataTest.java:37)
]]></error>
  </testcase>
  <testcase name="testGetColumnsForAutoIncrement" classname="org.postgresql.test.jdbc4.DatabaseMetaDataTest" time="0">
    <error type="java.lang.NullPointerException:">java.lang.NullPointerException: null
	at org.postgresql.test.TestUtil.dropSequence(TestUtil.java:502)
	at org.postgresql.test.jdbc4.DatabaseMetaDataTest.tearDown(DatabaseMetaDataTest.java:44)
</error>
  </testcase>
  <testcase name="testGetFunctionsWithBlankPatterns" classname="org.postgresql.test.jdbc4.DatabaseMetaDataTest" time="0">
    <error message="Connection to localhost:5432 refused. Check that the hostname and port are correct and that the postmaster is accepting TCP/IP connections." type="org.postgresql.util.PSQLException"><![CDATA[org.postgresql.util.PSQLException: Connection to localhost:5432 refused. Check that the hostname and port are correct and that the postmaster is accepting TCP/IP connections.
	at java.net.PlainSocketImpl.socketConnect(Native Method)
	at java.net.AbstractPlainSocketImpl.doConnect(AbstractPlainSocketImpl.java:350)
	at java.net.AbstractPlainSocketImpl.connectToAddress(AbstractPlainSocketImpl.java:206)
	at java.net.AbstractPlainSocketImpl.connect(AbstractPlainSocketImpl.java:188)
	at java.net.SocksSocketImpl.connect(SocksSocketImpl.java:392)
	at java.net.Socket.connect(Socket.java:589)
	at org.postgresql.core.PGStream.<init>(PGStream.java:69)
	at org.postgresql.core.v3.ConnectionFactoryImpl.openConnectionImpl(ConnectionFactoryImpl.java:156)
	at org.postgresql.core.ConnectionFactory.openConnection(ConnectionFactory.java:49)
	at org.postgresql.jdbc.PgConnection.<init>(PgConnection.java:195)
	at org.postgresql.Driver.makeConnection(Driver.java:454)
	at org.postgresql.Driver.connect(Driver.java:256)
	at java.sql.DriverManager.getConnection(DriverManager.java:664)
	at java.sql.DriverManager.getConnection(DriverManager.java:208)
	at org.postgresql.test.TestUtil.openDB(TestUtil.java:312)
	at org.postgresql.test.TestUtil.openDB(TestUtil.java:277)
	at org.postgresql.test.jdbc4.DatabaseMetaDataTest.setUp(DatabaseMetaDataTest.java:37)
]]></error>
  </testcase>
  <testcase name="testGetFunctionsWithBlankPatterns" classname="org.postgresql.test.jdbc4.DatabaseMetaDataTest" time="0">
    <error type="java.lang.NullPointerException:">java.lang.NullPointerException: null
	at org.postgresql.test.TestUtil.dropSequence(TestUtil.java:502)
	at org.postgresql.test.jdbc4.DatabaseMetaDataTest.tearDown(DatabaseMetaDataTest.java:44)
</error>
  </testcase>
  <testcase name="testGetClientInfoProperties" classname="org.postgresql.test.jdbc4.DatabaseMetaDataTest" time="0">
    <error message="Connection to localhost:5432 refused. Check that the hostname and port are correct and that the postmaster is accepting TCP/IP connections." type="org.postgresql.util.PSQLException"><![CDATA[org.postgresql.util.PSQLException: Connection to localhost:5432 refused. Check that the hostname and port are correct and that the postmaster is accepting TCP/IP connections.
	at java.net.PlainSocketImpl.socketConnect(Native Method)
	at java.net.AbstractPlainSocketImpl.doConnect(AbstractPlainSocketImpl.java:350)
	at java.net.AbstractPlainSocketImpl.connectToAddress(AbstractPlainSocketImpl.java:206)
	at java.net.AbstractPlainSocketImpl.connect(AbstractPlainSocketImpl.java:188)
	at java.net.SocksSocketImpl.connect(SocksSocketImpl.java:392)
	at java.net.Socket.connect(Socket.java:589)
	at org.postgresql.core.PGStream.<init>(PGStream.java:69)
	at org.postgresql.core.v3.ConnectionFactoryImpl.openConnectionImpl(ConnectionFactoryImpl.java:156)
	at org.postgresql.core.ConnectionFactory.openConnection(ConnectionFactory.java:49)
	at org.postgresql.jdbc.PgConnection.<init>(PgConnection.java:195)
	at org.postgresql.Driver.makeConnection(Driver.java:454)
	at org.postgresql.Driver.connect(Driver.java:256)
	at java.sql.DriverManager.getConnection(DriverManager.java:664)
	at java.sql.DriverManager.getConnection(DriverManager.java:208)
	at org.postgresql.test.TestUtil.openDB(TestUtil.java:312)
	at org.postgresql.test.TestUtil.openDB(TestUtil.java:277)
	at org.postgresql.test.jdbc4.DatabaseMetaDataTest.setUp(DatabaseMetaDataTest.java:37)
]]></error>
  </testcase>
  <testcase name="testGetClientInfoProperties" classname="org.postgresql.test.jdbc4.DatabaseMetaDataTest" time="0.001">
    <error type="java.lang.NullPointerException:">java.lang.NullPointerException: null
	at org.postgresql.test.TestUtil.dropSequence(TestUtil.java:502)
	at org.postgresql.test.jdbc4.DatabaseMetaDataTest.tearDown(DatabaseMetaDataTest.java:44)
</error>
  </testcase>
  <testcase name="testGetFunctionsWithSpecificTypes" classname="org.postgresql.test.jdbc4.DatabaseMetaDataTest" time="0">
    <error message="Connection to localhost:5432 refused. Check that the hostname and port are correct and that the postmaster is accepting TCP/IP connections." type="org.postgresql.util.PSQLException"><![CDATA[org.postgresql.util.PSQLException: Connection to localhost:5432 refused. Check that the hostname and port are correct and that the postmaster is accepting TCP/IP connections.
	at java.net.PlainSocketImpl.socketConnect(Native Method)
	at java.net.AbstractPlainSocketImpl.doConnect(AbstractPlainSocketImpl.java:350)
	at java.net.AbstractPlainSocketImpl.connectToAddress(AbstractPlainSocketImpl.java:206)
	at java.net.AbstractPlainSocketImpl.connect(AbstractPlainSocketImpl.java:188)
	at java.net.SocksSocketImpl.connect(SocksSocketImpl.java:392)
	at java.net.Socket.connect(Socket.java:589)
	at org.postgresql.core.PGStream.<init>(PGStream.java:69)
	at org.postgresql.core.v3.ConnectionFactoryImpl.openConnectionImpl(ConnectionFactoryImpl.java:156)
	at org.postgresql.core.ConnectionFactory.openConnection(ConnectionFactory.java:49)
	at org.postgresql.jdbc.PgConnection.<init>(PgConnection.java:195)
	at org.postgresql.Driver.makeConnection(Driver.java:454)
	at org.postgresql.Driver.connect(Driver.java:256)
	at java.sql.DriverManager.getConnection(DriverManager.java:664)
	at java.sql.DriverManager.getConnection(DriverManager.java:208)
	at org.postgresql.test.TestUtil.openDB(TestUtil.java:312)
	at org.postgresql.test.TestUtil.openDB(TestUtil.java:277)
	at org.postgresql.test.jdbc4.DatabaseMetaDataTest.setUp(DatabaseMetaDataTest.java:37)
]]></error>
  </testcase>
  <testcase name="testGetFunctionsWithSpecificTypes" classname="org.postgresql.test.jdbc4.DatabaseMetaDataTest" time="0">
    <error type="java.lang.NullPointerException:">java.lang.NullPointerException: null
	at org.postgresql.test.TestUtil.dropSequence(TestUtil.java:502)
	at org.postgresql.test.jdbc4.DatabaseMetaDataTest.tearDown(DatabaseMetaDataTest.java:44)
</error>
  </testcase>
  <testcase name="testCreateArrayWithNonStandardDelimiter[binary = REGULAR]" classname="org.postgresql.test.jdbc4.ArrayTest" time="0">
    <error message="Connection to localhost:5432 refused. Check that the hostname and port are correct and that the postmaster is accepting TCP/IP connections." type="org.postgresql.util.PSQLException"><![CDATA[org.postgresql.util.PSQLException: Connection to localhost:5432 refused. Check that the hostname and port are correct and that the postmaster is accepting TCP/IP connections.
	at java.net.PlainSocketImpl.socketConnect(Native Method)
	at java.net.AbstractPlainSocketImpl.doConnect(AbstractPlainSocketImpl.java:350)
	at java.net.AbstractPlainSocketImpl.connectToAddress(AbstractPlainSocketImpl.java:206)
	at java.net.AbstractPlainSocketImpl.connect(AbstractPlainSocketImpl.java:188)
	at java.net.SocksSocketImpl.connect(SocksSocketImpl.java:392)
	at java.net.Socket.connect(Socket.java:589)
	at org.postgresql.core.PGStream.<init>(PGStream.java:69)
	at org.postgresql.core.v3.ConnectionFactoryImpl.openConnectionImpl(ConnectionFactoryImpl.java:156)
	at org.postgresql.core.ConnectionFactory.openConnection(ConnectionFactory.java:49)
	at org.postgresql.jdbc.PgConnection.<init>(PgConnection.java:195)
	at org.postgresql.Driver.makeConnection(Driver.java:454)
	at org.postgresql.Driver.connect(Driver.java:256)
	at java.sql.DriverManager.getConnection(DriverManager.java:664)
	at java.sql.DriverManager.getConnection(DriverManager.java:208)
	at org.postgresql.test.TestUtil.openDB(TestUtil.java:312)
	at org.postgresql.test.jdbc2.BaseTest4.setUp(BaseTest4.java:83)
	at org.postgresql.test.jdbc4.ArrayTest.setUp(ArrayTest.java:55)
]]></error>
  </testcase>
  <testcase name="testCreateArrayWithNonStandardDelimiter[binary = REGULAR]" classname="org.postgresql.test.jdbc4.ArrayTest" time="0">
    <error type="java.lang.NullPointerException:">java.lang.NullPointerException: null
	at org.postgresql.test.TestUtil.dropTable(TestUtil.java:517)
	at org.postgresql.test.jdbc4.ArrayTest.tearDown(ArrayTest.java:72)
</error>
  </testcase>
  <testcase name="multiDimIntArray[binary = REGULAR]" classname="org.postgresql.test.jdbc4.ArrayTest" time="0">
    <error message="Connection to localhost:5432 refused. Check that the hostname and port are correct and that the postmaster is accepting TCP/IP connections." type="org.postgresql.util.PSQLException"><![CDATA[org.postgresql.util.PSQLException: Connection to localhost:5432 refused. Check that the hostname and port are correct and that the postmaster is accepting TCP/IP connections.
	at java.net.PlainSocketImpl.socketConnect(Native Method)
	at java.net.AbstractPlainSocketImpl.doConnect(AbstractPlainSocketImpl.java:350)
	at java.net.AbstractPlainSocketImpl.connectToAddress(AbstractPlainSocketImpl.java:206)
	at java.net.AbstractPlainSocketImpl.connect(AbstractPlainSocketImpl.java:188)
	at java.net.SocksSocketImpl.connect(SocksSocketImpl.java:392)
	at java.net.Socket.connect(Socket.java:589)
	at org.postgresql.core.PGStream.<init>(PGStream.java:69)
	at org.postgresql.core.v3.ConnectionFactoryImpl.openConnectionImpl(ConnectionFactoryImpl.java:156)
	at org.postgresql.core.ConnectionFactory.openConnection(ConnectionFactory.java:49)
	at org.postgresql.jdbc.PgConnection.<init>(PgConnection.java:195)
	at org.postgresql.Driver.makeConnection(Driver.java:454)
	at org.postgresql.Driver.connect(Driver.java:256)
	at java.sql.DriverManager.getConnection(DriverManager.java:664)
	at java.sql.DriverManager.getConnection(DriverManager.java:208)
	at org.postgresql.test.TestUtil.openDB(TestUtil.java:312)
	at org.postgresql.test.jdbc2.BaseTest4.setUp(BaseTest4.java:83)
	at org.postgresql.test.jdbc4.ArrayTest.setUp(ArrayTest.java:55)
]]></error>
  </testcase>
  <testcase name="multiDimIntArray[binary = REGULAR]" classname="org.postgresql.test.jdbc4.ArrayTest" time="0">
    <error type="java.lang.NullPointerException:">java.lang.NullPointerException: null
	at org.postgresql.test.TestUtil.dropTable(TestUtil.java:517)
	at org.postgresql.test.jdbc4.ArrayTest.tearDown(ArrayTest.java:72)
</error>
  </testcase>
  <testcase name="testCasingBuiltinAlias[binary = REGULAR]" classname="org.postgresql.test.jdbc4.ArrayTest" time="0">
    <error message="Connection to localhost:5432 refused. Check that the hostname and port are correct and that the postmaster is accepting TCP/IP connections." type="org.postgresql.util.PSQLException"><![CDATA[org.postgresql.util.PSQLException: Connection to localhost:5432 refused. Check that the hostname and port are correct and that the postmaster is accepting TCP/IP connections.
	at java.net.PlainSocketImpl.socketConnect(Native Method)
	at java.net.AbstractPlainSocketImpl.doConnect(AbstractPlainSocketImpl.java:350)
	at java.net.AbstractPlainSocketImpl.connectToAddress(AbstractPlainSocketImpl.java:206)
	at java.net.AbstractPlainSocketImpl.connect(AbstractPlainSocketImpl.java:188)
	at java.net.SocksSocketImpl.connect(SocksSocketImpl.java:392)
	at java.net.Socket.connect(Socket.java:589)
	at org.postgresql.core.PGStream.<init>(PGStream.java:69)
	at org.postgresql.core.v3.ConnectionFactoryImpl.openConnectionImpl(ConnectionFactoryImpl.java:156)
	at org.postgresql.core.ConnectionFactory.openConnection(ConnectionFactory.java:49)
	at org.postgresql.jdbc.PgConnection.<init>(PgConnection.java:195)
	at org.postgresql.Driver.makeConnection(Driver.java:454)
	at org.postgresql.Driver.connect(Driver.java:256)
	at java.sql.DriverManager.getConnection(DriverManager.java:664)
	at java.sql.DriverManager.getConnection(DriverManager.java:208)
	at org.postgresql.test.TestUtil.openDB(TestUtil.java:312)
	at org.postgresql.test.jdbc2.BaseTest4.setUp(BaseTest4.java:83)
	at org.postgresql.test.jdbc4.ArrayTest.setUp(ArrayTest.java:55)
]]></error>
  </testcase>
  <testcase name="testCasingBuiltinAlias[binary = REGULAR]" classname="org.postgresql.test.jdbc4.ArrayTest" time="0">
    <error type="java.lang.NullPointerException:">java.lang.NullPointerException: null
	at org.postgresql.test.TestUtil.dropTable(TestUtil.java:517)
	at org.postgresql.test.jdbc4.ArrayTest.tearDown(ArrayTest.java:72)
</error>
  </testcase>
  <testcase name="testCreateEmptyArrayOfIntViaAlias[binary = REGULAR]" classname="org.postgresql.test.jdbc4.ArrayTest" time="0">
    <error message="Connection to localhost:5432 refused. Check that the hostname and port are correct and that the postmaster is accepting TCP/IP connections." type="org.postgresql.util.PSQLException"><![CDATA[org.postgresql.util.PSQLException: Connection to localhost:5432 refused. Check that the hostname and port are correct and that the postmaster is accepting TCP/IP connections.
	at java.net.PlainSocketImpl.socketConnect(Native Method)
	at java.net.AbstractPlainSocketImpl.doConnect(AbstractPlainSocketImpl.java:350)
	at java.net.AbstractPlainSocketImpl.connectToAddress(AbstractPlainSocketImpl.java:206)
	at java.net.AbstractPlainSocketImpl.connect(AbstractPlainSocketImpl.java:188)
	at java.net.SocksSocketImpl.connect(SocksSocketImpl.java:392)
	at java.net.Socket.connect(Socket.java:589)
	at org.postgresql.core.PGStream.<init>(PGStream.java:69)
	at org.postgresql.core.v3.ConnectionFactoryImpl.openConnectionImpl(ConnectionFactoryImpl.java:156)
	at org.postgresql.core.ConnectionFactory.openConnection(ConnectionFactory.java:49)
	at org.postgresql.jdbc.PgConnection.<init>(PgConnection.java:195)
	at org.postgresql.Driver.makeConnection(Driver.java:454)
	at org.postgresql.Driver.connect(Driver.java:256)
	at java.sql.DriverManager.getConnection(DriverManager.java:664)
	at java.sql.DriverManager.getConnection(DriverManager.java:208)
	at org.postgresql.test.TestUtil.openDB(TestUtil.java:312)
	at org.postgresql.test.jdbc2.BaseTest4.setUp(BaseTest4.java:83)
	at org.postgresql.test.jdbc4.ArrayTest.setUp(ArrayTest.java:55)
]]></error>
  </testcase>
  <testcase name="testCreateEmptyArrayOfIntViaAlias[binary = REGULAR]" classname="org.postgresql.test.jdbc4.ArrayTest" time="0">
    <error type="java.lang.NullPointerException:">java.lang.NullPointerException: null
	at org.postgresql.test.TestUtil.dropTable(TestUtil.java:517)
	at org.postgresql.test.jdbc4.ArrayTest.tearDown(ArrayTest.java:72)
</error>
  </testcase>
  <testcase name="testCreateArrayWithoutServer[binary = REGULAR]" classname="org.postgresql.test.jdbc4.ArrayTest" time="0">
    <error message="Connection to localhost:5432 refused. Check that the hostname and port are correct and that the postmaster is accepting TCP/IP connections." type="org.postgresql.util.PSQLException"><![CDATA[org.postgresql.util.PSQLException: Connection to localhost:5432 refused. Check that the hostname and port are correct and that the postmaster is accepting TCP/IP connections.
	at java.net.PlainSocketImpl.socketConnect(Native Method)
	at java.net.AbstractPlainSocketImpl.doConnect(AbstractPlainSocketImpl.java:350)
	at java.net.AbstractPlainSocketImpl.connectToAddress(AbstractPlainSocketImpl.java:206)
	at java.net.AbstractPlainSocketImpl.connect(AbstractPlainSocketImpl.java:188)
	at java.net.SocksSocketImpl.connect(SocksSocketImpl.java:392)
	at java.net.Socket.connect(Socket.java:589)
	at org.postgresql.core.PGStream.<init>(PGStream.java:69)
	at org.postgresql.core.v3.ConnectionFactoryImpl.openConnectionImpl(ConnectionFactoryImpl.java:156)
	at org.postgresql.core.ConnectionFactory.openConnection(ConnectionFactory.java:49)
	at org.postgresql.jdbc.PgConnection.<init>(PgConnection.java:195)
	at org.postgresql.Driver.makeConnection(Driver.java:454)
	at org.postgresql.Driver.connect(Driver.java:256)
	at java.sql.DriverManager.getConnection(DriverManager.java:664)
	at java.sql.DriverManager.getConnection(DriverManager.java:208)
	at org.postgresql.test.TestUtil.openDB(TestUtil.java:312)
	at org.postgresql.test.jdbc2.BaseTest4.setUp(BaseTest4.java:83)
	at org.postgresql.test.jdbc4.ArrayTest.setUp(ArrayTest.java:55)
]]></error>
  </testcase>
  <testcase name="testCreateArrayWithoutServer[binary = REGULAR]" classname="org.postgresql.test.jdbc4.ArrayTest" time="0">
    <error type="java.lang.NullPointerException:">java.lang.NullPointerException: null
	at org.postgresql.test.TestUtil.dropTable(TestUtil.java:517)
	at org.postgresql.test.jdbc4.ArrayTest.tearDown(ArrayTest.java:72)
</error>
  </testcase>
  <testcase name="testToString[binary = REGULAR]" classname="org.postgresql.test.jdbc4.ArrayTest" time="0">
    <error message="Connection to localhost:5432 refused. Check that the hostname and port are correct and that the postmaster is accepting TCP/IP connections." type="org.postgresql.util.PSQLException"><![CDATA[org.postgresql.util.PSQLException: Connection to localhost:5432 refused. Check that the hostname and port are correct and that the postmaster is accepting TCP/IP connections.
	at java.net.PlainSocketImpl.socketConnect(Native Method)
	at java.net.AbstractPlainSocketImpl.doConnect(AbstractPlainSocketImpl.java:350)
	at java.net.AbstractPlainSocketImpl.connectToAddress(AbstractPlainSocketImpl.java:206)
	at java.net.AbstractPlainSocketImpl.connect(AbstractPlainSocketImpl.java:188)
	at java.net.SocksSocketImpl.connect(SocksSocketImpl.java:392)
	at java.net.Socket.connect(Socket.java:589)
	at org.postgresql.core.PGStream.<init>(PGStream.java:69)
	at org.postgresql.core.v3.ConnectionFactoryImpl.openConnectionImpl(ConnectionFactoryImpl.java:156)
	at org.postgresql.core.ConnectionFactory.openConnection(ConnectionFactory.java:49)
	at org.postgresql.jdbc.PgConnection.<init>(PgConnection.java:195)
	at org.postgresql.Driver.makeConnection(Driver.java:454)
	at org.postgresql.Driver.connect(Driver.java:256)
	at java.sql.DriverManager.getConnection(DriverManager.java:664)
	at java.sql.DriverManager.getConnection(DriverManager.java:208)
	at org.postgresql.test.TestUtil.openDB(TestUtil.java:312)
	at org.postgresql.test.jdbc2.BaseTest4.setUp(BaseTest4.java:83)
	at org.postgresql.test.jdbc4.ArrayTest.setUp(ArrayTest.java:55)
]]></error>
  </testcase>
  <testcase name="testToString[binary = REGULAR]" classname="org.postgresql.test.jdbc4.ArrayTest" time="0">
    <error type="java.lang.NullPointerException:">java.lang.NullPointerException: null
	at org.postgresql.test.TestUtil.dropTable(TestUtil.java:517)
	at org.postgresql.test.jdbc4.ArrayTest.tearDown(ArrayTest.java:72)
</error>
  </testcase>
  <testcase name="testCreateArrayOfBool[binary = REGULAR]" classname="org.postgresql.test.jdbc4.ArrayTest" time="0">
    <error message="Connection to localhost:5432 refused. Check that the hostname and port are correct and that the postmaster is accepting TCP/IP connections." type="org.postgresql.util.PSQLException"><![CDATA[org.postgresql.util.PSQLException: Connection to localhost:5432 refused. Check that the hostname and port are correct and that the postmaster is accepting TCP/IP connections.
	at java.net.PlainSocketImpl.socketConnect(Native Method)
	at java.net.AbstractPlainSocketImpl.doConnect(AbstractPlainSocketImpl.java:350)
	at java.net.AbstractPlainSocketImpl.connectToAddress(AbstractPlainSocketImpl.java:206)
	at java.net.AbstractPlainSocketImpl.connect(AbstractPlainSocketImpl.java:188)
	at java.net.SocksSocketImpl.connect(SocksSocketImpl.java:392)
	at java.net.Socket.connect(Socket.java:589)
	at org.postgresql.core.PGStream.<init>(PGStream.java:69)
	at org.postgresql.core.v3.ConnectionFactoryImpl.openConnectionImpl(ConnectionFactoryImpl.java:156)
	at org.postgresql.core.ConnectionFactory.openConnection(ConnectionFactory.java:49)
	at org.postgresql.jdbc.PgConnection.<init>(PgConnection.java:195)
	at org.postgresql.Driver.makeConnection(Driver.java:454)
	at org.postgresql.Driver.connect(Driver.java:256)
	at java.sql.DriverManager.getConnection(DriverManager.java:664)
	at java.sql.DriverManager.getConnection(DriverManager.java:208)
	at org.postgresql.test.TestUtil.openDB(TestUtil.java:312)
	at org.postgresql.test.jdbc2.BaseTest4.setUp(BaseTest4.java:83)
	at org.postgresql.test.jdbc4.ArrayTest.setUp(ArrayTest.java:55)
]]></error>
  </testcase>
  <testcase name="testCreateArrayOfBool[binary = REGULAR]" classname="org.postgresql.test.jdbc4.ArrayTest" time="0">
    <error type="java.lang.NullPointerException:">java.lang.NullPointerException: null
	at org.postgresql.test.TestUtil.dropTable(TestUtil.java:517)
	at org.postgresql.test.jdbc4.ArrayTest.tearDown(ArrayTest.java:72)
</error>
  </testcase>
  <testcase name="testCreateArrayOfNull[binary = REGULAR]" classname="org.postgresql.test.jdbc4.ArrayTest" time="0">
    <error message="Connection to localhost:5432 refused. Check that the hostname and port are correct and that the postmaster is accepting TCP/IP connections." type="org.postgresql.util.PSQLException"><![CDATA[org.postgresql.util.PSQLException: Connection to localhost:5432 refused. Check that the hostname and port are correct and that the postmaster is accepting TCP/IP connections.
	at java.net.PlainSocketImpl.socketConnect(Native Method)
	at java.net.AbstractPlainSocketImpl.doConnect(AbstractPlainSocketImpl.java:350)
	at java.net.AbstractPlainSocketImpl.connectToAddress(AbstractPlainSocketImpl.java:206)
	at java.net.AbstractPlainSocketImpl.connect(AbstractPlainSocketImpl.java:188)
	at java.net.SocksSocketImpl.connect(SocksSocketImpl.java:392)
	at java.net.Socket.connect(Socket.java:589)
	at org.postgresql.core.PGStream.<init>(PGStream.java:69)
	at org.postgresql.core.v3.ConnectionFactoryImpl.openConnectionImpl(ConnectionFactoryImpl.java:156)
	at org.postgresql.core.ConnectionFactory.openConnection(ConnectionFactory.java:49)
	at org.postgresql.jdbc.PgConnection.<init>(PgConnection.java:195)
	at org.postgresql.Driver.makeConnection(Driver.java:454)
	at org.postgresql.Driver.connect(Driver.java:256)
	at java.sql.DriverManager.getConnection(DriverManager.java:664)
	at java.sql.DriverManager.getConnection(DriverManager.java:208)
	at org.postgresql.test.TestUtil.openDB(TestUtil.java:312)
	at org.postgresql.test.jdbc2.BaseTest4.setUp(BaseTest4.java:83)
	at org.postgresql.test.jdbc4.ArrayTest.setUp(ArrayTest.java:55)
]]></error>
  </testcase>
  <testcase name="testCreateArrayOfNull[binary = REGULAR]" classname="org.postgresql.test.jdbc4.ArrayTest" time="0">
    <error type="java.lang.NullPointerException:">java.lang.NullPointerException: null
	at org.postgresql.test.TestUtil.dropTable(TestUtil.java:517)
	at org.postgresql.test.jdbc4.ArrayTest.tearDown(ArrayTest.java:72)
</error>
  </testcase>
  <testcase name="createNullArray[binary = REGULAR]" classname="org.postgresql.test.jdbc4.ArrayTest" time="0">
    <error message="Connection to localhost:5432 refused. Check that the hostname and port are correct and that the postmaster is accepting TCP/IP connections." type="org.postgresql.util.PSQLException"><![CDATA[org.postgresql.util.PSQLException: Connection to localhost:5432 refused. Check that the hostname and port are correct and that the postmaster is accepting TCP/IP connections.
	at java.net.PlainSocketImpl.socketConnect(Native Method)
	at java.net.AbstractPlainSocketImpl.doConnect(AbstractPlainSocketImpl.java:350)
	at java.net.AbstractPlainSocketImpl.connectToAddress(AbstractPlainSocketImpl.java:206)
	at java.net.AbstractPlainSocketImpl.connect(AbstractPlainSocketImpl.java:188)
	at java.net.SocksSocketImpl.connect(SocksSocketImpl.java:392)
	at java.net.Socket.connect(Socket.java:589)
	at org.postgresql.core.PGStream.<init>(PGStream.java:69)
	at org.postgresql.core.v3.ConnectionFactoryImpl.openConnectionImpl(ConnectionFactoryImpl.java:156)
	at org.postgresql.core.ConnectionFactory.openConnection(ConnectionFactory.java:49)
	at org.postgresql.jdbc.PgConnection.<init>(PgConnection.java:195)
	at org.postgresql.Driver.makeConnection(Driver.java:454)
	at org.postgresql.Driver.connect(Driver.java:256)
	at java.sql.DriverManager.getConnection(DriverManager.java:664)
	at java.sql.DriverManager.getConnection(DriverManager.java:208)
	at org.postgresql.test.TestUtil.openDB(TestUtil.java:312)
	at org.postgresql.test.jdbc2.BaseTest4.setUp(BaseTest4.java:83)
	at org.postgresql.test.jdbc4.ArrayTest.setUp(ArrayTest.java:55)
]]></error>
  </testcase>
  <testcase name="createNullArray[binary = REGULAR]" classname="org.postgresql.test.jdbc4.ArrayTest" time="0">
    <error type="java.lang.NullPointerException:">java.lang.NullPointerException: null
	at org.postgresql.test.TestUtil.dropTable(TestUtil.java:517)
	at org.postgresql.test.jdbc4.ArrayTest.tearDown(ArrayTest.java:72)
</error>
  </testcase>
  <testcase name="testCreateArrayOfInt[binary = REGULAR]" classname="org.postgresql.test.jdbc4.ArrayTest" time="0">
    <error message="Connection to localhost:5432 refused. Check that the hostname and port are correct and that the postmaster is accepting TCP/IP connections." type="org.postgresql.util.PSQLException"><![CDATA[org.postgresql.util.PSQLException: Connection to localhost:5432 refused. Check that the hostname and port are correct and that the postmaster is accepting TCP/IP connections.
	at java.net.PlainSocketImpl.socketConnect(Native Method)
	at java.net.AbstractPlainSocketImpl.doConnect(AbstractPlainSocketImpl.java:350)
	at java.net.AbstractPlainSocketImpl.connectToAddress(AbstractPlainSocketImpl.java:206)
	at java.net.AbstractPlainSocketImpl.connect(AbstractPlainSocketImpl.java:188)
	at java.net.SocksSocketImpl.connect(SocksSocketImpl.java:392)
	at java.net.Socket.connect(Socket.java:589)
	at org.postgresql.core.PGStream.<init>(PGStream.java:69)
	at org.postgresql.core.v3.ConnectionFactoryImpl.openConnectionImpl(ConnectionFactoryImpl.java:156)
	at org.postgresql.core.ConnectionFactory.openConnection(ConnectionFactory.java:49)
	at org.postgresql.jdbc.PgConnection.<init>(PgConnection.java:195)
	at org.postgresql.Driver.makeConnection(Driver.java:454)
	at org.postgresql.Driver.connect(Driver.java:256)
	at java.sql.DriverManager.getConnection(DriverManager.java:664)
	at java.sql.DriverManager.getConnection(DriverManager.java:208)
	at org.postgresql.test.TestUtil.openDB(TestUtil.java:312)
	at org.postgresql.test.jdbc2.BaseTest4.setUp(BaseTest4.java:83)
	at org.postgresql.test.jdbc4.ArrayTest.setUp(ArrayTest.java:55)
]]></error>
  </testcase>
  <testcase name="testCreateArrayOfInt[binary = REGULAR]" classname="org.postgresql.test.jdbc4.ArrayTest" time="0">
    <error type="java.lang.NullPointerException:">java.lang.NullPointerException: null
	at org.postgresql.test.TestUtil.dropTable(TestUtil.java:517)
	at org.postgresql.test.jdbc4.ArrayTest.tearDown(ArrayTest.java:72)
</error>
  </testcase>
  <testcase name="testEvilCasing[binary = REGULAR]" classname="org.postgresql.test.jdbc4.ArrayTest" time="0">
    <error message="Connection to localhost:5432 refused. Check that the hostname and port are correct and that the postmaster is accepting TCP/IP connections." type="org.postgresql.util.PSQLException"><![CDATA[org.postgresql.util.PSQLException: Connection to localhost:5432 refused. Check that the hostname and port are correct and that the postmaster is accepting TCP/IP connections.
	at java.net.PlainSocketImpl.socketConnect(Native Method)
	at java.net.AbstractPlainSocketImpl.doConnect(AbstractPlainSocketImpl.java:350)
	at java.net.AbstractPlainSocketImpl.connectToAddress(AbstractPlainSocketImpl.java:206)
	at java.net.AbstractPlainSocketImpl.connect(AbstractPlainSocketImpl.java:188)
	at java.net.SocksSocketImpl.connect(SocksSocketImpl.java:392)
	at java.net.Socket.connect(Socket.java:589)
	at org.postgresql.core.PGStream.<init>(PGStream.java:69)
	at org.postgresql.core.v3.ConnectionFactoryImpl.openConnectionImpl(ConnectionFactoryImpl.java:156)
	at org.postgresql.core.ConnectionFactory.openConnection(ConnectionFactory.java:49)
	at org.postgresql.jdbc.PgConnection.<init>(PgConnection.java:195)
	at org.postgresql.Driver.makeConnection(Driver.java:454)
	at org.postgresql.Driver.connect(Driver.java:256)
	at java.sql.DriverManager.getConnection(DriverManager.java:664)
	at java.sql.DriverManager.getConnection(DriverManager.java:208)
	at org.postgresql.test.TestUtil.openDB(TestUtil.java:312)
	at org.postgresql.test.jdbc2.BaseTest4.setUp(BaseTest4.java:83)
	at org.postgresql.test.jdbc4.ArrayTest.setUp(ArrayTest.java:55)
]]></error>
  </testcase>
  <testcase name="testEvilCasing[binary = REGULAR]" classname="org.postgresql.test.jdbc4.ArrayTest" time="0">
    <error type="java.lang.NullPointerException:">java.lang.NullPointerException: null
	at org.postgresql.test.TestUtil.dropTable(TestUtil.java:517)
	at org.postgresql.test.jdbc4.ArrayTest.tearDown(ArrayTest.java:72)
</error>
  </testcase>
  <testcase name="testUUIDArray[binary = REGULAR]" classname="org.postgresql.test.jdbc4.ArrayTest" time="0">
    <error message="Connection to localhost:5432 refused. Check that the hostname and port are correct and that the postmaster is accepting TCP/IP connections." type="org.postgresql.util.PSQLException"><![CDATA[org.postgresql.util.PSQLException: Connection to localhost:5432 refused. Check that the hostname and port are correct and that the postmaster is accepting TCP/IP connections.
	at java.net.PlainSocketImpl.socketConnect(Native Method)
	at java.net.AbstractPlainSocketImpl.doConnect(AbstractPlainSocketImpl.java:350)
	at java.net.AbstractPlainSocketImpl.connectToAddress(AbstractPlainSocketImpl.java:206)
	at java.net.AbstractPlainSocketImpl.connect(AbstractPlainSocketImpl.java:188)
	at java.net.SocksSocketImpl.connect(SocksSocketImpl.java:392)
	at java.net.Socket.connect(Socket.java:589)
	at org.postgresql.core.PGStream.<init>(PGStream.java:69)
	at org.postgresql.core.v3.ConnectionFactoryImpl.openConnectionImpl(ConnectionFactoryImpl.java:156)
	at org.postgresql.core.ConnectionFactory.openConnection(ConnectionFactory.java:49)
	at org.postgresql.jdbc.PgConnection.<init>(PgConnection.java:195)
	at org.postgresql.Driver.makeConnection(Driver.java:454)
	at org.postgresql.Driver.connect(Driver.java:256)
	at java.sql.DriverManager.getConnection(DriverManager.java:664)
	at java.sql.DriverManager.getConnection(DriverManager.java:208)
	at org.postgresql.test.TestUtil.openDB(TestUtil.java:312)
	at org.postgresql.test.jdbc2.BaseTest4.setUp(BaseTest4.java:83)
	at org.postgresql.test.jdbc4.ArrayTest.setUp(ArrayTest.java:55)
]]></error>
  </testcase>
  <testcase name="testUUIDArray[binary = REGULAR]" classname="org.postgresql.test.jdbc4.ArrayTest" time="0">
    <error type="java.lang.NullPointerException:">java.lang.NullPointerException: null
	at org.postgresql.test.TestUtil.dropTable(TestUtil.java:517)
	at org.postgresql.test.jdbc4.ArrayTest.tearDown(ArrayTest.java:72)
</error>
  </testcase>
  <testcase name="testCreatePrimitiveArray[binary = REGULAR]" classname="org.postgresql.test.jdbc4.ArrayTest" time="0">
    <error message="Connection to localhost:5432 refused. Check that the hostname and port are correct and that the postmaster is accepting TCP/IP connections." type="org.postgresql.util.PSQLException"><![CDATA[org.postgresql.util.PSQLException: Connection to localhost:5432 refused. Check that the hostname and port are correct and that the postmaster is accepting TCP/IP connections.
	at java.net.PlainSocketImpl.socketConnect(Native Method)
	at java.net.AbstractPlainSocketImpl.doConnect(AbstractPlainSocketImpl.java:350)
	at java.net.AbstractPlainSocketImpl.connectToAddress(AbstractPlainSocketImpl.java:206)
	at java.net.AbstractPlainSocketImpl.connect(AbstractPlainSocketImpl.java:188)
	at java.net.SocksSocketImpl.connect(SocksSocketImpl.java:392)
	at java.net.Socket.connect(Socket.java:589)
	at org.postgresql.core.PGStream.<init>(PGStream.java:69)
	at org.postgresql.core.v3.ConnectionFactoryImpl.openConnectionImpl(ConnectionFactoryImpl.java:156)
	at org.postgresql.core.ConnectionFactory.openConnection(ConnectionFactory.java:49)
	at org.postgresql.jdbc.PgConnection.<init>(PgConnection.java:195)
	at org.postgresql.Driver.makeConnection(Driver.java:454)
	at org.postgresql.Driver.connect(Driver.java:256)
	at java.sql.DriverManager.getConnection(DriverManager.java:664)
	at java.sql.DriverManager.getConnection(DriverManager.java:208)
	at org.postgresql.test.TestUtil.openDB(TestUtil.java:312)
	at org.postgresql.test.jdbc2.BaseTest4.setUp(BaseTest4.java:83)
	at org.postgresql.test.jdbc4.ArrayTest.setUp(ArrayTest.java:55)
]]></error>
  </testcase>
  <testcase name="testCreatePrimitiveArray[binary = REGULAR]" classname="org.postgresql.test.jdbc4.ArrayTest" time="0">
    <error type="java.lang.NullPointerException:">java.lang.NullPointerException: null
	at org.postgresql.test.TestUtil.dropTable(TestUtil.java:517)
	at org.postgresql.test.jdbc4.ArrayTest.tearDown(ArrayTest.java:72)
</error>
  </testcase>
  <testcase name="testCasingComposite[binary = REGULAR]" classname="org.postgresql.test.jdbc4.ArrayTest" time="0">
    <error message="Connection to localhost:5432 refused. Check that the hostname and port are correct and that the postmaster is accepting TCP/IP connections." type="org.postgresql.util.PSQLException"><![CDATA[org.postgresql.util.PSQLException: Connection to localhost:5432 refused. Check that the hostname and port are correct and that the postmaster is accepting TCP/IP connections.
	at java.net.PlainSocketImpl.socketConnect(Native Method)
	at java.net.AbstractPlainSocketImpl.doConnect(AbstractPlainSocketImpl.java:350)
	at java.net.AbstractPlainSocketImpl.connectToAddress(AbstractPlainSocketImpl.java:206)
	at java.net.AbstractPlainSocketImpl.connect(AbstractPlainSocketImpl.java:188)
	at java.net.SocksSocketImpl.connect(SocksSocketImpl.java:392)
	at java.net.Socket.connect(Socket.java:589)
	at org.postgresql.core.PGStream.<init>(PGStream.java:69)
	at org.postgresql.core.v3.ConnectionFactoryImpl.openConnectionImpl(ConnectionFactoryImpl.java:156)
	at org.postgresql.core.ConnectionFactory.openConnection(ConnectionFactory.java:49)
	at org.postgresql.jdbc.PgConnection.<init>(PgConnection.java:195)
	at org.postgresql.Driver.makeConnection(Driver.java:454)
	at org.postgresql.Driver.connect(Driver.java:256)
	at java.sql.DriverManager.getConnection(DriverManager.java:664)
	at java.sql.DriverManager.getConnection(DriverManager.java:208)
	at org.postgresql.test.TestUtil.openDB(TestUtil.java:312)
	at org.postgresql.test.jdbc2.BaseTest4.setUp(BaseTest4.java:83)
	at org.postgresql.test.jdbc4.ArrayTest.setUp(ArrayTest.java:55)
]]></error>
  </testcase>
  <testcase name="testCasingComposite[binary = REGULAR]" classname="org.postgresql.test.jdbc4.ArrayTest" time="0">
    <error type="java.lang.NullPointerException:">java.lang.NullPointerException: null
	at org.postgresql.test.TestUtil.dropTable(TestUtil.java:517)
	at org.postgresql.test.jdbc4.ArrayTest.tearDown(ArrayTest.java:72)
</error>
  </testcase>
  <testcase name="testSetObjectFromJavaArray[binary = REGULAR]" classname="org.postgresql.test.jdbc4.ArrayTest" time="0">
    <error message="Connection to localhost:5432 refused. Check that the hostname and port are correct and that the postmaster is accepting TCP/IP connections." type="org.postgresql.util.PSQLException"><![CDATA[org.postgresql.util.PSQLException: Connection to localhost:5432 refused. Check that the hostname and port are correct and that the postmaster is accepting TCP/IP connections.
	at java.net.PlainSocketImpl.socketConnect(Native Method)
	at java.net.AbstractPlainSocketImpl.doConnect(AbstractPlainSocketImpl.java:350)
	at java.net.AbstractPlainSocketImpl.connectToAddress(AbstractPlainSocketImpl.java:206)
	at java.net.AbstractPlainSocketImpl.connect(AbstractPlainSocketImpl.java:188)
	at java.net.SocksSocketImpl.connect(SocksSocketImpl.java:392)
	at java.net.Socket.connect(Socket.java:589)
	at org.postgresql.core.PGStream.<init>(PGStream.java:69)
	at org.postgresql.core.v3.ConnectionFactoryImpl.openConnectionImpl(ConnectionFactoryImpl.java:156)
	at org.postgresql.core.ConnectionFactory.openConnection(ConnectionFactory.java:49)
	at org.postgresql.jdbc.PgConnection.<init>(PgConnection.java:195)
	at org.postgresql.Driver.makeConnection(Driver.java:454)
	at org.postgresql.Driver.connect(Driver.java:256)
	at java.sql.DriverManager.getConnection(DriverManager.java:664)
	at java.sql.DriverManager.getConnection(DriverManager.java:208)
	at org.postgresql.test.TestUtil.openDB(TestUtil.java:312)
	at org.postgresql.test.jdbc2.BaseTest4.setUp(BaseTest4.java:83)
	at org.postgresql.test.jdbc4.ArrayTest.setUp(ArrayTest.java:55)
]]></error>
  </testcase>
  <testcase name="testSetObjectFromJavaArray[binary = REGULAR]" classname="org.postgresql.test.jdbc4.ArrayTest" time="0">
    <error type="java.lang.NullPointerException:">java.lang.NullPointerException: null
	at org.postgresql.test.TestUtil.dropTable(TestUtil.java:517)
	at org.postgresql.test.jdbc4.ArrayTest.tearDown(ArrayTest.java:72)
</error>
  </testcase>
  <testcase name="testCreateArrayOfMultiJson[binary = REGULAR]" classname="org.postgresql.test.jdbc4.ArrayTest" time="0.001">
    <error message="Connection to localhost:5432 refused. Check that the hostname and port are correct and that the postmaster is accepting TCP/IP connections." type="org.postgresql.util.PSQLException"><![CDATA[org.postgresql.util.PSQLException: Connection to localhost:5432 refused. Check that the hostname and port are correct and that the postmaster is accepting TCP/IP connections.
	at java.net.PlainSocketImpl.socketConnect(Native Method)
	at java.net.AbstractPlainSocketImpl.doConnect(AbstractPlainSocketImpl.java:350)
	at java.net.AbstractPlainSocketImpl.connectToAddress(AbstractPlainSocketImpl.java:206)
	at java.net.AbstractPlainSocketImpl.connect(AbstractPlainSocketImpl.java:188)
	at java.net.SocksSocketImpl.connect(SocksSocketImpl.java:392)
	at java.net.Socket.connect(Socket.java:589)
	at org.postgresql.core.PGStream.<init>(PGStream.java:69)
	at org.postgresql.core.v3.ConnectionFactoryImpl.openConnectionImpl(ConnectionFactoryImpl.java:156)
	at org.postgresql.core.ConnectionFactory.openConnection(ConnectionFactory.java:49)
	at org.postgresql.jdbc.PgConnection.<init>(PgConnection.java:195)
	at org.postgresql.Driver.makeConnection(Driver.java:454)
	at org.postgresql.Driver.connect(Driver.java:256)
	at java.sql.DriverManager.getConnection(DriverManager.java:664)
	at java.sql.DriverManager.getConnection(DriverManager.java:208)
	at org.postgresql.test.TestUtil.openDB(TestUtil.java:312)
	at org.postgresql.test.jdbc2.BaseTest4.setUp(BaseTest4.java:83)
	at org.postgresql.test.jdbc4.ArrayTest.setUp(ArrayTest.java:55)
]]></error>
  </testcase>
  <testcase name="testCreateArrayOfMultiJson[binary = REGULAR]" classname="org.postgresql.test.jdbc4.ArrayTest" time="0.001">
    <error type="java.lang.NullPointerException:">java.lang.NullPointerException: null
	at org.postgresql.test.TestUtil.dropTable(TestUtil.java:517)
	at org.postgresql.test.jdbc4.ArrayTest.tearDown(ArrayTest.java:72)
</error>
  </testcase>
  <testcase name="nullArray[binary = REGULAR]" classname="org.postgresql.test.jdbc4.ArrayTest" time="0">
    <error message="Connection to localhost:5432 refused. Check that the hostname and port are correct and that the postmaster is accepting TCP/IP connections." type="org.postgresql.util.PSQLException"><![CDATA[org.postgresql.util.PSQLException: Connection to localhost:5432 refused. Check that the hostname and port are correct and that the postmaster is accepting TCP/IP connections.
	at java.net.PlainSocketImpl.socketConnect(Native Method)
	at java.net.AbstractPlainSocketImpl.doConnect(AbstractPlainSocketImpl.java:350)
	at java.net.AbstractPlainSocketImpl.connectToAddress(AbstractPlainSocketImpl.java:206)
	at java.net.AbstractPlainSocketImpl.connect(AbstractPlainSocketImpl.java:188)
	at java.net.SocksSocketImpl.connect(SocksSocketImpl.java:392)
	at java.net.Socket.connect(Socket.java:589)
	at org.postgresql.core.PGStream.<init>(PGStream.java:69)
	at org.postgresql.core.v3.ConnectionFactoryImpl.openConnectionImpl(ConnectionFactoryImpl.java:156)
	at org.postgresql.core.ConnectionFactory.openConnection(ConnectionFactory.java:49)
	at org.postgresql.jdbc.PgConnection.<init>(PgConnection.java:195)
	at org.postgresql.Driver.makeConnection(Driver.java:454)
	at org.postgresql.Driver.connect(Driver.java:256)
	at java.sql.DriverManager.getConnection(DriverManager.java:664)
	at java.sql.DriverManager.getConnection(DriverManager.java:208)
	at org.postgresql.test.TestUtil.openDB(TestUtil.java:312)
	at org.postgresql.test.jdbc2.BaseTest4.setUp(BaseTest4.java:83)
	at org.postgresql.test.jdbc4.ArrayTest.setUp(ArrayTest.java:55)
]]></error>
  </testcase>
  <testcase name="nullArray[binary = REGULAR]" classname="org.postgresql.test.jdbc4.ArrayTest" time="0">
    <error type="java.lang.NullPointerException:">java.lang.NullPointerException: null
	at org.postgresql.test.TestUtil.dropTable(TestUtil.java:517)
	at org.postgresql.test.jdbc4.ArrayTest.tearDown(ArrayTest.java:72)
</error>
  </testcase>
  <testcase name="testCasingBuiltinNonAlias[binary = REGULAR]" classname="org.postgresql.test.jdbc4.ArrayTest" time="0">
    <error message="Connection to localhost:5432 refused. Check that the hostname and port are correct and that the postmaster is accepting TCP/IP connections." type="org.postgresql.util.PSQLException"><![CDATA[org.postgresql.util.PSQLException: Connection to localhost:5432 refused. Check that the hostname and port are correct and that the postmaster is accepting TCP/IP connections.
	at java.net.PlainSocketImpl.socketConnect(Native Method)
	at java.net.AbstractPlainSocketImpl.doConnect(AbstractPlainSocketImpl.java:350)
	at java.net.AbstractPlainSocketImpl.connectToAddress(AbstractPlainSocketImpl.java:206)
	at java.net.AbstractPlainSocketImpl.connect(AbstractPlainSocketImpl.java:188)
	at java.net.SocksSocketImpl.connect(SocksSocketImpl.java:392)
	at java.net.Socket.connect(Socket.java:589)
	at org.postgresql.core.PGStream.<init>(PGStream.java:69)
	at org.postgresql.core.v3.ConnectionFactoryImpl.openConnectionImpl(ConnectionFactoryImpl.java:156)
	at org.postgresql.core.ConnectionFactory.openConnection(ConnectionFactory.java:49)
	at org.postgresql.jdbc.PgConnection.<init>(PgConnection.java:195)
	at org.postgresql.Driver.makeConnection(Driver.java:454)
	at org.postgresql.Driver.connect(Driver.java:256)
	at java.sql.DriverManager.getConnection(DriverManager.java:664)
	at java.sql.DriverManager.getConnection(DriverManager.java:208)
	at org.postgresql.test.TestUtil.openDB(TestUtil.java:312)
	at org.postgresql.test.jdbc2.BaseTest4.setUp(BaseTest4.java:83)
	at org.postgresql.test.jdbc4.ArrayTest.setUp(ArrayTest.java:55)
]]></error>
  </testcase>
  <testcase name="testCasingBuiltinNonAlias[binary = REGULAR]" classname="org.postgresql.test.jdbc4.ArrayTest" time="0">
    <error type="java.lang.NullPointerException:">java.lang.NullPointerException: null
	at org.postgresql.test.TestUtil.dropTable(TestUtil.java:517)
	at org.postgresql.test.jdbc4.ArrayTest.tearDown(ArrayTest.java:72)
</error>
  </testcase>
  <testcase name="testGetArrayOfComposites[binary = REGULAR]" classname="org.postgresql.test.jdbc4.ArrayTest" time="0">
    <error message="Connection to localhost:5432 refused. Check that the hostname and port are correct and that the postmaster is accepting TCP/IP connections." type="org.postgresql.util.PSQLException"><![CDATA[org.postgresql.util.PSQLException: Connection to localhost:5432 refused. Check that the hostname and port are correct and that the postmaster is accepting TCP/IP connections.
	at java.net.PlainSocketImpl.socketConnect(Native Method)
	at java.net.AbstractPlainSocketImpl.doConnect(AbstractPlainSocketImpl.java:350)
	at java.net.AbstractPlainSocketImpl.connectToAddress(AbstractPlainSocketImpl.java:206)
	at java.net.AbstractPlainSocketImpl.connect(AbstractPlainSocketImpl.java:188)
	at java.net.SocksSocketImpl.connect(SocksSocketImpl.java:392)
	at java.net.Socket.connect(Socket.java:589)
	at org.postgresql.core.PGStream.<init>(PGStream.java:69)
	at org.postgresql.core.v3.ConnectionFactoryImpl.openConnectionImpl(ConnectionFactoryImpl.java:156)
	at org.postgresql.core.ConnectionFactory.openConnection(ConnectionFactory.java:49)
	at org.postgresql.jdbc.PgConnection.<init>(PgConnection.java:195)
	at org.postgresql.Driver.makeConnection(Driver.java:454)
	at org.postgresql.Driver.connect(Driver.java:256)
	at java.sql.DriverManager.getConnection(DriverManager.java:664)
	at java.sql.DriverManager.getConnection(DriverManager.java:208)
	at org.postgresql.test.TestUtil.openDB(TestUtil.java:312)
	at org.postgresql.test.jdbc2.BaseTest4.setUp(BaseTest4.java:83)
	at org.postgresql.test.jdbc4.ArrayTest.setUp(ArrayTest.java:55)
]]></error>
  </testcase>
  <testcase name="testGetArrayOfComposites[binary = REGULAR]" classname="org.postgresql.test.jdbc4.ArrayTest" time="0">
    <error type="java.lang.NullPointerException:">java.lang.NullPointerException: null
	at org.postgresql.test.TestUtil.dropTable(TestUtil.java:517)
	at org.postgresql.test.jdbc4.ArrayTest.tearDown(ArrayTest.java:72)
</error>
  </testcase>
  <testcase name="testCreateArrayOfSmallInt[binary = REGULAR]" classname="org.postgresql.test.jdbc4.ArrayTest" time="0">
    <error message="Connection to localhost:5432 refused. Check that the hostname and port are correct and that the postmaster is accepting TCP/IP connections." type="org.postgresql.util.PSQLException"><![CDATA[org.postgresql.util.PSQLException: Connection to localhost:5432 refused. Check that the hostname and port are correct and that the postmaster is accepting TCP/IP connections.
	at java.net.PlainSocketImpl.socketConnect(Native Method)
	at java.net.AbstractPlainSocketImpl.doConnect(AbstractPlainSocketImpl.java:350)
	at java.net.AbstractPlainSocketImpl.connectToAddress(AbstractPlainSocketImpl.java:206)
	at java.net.AbstractPlainSocketImpl.connect(AbstractPlainSocketImpl.java:188)
	at java.net.SocksSocketImpl.connect(SocksSocketImpl.java:392)
	at java.net.Socket.connect(Socket.java:589)
	at org.postgresql.core.PGStream.<init>(PGStream.java:69)
	at org.postgresql.core.v3.ConnectionFactoryImpl.openConnectionImpl(ConnectionFactoryImpl.java:156)
	at org.postgresql.core.ConnectionFactory.openConnection(ConnectionFactory.java:49)
	at org.postgresql.jdbc.PgConnection.<init>(PgConnection.java:195)
	at org.postgresql.Driver.makeConnection(Driver.java:454)
	at org.postgresql.Driver.connect(Driver.java:256)
	at java.sql.DriverManager.getConnection(DriverManager.java:664)
	at java.sql.DriverManager.getConnection(DriverManager.java:208)
	at org.postgresql.test.TestUtil.openDB(TestUtil.java:312)
	at org.postgresql.test.jdbc2.BaseTest4.setUp(BaseTest4.java:83)
	at org.postgresql.test.jdbc4.ArrayTest.setUp(ArrayTest.java:55)
]]></error>
  </testcase>
  <testcase name="testCreateArrayOfSmallInt[binary = REGULAR]" classname="org.postgresql.test.jdbc4.ArrayTest" time="0">
    <error type="java.lang.NullPointerException:">java.lang.NullPointerException: null
	at org.postgresql.test.TestUtil.dropTable(TestUtil.java:517)
	at org.postgresql.test.jdbc4.ArrayTest.tearDown(ArrayTest.java:72)
</error>
  </testcase>
  <testcase name="testCreateArrayOfMultiString[binary = REGULAR]" classname="org.postgresql.test.jdbc4.ArrayTest" time="0">
    <error message="Connection to localhost:5432 refused. Check that the hostname and port are correct and that the postmaster is accepting TCP/IP connections." type="org.postgresql.util.PSQLException"><![CDATA[org.postgresql.util.PSQLException: Connection to localhost:5432 refused. Check that the hostname and port are correct and that the postmaster is accepting TCP/IP connections.
	at java.net.PlainSocketImpl.socketConnect(Native Method)
	at java.net.AbstractPlainSocketImpl.doConnect(AbstractPlainSocketImpl.java:350)
	at java.net.AbstractPlainSocketImpl.connectToAddress(AbstractPlainSocketImpl.java:206)
	at java.net.AbstractPlainSocketImpl.connect(AbstractPlainSocketImpl.java:188)
	at java.net.SocksSocketImpl.connect(SocksSocketImpl.java:392)
	at java.net.Socket.connect(Socket.java:589)
	at org.postgresql.core.PGStream.<init>(PGStream.java:69)
	at org.postgresql.core.v3.ConnectionFactoryImpl.openConnectionImpl(ConnectionFactoryImpl.java:156)
	at org.postgresql.core.ConnectionFactory.openConnection(ConnectionFactory.java:49)
	at org.postgresql.jdbc.PgConnection.<init>(PgConnection.java:195)
	at org.postgresql.Driver.makeConnection(Driver.java:454)
	at org.postgresql.Driver.connect(Driver.java:256)
	at java.sql.DriverManager.getConnection(DriverManager.java:664)
	at java.sql.DriverManager.getConnection(DriverManager.java:208)
	at org.postgresql.test.TestUtil.openDB(TestUtil.java:312)
	at org.postgresql.test.jdbc2.BaseTest4.setUp(BaseTest4.java:83)
	at org.postgresql.test.jdbc4.ArrayTest.setUp(ArrayTest.java:55)
]]></error>
  </testcase>
  <testcase name="testCreateArrayOfMultiString[binary = REGULAR]" classname="org.postgresql.test.jdbc4.ArrayTest" time="0">
    <error type="java.lang.NullPointerException:">java.lang.NullPointerException: null
	at org.postgresql.test.TestUtil.dropTable(TestUtil.java:517)
	at org.postgresql.test.jdbc4.ArrayTest.tearDown(ArrayTest.java:72)
</error>
  </testcase>
  <testcase name="testCreateArrayWithNonStandardDelimiter[binary = FORCE]" classname="org.postgresql.test.jdbc4.ArrayTest" time="0">
    <error message="Connection to localhost:5432 refused. Check that the hostname and port are correct and that the postmaster is accepting TCP/IP connections." type="org.postgresql.util.PSQLException"><![CDATA[org.postgresql.util.PSQLException: Connection to localhost:5432 refused. Check that the hostname and port are correct and that the postmaster is accepting TCP/IP connections.
	at java.net.PlainSocketImpl.socketConnect(Native Method)
	at java.net.AbstractPlainSocketImpl.doConnect(AbstractPlainSocketImpl.java:350)
	at java.net.AbstractPlainSocketImpl.connectToAddress(AbstractPlainSocketImpl.java:206)
	at java.net.AbstractPlainSocketImpl.connect(AbstractPlainSocketImpl.java:188)
	at java.net.SocksSocketImpl.connect(SocksSocketImpl.java:392)
	at java.net.Socket.connect(Socket.java:589)
	at org.postgresql.core.PGStream.<init>(PGStream.java:69)
	at org.postgresql.core.v3.ConnectionFactoryImpl.openConnectionImpl(ConnectionFactoryImpl.java:156)
	at org.postgresql.core.ConnectionFactory.openConnection(ConnectionFactory.java:49)
	at org.postgresql.jdbc.PgConnection.<init>(PgConnection.java:195)
	at org.postgresql.Driver.makeConnection(Driver.java:454)
	at org.postgresql.Driver.connect(Driver.java:256)
	at java.sql.DriverManager.getConnection(DriverManager.java:664)
	at java.sql.DriverManager.getConnection(DriverManager.java:208)
	at org.postgresql.test.TestUtil.openDB(TestUtil.java:312)
	at org.postgresql.test.jdbc2.BaseTest4.setUp(BaseTest4.java:83)
	at org.postgresql.test.jdbc4.ArrayTest.setUp(ArrayTest.java:55)
]]></error>
  </testcase>
  <testcase name="testCreateArrayWithNonStandardDelimiter[binary = FORCE]" classname="org.postgresql.test.jdbc4.ArrayTest" time="0">
    <error type="java.lang.NullPointerException:">java.lang.NullPointerException: null
	at org.postgresql.test.TestUtil.dropTable(TestUtil.java:517)
	at org.postgresql.test.jdbc4.ArrayTest.tearDown(ArrayTest.java:72)
</error>
  </testcase>
  <testcase name="multiDimIntArray[binary = FORCE]" classname="org.postgresql.test.jdbc4.ArrayTest" time="0">
    <error message="Connection to localhost:5432 refused. Check that the hostname and port are correct and that the postmaster is accepting TCP/IP connections." type="org.postgresql.util.PSQLException"><![CDATA[org.postgresql.util.PSQLException: Connection to localhost:5432 refused. Check that the hostname and port are correct and that the postmaster is accepting TCP/IP connections.
	at java.net.PlainSocketImpl.socketConnect(Native Method)
	at java.net.AbstractPlainSocketImpl.doConnect(AbstractPlainSocketImpl.java:350)
	at java.net.AbstractPlainSocketImpl.connectToAddress(AbstractPlainSocketImpl.java:206)
	at java.net.AbstractPlainSocketImpl.connect(AbstractPlainSocketImpl.java:188)
	at java.net.SocksSocketImpl.connect(SocksSocketImpl.java:392)
	at java.net.Socket.connect(Socket.java:589)
	at org.postgresql.core.PGStream.<init>(PGStream.java:69)
	at org.postgresql.core.v3.ConnectionFactoryImpl.openConnectionImpl(ConnectionFactoryImpl.java:156)
	at org.postgresql.core.ConnectionFactory.openConnection(ConnectionFactory.java:49)
	at org.postgresql.jdbc.PgConnection.<init>(PgConnection.java:195)
	at org.postgresql.Driver.makeConnection(Driver.java:454)
	at org.postgresql.Driver.connect(Driver.java:256)
	at java.sql.DriverManager.getConnection(DriverManager.java:664)
	at java.sql.DriverManager.getConnection(DriverManager.java:208)
	at org.postgresql.test.TestUtil.openDB(TestUtil.java:312)
	at org.postgresql.test.jdbc2.BaseTest4.setUp(BaseTest4.java:83)
	at org.postgresql.test.jdbc4.ArrayTest.setUp(ArrayTest.java:55)
]]></error>
  </testcase>
  <testcase name="multiDimIntArray[binary = FORCE]" classname="org.postgresql.test.jdbc4.ArrayTest" time="0">
    <error type="java.lang.NullPointerException:">java.lang.NullPointerException: null
	at org.postgresql.test.TestUtil.dropTable(TestUtil.java:517)
	at org.postgresql.test.jdbc4.ArrayTest.tearDown(ArrayTest.java:72)
</error>
  </testcase>
  <testcase name="testCasingBuiltinAlias[binary = FORCE]" classname="org.postgresql.test.jdbc4.ArrayTest" time="0">
    <error message="Connection to localhost:5432 refused. Check that the hostname and port are correct and that the postmaster is accepting TCP/IP connections." type="org.postgresql.util.PSQLException"><![CDATA[org.postgresql.util.PSQLException: Connection to localhost:5432 refused. Check that the hostname and port are correct and that the postmaster is accepting TCP/IP connections.
	at java.net.PlainSocketImpl.socketConnect(Native Method)
	at java.net.AbstractPlainSocketImpl.doConnect(AbstractPlainSocketImpl.java:350)
	at java.net.AbstractPlainSocketImpl.connectToAddress(AbstractPlainSocketImpl.java:206)
	at java.net.AbstractPlainSocketImpl.connect(AbstractPlainSocketImpl.java:188)
	at java.net.SocksSocketImpl.connect(SocksSocketImpl.java:392)
	at java.net.Socket.connect(Socket.java:589)
	at org.postgresql.core.PGStream.<init>(PGStream.java:69)
	at org.postgresql.core.v3.ConnectionFactoryImpl.openConnectionImpl(ConnectionFactoryImpl.java:156)
	at org.postgresql.core.ConnectionFactory.openConnection(ConnectionFactory.java:49)
	at org.postgresql.jdbc.PgConnection.<init>(PgConnection.java:195)
	at org.postgresql.Driver.makeConnection(Driver.java:454)
	at org.postgresql.Driver.connect(Driver.java:256)
	at java.sql.DriverManager.getConnection(DriverManager.java:664)
	at java.sql.DriverManager.getConnection(DriverManager.java:208)
	at org.postgresql.test.TestUtil.openDB(TestUtil.java:312)
	at org.postgresql.test.jdbc2.BaseTest4.setUp(BaseTest4.java:83)
	at org.postgresql.test.jdbc4.ArrayTest.setUp(ArrayTest.java:55)
]]></error>
  </testcase>
  <testcase name="testCasingBuiltinAlias[binary = FORCE]" classname="org.postgresql.test.jdbc4.ArrayTest" time="0">
    <error type="java.lang.NullPointerException:">java.lang.NullPointerException: null
	at org.postgresql.test.TestUtil.dropTable(TestUtil.java:517)
	at org.postgresql.test.jdbc4.ArrayTest.tearDown(ArrayTest.java:72)
</error>
  </testcase>
  <testcase name="testCreateEmptyArrayOfIntViaAlias[binary = FORCE]" classname="org.postgresql.test.jdbc4.ArrayTest" time="0">
    <error message="Connection to localhost:5432 refused. Check that the hostname and port are correct and that the postmaster is accepting TCP/IP connections." type="org.postgresql.util.PSQLException"><![CDATA[org.postgresql.util.PSQLException: Connection to localhost:5432 refused. Check that the hostname and port are correct and that the postmaster is accepting TCP/IP connections.
	at java.net.PlainSocketImpl.socketConnect(Native Method)
	at java.net.AbstractPlainSocketImpl.doConnect(AbstractPlainSocketImpl.java:350)
	at java.net.AbstractPlainSocketImpl.connectToAddress(AbstractPlainSocketImpl.java:206)
	at java.net.AbstractPlainSocketImpl.connect(AbstractPlainSocketImpl.java:188)
	at java.net.SocksSocketImpl.connect(SocksSocketImpl.java:392)
	at java.net.Socket.connect(Socket.java:589)
	at org.postgresql.core.PGStream.<init>(PGStream.java:69)
	at org.postgresql.core.v3.ConnectionFactoryImpl.openConnectionImpl(ConnectionFactoryImpl.java:156)
	at org.postgresql.core.ConnectionFactory.openConnection(ConnectionFactory.java:49)
	at org.postgresql.jdbc.PgConnection.<init>(PgConnection.java:195)
	at org.postgresql.Driver.makeConnection(Driver.java:454)
	at org.postgresql.Driver.connect(Driver.java:256)
	at java.sql.DriverManager.getConnection(DriverManager.java:664)
	at java.sql.DriverManager.getConnection(DriverManager.java:208)
	at org.postgresql.test.TestUtil.openDB(TestUtil.java:312)
	at org.postgresql.test.jdbc2.BaseTest4.setUp(BaseTest4.java:83)
	at org.postgresql.test.jdbc4.ArrayTest.setUp(ArrayTest.java:55)
]]></error>
  </testcase>
  <testcase name="testCreateEmptyArrayOfIntViaAlias[binary = FORCE]" classname="org.postgresql.test.jdbc4.ArrayTest" time="0">
    <error type="java.lang.NullPointerException:">java.lang.NullPointerException: null
	at org.postgresql.test.TestUtil.dropTable(TestUtil.java:517)
	at org.postgresql.test.jdbc4.ArrayTest.tearDown(ArrayTest.java:72)
</error>
  </testcase>
  <testcase name="testCreateArrayWithoutServer[binary = FORCE]" classname="org.postgresql.test.jdbc4.ArrayTest" time="0">
    <error message="Connection to localhost:5432 refused. Check that the hostname and port are correct and that the postmaster is accepting TCP/IP connections." type="org.postgresql.util.PSQLException"><![CDATA[org.postgresql.util.PSQLException: Connection to localhost:5432 refused. Check that the hostname and port are correct and that the postmaster is accepting TCP/IP connections.
	at java.net.PlainSocketImpl.socketConnect(Native Method)
	at java.net.AbstractPlainSocketImpl.doConnect(AbstractPlainSocketImpl.java:350)
	at java.net.AbstractPlainSocketImpl.connectToAddress(AbstractPlainSocketImpl.java:206)
	at java.net.AbstractPlainSocketImpl.connect(AbstractPlainSocketImpl.java:188)
	at java.net.SocksSocketImpl.connect(SocksSocketImpl.java:392)
	at java.net.Socket.connect(Socket.java:589)
	at org.postgresql.core.PGStream.<init>(PGStream.java:69)
	at org.postgresql.core.v3.ConnectionFactoryImpl.openConnectionImpl(ConnectionFactoryImpl.java:156)
	at org.postgresql.core.ConnectionFactory.openConnection(ConnectionFactory.java:49)
	at org.postgresql.jdbc.PgConnection.<init>(PgConnection.java:195)
	at org.postgresql.Driver.makeConnection(Driver.java:454)
	at org.postgresql.Driver.connect(Driver.java:256)
	at java.sql.DriverManager.getConnection(DriverManager.java:664)
	at java.sql.DriverManager.getConnection(DriverManager.java:208)
	at org.postgresql.test.TestUtil.openDB(TestUtil.java:312)
	at org.postgresql.test.jdbc2.BaseTest4.setUp(BaseTest4.java:83)
	at org.postgresql.test.jdbc4.ArrayTest.setUp(ArrayTest.java:55)
]]></error>
  </testcase>
  <testcase name="testCreateArrayWithoutServer[binary = FORCE]" classname="org.postgresql.test.jdbc4.ArrayTest" time="0">
    <error type="java.lang.NullPointerException:">java.lang.NullPointerException: null
	at org.postgresql.test.TestUtil.dropTable(TestUtil.java:517)
	at org.postgresql.test.jdbc4.ArrayTest.tearDown(ArrayTest.java:72)
</error>
  </testcase>
  <testcase name="testToString[binary = FORCE]" classname="org.postgresql.test.jdbc4.ArrayTest" time="0">
    <error message="Connection to localhost:5432 refused. Check that the hostname and port are correct and that the postmaster is accepting TCP/IP connections." type="org.postgresql.util.PSQLException"><![CDATA[org.postgresql.util.PSQLException: Connection to localhost:5432 refused. Check that the hostname and port are correct and that the postmaster is accepting TCP/IP connections.
	at java.net.PlainSocketImpl.socketConnect(Native Method)
	at java.net.AbstractPlainSocketImpl.doConnect(AbstractPlainSocketImpl.java:350)
	at java.net.AbstractPlainSocketImpl.connectToAddress(AbstractPlainSocketImpl.java:206)
	at java.net.AbstractPlainSocketImpl.connect(AbstractPlainSocketImpl.java:188)
	at java.net.SocksSocketImpl.connect(SocksSocketImpl.java:392)
	at java.net.Socket.connect(Socket.java:589)
	at org.postgresql.core.PGStream.<init>(PGStream.java:69)
	at org.postgresql.core.v3.ConnectionFactoryImpl.openConnectionImpl(ConnectionFactoryImpl.java:156)
	at org.postgresql.core.ConnectionFactory.openConnection(ConnectionFactory.java:49)
	at org.postgresql.jdbc.PgConnection.<init>(PgConnection.java:195)
	at org.postgresql.Driver.makeConnection(Driver.java:454)
	at org.postgresql.Driver.connect(Driver.java:256)
	at java.sql.DriverManager.getConnection(DriverManager.java:664)
	at java.sql.DriverManager.getConnection(DriverManager.java:208)
	at org.postgresql.test.TestUtil.openDB(TestUtil.java:312)
	at org.postgresql.test.jdbc2.BaseTest4.setUp(BaseTest4.java:83)
	at org.postgresql.test.jdbc4.ArrayTest.setUp(ArrayTest.java:55)
]]></error>
  </testcase>
  <testcase name="testToString[binary = FORCE]" classname="org.postgresql.test.jdbc4.ArrayTest" time="0">
    <error type="java.lang.NullPointerException:">java.lang.NullPointerException: null
	at org.postgresql.test.TestUtil.dropTable(TestUtil.java:517)
	at org.postgresql.test.jdbc4.ArrayTest.tearDown(ArrayTest.java:72)
</error>
  </testcase>
  <testcase name="testCreateArrayOfBool[binary = FORCE]" classname="org.postgresql.test.jdbc4.ArrayTest" time="0">
    <error message="Connection to localhost:5432 refused. Check that the hostname and port are correct and that the postmaster is accepting TCP/IP connections." type="org.postgresql.util.PSQLException"><![CDATA[org.postgresql.util.PSQLException: Connection to localhost:5432 refused. Check that the hostname and port are correct and that the postmaster is accepting TCP/IP connections.
	at java.net.PlainSocketImpl.socketConnect(Native Method)
	at java.net.AbstractPlainSocketImpl.doConnect(AbstractPlainSocketImpl.java:350)
	at java.net.AbstractPlainSocketImpl.connectToAddress(AbstractPlainSocketImpl.java:206)
	at java.net.AbstractPlainSocketImpl.connect(AbstractPlainSocketImpl.java:188)
	at java.net.SocksSocketImpl.connect(SocksSocketImpl.java:392)
	at java.net.Socket.connect(Socket.java:589)
	at org.postgresql.core.PGStream.<init>(PGStream.java:69)
	at org.postgresql.core.v3.ConnectionFactoryImpl.openConnectionImpl(ConnectionFactoryImpl.java:156)
	at org.postgresql.core.ConnectionFactory.openConnection(ConnectionFactory.java:49)
	at org.postgresql.jdbc.PgConnection.<init>(PgConnection.java:195)
	at org.postgresql.Driver.makeConnection(Driver.java:454)
	at org.postgresql.Driver.connect(Driver.java:256)
	at java.sql.DriverManager.getConnection(DriverManager.java:664)
	at java.sql.DriverManager.getConnection(DriverManager.java:208)
	at org.postgresql.test.TestUtil.openDB(TestUtil.java:312)
	at org.postgresql.test.jdbc2.BaseTest4.setUp(BaseTest4.java:83)
	at org.postgresql.test.jdbc4.ArrayTest.setUp(ArrayTest.java:55)
]]></error>
  </testcase>
  <testcase name="testCreateArrayOfBool[binary = FORCE]" classname="org.postgresql.test.jdbc4.ArrayTest" time="0">
    <error type="java.lang.NullPointerException:">java.lang.NullPointerException: null
	at org.postgresql.test.TestUtil.dropTable(TestUtil.java:517)
	at org.postgresql.test.jdbc4.ArrayTest.tearDown(ArrayTest.java:72)
</error>
  </testcase>
  <testcase name="testCreateArrayOfNull[binary = FORCE]" classname="org.postgresql.test.jdbc4.ArrayTest" time="0">
    <error message="Connection to localhost:5432 refused. Check that the hostname and port are correct and that the postmaster is accepting TCP/IP connections." type="org.postgresql.util.PSQLException"><![CDATA[org.postgresql.util.PSQLException: Connection to localhost:5432 refused. Check that the hostname and port are correct and that the postmaster is accepting TCP/IP connections.
	at java.net.PlainSocketImpl.socketConnect(Native Method)
	at java.net.AbstractPlainSocketImpl.doConnect(AbstractPlainSocketImpl.java:350)
	at java.net.AbstractPlainSocketImpl.connectToAddress(AbstractPlainSocketImpl.java:206)
	at java.net.AbstractPlainSocketImpl.connect(AbstractPlainSocketImpl.java:188)
	at java.net.SocksSocketImpl.connect(SocksSocketImpl.java:392)
	at java.net.Socket.connect(Socket.java:589)
	at org.postgresql.core.PGStream.<init>(PGStream.java:69)
	at org.postgresql.core.v3.ConnectionFactoryImpl.openConnectionImpl(ConnectionFactoryImpl.java:156)
	at org.postgresql.core.ConnectionFactory.openConnection(ConnectionFactory.java:49)
	at org.postgresql.jdbc.PgConnection.<init>(PgConnection.java:195)
	at org.postgresql.Driver.makeConnection(Driver.java:454)
	at org.postgresql.Driver.connect(Driver.java:256)
	at java.sql.DriverManager.getConnection(DriverManager.java:664)
	at java.sql.DriverManager.getConnection(DriverManager.java:208)
	at org.postgresql.test.TestUtil.openDB(TestUtil.java:312)
	at org.postgresql.test.jdbc2.BaseTest4.setUp(BaseTest4.java:83)
	at org.postgresql.test.jdbc4.ArrayTest.setUp(ArrayTest.java:55)
]]></error>
  </testcase>
  <testcase name="testCreateArrayOfNull[binary = FORCE]" classname="org.postgresql.test.jdbc4.ArrayTest" time="0">
    <error type="java.lang.NullPointerException:">java.lang.NullPointerException: null
	at org.postgresql.test.TestUtil.dropTable(TestUtil.java:517)
	at org.postgresql.test.jdbc4.ArrayTest.tearDown(ArrayTest.java:72)
</error>
  </testcase>
  <testcase name="createNullArray[binary = FORCE]" classname="org.postgresql.test.jdbc4.ArrayTest" time="0">
    <error message="Connection to localhost:5432 refused. Check that the hostname and port are correct and that the postmaster is accepting TCP/IP connections." type="org.postgresql.util.PSQLException"><![CDATA[org.postgresql.util.PSQLException: Connection to localhost:5432 refused. Check that the hostname and port are correct and that the postmaster is accepting TCP/IP connections.
	at java.net.PlainSocketImpl.socketConnect(Native Method)
	at java.net.AbstractPlainSocketImpl.doConnect(AbstractPlainSocketImpl.java:350)
	at java.net.AbstractPlainSocketImpl.connectToAddress(AbstractPlainSocketImpl.java:206)
	at java.net.AbstractPlainSocketImpl.connect(AbstractPlainSocketImpl.java:188)
	at java.net.SocksSocketImpl.connect(SocksSocketImpl.java:392)
	at java.net.Socket.connect(Socket.java:589)
	at org.postgresql.core.PGStream.<init>(PGStream.java:69)
	at org.postgresql.core.v3.ConnectionFactoryImpl.openConnectionImpl(ConnectionFactoryImpl.java:156)
	at org.postgresql.core.ConnectionFactory.openConnection(ConnectionFactory.java:49)
	at org.postgresql.jdbc.PgConnection.<init>(PgConnection.java:195)
	at org.postgresql.Driver.makeConnection(Driver.java:454)
	at org.postgresql.Driver.connect(Driver.java:256)
	at java.sql.DriverManager.getConnection(DriverManager.java:664)
	at java.sql.DriverManager.getConnection(DriverManager.java:208)
	at org.postgresql.test.TestUtil.openDB(TestUtil.java:312)
	at org.postgresql.test.jdbc2.BaseTest4.setUp(BaseTest4.java:83)
	at org.postgresql.test.jdbc4.ArrayTest.setUp(ArrayTest.java:55)
]]></error>
  </testcase>
  <testcase name="createNullArray[binary = FORCE]" classname="org.postgresql.test.jdbc4.ArrayTest" time="0">
    <error type="java.lang.NullPointerException:">java.lang.NullPointerException: null
	at org.postgresql.test.TestUtil.dropTable(TestUtil.java:517)
	at org.postgresql.test.jdbc4.ArrayTest.tearDown(ArrayTest.java:72)
</error>
  </testcase>
  <testcase name="testCreateArrayOfInt[binary = FORCE]" classname="org.postgresql.test.jdbc4.ArrayTest" time="0">
    <error message="Connection to localhost:5432 refused. Check that the hostname and port are correct and that the postmaster is accepting TCP/IP connections." type="org.postgresql.util.PSQLException"><![CDATA[org.postgresql.util.PSQLException: Connection to localhost:5432 refused. Check that the hostname and port are correct and that the postmaster is accepting TCP/IP connections.
	at java.net.PlainSocketImpl.socketConnect(Native Method)
	at java.net.AbstractPlainSocketImpl.doConnect(AbstractPlainSocketImpl.java:350)
	at java.net.AbstractPlainSocketImpl.connectToAddress(AbstractPlainSocketImpl.java:206)
	at java.net.AbstractPlainSocketImpl.connect(AbstractPlainSocketImpl.java:188)
	at java.net.SocksSocketImpl.connect(SocksSocketImpl.java:392)
	at java.net.Socket.connect(Socket.java:589)
	at org.postgresql.core.PGStream.<init>(PGStream.java:69)
	at org.postgresql.core.v3.ConnectionFactoryImpl.openConnectionImpl(ConnectionFactoryImpl.java:156)
	at org.postgresql.core.ConnectionFactory.openConnection(ConnectionFactory.java:49)
	at org.postgresql.jdbc.PgConnection.<init>(PgConnection.java:195)
	at org.postgresql.Driver.makeConnection(Driver.java:454)
	at org.postgresql.Driver.connect(Driver.java:256)
	at java.sql.DriverManager.getConnection(DriverManager.java:664)
	at java.sql.DriverManager.getConnection(DriverManager.java:208)
	at org.postgresql.test.TestUtil.openDB(TestUtil.java:312)
	at org.postgresql.test.jdbc2.BaseTest4.setUp(BaseTest4.java:83)
	at org.postgresql.test.jdbc4.ArrayTest.setUp(ArrayTest.java:55)
]]></error>
  </testcase>
  <testcase name="testCreateArrayOfInt[binary = FORCE]" classname="org.postgresql.test.jdbc4.ArrayTest" time="0">
    <error type="java.lang.NullPointerException:">java.lang.NullPointerException: null
	at org.postgresql.test.TestUtil.dropTable(TestUtil.java:517)
	at org.postgresql.test.jdbc4.ArrayTest.tearDown(ArrayTest.java:72)
</error>
  </testcase>
  <testcase name="testEvilCasing[binary = FORCE]" classname="org.postgresql.test.jdbc4.ArrayTest" time="0">
    <error message="Connection to localhost:5432 refused. Check that the hostname and port are correct and that the postmaster is accepting TCP/IP connections." type="org.postgresql.util.PSQLException"><![CDATA[org.postgresql.util.PSQLException: Connection to localhost:5432 refused. Check that the hostname and port are correct and that the postmaster is accepting TCP/IP connections.
	at java.net.PlainSocketImpl.socketConnect(Native Method)
	at java.net.AbstractPlainSocketImpl.doConnect(AbstractPlainSocketImpl.java:350)
	at java.net.AbstractPlainSocketImpl.connectToAddress(AbstractPlainSocketImpl.java:206)
	at java.net.AbstractPlainSocketImpl.connect(AbstractPlainSocketImpl.java:188)
	at java.net.SocksSocketImpl.connect(SocksSocketImpl.java:392)
	at java.net.Socket.connect(Socket.java:589)
	at org.postgresql.core.PGStream.<init>(PGStream.java:69)
	at org.postgresql.core.v3.ConnectionFactoryImpl.openConnectionImpl(ConnectionFactoryImpl.java:156)
	at org.postgresql.core.ConnectionFactory.openConnection(ConnectionFactory.java:49)
	at org.postgresql.jdbc.PgConnection.<init>(PgConnection.java:195)
	at org.postgresql.Driver.makeConnection(Driver.java:454)
	at org.postgresql.Driver.connect(Driver.java:256)
	at java.sql.DriverManager.getConnection(DriverManager.java:664)
	at java.sql.DriverManager.getConnection(DriverManager.java:208)
	at org.postgresql.test.TestUtil.openDB(TestUtil.java:312)
	at org.postgresql.test.jdbc2.BaseTest4.setUp(BaseTest4.java:83)
	at org.postgresql.test.jdbc4.ArrayTest.setUp(ArrayTest.java:55)
]]></error>
  </testcase>
  <testcase name="testEvilCasing[binary = FORCE]" classname="org.postgresql.test.jdbc4.ArrayTest" time="0.001">
    <error type="java.lang.NullPointerException:">java.lang.NullPointerException: null
	at org.postgresql.test.TestUtil.dropTable(TestUtil.java:517)
	at org.postgresql.test.jdbc4.ArrayTest.tearDown(ArrayTest.java:72)
</error>
  </testcase>
  <testcase name="testUUIDArray[binary = FORCE]" classname="org.postgresql.test.jdbc4.ArrayTest" time="0">
    <error message="Connection to localhost:5432 refused. Check that the hostname and port are correct and that the postmaster is accepting TCP/IP connections." type="org.postgresql.util.PSQLException"><![CDATA[org.postgresql.util.PSQLException: Connection to localhost:5432 refused. Check that the hostname and port are correct and that the postmaster is accepting TCP/IP connections.
	at java.net.PlainSocketImpl.socketConnect(Native Method)
	at java.net.AbstractPlainSocketImpl.doConnect(AbstractPlainSocketImpl.java:350)
	at java.net.AbstractPlainSocketImpl.connectToAddress(AbstractPlainSocketImpl.java:206)
	at java.net.AbstractPlainSocketImpl.connect(AbstractPlainSocketImpl.java:188)
	at java.net.SocksSocketImpl.connect(SocksSocketImpl.java:392)
	at java.net.Socket.connect(Socket.java:589)
	at org.postgresql.core.PGStream.<init>(PGStream.java:69)
	at org.postgresql.core.v3.ConnectionFactoryImpl.openConnectionImpl(ConnectionFactoryImpl.java:156)
	at org.postgresql.core.ConnectionFactory.openConnection(ConnectionFactory.java:49)
	at org.postgresql.jdbc.PgConnection.<init>(PgConnection.java:195)
	at org.postgresql.Driver.makeConnection(Driver.java:454)
	at org.postgresql.Driver.connect(Driver.java:256)
	at java.sql.DriverManager.getConnection(DriverManager.java:664)
	at java.sql.DriverManager.getConnection(DriverManager.java:208)
	at org.postgresql.test.TestUtil.openDB(TestUtil.java:312)
	at org.postgresql.test.jdbc2.BaseTest4.setUp(BaseTest4.java:83)
	at org.postgresql.test.jdbc4.ArrayTest.setUp(ArrayTest.java:55)
]]></error>
  </testcase>
  <testcase name="testUUIDArray[binary = FORCE]" classname="org.postgresql.test.jdbc4.ArrayTest" time="0">
    <error type="java.lang.NullPointerException:">java.lang.NullPointerException: null
	at org.postgresql.test.TestUtil.dropTable(TestUtil.java:517)
	at org.postgresql.test.jdbc4.ArrayTest.tearDown(ArrayTest.java:72)
</error>
  </testcase>
  <testcase name="testCreatePrimitiveArray[binary = FORCE]" classname="org.postgresql.test.jdbc4.ArrayTest" time="0">
    <error message="Connection to localhost:5432 refused. Check that the hostname and port are correct and that the postmaster is accepting TCP/IP connections." type="org.postgresql.util.PSQLException"><![CDATA[org.postgresql.util.PSQLException: Connection to localhost:5432 refused. Check that the hostname and port are correct and that the postmaster is accepting TCP/IP connections.
	at java.net.PlainSocketImpl.socketConnect(Native Method)
	at java.net.AbstractPlainSocketImpl.doConnect(AbstractPlainSocketImpl.java:350)
	at java.net.AbstractPlainSocketImpl.connectToAddress(AbstractPlainSocketImpl.java:206)
	at java.net.AbstractPlainSocketImpl.connect(AbstractPlainSocketImpl.java:188)
	at java.net.SocksSocketImpl.connect(SocksSocketImpl.java:392)
	at java.net.Socket.connect(Socket.java:589)
	at org.postgresql.core.PGStream.<init>(PGStream.java:69)
	at org.postgresql.core.v3.ConnectionFactoryImpl.openConnectionImpl(ConnectionFactoryImpl.java:156)
	at org.postgresql.core.ConnectionFactory.openConnection(ConnectionFactory.java:49)
	at org.postgresql.jdbc.PgConnection.<init>(PgConnection.java:195)
	at org.postgresql.Driver.makeConnection(Driver.java:454)
	at org.postgresql.Driver.connect(Driver.java:256)
	at java.sql.DriverManager.getConnection(DriverManager.java:664)
	at java.sql.DriverManager.getConnection(DriverManager.java:208)
	at org.postgresql.test.TestUtil.openDB(TestUtil.java:312)
	at org.postgresql.test.jdbc2.BaseTest4.setUp(BaseTest4.java:83)
	at org.postgresql.test.jdbc4.ArrayTest.setUp(ArrayTest.java:55)
]]></error>
  </testcase>
  <testcase name="testCreatePrimitiveArray[binary = FORCE]" classname="org.postgresql.test.jdbc4.ArrayTest" time="0">
    <error type="java.lang.NullPointerException:">java.lang.NullPointerException: null
	at org.postgresql.test.TestUtil.dropTable(TestUtil.java:517)
	at org.postgresql.test.jdbc4.ArrayTest.tearDown(ArrayTest.java:72)
</error>
  </testcase>
  <testcase name="testCasingComposite[binary = FORCE]" classname="org.postgresql.test.jdbc4.ArrayTest" time="0">
    <error message="Connection to localhost:5432 refused. Check that the hostname and port are correct and that the postmaster is accepting TCP/IP connections." type="org.postgresql.util.PSQLException"><![CDATA[org.postgresql.util.PSQLException: Connection to localhost:5432 refused. Check that the hostname and port are correct and that the postmaster is accepting TCP/IP connections.
	at java.net.PlainSocketImpl.socketConnect(Native Method)
	at java.net.AbstractPlainSocketImpl.doConnect(AbstractPlainSocketImpl.java:350)
	at java.net.AbstractPlainSocketImpl.connectToAddress(AbstractPlainSocketImpl.java:206)
	at java.net.AbstractPlainSocketImpl.connect(AbstractPlainSocketImpl.java:188)
	at java.net.SocksSocketImpl.connect(SocksSocketImpl.java:392)
	at java.net.Socket.connect(Socket.java:589)
	at org.postgresql.core.PGStream.<init>(PGStream.java:69)
	at org.postgresql.core.v3.ConnectionFactoryImpl.openConnectionImpl(ConnectionFactoryImpl.java:156)
	at org.postgresql.core.ConnectionFactory.openConnection(ConnectionFactory.java:49)
	at org.postgresql.jdbc.PgConnection.<init>(PgConnection.java:195)
	at org.postgresql.Driver.makeConnection(Driver.java:454)
	at org.postgresql.Driver.connect(Driver.java:256)
	at java.sql.DriverManager.getConnection(DriverManager.java:664)
	at java.sql.DriverManager.getConnection(DriverManager.java:208)
	at org.postgresql.test.TestUtil.openDB(TestUtil.java:312)
	at org.postgresql.test.jdbc2.BaseTest4.setUp(BaseTest4.java:83)
	at org.postgresql.test.jdbc4.ArrayTest.setUp(ArrayTest.java:55)
]]></error>
  </testcase>
  <testcase name="testCasingComposite[binary = FORCE]" classname="org.postgresql.test.jdbc4.ArrayTest" time="0">
    <error type="java.lang.NullPointerException:">java.lang.NullPointerException: null
	at org.postgresql.test.TestUtil.dropTable(TestUtil.java:517)
	at org.postgresql.test.jdbc4.ArrayTest.tearDown(ArrayTest.java:72)
</error>
  </testcase>
  <testcase name="testSetObjectFromJavaArray[binary = FORCE]" classname="org.postgresql.test.jdbc4.ArrayTest" time="0">
    <error message="Connection to localhost:5432 refused. Check that the hostname and port are correct and that the postmaster is accepting TCP/IP connections." type="org.postgresql.util.PSQLException"><![CDATA[org.postgresql.util.PSQLException: Connection to localhost:5432 refused. Check that the hostname and port are correct and that the postmaster is accepting TCP/IP connections.
	at java.net.PlainSocketImpl.socketConnect(Native Method)
	at java.net.AbstractPlainSocketImpl.doConnect(AbstractPlainSocketImpl.java:350)
	at java.net.AbstractPlainSocketImpl.connectToAddress(AbstractPlainSocketImpl.java:206)
	at java.net.AbstractPlainSocketImpl.connect(AbstractPlainSocketImpl.java:188)
	at java.net.SocksSocketImpl.connect(SocksSocketImpl.java:392)
	at java.net.Socket.connect(Socket.java:589)
	at org.postgresql.core.PGStream.<init>(PGStream.java:69)
	at org.postgresql.core.v3.ConnectionFactoryImpl.openConnectionImpl(ConnectionFactoryImpl.java:156)
	at org.postgresql.core.ConnectionFactory.openConnection(ConnectionFactory.java:49)
	at org.postgresql.jdbc.PgConnection.<init>(PgConnection.java:195)
	at org.postgresql.Driver.makeConnection(Driver.java:454)
	at org.postgresql.Driver.connect(Driver.java:256)
	at java.sql.DriverManager.getConnection(DriverManager.java:664)
	at java.sql.DriverManager.getConnection(DriverManager.java:208)
	at org.postgresql.test.TestUtil.openDB(TestUtil.java:312)
	at org.postgresql.test.jdbc2.BaseTest4.setUp(BaseTest4.java:83)
	at org.postgresql.test.jdbc4.ArrayTest.setUp(ArrayTest.java:55)
]]></error>
  </testcase>
  <testcase name="testSetObjectFromJavaArray[binary = FORCE]" classname="org.postgresql.test.jdbc4.ArrayTest" time="0">
    <error type="java.lang.NullPointerException:">java.lang.NullPointerException: null
	at org.postgresql.test.TestUtil.dropTable(TestUtil.java:517)
	at org.postgresql.test.jdbc4.ArrayTest.tearDown(ArrayTest.java:72)
</error>
  </testcase>
  <testcase name="testCreateArrayOfMultiJson[binary = FORCE]" classname="org.postgresql.test.jdbc4.ArrayTest" time="0">
    <error message="Connection to localhost:5432 refused. Check that the hostname and port are correct and that the postmaster is accepting TCP/IP connections." type="org.postgresql.util.PSQLException"><![CDATA[org.postgresql.util.PSQLException: Connection to localhost:5432 refused. Check that the hostname and port are correct and that the postmaster is accepting TCP/IP connections.
	at java.net.PlainSocketImpl.socketConnect(Native Method)
	at java.net.AbstractPlainSocketImpl.doConnect(AbstractPlainSocketImpl.java:350)
	at java.net.AbstractPlainSocketImpl.connectToAddress(AbstractPlainSocketImpl.java:206)
	at java.net.AbstractPlainSocketImpl.connect(AbstractPlainSocketImpl.java:188)
	at java.net.SocksSocketImpl.connect(SocksSocketImpl.java:392)
	at java.net.Socket.connect(Socket.java:589)
	at org.postgresql.core.PGStream.<init>(PGStream.java:69)
	at org.postgresql.core.v3.ConnectionFactoryImpl.openConnectionImpl(ConnectionFactoryImpl.java:156)
	at org.postgresql.core.ConnectionFactory.openConnection(ConnectionFactory.java:49)
	at org.postgresql.jdbc.PgConnection.<init>(PgConnection.java:195)
	at org.postgresql.Driver.makeConnection(Driver.java:454)
	at org.postgresql.Driver.connect(Driver.java:256)
	at java.sql.DriverManager.getConnection(DriverManager.java:664)
	at java.sql.DriverManager.getConnection(DriverManager.java:208)
	at org.postgresql.test.TestUtil.openDB(TestUtil.java:312)
	at org.postgresql.test.jdbc2.BaseTest4.setUp(BaseTest4.java:83)
	at org.postgresql.test.jdbc4.ArrayTest.setUp(ArrayTest.java:55)
]]></error>
  </testcase>
  <testcase name="testCreateArrayOfMultiJson[binary = FORCE]" classname="org.postgresql.test.jdbc4.ArrayTest" time="0">
    <error type="java.lang.NullPointerException:">java.lang.NullPointerException: null
	at org.postgresql.test.TestUtil.dropTable(TestUtil.java:517)
	at org.postgresql.test.jdbc4.ArrayTest.tearDown(ArrayTest.java:72)
</error>
  </testcase>
  <testcase name="nullArray[binary = FORCE]" classname="org.postgresql.test.jdbc4.ArrayTest" time="0">
    <error message="Connection to localhost:5432 refused. Check that the hostname and port are correct and that the postmaster is accepting TCP/IP connections." type="org.postgresql.util.PSQLException"><![CDATA[org.postgresql.util.PSQLException: Connection to localhost:5432 refused. Check that the hostname and port are correct and that the postmaster is accepting TCP/IP connections.
	at java.net.PlainSocketImpl.socketConnect(Native Method)
	at java.net.AbstractPlainSocketImpl.doConnect(AbstractPlainSocketImpl.java:350)
	at java.net.AbstractPlainSocketImpl.connectToAddress(AbstractPlainSocketImpl.java:206)
	at java.net.AbstractPlainSocketImpl.connect(AbstractPlainSocketImpl.java:188)
	at java.net.SocksSocketImpl.connect(SocksSocketImpl.java:392)
	at java.net.Socket.connect(Socket.java:589)
	at org.postgresql.core.PGStream.<init>(PGStream.java:69)
	at org.postgresql.core.v3.ConnectionFactoryImpl.openConnectionImpl(ConnectionFactoryImpl.java:156)
	at org.postgresql.core.ConnectionFactory.openConnection(ConnectionFactory.java:49)
	at org.postgresql.jdbc.PgConnection.<init>(PgConnection.java:195)
	at org.postgresql.Driver.makeConnection(Driver.java:454)
	at org.postgresql.Driver.connect(Driver.java:256)
	at java.sql.DriverManager.getConnection(DriverManager.java:664)
	at java.sql.DriverManager.getConnection(DriverManager.java:208)
	at org.postgresql.test.TestUtil.openDB(TestUtil.java:312)
	at org.postgresql.test.jdbc2.BaseTest4.setUp(BaseTest4.java:83)
	at org.postgresql.test.jdbc4.ArrayTest.setUp(ArrayTest.java:55)
]]></error>
  </testcase>
  <testcase name="nullArray[binary = FORCE]" classname="org.postgresql.test.jdbc4.ArrayTest" time="0">
    <error type="java.lang.NullPointerException:">java.lang.NullPointerException: null
	at org.postgresql.test.TestUtil.dropTable(TestUtil.java:517)
	at org.postgresql.test.jdbc4.ArrayTest.tearDown(ArrayTest.java:72)
</error>
  </testcase>
  <testcase name="testCasingBuiltinNonAlias[binary = FORCE]" classname="org.postgresql.test.jdbc4.ArrayTest" time="0">
    <error message="Connection to localhost:5432 refused. Check that the hostname and port are correct and that the postmaster is accepting TCP/IP connections." type="org.postgresql.util.PSQLException"><![CDATA[org.postgresql.util.PSQLException: Connection to localhost:5432 refused. Check that the hostname and port are correct and that the postmaster is accepting TCP/IP connections.
	at java.net.PlainSocketImpl.socketConnect(Native Method)
	at java.net.AbstractPlainSocketImpl.doConnect(AbstractPlainSocketImpl.java:350)
	at java.net.AbstractPlainSocketImpl.connectToAddress(AbstractPlainSocketImpl.java:206)
	at java.net.AbstractPlainSocketImpl.connect(AbstractPlainSocketImpl.java:188)
	at java.net.SocksSocketImpl.connect(SocksSocketImpl.java:392)
	at java.net.Socket.connect(Socket.java:589)
	at org.postgresql.core.PGStream.<init>(PGStream.java:69)
	at org.postgresql.core.v3.ConnectionFactoryImpl.openConnectionImpl(ConnectionFactoryImpl.java:156)
	at org.postgresql.core.ConnectionFactory.openConnection(ConnectionFactory.java:49)
	at org.postgresql.jdbc.PgConnection.<init>(PgConnection.java:195)
	at org.postgresql.Driver.makeConnection(Driver.java:454)
	at org.postgresql.Driver.connect(Driver.java:256)
	at java.sql.DriverManager.getConnection(DriverManager.java:664)
	at java.sql.DriverManager.getConnection(DriverManager.java:208)
	at org.postgresql.test.TestUtil.openDB(TestUtil.java:312)
	at org.postgresql.test.jdbc2.BaseTest4.setUp(BaseTest4.java:83)
	at org.postgresql.test.jdbc4.ArrayTest.setUp(ArrayTest.java:55)
]]></error>
  </testcase>
  <testcase name="testCasingBuiltinNonAlias[binary = FORCE]" classname="org.postgresql.test.jdbc4.ArrayTest" time="0">
    <error type="java.lang.NullPointerException:">java.lang.NullPointerException: null
	at org.postgresql.test.TestUtil.dropTable(TestUtil.java:517)
	at org.postgresql.test.jdbc4.ArrayTest.tearDown(ArrayTest.java:72)
</error>
  </testcase>
  <testcase name="testGetArrayOfComposites[binary = FORCE]" classname="org.postgresql.test.jdbc4.ArrayTest" time="0">
    <error message="Connection to localhost:5432 refused. Check that the hostname and port are correct and that the postmaster is accepting TCP/IP connections." type="org.postgresql.util.PSQLException"><![CDATA[org.postgresql.util.PSQLException: Connection to localhost:5432 refused. Check that the hostname and port are correct and that the postmaster is accepting TCP/IP connections.
	at java.net.PlainSocketImpl.socketConnect(Native Method)
	at java.net.AbstractPlainSocketImpl.doConnect(AbstractPlainSocketImpl.java:350)
	at java.net.AbstractPlainSocketImpl.connectToAddress(AbstractPlainSocketImpl.java:206)
	at java.net.AbstractPlainSocketImpl.connect(AbstractPlainSocketImpl.java:188)
	at java.net.SocksSocketImpl.connect(SocksSocketImpl.java:392)
	at java.net.Socket.connect(Socket.java:589)
	at org.postgresql.core.PGStream.<init>(PGStream.java:69)
	at org.postgresql.core.v3.ConnectionFactoryImpl.openConnectionImpl(ConnectionFactoryImpl.java:156)
	at org.postgresql.core.ConnectionFactory.openConnection(ConnectionFactory.java:49)
	at org.postgresql.jdbc.PgConnection.<init>(PgConnection.java:195)
	at org.postgresql.Driver.makeConnection(Driver.java:454)
	at org.postgresql.Driver.connect(Driver.java:256)
	at java.sql.DriverManager.getConnection(DriverManager.java:664)
	at java.sql.DriverManager.getConnection(DriverManager.java:208)
	at org.postgresql.test.TestUtil.openDB(TestUtil.java:312)
	at org.postgresql.test.jdbc2.BaseTest4.setUp(BaseTest4.java:83)
	at org.postgresql.test.jdbc4.ArrayTest.setUp(ArrayTest.java:55)
]]></error>
  </testcase>
  <testcase name="testGetArrayOfComposites[binary = FORCE]" classname="org.postgresql.test.jdbc4.ArrayTest" time="0">
    <error type="java.lang.NullPointerException:">java.lang.NullPointerException: null
	at org.postgresql.test.TestUtil.dropTable(TestUtil.java:517)
	at org.postgresql.test.jdbc4.ArrayTest.tearDown(ArrayTest.java:72)
</error>
  </testcase>
  <testcase name="testCreateArrayOfSmallInt[binary = FORCE]" classname="org.postgresql.test.jdbc4.ArrayTest" time="0">
    <error message="Connection to localhost:5432 refused. Check that the hostname and port are correct and that the postmaster is accepting TCP/IP connections." type="org.postgresql.util.PSQLException"><![CDATA[org.postgresql.util.PSQLException: Connection to localhost:5432 refused. Check that the hostname and port are correct and that the postmaster is accepting TCP/IP connections.
	at java.net.PlainSocketImpl.socketConnect(Native Method)
	at java.net.AbstractPlainSocketImpl.doConnect(AbstractPlainSocketImpl.java:350)
	at java.net.AbstractPlainSocketImpl.connectToAddress(AbstractPlainSocketImpl.java:206)
	at java.net.AbstractPlainSocketImpl.connect(AbstractPlainSocketImpl.java:188)
	at java.net.SocksSocketImpl.connect(SocksSocketImpl.java:392)
	at java.net.Socket.connect(Socket.java:589)
	at org.postgresql.core.PGStream.<init>(PGStream.java:69)
	at org.postgresql.core.v3.ConnectionFactoryImpl.openConnectionImpl(ConnectionFactoryImpl.java:156)
	at org.postgresql.core.ConnectionFactory.openConnection(ConnectionFactory.java:49)
	at org.postgresql.jdbc.PgConnection.<init>(PgConnection.java:195)
	at org.postgresql.Driver.makeConnection(Driver.java:454)
	at org.postgresql.Driver.connect(Driver.java:256)
	at java.sql.DriverManager.getConnection(DriverManager.java:664)
	at java.sql.DriverManager.getConnection(DriverManager.java:208)
	at org.postgresql.test.TestUtil.openDB(TestUtil.java:312)
	at org.postgresql.test.jdbc2.BaseTest4.setUp(BaseTest4.java:83)
	at org.postgresql.test.jdbc4.ArrayTest.setUp(ArrayTest.java:55)
]]></error>
  </testcase>
  <testcase name="testCreateArrayOfSmallInt[binary = FORCE]" classname="org.postgresql.test.jdbc4.ArrayTest" time="0">
    <error type="java.lang.NullPointerException:">java.lang.NullPointerException: null
	at org.postgresql.test.TestUtil.dropTable(TestUtil.java:517)
	at org.postgresql.test.jdbc4.ArrayTest.tearDown(ArrayTest.java:72)
</error>
  </testcase>
  <testcase name="testCreateArrayOfMultiString[binary = FORCE]" classname="org.postgresql.test.jdbc4.ArrayTest" time="0">
    <error message="Connection to localhost:5432 refused. Check that the hostname and port are correct and that the postmaster is accepting TCP/IP connections." type="org.postgresql.util.PSQLException"><![CDATA[org.postgresql.util.PSQLException: Connection to localhost:5432 refused. Check that the hostname and port are correct and that the postmaster is accepting TCP/IP connections.
	at java.net.PlainSocketImpl.socketConnect(Native Method)
	at java.net.AbstractPlainSocketImpl.doConnect(AbstractPlainSocketImpl.java:350)
	at java.net.AbstractPlainSocketImpl.connectToAddress(AbstractPlainSocketImpl.java:206)
	at java.net.AbstractPlainSocketImpl.connect(AbstractPlainSocketImpl.java:188)
	at java.net.SocksSocketImpl.connect(SocksSocketImpl.java:392)
	at java.net.Socket.connect(Socket.java:589)
	at org.postgresql.core.PGStream.<init>(PGStream.java:69)
	at org.postgresql.core.v3.ConnectionFactoryImpl.openConnectionImpl(ConnectionFactoryImpl.java:156)
	at org.postgresql.core.ConnectionFactory.openConnection(ConnectionFactory.java:49)
	at org.postgresql.jdbc.PgConnection.<init>(PgConnection.java:195)
	at org.postgresql.Driver.makeConnection(Driver.java:454)
	at org.postgresql.Driver.connect(Driver.java:256)
	at java.sql.DriverManager.getConnection(DriverManager.java:664)
	at java.sql.DriverManager.getConnection(DriverManager.java:208)
	at org.postgresql.test.TestUtil.openDB(TestUtil.java:312)
	at org.postgresql.test.jdbc2.BaseTest4.setUp(BaseTest4.java:83)
	at org.postgresql.test.jdbc4.ArrayTest.setUp(ArrayTest.java:55)
]]></error>
  </testcase>
  <testcase name="testCreateArrayOfMultiString[binary = FORCE]" classname="org.postgresql.test.jdbc4.ArrayTest" time="0">
    <error type="java.lang.NullPointerException:">java.lang.NullPointerException: null
	at org.postgresql.test.TestUtil.dropTable(TestUtil.java:517)
	at org.postgresql.test.jdbc4.ArrayTest.tearDown(ArrayTest.java:72)
</error>
  </testcase>
  <testcase name="testConnectionIsWrapperForPrivate" classname="org.postgresql.test.jdbc4.WrapperTest" time="0">
    <error message="Connection to localhost:5432 refused. Check that the hostname and port are correct and that the postmaster is accepting TCP/IP connections." type="org.postgresql.util.PSQLException"><![CDATA[org.postgresql.util.PSQLException: Connection to localhost:5432 refused. Check that the hostname and port are correct and that the postmaster is accepting TCP/IP connections.
	at java.net.PlainSocketImpl.socketConnect(Native Method)
	at java.net.AbstractPlainSocketImpl.doConnect(AbstractPlainSocketImpl.java:350)
	at java.net.AbstractPlainSocketImpl.connectToAddress(AbstractPlainSocketImpl.java:206)
	at java.net.AbstractPlainSocketImpl.connect(AbstractPlainSocketImpl.java:188)
	at java.net.SocksSocketImpl.connect(SocksSocketImpl.java:392)
	at java.net.Socket.connect(Socket.java:589)
	at org.postgresql.core.PGStream.<init>(PGStream.java:69)
	at org.postgresql.core.v3.ConnectionFactoryImpl.openConnectionImpl(ConnectionFactoryImpl.java:156)
	at org.postgresql.core.ConnectionFactory.openConnection(ConnectionFactory.java:49)
	at org.postgresql.jdbc.PgConnection.<init>(PgConnection.java:195)
	at org.postgresql.Driver.makeConnection(Driver.java:454)
	at org.postgresql.Driver.connect(Driver.java:256)
	at java.sql.DriverManager.getConnection(DriverManager.java:664)
	at java.sql.DriverManager.getConnection(DriverManager.java:208)
	at org.postgresql.test.TestUtil.openDB(TestUtil.java:312)
	at org.postgresql.test.TestUtil.openDB(TestUtil.java:277)
	at org.postgresql.test.jdbc4.WrapperTest.setUp(WrapperTest.java:33)
]]></error>
  </testcase>
  <testcase name="testConnectionIsWrapperForPrivate" classname="org.postgresql.test.jdbc4.WrapperTest" time="0">
    <error type="java.lang.NullPointerException:">java.lang.NullPointerException: null
	at org.postgresql.test.jdbc4.WrapperTest.tearDown(WrapperTest.java:39)
</error>
  </testcase>
  <testcase name="testStatementIsWrapperForPGStatement" classname="org.postgresql.test.jdbc4.WrapperTest" time="0">
    <error message="Connection to localhost:5432 refused. Check that the hostname and port are correct and that the postmaster is accepting TCP/IP connections." type="org.postgresql.util.PSQLException"><![CDATA[org.postgresql.util.PSQLException: Connection to localhost:5432 refused. Check that the hostname and port are correct and that the postmaster is accepting TCP/IP connections.
	at java.net.PlainSocketImpl.socketConnect(Native Method)
	at java.net.AbstractPlainSocketImpl.doConnect(AbstractPlainSocketImpl.java:350)
	at java.net.AbstractPlainSocketImpl.connectToAddress(AbstractPlainSocketImpl.java:206)
	at java.net.AbstractPlainSocketImpl.connect(AbstractPlainSocketImpl.java:188)
	at java.net.SocksSocketImpl.connect(SocksSocketImpl.java:392)
	at java.net.Socket.connect(Socket.java:589)
	at org.postgresql.core.PGStream.<init>(PGStream.java:69)
	at org.postgresql.core.v3.ConnectionFactoryImpl.openConnectionImpl(ConnectionFactoryImpl.java:156)
	at org.postgresql.core.ConnectionFactory.openConnection(ConnectionFactory.java:49)
	at org.postgresql.jdbc.PgConnection.<init>(PgConnection.java:195)
	at org.postgresql.Driver.makeConnection(Driver.java:454)
	at org.postgresql.Driver.connect(Driver.java:256)
	at java.sql.DriverManager.getConnection(DriverManager.java:664)
	at java.sql.DriverManager.getConnection(DriverManager.java:208)
	at org.postgresql.test.TestUtil.openDB(TestUtil.java:312)
	at org.postgresql.test.TestUtil.openDB(TestUtil.java:277)
	at org.postgresql.test.jdbc4.WrapperTest.setUp(WrapperTest.java:33)
]]></error>
  </testcase>
  <testcase name="testStatementIsWrapperForPGStatement" classname="org.postgresql.test.jdbc4.WrapperTest" time="0">
    <error type="java.lang.NullPointerException:">java.lang.NullPointerException: null
	at org.postgresql.test.jdbc4.WrapperTest.tearDown(WrapperTest.java:39)
</error>
  </testcase>
  <testcase name="testConnectionUnwrapPrivate" classname="org.postgresql.test.jdbc4.WrapperTest" time="0">
    <error message="Connection to localhost:5432 refused. Check that the hostname and port are correct and that the postmaster is accepting TCP/IP connections." type="org.postgresql.util.PSQLException"><![CDATA[org.postgresql.util.PSQLException: Connection to localhost:5432 refused. Check that the hostname and port are correct and that the postmaster is accepting TCP/IP connections.
	at java.net.PlainSocketImpl.socketConnect(Native Method)
	at java.net.AbstractPlainSocketImpl.doConnect(AbstractPlainSocketImpl.java:350)
	at java.net.AbstractPlainSocketImpl.connectToAddress(AbstractPlainSocketImpl.java:206)
	at java.net.AbstractPlainSocketImpl.connect(AbstractPlainSocketImpl.java:188)
	at java.net.SocksSocketImpl.connect(SocksSocketImpl.java:392)
	at java.net.Socket.connect(Socket.java:589)
	at org.postgresql.core.PGStream.<init>(PGStream.java:69)
	at org.postgresql.core.v3.ConnectionFactoryImpl.openConnectionImpl(ConnectionFactoryImpl.java:156)
	at org.postgresql.core.ConnectionFactory.openConnection(ConnectionFactory.java:49)
	at org.postgresql.jdbc.PgConnection.<init>(PgConnection.java:195)
	at org.postgresql.Driver.makeConnection(Driver.java:454)
	at org.postgresql.Driver.connect(Driver.java:256)
	at java.sql.DriverManager.getConnection(DriverManager.java:664)
	at java.sql.DriverManager.getConnection(DriverManager.java:208)
	at org.postgresql.test.TestUtil.openDB(TestUtil.java:312)
	at org.postgresql.test.TestUtil.openDB(TestUtil.java:277)
	at org.postgresql.test.jdbc4.WrapperTest.setUp(WrapperTest.java:33)
]]></error>
  </testcase>
  <testcase name="testConnectionUnwrapPrivate" classname="org.postgresql.test.jdbc4.WrapperTest" time="0">
    <error type="java.lang.NullPointerException:">java.lang.NullPointerException: null
	at org.postgresql.test.jdbc4.WrapperTest.tearDown(WrapperTest.java:39)
</error>
  </testcase>
  <testcase name="testStatementUnwrapPGStatement" classname="org.postgresql.test.jdbc4.WrapperTest" time="0">
    <error message="Connection to localhost:5432 refused. Check that the hostname and port are correct and that the postmaster is accepting TCP/IP connections." type="org.postgresql.util.PSQLException"><![CDATA[org.postgresql.util.PSQLException: Connection to localhost:5432 refused. Check that the hostname and port are correct and that the postmaster is accepting TCP/IP connections.
	at java.net.PlainSocketImpl.socketConnect(Native Method)
	at java.net.AbstractPlainSocketImpl.doConnect(AbstractPlainSocketImpl.java:350)
	at java.net.AbstractPlainSocketImpl.connectToAddress(AbstractPlainSocketImpl.java:206)
	at java.net.AbstractPlainSocketImpl.connect(AbstractPlainSocketImpl.java:188)
	at java.net.SocksSocketImpl.connect(SocksSocketImpl.java:392)
	at java.net.Socket.connect(Socket.java:589)
	at org.postgresql.core.PGStream.<init>(PGStream.java:69)
	at org.postgresql.core.v3.ConnectionFactoryImpl.openConnectionImpl(ConnectionFactoryImpl.java:156)
	at org.postgresql.core.ConnectionFactory.openConnection(ConnectionFactory.java:49)
	at org.postgresql.jdbc.PgConnection.<init>(PgConnection.java:195)
	at org.postgresql.Driver.makeConnection(Driver.java:454)
	at org.postgresql.Driver.connect(Driver.java:256)
	at java.sql.DriverManager.getConnection(DriverManager.java:664)
	at java.sql.DriverManager.getConnection(DriverManager.java:208)
	at org.postgresql.test.TestUtil.openDB(TestUtil.java:312)
	at org.postgresql.test.TestUtil.openDB(TestUtil.java:277)
	at org.postgresql.test.jdbc4.WrapperTest.setUp(WrapperTest.java:33)
]]></error>
  </testcase>
  <testcase name="testStatementUnwrapPGStatement" classname="org.postgresql.test.jdbc4.WrapperTest" time="0">
    <error type="java.lang.NullPointerException:">java.lang.NullPointerException: null
	at org.postgresql.test.jdbc4.WrapperTest.tearDown(WrapperTest.java:39)
</error>
  </testcase>
  <testcase name="testConnectionUnwrapPGDataSource" classname="org.postgresql.test.jdbc4.WrapperTest" time="0">
    <error message="Connection to localhost:5432 refused. Check that the hostname and port are correct and that the postmaster is accepting TCP/IP connections." type="org.postgresql.util.PSQLException"><![CDATA[org.postgresql.util.PSQLException: Connection to localhost:5432 refused. Check that the hostname and port are correct and that the postmaster is accepting TCP/IP connections.
	at java.net.PlainSocketImpl.socketConnect(Native Method)
	at java.net.AbstractPlainSocketImpl.doConnect(AbstractPlainSocketImpl.java:350)
	at java.net.AbstractPlainSocketImpl.connectToAddress(AbstractPlainSocketImpl.java:206)
	at java.net.AbstractPlainSocketImpl.connect(AbstractPlainSocketImpl.java:188)
	at java.net.SocksSocketImpl.connect(SocksSocketImpl.java:392)
	at java.net.Socket.connect(Socket.java:589)
	at org.postgresql.core.PGStream.<init>(PGStream.java:69)
	at org.postgresql.core.v3.ConnectionFactoryImpl.openConnectionImpl(ConnectionFactoryImpl.java:156)
	at org.postgresql.core.ConnectionFactory.openConnection(ConnectionFactory.java:49)
	at org.postgresql.jdbc.PgConnection.<init>(PgConnection.java:195)
	at org.postgresql.Driver.makeConnection(Driver.java:454)
	at org.postgresql.Driver.connect(Driver.java:256)
	at java.sql.DriverManager.getConnection(DriverManager.java:664)
	at java.sql.DriverManager.getConnection(DriverManager.java:208)
	at org.postgresql.test.TestUtil.openDB(TestUtil.java:312)
	at org.postgresql.test.TestUtil.openDB(TestUtil.java:277)
	at org.postgresql.test.jdbc4.WrapperTest.setUp(WrapperTest.java:33)
]]></error>
  </testcase>
  <testcase name="testConnectionUnwrapPGDataSource" classname="org.postgresql.test.jdbc4.WrapperTest" time="0">
    <error type="java.lang.NullPointerException:">java.lang.NullPointerException: null
	at org.postgresql.test.jdbc4.WrapperTest.tearDown(WrapperTest.java:39)
</error>
  </testcase>
  <testcase name="testConnectionIsWrapperForConnection" classname="org.postgresql.test.jdbc4.WrapperTest" time="0">
    <error message="Connection to localhost:5432 refused. Check that the hostname and port are correct and that the postmaster is accepting TCP/IP connections." type="org.postgresql.util.PSQLException"><![CDATA[org.postgresql.util.PSQLException: Connection to localhost:5432 refused. Check that the hostname and port are correct and that the postmaster is accepting TCP/IP connections.
	at java.net.PlainSocketImpl.socketConnect(Native Method)
	at java.net.AbstractPlainSocketImpl.doConnect(AbstractPlainSocketImpl.java:350)
	at java.net.AbstractPlainSocketImpl.connectToAddress(AbstractPlainSocketImpl.java:206)
	at java.net.AbstractPlainSocketImpl.connect(AbstractPlainSocketImpl.java:188)
	at java.net.SocksSocketImpl.connect(SocksSocketImpl.java:392)
	at java.net.Socket.connect(Socket.java:589)
	at org.postgresql.core.PGStream.<init>(PGStream.java:69)
	at org.postgresql.core.v3.ConnectionFactoryImpl.openConnectionImpl(ConnectionFactoryImpl.java:156)
	at org.postgresql.core.ConnectionFactory.openConnection(ConnectionFactory.java:49)
	at org.postgresql.jdbc.PgConnection.<init>(PgConnection.java:195)
	at org.postgresql.Driver.makeConnection(Driver.java:454)
	at org.postgresql.Driver.connect(Driver.java:256)
	at java.sql.DriverManager.getConnection(DriverManager.java:664)
	at java.sql.DriverManager.getConnection(DriverManager.java:208)
	at org.postgresql.test.TestUtil.openDB(TestUtil.java:312)
	at org.postgresql.test.TestUtil.openDB(TestUtil.java:277)
	at org.postgresql.test.jdbc4.WrapperTest.setUp(WrapperTest.java:33)
]]></error>
  </testcase>
  <testcase name="testConnectionIsWrapperForConnection" classname="org.postgresql.test.jdbc4.WrapperTest" time="0">
    <error type="java.lang.NullPointerException:">java.lang.NullPointerException: null
	at org.postgresql.test.jdbc4.WrapperTest.tearDown(WrapperTest.java:39)
</error>
  </testcase>
  <testcase name="testStatementIsWrapperForStatement" classname="org.postgresql.test.jdbc4.WrapperTest" time="0.001">
    <error message="Connection to localhost:5432 refused. Check that the hostname and port are correct and that the postmaster is accepting TCP/IP connections." type="org.postgresql.util.PSQLException"><![CDATA[org.postgresql.util.PSQLException: Connection to localhost:5432 refused. Check that the hostname and port are correct and that the postmaster is accepting TCP/IP connections.
	at java.net.PlainSocketImpl.socketConnect(Native Method)
	at java.net.AbstractPlainSocketImpl.doConnect(AbstractPlainSocketImpl.java:350)
	at java.net.AbstractPlainSocketImpl.connectToAddress(AbstractPlainSocketImpl.java:206)
	at java.net.AbstractPlainSocketImpl.connect(AbstractPlainSocketImpl.java:188)
	at java.net.SocksSocketImpl.connect(SocksSocketImpl.java:392)
	at java.net.Socket.connect(Socket.java:589)
	at org.postgresql.core.PGStream.<init>(PGStream.java:69)
	at org.postgresql.core.v3.ConnectionFactoryImpl.openConnectionImpl(ConnectionFactoryImpl.java:156)
	at org.postgresql.core.ConnectionFactory.openConnection(ConnectionFactory.java:49)
	at org.postgresql.jdbc.PgConnection.<init>(PgConnection.java:195)
	at org.postgresql.Driver.makeConnection(Driver.java:454)
	at org.postgresql.Driver.connect(Driver.java:256)
	at java.sql.DriverManager.getConnection(DriverManager.java:664)
	at java.sql.DriverManager.getConnection(DriverManager.java:208)
	at org.postgresql.test.TestUtil.openDB(TestUtil.java:312)
	at org.postgresql.test.TestUtil.openDB(TestUtil.java:277)
	at org.postgresql.test.jdbc4.WrapperTest.setUp(WrapperTest.java:33)
]]></error>
  </testcase>
  <testcase name="testStatementIsWrapperForStatement" classname="org.postgresql.test.jdbc4.WrapperTest" time="0.001">
    <error type="java.lang.NullPointerException:">java.lang.NullPointerException: null
	at org.postgresql.test.jdbc4.WrapperTest.tearDown(WrapperTest.java:39)
</error>
  </testcase>
  <testcase name="testConnectionUnwrapConnection" classname="org.postgresql.test.jdbc4.WrapperTest" time="0">
    <error message="Connection to localhost:5432 refused. Check that the hostname and port are correct and that the postmaster is accepting TCP/IP connections." type="org.postgresql.util.PSQLException"><![CDATA[org.postgresql.util.PSQLException: Connection to localhost:5432 refused. Check that the hostname and port are correct and that the postmaster is accepting TCP/IP connections.
	at java.net.PlainSocketImpl.socketConnect(Native Method)
	at java.net.AbstractPlainSocketImpl.doConnect(AbstractPlainSocketImpl.java:350)
	at java.net.AbstractPlainSocketImpl.connectToAddress(AbstractPlainSocketImpl.java:206)
	at java.net.AbstractPlainSocketImpl.connect(AbstractPlainSocketImpl.java:188)
	at java.net.SocksSocketImpl.connect(SocksSocketImpl.java:392)
	at java.net.Socket.connect(Socket.java:589)
	at org.postgresql.core.PGStream.<init>(PGStream.java:69)
	at org.postgresql.core.v3.ConnectionFactoryImpl.openConnectionImpl(ConnectionFactoryImpl.java:156)
	at org.postgresql.core.ConnectionFactory.openConnection(ConnectionFactory.java:49)
	at org.postgresql.jdbc.PgConnection.<init>(PgConnection.java:195)
	at org.postgresql.Driver.makeConnection(Driver.java:454)
	at org.postgresql.Driver.connect(Driver.java:256)
	at java.sql.DriverManager.getConnection(DriverManager.java:664)
	at java.sql.DriverManager.getConnection(DriverManager.java:208)
	at org.postgresql.test.TestUtil.openDB(TestUtil.java:312)
	at org.postgresql.test.TestUtil.openDB(TestUtil.java:277)
	at org.postgresql.test.jdbc4.WrapperTest.setUp(WrapperTest.java:33)
]]></error>
  </testcase>
  <testcase name="testConnectionUnwrapConnection" classname="org.postgresql.test.jdbc4.WrapperTest" time="0">
    <error type="java.lang.NullPointerException:">java.lang.NullPointerException: null
	at org.postgresql.test.jdbc4.WrapperTest.tearDown(WrapperTest.java:39)
</error>
  </testcase>
  <testcase name="testStatementIsWrapperForPrivate" classname="org.postgresql.test.jdbc4.WrapperTest" time="0">
    <error message="Connection to localhost:5432 refused. Check that the hostname and port are correct and that the postmaster is accepting TCP/IP connections." type="org.postgresql.util.PSQLException"><![CDATA[org.postgresql.util.PSQLException: Connection to localhost:5432 refused. Check that the hostname and port are correct and that the postmaster is accepting TCP/IP connections.
	at java.net.PlainSocketImpl.socketConnect(Native Method)
	at java.net.AbstractPlainSocketImpl.doConnect(AbstractPlainSocketImpl.java:350)
	at java.net.AbstractPlainSocketImpl.connectToAddress(AbstractPlainSocketImpl.java:206)
	at java.net.AbstractPlainSocketImpl.connect(AbstractPlainSocketImpl.java:188)
	at java.net.SocksSocketImpl.connect(SocksSocketImpl.java:392)
	at java.net.Socket.connect(Socket.java:589)
	at org.postgresql.core.PGStream.<init>(PGStream.java:69)
	at org.postgresql.core.v3.ConnectionFactoryImpl.openConnectionImpl(ConnectionFactoryImpl.java:156)
	at org.postgresql.core.ConnectionFactory.openConnection(ConnectionFactory.java:49)
	at org.postgresql.jdbc.PgConnection.<init>(PgConnection.java:195)
	at org.postgresql.Driver.makeConnection(Driver.java:454)
	at org.postgresql.Driver.connect(Driver.java:256)
	at java.sql.DriverManager.getConnection(DriverManager.java:664)
	at java.sql.DriverManager.getConnection(DriverManager.java:208)
	at org.postgresql.test.TestUtil.openDB(TestUtil.java:312)
	at org.postgresql.test.TestUtil.openDB(TestUtil.java:277)
	at org.postgresql.test.jdbc4.WrapperTest.setUp(WrapperTest.java:33)
]]></error>
  </testcase>
  <testcase name="testStatementIsWrapperForPrivate" classname="org.postgresql.test.jdbc4.WrapperTest" time="0">
    <error type="java.lang.NullPointerException:">java.lang.NullPointerException: null
	at org.postgresql.test.jdbc4.WrapperTest.tearDown(WrapperTest.java:39)
</error>
  </testcase>
  <testcase name="testConnectionUnwrapPGConnection" classname="org.postgresql.test.jdbc4.WrapperTest" time="0">
    <error message="Connection to localhost:5432 refused. Check that the hostname and port are correct and that the postmaster is accepting TCP/IP connections." type="org.postgresql.util.PSQLException"><![CDATA[org.postgresql.util.PSQLException: Connection to localhost:5432 refused. Check that the hostname and port are correct and that the postmaster is accepting TCP/IP connections.
	at java.net.PlainSocketImpl.socketConnect(Native Method)
	at java.net.AbstractPlainSocketImpl.doConnect(AbstractPlainSocketImpl.java:350)
	at java.net.AbstractPlainSocketImpl.connectToAddress(AbstractPlainSocketImpl.java:206)
	at java.net.AbstractPlainSocketImpl.connect(AbstractPlainSocketImpl.java:188)
	at java.net.SocksSocketImpl.connect(SocksSocketImpl.java:392)
	at java.net.Socket.connect(Socket.java:589)
	at org.postgresql.core.PGStream.<init>(PGStream.java:69)
	at org.postgresql.core.v3.ConnectionFactoryImpl.openConnectionImpl(ConnectionFactoryImpl.java:156)
	at org.postgresql.core.ConnectionFactory.openConnection(ConnectionFactory.java:49)
	at org.postgresql.jdbc.PgConnection.<init>(PgConnection.java:195)
	at org.postgresql.Driver.makeConnection(Driver.java:454)
	at org.postgresql.Driver.connect(Driver.java:256)
	at java.sql.DriverManager.getConnection(DriverManager.java:664)
	at java.sql.DriverManager.getConnection(DriverManager.java:208)
	at org.postgresql.test.TestUtil.openDB(TestUtil.java:312)
	at org.postgresql.test.TestUtil.openDB(TestUtil.java:277)
	at org.postgresql.test.jdbc4.WrapperTest.setUp(WrapperTest.java:33)
]]></error>
  </testcase>
  <testcase name="testConnectionUnwrapPGConnection" classname="org.postgresql.test.jdbc4.WrapperTest" time="0">
    <error type="java.lang.NullPointerException:">java.lang.NullPointerException: null
	at org.postgresql.test.jdbc4.WrapperTest.tearDown(WrapperTest.java:39)
</error>
  </testcase>
  <testcase name="testStatementUnwrapStatement" classname="org.postgresql.test.jdbc4.WrapperTest" time="0">
    <error message="Connection to localhost:5432 refused. Check that the hostname and port are correct and that the postmaster is accepting TCP/IP connections." type="org.postgresql.util.PSQLException"><![CDATA[org.postgresql.util.PSQLException: Connection to localhost:5432 refused. Check that the hostname and port are correct and that the postmaster is accepting TCP/IP connections.
	at java.net.PlainSocketImpl.socketConnect(Native Method)
	at java.net.AbstractPlainSocketImpl.doConnect(AbstractPlainSocketImpl.java:350)
	at java.net.AbstractPlainSocketImpl.connectToAddress(AbstractPlainSocketImpl.java:206)
	at java.net.AbstractPlainSocketImpl.connect(AbstractPlainSocketImpl.java:188)
	at java.net.SocksSocketImpl.connect(SocksSocketImpl.java:392)
	at java.net.Socket.connect(Socket.java:589)
	at org.postgresql.core.PGStream.<init>(PGStream.java:69)
	at org.postgresql.core.v3.ConnectionFactoryImpl.openConnectionImpl(ConnectionFactoryImpl.java:156)
	at org.postgresql.core.ConnectionFactory.openConnection(ConnectionFactory.java:49)
	at org.postgresql.jdbc.PgConnection.<init>(PgConnection.java:195)
	at org.postgresql.Driver.makeConnection(Driver.java:454)
	at org.postgresql.Driver.connect(Driver.java:256)
	at java.sql.DriverManager.getConnection(DriverManager.java:664)
	at java.sql.DriverManager.getConnection(DriverManager.java:208)
	at org.postgresql.test.TestUtil.openDB(TestUtil.java:312)
	at org.postgresql.test.TestUtil.openDB(TestUtil.java:277)
	at org.postgresql.test.jdbc4.WrapperTest.setUp(WrapperTest.java:33)
]]></error>
  </testcase>
  <testcase name="testStatementUnwrapStatement" classname="org.postgresql.test.jdbc4.WrapperTest" time="0">
    <error type="java.lang.NullPointerException:">java.lang.NullPointerException: null
	at org.postgresql.test.jdbc4.WrapperTest.tearDown(WrapperTest.java:39)
</error>
  </testcase>
  <testcase name="testStatementUnwrapPrivate" classname="org.postgresql.test.jdbc4.WrapperTest" time="0">
    <error message="Connection to localhost:5432 refused. Check that the hostname and port are correct and that the postmaster is accepting TCP/IP connections." type="org.postgresql.util.PSQLException"><![CDATA[org.postgresql.util.PSQLException: Connection to localhost:5432 refused. Check that the hostname and port are correct and that the postmaster is accepting TCP/IP connections.
	at java.net.PlainSocketImpl.socketConnect(Native Method)
	at java.net.AbstractPlainSocketImpl.doConnect(AbstractPlainSocketImpl.java:350)
	at java.net.AbstractPlainSocketImpl.connectToAddress(AbstractPlainSocketImpl.java:206)
	at java.net.AbstractPlainSocketImpl.connect(AbstractPlainSocketImpl.java:188)
	at java.net.SocksSocketImpl.connect(SocksSocketImpl.java:392)
	at java.net.Socket.connect(Socket.java:589)
	at org.postgresql.core.PGStream.<init>(PGStream.java:69)
	at org.postgresql.core.v3.ConnectionFactoryImpl.openConnectionImpl(ConnectionFactoryImpl.java:156)
	at org.postgresql.core.ConnectionFactory.openConnection(ConnectionFactory.java:49)
	at org.postgresql.jdbc.PgConnection.<init>(PgConnection.java:195)
	at org.postgresql.Driver.makeConnection(Driver.java:454)
	at org.postgresql.Driver.connect(Driver.java:256)
	at java.sql.DriverManager.getConnection(DriverManager.java:664)
	at java.sql.DriverManager.getConnection(DriverManager.java:208)
	at org.postgresql.test.TestUtil.openDB(TestUtil.java:312)
	at org.postgresql.test.TestUtil.openDB(TestUtil.java:277)
	at org.postgresql.test.jdbc4.WrapperTest.setUp(WrapperTest.java:33)
]]></error>
  </testcase>
  <testcase name="testStatementUnwrapPrivate" classname="org.postgresql.test.jdbc4.WrapperTest" time="0">
    <error type="java.lang.NullPointerException:">java.lang.NullPointerException: null
	at org.postgresql.test.jdbc4.WrapperTest.tearDown(WrapperTest.java:39)
</error>
  </testcase>
  <testcase name="testConnectionIsWrapperForPGConnection" classname="org.postgresql.test.jdbc4.WrapperTest" time="0">
    <error message="Connection to localhost:5432 refused. Check that the hostname and port are correct and that the postmaster is accepting TCP/IP connections." type="org.postgresql.util.PSQLException"><![CDATA[org.postgresql.util.PSQLException: Connection to localhost:5432 refused. Check that the hostname and port are correct and that the postmaster is accepting TCP/IP connections.
	at java.net.PlainSocketImpl.socketConnect(Native Method)
	at java.net.AbstractPlainSocketImpl.doConnect(AbstractPlainSocketImpl.java:350)
	at java.net.AbstractPlainSocketImpl.connectToAddress(AbstractPlainSocketImpl.java:206)
	at java.net.AbstractPlainSocketImpl.connect(AbstractPlainSocketImpl.java:188)
	at java.net.SocksSocketImpl.connect(SocksSocketImpl.java:392)
	at java.net.Socket.connect(Socket.java:589)
	at org.postgresql.core.PGStream.<init>(PGStream.java:69)
	at org.postgresql.core.v3.ConnectionFactoryImpl.openConnectionImpl(ConnectionFactoryImpl.java:156)
	at org.postgresql.core.ConnectionFactory.openConnection(ConnectionFactory.java:49)
	at org.postgresql.jdbc.PgConnection.<init>(PgConnection.java:195)
	at org.postgresql.Driver.makeConnection(Driver.java:454)
	at org.postgresql.Driver.connect(Driver.java:256)
	at java.sql.DriverManager.getConnection(DriverManager.java:664)
	at java.sql.DriverManager.getConnection(DriverManager.java:208)
	at org.postgresql.test.TestUtil.openDB(TestUtil.java:312)
	at org.postgresql.test.TestUtil.openDB(TestUtil.java:277)
	at org.postgresql.test.jdbc4.WrapperTest.setUp(WrapperTest.java:33)
]]></error>
  </testcase>
  <testcase name="testConnectionIsWrapperForPGConnection" classname="org.postgresql.test.jdbc4.WrapperTest" time="0">
    <error type="java.lang.NullPointerException:">java.lang.NullPointerException: null
	at org.postgresql.test.jdbc4.WrapperTest.tearDown(WrapperTest.java:39)
</error>
  </testcase>
  <testcase name="testReceiveBinary" classname="org.postgresql.test.jdbc4.BinaryTest" time="0">
    <error message="Connection to localhost:5432 refused. Check that the hostname and port are correct and that the postmaster is accepting TCP/IP connections." type="org.postgresql.util.PSQLException"><![CDATA[org.postgresql.util.PSQLException: Connection to localhost:5432 refused. Check that the hostname and port are correct and that the postmaster is accepting TCP/IP connections.
	at java.net.PlainSocketImpl.socketConnect(Native Method)
	at java.net.AbstractPlainSocketImpl.doConnect(AbstractPlainSocketImpl.java:350)
	at java.net.AbstractPlainSocketImpl.connectToAddress(AbstractPlainSocketImpl.java:206)
	at java.net.AbstractPlainSocketImpl.connect(AbstractPlainSocketImpl.java:188)
	at java.net.SocksSocketImpl.connect(SocksSocketImpl.java:392)
	at java.net.Socket.connect(Socket.java:589)
	at org.postgresql.core.PGStream.<init>(PGStream.java:69)
	at org.postgresql.core.v3.ConnectionFactoryImpl.openConnectionImpl(ConnectionFactoryImpl.java:156)
	at org.postgresql.core.ConnectionFactory.openConnection(ConnectionFactory.java:49)
	at org.postgresql.jdbc.PgConnection.<init>(PgConnection.java:195)
	at org.postgresql.Driver.makeConnection(Driver.java:454)
	at org.postgresql.Driver.connect(Driver.java:256)
	at java.sql.DriverManager.getConnection(DriverManager.java:664)
	at java.sql.DriverManager.getConnection(DriverManager.java:208)
	at org.postgresql.test.TestUtil.openDB(TestUtil.java:312)
	at org.postgresql.test.jdbc2.BaseTest4.setUp(BaseTest4.java:83)
	at org.postgresql.test.jdbc4.BinaryTest.setUp(BinaryTest.java:36)
]]></error>
  </testcase>
  <testcase name="testPreparedStatement_0" classname="org.postgresql.test.jdbc4.BinaryTest" time="0">
    <error message="Connection to localhost:5432 refused. Check that the hostname and port are correct and that the postmaster is accepting TCP/IP connections." type="org.postgresql.util.PSQLException"><![CDATA[org.postgresql.util.PSQLException: Connection to localhost:5432 refused. Check that the hostname and port are correct and that the postmaster is accepting TCP/IP connections.
	at java.net.PlainSocketImpl.socketConnect(Native Method)
	at java.net.AbstractPlainSocketImpl.doConnect(AbstractPlainSocketImpl.java:350)
	at java.net.AbstractPlainSocketImpl.connectToAddress(AbstractPlainSocketImpl.java:206)
	at java.net.AbstractPlainSocketImpl.connect(AbstractPlainSocketImpl.java:188)
	at java.net.SocksSocketImpl.connect(SocksSocketImpl.java:392)
	at java.net.Socket.connect(Socket.java:589)
	at org.postgresql.core.PGStream.<init>(PGStream.java:69)
	at org.postgresql.core.v3.ConnectionFactoryImpl.openConnectionImpl(ConnectionFactoryImpl.java:156)
	at org.postgresql.core.ConnectionFactory.openConnection(ConnectionFactory.java:49)
	at org.postgresql.jdbc.PgConnection.<init>(PgConnection.java:195)
	at org.postgresql.Driver.makeConnection(Driver.java:454)
	at org.postgresql.Driver.connect(Driver.java:256)
	at java.sql.DriverManager.getConnection(DriverManager.java:664)
	at java.sql.DriverManager.getConnection(DriverManager.java:208)
	at org.postgresql.test.TestUtil.openDB(TestUtil.java:312)
	at org.postgresql.test.jdbc2.BaseTest4.setUp(BaseTest4.java:83)
	at org.postgresql.test.jdbc4.BinaryTest.setUp(BinaryTest.java:36)
]]></error>
  </testcase>
  <testcase name="testPreparedStatement_1" classname="org.postgresql.test.jdbc4.BinaryTest" time="0">
    <error message="Connection to localhost:5432 refused. Check that the hostname and port are correct and that the postmaster is accepting TCP/IP connections." type="org.postgresql.util.PSQLException"><![CDATA[org.postgresql.util.PSQLException: Connection to localhost:5432 refused. Check that the hostname and port are correct and that the postmaster is accepting TCP/IP connections.
	at java.net.PlainSocketImpl.socketConnect(Native Method)
	at java.net.AbstractPlainSocketImpl.doConnect(AbstractPlainSocketImpl.java:350)
	at java.net.AbstractPlainSocketImpl.connectToAddress(AbstractPlainSocketImpl.java:206)
	at java.net.AbstractPlainSocketImpl.connect(AbstractPlainSocketImpl.java:188)
	at java.net.SocksSocketImpl.connect(SocksSocketImpl.java:392)
	at java.net.Socket.connect(Socket.java:589)
	at org.postgresql.core.PGStream.<init>(PGStream.java:69)
	at org.postgresql.core.v3.ConnectionFactoryImpl.openConnectionImpl(ConnectionFactoryImpl.java:156)
	at org.postgresql.core.ConnectionFactory.openConnection(ConnectionFactory.java:49)
	at org.postgresql.jdbc.PgConnection.<init>(PgConnection.java:195)
	at org.postgresql.Driver.makeConnection(Driver.java:454)
	at org.postgresql.Driver.connect(Driver.java:256)
	at java.sql.DriverManager.getConnection(DriverManager.java:664)
	at java.sql.DriverManager.getConnection(DriverManager.java:208)
	at org.postgresql.test.TestUtil.openDB(TestUtil.java:312)
	at org.postgresql.test.jdbc2.BaseTest4.setUp(BaseTest4.java:83)
	at org.postgresql.test.jdbc4.BinaryTest.setUp(BinaryTest.java:36)
]]></error>
  </testcase>
  <testcase name="testPreparedStatement_3" classname="org.postgresql.test.jdbc4.BinaryTest" time="0">
    <error message="Connection to localhost:5432 refused. Check that the hostname and port are correct and that the postmaster is accepting TCP/IP connections." type="org.postgresql.util.PSQLException"><![CDATA[org.postgresql.util.PSQLException: Connection to localhost:5432 refused. Check that the hostname and port are correct and that the postmaster is accepting TCP/IP connections.
	at java.net.PlainSocketImpl.socketConnect(Native Method)
	at java.net.AbstractPlainSocketImpl.doConnect(AbstractPlainSocketImpl.java:350)
	at java.net.AbstractPlainSocketImpl.connectToAddress(AbstractPlainSocketImpl.java:206)
	at java.net.AbstractPlainSocketImpl.connect(AbstractPlainSocketImpl.java:188)
	at java.net.SocksSocketImpl.connect(SocksSocketImpl.java:392)
	at java.net.Socket.connect(Socket.java:589)
	at org.postgresql.core.PGStream.<init>(PGStream.java:69)
	at org.postgresql.core.v3.ConnectionFactoryImpl.openConnectionImpl(ConnectionFactoryImpl.java:156)
	at org.postgresql.core.ConnectionFactory.openConnection(ConnectionFactory.java:49)
	at org.postgresql.jdbc.PgConnection.<init>(PgConnection.java:195)
	at org.postgresql.Driver.makeConnection(Driver.java:454)
	at org.postgresql.Driver.connect(Driver.java:256)
	at java.sql.DriverManager.getConnection(DriverManager.java:664)
	at java.sql.DriverManager.getConnection(DriverManager.java:208)
	at org.postgresql.test.TestUtil.openDB(TestUtil.java:312)
	at org.postgresql.test.jdbc2.BaseTest4.setUp(BaseTest4.java:83)
	at org.postgresql.test.jdbc4.BinaryTest.setUp(BinaryTest.java:36)
]]></error>
  </testcase>
  <testcase name="testPreparedStatement_negative1" classname="org.postgresql.test.jdbc4.BinaryTest" time="0">
    <error message="Connection to localhost:5432 refused. Check that the hostname and port are correct and that the postmaster is accepting TCP/IP connections." type="org.postgresql.util.PSQLException"><![CDATA[org.postgresql.util.PSQLException: Connection to localhost:5432 refused. Check that the hostname and port are correct and that the postmaster is accepting TCP/IP connections.
	at java.net.PlainSocketImpl.socketConnect(Native Method)
	at java.net.AbstractPlainSocketImpl.doConnect(AbstractPlainSocketImpl.java:350)
	at java.net.AbstractPlainSocketImpl.connectToAddress(AbstractPlainSocketImpl.java:206)
	at java.net.AbstractPlainSocketImpl.connect(AbstractPlainSocketImpl.java:188)
	at java.net.SocksSocketImpl.connect(SocksSocketImpl.java:392)
	at java.net.Socket.connect(Socket.java:589)
	at org.postgresql.core.PGStream.<init>(PGStream.java:69)
	at org.postgresql.core.v3.ConnectionFactoryImpl.openConnectionImpl(ConnectionFactoryImpl.java:156)
	at org.postgresql.core.ConnectionFactory.openConnection(ConnectionFactory.java:49)
	at org.postgresql.jdbc.PgConnection.<init>(PgConnection.java:195)
	at org.postgresql.Driver.makeConnection(Driver.java:454)
	at org.postgresql.Driver.connect(Driver.java:256)
	at java.sql.DriverManager.getConnection(DriverManager.java:664)
	at java.sql.DriverManager.getConnection(DriverManager.java:208)
	at org.postgresql.test.TestUtil.openDB(TestUtil.java:312)
	at org.postgresql.test.jdbc2.BaseTest4.setUp(BaseTest4.java:83)
	at org.postgresql.test.jdbc4.BinaryTest.setUp(BinaryTest.java:36)
]]></error>
  </testcase>
  <testcase name="testTransactionState" classname="org.postgresql.test.jdbc4.IsValidTest" time="0">
    <error message="Connection to localhost:5432 refused. Check that the hostname and port are correct and that the postmaster is accepting TCP/IP connections." type="org.postgresql.util.PSQLException"><![CDATA[org.postgresql.util.PSQLException: Connection to localhost:5432 refused. Check that the hostname and port are correct and that the postmaster is accepting TCP/IP connections.
	at org.postgresql.core.v3.ConnectionFactoryImpl.openConnectionImpl(ConnectionFactoryImpl.java:245)
	at org.postgresql.core.ConnectionFactory.openConnection(ConnectionFactory.java:49)
	at org.postgresql.jdbc.PgConnection.<init>(PgConnection.java:195)
	at org.postgresql.Driver.makeConnection(Driver.java:454)
	at org.postgresql.Driver.connect(Driver.java:256)
	at java.sql.DriverManager.getConnection(DriverManager.java:664)
	at java.sql.DriverManager.getConnection(DriverManager.java:208)
	at org.postgresql.test.TestUtil.openDB(TestUtil.java:312)
	at org.postgresql.test.jdbc2.BaseTest4.setUp(BaseTest4.java:83)
	at sun.reflect.GeneratedMethodAccessor3.invoke(Unknown Source)
	at sun.reflect.DelegatingMethodAccessorImpl.invoke(DelegatingMethodAccessorImpl.java:43)
	at java.lang.reflect.Method.invoke(Method.java:498)
	at org.junit.runners.model.FrameworkMethod$1.runReflectiveCall(FrameworkMethod.java:50)
	at org.junit.internal.runners.model.ReflectiveCallable.run(ReflectiveCallable.java:12)
	at org.junit.runners.model.FrameworkMethod.invokeExplosively(FrameworkMethod.java:47)
	at org.junit.internal.runners.statements.RunBefores.evaluate(RunBefores.java:24)
	at org.junit.internal.runners.statements.RunAfters.evaluate(RunAfters.java:27)
	at org.junit.runners.ParentRunner.runLeaf(ParentRunner.java:325)
	at org.junit.runners.BlockJUnit4ClassRunner.runChild(BlockJUnit4ClassRunner.java:78)
	at org.junit.runners.BlockJUnit4ClassRunner.runChild(BlockJUnit4ClassRunner.java:57)
	at org.junit.runners.ParentRunner$3.run(ParentRunner.java:290)
	at org.junit.runners.ParentRunner$1.schedule(ParentRunner.java:71)
	at org.junit.runners.ParentRunner.runChildren(ParentRunner.java:288)
	at org.junit.runners.ParentRunner.access$000(ParentRunner.java:58)
	at org.junit.runners.ParentRunner$2.evaluate(ParentRunner.java:268)
	at org.junit.runners.ParentRunner.run(ParentRunner.java:363)
	at org.junit.runners.Suite.runChild(Suite.java:128)
	at org.junit.runners.Suite.runChild(Suite.java:27)
	at org.junit.runners.ParentRunner$3.run(ParentRunner.java:290)
	at org.junit.runners.ParentRunner$1.schedule(ParentRunner.java:71)
	at org.junit.runners.ParentRunner.runChildren(ParentRunner.java:288)
	at org.junit.runners.ParentRunner.access$000(ParentRunner.java:58)
	at org.junit.runners.ParentRunner$2.evaluate(ParentRunner.java:268)
	at org.junit.runners.ParentRunner.run(ParentRunner.java:363)
	at org.apache.maven.surefire.junit4.JUnit4Provider.execute(JUnit4Provider.java:283)
	at org.apache.maven.surefire.junit4.JUnit4Provider.executeWithRerun(JUnit4Provider.java:173)
	at org.apache.maven.surefire.junit4.JUnit4Provider.executeTestSet(JUnit4Provider.java:153)
	at org.apache.maven.surefire.junit4.JUnit4Provider.invoke(JUnit4Provider.java:128)
	at org.apache.maven.surefire.booter.ForkedBooter.invokeProviderInSameClassLoader(ForkedBooter.java:203)
	at org.apache.maven.surefire.booter.ForkedBooter.runSuitesInProcess(ForkedBooter.java:155)
	at org.apache.maven.surefire.booter.ForkedBooter.main(ForkedBooter.java:103)
Caused by: java.net.ConnectException: Connection refused (Connection refused)
	at java.net.PlainSocketImpl.socketConnect(Native Method)
	at java.net.AbstractPlainSocketImpl.doConnect(AbstractPlainSocketImpl.java:350)
	at java.net.AbstractPlainSocketImpl.connectToAddress(AbstractPlainSocketImpl.java:206)
	at java.net.AbstractPlainSocketImpl.connect(AbstractPlainSocketImpl.java:188)
	at java.net.SocksSocketImpl.connect(SocksSocketImpl.java:392)
	at java.net.Socket.connect(Socket.java:589)
	at org.postgresql.core.PGStream.<init>(PGStream.java:69)
	at org.postgresql.core.v3.ConnectionFactoryImpl.openConnectionImpl(ConnectionFactoryImpl.java:156)
	at org.postgresql.core.ConnectionFactory.openConnection(ConnectionFactory.java:49)
	at org.postgresql.jdbc.PgConnection.<init>(PgConnection.java:195)
	at org.postgresql.Driver.makeConnection(Driver.java:454)
	at org.postgresql.Driver.connect(Driver.java:256)
	at java.sql.DriverManager.getConnection(DriverManager.java:664)
	at java.sql.DriverManager.getConnection(DriverManager.java:208)
	at org.postgresql.test.TestUtil.openDB(TestUtil.java:312)
	at org.postgresql.test.jdbc2.BaseTest4.setUp(BaseTest4.java:83)
	at sun.reflect.GeneratedMethodAccessor3.invoke(Unknown Source)
	at sun.reflect.DelegatingMethodAccessorImpl.invoke(DelegatingMethodAccessorImpl.java:43)
	at java.lang.reflect.Method.invoke(Method.java:498)
	at org.junit.runners.model.FrameworkMethod$1.runReflectiveCall(FrameworkMethod.java:50)
	at org.junit.internal.runners.model.ReflectiveCallable.run(ReflectiveCallable.java:12)
	at org.junit.runners.model.FrameworkMethod.invokeExplosively(FrameworkMethod.java:47)
	at org.junit.internal.runners.statements.RunBefores.evaluate(RunBefores.java:24)
	at org.junit.internal.runners.statements.RunAfters.evaluate(RunAfters.java:27)
	at org.junit.runners.ParentRunner.runLeaf(ParentRunner.java:325)
	at org.junit.runners.BlockJUnit4ClassRunner.runChild(BlockJUnit4ClassRunner.java:78)
	at org.junit.runners.BlockJUnit4ClassRunner.runChild(BlockJUnit4ClassRunner.java:57)
	at org.junit.runners.ParentRunner$3.run(ParentRunner.java:290)
	at org.junit.runners.ParentRunner$1.schedule(ParentRunner.java:71)
	at org.junit.runners.ParentRunner.runChildren(ParentRunner.java:288)
	at org.junit.runners.ParentRunner.access$000(ParentRunner.java:58)
	at org.junit.runners.ParentRunner$2.evaluate(ParentRunner.java:268)
	at org.junit.runners.ParentRunner.run(ParentRunner.java:363)
	at org.junit.runners.Suite.runChild(Suite.java:128)
	at org.junit.runners.Suite.runChild(Suite.java:27)
	at org.junit.runners.ParentRunner$3.run(ParentRunner.java:290)
	at org.junit.runners.ParentRunner$1.schedule(ParentRunner.java:71)
	at org.junit.runners.ParentRunner.runChildren(ParentRunner.java:288)
	at org.junit.runners.ParentRunner.access$000(ParentRunner.java:58)
	at org.junit.runners.ParentRunner$2.evaluate(ParentRunner.java:268)
	at org.junit.runners.ParentRunner.run(ParentRunner.java:363)
	at org.apache.maven.surefire.junit4.JUnit4Provider.execute(JUnit4Provider.java:283)
	at org.apache.maven.surefire.junit4.JUnit4Provider.executeWithRerun(JUnit4Provider.java:173)
	at org.apache.maven.surefire.junit4.JUnit4Provider.executeTestSet(JUnit4Provider.java:153)
	at org.apache.maven.surefire.junit4.JUnit4Provider.invoke(JUnit4Provider.java:128)
	at org.apache.maven.surefire.booter.ForkedBooter.invokeProviderInSameClassLoader(ForkedBooter.java:203)
	at org.apache.maven.surefire.booter.ForkedBooter.runSuitesInProcess(ForkedBooter.java:155)
	at org.apache.maven.surefire.booter.ForkedBooter.main(ForkedBooter.java:103)
]]></error>
  </testcase>
  <testcase name="testIsValid" classname="org.postgresql.test.jdbc4.IsValidTest" time="0">
    <error message="Connection to localhost:5432 refused. Check that the hostname and port are correct and that the postmaster is accepting TCP/IP connections." type="org.postgresql.util.PSQLException"><![CDATA[org.postgresql.util.PSQLException: Connection to localhost:5432 refused. Check that the hostname and port are correct and that the postmaster is accepting TCP/IP connections.
	at org.postgresql.core.v3.ConnectionFactoryImpl.openConnectionImpl(ConnectionFactoryImpl.java:245)
	at org.postgresql.core.ConnectionFactory.openConnection(ConnectionFactory.java:49)
	at org.postgresql.jdbc.PgConnection.<init>(PgConnection.java:195)
	at org.postgresql.Driver.makeConnection(Driver.java:454)
	at org.postgresql.Driver.connect(Driver.java:256)
	at java.sql.DriverManager.getConnection(DriverManager.java:664)
	at java.sql.DriverManager.getConnection(DriverManager.java:208)
	at org.postgresql.test.TestUtil.openDB(TestUtil.java:312)
	at org.postgresql.test.jdbc2.BaseTest4.setUp(BaseTest4.java:83)
	at sun.reflect.GeneratedMethodAccessor3.invoke(Unknown Source)
	at sun.reflect.DelegatingMethodAccessorImpl.invoke(DelegatingMethodAccessorImpl.java:43)
	at java.lang.reflect.Method.invoke(Method.java:498)
	at org.junit.runners.model.FrameworkMethod$1.runReflectiveCall(FrameworkMethod.java:50)
	at org.junit.internal.runners.model.ReflectiveCallable.run(ReflectiveCallable.java:12)
	at org.junit.runners.model.FrameworkMethod.invokeExplosively(FrameworkMethod.java:47)
	at org.junit.internal.runners.statements.RunBefores.evaluate(RunBefores.java:24)
	at org.junit.internal.runners.statements.RunAfters.evaluate(RunAfters.java:27)
	at org.junit.runners.ParentRunner.runLeaf(ParentRunner.java:325)
	at org.junit.runners.BlockJUnit4ClassRunner.runChild(BlockJUnit4ClassRunner.java:78)
	at org.junit.runners.BlockJUnit4ClassRunner.runChild(BlockJUnit4ClassRunner.java:57)
	at org.junit.runners.ParentRunner$3.run(ParentRunner.java:290)
	at org.junit.runners.ParentRunner$1.schedule(ParentRunner.java:71)
	at org.junit.runners.ParentRunner.runChildren(ParentRunner.java:288)
	at org.junit.runners.ParentRunner.access$000(ParentRunner.java:58)
	at org.junit.runners.ParentRunner$2.evaluate(ParentRunner.java:268)
	at org.junit.runners.ParentRunner.run(ParentRunner.java:363)
	at org.junit.runners.Suite.runChild(Suite.java:128)
	at org.junit.runners.Suite.runChild(Suite.java:27)
	at org.junit.runners.ParentRunner$3.run(ParentRunner.java:290)
	at org.junit.runners.ParentRunner$1.schedule(ParentRunner.java:71)
	at org.junit.runners.ParentRunner.runChildren(ParentRunner.java:288)
	at org.junit.runners.ParentRunner.access$000(ParentRunner.java:58)
	at org.junit.runners.ParentRunner$2.evaluate(ParentRunner.java:268)
	at org.junit.runners.ParentRunner.run(ParentRunner.java:363)
	at org.apache.maven.surefire.junit4.JUnit4Provider.execute(JUnit4Provider.java:283)
	at org.apache.maven.surefire.junit4.JUnit4Provider.executeWithRerun(JUnit4Provider.java:173)
	at org.apache.maven.surefire.junit4.JUnit4Provider.executeTestSet(JUnit4Provider.java:153)
	at org.apache.maven.surefire.junit4.JUnit4Provider.invoke(JUnit4Provider.java:128)
	at org.apache.maven.surefire.booter.ForkedBooter.invokeProviderInSameClassLoader(ForkedBooter.java:203)
	at org.apache.maven.surefire.booter.ForkedBooter.runSuitesInProcess(ForkedBooter.java:155)
	at org.apache.maven.surefire.booter.ForkedBooter.main(ForkedBooter.java:103)
Caused by: java.net.ConnectException: Connection refused (Connection refused)
	at java.net.PlainSocketImpl.socketConnect(Native Method)
	at java.net.AbstractPlainSocketImpl.doConnect(AbstractPlainSocketImpl.java:350)
	at java.net.AbstractPlainSocketImpl.connectToAddress(AbstractPlainSocketImpl.java:206)
	at java.net.AbstractPlainSocketImpl.connect(AbstractPlainSocketImpl.java:188)
	at java.net.SocksSocketImpl.connect(SocksSocketImpl.java:392)
	at java.net.Socket.connect(Socket.java:589)
	at org.postgresql.core.PGStream.<init>(PGStream.java:69)
	at org.postgresql.core.v3.ConnectionFactoryImpl.openConnectionImpl(ConnectionFactoryImpl.java:156)
	at org.postgresql.core.ConnectionFactory.openConnection(ConnectionFactory.java:49)
	at org.postgresql.jdbc.PgConnection.<init>(PgConnection.java:195)
	at org.postgresql.Driver.makeConnection(Driver.java:454)
	at org.postgresql.Driver.connect(Driver.java:256)
	at java.sql.DriverManager.getConnection(DriverManager.java:664)
	at java.sql.DriverManager.getConnection(DriverManager.java:208)
	at org.postgresql.test.TestUtil.openDB(TestUtil.java:312)
	at org.postgresql.test.jdbc2.BaseTest4.setUp(BaseTest4.java:83)
	at sun.reflect.GeneratedMethodAccessor3.invoke(Unknown Source)
	at sun.reflect.DelegatingMethodAccessorImpl.invoke(DelegatingMethodAccessorImpl.java:43)
	at java.lang.reflect.Method.invoke(Method.java:498)
	at org.junit.runners.model.FrameworkMethod$1.runReflectiveCall(FrameworkMethod.java:50)
	at org.junit.internal.runners.model.ReflectiveCallable.run(ReflectiveCallable.java:12)
	at org.junit.runners.model.FrameworkMethod.invokeExplosively(FrameworkMethod.java:47)
	at org.junit.internal.runners.statements.RunBefores.evaluate(RunBefores.java:24)
	at org.junit.internal.runners.statements.RunAfters.evaluate(RunAfters.java:27)
	at org.junit.runners.ParentRunner.runLeaf(ParentRunner.java:325)
	at org.junit.runners.BlockJUnit4ClassRunner.runChild(BlockJUnit4ClassRunner.java:78)
	at org.junit.runners.BlockJUnit4ClassRunner.runChild(BlockJUnit4ClassRunner.java:57)
	at org.junit.runners.ParentRunner$3.run(ParentRunner.java:290)
	at org.junit.runners.ParentRunner$1.schedule(ParentRunner.java:71)
	at org.junit.runners.ParentRunner.runChildren(ParentRunner.java:288)
	at org.junit.runners.ParentRunner.access$000(ParentRunner.java:58)
	at org.junit.runners.ParentRunner$2.evaluate(ParentRunner.java:268)
	at org.junit.runners.ParentRunner.run(ParentRunner.java:363)
	at org.junit.runners.Suite.runChild(Suite.java:128)
	at org.junit.runners.Suite.runChild(Suite.java:27)
	at org.junit.runners.ParentRunner$3.run(ParentRunner.java:290)
	at org.junit.runners.ParentRunner$1.schedule(ParentRunner.java:71)
	at org.junit.runners.ParentRunner.runChildren(ParentRunner.java:288)
	at org.junit.runners.ParentRunner.access$000(ParentRunner.java:58)
	at org.junit.runners.ParentRunner$2.evaluate(ParentRunner.java:268)
	at org.junit.runners.ParentRunner.run(ParentRunner.java:363)
	at org.apache.maven.surefire.junit4.JUnit4Provider.execute(JUnit4Provider.java:283)
	at org.apache.maven.surefire.junit4.JUnit4Provider.executeWithRerun(JUnit4Provider.java:173)
	at org.apache.maven.surefire.junit4.JUnit4Provider.executeTestSet(JUnit4Provider.java:153)
	at org.apache.maven.surefire.junit4.JUnit4Provider.invoke(JUnit4Provider.java:128)
	at org.apache.maven.surefire.booter.ForkedBooter.invokeProviderInSameClassLoader(ForkedBooter.java:203)
	at org.apache.maven.surefire.booter.ForkedBooter.runSuitesInProcess(ForkedBooter.java:155)
	at org.apache.maven.surefire.booter.ForkedBooter.main(ForkedBooter.java:103)
]]></error>
  </testcase>
  <testcase name="testWarningOnUnknownName" classname="org.postgresql.test.jdbc4.ClientInfoTest" time="0.001">
    <error message="Connection to localhost:5432 refused. Check that the hostname and port are correct and that the postmaster is accepting TCP/IP connections." type="org.postgresql.util.PSQLException"><![CDATA[org.postgresql.util.PSQLException: Connection to localhost:5432 refused. Check that the hostname and port are correct and that the postmaster is accepting TCP/IP connections.
	at org.postgresql.core.v3.ConnectionFactoryImpl.openConnectionImpl(ConnectionFactoryImpl.java:245)
	at org.postgresql.core.ConnectionFactory.openConnection(ConnectionFactory.java:49)
	at org.postgresql.jdbc.PgConnection.<init>(PgConnection.java:195)
	at org.postgresql.Driver.makeConnection(Driver.java:454)
	at org.postgresql.Driver.connect(Driver.java:256)
	at java.sql.DriverManager.getConnection(DriverManager.java:664)
	at java.sql.DriverManager.getConnection(DriverManager.java:208)
	at org.postgresql.test.TestUtil.openDB(TestUtil.java:312)
	at org.postgresql.test.jdbc2.BaseTest4.setUp(BaseTest4.java:83)
	at sun.reflect.GeneratedMethodAccessor3.invoke(Unknown Source)
	at sun.reflect.DelegatingMethodAccessorImpl.invoke(DelegatingMethodAccessorImpl.java:43)
	at java.lang.reflect.Method.invoke(Method.java:498)
	at org.junit.runners.model.FrameworkMethod$1.runReflectiveCall(FrameworkMethod.java:50)
	at org.junit.internal.runners.model.ReflectiveCallable.run(ReflectiveCallable.java:12)
	at org.junit.runners.model.FrameworkMethod.invokeExplosively(FrameworkMethod.java:47)
	at org.junit.internal.runners.statements.RunBefores.evaluate(RunBefores.java:24)
	at org.junit.internal.runners.statements.RunAfters.evaluate(RunAfters.java:27)
	at org.junit.runners.ParentRunner.runLeaf(ParentRunner.java:325)
	at org.junit.runners.BlockJUnit4ClassRunner.runChild(BlockJUnit4ClassRunner.java:78)
	at org.junit.runners.BlockJUnit4ClassRunner.runChild(BlockJUnit4ClassRunner.java:57)
	at org.junit.runners.ParentRunner$3.run(ParentRunner.java:290)
	at org.junit.runners.ParentRunner$1.schedule(ParentRunner.java:71)
	at org.junit.runners.ParentRunner.runChildren(ParentRunner.java:288)
	at org.junit.runners.ParentRunner.access$000(ParentRunner.java:58)
	at org.junit.runners.ParentRunner$2.evaluate(ParentRunner.java:268)
	at org.junit.runners.ParentRunner.run(ParentRunner.java:363)
	at org.junit.runners.Suite.runChild(Suite.java:128)
	at org.junit.runners.Suite.runChild(Suite.java:27)
	at org.junit.runners.ParentRunner$3.run(ParentRunner.java:290)
	at org.junit.runners.ParentRunner$1.schedule(ParentRunner.java:71)
	at org.junit.runners.ParentRunner.runChildren(ParentRunner.java:288)
	at org.junit.runners.ParentRunner.access$000(ParentRunner.java:58)
	at org.junit.runners.ParentRunner$2.evaluate(ParentRunner.java:268)
	at org.junit.runners.ParentRunner.run(ParentRunner.java:363)
	at org.apache.maven.surefire.junit4.JUnit4Provider.execute(JUnit4Provider.java:283)
	at org.apache.maven.surefire.junit4.JUnit4Provider.executeWithRerun(JUnit4Provider.java:173)
	at org.apache.maven.surefire.junit4.JUnit4Provider.executeTestSet(JUnit4Provider.java:153)
	at org.apache.maven.surefire.junit4.JUnit4Provider.invoke(JUnit4Provider.java:128)
	at org.apache.maven.surefire.booter.ForkedBooter.invokeProviderInSameClassLoader(ForkedBooter.java:203)
	at org.apache.maven.surefire.booter.ForkedBooter.runSuitesInProcess(ForkedBooter.java:155)
	at org.apache.maven.surefire.booter.ForkedBooter.main(ForkedBooter.java:103)
Caused by: java.net.ConnectException: Connection refused (Connection refused)
	at java.net.PlainSocketImpl.socketConnect(Native Method)
	at java.net.AbstractPlainSocketImpl.doConnect(AbstractPlainSocketImpl.java:350)
	at java.net.AbstractPlainSocketImpl.connectToAddress(AbstractPlainSocketImpl.java:206)
	at java.net.AbstractPlainSocketImpl.connect(AbstractPlainSocketImpl.java:188)
	at java.net.SocksSocketImpl.connect(SocksSocketImpl.java:392)
	at java.net.Socket.connect(Socket.java:589)
	at org.postgresql.core.PGStream.<init>(PGStream.java:69)
	at org.postgresql.core.v3.ConnectionFactoryImpl.openConnectionImpl(ConnectionFactoryImpl.java:156)
	at org.postgresql.core.ConnectionFactory.openConnection(ConnectionFactory.java:49)
	at org.postgresql.jdbc.PgConnection.<init>(PgConnection.java:195)
	at org.postgresql.Driver.makeConnection(Driver.java:454)
	at org.postgresql.Driver.connect(Driver.java:256)
	at java.sql.DriverManager.getConnection(DriverManager.java:664)
	at java.sql.DriverManager.getConnection(DriverManager.java:208)
	at org.postgresql.test.TestUtil.openDB(TestUtil.java:312)
	at org.postgresql.test.jdbc2.BaseTest4.setUp(BaseTest4.java:83)
	at sun.reflect.GeneratedMethodAccessor3.invoke(Unknown Source)
	at sun.reflect.DelegatingMethodAccessorImpl.invoke(DelegatingMethodAccessorImpl.java:43)
	at java.lang.reflect.Method.invoke(Method.java:498)
	at org.junit.runners.model.FrameworkMethod$1.runReflectiveCall(FrameworkMethod.java:50)
	at org.junit.internal.runners.model.ReflectiveCallable.run(ReflectiveCallable.java:12)
	at org.junit.runners.model.FrameworkMethod.invokeExplosively(FrameworkMethod.java:47)
	at org.junit.internal.runners.statements.RunBefores.evaluate(RunBefores.java:24)
	at org.junit.internal.runners.statements.RunAfters.evaluate(RunAfters.java:27)
	at org.junit.runners.ParentRunner.runLeaf(ParentRunner.java:325)
	at org.junit.runners.BlockJUnit4ClassRunner.runChild(BlockJUnit4ClassRunner.java:78)
	at org.junit.runners.BlockJUnit4ClassRunner.runChild(BlockJUnit4ClassRunner.java:57)
	at org.junit.runners.ParentRunner$3.run(ParentRunner.java:290)
	at org.junit.runners.ParentRunner$1.schedule(ParentRunner.java:71)
	at org.junit.runners.ParentRunner.runChildren(ParentRunner.java:288)
	at org.junit.runners.ParentRunner.access$000(ParentRunner.java:58)
	at org.junit.runners.ParentRunner$2.evaluate(ParentRunner.java:268)
	at org.junit.runners.ParentRunner.run(ParentRunner.java:363)
	at org.junit.runners.Suite.runChild(Suite.java:128)
	at org.junit.runners.Suite.runChild(Suite.java:27)
	at org.junit.runners.ParentRunner$3.run(ParentRunner.java:290)
	at org.junit.runners.ParentRunner$1.schedule(ParentRunner.java:71)
	at org.junit.runners.ParentRunner.runChildren(ParentRunner.java:288)
	at org.junit.runners.ParentRunner.access$000(ParentRunner.java:58)
	at org.junit.runners.ParentRunner$2.evaluate(ParentRunner.java:268)
	at org.junit.runners.ParentRunner.run(ParentRunner.java:363)
	at org.apache.maven.surefire.junit4.JUnit4Provider.execute(JUnit4Provider.java:283)
	at org.apache.maven.surefire.junit4.JUnit4Provider.executeWithRerun(JUnit4Provider.java:173)
	at org.apache.maven.surefire.junit4.JUnit4Provider.executeTestSet(JUnit4Provider.java:153)
	at org.apache.maven.surefire.junit4.JUnit4Provider.invoke(JUnit4Provider.java:128)
	at org.apache.maven.surefire.booter.ForkedBooter.invokeProviderInSameClassLoader(ForkedBooter.java:203)
	at org.apache.maven.surefire.booter.ForkedBooter.runSuitesInProcess(ForkedBooter.java:155)
	at org.apache.maven.surefire.booter.ForkedBooter.main(ForkedBooter.java:103)
]]></error>
  </testcase>
  <testcase name="testMissingName" classname="org.postgresql.test.jdbc4.ClientInfoTest" time="0">
    <error message="Connection to localhost:5432 refused. Check that the hostname and port are correct and that the postmaster is accepting TCP/IP connections." type="org.postgresql.util.PSQLException"><![CDATA[org.postgresql.util.PSQLException: Connection to localhost:5432 refused. Check that the hostname and port are correct and that the postmaster is accepting TCP/IP connections.
	at org.postgresql.core.v3.ConnectionFactoryImpl.openConnectionImpl(ConnectionFactoryImpl.java:245)
	at org.postgresql.core.ConnectionFactory.openConnection(ConnectionFactory.java:49)
	at org.postgresql.jdbc.PgConnection.<init>(PgConnection.java:195)
	at org.postgresql.Driver.makeConnection(Driver.java:454)
	at org.postgresql.Driver.connect(Driver.java:256)
	at java.sql.DriverManager.getConnection(DriverManager.java:664)
	at java.sql.DriverManager.getConnection(DriverManager.java:208)
	at org.postgresql.test.TestUtil.openDB(TestUtil.java:312)
	at org.postgresql.test.jdbc2.BaseTest4.setUp(BaseTest4.java:83)
	at sun.reflect.GeneratedMethodAccessor3.invoke(Unknown Source)
	at sun.reflect.DelegatingMethodAccessorImpl.invoke(DelegatingMethodAccessorImpl.java:43)
	at java.lang.reflect.Method.invoke(Method.java:498)
	at org.junit.runners.model.FrameworkMethod$1.runReflectiveCall(FrameworkMethod.java:50)
	at org.junit.internal.runners.model.ReflectiveCallable.run(ReflectiveCallable.java:12)
	at org.junit.runners.model.FrameworkMethod.invokeExplosively(FrameworkMethod.java:47)
	at org.junit.internal.runners.statements.RunBefores.evaluate(RunBefores.java:24)
	at org.junit.internal.runners.statements.RunAfters.evaluate(RunAfters.java:27)
	at org.junit.runners.ParentRunner.runLeaf(ParentRunner.java:325)
	at org.junit.runners.BlockJUnit4ClassRunner.runChild(BlockJUnit4ClassRunner.java:78)
	at org.junit.runners.BlockJUnit4ClassRunner.runChild(BlockJUnit4ClassRunner.java:57)
	at org.junit.runners.ParentRunner$3.run(ParentRunner.java:290)
	at org.junit.runners.ParentRunner$1.schedule(ParentRunner.java:71)
	at org.junit.runners.ParentRunner.runChildren(ParentRunner.java:288)
	at org.junit.runners.ParentRunner.access$000(ParentRunner.java:58)
	at org.junit.runners.ParentRunner$2.evaluate(ParentRunner.java:268)
	at org.junit.runners.ParentRunner.run(ParentRunner.java:363)
	at org.junit.runners.Suite.runChild(Suite.java:128)
	at org.junit.runners.Suite.runChild(Suite.java:27)
	at org.junit.runners.ParentRunner$3.run(ParentRunner.java:290)
	at org.junit.runners.ParentRunner$1.schedule(ParentRunner.java:71)
	at org.junit.runners.ParentRunner.runChildren(ParentRunner.java:288)
	at org.junit.runners.ParentRunner.access$000(ParentRunner.java:58)
	at org.junit.runners.ParentRunner$2.evaluate(ParentRunner.java:268)
	at org.junit.runners.ParentRunner.run(ParentRunner.java:363)
	at org.apache.maven.surefire.junit4.JUnit4Provider.execute(JUnit4Provider.java:283)
	at org.apache.maven.surefire.junit4.JUnit4Provider.executeWithRerun(JUnit4Provider.java:173)
	at org.apache.maven.surefire.junit4.JUnit4Provider.executeTestSet(JUnit4Provider.java:153)
	at org.apache.maven.surefire.junit4.JUnit4Provider.invoke(JUnit4Provider.java:128)
	at org.apache.maven.surefire.booter.ForkedBooter.invokeProviderInSameClassLoader(ForkedBooter.java:203)
	at org.apache.maven.surefire.booter.ForkedBooter.runSuitesInProcess(ForkedBooter.java:155)
	at org.apache.maven.surefire.booter.ForkedBooter.main(ForkedBooter.java:103)
Caused by: java.net.ConnectException: Connection refused (Connection refused)
	at java.net.PlainSocketImpl.socketConnect(Native Method)
	at java.net.AbstractPlainSocketImpl.doConnect(AbstractPlainSocketImpl.java:350)
	at java.net.AbstractPlainSocketImpl.connectToAddress(AbstractPlainSocketImpl.java:206)
	at java.net.AbstractPlainSocketImpl.connect(AbstractPlainSocketImpl.java:188)
	at java.net.SocksSocketImpl.connect(SocksSocketImpl.java:392)
	at java.net.Socket.connect(Socket.java:589)
	at org.postgresql.core.PGStream.<init>(PGStream.java:69)
	at org.postgresql.core.v3.ConnectionFactoryImpl.openConnectionImpl(ConnectionFactoryImpl.java:156)
	at org.postgresql.core.ConnectionFactory.openConnection(ConnectionFactory.java:49)
	at org.postgresql.jdbc.PgConnection.<init>(PgConnection.java:195)
	at org.postgresql.Driver.makeConnection(Driver.java:454)
	at org.postgresql.Driver.connect(Driver.java:256)
	at java.sql.DriverManager.getConnection(DriverManager.java:664)
	at java.sql.DriverManager.getConnection(DriverManager.java:208)
	at org.postgresql.test.TestUtil.openDB(TestUtil.java:312)
	at org.postgresql.test.jdbc2.BaseTest4.setUp(BaseTest4.java:83)
	at sun.reflect.GeneratedMethodAccessor3.invoke(Unknown Source)
	at sun.reflect.DelegatingMethodAccessorImpl.invoke(DelegatingMethodAccessorImpl.java:43)
	at java.lang.reflect.Method.invoke(Method.java:498)
	at org.junit.runners.model.FrameworkMethod$1.runReflectiveCall(FrameworkMethod.java:50)
	at org.junit.internal.runners.model.ReflectiveCallable.run(ReflectiveCallable.java:12)
	at org.junit.runners.model.FrameworkMethod.invokeExplosively(FrameworkMethod.java:47)
	at org.junit.internal.runners.statements.RunBefores.evaluate(RunBefores.java:24)
	at org.junit.internal.runners.statements.RunAfters.evaluate(RunAfters.java:27)
	at org.junit.runners.ParentRunner.runLeaf(ParentRunner.java:325)
	at org.junit.runners.BlockJUnit4ClassRunner.runChild(BlockJUnit4ClassRunner.java:78)
	at org.junit.runners.BlockJUnit4ClassRunner.runChild(BlockJUnit4ClassRunner.java:57)
	at org.junit.runners.ParentRunner$3.run(ParentRunner.java:290)
	at org.junit.runners.ParentRunner$1.schedule(ParentRunner.java:71)
	at org.junit.runners.ParentRunner.runChildren(ParentRunner.java:288)
	at org.junit.runners.ParentRunner.access$000(ParentRunner.java:58)
	at org.junit.runners.ParentRunner$2.evaluate(ParentRunner.java:268)
	at org.junit.runners.ParentRunner.run(ParentRunner.java:363)
	at org.junit.runners.Suite.runChild(Suite.java:128)
	at org.junit.runners.Suite.runChild(Suite.java:27)
	at org.junit.runners.ParentRunner$3.run(ParentRunner.java:290)
	at org.junit.runners.ParentRunner$1.schedule(ParentRunner.java:71)
	at org.junit.runners.ParentRunner.runChildren(ParentRunner.java:288)
	at org.junit.runners.ParentRunner.access$000(ParentRunner.java:58)
	at org.junit.runners.ParentRunner$2.evaluate(ParentRunner.java:268)
	at org.junit.runners.ParentRunner.run(ParentRunner.java:363)
	at org.apache.maven.surefire.junit4.JUnit4Provider.execute(JUnit4Provider.java:283)
	at org.apache.maven.surefire.junit4.JUnit4Provider.executeWithRerun(JUnit4Provider.java:173)
	at org.apache.maven.surefire.junit4.JUnit4Provider.executeTestSet(JUnit4Provider.java:153)
	at org.apache.maven.surefire.junit4.JUnit4Provider.invoke(JUnit4Provider.java:128)
	at org.apache.maven.surefire.booter.ForkedBooter.invokeProviderInSameClassLoader(ForkedBooter.java:203)
	at org.apache.maven.surefire.booter.ForkedBooter.runSuitesInProcess(ForkedBooter.java:155)
	at org.apache.maven.surefire.booter.ForkedBooter.main(ForkedBooter.java:103)
]]></error>
  </testcase>
  <testcase name="testSetAppNameProps" classname="org.postgresql.test.jdbc4.ClientInfoTest" time="0">
    <error message="Connection to localhost:5432 refused. Check that the hostname and port are correct and that the postmaster is accepting TCP/IP connections." type="org.postgresql.util.PSQLException"><![CDATA[org.postgresql.util.PSQLException: Connection to localhost:5432 refused. Check that the hostname and port are correct and that the postmaster is accepting TCP/IP connections.
	at org.postgresql.core.v3.ConnectionFactoryImpl.openConnectionImpl(ConnectionFactoryImpl.java:245)
	at org.postgresql.core.ConnectionFactory.openConnection(ConnectionFactory.java:49)
	at org.postgresql.jdbc.PgConnection.<init>(PgConnection.java:195)
	at org.postgresql.Driver.makeConnection(Driver.java:454)
	at org.postgresql.Driver.connect(Driver.java:256)
	at java.sql.DriverManager.getConnection(DriverManager.java:664)
	at java.sql.DriverManager.getConnection(DriverManager.java:208)
	at org.postgresql.test.TestUtil.openDB(TestUtil.java:312)
	at org.postgresql.test.jdbc2.BaseTest4.setUp(BaseTest4.java:83)
	at sun.reflect.GeneratedMethodAccessor3.invoke(Unknown Source)
	at sun.reflect.DelegatingMethodAccessorImpl.invoke(DelegatingMethodAccessorImpl.java:43)
	at java.lang.reflect.Method.invoke(Method.java:498)
	at org.junit.runners.model.FrameworkMethod$1.runReflectiveCall(FrameworkMethod.java:50)
	at org.junit.internal.runners.model.ReflectiveCallable.run(ReflectiveCallable.java:12)
	at org.junit.runners.model.FrameworkMethod.invokeExplosively(FrameworkMethod.java:47)
	at org.junit.internal.runners.statements.RunBefores.evaluate(RunBefores.java:24)
	at org.junit.internal.runners.statements.RunAfters.evaluate(RunAfters.java:27)
	at org.junit.runners.ParentRunner.runLeaf(ParentRunner.java:325)
	at org.junit.runners.BlockJUnit4ClassRunner.runChild(BlockJUnit4ClassRunner.java:78)
	at org.junit.runners.BlockJUnit4ClassRunner.runChild(BlockJUnit4ClassRunner.java:57)
	at org.junit.runners.ParentRunner$3.run(ParentRunner.java:290)
	at org.junit.runners.ParentRunner$1.schedule(ParentRunner.java:71)
	at org.junit.runners.ParentRunner.runChildren(ParentRunner.java:288)
	at org.junit.runners.ParentRunner.access$000(ParentRunner.java:58)
	at org.junit.runners.ParentRunner$2.evaluate(ParentRunner.java:268)
	at org.junit.runners.ParentRunner.run(ParentRunner.java:363)
	at org.junit.runners.Suite.runChild(Suite.java:128)
	at org.junit.runners.Suite.runChild(Suite.java:27)
	at org.junit.runners.ParentRunner$3.run(ParentRunner.java:290)
	at org.junit.runners.ParentRunner$1.schedule(ParentRunner.java:71)
	at org.junit.runners.ParentRunner.runChildren(ParentRunner.java:288)
	at org.junit.runners.ParentRunner.access$000(ParentRunner.java:58)
	at org.junit.runners.ParentRunner$2.evaluate(ParentRunner.java:268)
	at org.junit.runners.ParentRunner.run(ParentRunner.java:363)
	at org.apache.maven.surefire.junit4.JUnit4Provider.execute(JUnit4Provider.java:283)
	at org.apache.maven.surefire.junit4.JUnit4Provider.executeWithRerun(JUnit4Provider.java:173)
	at org.apache.maven.surefire.junit4.JUnit4Provider.executeTestSet(JUnit4Provider.java:153)
	at org.apache.maven.surefire.junit4.JUnit4Provider.invoke(JUnit4Provider.java:128)
	at org.apache.maven.surefire.booter.ForkedBooter.invokeProviderInSameClassLoader(ForkedBooter.java:203)
	at org.apache.maven.surefire.booter.ForkedBooter.runSuitesInProcess(ForkedBooter.java:155)
	at org.apache.maven.surefire.booter.ForkedBooter.main(ForkedBooter.java:103)
Caused by: java.net.ConnectException: Connection refused (Connection refused)
	at java.net.PlainSocketImpl.socketConnect(Native Method)
	at java.net.AbstractPlainSocketImpl.doConnect(AbstractPlainSocketImpl.java:350)
	at java.net.AbstractPlainSocketImpl.connectToAddress(AbstractPlainSocketImpl.java:206)
	at java.net.AbstractPlainSocketImpl.connect(AbstractPlainSocketImpl.java:188)
	at java.net.SocksSocketImpl.connect(SocksSocketImpl.java:392)
	at java.net.Socket.connect(Socket.java:589)
	at org.postgresql.core.PGStream.<init>(PGStream.java:69)
	at org.postgresql.core.v3.ConnectionFactoryImpl.openConnectionImpl(ConnectionFactoryImpl.java:156)
	at org.postgresql.core.ConnectionFactory.openConnection(ConnectionFactory.java:49)
	at org.postgresql.jdbc.PgConnection.<init>(PgConnection.java:195)
	at org.postgresql.Driver.makeConnection(Driver.java:454)
	at org.postgresql.Driver.connect(Driver.java:256)
	at java.sql.DriverManager.getConnection(DriverManager.java:664)
	at java.sql.DriverManager.getConnection(DriverManager.java:208)
	at org.postgresql.test.TestUtil.openDB(TestUtil.java:312)
	at org.postgresql.test.jdbc2.BaseTest4.setUp(BaseTest4.java:83)
	at sun.reflect.GeneratedMethodAccessor3.invoke(Unknown Source)
	at sun.reflect.DelegatingMethodAccessorImpl.invoke(DelegatingMethodAccessorImpl.java:43)
	at java.lang.reflect.Method.invoke(Method.java:498)
	at org.junit.runners.model.FrameworkMethod$1.runReflectiveCall(FrameworkMethod.java:50)
	at org.junit.internal.runners.model.ReflectiveCallable.run(ReflectiveCallable.java:12)
	at org.junit.runners.model.FrameworkMethod.invokeExplosively(FrameworkMethod.java:47)
	at org.junit.internal.runners.statements.RunBefores.evaluate(RunBefores.java:24)
	at org.junit.internal.runners.statements.RunAfters.evaluate(RunAfters.java:27)
	at org.junit.runners.ParentRunner.runLeaf(ParentRunner.java:325)
	at org.junit.runners.BlockJUnit4ClassRunner.runChild(BlockJUnit4ClassRunner.java:78)
	at org.junit.runners.BlockJUnit4ClassRunner.runChild(BlockJUnit4ClassRunner.java:57)
	at org.junit.runners.ParentRunner$3.run(ParentRunner.java:290)
	at org.junit.runners.ParentRunner$1.schedule(ParentRunner.java:71)
	at org.junit.runners.ParentRunner.runChildren(ParentRunner.java:288)
	at org.junit.runners.ParentRunner.access$000(ParentRunner.java:58)
	at org.junit.runners.ParentRunner$2.evaluate(ParentRunner.java:268)
	at org.junit.runners.ParentRunner.run(ParentRunner.java:363)
	at org.junit.runners.Suite.runChild(Suite.java:128)
	at org.junit.runners.Suite.runChild(Suite.java:27)
	at org.junit.runners.ParentRunner$3.run(ParentRunner.java:290)
	at org.junit.runners.ParentRunner$1.schedule(ParentRunner.java:71)
	at org.junit.runners.ParentRunner.runChildren(ParentRunner.java:288)
	at org.junit.runners.ParentRunner.access$000(ParentRunner.java:58)
	at org.junit.runners.ParentRunner$2.evaluate(ParentRunner.java:268)
	at org.junit.runners.ParentRunner.run(ParentRunner.java:363)
	at org.apache.maven.surefire.junit4.JUnit4Provider.execute(JUnit4Provider.java:283)
	at org.apache.maven.surefire.junit4.JUnit4Provider.executeWithRerun(JUnit4Provider.java:173)
	at org.apache.maven.surefire.junit4.JUnit4Provider.executeTestSet(JUnit4Provider.java:153)
	at org.apache.maven.surefire.junit4.JUnit4Provider.invoke(JUnit4Provider.java:128)
	at org.apache.maven.surefire.booter.ForkedBooter.invokeProviderInSameClassLoader(ForkedBooter.java:203)
	at org.apache.maven.surefire.booter.ForkedBooter.runSuitesInProcess(ForkedBooter.java:155)
	at org.apache.maven.surefire.booter.ForkedBooter.main(ForkedBooter.java:103)
]]></error>
  </testcase>
  <testcase name="testExplicitSetAppNameNotificationIsParsed" classname="org.postgresql.test.jdbc4.ClientInfoTest" time="0">
    <error message="Connection to localhost:5432 refused. Check that the hostname and port are correct and that the postmaster is accepting TCP/IP connections." type="org.postgresql.util.PSQLException"><![CDATA[org.postgresql.util.PSQLException: Connection to localhost:5432 refused. Check that the hostname and port are correct and that the postmaster is accepting TCP/IP connections.
	at org.postgresql.core.v3.ConnectionFactoryImpl.openConnectionImpl(ConnectionFactoryImpl.java:245)
	at org.postgresql.core.ConnectionFactory.openConnection(ConnectionFactory.java:49)
	at org.postgresql.jdbc.PgConnection.<init>(PgConnection.java:195)
	at org.postgresql.Driver.makeConnection(Driver.java:454)
	at org.postgresql.Driver.connect(Driver.java:256)
	at java.sql.DriverManager.getConnection(DriverManager.java:664)
	at java.sql.DriverManager.getConnection(DriverManager.java:208)
	at org.postgresql.test.TestUtil.openDB(TestUtil.java:312)
	at org.postgresql.test.jdbc2.BaseTest4.setUp(BaseTest4.java:83)
	at sun.reflect.GeneratedMethodAccessor3.invoke(Unknown Source)
	at sun.reflect.DelegatingMethodAccessorImpl.invoke(DelegatingMethodAccessorImpl.java:43)
	at java.lang.reflect.Method.invoke(Method.java:498)
	at org.junit.runners.model.FrameworkMethod$1.runReflectiveCall(FrameworkMethod.java:50)
	at org.junit.internal.runners.model.ReflectiveCallable.run(ReflectiveCallable.java:12)
	at org.junit.runners.model.FrameworkMethod.invokeExplosively(FrameworkMethod.java:47)
	at org.junit.internal.runners.statements.RunBefores.evaluate(RunBefores.java:24)
	at org.junit.internal.runners.statements.RunAfters.evaluate(RunAfters.java:27)
	at org.junit.runners.ParentRunner.runLeaf(ParentRunner.java:325)
	at org.junit.runners.BlockJUnit4ClassRunner.runChild(BlockJUnit4ClassRunner.java:78)
	at org.junit.runners.BlockJUnit4ClassRunner.runChild(BlockJUnit4ClassRunner.java:57)
	at org.junit.runners.ParentRunner$3.run(ParentRunner.java:290)
	at org.junit.runners.ParentRunner$1.schedule(ParentRunner.java:71)
	at org.junit.runners.ParentRunner.runChildren(ParentRunner.java:288)
	at org.junit.runners.ParentRunner.access$000(ParentRunner.java:58)
	at org.junit.runners.ParentRunner$2.evaluate(ParentRunner.java:268)
	at org.junit.runners.ParentRunner.run(ParentRunner.java:363)
	at org.junit.runners.Suite.runChild(Suite.java:128)
	at org.junit.runners.Suite.runChild(Suite.java:27)
	at org.junit.runners.ParentRunner$3.run(ParentRunner.java:290)
	at org.junit.runners.ParentRunner$1.schedule(ParentRunner.java:71)
	at org.junit.runners.ParentRunner.runChildren(ParentRunner.java:288)
	at org.junit.runners.ParentRunner.access$000(ParentRunner.java:58)
	at org.junit.runners.ParentRunner$2.evaluate(ParentRunner.java:268)
	at org.junit.runners.ParentRunner.run(ParentRunner.java:363)
	at org.apache.maven.surefire.junit4.JUnit4Provider.execute(JUnit4Provider.java:283)
	at org.apache.maven.surefire.junit4.JUnit4Provider.executeWithRerun(JUnit4Provider.java:173)
	at org.apache.maven.surefire.junit4.JUnit4Provider.executeTestSet(JUnit4Provider.java:153)
	at org.apache.maven.surefire.junit4.JUnit4Provider.invoke(JUnit4Provider.java:128)
	at org.apache.maven.surefire.booter.ForkedBooter.invokeProviderInSameClassLoader(ForkedBooter.java:203)
	at org.apache.maven.surefire.booter.ForkedBooter.runSuitesInProcess(ForkedBooter.java:155)
	at org.apache.maven.surefire.booter.ForkedBooter.main(ForkedBooter.java:103)
Caused by: java.net.ConnectException: Connection refused (Connection refused)
	at java.net.PlainSocketImpl.socketConnect(Native Method)
	at java.net.AbstractPlainSocketImpl.doConnect(AbstractPlainSocketImpl.java:350)
	at java.net.AbstractPlainSocketImpl.connectToAddress(AbstractPlainSocketImpl.java:206)
	at java.net.AbstractPlainSocketImpl.connect(AbstractPlainSocketImpl.java:188)
	at java.net.SocksSocketImpl.connect(SocksSocketImpl.java:392)
	at java.net.Socket.connect(Socket.java:589)
	at org.postgresql.core.PGStream.<init>(PGStream.java:69)
	at org.postgresql.core.v3.ConnectionFactoryImpl.openConnectionImpl(ConnectionFactoryImpl.java:156)
	at org.postgresql.core.ConnectionFactory.openConnection(ConnectionFactory.java:49)
	at org.postgresql.jdbc.PgConnection.<init>(PgConnection.java:195)
	at org.postgresql.Driver.makeConnection(Driver.java:454)
	at org.postgresql.Driver.connect(Driver.java:256)
	at java.sql.DriverManager.getConnection(DriverManager.java:664)
	at java.sql.DriverManager.getConnection(DriverManager.java:208)
	at org.postgresql.test.TestUtil.openDB(TestUtil.java:312)
	at org.postgresql.test.jdbc2.BaseTest4.setUp(BaseTest4.java:83)
	at sun.reflect.GeneratedMethodAccessor3.invoke(Unknown Source)
	at sun.reflect.DelegatingMethodAccessorImpl.invoke(DelegatingMethodAccessorImpl.java:43)
	at java.lang.reflect.Method.invoke(Method.java:498)
	at org.junit.runners.model.FrameworkMethod$1.runReflectiveCall(FrameworkMethod.java:50)
	at org.junit.internal.runners.model.ReflectiveCallable.run(ReflectiveCallable.java:12)
	at org.junit.runners.model.FrameworkMethod.invokeExplosively(FrameworkMethod.java:47)
	at org.junit.internal.runners.statements.RunBefores.evaluate(RunBefores.java:24)
	at org.junit.internal.runners.statements.RunAfters.evaluate(RunAfters.java:27)
	at org.junit.runners.ParentRunner.runLeaf(ParentRunner.java:325)
	at org.junit.runners.BlockJUnit4ClassRunner.runChild(BlockJUnit4ClassRunner.java:78)
	at org.junit.runners.BlockJUnit4ClassRunner.runChild(BlockJUnit4ClassRunner.java:57)
	at org.junit.runners.ParentRunner$3.run(ParentRunner.java:290)
	at org.junit.runners.ParentRunner$1.schedule(ParentRunner.java:71)
	at org.junit.runners.ParentRunner.runChildren(ParentRunner.java:288)
	at org.junit.runners.ParentRunner.access$000(ParentRunner.java:58)
	at org.junit.runners.ParentRunner$2.evaluate(ParentRunner.java:268)
	at org.junit.runners.ParentRunner.run(ParentRunner.java:363)
	at org.junit.runners.Suite.runChild(Suite.java:128)
	at org.junit.runners.Suite.runChild(Suite.java:27)
	at org.junit.runners.ParentRunner$3.run(ParentRunner.java:290)
	at org.junit.runners.ParentRunner$1.schedule(ParentRunner.java:71)
	at org.junit.runners.ParentRunner.runChildren(ParentRunner.java:288)
	at org.junit.runners.ParentRunner.access$000(ParentRunner.java:58)
	at org.junit.runners.ParentRunner$2.evaluate(ParentRunner.java:268)
	at org.junit.runners.ParentRunner.run(ParentRunner.java:363)
	at org.apache.maven.surefire.junit4.JUnit4Provider.execute(JUnit4Provider.java:283)
	at org.apache.maven.surefire.junit4.JUnit4Provider.executeWithRerun(JUnit4Provider.java:173)
	at org.apache.maven.surefire.junit4.JUnit4Provider.executeTestSet(JUnit4Provider.java:153)
	at org.apache.maven.surefire.junit4.JUnit4Provider.invoke(JUnit4Provider.java:128)
	at org.apache.maven.surefire.booter.ForkedBooter.invokeProviderInSameClassLoader(ForkedBooter.java:203)
	at org.apache.maven.surefire.booter.ForkedBooter.runSuitesInProcess(ForkedBooter.java:155)
	at org.apache.maven.surefire.booter.ForkedBooter.main(ForkedBooter.java:103)
]]></error>
  </testcase>
  <testcase name="testSetAppName" classname="org.postgresql.test.jdbc4.ClientInfoTest" time="0">
    <error message="Connection to localhost:5432 refused. Check that the hostname and port are correct and that the postmaster is accepting TCP/IP connections." type="org.postgresql.util.PSQLException"><![CDATA[org.postgresql.util.PSQLException: Connection to localhost:5432 refused. Check that the hostname and port are correct and that the postmaster is accepting TCP/IP connections.
	at org.postgresql.core.v3.ConnectionFactoryImpl.openConnectionImpl(ConnectionFactoryImpl.java:245)
	at org.postgresql.core.ConnectionFactory.openConnection(ConnectionFactory.java:49)
	at org.postgresql.jdbc.PgConnection.<init>(PgConnection.java:195)
	at org.postgresql.Driver.makeConnection(Driver.java:454)
	at org.postgresql.Driver.connect(Driver.java:256)
	at java.sql.DriverManager.getConnection(DriverManager.java:664)
	at java.sql.DriverManager.getConnection(DriverManager.java:208)
	at org.postgresql.test.TestUtil.openDB(TestUtil.java:312)
	at org.postgresql.test.jdbc2.BaseTest4.setUp(BaseTest4.java:83)
	at sun.reflect.GeneratedMethodAccessor3.invoke(Unknown Source)
	at sun.reflect.DelegatingMethodAccessorImpl.invoke(DelegatingMethodAccessorImpl.java:43)
	at java.lang.reflect.Method.invoke(Method.java:498)
	at org.junit.runners.model.FrameworkMethod$1.runReflectiveCall(FrameworkMethod.java:50)
	at org.junit.internal.runners.model.ReflectiveCallable.run(ReflectiveCallable.java:12)
	at org.junit.runners.model.FrameworkMethod.invokeExplosively(FrameworkMethod.java:47)
	at org.junit.internal.runners.statements.RunBefores.evaluate(RunBefores.java:24)
	at org.junit.internal.runners.statements.RunAfters.evaluate(RunAfters.java:27)
	at org.junit.runners.ParentRunner.runLeaf(ParentRunner.java:325)
	at org.junit.runners.BlockJUnit4ClassRunner.runChild(BlockJUnit4ClassRunner.java:78)
	at org.junit.runners.BlockJUnit4ClassRunner.runChild(BlockJUnit4ClassRunner.java:57)
	at org.junit.runners.ParentRunner$3.run(ParentRunner.java:290)
	at org.junit.runners.ParentRunner$1.schedule(ParentRunner.java:71)
	at org.junit.runners.ParentRunner.runChildren(ParentRunner.java:288)
	at org.junit.runners.ParentRunner.access$000(ParentRunner.java:58)
	at org.junit.runners.ParentRunner$2.evaluate(ParentRunner.java:268)
	at org.junit.runners.ParentRunner.run(ParentRunner.java:363)
	at org.junit.runners.Suite.runChild(Suite.java:128)
	at org.junit.runners.Suite.runChild(Suite.java:27)
	at org.junit.runners.ParentRunner$3.run(ParentRunner.java:290)
	at org.junit.runners.ParentRunner$1.schedule(ParentRunner.java:71)
	at org.junit.runners.ParentRunner.runChildren(ParentRunner.java:288)
	at org.junit.runners.ParentRunner.access$000(ParentRunner.java:58)
	at org.junit.runners.ParentRunner$2.evaluate(ParentRunner.java:268)
	at org.junit.runners.ParentRunner.run(ParentRunner.java:363)
	at org.apache.maven.surefire.junit4.JUnit4Provider.execute(JUnit4Provider.java:283)
	at org.apache.maven.surefire.junit4.JUnit4Provider.executeWithRerun(JUnit4Provider.java:173)
	at org.apache.maven.surefire.junit4.JUnit4Provider.executeTestSet(JUnit4Provider.java:153)
	at org.apache.maven.surefire.junit4.JUnit4Provider.invoke(JUnit4Provider.java:128)
	at org.apache.maven.surefire.booter.ForkedBooter.invokeProviderInSameClassLoader(ForkedBooter.java:203)
	at org.apache.maven.surefire.booter.ForkedBooter.runSuitesInProcess(ForkedBooter.java:155)
	at org.apache.maven.surefire.booter.ForkedBooter.main(ForkedBooter.java:103)
Caused by: java.net.ConnectException: Connection refused (Connection refused)
	at java.net.PlainSocketImpl.socketConnect(Native Method)
	at java.net.AbstractPlainSocketImpl.doConnect(AbstractPlainSocketImpl.java:350)
	at java.net.AbstractPlainSocketImpl.connectToAddress(AbstractPlainSocketImpl.java:206)
	at java.net.AbstractPlainSocketImpl.connect(AbstractPlainSocketImpl.java:188)
	at java.net.SocksSocketImpl.connect(SocksSocketImpl.java:392)
	at java.net.Socket.connect(Socket.java:589)
	at org.postgresql.core.PGStream.<init>(PGStream.java:69)
	at org.postgresql.core.v3.ConnectionFactoryImpl.openConnectionImpl(ConnectionFactoryImpl.java:156)
	at org.postgresql.core.ConnectionFactory.openConnection(ConnectionFactory.java:49)
	at org.postgresql.jdbc.PgConnection.<init>(PgConnection.java:195)
	at org.postgresql.Driver.makeConnection(Driver.java:454)
	at org.postgresql.Driver.connect(Driver.java:256)
	at java.sql.DriverManager.getConnection(DriverManager.java:664)
	at java.sql.DriverManager.getConnection(DriverManager.java:208)
	at org.postgresql.test.TestUtil.openDB(TestUtil.java:312)
	at org.postgresql.test.jdbc2.BaseTest4.setUp(BaseTest4.java:83)
	at sun.reflect.GeneratedMethodAccessor3.invoke(Unknown Source)
	at sun.reflect.DelegatingMethodAccessorImpl.invoke(DelegatingMethodAccessorImpl.java:43)
	at java.lang.reflect.Method.invoke(Method.java:498)
	at org.junit.runners.model.FrameworkMethod$1.runReflectiveCall(FrameworkMethod.java:50)
	at org.junit.internal.runners.model.ReflectiveCallable.run(ReflectiveCallable.java:12)
	at org.junit.runners.model.FrameworkMethod.invokeExplosively(FrameworkMethod.java:47)
	at org.junit.internal.runners.statements.RunBefores.evaluate(RunBefores.java:24)
	at org.junit.internal.runners.statements.RunAfters.evaluate(RunAfters.java:27)
	at org.junit.runners.ParentRunner.runLeaf(ParentRunner.java:325)
	at org.junit.runners.BlockJUnit4ClassRunner.runChild(BlockJUnit4ClassRunner.java:78)
	at org.junit.runners.BlockJUnit4ClassRunner.runChild(BlockJUnit4ClassRunner.java:57)
	at org.junit.runners.ParentRunner$3.run(ParentRunner.java:290)
	at org.junit.runners.ParentRunner$1.schedule(ParentRunner.java:71)
	at org.junit.runners.ParentRunner.runChildren(ParentRunner.java:288)
	at org.junit.runners.ParentRunner.access$000(ParentRunner.java:58)
	at org.junit.runners.ParentRunner$2.evaluate(ParentRunner.java:268)
	at org.junit.runners.ParentRunner.run(ParentRunner.java:363)
	at org.junit.runners.Suite.runChild(Suite.java:128)
	at org.junit.runners.Suite.runChild(Suite.java:27)
	at org.junit.runners.ParentRunner$3.run(ParentRunner.java:290)
	at org.junit.runners.ParentRunner$1.schedule(ParentRunner.java:71)
	at org.junit.runners.ParentRunner.runChildren(ParentRunner.java:288)
	at org.junit.runners.ParentRunner.access$000(ParentRunner.java:58)
	at org.junit.runners.ParentRunner$2.evaluate(ParentRunner.java:268)
	at org.junit.runners.ParentRunner.run(ParentRunner.java:363)
	at org.apache.maven.surefire.junit4.JUnit4Provider.execute(JUnit4Provider.java:283)
	at org.apache.maven.surefire.junit4.JUnit4Provider.executeWithRerun(JUnit4Provider.java:173)
	at org.apache.maven.surefire.junit4.JUnit4Provider.executeTestSet(JUnit4Provider.java:153)
	at org.apache.maven.surefire.junit4.JUnit4Provider.invoke(JUnit4Provider.java:128)
	at org.apache.maven.surefire.booter.ForkedBooter.invokeProviderInSameClassLoader(ForkedBooter.java:203)
	at org.apache.maven.surefire.booter.ForkedBooter.runSuitesInProcess(ForkedBooter.java:155)
	at org.apache.maven.surefire.booter.ForkedBooter.main(ForkedBooter.java:103)
]]></error>
  </testcase>
  <testcase name="testReadBytesCorrectlyHandlesEof" classname="org.postgresql.test.jdbc4.PGCopyInputStreamTest" time="0">
    <error message="Connection to localhost:5432 refused. Check that the hostname and port are correct and that the postmaster is accepting TCP/IP connections." type="org.postgresql.util.PSQLException"><![CDATA[org.postgresql.util.PSQLException: Connection to localhost:5432 refused. Check that the hostname and port are correct and that the postmaster is accepting TCP/IP connections.
	at java.net.PlainSocketImpl.socketConnect(Native Method)
	at java.net.AbstractPlainSocketImpl.doConnect(AbstractPlainSocketImpl.java:350)
	at java.net.AbstractPlainSocketImpl.connectToAddress(AbstractPlainSocketImpl.java:206)
	at java.net.AbstractPlainSocketImpl.connect(AbstractPlainSocketImpl.java:188)
	at java.net.SocksSocketImpl.connect(SocksSocketImpl.java:392)
	at java.net.Socket.connect(Socket.java:589)
	at org.postgresql.core.PGStream.<init>(PGStream.java:69)
	at org.postgresql.core.v3.ConnectionFactoryImpl.openConnectionImpl(ConnectionFactoryImpl.java:156)
	at org.postgresql.core.ConnectionFactory.openConnection(ConnectionFactory.java:49)
	at org.postgresql.jdbc.PgConnection.<init>(PgConnection.java:195)
	at org.postgresql.Driver.makeConnection(Driver.java:454)
	at org.postgresql.Driver.connect(Driver.java:256)
	at java.sql.DriverManager.getConnection(DriverManager.java:664)
	at java.sql.DriverManager.getConnection(DriverManager.java:208)
	at org.postgresql.test.TestUtil.openDB(TestUtil.java:312)
	at org.postgresql.test.TestUtil.openDB(TestUtil.java:277)
	at org.postgresql.test.jdbc4.PGCopyInputStreamTest.setUp(PGCopyInputStreamTest.java:32)
]]></error>
  </testcase>
  <testcase name="testReadBytesCorrectlyHandlesEof" classname="org.postgresql.test.jdbc4.PGCopyInputStreamTest" time="0">
    <error type="java.lang.NullPointerException:">java.lang.NullPointerException: null
	at org.postgresql.test.TestUtil.dropTable(TestUtil.java:517)
	at org.postgresql.test.jdbc4.PGCopyInputStreamTest.tearDown(PGCopyInputStreamTest.java:44)
</error>
  </testcase>
  <testcase name="testReadBytesCorrectlyReadsDataInChunks" classname="org.postgresql.test.jdbc4.PGCopyInputStreamTest" time="0">
    <error message="Connection to localhost:5432 refused. Check that the hostname and port are correct and that the postmaster is accepting TCP/IP connections." type="org.postgresql.util.PSQLException"><![CDATA[org.postgresql.util.PSQLException: Connection to localhost:5432 refused. Check that the hostname and port are correct and that the postmaster is accepting TCP/IP connections.
	at java.net.PlainSocketImpl.socketConnect(Native Method)
	at java.net.AbstractPlainSocketImpl.doConnect(AbstractPlainSocketImpl.java:350)
	at java.net.AbstractPlainSocketImpl.connectToAddress(AbstractPlainSocketImpl.java:206)
	at java.net.AbstractPlainSocketImpl.connect(AbstractPlainSocketImpl.java:188)
	at java.net.SocksSocketImpl.connect(SocksSocketImpl.java:392)
	at java.net.Socket.connect(Socket.java:589)
	at org.postgresql.core.PGStream.<init>(PGStream.java:69)
	at org.postgresql.core.v3.ConnectionFactoryImpl.openConnectionImpl(ConnectionFactoryImpl.java:156)
	at org.postgresql.core.ConnectionFactory.openConnection(ConnectionFactory.java:49)
	at org.postgresql.jdbc.PgConnection.<init>(PgConnection.java:195)
	at org.postgresql.Driver.makeConnection(Driver.java:454)
	at org.postgresql.Driver.connect(Driver.java:256)
	at java.sql.DriverManager.getConnection(DriverManager.java:664)
	at java.sql.DriverManager.getConnection(DriverManager.java:208)
	at org.postgresql.test.TestUtil.openDB(TestUtil.java:312)
	at org.postgresql.test.TestUtil.openDB(TestUtil.java:277)
	at org.postgresql.test.jdbc4.PGCopyInputStreamTest.setUp(PGCopyInputStreamTest.java:32)
]]></error>
  </testcase>
  <testcase name="testReadBytesCorrectlyReadsDataInChunks" classname="org.postgresql.test.jdbc4.PGCopyInputStreamTest" time="0">
    <error type="java.lang.NullPointerException:">java.lang.NullPointerException: null
	at org.postgresql.test.TestUtil.dropTable(TestUtil.java:517)
	at org.postgresql.test.jdbc4.PGCopyInputStreamTest.tearDown(PGCopyInputStreamTest.java:44)
</error>
  </testcase>
  <testcase name="testStreamCanBeClosedAfterReadUp" classname="org.postgresql.test.jdbc4.PGCopyInputStreamTest" time="0">
    <error message="Connection to localhost:5432 refused. Check that the hostname and port are correct and that the postmaster is accepting TCP/IP connections." type="org.postgresql.util.PSQLException"><![CDATA[org.postgresql.util.PSQLException: Connection to localhost:5432 refused. Check that the hostname and port are correct and that the postmaster is accepting TCP/IP connections.
	at java.net.PlainSocketImpl.socketConnect(Native Method)
	at java.net.AbstractPlainSocketImpl.doConnect(AbstractPlainSocketImpl.java:350)
	at java.net.AbstractPlainSocketImpl.connectToAddress(AbstractPlainSocketImpl.java:206)
	at java.net.AbstractPlainSocketImpl.connect(AbstractPlainSocketImpl.java:188)
	at java.net.SocksSocketImpl.connect(SocksSocketImpl.java:392)
	at java.net.Socket.connect(Socket.java:589)
	at org.postgresql.core.PGStream.<init>(PGStream.java:69)
	at org.postgresql.core.v3.ConnectionFactoryImpl.openConnectionImpl(ConnectionFactoryImpl.java:156)
	at org.postgresql.core.ConnectionFactory.openConnection(ConnectionFactory.java:49)
	at org.postgresql.jdbc.PgConnection.<init>(PgConnection.java:195)
	at org.postgresql.Driver.makeConnection(Driver.java:454)
	at org.postgresql.Driver.connect(Driver.java:256)
	at java.sql.DriverManager.getConnection(DriverManager.java:664)
	at java.sql.DriverManager.getConnection(DriverManager.java:208)
	at org.postgresql.test.TestUtil.openDB(TestUtil.java:312)
	at org.postgresql.test.TestUtil.openDB(TestUtil.java:277)
	at org.postgresql.test.jdbc4.PGCopyInputStreamTest.setUp(PGCopyInputStreamTest.java:32)
]]></error>
  </testcase>
  <testcase name="testStreamCanBeClosedAfterReadUp" classname="org.postgresql.test.jdbc4.PGCopyInputStreamTest" time="0">
    <error type="java.lang.NullPointerException:">java.lang.NullPointerException: null
	at org.postgresql.test.TestUtil.dropTable(TestUtil.java:517)
	at org.postgresql.test.jdbc4.PGCopyInputStreamTest.tearDown(PGCopyInputStreamTest.java:44)
</error>
  </testcase>
  <testcase name="testSetBlobWithStream" classname="org.postgresql.test.jdbc4.BlobTest" time="0">
    <error message="Connection to localhost:5432 refused. Check that the hostname and port are correct and that the postmaster is accepting TCP/IP connections." type="org.postgresql.util.PSQLException"><![CDATA[org.postgresql.util.PSQLException: Connection to localhost:5432 refused. Check that the hostname and port are correct and that the postmaster is accepting TCP/IP connections.
	at java.net.PlainSocketImpl.socketConnect(Native Method)
	at java.net.AbstractPlainSocketImpl.doConnect(AbstractPlainSocketImpl.java:350)
	at java.net.AbstractPlainSocketImpl.connectToAddress(AbstractPlainSocketImpl.java:206)
	at java.net.AbstractPlainSocketImpl.connect(AbstractPlainSocketImpl.java:188)
	at java.net.SocksSocketImpl.connect(SocksSocketImpl.java:392)
	at java.net.Socket.connect(Socket.java:589)
	at org.postgresql.core.PGStream.<init>(PGStream.java:69)
	at org.postgresql.core.v3.ConnectionFactoryImpl.openConnectionImpl(ConnectionFactoryImpl.java:156)
	at org.postgresql.core.ConnectionFactory.openConnection(ConnectionFactory.java:49)
	at org.postgresql.jdbc.PgConnection.<init>(PgConnection.java:195)
	at org.postgresql.Driver.makeConnection(Driver.java:454)
	at org.postgresql.Driver.connect(Driver.java:256)
	at java.sql.DriverManager.getConnection(DriverManager.java:664)
	at java.sql.DriverManager.getConnection(DriverManager.java:208)
	at org.postgresql.test.TestUtil.openDB(TestUtil.java:312)
	at org.postgresql.test.TestUtil.openDB(TestUtil.java:277)
	at org.postgresql.test.jdbc4.BlobTest.setUp(BlobTest.java:38)
]]></error>
  </testcase>
  <testcase name="testSetBlobWithStream" classname="org.postgresql.test.jdbc4.BlobTest" time="0">
    <error type="java.lang.NullPointerException:">java.lang.NullPointerException: null
	at org.postgresql.test.jdbc4.BlobTest.tearDown(BlobTest.java:45)
</error>
  </testcase>
  <testcase name="testFree" classname="org.postgresql.test.jdbc4.BlobTest" time="0">
    <error message="Connection to localhost:5432 refused. Check that the hostname and port are correct and that the postmaster is accepting TCP/IP connections." type="org.postgresql.util.PSQLException"><![CDATA[org.postgresql.util.PSQLException: Connection to localhost:5432 refused. Check that the hostname and port are correct and that the postmaster is accepting TCP/IP connections.
	at java.net.PlainSocketImpl.socketConnect(Native Method)
	at java.net.AbstractPlainSocketImpl.doConnect(AbstractPlainSocketImpl.java:350)
	at java.net.AbstractPlainSocketImpl.connectToAddress(AbstractPlainSocketImpl.java:206)
	at java.net.AbstractPlainSocketImpl.connect(AbstractPlainSocketImpl.java:188)
	at java.net.SocksSocketImpl.connect(SocksSocketImpl.java:392)
	at java.net.Socket.connect(Socket.java:589)
	at org.postgresql.core.PGStream.<init>(PGStream.java:69)
	at org.postgresql.core.v3.ConnectionFactoryImpl.openConnectionImpl(ConnectionFactoryImpl.java:156)
	at org.postgresql.core.ConnectionFactory.openConnection(ConnectionFactory.java:49)
	at org.postgresql.jdbc.PgConnection.<init>(PgConnection.java:195)
	at org.postgresql.Driver.makeConnection(Driver.java:454)
	at org.postgresql.Driver.connect(Driver.java:256)
	at java.sql.DriverManager.getConnection(DriverManager.java:664)
	at java.sql.DriverManager.getConnection(DriverManager.java:208)
	at org.postgresql.test.TestUtil.openDB(TestUtil.java:312)
	at org.postgresql.test.TestUtil.openDB(TestUtil.java:277)
	at org.postgresql.test.jdbc4.BlobTest.setUp(BlobTest.java:38)
]]></error>
  </testcase>
  <testcase name="testFree" classname="org.postgresql.test.jdbc4.BlobTest" time="0">
    <error type="java.lang.NullPointerException:">java.lang.NullPointerException: null
	at org.postgresql.test.jdbc4.BlobTest.tearDown(BlobTest.java:45)
</error>
  </testcase>
  <testcase name="testGetBinaryStreamWithBoundaries" classname="org.postgresql.test.jdbc4.BlobTest" time="0">
    <error message="Connection to localhost:5432 refused. Check that the hostname and port are correct and that the postmaster is accepting TCP/IP connections." type="org.postgresql.util.PSQLException"><![CDATA[org.postgresql.util.PSQLException: Connection to localhost:5432 refused. Check that the hostname and port are correct and that the postmaster is accepting TCP/IP connections.
	at java.net.PlainSocketImpl.socketConnect(Native Method)
	at java.net.AbstractPlainSocketImpl.doConnect(AbstractPlainSocketImpl.java:350)
	at java.net.AbstractPlainSocketImpl.connectToAddress(AbstractPlainSocketImpl.java:206)
	at java.net.AbstractPlainSocketImpl.connect(AbstractPlainSocketImpl.java:188)
	at java.net.SocksSocketImpl.connect(SocksSocketImpl.java:392)
	at java.net.Socket.connect(Socket.java:589)
	at org.postgresql.core.PGStream.<init>(PGStream.java:69)
	at org.postgresql.core.v3.ConnectionFactoryImpl.openConnectionImpl(ConnectionFactoryImpl.java:156)
	at org.postgresql.core.ConnectionFactory.openConnection(ConnectionFactory.java:49)
	at org.postgresql.jdbc.PgConnection.<init>(PgConnection.java:195)
	at org.postgresql.Driver.makeConnection(Driver.java:454)
	at org.postgresql.Driver.connect(Driver.java:256)
	at java.sql.DriverManager.getConnection(DriverManager.java:664)
	at java.sql.DriverManager.getConnection(DriverManager.java:208)
	at org.postgresql.test.TestUtil.openDB(TestUtil.java:312)
	at org.postgresql.test.TestUtil.openDB(TestUtil.java:277)
	at org.postgresql.test.jdbc4.BlobTest.setUp(BlobTest.java:38)
]]></error>
  </testcase>
  <testcase name="testGetBinaryStreamWithBoundaries" classname="org.postgresql.test.jdbc4.BlobTest" time="0">
    <error type="java.lang.NullPointerException:">java.lang.NullPointerException: null
	at org.postgresql.test.jdbc4.BlobTest.tearDown(BlobTest.java:45)
</error>
  </testcase>
  <testcase name="testSetBlobWithStreamAndLength" classname="org.postgresql.test.jdbc4.BlobTest" time="0">
    <error message="Connection to localhost:5432 refused. Check that the hostname and port are correct and that the postmaster is accepting TCP/IP connections." type="org.postgresql.util.PSQLException"><![CDATA[org.postgresql.util.PSQLException: Connection to localhost:5432 refused. Check that the hostname and port are correct and that the postmaster is accepting TCP/IP connections.
	at java.net.PlainSocketImpl.socketConnect(Native Method)
	at java.net.AbstractPlainSocketImpl.doConnect(AbstractPlainSocketImpl.java:350)
	at java.net.AbstractPlainSocketImpl.connectToAddress(AbstractPlainSocketImpl.java:206)
	at java.net.AbstractPlainSocketImpl.connect(AbstractPlainSocketImpl.java:188)
	at java.net.SocksSocketImpl.connect(SocksSocketImpl.java:392)
	at java.net.Socket.connect(Socket.java:589)
	at org.postgresql.core.PGStream.<init>(PGStream.java:69)
	at org.postgresql.core.v3.ConnectionFactoryImpl.openConnectionImpl(ConnectionFactoryImpl.java:156)
	at org.postgresql.core.ConnectionFactory.openConnection(ConnectionFactory.java:49)
	at org.postgresql.jdbc.PgConnection.<init>(PgConnection.java:195)
	at org.postgresql.Driver.makeConnection(Driver.java:454)
	at org.postgresql.Driver.connect(Driver.java:256)
	at java.sql.DriverManager.getConnection(DriverManager.java:664)
	at java.sql.DriverManager.getConnection(DriverManager.java:208)
	at org.postgresql.test.TestUtil.openDB(TestUtil.java:312)
	at org.postgresql.test.TestUtil.openDB(TestUtil.java:277)
	at org.postgresql.test.jdbc4.BlobTest.setUp(BlobTest.java:38)
]]></error>
  </testcase>
  <testcase name="testSetBlobWithStreamAndLength" classname="org.postgresql.test.jdbc4.BlobTest" time="0">
    <error type="java.lang.NullPointerException:">java.lang.NullPointerException: null
	at org.postgresql.test.jdbc4.BlobTest.tearDown(BlobTest.java:45)
</error>
  </testcase>
  <testcase name="testKnownLength100Kb" classname="org.postgresql.test.jdbc4.BinaryStreamTest" time="0">
    <error message="Connection to localhost:5432 refused. Check that the hostname and port are correct and that the postmaster is accepting TCP/IP connections." type="org.postgresql.util.PSQLException"><![CDATA[org.postgresql.util.PSQLException: Connection to localhost:5432 refused. Check that the hostname and port are correct and that the postmaster is accepting TCP/IP connections.
	at java.net.PlainSocketImpl.socketConnect(Native Method)
	at java.net.AbstractPlainSocketImpl.doConnect(AbstractPlainSocketImpl.java:350)
	at java.net.AbstractPlainSocketImpl.connectToAddress(AbstractPlainSocketImpl.java:206)
	at java.net.AbstractPlainSocketImpl.connect(AbstractPlainSocketImpl.java:188)
	at java.net.SocksSocketImpl.connect(SocksSocketImpl.java:392)
	at java.net.Socket.connect(Socket.java:589)
	at org.postgresql.core.PGStream.<init>(PGStream.java:69)
	at org.postgresql.core.v3.ConnectionFactoryImpl.openConnectionImpl(ConnectionFactoryImpl.java:156)
	at org.postgresql.core.ConnectionFactory.openConnection(ConnectionFactory.java:49)
	at org.postgresql.jdbc.PgConnection.<init>(PgConnection.java:195)
	at org.postgresql.Driver.makeConnection(Driver.java:454)
	at org.postgresql.Driver.connect(Driver.java:256)
	at java.sql.DriverManager.getConnection(DriverManager.java:664)
	at java.sql.DriverManager.getConnection(DriverManager.java:208)
	at org.postgresql.test.TestUtil.openDB(TestUtil.java:312)
	at org.postgresql.test.jdbc2.BaseTest4.setUp(BaseTest4.java:83)
	at org.postgresql.test.jdbc4.BinaryStreamTest.setUp(BinaryStreamTest.java:27)
]]></error>
  </testcase>
  <testcase name="testKnownLength100Kb" classname="org.postgresql.test.jdbc4.BinaryStreamTest" time="0">
    <error type="java.lang.NullPointerException:">java.lang.NullPointerException: null
	at org.postgresql.test.TestUtil.dropTable(TestUtil.java:517)
	at org.postgresql.test.jdbc4.BinaryStreamTest.tearDown(BinaryStreamTest.java:40)
</error>
  </testcase>
  <testcase name="testKnownLength200Kb" classname="org.postgresql.test.jdbc4.BinaryStreamTest" time="0">
    <error message="Connection to localhost:5432 refused. Check that the hostname and port are correct and that the postmaster is accepting TCP/IP connections." type="org.postgresql.util.PSQLException"><![CDATA[org.postgresql.util.PSQLException: Connection to localhost:5432 refused. Check that the hostname and port are correct and that the postmaster is accepting TCP/IP connections.
	at java.net.PlainSocketImpl.socketConnect(Native Method)
	at java.net.AbstractPlainSocketImpl.doConnect(AbstractPlainSocketImpl.java:350)
	at java.net.AbstractPlainSocketImpl.connectToAddress(AbstractPlainSocketImpl.java:206)
	at java.net.AbstractPlainSocketImpl.connect(AbstractPlainSocketImpl.java:188)
	at java.net.SocksSocketImpl.connect(SocksSocketImpl.java:392)
	at java.net.Socket.connect(Socket.java:589)
	at org.postgresql.core.PGStream.<init>(PGStream.java:69)
	at org.postgresql.core.v3.ConnectionFactoryImpl.openConnectionImpl(ConnectionFactoryImpl.java:156)
	at org.postgresql.core.ConnectionFactory.openConnection(ConnectionFactory.java:49)
	at org.postgresql.jdbc.PgConnection.<init>(PgConnection.java:195)
	at org.postgresql.Driver.makeConnection(Driver.java:454)
	at org.postgresql.Driver.connect(Driver.java:256)
	at java.sql.DriverManager.getConnection(DriverManager.java:664)
	at java.sql.DriverManager.getConnection(DriverManager.java:208)
	at org.postgresql.test.TestUtil.openDB(TestUtil.java:312)
	at org.postgresql.test.jdbc2.BaseTest4.setUp(BaseTest4.java:83)
	at org.postgresql.test.jdbc4.BinaryStreamTest.setUp(BinaryStreamTest.java:27)
]]></error>
  </testcase>
  <testcase name="testKnownLength200Kb" classname="org.postgresql.test.jdbc4.BinaryStreamTest" time="0">
    <error type="java.lang.NullPointerException:">java.lang.NullPointerException: null
	at org.postgresql.test.TestUtil.dropTable(TestUtil.java:517)
	at org.postgresql.test.jdbc4.BinaryStreamTest.tearDown(BinaryStreamTest.java:40)
</error>
  </testcase>
  <testcase name="testKnownLengthEmpty" classname="org.postgresql.test.jdbc4.BinaryStreamTest" time="0">
    <error message="Connection to localhost:5432 refused. Check that the hostname and port are correct and that the postmaster is accepting TCP/IP connections." type="org.postgresql.util.PSQLException"><![CDATA[org.postgresql.util.PSQLException: Connection to localhost:5432 refused. Check that the hostname and port are correct and that the postmaster is accepting TCP/IP connections.
	at java.net.PlainSocketImpl.socketConnect(Native Method)
	at java.net.AbstractPlainSocketImpl.doConnect(AbstractPlainSocketImpl.java:350)
	at java.net.AbstractPlainSocketImpl.connectToAddress(AbstractPlainSocketImpl.java:206)
	at java.net.AbstractPlainSocketImpl.connect(AbstractPlainSocketImpl.java:188)
	at java.net.SocksSocketImpl.connect(SocksSocketImpl.java:392)
	at java.net.Socket.connect(Socket.java:589)
	at org.postgresql.core.PGStream.<init>(PGStream.java:69)
	at org.postgresql.core.v3.ConnectionFactoryImpl.openConnectionImpl(ConnectionFactoryImpl.java:156)
	at org.postgresql.core.ConnectionFactory.openConnection(ConnectionFactory.java:49)
	at org.postgresql.jdbc.PgConnection.<init>(PgConnection.java:195)
	at org.postgresql.Driver.makeConnection(Driver.java:454)
	at org.postgresql.Driver.connect(Driver.java:256)
	at java.sql.DriverManager.getConnection(DriverManager.java:664)
	at java.sql.DriverManager.getConnection(DriverManager.java:208)
	at org.postgresql.test.TestUtil.openDB(TestUtil.java:312)
	at org.postgresql.test.jdbc2.BaseTest4.setUp(BaseTest4.java:83)
	at org.postgresql.test.jdbc4.BinaryStreamTest.setUp(BinaryStreamTest.java:27)
]]></error>
  </testcase>
  <testcase name="testKnownLengthEmpty" classname="org.postgresql.test.jdbc4.BinaryStreamTest" time="0">
    <error type="java.lang.NullPointerException:">java.lang.NullPointerException: null
	at org.postgresql.test.TestUtil.dropTable(TestUtil.java:517)
	at org.postgresql.test.jdbc4.BinaryStreamTest.tearDown(BinaryStreamTest.java:40)
</error>
  </testcase>
  <testcase name="testKnownLength2Kb" classname="org.postgresql.test.jdbc4.BinaryStreamTest" time="0">
    <error message="Connection to localhost:5432 refused. Check that the hostname and port are correct and that the postmaster is accepting TCP/IP connections." type="org.postgresql.util.PSQLException"><![CDATA[org.postgresql.util.PSQLException: Connection to localhost:5432 refused. Check that the hostname and port are correct and that the postmaster is accepting TCP/IP connections.
	at java.net.PlainSocketImpl.socketConnect(Native Method)
	at java.net.AbstractPlainSocketImpl.doConnect(AbstractPlainSocketImpl.java:350)
	at java.net.AbstractPlainSocketImpl.connectToAddress(AbstractPlainSocketImpl.java:206)
	at java.net.AbstractPlainSocketImpl.connect(AbstractPlainSocketImpl.java:188)
	at java.net.SocksSocketImpl.connect(SocksSocketImpl.java:392)
	at java.net.Socket.connect(Socket.java:589)
	at org.postgresql.core.PGStream.<init>(PGStream.java:69)
	at org.postgresql.core.v3.ConnectionFactoryImpl.openConnectionImpl(ConnectionFactoryImpl.java:156)
	at org.postgresql.core.ConnectionFactory.openConnection(ConnectionFactory.java:49)
	at org.postgresql.jdbc.PgConnection.<init>(PgConnection.java:195)
	at org.postgresql.Driver.makeConnection(Driver.java:454)
	at org.postgresql.Driver.connect(Driver.java:256)
	at java.sql.DriverManager.getConnection(DriverManager.java:664)
	at java.sql.DriverManager.getConnection(DriverManager.java:208)
	at org.postgresql.test.TestUtil.openDB(TestUtil.java:312)
	at org.postgresql.test.jdbc2.BaseTest4.setUp(BaseTest4.java:83)
	at org.postgresql.test.jdbc4.BinaryStreamTest.setUp(BinaryStreamTest.java:27)
]]></error>
  </testcase>
  <testcase name="testKnownLength2Kb" classname="org.postgresql.test.jdbc4.BinaryStreamTest" time="0">
    <error type="java.lang.NullPointerException:">java.lang.NullPointerException: null
	at org.postgresql.test.TestUtil.dropTable(TestUtil.java:517)
	at org.postgresql.test.jdbc4.BinaryStreamTest.tearDown(BinaryStreamTest.java:40)
</error>
  </testcase>
  <testcase name="testUnknownLength10Kb" classname="org.postgresql.test.jdbc4.BinaryStreamTest" time="0">
    <error message="Connection to localhost:5432 refused. Check that the hostname and port are correct and that the postmaster is accepting TCP/IP connections." type="org.postgresql.util.PSQLException"><![CDATA[org.postgresql.util.PSQLException: Connection to localhost:5432 refused. Check that the hostname and port are correct and that the postmaster is accepting TCP/IP connections.
	at java.net.PlainSocketImpl.socketConnect(Native Method)
	at java.net.AbstractPlainSocketImpl.doConnect(AbstractPlainSocketImpl.java:350)
	at java.net.AbstractPlainSocketImpl.connectToAddress(AbstractPlainSocketImpl.java:206)
	at java.net.AbstractPlainSocketImpl.connect(AbstractPlainSocketImpl.java:188)
	at java.net.SocksSocketImpl.connect(SocksSocketImpl.java:392)
	at java.net.Socket.connect(Socket.java:589)
	at org.postgresql.core.PGStream.<init>(PGStream.java:69)
	at org.postgresql.core.v3.ConnectionFactoryImpl.openConnectionImpl(ConnectionFactoryImpl.java:156)
	at org.postgresql.core.ConnectionFactory.openConnection(ConnectionFactory.java:49)
	at org.postgresql.jdbc.PgConnection.<init>(PgConnection.java:195)
	at org.postgresql.Driver.makeConnection(Driver.java:454)
	at org.postgresql.Driver.connect(Driver.java:256)
	at java.sql.DriverManager.getConnection(DriverManager.java:664)
	at java.sql.DriverManager.getConnection(DriverManager.java:208)
	at org.postgresql.test.TestUtil.openDB(TestUtil.java:312)
	at org.postgresql.test.jdbc2.BaseTest4.setUp(BaseTest4.java:83)
	at org.postgresql.test.jdbc4.BinaryStreamTest.setUp(BinaryStreamTest.java:27)
]]></error>
  </testcase>
  <testcase name="testUnknownLength10Kb" classname="org.postgresql.test.jdbc4.BinaryStreamTest" time="0">
    <error type="java.lang.NullPointerException:">java.lang.NullPointerException: null
	at org.postgresql.test.TestUtil.dropTable(TestUtil.java:517)
	at org.postgresql.test.jdbc4.BinaryStreamTest.tearDown(BinaryStreamTest.java:40)
</error>
  </testcase>
  <testcase name="testUnknownLength100Kb" classname="org.postgresql.test.jdbc4.BinaryStreamTest" time="0">
    <error message="Connection to localhost:5432 refused. Check that the hostname and port are correct and that the postmaster is accepting TCP/IP connections." type="org.postgresql.util.PSQLException"><![CDATA[org.postgresql.util.PSQLException: Connection to localhost:5432 refused. Check that the hostname and port are correct and that the postmaster is accepting TCP/IP connections.
	at java.net.PlainSocketImpl.socketConnect(Native Method)
	at java.net.AbstractPlainSocketImpl.doConnect(AbstractPlainSocketImpl.java:350)
	at java.net.AbstractPlainSocketImpl.connectToAddress(AbstractPlainSocketImpl.java:206)
	at java.net.AbstractPlainSocketImpl.connect(AbstractPlainSocketImpl.java:188)
	at java.net.SocksSocketImpl.connect(SocksSocketImpl.java:392)
	at java.net.Socket.connect(Socket.java:589)
	at org.postgresql.core.PGStream.<init>(PGStream.java:69)
	at org.postgresql.core.v3.ConnectionFactoryImpl.openConnectionImpl(ConnectionFactoryImpl.java:156)
	at org.postgresql.core.ConnectionFactory.openConnection(ConnectionFactory.java:49)
	at org.postgresql.jdbc.PgConnection.<init>(PgConnection.java:195)
	at org.postgresql.Driver.makeConnection(Driver.java:454)
	at org.postgresql.Driver.connect(Driver.java:256)
	at java.sql.DriverManager.getConnection(DriverManager.java:664)
	at java.sql.DriverManager.getConnection(DriverManager.java:208)
	at org.postgresql.test.TestUtil.openDB(TestUtil.java:312)
	at org.postgresql.test.jdbc2.BaseTest4.setUp(BaseTest4.java:83)
	at org.postgresql.test.jdbc4.BinaryStreamTest.setUp(BinaryStreamTest.java:27)
]]></error>
  </testcase>
  <testcase name="testUnknownLength100Kb" classname="org.postgresql.test.jdbc4.BinaryStreamTest" time="0">
    <error type="java.lang.NullPointerException:">java.lang.NullPointerException: null
	at org.postgresql.test.TestUtil.dropTable(TestUtil.java:517)
	at org.postgresql.test.jdbc4.BinaryStreamTest.tearDown(BinaryStreamTest.java:40)
</error>
  </testcase>
  <testcase name="testUnknownLength200Kb" classname="org.postgresql.test.jdbc4.BinaryStreamTest" time="0">
    <error message="Connection to localhost:5432 refused. Check that the hostname and port are correct and that the postmaster is accepting TCP/IP connections." type="org.postgresql.util.PSQLException"><![CDATA[org.postgresql.util.PSQLException: Connection to localhost:5432 refused. Check that the hostname and port are correct and that the postmaster is accepting TCP/IP connections.
	at java.net.PlainSocketImpl.socketConnect(Native Method)
	at java.net.AbstractPlainSocketImpl.doConnect(AbstractPlainSocketImpl.java:350)
	at java.net.AbstractPlainSocketImpl.connectToAddress(AbstractPlainSocketImpl.java:206)
	at java.net.AbstractPlainSocketImpl.connect(AbstractPlainSocketImpl.java:188)
	at java.net.SocksSocketImpl.connect(SocksSocketImpl.java:392)
	at java.net.Socket.connect(Socket.java:589)
	at org.postgresql.core.PGStream.<init>(PGStream.java:69)
	at org.postgresql.core.v3.ConnectionFactoryImpl.openConnectionImpl(ConnectionFactoryImpl.java:156)
	at org.postgresql.core.ConnectionFactory.openConnection(ConnectionFactory.java:49)
	at org.postgresql.jdbc.PgConnection.<init>(PgConnection.java:195)
	at org.postgresql.Driver.makeConnection(Driver.java:454)
	at org.postgresql.Driver.connect(Driver.java:256)
	at java.sql.DriverManager.getConnection(DriverManager.java:664)
	at java.sql.DriverManager.getConnection(DriverManager.java:208)
	at org.postgresql.test.TestUtil.openDB(TestUtil.java:312)
	at org.postgresql.test.jdbc2.BaseTest4.setUp(BaseTest4.java:83)
	at org.postgresql.test.jdbc4.BinaryStreamTest.setUp(BinaryStreamTest.java:27)
]]></error>
  </testcase>
  <testcase name="testUnknownLength200Kb" classname="org.postgresql.test.jdbc4.BinaryStreamTest" time="0.001">
    <error type="java.lang.NullPointerException:">java.lang.NullPointerException: null
	at org.postgresql.test.TestUtil.dropTable(TestUtil.java:517)
	at org.postgresql.test.jdbc4.BinaryStreamTest.tearDown(BinaryStreamTest.java:40)
</error>
  </testcase>
  <testcase name="testUnknownLengthEmpty" classname="org.postgresql.test.jdbc4.BinaryStreamTest" time="0">
    <error message="Connection to localhost:5432 refused. Check that the hostname and port are correct and that the postmaster is accepting TCP/IP connections." type="org.postgresql.util.PSQLException"><![CDATA[org.postgresql.util.PSQLException: Connection to localhost:5432 refused. Check that the hostname and port are correct and that the postmaster is accepting TCP/IP connections.
	at java.net.PlainSocketImpl.socketConnect(Native Method)
	at java.net.AbstractPlainSocketImpl.doConnect(AbstractPlainSocketImpl.java:350)
	at java.net.AbstractPlainSocketImpl.connectToAddress(AbstractPlainSocketImpl.java:206)
	at java.net.AbstractPlainSocketImpl.connect(AbstractPlainSocketImpl.java:188)
	at java.net.SocksSocketImpl.connect(SocksSocketImpl.java:392)
	at java.net.Socket.connect(Socket.java:589)
	at org.postgresql.core.PGStream.<init>(PGStream.java:69)
	at org.postgresql.core.v3.ConnectionFactoryImpl.openConnectionImpl(ConnectionFactoryImpl.java:156)
	at org.postgresql.core.ConnectionFactory.openConnection(ConnectionFactory.java:49)
	at org.postgresql.jdbc.PgConnection.<init>(PgConnection.java:195)
	at org.postgresql.Driver.makeConnection(Driver.java:454)
	at org.postgresql.Driver.connect(Driver.java:256)
	at java.sql.DriverManager.getConnection(DriverManager.java:664)
	at java.sql.DriverManager.getConnection(DriverManager.java:208)
	at org.postgresql.test.TestUtil.openDB(TestUtil.java:312)
	at org.postgresql.test.jdbc2.BaseTest4.setUp(BaseTest4.java:83)
	at org.postgresql.test.jdbc4.BinaryStreamTest.setUp(BinaryStreamTest.java:27)
]]></error>
  </testcase>
  <testcase name="testUnknownLengthEmpty" classname="org.postgresql.test.jdbc4.BinaryStreamTest" time="0">
    <error type="java.lang.NullPointerException:">java.lang.NullPointerException: null
	at org.postgresql.test.TestUtil.dropTable(TestUtil.java:517)
	at org.postgresql.test.jdbc4.BinaryStreamTest.tearDown(BinaryStreamTest.java:40)
</error>
  </testcase>
  <testcase name="testKnownLength10Kb" classname="org.postgresql.test.jdbc4.BinaryStreamTest" time="0">
    <error message="Connection to localhost:5432 refused. Check that the hostname and port are correct and that the postmaster is accepting TCP/IP connections." type="org.postgresql.util.PSQLException"><![CDATA[org.postgresql.util.PSQLException: Connection to localhost:5432 refused. Check that the hostname and port are correct and that the postmaster is accepting TCP/IP connections.
	at java.net.PlainSocketImpl.socketConnect(Native Method)
	at java.net.AbstractPlainSocketImpl.doConnect(AbstractPlainSocketImpl.java:350)
	at java.net.AbstractPlainSocketImpl.connectToAddress(AbstractPlainSocketImpl.java:206)
	at java.net.AbstractPlainSocketImpl.connect(AbstractPlainSocketImpl.java:188)
	at java.net.SocksSocketImpl.connect(SocksSocketImpl.java:392)
	at java.net.Socket.connect(Socket.java:589)
	at org.postgresql.core.PGStream.<init>(PGStream.java:69)
	at org.postgresql.core.v3.ConnectionFactoryImpl.openConnectionImpl(ConnectionFactoryImpl.java:156)
	at org.postgresql.core.ConnectionFactory.openConnection(ConnectionFactory.java:49)
	at org.postgresql.jdbc.PgConnection.<init>(PgConnection.java:195)
	at org.postgresql.Driver.makeConnection(Driver.java:454)
	at org.postgresql.Driver.connect(Driver.java:256)
	at java.sql.DriverManager.getConnection(DriverManager.java:664)
	at java.sql.DriverManager.getConnection(DriverManager.java:208)
	at org.postgresql.test.TestUtil.openDB(TestUtil.java:312)
	at org.postgresql.test.jdbc2.BaseTest4.setUp(BaseTest4.java:83)
	at org.postgresql.test.jdbc4.BinaryStreamTest.setUp(BinaryStreamTest.java:27)
]]></error>
  </testcase>
  <testcase name="testKnownLength10Kb" classname="org.postgresql.test.jdbc4.BinaryStreamTest" time="0">
    <error type="java.lang.NullPointerException:">java.lang.NullPointerException: null
	at org.postgresql.test.TestUtil.dropTable(TestUtil.java:517)
	at org.postgresql.test.jdbc4.BinaryStreamTest.tearDown(BinaryStreamTest.java:40)
</error>
  </testcase>
  <testcase name="testUnknownLength2Kb" classname="org.postgresql.test.jdbc4.BinaryStreamTest" time="0">
    <error message="Connection to localhost:5432 refused. Check that the hostname and port are correct and that the postmaster is accepting TCP/IP connections." type="org.postgresql.util.PSQLException"><![CDATA[org.postgresql.util.PSQLException: Connection to localhost:5432 refused. Check that the hostname and port are correct and that the postmaster is accepting TCP/IP connections.
	at java.net.PlainSocketImpl.socketConnect(Native Method)
	at java.net.AbstractPlainSocketImpl.doConnect(AbstractPlainSocketImpl.java:350)
	at java.net.AbstractPlainSocketImpl.connectToAddress(AbstractPlainSocketImpl.java:206)
	at java.net.AbstractPlainSocketImpl.connect(AbstractPlainSocketImpl.java:188)
	at java.net.SocksSocketImpl.connect(SocksSocketImpl.java:392)
	at java.net.Socket.connect(Socket.java:589)
	at org.postgresql.core.PGStream.<init>(PGStream.java:69)
	at org.postgresql.core.v3.ConnectionFactoryImpl.openConnectionImpl(ConnectionFactoryImpl.java:156)
	at org.postgresql.core.ConnectionFactory.openConnection(ConnectionFactory.java:49)
	at org.postgresql.jdbc.PgConnection.<init>(PgConnection.java:195)
	at org.postgresql.Driver.makeConnection(Driver.java:454)
	at org.postgresql.Driver.connect(Driver.java:256)
	at java.sql.DriverManager.getConnection(DriverManager.java:664)
	at java.sql.DriverManager.getConnection(DriverManager.java:208)
	at org.postgresql.test.TestUtil.openDB(TestUtil.java:312)
	at org.postgresql.test.jdbc2.BaseTest4.setUp(BaseTest4.java:83)
	at org.postgresql.test.jdbc4.BinaryStreamTest.setUp(BinaryStreamTest.java:27)
]]></error>
  </testcase>
  <testcase name="testUnknownLength2Kb" classname="org.postgresql.test.jdbc4.BinaryStreamTest" time="0">
    <error type="java.lang.NullPointerException:">java.lang.NullPointerException: null
	at org.postgresql.test.TestUtil.dropTable(TestUtil.java:517)
	at org.postgresql.test.jdbc4.BinaryStreamTest.tearDown(BinaryStreamTest.java:40)
</error>
  </testcase>
  <testcase name="testKnownIntLength10Kb" classname="org.postgresql.test.jdbc4.CharacterStreamTest" time="0">
    <error message="Connection to localhost:5432 refused. Check that the hostname and port are correct and that the postmaster is accepting TCP/IP connections." type="org.postgresql.util.PSQLException"><![CDATA[org.postgresql.util.PSQLException: Connection to localhost:5432 refused. Check that the hostname and port are correct and that the postmaster is accepting TCP/IP connections.
	at java.net.PlainSocketImpl.socketConnect(Native Method)
	at java.net.AbstractPlainSocketImpl.doConnect(AbstractPlainSocketImpl.java:350)
	at java.net.AbstractPlainSocketImpl.connectToAddress(AbstractPlainSocketImpl.java:206)
	at java.net.AbstractPlainSocketImpl.connect(AbstractPlainSocketImpl.java:188)
	at java.net.SocksSocketImpl.connect(SocksSocketImpl.java:392)
	at java.net.Socket.connect(Socket.java:589)
	at org.postgresql.core.PGStream.<init>(PGStream.java:69)
	at org.postgresql.core.v3.ConnectionFactoryImpl.openConnectionImpl(ConnectionFactoryImpl.java:156)
	at org.postgresql.core.ConnectionFactory.openConnection(ConnectionFactory.java:49)
	at org.postgresql.jdbc.PgConnection.<init>(PgConnection.java:195)
	at org.postgresql.Driver.makeConnection(Driver.java:454)
	at org.postgresql.Driver.connect(Driver.java:256)
	at java.sql.DriverManager.getConnection(DriverManager.java:664)
	at java.sql.DriverManager.getConnection(DriverManager.java:208)
	at org.postgresql.test.TestUtil.openDB(TestUtil.java:312)
	at org.postgresql.test.jdbc2.BaseTest4.setUp(BaseTest4.java:83)
	at org.postgresql.test.jdbc4.CharacterStreamTest.setUp(CharacterStreamTest.java:38)
]]></error>
  </testcase>
  <testcase name="testKnownIntLength10Kb" classname="org.postgresql.test.jdbc4.CharacterStreamTest" time="0">
    <error type="java.lang.NullPointerException:">java.lang.NullPointerException: null
	at org.postgresql.test.TestUtil.dropTable(TestUtil.java:517)
	at org.postgresql.test.jdbc4.CharacterStreamTest.tearDown(CharacterStreamTest.java:44)
</error>
  </testcase>
  <testcase name="testKnownIntLengthNull" classname="org.postgresql.test.jdbc4.CharacterStreamTest" time="0">
    <error message="Connection to localhost:5432 refused. Check that the hostname and port are correct and that the postmaster is accepting TCP/IP connections." type="org.postgresql.util.PSQLException"><![CDATA[org.postgresql.util.PSQLException: Connection to localhost:5432 refused. Check that the hostname and port are correct and that the postmaster is accepting TCP/IP connections.
	at java.net.PlainSocketImpl.socketConnect(Native Method)
	at java.net.AbstractPlainSocketImpl.doConnect(AbstractPlainSocketImpl.java:350)
	at java.net.AbstractPlainSocketImpl.connectToAddress(AbstractPlainSocketImpl.java:206)
	at java.net.AbstractPlainSocketImpl.connect(AbstractPlainSocketImpl.java:188)
	at java.net.SocksSocketImpl.connect(SocksSocketImpl.java:392)
	at java.net.Socket.connect(Socket.java:589)
	at org.postgresql.core.PGStream.<init>(PGStream.java:69)
	at org.postgresql.core.v3.ConnectionFactoryImpl.openConnectionImpl(ConnectionFactoryImpl.java:156)
	at org.postgresql.core.ConnectionFactory.openConnection(ConnectionFactory.java:49)
	at org.postgresql.jdbc.PgConnection.<init>(PgConnection.java:195)
	at org.postgresql.Driver.makeConnection(Driver.java:454)
	at org.postgresql.Driver.connect(Driver.java:256)
	at java.sql.DriverManager.getConnection(DriverManager.java:664)
	at java.sql.DriverManager.getConnection(DriverManager.java:208)
	at org.postgresql.test.TestUtil.openDB(TestUtil.java:312)
	at org.postgresql.test.jdbc2.BaseTest4.setUp(BaseTest4.java:83)
	at org.postgresql.test.jdbc4.CharacterStreamTest.setUp(CharacterStreamTest.java:38)
]]></error>
  </testcase>
  <testcase name="testKnownIntLengthNull" classname="org.postgresql.test.jdbc4.CharacterStreamTest" time="0">
    <error type="java.lang.NullPointerException:">java.lang.NullPointerException: null
	at org.postgresql.test.TestUtil.dropTable(TestUtil.java:517)
	at org.postgresql.test.jdbc4.CharacterStreamTest.tearDown(CharacterStreamTest.java:44)
</error>
  </testcase>
  <testcase name="testUnknownLength10Kb" classname="org.postgresql.test.jdbc4.CharacterStreamTest" time="0">
    <error message="Connection to localhost:5432 refused. Check that the hostname and port are correct and that the postmaster is accepting TCP/IP connections." type="org.postgresql.util.PSQLException"><![CDATA[org.postgresql.util.PSQLException: Connection to localhost:5432 refused. Check that the hostname and port are correct and that the postmaster is accepting TCP/IP connections.
	at java.net.PlainSocketImpl.socketConnect(Native Method)
	at java.net.AbstractPlainSocketImpl.doConnect(AbstractPlainSocketImpl.java:350)
	at java.net.AbstractPlainSocketImpl.connectToAddress(AbstractPlainSocketImpl.java:206)
	at java.net.AbstractPlainSocketImpl.connect(AbstractPlainSocketImpl.java:188)
	at java.net.SocksSocketImpl.connect(SocksSocketImpl.java:392)
	at java.net.Socket.connect(Socket.java:589)
	at org.postgresql.core.PGStream.<init>(PGStream.java:69)
	at org.postgresql.core.v3.ConnectionFactoryImpl.openConnectionImpl(ConnectionFactoryImpl.java:156)
	at org.postgresql.core.ConnectionFactory.openConnection(ConnectionFactory.java:49)
	at org.postgresql.jdbc.PgConnection.<init>(PgConnection.java:195)
	at org.postgresql.Driver.makeConnection(Driver.java:454)
	at org.postgresql.Driver.connect(Driver.java:256)
	at java.sql.DriverManager.getConnection(DriverManager.java:664)
	at java.sql.DriverManager.getConnection(DriverManager.java:208)
	at org.postgresql.test.TestUtil.openDB(TestUtil.java:312)
	at org.postgresql.test.jdbc2.BaseTest4.setUp(BaseTest4.java:83)
	at org.postgresql.test.jdbc4.CharacterStreamTest.setUp(CharacterStreamTest.java:38)
]]></error>
  </testcase>
  <testcase name="testUnknownLength10Kb" classname="org.postgresql.test.jdbc4.CharacterStreamTest" time="0">
    <error type="java.lang.NullPointerException:">java.lang.NullPointerException: null
	at org.postgresql.test.TestUtil.dropTable(TestUtil.java:517)
	at org.postgresql.test.jdbc4.CharacterStreamTest.tearDown(CharacterStreamTest.java:44)
</error>
  </testcase>
  <testcase name="testUnknownLengthNull" classname="org.postgresql.test.jdbc4.CharacterStreamTest" time="0">
    <error message="Connection to localhost:5432 refused. Check that the hostname and port are correct and that the postmaster is accepting TCP/IP connections." type="org.postgresql.util.PSQLException"><![CDATA[org.postgresql.util.PSQLException: Connection to localhost:5432 refused. Check that the hostname and port are correct and that the postmaster is accepting TCP/IP connections.
	at java.net.PlainSocketImpl.socketConnect(Native Method)
	at java.net.AbstractPlainSocketImpl.doConnect(AbstractPlainSocketImpl.java:350)
	at java.net.AbstractPlainSocketImpl.connectToAddress(AbstractPlainSocketImpl.java:206)
	at java.net.AbstractPlainSocketImpl.connect(AbstractPlainSocketImpl.java:188)
	at java.net.SocksSocketImpl.connect(SocksSocketImpl.java:392)
	at java.net.Socket.connect(Socket.java:589)
	at org.postgresql.core.PGStream.<init>(PGStream.java:69)
	at org.postgresql.core.v3.ConnectionFactoryImpl.openConnectionImpl(ConnectionFactoryImpl.java:156)
	at org.postgresql.core.ConnectionFactory.openConnection(ConnectionFactory.java:49)
	at org.postgresql.jdbc.PgConnection.<init>(PgConnection.java:195)
	at org.postgresql.Driver.makeConnection(Driver.java:454)
	at org.postgresql.Driver.connect(Driver.java:256)
	at java.sql.DriverManager.getConnection(DriverManager.java:664)
	at java.sql.DriverManager.getConnection(DriverManager.java:208)
	at org.postgresql.test.TestUtil.openDB(TestUtil.java:312)
	at org.postgresql.test.jdbc2.BaseTest4.setUp(BaseTest4.java:83)
	at org.postgresql.test.jdbc4.CharacterStreamTest.setUp(CharacterStreamTest.java:38)
]]></error>
  </testcase>
  <testcase name="testUnknownLengthNull" classname="org.postgresql.test.jdbc4.CharacterStreamTest" time="0">
    <error type="java.lang.NullPointerException:">java.lang.NullPointerException: null
	at org.postgresql.test.TestUtil.dropTable(TestUtil.java:517)
	at org.postgresql.test.jdbc4.CharacterStreamTest.tearDown(CharacterStreamTest.java:44)
</error>
  </testcase>
  <testcase name="testKnownIntLength100Kb" classname="org.postgresql.test.jdbc4.CharacterStreamTest" time="0">
    <error message="Connection to localhost:5432 refused. Check that the hostname and port are correct and that the postmaster is accepting TCP/IP connections." type="org.postgresql.util.PSQLException"><![CDATA[org.postgresql.util.PSQLException: Connection to localhost:5432 refused. Check that the hostname and port are correct and that the postmaster is accepting TCP/IP connections.
	at java.net.PlainSocketImpl.socketConnect(Native Method)
	at java.net.AbstractPlainSocketImpl.doConnect(AbstractPlainSocketImpl.java:350)
	at java.net.AbstractPlainSocketImpl.connectToAddress(AbstractPlainSocketImpl.java:206)
	at java.net.AbstractPlainSocketImpl.connect(AbstractPlainSocketImpl.java:188)
	at java.net.SocksSocketImpl.connect(SocksSocketImpl.java:392)
	at java.net.Socket.connect(Socket.java:589)
	at org.postgresql.core.PGStream.<init>(PGStream.java:69)
	at org.postgresql.core.v3.ConnectionFactoryImpl.openConnectionImpl(ConnectionFactoryImpl.java:156)
	at org.postgresql.core.ConnectionFactory.openConnection(ConnectionFactory.java:49)
	at org.postgresql.jdbc.PgConnection.<init>(PgConnection.java:195)
	at org.postgresql.Driver.makeConnection(Driver.java:454)
	at org.postgresql.Driver.connect(Driver.java:256)
	at java.sql.DriverManager.getConnection(DriverManager.java:664)
	at java.sql.DriverManager.getConnection(DriverManager.java:208)
	at org.postgresql.test.TestUtil.openDB(TestUtil.java:312)
	at org.postgresql.test.jdbc2.BaseTest4.setUp(BaseTest4.java:83)
	at org.postgresql.test.jdbc4.CharacterStreamTest.setUp(CharacterStreamTest.java:38)
]]></error>
  </testcase>
  <testcase name="testKnownIntLength100Kb" classname="org.postgresql.test.jdbc4.CharacterStreamTest" time="0">
    <error type="java.lang.NullPointerException:">java.lang.NullPointerException: null
	at org.postgresql.test.TestUtil.dropTable(TestUtil.java:517)
	at org.postgresql.test.jdbc4.CharacterStreamTest.tearDown(CharacterStreamTest.java:44)
</error>
  </testcase>
  <testcase name="testKnownIntLength200Kb" classname="org.postgresql.test.jdbc4.CharacterStreamTest" time="0">
    <error message="Connection to localhost:5432 refused. Check that the hostname and port are correct and that the postmaster is accepting TCP/IP connections." type="org.postgresql.util.PSQLException"><![CDATA[org.postgresql.util.PSQLException: Connection to localhost:5432 refused. Check that the hostname and port are correct and that the postmaster is accepting TCP/IP connections.
	at java.net.PlainSocketImpl.socketConnect(Native Method)
	at java.net.AbstractPlainSocketImpl.doConnect(AbstractPlainSocketImpl.java:350)
	at java.net.AbstractPlainSocketImpl.connectToAddress(AbstractPlainSocketImpl.java:206)
	at java.net.AbstractPlainSocketImpl.connect(AbstractPlainSocketImpl.java:188)
	at java.net.SocksSocketImpl.connect(SocksSocketImpl.java:392)
	at java.net.Socket.connect(Socket.java:589)
	at org.postgresql.core.PGStream.<init>(PGStream.java:69)
	at org.postgresql.core.v3.ConnectionFactoryImpl.openConnectionImpl(ConnectionFactoryImpl.java:156)
	at org.postgresql.core.ConnectionFactory.openConnection(ConnectionFactory.java:49)
	at org.postgresql.jdbc.PgConnection.<init>(PgConnection.java:195)
	at org.postgresql.Driver.makeConnection(Driver.java:454)
	at org.postgresql.Driver.connect(Driver.java:256)
	at java.sql.DriverManager.getConnection(DriverManager.java:664)
	at java.sql.DriverManager.getConnection(DriverManager.java:208)
	at org.postgresql.test.TestUtil.openDB(TestUtil.java:312)
	at org.postgresql.test.jdbc2.BaseTest4.setUp(BaseTest4.java:83)
	at org.postgresql.test.jdbc4.CharacterStreamTest.setUp(CharacterStreamTest.java:38)
]]></error>
  </testcase>
  <testcase name="testKnownIntLength200Kb" classname="org.postgresql.test.jdbc4.CharacterStreamTest" time="0">
    <error type="java.lang.NullPointerException:">java.lang.NullPointerException: null
	at org.postgresql.test.TestUtil.dropTable(TestUtil.java:517)
	at org.postgresql.test.jdbc4.CharacterStreamTest.tearDown(CharacterStreamTest.java:44)
</error>
  </testcase>
  <testcase name="testKnownIntLengthEmpty" classname="org.postgresql.test.jdbc4.CharacterStreamTest" time="0">
    <error message="Connection to localhost:5432 refused. Check that the hostname and port are correct and that the postmaster is accepting TCP/IP connections." type="org.postgresql.util.PSQLException"><![CDATA[org.postgresql.util.PSQLException: Connection to localhost:5432 refused. Check that the hostname and port are correct and that the postmaster is accepting TCP/IP connections.
	at java.net.PlainSocketImpl.socketConnect(Native Method)
	at java.net.AbstractPlainSocketImpl.doConnect(AbstractPlainSocketImpl.java:350)
	at java.net.AbstractPlainSocketImpl.connectToAddress(AbstractPlainSocketImpl.java:206)
	at java.net.AbstractPlainSocketImpl.connect(AbstractPlainSocketImpl.java:188)
	at java.net.SocksSocketImpl.connect(SocksSocketImpl.java:392)
	at java.net.Socket.connect(Socket.java:589)
	at org.postgresql.core.PGStream.<init>(PGStream.java:69)
	at org.postgresql.core.v3.ConnectionFactoryImpl.openConnectionImpl(ConnectionFactoryImpl.java:156)
	at org.postgresql.core.ConnectionFactory.openConnection(ConnectionFactory.java:49)
	at org.postgresql.jdbc.PgConnection.<init>(PgConnection.java:195)
	at org.postgresql.Driver.makeConnection(Driver.java:454)
	at org.postgresql.Driver.connect(Driver.java:256)
	at java.sql.DriverManager.getConnection(DriverManager.java:664)
	at java.sql.DriverManager.getConnection(DriverManager.java:208)
	at org.postgresql.test.TestUtil.openDB(TestUtil.java:312)
	at org.postgresql.test.jdbc2.BaseTest4.setUp(BaseTest4.java:83)
	at org.postgresql.test.jdbc4.CharacterStreamTest.setUp(CharacterStreamTest.java:38)
]]></error>
  </testcase>
  <testcase name="testKnownIntLengthEmpty" classname="org.postgresql.test.jdbc4.CharacterStreamTest" time="0">
    <error type="java.lang.NullPointerException:">java.lang.NullPointerException: null
	at org.postgresql.test.TestUtil.dropTable(TestUtil.java:517)
	at org.postgresql.test.jdbc4.CharacterStreamTest.tearDown(CharacterStreamTest.java:44)
</error>
  </testcase>
  <testcase name="testKnownIntLength2Kb" classname="org.postgresql.test.jdbc4.CharacterStreamTest" time="0">
    <error message="Connection to localhost:5432 refused. Check that the hostname and port are correct and that the postmaster is accepting TCP/IP connections." type="org.postgresql.util.PSQLException"><![CDATA[org.postgresql.util.PSQLException: Connection to localhost:5432 refused. Check that the hostname and port are correct and that the postmaster is accepting TCP/IP connections.
	at java.net.PlainSocketImpl.socketConnect(Native Method)
	at java.net.AbstractPlainSocketImpl.doConnect(AbstractPlainSocketImpl.java:350)
	at java.net.AbstractPlainSocketImpl.connectToAddress(AbstractPlainSocketImpl.java:206)
	at java.net.AbstractPlainSocketImpl.connect(AbstractPlainSocketImpl.java:188)
	at java.net.SocksSocketImpl.connect(SocksSocketImpl.java:392)
	at java.net.Socket.connect(Socket.java:589)
	at org.postgresql.core.PGStream.<init>(PGStream.java:69)
	at org.postgresql.core.v3.ConnectionFactoryImpl.openConnectionImpl(ConnectionFactoryImpl.java:156)
	at org.postgresql.core.ConnectionFactory.openConnection(ConnectionFactory.java:49)
	at org.postgresql.jdbc.PgConnection.<init>(PgConnection.java:195)
	at org.postgresql.Driver.makeConnection(Driver.java:454)
	at org.postgresql.Driver.connect(Driver.java:256)
	at java.sql.DriverManager.getConnection(DriverManager.java:664)
	at java.sql.DriverManager.getConnection(DriverManager.java:208)
	at org.postgresql.test.TestUtil.openDB(TestUtil.java:312)
	at org.postgresql.test.jdbc2.BaseTest4.setUp(BaseTest4.java:83)
	at org.postgresql.test.jdbc4.CharacterStreamTest.setUp(CharacterStreamTest.java:38)
]]></error>
  </testcase>
  <testcase name="testKnownIntLength2Kb" classname="org.postgresql.test.jdbc4.CharacterStreamTest" time="0">
    <error type="java.lang.NullPointerException:">java.lang.NullPointerException: null
	at org.postgresql.test.TestUtil.dropTable(TestUtil.java:517)
	at org.postgresql.test.jdbc4.CharacterStreamTest.tearDown(CharacterStreamTest.java:44)
</error>
  </testcase>
  <testcase name="testUnknownLength100Kb" classname="org.postgresql.test.jdbc4.CharacterStreamTest" time="0">
    <error message="Connection to localhost:5432 refused. Check that the hostname and port are correct and that the postmaster is accepting TCP/IP connections." type="org.postgresql.util.PSQLException"><![CDATA[org.postgresql.util.PSQLException: Connection to localhost:5432 refused. Check that the hostname and port are correct and that the postmaster is accepting TCP/IP connections.
	at java.net.PlainSocketImpl.socketConnect(Native Method)
	at java.net.AbstractPlainSocketImpl.doConnect(AbstractPlainSocketImpl.java:350)
	at java.net.AbstractPlainSocketImpl.connectToAddress(AbstractPlainSocketImpl.java:206)
	at java.net.AbstractPlainSocketImpl.connect(AbstractPlainSocketImpl.java:188)
	at java.net.SocksSocketImpl.connect(SocksSocketImpl.java:392)
	at java.net.Socket.connect(Socket.java:589)
	at org.postgresql.core.PGStream.<init>(PGStream.java:69)
	at org.postgresql.core.v3.ConnectionFactoryImpl.openConnectionImpl(ConnectionFactoryImpl.java:156)
	at org.postgresql.core.ConnectionFactory.openConnection(ConnectionFactory.java:49)
	at org.postgresql.jdbc.PgConnection.<init>(PgConnection.java:195)
	at org.postgresql.Driver.makeConnection(Driver.java:454)
	at org.postgresql.Driver.connect(Driver.java:256)
	at java.sql.DriverManager.getConnection(DriverManager.java:664)
	at java.sql.DriverManager.getConnection(DriverManager.java:208)
	at org.postgresql.test.TestUtil.openDB(TestUtil.java:312)
	at org.postgresql.test.jdbc2.BaseTest4.setUp(BaseTest4.java:83)
	at org.postgresql.test.jdbc4.CharacterStreamTest.setUp(CharacterStreamTest.java:38)
]]></error>
  </testcase>
  <testcase name="testUnknownLength100Kb" classname="org.postgresql.test.jdbc4.CharacterStreamTest" time="0">
    <error type="java.lang.NullPointerException:">java.lang.NullPointerException: null
	at org.postgresql.test.TestUtil.dropTable(TestUtil.java:517)
	at org.postgresql.test.jdbc4.CharacterStreamTest.tearDown(CharacterStreamTest.java:44)
</error>
  </testcase>
  <testcase name="testUnknownLength200Kb" classname="org.postgresql.test.jdbc4.CharacterStreamTest" time="0">
    <error message="Connection to localhost:5432 refused. Check that the hostname and port are correct and that the postmaster is accepting TCP/IP connections." type="org.postgresql.util.PSQLException"><![CDATA[org.postgresql.util.PSQLException: Connection to localhost:5432 refused. Check that the hostname and port are correct and that the postmaster is accepting TCP/IP connections.
	at java.net.PlainSocketImpl.socketConnect(Native Method)
	at java.net.AbstractPlainSocketImpl.doConnect(AbstractPlainSocketImpl.java:350)
	at java.net.AbstractPlainSocketImpl.connectToAddress(AbstractPlainSocketImpl.java:206)
	at java.net.AbstractPlainSocketImpl.connect(AbstractPlainSocketImpl.java:188)
	at java.net.SocksSocketImpl.connect(SocksSocketImpl.java:392)
	at java.net.Socket.connect(Socket.java:589)
	at org.postgresql.core.PGStream.<init>(PGStream.java:69)
	at org.postgresql.core.v3.ConnectionFactoryImpl.openConnectionImpl(ConnectionFactoryImpl.java:156)
	at org.postgresql.core.ConnectionFactory.openConnection(ConnectionFactory.java:49)
	at org.postgresql.jdbc.PgConnection.<init>(PgConnection.java:195)
	at org.postgresql.Driver.makeConnection(Driver.java:454)
	at org.postgresql.Driver.connect(Driver.java:256)
	at java.sql.DriverManager.getConnection(DriverManager.java:664)
	at java.sql.DriverManager.getConnection(DriverManager.java:208)
	at org.postgresql.test.TestUtil.openDB(TestUtil.java:312)
	at org.postgresql.test.jdbc2.BaseTest4.setUp(BaseTest4.java:83)
	at org.postgresql.test.jdbc4.CharacterStreamTest.setUp(CharacterStreamTest.java:38)
]]></error>
  </testcase>
  <testcase name="testUnknownLength200Kb" classname="org.postgresql.test.jdbc4.CharacterStreamTest" time="0">
    <error type="java.lang.NullPointerException:">java.lang.NullPointerException: null
	at org.postgresql.test.TestUtil.dropTable(TestUtil.java:517)
	at org.postgresql.test.jdbc4.CharacterStreamTest.tearDown(CharacterStreamTest.java:44)
</error>
  </testcase>
  <testcase name="testUnknownLengthEmpty" classname="org.postgresql.test.jdbc4.CharacterStreamTest" time="0">
    <error message="Connection to localhost:5432 refused. Check that the hostname and port are correct and that the postmaster is accepting TCP/IP connections." type="org.postgresql.util.PSQLException"><![CDATA[org.postgresql.util.PSQLException: Connection to localhost:5432 refused. Check that the hostname and port are correct and that the postmaster is accepting TCP/IP connections.
	at java.net.PlainSocketImpl.socketConnect(Native Method)
	at java.net.AbstractPlainSocketImpl.doConnect(AbstractPlainSocketImpl.java:350)
	at java.net.AbstractPlainSocketImpl.connectToAddress(AbstractPlainSocketImpl.java:206)
	at java.net.AbstractPlainSocketImpl.connect(AbstractPlainSocketImpl.java:188)
	at java.net.SocksSocketImpl.connect(SocksSocketImpl.java:392)
	at java.net.Socket.connect(Socket.java:589)
	at org.postgresql.core.PGStream.<init>(PGStream.java:69)
	at org.postgresql.core.v3.ConnectionFactoryImpl.openConnectionImpl(ConnectionFactoryImpl.java:156)
	at org.postgresql.core.ConnectionFactory.openConnection(ConnectionFactory.java:49)
	at org.postgresql.jdbc.PgConnection.<init>(PgConnection.java:195)
	at org.postgresql.Driver.makeConnection(Driver.java:454)
	at org.postgresql.Driver.connect(Driver.java:256)
	at java.sql.DriverManager.getConnection(DriverManager.java:664)
	at java.sql.DriverManager.getConnection(DriverManager.java:208)
	at org.postgresql.test.TestUtil.openDB(TestUtil.java:312)
	at org.postgresql.test.jdbc2.BaseTest4.setUp(BaseTest4.java:83)
	at org.postgresql.test.jdbc4.CharacterStreamTest.setUp(CharacterStreamTest.java:38)
]]></error>
  </testcase>
  <testcase name="testUnknownLengthEmpty" classname="org.postgresql.test.jdbc4.CharacterStreamTest" time="0">
    <error type="java.lang.NullPointerException:">java.lang.NullPointerException: null
	at org.postgresql.test.TestUtil.dropTable(TestUtil.java:517)
	at org.postgresql.test.jdbc4.CharacterStreamTest.tearDown(CharacterStreamTest.java:44)
</error>
  </testcase>
  <testcase name="testKnownLongLength10Kb" classname="org.postgresql.test.jdbc4.CharacterStreamTest" time="0">
    <error message="Connection to localhost:5432 refused. Check that the hostname and port are correct and that the postmaster is accepting TCP/IP connections." type="org.postgresql.util.PSQLException"><![CDATA[org.postgresql.util.PSQLException: Connection to localhost:5432 refused. Check that the hostname and port are correct and that the postmaster is accepting TCP/IP connections.
	at java.net.PlainSocketImpl.socketConnect(Native Method)
	at java.net.AbstractPlainSocketImpl.doConnect(AbstractPlainSocketImpl.java:350)
	at java.net.AbstractPlainSocketImpl.connectToAddress(AbstractPlainSocketImpl.java:206)
	at java.net.AbstractPlainSocketImpl.connect(AbstractPlainSocketImpl.java:188)
	at java.net.SocksSocketImpl.connect(SocksSocketImpl.java:392)
	at java.net.Socket.connect(Socket.java:589)
	at org.postgresql.core.PGStream.<init>(PGStream.java:69)
	at org.postgresql.core.v3.ConnectionFactoryImpl.openConnectionImpl(ConnectionFactoryImpl.java:156)
	at org.postgresql.core.ConnectionFactory.openConnection(ConnectionFactory.java:49)
	at org.postgresql.jdbc.PgConnection.<init>(PgConnection.java:195)
	at org.postgresql.Driver.makeConnection(Driver.java:454)
	at org.postgresql.Driver.connect(Driver.java:256)
	at java.sql.DriverManager.getConnection(DriverManager.java:664)
	at java.sql.DriverManager.getConnection(DriverManager.java:208)
	at org.postgresql.test.TestUtil.openDB(TestUtil.java:312)
	at org.postgresql.test.jdbc2.BaseTest4.setUp(BaseTest4.java:83)
	at org.postgresql.test.jdbc4.CharacterStreamTest.setUp(CharacterStreamTest.java:38)
]]></error>
  </testcase>
  <testcase name="testKnownLongLength10Kb" classname="org.postgresql.test.jdbc4.CharacterStreamTest" time="0">
    <error type="java.lang.NullPointerException:">java.lang.NullPointerException: null
	at org.postgresql.test.TestUtil.dropTable(TestUtil.java:517)
	at org.postgresql.test.jdbc4.CharacterStreamTest.tearDown(CharacterStreamTest.java:44)
</error>
  </testcase>
  <testcase name="testKnownLongLengthNull" classname="org.postgresql.test.jdbc4.CharacterStreamTest" time="0">
    <error message="Connection to localhost:5432 refused. Check that the hostname and port are correct and that the postmaster is accepting TCP/IP connections." type="org.postgresql.util.PSQLException"><![CDATA[org.postgresql.util.PSQLException: Connection to localhost:5432 refused. Check that the hostname and port are correct and that the postmaster is accepting TCP/IP connections.
	at java.net.PlainSocketImpl.socketConnect(Native Method)
	at java.net.AbstractPlainSocketImpl.doConnect(AbstractPlainSocketImpl.java:350)
	at java.net.AbstractPlainSocketImpl.connectToAddress(AbstractPlainSocketImpl.java:206)
	at java.net.AbstractPlainSocketImpl.connect(AbstractPlainSocketImpl.java:188)
	at java.net.SocksSocketImpl.connect(SocksSocketImpl.java:392)
	at java.net.Socket.connect(Socket.java:589)
	at org.postgresql.core.PGStream.<init>(PGStream.java:69)
	at org.postgresql.core.v3.ConnectionFactoryImpl.openConnectionImpl(ConnectionFactoryImpl.java:156)
	at org.postgresql.core.ConnectionFactory.openConnection(ConnectionFactory.java:49)
	at org.postgresql.jdbc.PgConnection.<init>(PgConnection.java:195)
	at org.postgresql.Driver.makeConnection(Driver.java:454)
	at org.postgresql.Driver.connect(Driver.java:256)
	at java.sql.DriverManager.getConnection(DriverManager.java:664)
	at java.sql.DriverManager.getConnection(DriverManager.java:208)
	at org.postgresql.test.TestUtil.openDB(TestUtil.java:312)
	at org.postgresql.test.jdbc2.BaseTest4.setUp(BaseTest4.java:83)
	at org.postgresql.test.jdbc4.CharacterStreamTest.setUp(CharacterStreamTest.java:38)
]]></error>
  </testcase>
  <testcase name="testKnownLongLengthNull" classname="org.postgresql.test.jdbc4.CharacterStreamTest" time="0">
    <error type="java.lang.NullPointerException:">java.lang.NullPointerException: null
	at org.postgresql.test.TestUtil.dropTable(TestUtil.java:517)
	at org.postgresql.test.jdbc4.CharacterStreamTest.tearDown(CharacterStreamTest.java:44)
</error>
  </testcase>
  <testcase name="testKnownLongLength2Kb" classname="org.postgresql.test.jdbc4.CharacterStreamTest" time="0">
    <error message="Connection to localhost:5432 refused. Check that the hostname and port are correct and that the postmaster is accepting TCP/IP connections." type="org.postgresql.util.PSQLException"><![CDATA[org.postgresql.util.PSQLException: Connection to localhost:5432 refused. Check that the hostname and port are correct and that the postmaster is accepting TCP/IP connections.
	at java.net.PlainSocketImpl.socketConnect(Native Method)
	at java.net.AbstractPlainSocketImpl.doConnect(AbstractPlainSocketImpl.java:350)
	at java.net.AbstractPlainSocketImpl.connectToAddress(AbstractPlainSocketImpl.java:206)
	at java.net.AbstractPlainSocketImpl.connect(AbstractPlainSocketImpl.java:188)
	at java.net.SocksSocketImpl.connect(SocksSocketImpl.java:392)
	at java.net.Socket.connect(Socket.java:589)
	at org.postgresql.core.PGStream.<init>(PGStream.java:69)
	at org.postgresql.core.v3.ConnectionFactoryImpl.openConnectionImpl(ConnectionFactoryImpl.java:156)
	at org.postgresql.core.ConnectionFactory.openConnection(ConnectionFactory.java:49)
	at org.postgresql.jdbc.PgConnection.<init>(PgConnection.java:195)
	at org.postgresql.Driver.makeConnection(Driver.java:454)
	at org.postgresql.Driver.connect(Driver.java:256)
	at java.sql.DriverManager.getConnection(DriverManager.java:664)
	at java.sql.DriverManager.getConnection(DriverManager.java:208)
	at org.postgresql.test.TestUtil.openDB(TestUtil.java:312)
	at org.postgresql.test.jdbc2.BaseTest4.setUp(BaseTest4.java:83)
	at org.postgresql.test.jdbc4.CharacterStreamTest.setUp(CharacterStreamTest.java:38)
]]></error>
  </testcase>
  <testcase name="testKnownLongLength2Kb" classname="org.postgresql.test.jdbc4.CharacterStreamTest" time="0">
    <error type="java.lang.NullPointerException:">java.lang.NullPointerException: null
	at org.postgresql.test.TestUtil.dropTable(TestUtil.java:517)
	at org.postgresql.test.jdbc4.CharacterStreamTest.tearDown(CharacterStreamTest.java:44)
</error>
  </testcase>
  <testcase name="testUnknownLength2Kb" classname="org.postgresql.test.jdbc4.CharacterStreamTest" time="0">
    <error message="Connection to localhost:5432 refused. Check that the hostname and port are correct and that the postmaster is accepting TCP/IP connections." type="org.postgresql.util.PSQLException"><![CDATA[org.postgresql.util.PSQLException: Connection to localhost:5432 refused. Check that the hostname and port are correct and that the postmaster is accepting TCP/IP connections.
	at java.net.PlainSocketImpl.socketConnect(Native Method)
	at java.net.AbstractPlainSocketImpl.doConnect(AbstractPlainSocketImpl.java:350)
	at java.net.AbstractPlainSocketImpl.connectToAddress(AbstractPlainSocketImpl.java:206)
	at java.net.AbstractPlainSocketImpl.connect(AbstractPlainSocketImpl.java:188)
	at java.net.SocksSocketImpl.connect(SocksSocketImpl.java:392)
	at java.net.Socket.connect(Socket.java:589)
	at org.postgresql.core.PGStream.<init>(PGStream.java:69)
	at org.postgresql.core.v3.ConnectionFactoryImpl.openConnectionImpl(ConnectionFactoryImpl.java:156)
	at org.postgresql.core.ConnectionFactory.openConnection(ConnectionFactory.java:49)
	at org.postgresql.jdbc.PgConnection.<init>(PgConnection.java:195)
	at org.postgresql.Driver.makeConnection(Driver.java:454)
	at org.postgresql.Driver.connect(Driver.java:256)
	at java.sql.DriverManager.getConnection(DriverManager.java:664)
	at java.sql.DriverManager.getConnection(DriverManager.java:208)
	at org.postgresql.test.TestUtil.openDB(TestUtil.java:312)
	at org.postgresql.test.jdbc2.BaseTest4.setUp(BaseTest4.java:83)
	at org.postgresql.test.jdbc4.CharacterStreamTest.setUp(CharacterStreamTest.java:38)
]]></error>
  </testcase>
  <testcase name="testUnknownLength2Kb" classname="org.postgresql.test.jdbc4.CharacterStreamTest" time="0">
    <error type="java.lang.NullPointerException:">java.lang.NullPointerException: null
	at org.postgresql.test.TestUtil.dropTable(TestUtil.java:517)
	at org.postgresql.test.jdbc4.CharacterStreamTest.tearDown(CharacterStreamTest.java:44)
</error>
  </testcase>
  <testcase name="testKnownLongLength100Kb" classname="org.postgresql.test.jdbc4.CharacterStreamTest" time="0">
    <error message="Connection to localhost:5432 refused. Check that the hostname and port are correct and that the postmaster is accepting TCP/IP connections." type="org.postgresql.util.PSQLException"><![CDATA[org.postgresql.util.PSQLException: Connection to localhost:5432 refused. Check that the hostname and port are correct and that the postmaster is accepting TCP/IP connections.
	at java.net.PlainSocketImpl.socketConnect(Native Method)
	at java.net.AbstractPlainSocketImpl.doConnect(AbstractPlainSocketImpl.java:350)
	at java.net.AbstractPlainSocketImpl.connectToAddress(AbstractPlainSocketImpl.java:206)
	at java.net.AbstractPlainSocketImpl.connect(AbstractPlainSocketImpl.java:188)
	at java.net.SocksSocketImpl.connect(SocksSocketImpl.java:392)
	at java.net.Socket.connect(Socket.java:589)
	at org.postgresql.core.PGStream.<init>(PGStream.java:69)
	at org.postgresql.core.v3.ConnectionFactoryImpl.openConnectionImpl(ConnectionFactoryImpl.java:156)
	at org.postgresql.core.ConnectionFactory.openConnection(ConnectionFactory.java:49)
	at org.postgresql.jdbc.PgConnection.<init>(PgConnection.java:195)
	at org.postgresql.Driver.makeConnection(Driver.java:454)
	at org.postgresql.Driver.connect(Driver.java:256)
	at java.sql.DriverManager.getConnection(DriverManager.java:664)
	at java.sql.DriverManager.getConnection(DriverManager.java:208)
	at org.postgresql.test.TestUtil.openDB(TestUtil.java:312)
	at org.postgresql.test.jdbc2.BaseTest4.setUp(BaseTest4.java:83)
	at org.postgresql.test.jdbc4.CharacterStreamTest.setUp(CharacterStreamTest.java:38)
]]></error>
  </testcase>
  <testcase name="testKnownLongLength100Kb" classname="org.postgresql.test.jdbc4.CharacterStreamTest" time="0">
    <error type="java.lang.NullPointerException:">java.lang.NullPointerException: null
	at org.postgresql.test.TestUtil.dropTable(TestUtil.java:517)
	at org.postgresql.test.jdbc4.CharacterStreamTest.tearDown(CharacterStreamTest.java:44)
</error>
  </testcase>
  <testcase name="testKnownLongLength200Kb" classname="org.postgresql.test.jdbc4.CharacterStreamTest" time="0">
    <error message="Connection to localhost:5432 refused. Check that the hostname and port are correct and that the postmaster is accepting TCP/IP connections." type="org.postgresql.util.PSQLException"><![CDATA[org.postgresql.util.PSQLException: Connection to localhost:5432 refused. Check that the hostname and port are correct and that the postmaster is accepting TCP/IP connections.
	at java.net.PlainSocketImpl.socketConnect(Native Method)
	at java.net.AbstractPlainSocketImpl.doConnect(AbstractPlainSocketImpl.java:350)
	at java.net.AbstractPlainSocketImpl.connectToAddress(AbstractPlainSocketImpl.java:206)
	at java.net.AbstractPlainSocketImpl.connect(AbstractPlainSocketImpl.java:188)
	at java.net.SocksSocketImpl.connect(SocksSocketImpl.java:392)
	at java.net.Socket.connect(Socket.java:589)
	at org.postgresql.core.PGStream.<init>(PGStream.java:69)
	at org.postgresql.core.v3.ConnectionFactoryImpl.openConnectionImpl(ConnectionFactoryImpl.java:156)
	at org.postgresql.core.ConnectionFactory.openConnection(ConnectionFactory.java:49)
	at org.postgresql.jdbc.PgConnection.<init>(PgConnection.java:195)
	at org.postgresql.Driver.makeConnection(Driver.java:454)
	at org.postgresql.Driver.connect(Driver.java:256)
	at java.sql.DriverManager.getConnection(DriverManager.java:664)
	at java.sql.DriverManager.getConnection(DriverManager.java:208)
	at org.postgresql.test.TestUtil.openDB(TestUtil.java:312)
	at org.postgresql.test.jdbc2.BaseTest4.setUp(BaseTest4.java:83)
	at org.postgresql.test.jdbc4.CharacterStreamTest.setUp(CharacterStreamTest.java:38)
]]></error>
  </testcase>
  <testcase name="testKnownLongLength200Kb" classname="org.postgresql.test.jdbc4.CharacterStreamTest" time="0">
    <error type="java.lang.NullPointerException:">java.lang.NullPointerException: null
	at org.postgresql.test.TestUtil.dropTable(TestUtil.java:517)
	at org.postgresql.test.jdbc4.CharacterStreamTest.tearDown(CharacterStreamTest.java:44)
</error>
  </testcase>
  <testcase name="testKnownLongLengthEmpty" classname="org.postgresql.test.jdbc4.CharacterStreamTest" time="0">
    <error message="Connection to localhost:5432 refused. Check that the hostname and port are correct and that the postmaster is accepting TCP/IP connections." type="org.postgresql.util.PSQLException"><![CDATA[org.postgresql.util.PSQLException: Connection to localhost:5432 refused. Check that the hostname and port are correct and that the postmaster is accepting TCP/IP connections.
	at java.net.PlainSocketImpl.socketConnect(Native Method)
	at java.net.AbstractPlainSocketImpl.doConnect(AbstractPlainSocketImpl.java:350)
	at java.net.AbstractPlainSocketImpl.connectToAddress(AbstractPlainSocketImpl.java:206)
	at java.net.AbstractPlainSocketImpl.connect(AbstractPlainSocketImpl.java:188)
	at java.net.SocksSocketImpl.connect(SocksSocketImpl.java:392)
	at java.net.Socket.connect(Socket.java:589)
	at org.postgresql.core.PGStream.<init>(PGStream.java:69)
	at org.postgresql.core.v3.ConnectionFactoryImpl.openConnectionImpl(ConnectionFactoryImpl.java:156)
	at org.postgresql.core.ConnectionFactory.openConnection(ConnectionFactory.java:49)
	at org.postgresql.jdbc.PgConnection.<init>(PgConnection.java:195)
	at org.postgresql.Driver.makeConnection(Driver.java:454)
	at org.postgresql.Driver.connect(Driver.java:256)
	at java.sql.DriverManager.getConnection(DriverManager.java:664)
	at java.sql.DriverManager.getConnection(DriverManager.java:208)
	at org.postgresql.test.TestUtil.openDB(TestUtil.java:312)
	at org.postgresql.test.jdbc2.BaseTest4.setUp(BaseTest4.java:83)
	at org.postgresql.test.jdbc4.CharacterStreamTest.setUp(CharacterStreamTest.java:38)
]]></error>
  </testcase>
  <testcase name="testKnownLongLengthEmpty" classname="org.postgresql.test.jdbc4.CharacterStreamTest" time="0">
    <error type="java.lang.NullPointerException:">java.lang.NullPointerException: null
	at org.postgresql.test.TestUtil.dropTable(TestUtil.java:517)
	at org.postgresql.test.jdbc4.CharacterStreamTest.tearDown(CharacterStreamTest.java:44)
</error>
  </testcase>
  <testcase name="testUUID[binary=REGULAR, stringType=UNSPECIFIED]" classname="org.postgresql.test.jdbc4.UUIDTest" time="0">
    <error message="Connection to localhost:5432 refused. Check that the hostname and port are correct and that the postmaster is accepting TCP/IP connections." type="org.postgresql.util.PSQLException"><![CDATA[org.postgresql.util.PSQLException: Connection to localhost:5432 refused. Check that the hostname and port are correct and that the postmaster is accepting TCP/IP connections.
	at java.net.PlainSocketImpl.socketConnect(Native Method)
	at java.net.AbstractPlainSocketImpl.doConnect(AbstractPlainSocketImpl.java:350)
	at java.net.AbstractPlainSocketImpl.connectToAddress(AbstractPlainSocketImpl.java:206)
	at java.net.AbstractPlainSocketImpl.connect(AbstractPlainSocketImpl.java:188)
	at java.net.SocksSocketImpl.connect(SocksSocketImpl.java:392)
	at java.net.Socket.connect(Socket.java:589)
	at org.postgresql.core.PGStream.<init>(PGStream.java:69)
	at org.postgresql.core.v3.ConnectionFactoryImpl.openConnectionImpl(ConnectionFactoryImpl.java:156)
	at org.postgresql.core.ConnectionFactory.openConnection(ConnectionFactory.java:49)
	at org.postgresql.jdbc.PgConnection.<init>(PgConnection.java:195)
	at org.postgresql.Driver.makeConnection(Driver.java:454)
	at org.postgresql.Driver.connect(Driver.java:256)
	at java.sql.DriverManager.getConnection(DriverManager.java:664)
	at java.sql.DriverManager.getConnection(DriverManager.java:208)
	at org.postgresql.test.TestUtil.openDB(TestUtil.java:312)
	at org.postgresql.test.jdbc2.BaseTest4.setUp(BaseTest4.java:83)
	at org.postgresql.test.jdbc4.UUIDTest.setUp(UUIDTest.java:52)
]]></error>
  </testcase>
  <testcase name="testUUID[binary=REGULAR, stringType=UNSPECIFIED]" classname="org.postgresql.test.jdbc4.UUIDTest" time="0">
    <error type="java.lang.NullPointerException:">java.lang.NullPointerException: null
	at org.postgresql.test.jdbc4.UUIDTest.tearDown(UUIDTest.java:62)
</error>
  </testcase>
  <testcase name="testUUIDString[binary=REGULAR, stringType=UNSPECIFIED]" classname="org.postgresql.test.jdbc4.UUIDTest" time="0">
    <error message="Connection to localhost:5432 refused. Check that the hostname and port are correct and that the postmaster is accepting TCP/IP connections." type="org.postgresql.util.PSQLException"><![CDATA[org.postgresql.util.PSQLException: Connection to localhost:5432 refused. Check that the hostname and port are correct and that the postmaster is accepting TCP/IP connections.
	at java.net.PlainSocketImpl.socketConnect(Native Method)
	at java.net.AbstractPlainSocketImpl.doConnect(AbstractPlainSocketImpl.java:350)
	at java.net.AbstractPlainSocketImpl.connectToAddress(AbstractPlainSocketImpl.java:206)
	at java.net.AbstractPlainSocketImpl.connect(AbstractPlainSocketImpl.java:188)
	at java.net.SocksSocketImpl.connect(SocksSocketImpl.java:392)
	at java.net.Socket.connect(Socket.java:589)
	at org.postgresql.core.PGStream.<init>(PGStream.java:69)
	at org.postgresql.core.v3.ConnectionFactoryImpl.openConnectionImpl(ConnectionFactoryImpl.java:156)
	at org.postgresql.core.ConnectionFactory.openConnection(ConnectionFactory.java:49)
	at org.postgresql.jdbc.PgConnection.<init>(PgConnection.java:195)
	at org.postgresql.Driver.makeConnection(Driver.java:454)
	at org.postgresql.Driver.connect(Driver.java:256)
	at java.sql.DriverManager.getConnection(DriverManager.java:664)
	at java.sql.DriverManager.getConnection(DriverManager.java:208)
	at org.postgresql.test.TestUtil.openDB(TestUtil.java:312)
	at org.postgresql.test.jdbc2.BaseTest4.setUp(BaseTest4.java:83)
	at org.postgresql.test.jdbc4.UUIDTest.setUp(UUIDTest.java:52)
]]></error>
  </testcase>
  <testcase name="testUUIDString[binary=REGULAR, stringType=UNSPECIFIED]" classname="org.postgresql.test.jdbc4.UUIDTest" time="0">
    <error type="java.lang.NullPointerException:">java.lang.NullPointerException: null
	at org.postgresql.test.jdbc4.UUIDTest.tearDown(UUIDTest.java:62)
</error>
  </testcase>
  <testcase name="testUUID[binary=REGULAR, stringType=VARCHAR]" classname="org.postgresql.test.jdbc4.UUIDTest" time="0">
    <error message="Connection to localhost:5432 refused. Check that the hostname and port are correct and that the postmaster is accepting TCP/IP connections." type="org.postgresql.util.PSQLException"><![CDATA[org.postgresql.util.PSQLException: Connection to localhost:5432 refused. Check that the hostname and port are correct and that the postmaster is accepting TCP/IP connections.
	at java.net.PlainSocketImpl.socketConnect(Native Method)
	at java.net.AbstractPlainSocketImpl.doConnect(AbstractPlainSocketImpl.java:350)
	at java.net.AbstractPlainSocketImpl.connectToAddress(AbstractPlainSocketImpl.java:206)
	at java.net.AbstractPlainSocketImpl.connect(AbstractPlainSocketImpl.java:188)
	at java.net.SocksSocketImpl.connect(SocksSocketImpl.java:392)
	at java.net.Socket.connect(Socket.java:589)
	at org.postgresql.core.PGStream.<init>(PGStream.java:69)
	at org.postgresql.core.v3.ConnectionFactoryImpl.openConnectionImpl(ConnectionFactoryImpl.java:156)
	at org.postgresql.core.ConnectionFactory.openConnection(ConnectionFactory.java:49)
	at org.postgresql.jdbc.PgConnection.<init>(PgConnection.java:195)
	at org.postgresql.Driver.makeConnection(Driver.java:454)
	at org.postgresql.Driver.connect(Driver.java:256)
	at java.sql.DriverManager.getConnection(DriverManager.java:664)
	at java.sql.DriverManager.getConnection(DriverManager.java:208)
	at org.postgresql.test.TestUtil.openDB(TestUtil.java:312)
	at org.postgresql.test.jdbc2.BaseTest4.setUp(BaseTest4.java:83)
	at org.postgresql.test.jdbc4.UUIDTest.setUp(UUIDTest.java:52)
]]></error>
  </testcase>
  <testcase name="testUUID[binary=REGULAR, stringType=VARCHAR]" classname="org.postgresql.test.jdbc4.UUIDTest" time="0">
    <error type="java.lang.NullPointerException:">java.lang.NullPointerException: null
	at org.postgresql.test.jdbc4.UUIDTest.tearDown(UUIDTest.java:62)
</error>
  </testcase>
  <testcase name="testUUIDString[binary=REGULAR, stringType=VARCHAR]" classname="org.postgresql.test.jdbc4.UUIDTest" time="0">
    <error message="Connection to localhost:5432 refused. Check that the hostname and port are correct and that the postmaster is accepting TCP/IP connections." type="org.postgresql.util.PSQLException"><![CDATA[org.postgresql.util.PSQLException: Connection to localhost:5432 refused. Check that the hostname and port are correct and that the postmaster is accepting TCP/IP connections.
	at java.net.PlainSocketImpl.socketConnect(Native Method)
	at java.net.AbstractPlainSocketImpl.doConnect(AbstractPlainSocketImpl.java:350)
	at java.net.AbstractPlainSocketImpl.connectToAddress(AbstractPlainSocketImpl.java:206)
	at java.net.AbstractPlainSocketImpl.connect(AbstractPlainSocketImpl.java:188)
	at java.net.SocksSocketImpl.connect(SocksSocketImpl.java:392)
	at java.net.Socket.connect(Socket.java:589)
	at org.postgresql.core.PGStream.<init>(PGStream.java:69)
	at org.postgresql.core.v3.ConnectionFactoryImpl.openConnectionImpl(ConnectionFactoryImpl.java:156)
	at org.postgresql.core.ConnectionFactory.openConnection(ConnectionFactory.java:49)
	at org.postgresql.jdbc.PgConnection.<init>(PgConnection.java:195)
	at org.postgresql.Driver.makeConnection(Driver.java:454)
	at org.postgresql.Driver.connect(Driver.java:256)
	at java.sql.DriverManager.getConnection(DriverManager.java:664)
	at java.sql.DriverManager.getConnection(DriverManager.java:208)
	at org.postgresql.test.TestUtil.openDB(TestUtil.java:312)
	at org.postgresql.test.jdbc2.BaseTest4.setUp(BaseTest4.java:83)
	at org.postgresql.test.jdbc4.UUIDTest.setUp(UUIDTest.java:52)
]]></error>
  </testcase>
  <testcase name="testUUIDString[binary=REGULAR, stringType=VARCHAR]" classname="org.postgresql.test.jdbc4.UUIDTest" time="0">
    <error type="java.lang.NullPointerException:">java.lang.NullPointerException: null
	at org.postgresql.test.jdbc4.UUIDTest.tearDown(UUIDTest.java:62)
</error>
  </testcase>
  <testcase name="testUUID[binary=FORCE, stringType=UNSPECIFIED]" classname="org.postgresql.test.jdbc4.UUIDTest" time="0">
    <error message="Connection to localhost:5432 refused. Check that the hostname and port are correct and that the postmaster is accepting TCP/IP connections." type="org.postgresql.util.PSQLException"><![CDATA[org.postgresql.util.PSQLException: Connection to localhost:5432 refused. Check that the hostname and port are correct and that the postmaster is accepting TCP/IP connections.
	at java.net.PlainSocketImpl.socketConnect(Native Method)
	at java.net.AbstractPlainSocketImpl.doConnect(AbstractPlainSocketImpl.java:350)
	at java.net.AbstractPlainSocketImpl.connectToAddress(AbstractPlainSocketImpl.java:206)
	at java.net.AbstractPlainSocketImpl.connect(AbstractPlainSocketImpl.java:188)
	at java.net.SocksSocketImpl.connect(SocksSocketImpl.java:392)
	at java.net.Socket.connect(Socket.java:589)
	at org.postgresql.core.PGStream.<init>(PGStream.java:69)
	at org.postgresql.core.v3.ConnectionFactoryImpl.openConnectionImpl(ConnectionFactoryImpl.java:156)
	at org.postgresql.core.ConnectionFactory.openConnection(ConnectionFactory.java:49)
	at org.postgresql.jdbc.PgConnection.<init>(PgConnection.java:195)
	at org.postgresql.Driver.makeConnection(Driver.java:454)
	at org.postgresql.Driver.connect(Driver.java:256)
	at java.sql.DriverManager.getConnection(DriverManager.java:664)
	at java.sql.DriverManager.getConnection(DriverManager.java:208)
	at org.postgresql.test.TestUtil.openDB(TestUtil.java:312)
	at org.postgresql.test.jdbc2.BaseTest4.setUp(BaseTest4.java:83)
	at org.postgresql.test.jdbc4.UUIDTest.setUp(UUIDTest.java:52)
]]></error>
  </testcase>
  <testcase name="testUUID[binary=FORCE, stringType=UNSPECIFIED]" classname="org.postgresql.test.jdbc4.UUIDTest" time="0">
    <error type="java.lang.NullPointerException:">java.lang.NullPointerException: null
	at org.postgresql.test.jdbc4.UUIDTest.tearDown(UUIDTest.java:62)
</error>
  </testcase>
  <testcase name="testUUIDString[binary=FORCE, stringType=UNSPECIFIED]" classname="org.postgresql.test.jdbc4.UUIDTest" time="0">
    <error message="Connection to localhost:5432 refused. Check that the hostname and port are correct and that the postmaster is accepting TCP/IP connections." type="org.postgresql.util.PSQLException"><![CDATA[org.postgresql.util.PSQLException: Connection to localhost:5432 refused. Check that the hostname and port are correct and that the postmaster is accepting TCP/IP connections.
	at java.net.PlainSocketImpl.socketConnect(Native Method)
	at java.net.AbstractPlainSocketImpl.doConnect(AbstractPlainSocketImpl.java:350)
	at java.net.AbstractPlainSocketImpl.connectToAddress(AbstractPlainSocketImpl.java:206)
	at java.net.AbstractPlainSocketImpl.connect(AbstractPlainSocketImpl.java:188)
	at java.net.SocksSocketImpl.connect(SocksSocketImpl.java:392)
	at java.net.Socket.connect(Socket.java:589)
	at org.postgresql.core.PGStream.<init>(PGStream.java:69)
	at org.postgresql.core.v3.ConnectionFactoryImpl.openConnectionImpl(ConnectionFactoryImpl.java:156)
	at org.postgresql.core.ConnectionFactory.openConnection(ConnectionFactory.java:49)
	at org.postgresql.jdbc.PgConnection.<init>(PgConnection.java:195)
	at org.postgresql.Driver.makeConnection(Driver.java:454)
	at org.postgresql.Driver.connect(Driver.java:256)
	at java.sql.DriverManager.getConnection(DriverManager.java:664)
	at java.sql.DriverManager.getConnection(DriverManager.java:208)
	at org.postgresql.test.TestUtil.openDB(TestUtil.java:312)
	at org.postgresql.test.jdbc2.BaseTest4.setUp(BaseTest4.java:83)
	at org.postgresql.test.jdbc4.UUIDTest.setUp(UUIDTest.java:52)
]]></error>
  </testcase>
  <testcase name="testUUIDString[binary=FORCE, stringType=UNSPECIFIED]" classname="org.postgresql.test.jdbc4.UUIDTest" time="0">
    <error type="java.lang.NullPointerException:">java.lang.NullPointerException: null
	at org.postgresql.test.jdbc4.UUIDTest.tearDown(UUIDTest.java:62)
</error>
  </testcase>
  <testcase name="testUUID[binary=FORCE, stringType=VARCHAR]" classname="org.postgresql.test.jdbc4.UUIDTest" time="0">
    <error message="Connection to localhost:5432 refused. Check that the hostname and port are correct and that the postmaster is accepting TCP/IP connections." type="org.postgresql.util.PSQLException"><![CDATA[org.postgresql.util.PSQLException: Connection to localhost:5432 refused. Check that the hostname and port are correct and that the postmaster is accepting TCP/IP connections.
	at java.net.PlainSocketImpl.socketConnect(Native Method)
	at java.net.AbstractPlainSocketImpl.doConnect(AbstractPlainSocketImpl.java:350)
	at java.net.AbstractPlainSocketImpl.connectToAddress(AbstractPlainSocketImpl.java:206)
	at java.net.AbstractPlainSocketImpl.connect(AbstractPlainSocketImpl.java:188)
	at java.net.SocksSocketImpl.connect(SocksSocketImpl.java:392)
	at java.net.Socket.connect(Socket.java:589)
	at org.postgresql.core.PGStream.<init>(PGStream.java:69)
	at org.postgresql.core.v3.ConnectionFactoryImpl.openConnectionImpl(ConnectionFactoryImpl.java:156)
	at org.postgresql.core.ConnectionFactory.openConnection(ConnectionFactory.java:49)
	at org.postgresql.jdbc.PgConnection.<init>(PgConnection.java:195)
	at org.postgresql.Driver.makeConnection(Driver.java:454)
	at org.postgresql.Driver.connect(Driver.java:256)
	at java.sql.DriverManager.getConnection(DriverManager.java:664)
	at java.sql.DriverManager.getConnection(DriverManager.java:208)
	at org.postgresql.test.TestUtil.openDB(TestUtil.java:312)
	at org.postgresql.test.jdbc2.BaseTest4.setUp(BaseTest4.java:83)
	at org.postgresql.test.jdbc4.UUIDTest.setUp(UUIDTest.java:52)
]]></error>
  </testcase>
  <testcase name="testUUID[binary=FORCE, stringType=VARCHAR]" classname="org.postgresql.test.jdbc4.UUIDTest" time="0">
    <error type="java.lang.NullPointerException:">java.lang.NullPointerException: null
	at org.postgresql.test.jdbc4.UUIDTest.tearDown(UUIDTest.java:62)
</error>
  </testcase>
  <testcase name="testUUIDString[binary=FORCE, stringType=VARCHAR]" classname="org.postgresql.test.jdbc4.UUIDTest" time="0">
    <error message="Connection to localhost:5432 refused. Check that the hostname and port are correct and that the postmaster is accepting TCP/IP connections." type="org.postgresql.util.PSQLException"><![CDATA[org.postgresql.util.PSQLException: Connection to localhost:5432 refused. Check that the hostname and port are correct and that the postmaster is accepting TCP/IP connections.
	at java.net.PlainSocketImpl.socketConnect(Native Method)
	at java.net.AbstractPlainSocketImpl.doConnect(AbstractPlainSocketImpl.java:350)
	at java.net.AbstractPlainSocketImpl.connectToAddress(AbstractPlainSocketImpl.java:206)
	at java.net.AbstractPlainSocketImpl.connect(AbstractPlainSocketImpl.java:188)
	at java.net.SocksSocketImpl.connect(SocksSocketImpl.java:392)
	at java.net.Socket.connect(Socket.java:589)
	at org.postgresql.core.PGStream.<init>(PGStream.java:69)
	at org.postgresql.core.v3.ConnectionFactoryImpl.openConnectionImpl(ConnectionFactoryImpl.java:156)
	at org.postgresql.core.ConnectionFactory.openConnection(ConnectionFactory.java:49)
	at org.postgresql.jdbc.PgConnection.<init>(PgConnection.java:195)
	at org.postgresql.Driver.makeConnection(Driver.java:454)
	at org.postgresql.Driver.connect(Driver.java:256)
	at java.sql.DriverManager.getConnection(DriverManager.java:664)
	at java.sql.DriverManager.getConnection(DriverManager.java:208)
	at org.postgresql.test.TestUtil.openDB(TestUtil.java:312)
	at org.postgresql.test.jdbc2.BaseTest4.setUp(BaseTest4.java:83)
	at org.postgresql.test.jdbc4.UUIDTest.setUp(UUIDTest.java:52)
]]></error>
  </testcase>
  <testcase name="testUUIDString[binary=FORCE, stringType=VARCHAR]" classname="org.postgresql.test.jdbc4.UUIDTest" time="0">
    <error type="java.lang.NullPointerException:">java.lang.NullPointerException: null
	at org.postgresql.test.jdbc4.UUIDTest.tearDown(UUIDTest.java:62)
</error>
  </testcase>
  <testcase name="checkPattern[host=host.com, pattern=pattern.com]" classname="org.postgresql.test.jdbc4.LibPQFactoryHostNameTest" time="0"/>
  <testcase name="checkPattern[host=host.com, pattern=.pattern.com]" classname="org.postgresql.test.jdbc4.LibPQFactoryHostNameTest" time="0"/>
  <testcase name="checkPattern[host=host.com, pattern=*.pattern.com]" classname="org.postgresql.test.jdbc4.LibPQFactoryHostNameTest" time="0"/>
  <testcase name="checkPattern[host=host.com, pattern=*.host.com]" classname="org.postgresql.test.jdbc4.LibPQFactoryHostNameTest" time="0"/>
  <testcase name="checkPattern[host=a.com, pattern=*.host.com]" classname="org.postgresql.test.jdbc4.LibPQFactoryHostNameTest" time="0"/>
  <testcase name="checkPattern[host=.a.com, pattern=*.host.com]" classname="org.postgresql.test.jdbc4.LibPQFactoryHostNameTest" time="0"/>
  <testcase name="checkPattern[host=longhostname.com, pattern=*.com]" classname="org.postgresql.test.jdbc4.LibPQFactoryHostNameTest" time="0"/>
  <testcase name="checkPattern[host=longhostname.ru, pattern=*.com]" classname="org.postgresql.test.jdbc4.LibPQFactoryHostNameTest" time="0"/>
  <testcase name="checkPattern[host=host.com, pattern=host.com]" classname="org.postgresql.test.jdbc4.LibPQFactoryHostNameTest" time="0"/>
  <testcase name="checkPattern[host=sub.host.com, pattern=host.com]" classname="org.postgresql.test.jdbc4.LibPQFactoryHostNameTest" time="0"/>
  <testcase name="checkPattern[host=sub.host.com, pattern=sub.host.com]" classname="org.postgresql.test.jdbc4.LibPQFactoryHostNameTest" time="0"/>
  <testcase name="checkPattern[host=sub.host.com, pattern=*.host.com]" classname="org.postgresql.test.jdbc4.LibPQFactoryHostNameTest" time="0"/>
  <testcase name="checkPattern[host=Sub.host.com, pattern=sub.host.com]" classname="org.postgresql.test.jdbc4.LibPQFactoryHostNameTest" time="0"/>
  <testcase name="checkPattern[host=sub.host.com, pattern=Sub.host.com]" classname="org.postgresql.test.jdbc4.LibPQFactoryHostNameTest" time="0"/>
  <testcase name="checkPattern[host=sub.host.com, pattern=*.hoSt.com]" classname="org.postgresql.test.jdbc4.LibPQFactoryHostNameTest" time="0"/>
  <testcase name="checkPattern[host=*.host.com, pattern=host.com]" classname="org.postgresql.test.jdbc4.LibPQFactoryHostNameTest" time="0"/>
  <testcase name="checkPattern[host=sub.sub.host.com, pattern=*.host.com]" classname="org.postgresql.test.jdbc4.LibPQFactoryHostNameTest" time="0"/>
  <testcase name="testStreamRead" classname="org.postgresql.test.jdbc4.XmlTest" time="0">
    <error message="Connection to localhost:5432 refused. Check that the hostname and port are correct and that the postmaster is accepting TCP/IP connections." type="org.postgresql.util.PSQLException"><![CDATA[org.postgresql.util.PSQLException: Connection to localhost:5432 refused. Check that the hostname and port are correct and that the postmaster is accepting TCP/IP connections.
	at java.net.PlainSocketImpl.socketConnect(Native Method)
	at java.net.AbstractPlainSocketImpl.doConnect(AbstractPlainSocketImpl.java:350)
	at java.net.AbstractPlainSocketImpl.connectToAddress(AbstractPlainSocketImpl.java:206)
	at java.net.AbstractPlainSocketImpl.connect(AbstractPlainSocketImpl.java:188)
	at java.net.SocksSocketImpl.connect(SocksSocketImpl.java:392)
	at java.net.Socket.connect(Socket.java:589)
	at org.postgresql.core.PGStream.<init>(PGStream.java:69)
	at org.postgresql.core.v3.ConnectionFactoryImpl.openConnectionImpl(ConnectionFactoryImpl.java:156)
	at org.postgresql.core.ConnectionFactory.openConnection(ConnectionFactory.java:49)
	at org.postgresql.jdbc.PgConnection.<init>(PgConnection.java:195)
	at org.postgresql.Driver.makeConnection(Driver.java:454)
	at org.postgresql.Driver.connect(Driver.java:256)
	at java.sql.DriverManager.getConnection(DriverManager.java:664)
	at java.sql.DriverManager.getConnection(DriverManager.java:208)
	at org.postgresql.test.TestUtil.openDB(TestUtil.java:312)
	at org.postgresql.test.jdbc2.BaseTest4.setUp(BaseTest4.java:83)
	at org.postgresql.test.jdbc4.XmlTest.setUp(XmlTest.java:72)
]]></error>
  </testcase>
  <testcase name="testStreamRead" classname="org.postgresql.test.jdbc4.XmlTest" time="0">
    <error type="java.lang.NullPointerException:">java.lang.NullPointerException: null
	at org.postgresql.test.jdbc4.XmlTest.tearDown(XmlTest.java:97)
</error>
  </testcase>
  <testcase name="testDOMParse" classname="org.postgresql.test.jdbc4.XmlTest" time="0">
    <error message="Connection to localhost:5432 refused. Check that the hostname and port are correct and that the postmaster is accepting TCP/IP connections." type="org.postgresql.util.PSQLException"><![CDATA[org.postgresql.util.PSQLException: Connection to localhost:5432 refused. Check that the hostname and port are correct and that the postmaster is accepting TCP/IP connections.
	at java.net.PlainSocketImpl.socketConnect(Native Method)
	at java.net.AbstractPlainSocketImpl.doConnect(AbstractPlainSocketImpl.java:350)
	at java.net.AbstractPlainSocketImpl.connectToAddress(AbstractPlainSocketImpl.java:206)
	at java.net.AbstractPlainSocketImpl.connect(AbstractPlainSocketImpl.java:188)
	at java.net.SocksSocketImpl.connect(SocksSocketImpl.java:392)
	at java.net.Socket.connect(Socket.java:589)
	at org.postgresql.core.PGStream.<init>(PGStream.java:69)
	at org.postgresql.core.v3.ConnectionFactoryImpl.openConnectionImpl(ConnectionFactoryImpl.java:156)
	at org.postgresql.core.ConnectionFactory.openConnection(ConnectionFactory.java:49)
	at org.postgresql.jdbc.PgConnection.<init>(PgConnection.java:195)
	at org.postgresql.Driver.makeConnection(Driver.java:454)
	at org.postgresql.Driver.connect(Driver.java:256)
	at java.sql.DriverManager.getConnection(DriverManager.java:664)
	at java.sql.DriverManager.getConnection(DriverManager.java:208)
	at org.postgresql.test.TestUtil.openDB(TestUtil.java:312)
	at org.postgresql.test.jdbc2.BaseTest4.setUp(BaseTest4.java:83)
	at org.postgresql.test.jdbc4.XmlTest.setUp(XmlTest.java:72)
]]></error>
  </testcase>
  <testcase name="testDOMParse" classname="org.postgresql.test.jdbc4.XmlTest" time="0">
    <error type="java.lang.NullPointerException:">java.lang.NullPointerException: null
	at org.postgresql.test.jdbc4.XmlTest.tearDown(XmlTest.java:97)
</error>
  </testcase>
  <testcase name="testSet" classname="org.postgresql.test.jdbc4.XmlTest" time="0">
    <error message="Connection to localhost:5432 refused. Check that the hostname and port are correct and that the postmaster is accepting TCP/IP connections." type="org.postgresql.util.PSQLException"><![CDATA[org.postgresql.util.PSQLException: Connection to localhost:5432 refused. Check that the hostname and port are correct and that the postmaster is accepting TCP/IP connections.
	at java.net.PlainSocketImpl.socketConnect(Native Method)
	at java.net.AbstractPlainSocketImpl.doConnect(AbstractPlainSocketImpl.java:350)
	at java.net.AbstractPlainSocketImpl.connectToAddress(AbstractPlainSocketImpl.java:206)
	at java.net.AbstractPlainSocketImpl.connect(AbstractPlainSocketImpl.java:188)
	at java.net.SocksSocketImpl.connect(SocksSocketImpl.java:392)
	at java.net.Socket.connect(Socket.java:589)
	at org.postgresql.core.PGStream.<init>(PGStream.java:69)
	at org.postgresql.core.v3.ConnectionFactoryImpl.openConnectionImpl(ConnectionFactoryImpl.java:156)
	at org.postgresql.core.ConnectionFactory.openConnection(ConnectionFactory.java:49)
	at org.postgresql.jdbc.PgConnection.<init>(PgConnection.java:195)
	at org.postgresql.Driver.makeConnection(Driver.java:454)
	at org.postgresql.Driver.connect(Driver.java:256)
	at java.sql.DriverManager.getConnection(DriverManager.java:664)
	at java.sql.DriverManager.getConnection(DriverManager.java:208)
	at org.postgresql.test.TestUtil.openDB(TestUtil.java:312)
	at org.postgresql.test.jdbc2.BaseTest4.setUp(BaseTest4.java:83)
	at org.postgresql.test.jdbc4.XmlTest.setUp(XmlTest.java:72)
]]></error>
  </testcase>
  <testcase name="testSet" classname="org.postgresql.test.jdbc4.XmlTest" time="0">
    <error type="java.lang.NullPointerException:">java.lang.NullPointerException: null
	at org.postgresql.test.jdbc4.XmlTest.tearDown(XmlTest.java:97)
</error>
  </testcase>
  <testcase name="testEmpty" classname="org.postgresql.test.jdbc4.XmlTest" time="0">
    <error message="Connection to localhost:5432 refused. Check that the hostname and port are correct and that the postmaster is accepting TCP/IP connections." type="org.postgresql.util.PSQLException"><![CDATA[org.postgresql.util.PSQLException: Connection to localhost:5432 refused. Check that the hostname and port are correct and that the postmaster is accepting TCP/IP connections.
	at java.net.PlainSocketImpl.socketConnect(Native Method)
	at java.net.AbstractPlainSocketImpl.doConnect(AbstractPlainSocketImpl.java:350)
	at java.net.AbstractPlainSocketImpl.connectToAddress(AbstractPlainSocketImpl.java:206)
	at java.net.AbstractPlainSocketImpl.connect(AbstractPlainSocketImpl.java:188)
	at java.net.SocksSocketImpl.connect(SocksSocketImpl.java:392)
	at java.net.Socket.connect(Socket.java:589)
	at org.postgresql.core.PGStream.<init>(PGStream.java:69)
	at org.postgresql.core.v3.ConnectionFactoryImpl.openConnectionImpl(ConnectionFactoryImpl.java:156)
	at org.postgresql.core.ConnectionFactory.openConnection(ConnectionFactory.java:49)
	at org.postgresql.jdbc.PgConnection.<init>(PgConnection.java:195)
	at org.postgresql.Driver.makeConnection(Driver.java:454)
	at org.postgresql.Driver.connect(Driver.java:256)
	at java.sql.DriverManager.getConnection(DriverManager.java:664)
	at java.sql.DriverManager.getConnection(DriverManager.java:208)
	at org.postgresql.test.TestUtil.openDB(TestUtil.java:312)
	at org.postgresql.test.jdbc2.BaseTest4.setUp(BaseTest4.java:83)
	at org.postgresql.test.jdbc4.XmlTest.setUp(XmlTest.java:72)
]]></error>
  </testcase>
  <testcase name="testEmpty" classname="org.postgresql.test.jdbc4.XmlTest" time="0">
    <error type="java.lang.NullPointerException:">java.lang.NullPointerException: null
	at org.postgresql.test.jdbc4.XmlTest.tearDown(XmlTest.java:97)
</error>
  </testcase>
  <testcase name="testFree" classname="org.postgresql.test.jdbc4.XmlTest" time="0">
    <error message="Connection to localhost:5432 refused. Check that the hostname and port are correct and that the postmaster is accepting TCP/IP connections." type="org.postgresql.util.PSQLException"><![CDATA[org.postgresql.util.PSQLException: Connection to localhost:5432 refused. Check that the hostname and port are correct and that the postmaster is accepting TCP/IP connections.
	at java.net.PlainSocketImpl.socketConnect(Native Method)
	at java.net.AbstractPlainSocketImpl.doConnect(AbstractPlainSocketImpl.java:350)
	at java.net.AbstractPlainSocketImpl.connectToAddress(AbstractPlainSocketImpl.java:206)
	at java.net.AbstractPlainSocketImpl.connect(AbstractPlainSocketImpl.java:188)
	at java.net.SocksSocketImpl.connect(SocksSocketImpl.java:392)
	at java.net.Socket.connect(Socket.java:589)
	at org.postgresql.core.PGStream.<init>(PGStream.java:69)
	at org.postgresql.core.v3.ConnectionFactoryImpl.openConnectionImpl(ConnectionFactoryImpl.java:156)
	at org.postgresql.core.ConnectionFactory.openConnection(ConnectionFactory.java:49)
	at org.postgresql.jdbc.PgConnection.<init>(PgConnection.java:195)
	at org.postgresql.Driver.makeConnection(Driver.java:454)
	at org.postgresql.Driver.connect(Driver.java:256)
	at java.sql.DriverManager.getConnection(DriverManager.java:664)
	at java.sql.DriverManager.getConnection(DriverManager.java:208)
	at org.postgresql.test.TestUtil.openDB(TestUtil.java:312)
	at org.postgresql.test.jdbc2.BaseTest4.setUp(BaseTest4.java:83)
	at org.postgresql.test.jdbc4.XmlTest.setUp(XmlTest.java:72)
]]></error>
  </testcase>
  <testcase name="testFree" classname="org.postgresql.test.jdbc4.XmlTest" time="0">
    <error type="java.lang.NullPointerException:">java.lang.NullPointerException: null
	at org.postgresql.test.jdbc4.XmlTest.tearDown(XmlTest.java:97)
</error>
  </testcase>
  <testcase name="testStAXWrite" classname="org.postgresql.test.jdbc4.XmlTest" time="0">
    <error message="Connection to localhost:5432 refused. Check that the hostname and port are correct and that the postmaster is accepting TCP/IP connections." type="org.postgresql.util.PSQLException"><![CDATA[org.postgresql.util.PSQLException: Connection to localhost:5432 refused. Check that the hostname and port are correct and that the postmaster is accepting TCP/IP connections.
	at java.net.PlainSocketImpl.socketConnect(Native Method)
	at java.net.AbstractPlainSocketImpl.doConnect(AbstractPlainSocketImpl.java:350)
	at java.net.AbstractPlainSocketImpl.connectToAddress(AbstractPlainSocketImpl.java:206)
	at java.net.AbstractPlainSocketImpl.connect(AbstractPlainSocketImpl.java:188)
	at java.net.SocksSocketImpl.connect(SocksSocketImpl.java:392)
	at java.net.Socket.connect(Socket.java:589)
	at org.postgresql.core.PGStream.<init>(PGStream.java:69)
	at org.postgresql.core.v3.ConnectionFactoryImpl.openConnectionImpl(ConnectionFactoryImpl.java:156)
	at org.postgresql.core.ConnectionFactory.openConnection(ConnectionFactory.java:49)
	at org.postgresql.jdbc.PgConnection.<init>(PgConnection.java:195)
	at org.postgresql.Driver.makeConnection(Driver.java:454)
	at org.postgresql.Driver.connect(Driver.java:256)
	at java.sql.DriverManager.getConnection(DriverManager.java:664)
	at java.sql.DriverManager.getConnection(DriverManager.java:208)
	at org.postgresql.test.TestUtil.openDB(TestUtil.java:312)
	at org.postgresql.test.jdbc2.BaseTest4.setUp(BaseTest4.java:83)
	at org.postgresql.test.jdbc4.XmlTest.setUp(XmlTest.java:72)
]]></error>
  </testcase>
  <testcase name="testStAXWrite" classname="org.postgresql.test.jdbc4.XmlTest" time="0">
    <error type="java.lang.NullPointerException:">java.lang.NullPointerException: null
	at org.postgresql.test.jdbc4.XmlTest.tearDown(XmlTest.java:97)
</error>
  </testcase>
  <testcase name="testSAXWrite" classname="org.postgresql.test.jdbc4.XmlTest" time="0">
    <error message="Connection to localhost:5432 refused. Check that the hostname and port are correct and that the postmaster is accepting TCP/IP connections." type="org.postgresql.util.PSQLException"><![CDATA[org.postgresql.util.PSQLException: Connection to localhost:5432 refused. Check that the hostname and port are correct and that the postmaster is accepting TCP/IP connections.
	at java.net.PlainSocketImpl.socketConnect(Native Method)
	at java.net.AbstractPlainSocketImpl.doConnect(AbstractPlainSocketImpl.java:350)
	at java.net.AbstractPlainSocketImpl.connectToAddress(AbstractPlainSocketImpl.java:206)
	at java.net.AbstractPlainSocketImpl.connect(AbstractPlainSocketImpl.java:188)
	at java.net.SocksSocketImpl.connect(SocksSocketImpl.java:392)
	at java.net.Socket.connect(Socket.java:589)
	at org.postgresql.core.PGStream.<init>(PGStream.java:69)
	at org.postgresql.core.v3.ConnectionFactoryImpl.openConnectionImpl(ConnectionFactoryImpl.java:156)
	at org.postgresql.core.ConnectionFactory.openConnection(ConnectionFactory.java:49)
	at org.postgresql.jdbc.PgConnection.<init>(PgConnection.java:195)
	at org.postgresql.Driver.makeConnection(Driver.java:454)
	at org.postgresql.Driver.connect(Driver.java:256)
	at java.sql.DriverManager.getConnection(DriverManager.java:664)
	at java.sql.DriverManager.getConnection(DriverManager.java:208)
	at org.postgresql.test.TestUtil.openDB(TestUtil.java:312)
	at org.postgresql.test.jdbc2.BaseTest4.setUp(BaseTest4.java:83)
	at org.postgresql.test.jdbc4.XmlTest.setUp(XmlTest.java:72)
]]></error>
  </testcase>
  <testcase name="testSAXWrite" classname="org.postgresql.test.jdbc4.XmlTest" time="0">
    <error type="java.lang.NullPointerException:">java.lang.NullPointerException: null
	at org.postgresql.test.jdbc4.XmlTest.tearDown(XmlTest.java:97)
</error>
  </testcase>
  <testcase name="testDoubleSet" classname="org.postgresql.test.jdbc4.XmlTest" time="0">
    <error message="Connection to localhost:5432 refused. Check that the hostname and port are correct and that the postmaster is accepting TCP/IP connections." type="org.postgresql.util.PSQLException"><![CDATA[org.postgresql.util.PSQLException: Connection to localhost:5432 refused. Check that the hostname and port are correct and that the postmaster is accepting TCP/IP connections.
	at java.net.PlainSocketImpl.socketConnect(Native Method)
	at java.net.AbstractPlainSocketImpl.doConnect(AbstractPlainSocketImpl.java:350)
	at java.net.AbstractPlainSocketImpl.connectToAddress(AbstractPlainSocketImpl.java:206)
	at java.net.AbstractPlainSocketImpl.connect(AbstractPlainSocketImpl.java:188)
	at java.net.SocksSocketImpl.connect(SocksSocketImpl.java:392)
	at java.net.Socket.connect(Socket.java:589)
	at org.postgresql.core.PGStream.<init>(PGStream.java:69)
	at org.postgresql.core.v3.ConnectionFactoryImpl.openConnectionImpl(ConnectionFactoryImpl.java:156)
	at org.postgresql.core.ConnectionFactory.openConnection(ConnectionFactory.java:49)
	at org.postgresql.jdbc.PgConnection.<init>(PgConnection.java:195)
	at org.postgresql.Driver.makeConnection(Driver.java:454)
	at org.postgresql.Driver.connect(Driver.java:256)
	at java.sql.DriverManager.getConnection(DriverManager.java:664)
	at java.sql.DriverManager.getConnection(DriverManager.java:208)
	at org.postgresql.test.TestUtil.openDB(TestUtil.java:312)
	at org.postgresql.test.jdbc2.BaseTest4.setUp(BaseTest4.java:83)
	at org.postgresql.test.jdbc4.XmlTest.setUp(XmlTest.java:72)
]]></error>
  </testcase>
  <testcase name="testDoubleSet" classname="org.postgresql.test.jdbc4.XmlTest" time="0">
    <error type="java.lang.NullPointerException:">java.lang.NullPointerException: null
	at org.postgresql.test.jdbc4.XmlTest.tearDown(XmlTest.java:97)
</error>
  </testcase>
  <testcase name="testDOMRead" classname="org.postgresql.test.jdbc4.XmlTest" time="0">
    <error message="Connection to localhost:5432 refused. Check that the hostname and port are correct and that the postmaster is accepting TCP/IP connections." type="org.postgresql.util.PSQLException"><![CDATA[org.postgresql.util.PSQLException: Connection to localhost:5432 refused. Check that the hostname and port are correct and that the postmaster is accepting TCP/IP connections.
	at java.net.PlainSocketImpl.socketConnect(Native Method)
	at java.net.AbstractPlainSocketImpl.doConnect(AbstractPlainSocketImpl.java:350)
	at java.net.AbstractPlainSocketImpl.connectToAddress(AbstractPlainSocketImpl.java:206)
	at java.net.AbstractPlainSocketImpl.connect(AbstractPlainSocketImpl.java:188)
	at java.net.SocksSocketImpl.connect(SocksSocketImpl.java:392)
	at java.net.Socket.connect(Socket.java:589)
	at org.postgresql.core.PGStream.<init>(PGStream.java:69)
	at org.postgresql.core.v3.ConnectionFactoryImpl.openConnectionImpl(ConnectionFactoryImpl.java:156)
	at org.postgresql.core.ConnectionFactory.openConnection(ConnectionFactory.java:49)
	at org.postgresql.jdbc.PgConnection.<init>(PgConnection.java:195)
	at org.postgresql.Driver.makeConnection(Driver.java:454)
	at org.postgresql.Driver.connect(Driver.java:256)
	at java.sql.DriverManager.getConnection(DriverManager.java:664)
	at java.sql.DriverManager.getConnection(DriverManager.java:208)
	at org.postgresql.test.TestUtil.openDB(TestUtil.java:312)
	at org.postgresql.test.jdbc2.BaseTest4.setUp(BaseTest4.java:83)
	at org.postgresql.test.jdbc4.XmlTest.setUp(XmlTest.java:72)
]]></error>
  </testcase>
  <testcase name="testDOMRead" classname="org.postgresql.test.jdbc4.XmlTest" time="0">
    <error type="java.lang.NullPointerException:">java.lang.NullPointerException: null
	at org.postgresql.test.jdbc4.XmlTest.tearDown(XmlTest.java:97)
</error>
  </testcase>
  <testcase name="testSAXRead" classname="org.postgresql.test.jdbc4.XmlTest" time="0">
    <error message="Connection to localhost:5432 refused. Check that the hostname and port are correct and that the postmaster is accepting TCP/IP connections." type="org.postgresql.util.PSQLException"><![CDATA[org.postgresql.util.PSQLException: Connection to localhost:5432 refused. Check that the hostname and port are correct and that the postmaster is accepting TCP/IP connections.
	at java.net.PlainSocketImpl.socketConnect(Native Method)
	at java.net.AbstractPlainSocketImpl.doConnect(AbstractPlainSocketImpl.java:350)
	at java.net.AbstractPlainSocketImpl.connectToAddress(AbstractPlainSocketImpl.java:206)
	at java.net.AbstractPlainSocketImpl.connect(AbstractPlainSocketImpl.java:188)
	at java.net.SocksSocketImpl.connect(SocksSocketImpl.java:392)
	at java.net.Socket.connect(Socket.java:589)
	at org.postgresql.core.PGStream.<init>(PGStream.java:69)
	at org.postgresql.core.v3.ConnectionFactoryImpl.openConnectionImpl(ConnectionFactoryImpl.java:156)
	at org.postgresql.core.ConnectionFactory.openConnection(ConnectionFactory.java:49)
	at org.postgresql.jdbc.PgConnection.<init>(PgConnection.java:195)
	at org.postgresql.Driver.makeConnection(Driver.java:454)
	at org.postgresql.Driver.connect(Driver.java:256)
	at java.sql.DriverManager.getConnection(DriverManager.java:664)
	at java.sql.DriverManager.getConnection(DriverManager.java:208)
	at org.postgresql.test.TestUtil.openDB(TestUtil.java:312)
	at org.postgresql.test.jdbc2.BaseTest4.setUp(BaseTest4.java:83)
	at org.postgresql.test.jdbc4.XmlTest.setUp(XmlTest.java:72)
]]></error>
  </testcase>
  <testcase name="testSAXRead" classname="org.postgresql.test.jdbc4.XmlTest" time="0">
    <error type="java.lang.NullPointerException:">java.lang.NullPointerException: null
	at org.postgresql.test.jdbc4.XmlTest.tearDown(XmlTest.java:97)
</error>
  </testcase>
  <testcase name="testStreamWrite" classname="org.postgresql.test.jdbc4.XmlTest" time="0">
    <error message="Connection to localhost:5432 refused. Check that the hostname and port are correct and that the postmaster is accepting TCP/IP connections." type="org.postgresql.util.PSQLException"><![CDATA[org.postgresql.util.PSQLException: Connection to localhost:5432 refused. Check that the hostname and port are correct and that the postmaster is accepting TCP/IP connections.
	at java.net.PlainSocketImpl.socketConnect(Native Method)
	at java.net.AbstractPlainSocketImpl.doConnect(AbstractPlainSocketImpl.java:350)
	at java.net.AbstractPlainSocketImpl.connectToAddress(AbstractPlainSocketImpl.java:206)
	at java.net.AbstractPlainSocketImpl.connect(AbstractPlainSocketImpl.java:188)
	at java.net.SocksSocketImpl.connect(SocksSocketImpl.java:392)
	at java.net.Socket.connect(Socket.java:589)
	at org.postgresql.core.PGStream.<init>(PGStream.java:69)
	at org.postgresql.core.v3.ConnectionFactoryImpl.openConnectionImpl(ConnectionFactoryImpl.java:156)
	at org.postgresql.core.ConnectionFactory.openConnection(ConnectionFactory.java:49)
	at org.postgresql.jdbc.PgConnection.<init>(PgConnection.java:195)
	at org.postgresql.Driver.makeConnection(Driver.java:454)
	at org.postgresql.Driver.connect(Driver.java:256)
	at java.sql.DriverManager.getConnection(DriverManager.java:664)
	at java.sql.DriverManager.getConnection(DriverManager.java:208)
	at org.postgresql.test.TestUtil.openDB(TestUtil.java:312)
	at org.postgresql.test.jdbc2.BaseTest4.setUp(BaseTest4.java:83)
	at org.postgresql.test.jdbc4.XmlTest.setUp(XmlTest.java:72)
]]></error>
  </testcase>
  <testcase name="testStreamWrite" classname="org.postgresql.test.jdbc4.XmlTest" time="0">
    <error type="java.lang.NullPointerException:">java.lang.NullPointerException: null
	at org.postgresql.test.jdbc4.XmlTest.tearDown(XmlTest.java:97)
</error>
  </testcase>
  <testcase name="testStAXRead" classname="org.postgresql.test.jdbc4.XmlTest" time="0">
    <error message="Connection to localhost:5432 refused. Check that the hostname and port are correct and that the postmaster is accepting TCP/IP connections." type="org.postgresql.util.PSQLException"><![CDATA[org.postgresql.util.PSQLException: Connection to localhost:5432 refused. Check that the hostname and port are correct and that the postmaster is accepting TCP/IP connections.
	at java.net.PlainSocketImpl.socketConnect(Native Method)
	at java.net.AbstractPlainSocketImpl.doConnect(AbstractPlainSocketImpl.java:350)
	at java.net.AbstractPlainSocketImpl.connectToAddress(AbstractPlainSocketImpl.java:206)
	at java.net.AbstractPlainSocketImpl.connect(AbstractPlainSocketImpl.java:188)
	at java.net.SocksSocketImpl.connect(SocksSocketImpl.java:392)
	at java.net.Socket.connect(Socket.java:589)
	at org.postgresql.core.PGStream.<init>(PGStream.java:69)
	at org.postgresql.core.v3.ConnectionFactoryImpl.openConnectionImpl(ConnectionFactoryImpl.java:156)
	at org.postgresql.core.ConnectionFactory.openConnection(ConnectionFactory.java:49)
	at org.postgresql.jdbc.PgConnection.<init>(PgConnection.java:195)
	at org.postgresql.Driver.makeConnection(Driver.java:454)
	at org.postgresql.Driver.connect(Driver.java:256)
	at java.sql.DriverManager.getConnection(DriverManager.java:664)
	at java.sql.DriverManager.getConnection(DriverManager.java:208)
	at org.postgresql.test.TestUtil.openDB(TestUtil.java:312)
	at org.postgresql.test.jdbc2.BaseTest4.setUp(BaseTest4.java:83)
	at org.postgresql.test.jdbc4.XmlTest.setUp(XmlTest.java:72)
]]></error>
  </testcase>
  <testcase name="testStAXRead" classname="org.postgresql.test.jdbc4.XmlTest" time="0">
    <error type="java.lang.NullPointerException:">java.lang.NullPointerException: null
	at org.postgresql.test.jdbc4.XmlTest.tearDown(XmlTest.java:97)
</error>
  </testcase>
  <testcase name="testGetObject" classname="org.postgresql.test.jdbc4.XmlTest" time="0">
    <error message="Connection to localhost:5432 refused. Check that the hostname and port are correct and that the postmaster is accepting TCP/IP connections." type="org.postgresql.util.PSQLException"><![CDATA[org.postgresql.util.PSQLException: Connection to localhost:5432 refused. Check that the hostname and port are correct and that the postmaster is accepting TCP/IP connections.
	at java.net.PlainSocketImpl.socketConnect(Native Method)
	at java.net.AbstractPlainSocketImpl.doConnect(AbstractPlainSocketImpl.java:350)
	at java.net.AbstractPlainSocketImpl.connectToAddress(AbstractPlainSocketImpl.java:206)
	at java.net.AbstractPlainSocketImpl.connect(AbstractPlainSocketImpl.java:188)
	at java.net.SocksSocketImpl.connect(SocksSocketImpl.java:392)
	at java.net.Socket.connect(Socket.java:589)
	at org.postgresql.core.PGStream.<init>(PGStream.java:69)
	at org.postgresql.core.v3.ConnectionFactoryImpl.openConnectionImpl(ConnectionFactoryImpl.java:156)
	at org.postgresql.core.ConnectionFactory.openConnection(ConnectionFactory.java:49)
	at org.postgresql.jdbc.PgConnection.<init>(PgConnection.java:195)
	at org.postgresql.Driver.makeConnection(Driver.java:454)
	at org.postgresql.Driver.connect(Driver.java:256)
	at java.sql.DriverManager.getConnection(DriverManager.java:664)
	at java.sql.DriverManager.getConnection(DriverManager.java:208)
	at org.postgresql.test.TestUtil.openDB(TestUtil.java:312)
	at org.postgresql.test.jdbc2.BaseTest4.setUp(BaseTest4.java:83)
	at org.postgresql.test.jdbc4.XmlTest.setUp(XmlTest.java:72)
]]></error>
  </testcase>
  <testcase name="testGetObject" classname="org.postgresql.test.jdbc4.XmlTest" time="0">
    <error type="java.lang.NullPointerException:">java.lang.NullPointerException: null
	at org.postgresql.test.jdbc4.XmlTest.tearDown(XmlTest.java:97)
</error>
  </testcase>
  <testcase name="testSetNull" classname="org.postgresql.test.jdbc4.XmlTest" time="0">
    <error message="Connection to localhost:5432 refused. Check that the hostname and port are correct and that the postmaster is accepting TCP/IP connections." type="org.postgresql.util.PSQLException"><![CDATA[org.postgresql.util.PSQLException: Connection to localhost:5432 refused. Check that the hostname and port are correct and that the postmaster is accepting TCP/IP connections.
	at java.net.PlainSocketImpl.socketConnect(Native Method)
	at java.net.AbstractPlainSocketImpl.doConnect(AbstractPlainSocketImpl.java:350)
	at java.net.AbstractPlainSocketImpl.connectToAddress(AbstractPlainSocketImpl.java:206)
	at java.net.AbstractPlainSocketImpl.connect(AbstractPlainSocketImpl.java:188)
	at java.net.SocksSocketImpl.connect(SocksSocketImpl.java:392)
	at java.net.Socket.connect(Socket.java:589)
	at org.postgresql.core.PGStream.<init>(PGStream.java:69)
	at org.postgresql.core.v3.ConnectionFactoryImpl.openConnectionImpl(ConnectionFactoryImpl.java:156)
	at org.postgresql.core.ConnectionFactory.openConnection(ConnectionFactory.java:49)
	at org.postgresql.jdbc.PgConnection.<init>(PgConnection.java:195)
	at org.postgresql.Driver.makeConnection(Driver.java:454)
	at org.postgresql.Driver.connect(Driver.java:256)
	at java.sql.DriverManager.getConnection(DriverManager.java:664)
	at java.sql.DriverManager.getConnection(DriverManager.java:208)
	at org.postgresql.test.TestUtil.openDB(TestUtil.java:312)
	at org.postgresql.test.jdbc2.BaseTest4.setUp(BaseTest4.java:83)
	at org.postgresql.test.jdbc4.XmlTest.setUp(XmlTest.java:72)
]]></error>
  </testcase>
  <testcase name="testSetNull" classname="org.postgresql.test.jdbc4.XmlTest" time="0">
    <error type="java.lang.NullPointerException:">java.lang.NullPointerException: null
	at org.postgresql.test.jdbc4.XmlTest.tearDown(XmlTest.java:97)
</error>
  </testcase>
  <testcase name="testDomWrite" classname="org.postgresql.test.jdbc4.XmlTest" time="0">
    <error message="Connection to localhost:5432 refused. Check that the hostname and port are correct and that the postmaster is accepting TCP/IP connections." type="org.postgresql.util.PSQLException"><![CDATA[org.postgresql.util.PSQLException: Connection to localhost:5432 refused. Check that the hostname and port are correct and that the postmaster is accepting TCP/IP connections.
	at java.net.PlainSocketImpl.socketConnect(Native Method)
	at java.net.AbstractPlainSocketImpl.doConnect(AbstractPlainSocketImpl.java:350)
	at java.net.AbstractPlainSocketImpl.connectToAddress(AbstractPlainSocketImpl.java:206)
	at java.net.AbstractPlainSocketImpl.connect(AbstractPlainSocketImpl.java:188)
	at java.net.SocksSocketImpl.connect(SocksSocketImpl.java:392)
	at java.net.Socket.connect(Socket.java:589)
	at org.postgresql.core.PGStream.<init>(PGStream.java:69)
	at org.postgresql.core.v3.ConnectionFactoryImpl.openConnectionImpl(ConnectionFactoryImpl.java:156)
	at org.postgresql.core.ConnectionFactory.openConnection(ConnectionFactory.java:49)
	at org.postgresql.jdbc.PgConnection.<init>(PgConnection.java:195)
	at org.postgresql.Driver.makeConnection(Driver.java:454)
	at org.postgresql.Driver.connect(Driver.java:256)
	at java.sql.DriverManager.getConnection(DriverManager.java:664)
	at java.sql.DriverManager.getConnection(DriverManager.java:208)
	at org.postgresql.test.TestUtil.openDB(TestUtil.java:312)
	at org.postgresql.test.jdbc2.BaseTest4.setUp(BaseTest4.java:83)
	at org.postgresql.test.jdbc4.XmlTest.setUp(XmlTest.java:72)
]]></error>
  </testcase>
  <testcase name="testDomWrite" classname="org.postgresql.test.jdbc4.XmlTest" time="0">
    <error type="java.lang.NullPointerException:">java.lang.NullPointerException: null
	at org.postgresql.test.jdbc4.XmlTest.tearDown(XmlTest.java:97)
</error>
  </testcase>
  <testcase name="testUpdateRS" classname="org.postgresql.test.jdbc4.XmlTest" time="0">
    <error message="Connection to localhost:5432 refused. Check that the hostname and port are correct and that the postmaster is accepting TCP/IP connections." type="org.postgresql.util.PSQLException"><![CDATA[org.postgresql.util.PSQLException: Connection to localhost:5432 refused. Check that the hostname and port are correct and that the postmaster is accepting TCP/IP connections.
	at java.net.PlainSocketImpl.socketConnect(Native Method)
	at java.net.AbstractPlainSocketImpl.doConnect(AbstractPlainSocketImpl.java:350)
	at java.net.AbstractPlainSocketImpl.connectToAddress(AbstractPlainSocketImpl.java:206)
	at java.net.AbstractPlainSocketImpl.connect(AbstractPlainSocketImpl.java:188)
	at java.net.SocksSocketImpl.connect(SocksSocketImpl.java:392)
	at java.net.Socket.connect(Socket.java:589)
	at org.postgresql.core.PGStream.<init>(PGStream.java:69)
	at org.postgresql.core.v3.ConnectionFactoryImpl.openConnectionImpl(ConnectionFactoryImpl.java:156)
	at org.postgresql.core.ConnectionFactory.openConnection(ConnectionFactory.java:49)
	at org.postgresql.jdbc.PgConnection.<init>(PgConnection.java:195)
	at org.postgresql.Driver.makeConnection(Driver.java:454)
	at org.postgresql.Driver.connect(Driver.java:256)
	at java.sql.DriverManager.getConnection(DriverManager.java:664)
	at java.sql.DriverManager.getConnection(DriverManager.java:208)
	at org.postgresql.test.TestUtil.openDB(TestUtil.java:312)
	at org.postgresql.test.jdbc2.BaseTest4.setUp(BaseTest4.java:83)
	at org.postgresql.test.jdbc4.XmlTest.setUp(XmlTest.java:72)
]]></error>
  </testcase>
  <testcase name="testUpdateRS" classname="org.postgresql.test.jdbc4.XmlTest" time="0">
    <error type="java.lang.NullPointerException:">java.lang.NullPointerException: null
	at org.postgresql.test.jdbc4.XmlTest.tearDown(XmlTest.java:97)
</error>
  </testcase>
</testsuite>