<?xml version="1.0" encoding="UTF-8"?>
<testsuite name="org.postgresql.test.jdbc3.Jdbc3TestSuite" time="0.007" tests="483" errors="448" skipped="0" failures="0">
  <properties>
    <property name="java.runtime.name" value="OpenJDK Runtime Environment"/>
    <property name="sun.boot.library.path" value="/usr/lib/jvm/java-8-openjdk-amd64/jre/lib/amd64"/>
    <property name="java.vm.version" value="25.121-b13"/>
    <property name="java.vm.vendor" value="Oracle Corporation"/>
    <property name="maven.multiModuleProjectDirectory" value="/root/workspace/pgjdbc/pgjdbc/385176669"/>
    <property name="java.vendor.url" value="http://java.oracle.com/"/>
    <property name="path.separator" value=":"/>
    <property name="guice.disable.misplaced.annotation.check" value="true"/>
    <property name="skip.gulp" value="true"/>
    <property name="java.vm.name" value="OpenJDK 64-Bit Server VM"/>
    <property name="file.encoding.pkg" value="sun.io"/>
    <property name="sun.java.launcher" value="SUN_STANDARD"/>
    <property name="sun.os.patch.level" value="unknown"/>
    <property name="findbugs.skip" value="true"/>
    <property name="java.vm.specification.name" value="Java Virtual Machine Specification"/>
    <property name="user.dir" value="/root/workspace/pgjdbc/pgjdbc/385176669"/>
    <property name="checkstyle.skip" value="true"/>
    <property name="java.runtime.version" value="1.8.0_121-8u121-b13-1~bpo8+1-b13"/>
    <property name="java.awt.graphicsenv" value="sun.awt.X11GraphicsEnvironment"/>
    <property name="skip.npm" value="true"/>
    <property name="java.endorsed.dirs" value="/usr/lib/jvm/java-8-openjdk-amd64/jre/lib/endorsed"/>
    <property name="os.arch" value="amd64"/>
    <property name="java.io.tmpdir" value="/tmp"/>
    <property name="gpg.skip" value="true"/>
    <property name="line.separator" value="&#10;"/>
    <property name="java.vm.specification.vendor" value="Oracle Corporation"/>
    <property name="cobertura.skip" value="true"/>
    <property name="os.name" value="Linux"/>
    <property name="classworlds.conf" value="/usr/share/maven/bin/m2.conf"/>
    <property name="sun.jnu.encoding" value="UTF-8"/>
    <property name="java.library.path" value="/usr/java/packages/lib/amd64:/usr/lib/x86_64-linux-gnu/jni:/lib/x86_64-linux-gnu:/usr/lib/x86_64-linux-gnu:/usr/lib/jni:/lib:/usr/lib"/>
    <property name="license.skip" value="true"/>
    <property name="java.specification.name" value="Java Platform API Specification"/>
    <property name="java.class.version" value="52.0"/>
    <property name="sun.management.compiler" value="HotSpot 64-Bit Tiered Compilers"/>
    <property name="skip.bower" value="true"/>
    <property name="maven.repo.local" value="/root/./workspace/pgjdbc/pgjdbc/385176669/.m2"/>
    <property name="os.version" value="3.10.0-862.2.3.el7.x86_64"/>
    <property name="user.home" value="/root"/>
    <property name="user.timezone" value="Europe/Paris"/>
    <property name="java.awt.printerjob" value="sun.print.PSPrinterJob"/>
    <property name="java.specification.version" value="1.8"/>
    <property name="file.encoding" value="UTF-8"/>
    <property name="user.name" value="root"/>
    <property name="java.class.path" value="/usr/share/maven/boot/plexus-classworlds-2.5.2.jar"/>
    <property name="skipITs" value="true"/>
    <property name="java.vm.specification.version" value="1.8"/>
    <property name="sun.arch.data.model" value="64"/>
    <property name="java.home" value="/usr/lib/jvm/java-8-openjdk-amd64/jre"/>
    <property name="sun.java.command" value="org.codehaus.plexus.classworlds.launcher.Launcher -B -D enforcer.skip=true -D dependency-check.skip=true -D skipITs=true -D cobertura.skip=true -D maven.repo.local=/root/./workspace/pgjdbc/pgjdbc/385176669/.m2 -D rat.skip=true -D findbugs.skip=true -D skip.bower=true -D gpg.skip=true -D checkstyle.skip=true -D skip.gulp=true -D license.skip=true -D skip.npm=true test"/>
    <property name="java.specification.vendor" value="Oracle Corporation"/>
    <property name="user.language" value="en"/>
    <property name="awt.toolkit" value="sun.awt.X11.XToolkit"/>
    <property name="dependency-check.skip" value="true"/>
    <property name="java.vm.info" value="mixed mode"/>
    <property name="java.version" value="1.8.0_121"/>
    <property name="java.ext.dirs" value="/usr/lib/jvm/java-8-openjdk-amd64/jre/lib/ext:/usr/java/packages/lib/ext"/>
    <property name="securerandom.source" value="file:/dev/./urandom"/>
    <property name="sun.boot.class.path" value="/usr/lib/jvm/java-8-openjdk-amd64/jre/lib/resources.jar:/usr/lib/jvm/java-8-openjdk-amd64/jre/lib/rt.jar:/usr/lib/jvm/java-8-openjdk-amd64/jre/lib/sunrsasign.jar:/usr/lib/jvm/java-8-openjdk-amd64/jre/lib/jsse.jar:/usr/lib/jvm/java-8-openjdk-amd64/jre/lib/jce.jar:/usr/lib/jvm/java-8-openjdk-amd64/jre/lib/charsets.jar:/usr/lib/jvm/java-8-openjdk-amd64/jre/lib/jfr.jar:/usr/lib/jvm/java-8-openjdk-amd64/jre/classes"/>
    <property name="java.vendor" value="Oracle Corporation"/>
    <property name="enforcer.skip" value="true"/>
    <property name="rat.skip" value="true"/>
    <property name="maven.home" value="/usr/share/maven"/>
    <property name="file.separator" value="/"/>
    <property name="java.vendor.url.bug" value="http://bugreport.sun.com/bugreport/"/>
    <property name="sun.cpu.endian" value="little"/>
    <property name="sun.io.unicode.encoding" value="UnicodeLittle"/>
    <property name="sun.cpu.isalist" value=""/>
  </properties>
  <testcase name="testGetShort01" classname="org.postgresql.test.jdbc3.Jdbc3CallableStatementTest" time="0">
    <error message="Connection to localhost:5432 refused. Check that the hostname and port are correct and that the postmaster is accepting TCP/IP connections." type="org.postgresql.util.PSQLException"><![CDATA[org.postgresql.util.PSQLException: Connection to localhost:5432 refused. Check that the hostname and port are correct and that the postmaster is accepting TCP/IP connections.
	at java.net.PlainSocketImpl.socketConnect(Native Method)
	at java.net.AbstractPlainSocketImpl.doConnect(AbstractPlainSocketImpl.java:350)
	at java.net.AbstractPlainSocketImpl.connectToAddress(AbstractPlainSocketImpl.java:206)
	at java.net.AbstractPlainSocketImpl.connect(AbstractPlainSocketImpl.java:188)
	at java.net.SocksSocketImpl.connect(SocksSocketImpl.java:392)
	at java.net.Socket.connect(Socket.java:589)
	at org.postgresql.core.PGStream.<init>(PGStream.java:69)
	at org.postgresql.core.v3.ConnectionFactoryImpl.openConnectionImpl(ConnectionFactoryImpl.java:156)
	at org.postgresql.core.ConnectionFactory.openConnection(ConnectionFactory.java:49)
	at org.postgresql.jdbc.PgConnection.<init>(PgConnection.java:195)
	at org.postgresql.Driver.makeConnection(Driver.java:454)
	at org.postgresql.Driver.connect(Driver.java:256)
	at java.sql.DriverManager.getConnection(DriverManager.java:664)
	at java.sql.DriverManager.getConnection(DriverManager.java:208)
	at org.postgresql.test.TestUtil.openDB(TestUtil.java:312)
	at org.postgresql.test.jdbc2.BaseTest4.setUp(BaseTest4.java:83)
	at org.postgresql.test.jdbc3.Jdbc3CallableStatementTest.setUp(Jdbc3CallableStatementTest.java:35)
]]></error>
    <system-out><![CDATA[Configuration file /root/workspace/pgjdbc/pgjdbc/385176669/pgjdbc/../ssltest.local.properties does not exist. Consider adding it to specify test db host and login
Skipping ssloff9.
Skipping sslhostnossl9.
Skipping sslhostgh9.
Skipping sslhostbh9.
Skipping sslhostsslgh9.
Skipping sslhostsslbh9.
Skipping sslhostsslcertgh9.
Skipping sslhostsslcertbh9.
Skipping sslcertgh9.
Skipping sslcertbh9.
Skipping SingleCertSocketFactoryTests. To enable set the property testsinglecertfactory=true in the ssltest.properties file.
]]></system-out>
  </testcase>
  <testcase name="testGetShort01" classname="org.postgresql.test.jdbc3.Jdbc3CallableStatementTest" time="0">
    <error type="java.lang.NullPointerException:">java.lang.NullPointerException: null
	at org.postgresql.test.jdbc3.Jdbc3CallableStatementTest.tearDown(Jdbc3CallableStatementTest.java:91)
</error>
  </testcase>
  <testcase name="testAllInOut" classname="org.postgresql.test.jdbc3.Jdbc3CallableStatementTest" time="0">
    <error message="Connection to localhost:5432 refused. Check that the hostname and port are correct and that the postmaster is accepting TCP/IP connections." type="org.postgresql.util.PSQLException"><![CDATA[org.postgresql.util.PSQLException: Connection to localhost:5432 refused. Check that the hostname and port are correct and that the postmaster is accepting TCP/IP connections.
	at java.net.PlainSocketImpl.socketConnect(Native Method)
	at java.net.AbstractPlainSocketImpl.doConnect(AbstractPlainSocketImpl.java:350)
	at java.net.AbstractPlainSocketImpl.connectToAddress(AbstractPlainSocketImpl.java:206)
	at java.net.AbstractPlainSocketImpl.connect(AbstractPlainSocketImpl.java:188)
	at java.net.SocksSocketImpl.connect(SocksSocketImpl.java:392)
	at java.net.Socket.connect(Socket.java:589)
	at org.postgresql.core.PGStream.<init>(PGStream.java:69)
	at org.postgresql.core.v3.ConnectionFactoryImpl.openConnectionImpl(ConnectionFactoryImpl.java:156)
	at org.postgresql.core.ConnectionFactory.openConnection(ConnectionFactory.java:49)
	at org.postgresql.jdbc.PgConnection.<init>(PgConnection.java:195)
	at org.postgresql.Driver.makeConnection(Driver.java:454)
	at org.postgresql.Driver.connect(Driver.java:256)
	at java.sql.DriverManager.getConnection(DriverManager.java:664)
	at java.sql.DriverManager.getConnection(DriverManager.java:208)
	at org.postgresql.test.TestUtil.openDB(TestUtil.java:312)
	at org.postgresql.test.jdbc2.BaseTest4.setUp(BaseTest4.java:83)
	at org.postgresql.test.jdbc3.Jdbc3CallableStatementTest.setUp(Jdbc3CallableStatementTest.java:35)
]]></error>
  </testcase>
  <testcase name="testAllInOut" classname="org.postgresql.test.jdbc3.Jdbc3CallableStatementTest" time="0">
    <error type="java.lang.NullPointerException:">java.lang.NullPointerException: null
	at org.postgresql.test.jdbc3.Jdbc3CallableStatementTest.tearDown(Jdbc3CallableStatementTest.java:91)
</error>
  </testcase>
  <testcase name="testGetInt01" classname="org.postgresql.test.jdbc3.Jdbc3CallableStatementTest" time="0">
    <error message="Connection to localhost:5432 refused. Check that the hostname and port are correct and that the postmaster is accepting TCP/IP connections." type="org.postgresql.util.PSQLException"><![CDATA[org.postgresql.util.PSQLException: Connection to localhost:5432 refused. Check that the hostname and port are correct and that the postmaster is accepting TCP/IP connections.
	at java.net.PlainSocketImpl.socketConnect(Native Method)
	at java.net.AbstractPlainSocketImpl.doConnect(AbstractPlainSocketImpl.java:350)
	at java.net.AbstractPlainSocketImpl.connectToAddress(AbstractPlainSocketImpl.java:206)
	at java.net.AbstractPlainSocketImpl.connect(AbstractPlainSocketImpl.java:188)
	at java.net.SocksSocketImpl.connect(SocksSocketImpl.java:392)
	at java.net.Socket.connect(Socket.java:589)
	at org.postgresql.core.PGStream.<init>(PGStream.java:69)
	at org.postgresql.core.v3.ConnectionFactoryImpl.openConnectionImpl(ConnectionFactoryImpl.java:156)
	at org.postgresql.core.ConnectionFactory.openConnection(ConnectionFactory.java:49)
	at org.postgresql.jdbc.PgConnection.<init>(PgConnection.java:195)
	at org.postgresql.Driver.makeConnection(Driver.java:454)
	at org.postgresql.Driver.connect(Driver.java:256)
	at java.sql.DriverManager.getConnection(DriverManager.java:664)
	at java.sql.DriverManager.getConnection(DriverManager.java:208)
	at org.postgresql.test.TestUtil.openDB(TestUtil.java:312)
	at org.postgresql.test.jdbc2.BaseTest4.setUp(BaseTest4.java:83)
	at org.postgresql.test.jdbc3.Jdbc3CallableStatementTest.setUp(Jdbc3CallableStatementTest.java:35)
]]></error>
  </testcase>
  <testcase name="testGetInt01" classname="org.postgresql.test.jdbc3.Jdbc3CallableStatementTest" time="0">
    <error type="java.lang.NullPointerException:">java.lang.NullPointerException: null
	at org.postgresql.test.jdbc3.Jdbc3CallableStatementTest.tearDown(Jdbc3CallableStatementTest.java:91)
</error>
  </testcase>
  <testcase name="testProcedureNoParametersWithoutParentheses" classname="org.postgresql.test.jdbc3.Jdbc3CallableStatementTest" time="0">
    <error message="Connection to localhost:5432 refused. Check that the hostname and port are correct and that the postmaster is accepting TCP/IP connections." type="org.postgresql.util.PSQLException"><![CDATA[org.postgresql.util.PSQLException: Connection to localhost:5432 refused. Check that the hostname and port are correct and that the postmaster is accepting TCP/IP connections.
	at java.net.PlainSocketImpl.socketConnect(Native Method)
	at java.net.AbstractPlainSocketImpl.doConnect(AbstractPlainSocketImpl.java:350)
	at java.net.AbstractPlainSocketImpl.connectToAddress(AbstractPlainSocketImpl.java:206)
	at java.net.AbstractPlainSocketImpl.connect(AbstractPlainSocketImpl.java:188)
	at java.net.SocksSocketImpl.connect(SocksSocketImpl.java:392)
	at java.net.Socket.connect(Socket.java:589)
	at org.postgresql.core.PGStream.<init>(PGStream.java:69)
	at org.postgresql.core.v3.ConnectionFactoryImpl.openConnectionImpl(ConnectionFactoryImpl.java:156)
	at org.postgresql.core.ConnectionFactory.openConnection(ConnectionFactory.java:49)
	at org.postgresql.jdbc.PgConnection.<init>(PgConnection.java:195)
	at org.postgresql.Driver.makeConnection(Driver.java:454)
	at org.postgresql.Driver.connect(Driver.java:256)
	at java.sql.DriverManager.getConnection(DriverManager.java:664)
	at java.sql.DriverManager.getConnection(DriverManager.java:208)
	at org.postgresql.test.TestUtil.openDB(TestUtil.java:312)
	at org.postgresql.test.jdbc2.BaseTest4.setUp(BaseTest4.java:83)
	at org.postgresql.test.jdbc3.Jdbc3CallableStatementTest.setUp(Jdbc3CallableStatementTest.java:35)
]]></error>
  </testcase>
  <testcase name="testProcedureNoParametersWithoutParentheses" classname="org.postgresql.test.jdbc3.Jdbc3CallableStatementTest" time="0">
    <error type="java.lang.NullPointerException:">java.lang.NullPointerException: null
	at org.postgresql.test.jdbc3.Jdbc3CallableStatementTest.tearDown(Jdbc3CallableStatementTest.java:91)
</error>
  </testcase>
  <testcase name="testGetDouble01" classname="org.postgresql.test.jdbc3.Jdbc3CallableStatementTest" time="0">
    <error message="Connection to localhost:5432 refused. Check that the hostname and port are correct and that the postmaster is accepting TCP/IP connections." type="org.postgresql.util.PSQLException"><![CDATA[org.postgresql.util.PSQLException: Connection to localhost:5432 refused. Check that the hostname and port are correct and that the postmaster is accepting TCP/IP connections.
	at java.net.PlainSocketImpl.socketConnect(Native Method)
	at java.net.AbstractPlainSocketImpl.doConnect(AbstractPlainSocketImpl.java:350)
	at java.net.AbstractPlainSocketImpl.connectToAddress(AbstractPlainSocketImpl.java:206)
	at java.net.AbstractPlainSocketImpl.connect(AbstractPlainSocketImpl.java:188)
	at java.net.SocksSocketImpl.connect(SocksSocketImpl.java:392)
	at java.net.Socket.connect(Socket.java:589)
	at org.postgresql.core.PGStream.<init>(PGStream.java:69)
	at org.postgresql.core.v3.ConnectionFactoryImpl.openConnectionImpl(ConnectionFactoryImpl.java:156)
	at org.postgresql.core.ConnectionFactory.openConnection(ConnectionFactory.java:49)
	at org.postgresql.jdbc.PgConnection.<init>(PgConnection.java:195)
	at org.postgresql.Driver.makeConnection(Driver.java:454)
	at org.postgresql.Driver.connect(Driver.java:256)
	at java.sql.DriverManager.getConnection(DriverManager.java:664)
	at java.sql.DriverManager.getConnection(DriverManager.java:208)
	at org.postgresql.test.TestUtil.openDB(TestUtil.java:312)
	at org.postgresql.test.jdbc2.BaseTest4.setUp(BaseTest4.java:83)
	at org.postgresql.test.jdbc3.Jdbc3CallableStatementTest.setUp(Jdbc3CallableStatementTest.java:35)
]]></error>
  </testcase>
  <testcase name="testGetDouble01" classname="org.postgresql.test.jdbc3.Jdbc3CallableStatementTest" time="0">
    <error type="java.lang.NullPointerException:">java.lang.NullPointerException: null
	at org.postgresql.test.jdbc3.Jdbc3CallableStatementTest.tearDown(Jdbc3CallableStatementTest.java:91)
</error>
  </testcase>
  <testcase name="testSum" classname="org.postgresql.test.jdbc3.Jdbc3CallableStatementTest" time="0">
    <error message="Connection to localhost:5432 refused. Check that the hostname and port are correct and that the postmaster is accepting TCP/IP connections." type="org.postgresql.util.PSQLException"><![CDATA[org.postgresql.util.PSQLException: Connection to localhost:5432 refused. Check that the hostname and port are correct and that the postmaster is accepting TCP/IP connections.
	at java.net.PlainSocketImpl.socketConnect(Native Method)
	at java.net.AbstractPlainSocketImpl.doConnect(AbstractPlainSocketImpl.java:350)
	at java.net.AbstractPlainSocketImpl.connectToAddress(AbstractPlainSocketImpl.java:206)
	at java.net.AbstractPlainSocketImpl.connect(AbstractPlainSocketImpl.java:188)
	at java.net.SocksSocketImpl.connect(SocksSocketImpl.java:392)
	at java.net.Socket.connect(Socket.java:589)
	at org.postgresql.core.PGStream.<init>(PGStream.java:69)
	at org.postgresql.core.v3.ConnectionFactoryImpl.openConnectionImpl(ConnectionFactoryImpl.java:156)
	at org.postgresql.core.ConnectionFactory.openConnection(ConnectionFactory.java:49)
	at org.postgresql.jdbc.PgConnection.<init>(PgConnection.java:195)
	at org.postgresql.Driver.makeConnection(Driver.java:454)
	at org.postgresql.Driver.connect(Driver.java:256)
	at java.sql.DriverManager.getConnection(DriverManager.java:664)
	at java.sql.DriverManager.getConnection(DriverManager.java:208)
	at org.postgresql.test.TestUtil.openDB(TestUtil.java:312)
	at org.postgresql.test.jdbc2.BaseTest4.setUp(BaseTest4.java:83)
	at org.postgresql.test.jdbc3.Jdbc3CallableStatementTest.setUp(Jdbc3CallableStatementTest.java:35)
]]></error>
  </testcase>
  <testcase name="testSum" classname="org.postgresql.test.jdbc3.Jdbc3CallableStatementTest" time="0">
    <error type="java.lang.NullPointerException:">java.lang.NullPointerException: null
	at org.postgresql.test.jdbc3.Jdbc3CallableStatementTest.tearDown(Jdbc3CallableStatementTest.java:91)
</error>
  </testcase>
  <testcase name="testGetBoolean01" classname="org.postgresql.test.jdbc3.Jdbc3CallableStatementTest" time="0">
    <error message="Connection to localhost:5432 refused. Check that the hostname and port are correct and that the postmaster is accepting TCP/IP connections." type="org.postgresql.util.PSQLException"><![CDATA[org.postgresql.util.PSQLException: Connection to localhost:5432 refused. Check that the hostname and port are correct and that the postmaster is accepting TCP/IP connections.
	at java.net.PlainSocketImpl.socketConnect(Native Method)
	at java.net.AbstractPlainSocketImpl.doConnect(AbstractPlainSocketImpl.java:350)
	at java.net.AbstractPlainSocketImpl.connectToAddress(AbstractPlainSocketImpl.java:206)
	at java.net.AbstractPlainSocketImpl.connect(AbstractPlainSocketImpl.java:188)
	at java.net.SocksSocketImpl.connect(SocksSocketImpl.java:392)
	at java.net.Socket.connect(Socket.java:589)
	at org.postgresql.core.PGStream.<init>(PGStream.java:69)
	at org.postgresql.core.v3.ConnectionFactoryImpl.openConnectionImpl(ConnectionFactoryImpl.java:156)
	at org.postgresql.core.ConnectionFactory.openConnection(ConnectionFactory.java:49)
	at org.postgresql.jdbc.PgConnection.<init>(PgConnection.java:195)
	at org.postgresql.Driver.makeConnection(Driver.java:454)
	at org.postgresql.Driver.connect(Driver.java:256)
	at java.sql.DriverManager.getConnection(DriverManager.java:664)
	at java.sql.DriverManager.getConnection(DriverManager.java:208)
	at org.postgresql.test.TestUtil.openDB(TestUtil.java:312)
	at org.postgresql.test.jdbc2.BaseTest4.setUp(BaseTest4.java:83)
	at org.postgresql.test.jdbc3.Jdbc3CallableStatementTest.setUp(Jdbc3CallableStatementTest.java:35)
]]></error>
  </testcase>
  <testcase name="testGetBoolean01" classname="org.postgresql.test.jdbc3.Jdbc3CallableStatementTest" time="0">
    <error type="java.lang.NullPointerException:">java.lang.NullPointerException: null
	at org.postgresql.test.jdbc3.Jdbc3CallableStatementTest.tearDown(Jdbc3CallableStatementTest.java:91)
</error>
  </testcase>
  <testcase name="testInOut" classname="org.postgresql.test.jdbc3.Jdbc3CallableStatementTest" time="0">
    <error message="Connection to localhost:5432 refused. Check that the hostname and port are correct and that the postmaster is accepting TCP/IP connections." type="org.postgresql.util.PSQLException"><![CDATA[org.postgresql.util.PSQLException: Connection to localhost:5432 refused. Check that the hostname and port are correct and that the postmaster is accepting TCP/IP connections.
	at java.net.PlainSocketImpl.socketConnect(Native Method)
	at java.net.AbstractPlainSocketImpl.doConnect(AbstractPlainSocketImpl.java:350)
	at java.net.AbstractPlainSocketImpl.connectToAddress(AbstractPlainSocketImpl.java:206)
	at java.net.AbstractPlainSocketImpl.connect(AbstractPlainSocketImpl.java:188)
	at java.net.SocksSocketImpl.connect(SocksSocketImpl.java:392)
	at java.net.Socket.connect(Socket.java:589)
	at org.postgresql.core.PGStream.<init>(PGStream.java:69)
	at org.postgresql.core.v3.ConnectionFactoryImpl.openConnectionImpl(ConnectionFactoryImpl.java:156)
	at org.postgresql.core.ConnectionFactory.openConnection(ConnectionFactory.java:49)
	at org.postgresql.jdbc.PgConnection.<init>(PgConnection.java:195)
	at org.postgresql.Driver.makeConnection(Driver.java:454)
	at org.postgresql.Driver.connect(Driver.java:256)
	at java.sql.DriverManager.getConnection(DriverManager.java:664)
	at java.sql.DriverManager.getConnection(DriverManager.java:208)
	at org.postgresql.test.TestUtil.openDB(TestUtil.java:312)
	at org.postgresql.test.jdbc2.BaseTest4.setUp(BaseTest4.java:83)
	at org.postgresql.test.jdbc3.Jdbc3CallableStatementTest.setUp(Jdbc3CallableStatementTest.java:35)
]]></error>
  </testcase>
  <testcase name="testInOut" classname="org.postgresql.test.jdbc3.Jdbc3CallableStatementTest" time="0">
    <error type="java.lang.NullPointerException:">java.lang.NullPointerException: null
	at org.postgresql.test.jdbc3.Jdbc3CallableStatementTest.tearDown(Jdbc3CallableStatementTest.java:91)
</error>
  </testcase>
  <testcase name="testFunctionNoParametersWithParentheses" classname="org.postgresql.test.jdbc3.Jdbc3CallableStatementTest" time="0">
    <error message="Connection to localhost:5432 refused. Check that the hostname and port are correct and that the postmaster is accepting TCP/IP connections." type="org.postgresql.util.PSQLException"><![CDATA[org.postgresql.util.PSQLException: Connection to localhost:5432 refused. Check that the hostname and port are correct and that the postmaster is accepting TCP/IP connections.
	at java.net.PlainSocketImpl.socketConnect(Native Method)
	at java.net.AbstractPlainSocketImpl.doConnect(AbstractPlainSocketImpl.java:350)
	at java.net.AbstractPlainSocketImpl.connectToAddress(AbstractPlainSocketImpl.java:206)
	at java.net.AbstractPlainSocketImpl.connect(AbstractPlainSocketImpl.java:188)
	at java.net.SocksSocketImpl.connect(SocksSocketImpl.java:392)
	at java.net.Socket.connect(Socket.java:589)
	at org.postgresql.core.PGStream.<init>(PGStream.java:69)
	at org.postgresql.core.v3.ConnectionFactoryImpl.openConnectionImpl(ConnectionFactoryImpl.java:156)
	at org.postgresql.core.ConnectionFactory.openConnection(ConnectionFactory.java:49)
	at org.postgresql.jdbc.PgConnection.<init>(PgConnection.java:195)
	at org.postgresql.Driver.makeConnection(Driver.java:454)
	at org.postgresql.Driver.connect(Driver.java:256)
	at java.sql.DriverManager.getConnection(DriverManager.java:664)
	at java.sql.DriverManager.getConnection(DriverManager.java:208)
	at org.postgresql.test.TestUtil.openDB(TestUtil.java:312)
	at org.postgresql.test.jdbc2.BaseTest4.setUp(BaseTest4.java:83)
	at org.postgresql.test.jdbc3.Jdbc3CallableStatementTest.setUp(Jdbc3CallableStatementTest.java:35)
]]></error>
  </testcase>
  <testcase name="testFunctionNoParametersWithParentheses" classname="org.postgresql.test.jdbc3.Jdbc3CallableStatementTest" time="0">
    <error type="java.lang.NullPointerException:">java.lang.NullPointerException: null
	at org.postgresql.test.jdbc3.Jdbc3CallableStatementTest.tearDown(Jdbc3CallableStatementTest.java:91)
</error>
  </testcase>
  <testcase name="testUpdateReal" classname="org.postgresql.test.jdbc3.Jdbc3CallableStatementTest" time="0">
    <error message="Connection to localhost:5432 refused. Check that the hostname and port are correct and that the postmaster is accepting TCP/IP connections." type="org.postgresql.util.PSQLException"><![CDATA[org.postgresql.util.PSQLException: Connection to localhost:5432 refused. Check that the hostname and port are correct and that the postmaster is accepting TCP/IP connections.
	at java.net.PlainSocketImpl.socketConnect(Native Method)
	at java.net.AbstractPlainSocketImpl.doConnect(AbstractPlainSocketImpl.java:350)
	at java.net.AbstractPlainSocketImpl.connectToAddress(AbstractPlainSocketImpl.java:206)
	at java.net.AbstractPlainSocketImpl.connect(AbstractPlainSocketImpl.java:188)
	at java.net.SocksSocketImpl.connect(SocksSocketImpl.java:392)
	at java.net.Socket.connect(Socket.java:589)
	at org.postgresql.core.PGStream.<init>(PGStream.java:69)
	at org.postgresql.core.v3.ConnectionFactoryImpl.openConnectionImpl(ConnectionFactoryImpl.java:156)
	at org.postgresql.core.ConnectionFactory.openConnection(ConnectionFactory.java:49)
	at org.postgresql.jdbc.PgConnection.<init>(PgConnection.java:195)
	at org.postgresql.Driver.makeConnection(Driver.java:454)
	at org.postgresql.Driver.connect(Driver.java:256)
	at java.sql.DriverManager.getConnection(DriverManager.java:664)
	at java.sql.DriverManager.getConnection(DriverManager.java:208)
	at org.postgresql.test.TestUtil.openDB(TestUtil.java:312)
	at org.postgresql.test.jdbc2.BaseTest4.setUp(BaseTest4.java:83)
	at org.postgresql.test.jdbc3.Jdbc3CallableStatementTest.setUp(Jdbc3CallableStatementTest.java:35)
]]></error>
  </testcase>
  <testcase name="testUpdateReal" classname="org.postgresql.test.jdbc3.Jdbc3CallableStatementTest" time="0">
    <error type="java.lang.NullPointerException:">java.lang.NullPointerException: null
	at org.postgresql.test.jdbc3.Jdbc3CallableStatementTest.tearDown(Jdbc3CallableStatementTest.java:91)
</error>
  </testcase>
  <testcase name="testSomeInOut" classname="org.postgresql.test.jdbc3.Jdbc3CallableStatementTest" time="0">
    <error message="Connection to localhost:5432 refused. Check that the hostname and port are correct and that the postmaster is accepting TCP/IP connections." type="org.postgresql.util.PSQLException"><![CDATA[org.postgresql.util.PSQLException: Connection to localhost:5432 refused. Check that the hostname and port are correct and that the postmaster is accepting TCP/IP connections.
	at java.net.PlainSocketImpl.socketConnect(Native Method)
	at java.net.AbstractPlainSocketImpl.doConnect(AbstractPlainSocketImpl.java:350)
	at java.net.AbstractPlainSocketImpl.connectToAddress(AbstractPlainSocketImpl.java:206)
	at java.net.AbstractPlainSocketImpl.connect(AbstractPlainSocketImpl.java:188)
	at java.net.SocksSocketImpl.connect(SocksSocketImpl.java:392)
	at java.net.Socket.connect(Socket.java:589)
	at org.postgresql.core.PGStream.<init>(PGStream.java:69)
	at org.postgresql.core.v3.ConnectionFactoryImpl.openConnectionImpl(ConnectionFactoryImpl.java:156)
	at org.postgresql.core.ConnectionFactory.openConnection(ConnectionFactory.java:49)
	at org.postgresql.jdbc.PgConnection.<init>(PgConnection.java:195)
	at org.postgresql.Driver.makeConnection(Driver.java:454)
	at org.postgresql.Driver.connect(Driver.java:256)
	at java.sql.DriverManager.getConnection(DriverManager.java:664)
	at java.sql.DriverManager.getConnection(DriverManager.java:208)
	at org.postgresql.test.TestUtil.openDB(TestUtil.java:312)
	at org.postgresql.test.jdbc2.BaseTest4.setUp(BaseTest4.java:83)
	at org.postgresql.test.jdbc3.Jdbc3CallableStatementTest.setUp(Jdbc3CallableStatementTest.java:35)
]]></error>
  </testcase>
  <testcase name="testSomeInOut" classname="org.postgresql.test.jdbc3.Jdbc3CallableStatementTest" time="0">
    <error type="java.lang.NullPointerException:">java.lang.NullPointerException: null
	at org.postgresql.test.jdbc3.Jdbc3CallableStatementTest.tearDown(Jdbc3CallableStatementTest.java:91)
</error>
  </testcase>
  <testcase name="testGetObjectDecimal" classname="org.postgresql.test.jdbc3.Jdbc3CallableStatementTest" time="0">
    <error message="Connection to localhost:5432 refused. Check that the hostname and port are correct and that the postmaster is accepting TCP/IP connections." type="org.postgresql.util.PSQLException"><![CDATA[org.postgresql.util.PSQLException: Connection to localhost:5432 refused. Check that the hostname and port are correct and that the postmaster is accepting TCP/IP connections.
	at java.net.PlainSocketImpl.socketConnect(Native Method)
	at java.net.AbstractPlainSocketImpl.doConnect(AbstractPlainSocketImpl.java:350)
	at java.net.AbstractPlainSocketImpl.connectToAddress(AbstractPlainSocketImpl.java:206)
	at java.net.AbstractPlainSocketImpl.connect(AbstractPlainSocketImpl.java:188)
	at java.net.SocksSocketImpl.connect(SocksSocketImpl.java:392)
	at java.net.Socket.connect(Socket.java:589)
	at org.postgresql.core.PGStream.<init>(PGStream.java:69)
	at org.postgresql.core.v3.ConnectionFactoryImpl.openConnectionImpl(ConnectionFactoryImpl.java:156)
	at org.postgresql.core.ConnectionFactory.openConnection(ConnectionFactory.java:49)
	at org.postgresql.jdbc.PgConnection.<init>(PgConnection.java:195)
	at org.postgresql.Driver.makeConnection(Driver.java:454)
	at org.postgresql.Driver.connect(Driver.java:256)
	at java.sql.DriverManager.getConnection(DriverManager.java:664)
	at java.sql.DriverManager.getConnection(DriverManager.java:208)
	at org.postgresql.test.TestUtil.openDB(TestUtil.java:312)
	at org.postgresql.test.jdbc2.BaseTest4.setUp(BaseTest4.java:83)
	at org.postgresql.test.jdbc3.Jdbc3CallableStatementTest.setUp(Jdbc3CallableStatementTest.java:35)
]]></error>
  </testcase>
  <testcase name="testGetObjectDecimal" classname="org.postgresql.test.jdbc3.Jdbc3CallableStatementTest" time="0">
    <error type="java.lang.NullPointerException:">java.lang.NullPointerException: null
	at org.postgresql.test.jdbc3.Jdbc3CallableStatementTest.tearDown(Jdbc3CallableStatementTest.java:91)
</error>
  </testcase>
  <testcase name="testMultipleOutExecutions" classname="org.postgresql.test.jdbc3.Jdbc3CallableStatementTest" time="0">
    <error message="Connection to localhost:5432 refused. Check that the hostname and port are correct and that the postmaster is accepting TCP/IP connections." type="org.postgresql.util.PSQLException"><![CDATA[org.postgresql.util.PSQLException: Connection to localhost:5432 refused. Check that the hostname and port are correct and that the postmaster is accepting TCP/IP connections.
	at java.net.PlainSocketImpl.socketConnect(Native Method)
	at java.net.AbstractPlainSocketImpl.doConnect(AbstractPlainSocketImpl.java:350)
	at java.net.AbstractPlainSocketImpl.connectToAddress(AbstractPlainSocketImpl.java:206)
	at java.net.AbstractPlainSocketImpl.connect(AbstractPlainSocketImpl.java:188)
	at java.net.SocksSocketImpl.connect(SocksSocketImpl.java:392)
	at java.net.Socket.connect(Socket.java:589)
	at org.postgresql.core.PGStream.<init>(PGStream.java:69)
	at org.postgresql.core.v3.ConnectionFactoryImpl.openConnectionImpl(ConnectionFactoryImpl.java:156)
	at org.postgresql.core.ConnectionFactory.openConnection(ConnectionFactory.java:49)
	at org.postgresql.jdbc.PgConnection.<init>(PgConnection.java:195)
	at org.postgresql.Driver.makeConnection(Driver.java:454)
	at org.postgresql.Driver.connect(Driver.java:256)
	at java.sql.DriverManager.getConnection(DriverManager.java:664)
	at java.sql.DriverManager.getConnection(DriverManager.java:208)
	at org.postgresql.test.TestUtil.openDB(TestUtil.java:312)
	at org.postgresql.test.jdbc2.BaseTest4.setUp(BaseTest4.java:83)
	at org.postgresql.test.jdbc3.Jdbc3CallableStatementTest.setUp(Jdbc3CallableStatementTest.java:35)
]]></error>
  </testcase>
  <testcase name="testMultipleOutExecutions" classname="org.postgresql.test.jdbc3.Jdbc3CallableStatementTest" time="0">
    <error type="java.lang.NullPointerException:">java.lang.NullPointerException: null
	at org.postgresql.test.jdbc3.Jdbc3CallableStatementTest.tearDown(Jdbc3CallableStatementTest.java:91)
</error>
  </testcase>
  <testcase name="testProcedureNoParametersWithParentheses" classname="org.postgresql.test.jdbc3.Jdbc3CallableStatementTest" time="0">
    <error message="Connection to localhost:5432 refused. Check that the hostname and port are correct and that the postmaster is accepting TCP/IP connections." type="org.postgresql.util.PSQLException"><![CDATA[org.postgresql.util.PSQLException: Connection to localhost:5432 refused. Check that the hostname and port are correct and that the postmaster is accepting TCP/IP connections.
	at java.net.PlainSocketImpl.socketConnect(Native Method)
	at java.net.AbstractPlainSocketImpl.doConnect(AbstractPlainSocketImpl.java:350)
	at java.net.AbstractPlainSocketImpl.connectToAddress(AbstractPlainSocketImpl.java:206)
	at java.net.AbstractPlainSocketImpl.connect(AbstractPlainSocketImpl.java:188)
	at java.net.SocksSocketImpl.connect(SocksSocketImpl.java:392)
	at java.net.Socket.connect(Socket.java:589)
	at org.postgresql.core.PGStream.<init>(PGStream.java:69)
	at org.postgresql.core.v3.ConnectionFactoryImpl.openConnectionImpl(ConnectionFactoryImpl.java:156)
	at org.postgresql.core.ConnectionFactory.openConnection(ConnectionFactory.java:49)
	at org.postgresql.jdbc.PgConnection.<init>(PgConnection.java:195)
	at org.postgresql.Driver.makeConnection(Driver.java:454)
	at org.postgresql.Driver.connect(Driver.java:256)
	at java.sql.DriverManager.getConnection(DriverManager.java:664)
	at java.sql.DriverManager.getConnection(DriverManager.java:208)
	at org.postgresql.test.TestUtil.openDB(TestUtil.java:312)
	at org.postgresql.test.jdbc2.BaseTest4.setUp(BaseTest4.java:83)
	at org.postgresql.test.jdbc3.Jdbc3CallableStatementTest.setUp(Jdbc3CallableStatementTest.java:35)
]]></error>
  </testcase>
  <testcase name="testProcedureNoParametersWithParentheses" classname="org.postgresql.test.jdbc3.Jdbc3CallableStatementTest" time="0">
    <error type="java.lang.NullPointerException:">java.lang.NullPointerException: null
	at org.postgresql.test.jdbc3.Jdbc3CallableStatementTest.tearDown(Jdbc3CallableStatementTest.java:91)
</error>
  </testcase>
  <testcase name="testGetBytes01" classname="org.postgresql.test.jdbc3.Jdbc3CallableStatementTest" time="0">
    <error message="Connection to localhost:5432 refused. Check that the hostname and port are correct and that the postmaster is accepting TCP/IP connections." type="org.postgresql.util.PSQLException"><![CDATA[org.postgresql.util.PSQLException: Connection to localhost:5432 refused. Check that the hostname and port are correct and that the postmaster is accepting TCP/IP connections.
	at java.net.PlainSocketImpl.socketConnect(Native Method)
	at java.net.AbstractPlainSocketImpl.doConnect(AbstractPlainSocketImpl.java:350)
	at java.net.AbstractPlainSocketImpl.connectToAddress(AbstractPlainSocketImpl.java:206)
	at java.net.AbstractPlainSocketImpl.connect(AbstractPlainSocketImpl.java:188)
	at java.net.SocksSocketImpl.connect(SocksSocketImpl.java:392)
	at java.net.Socket.connect(Socket.java:589)
	at org.postgresql.core.PGStream.<init>(PGStream.java:69)
	at org.postgresql.core.v3.ConnectionFactoryImpl.openConnectionImpl(ConnectionFactoryImpl.java:156)
	at org.postgresql.core.ConnectionFactory.openConnection(ConnectionFactory.java:49)
	at org.postgresql.jdbc.PgConnection.<init>(PgConnection.java:195)
	at org.postgresql.Driver.makeConnection(Driver.java:454)
	at org.postgresql.Driver.connect(Driver.java:256)
	at java.sql.DriverManager.getConnection(DriverManager.java:664)
	at java.sql.DriverManager.getConnection(DriverManager.java:208)
	at org.postgresql.test.TestUtil.openDB(TestUtil.java:312)
	at org.postgresql.test.jdbc2.BaseTest4.setUp(BaseTest4.java:83)
	at org.postgresql.test.jdbc3.Jdbc3CallableStatementTest.setUp(Jdbc3CallableStatementTest.java:35)
]]></error>
  </testcase>
  <testcase name="testGetBytes01" classname="org.postgresql.test.jdbc3.Jdbc3CallableStatementTest" time="0">
    <error type="java.lang.NullPointerException:">java.lang.NullPointerException: null
	at org.postgresql.test.jdbc3.Jdbc3CallableStatementTest.tearDown(Jdbc3CallableStatementTest.java:91)
</error>
  </testcase>
  <testcase name="testGetBytes02" classname="org.postgresql.test.jdbc3.Jdbc3CallableStatementTest" time="0">
    <error message="Connection to localhost:5432 refused. Check that the hostname and port are correct and that the postmaster is accepting TCP/IP connections." type="org.postgresql.util.PSQLException"><![CDATA[org.postgresql.util.PSQLException: Connection to localhost:5432 refused. Check that the hostname and port are correct and that the postmaster is accepting TCP/IP connections.
	at java.net.PlainSocketImpl.socketConnect(Native Method)
	at java.net.AbstractPlainSocketImpl.doConnect(AbstractPlainSocketImpl.java:350)
	at java.net.AbstractPlainSocketImpl.connectToAddress(AbstractPlainSocketImpl.java:206)
	at java.net.AbstractPlainSocketImpl.connect(AbstractPlainSocketImpl.java:188)
	at java.net.SocksSocketImpl.connect(SocksSocketImpl.java:392)
	at java.net.Socket.connect(Socket.java:589)
	at org.postgresql.core.PGStream.<init>(PGStream.java:69)
	at org.postgresql.core.v3.ConnectionFactoryImpl.openConnectionImpl(ConnectionFactoryImpl.java:156)
	at org.postgresql.core.ConnectionFactory.openConnection(ConnectionFactory.java:49)
	at org.postgresql.jdbc.PgConnection.<init>(PgConnection.java:195)
	at org.postgresql.Driver.makeConnection(Driver.java:454)
	at org.postgresql.Driver.connect(Driver.java:256)
	at java.sql.DriverManager.getConnection(DriverManager.java:664)
	at java.sql.DriverManager.getConnection(DriverManager.java:208)
	at org.postgresql.test.TestUtil.openDB(TestUtil.java:312)
	at org.postgresql.test.jdbc2.BaseTest4.setUp(BaseTest4.java:83)
	at org.postgresql.test.jdbc3.Jdbc3CallableStatementTest.setUp(Jdbc3CallableStatementTest.java:35)
]]></error>
  </testcase>
  <testcase name="testGetBytes02" classname="org.postgresql.test.jdbc3.Jdbc3CallableStatementTest" time="0">
    <error type="java.lang.NullPointerException:">java.lang.NullPointerException: null
	at org.postgresql.test.jdbc3.Jdbc3CallableStatementTest.tearDown(Jdbc3CallableStatementTest.java:91)
</error>
  </testcase>
  <testcase name="testGetByte01" classname="org.postgresql.test.jdbc3.Jdbc3CallableStatementTest" time="0">
    <error message="Connection to localhost:5432 refused. Check that the hostname and port are correct and that the postmaster is accepting TCP/IP connections." type="org.postgresql.util.PSQLException"><![CDATA[org.postgresql.util.PSQLException: Connection to localhost:5432 refused. Check that the hostname and port are correct and that the postmaster is accepting TCP/IP connections.
	at java.net.PlainSocketImpl.socketConnect(Native Method)
	at java.net.AbstractPlainSocketImpl.doConnect(AbstractPlainSocketImpl.java:350)
	at java.net.AbstractPlainSocketImpl.connectToAddress(AbstractPlainSocketImpl.java:206)
	at java.net.AbstractPlainSocketImpl.connect(AbstractPlainSocketImpl.java:188)
	at java.net.SocksSocketImpl.connect(SocksSocketImpl.java:392)
	at java.net.Socket.connect(Socket.java:589)
	at org.postgresql.core.PGStream.<init>(PGStream.java:69)
	at org.postgresql.core.v3.ConnectionFactoryImpl.openConnectionImpl(ConnectionFactoryImpl.java:156)
	at org.postgresql.core.ConnectionFactory.openConnection(ConnectionFactory.java:49)
	at org.postgresql.jdbc.PgConnection.<init>(PgConnection.java:195)
	at org.postgresql.Driver.makeConnection(Driver.java:454)
	at org.postgresql.Driver.connect(Driver.java:256)
	at java.sql.DriverManager.getConnection(DriverManager.java:664)
	at java.sql.DriverManager.getConnection(DriverManager.java:208)
	at org.postgresql.test.TestUtil.openDB(TestUtil.java:312)
	at org.postgresql.test.jdbc2.BaseTest4.setUp(BaseTest4.java:83)
	at org.postgresql.test.jdbc3.Jdbc3CallableStatementTest.setUp(Jdbc3CallableStatementTest.java:35)
]]></error>
  </testcase>
  <testcase name="testGetByte01" classname="org.postgresql.test.jdbc3.Jdbc3CallableStatementTest" time="0">
    <error type="java.lang.NullPointerException:">java.lang.NullPointerException: null
	at org.postgresql.test.jdbc3.Jdbc3CallableStatementTest.tearDown(Jdbc3CallableStatementTest.java:91)
</error>
  </testcase>
  <testcase name="testSetObjectBit" classname="org.postgresql.test.jdbc3.Jdbc3CallableStatementTest" time="0">
    <error message="Connection to localhost:5432 refused. Check that the hostname and port are correct and that the postmaster is accepting TCP/IP connections." type="org.postgresql.util.PSQLException"><![CDATA[org.postgresql.util.PSQLException: Connection to localhost:5432 refused. Check that the hostname and port are correct and that the postmaster is accepting TCP/IP connections.
	at java.net.PlainSocketImpl.socketConnect(Native Method)
	at java.net.AbstractPlainSocketImpl.doConnect(AbstractPlainSocketImpl.java:350)
	at java.net.AbstractPlainSocketImpl.connectToAddress(AbstractPlainSocketImpl.java:206)
	at java.net.AbstractPlainSocketImpl.connect(AbstractPlainSocketImpl.java:188)
	at java.net.SocksSocketImpl.connect(SocksSocketImpl.java:392)
	at java.net.Socket.connect(Socket.java:589)
	at org.postgresql.core.PGStream.<init>(PGStream.java:69)
	at org.postgresql.core.v3.ConnectionFactoryImpl.openConnectionImpl(ConnectionFactoryImpl.java:156)
	at org.postgresql.core.ConnectionFactory.openConnection(ConnectionFactory.java:49)
	at org.postgresql.jdbc.PgConnection.<init>(PgConnection.java:195)
	at org.postgresql.Driver.makeConnection(Driver.java:454)
	at org.postgresql.Driver.connect(Driver.java:256)
	at java.sql.DriverManager.getConnection(DriverManager.java:664)
	at java.sql.DriverManager.getConnection(DriverManager.java:208)
	at org.postgresql.test.TestUtil.openDB(TestUtil.java:312)
	at org.postgresql.test.jdbc2.BaseTest4.setUp(BaseTest4.java:83)
	at org.postgresql.test.jdbc3.Jdbc3CallableStatementTest.setUp(Jdbc3CallableStatementTest.java:35)
]]></error>
  </testcase>
  <testcase name="testSetObjectBit" classname="org.postgresql.test.jdbc3.Jdbc3CallableStatementTest" time="0">
    <error type="java.lang.NullPointerException:">java.lang.NullPointerException: null
	at org.postgresql.test.jdbc3.Jdbc3CallableStatementTest.tearDown(Jdbc3CallableStatementTest.java:91)
</error>
  </testcase>
  <testcase name="testGetObjectFloat" classname="org.postgresql.test.jdbc3.Jdbc3CallableStatementTest" time="0">
    <error message="Connection to localhost:5432 refused. Check that the hostname and port are correct and that the postmaster is accepting TCP/IP connections." type="org.postgresql.util.PSQLException"><![CDATA[org.postgresql.util.PSQLException: Connection to localhost:5432 refused. Check that the hostname and port are correct and that the postmaster is accepting TCP/IP connections.
	at java.net.PlainSocketImpl.socketConnect(Native Method)
	at java.net.AbstractPlainSocketImpl.doConnect(AbstractPlainSocketImpl.java:350)
	at java.net.AbstractPlainSocketImpl.connectToAddress(AbstractPlainSocketImpl.java:206)
	at java.net.AbstractPlainSocketImpl.connect(AbstractPlainSocketImpl.java:188)
	at java.net.SocksSocketImpl.connect(SocksSocketImpl.java:392)
	at java.net.Socket.connect(Socket.java:589)
	at org.postgresql.core.PGStream.<init>(PGStream.java:69)
	at org.postgresql.core.v3.ConnectionFactoryImpl.openConnectionImpl(ConnectionFactoryImpl.java:156)
	at org.postgresql.core.ConnectionFactory.openConnection(ConnectionFactory.java:49)
	at org.postgresql.jdbc.PgConnection.<init>(PgConnection.java:195)
	at org.postgresql.Driver.makeConnection(Driver.java:454)
	at org.postgresql.Driver.connect(Driver.java:256)
	at java.sql.DriverManager.getConnection(DriverManager.java:664)
	at java.sql.DriverManager.getConnection(DriverManager.java:208)
	at org.postgresql.test.TestUtil.openDB(TestUtil.java:312)
	at org.postgresql.test.jdbc2.BaseTest4.setUp(BaseTest4.java:83)
	at org.postgresql.test.jdbc3.Jdbc3CallableStatementTest.setUp(Jdbc3CallableStatementTest.java:35)
]]></error>
  </testcase>
  <testcase name="testGetObjectFloat" classname="org.postgresql.test.jdbc3.Jdbc3CallableStatementTest" time="0">
    <error type="java.lang.NullPointerException:">java.lang.NullPointerException: null
	at org.postgresql.test.jdbc3.Jdbc3CallableStatementTest.tearDown(Jdbc3CallableStatementTest.java:91)
</error>
  </testcase>
  <testcase name="testNotEnoughParameters" classname="org.postgresql.test.jdbc3.Jdbc3CallableStatementTest" time="0">
    <error message="Connection to localhost:5432 refused. Check that the hostname and port are correct and that the postmaster is accepting TCP/IP connections." type="org.postgresql.util.PSQLException"><![CDATA[org.postgresql.util.PSQLException: Connection to localhost:5432 refused. Check that the hostname and port are correct and that the postmaster is accepting TCP/IP connections.
	at java.net.PlainSocketImpl.socketConnect(Native Method)
	at java.net.AbstractPlainSocketImpl.doConnect(AbstractPlainSocketImpl.java:350)
	at java.net.AbstractPlainSocketImpl.connectToAddress(AbstractPlainSocketImpl.java:206)
	at java.net.AbstractPlainSocketImpl.connect(AbstractPlainSocketImpl.java:188)
	at java.net.SocksSocketImpl.connect(SocksSocketImpl.java:392)
	at java.net.Socket.connect(Socket.java:589)
	at org.postgresql.core.PGStream.<init>(PGStream.java:69)
	at org.postgresql.core.v3.ConnectionFactoryImpl.openConnectionImpl(ConnectionFactoryImpl.java:156)
	at org.postgresql.core.ConnectionFactory.openConnection(ConnectionFactory.java:49)
	at org.postgresql.jdbc.PgConnection.<init>(PgConnection.java:195)
	at org.postgresql.Driver.makeConnection(Driver.java:454)
	at org.postgresql.Driver.connect(Driver.java:256)
	at java.sql.DriverManager.getConnection(DriverManager.java:664)
	at java.sql.DriverManager.getConnection(DriverManager.java:208)
	at org.postgresql.test.TestUtil.openDB(TestUtil.java:312)
	at org.postgresql.test.jdbc2.BaseTest4.setUp(BaseTest4.java:83)
	at org.postgresql.test.jdbc3.Jdbc3CallableStatementTest.setUp(Jdbc3CallableStatementTest.java:35)
]]></error>
  </testcase>
  <testcase name="testNotEnoughParameters" classname="org.postgresql.test.jdbc3.Jdbc3CallableStatementTest" time="0">
    <error type="java.lang.NullPointerException:">java.lang.NullPointerException: null
	at org.postgresql.test.jdbc3.Jdbc3CallableStatementTest.tearDown(Jdbc3CallableStatementTest.java:91)
</error>
  </testcase>
  <testcase name="testGetLong01" classname="org.postgresql.test.jdbc3.Jdbc3CallableStatementTest" time="0">
    <error message="Connection to localhost:5432 refused. Check that the hostname and port are correct and that the postmaster is accepting TCP/IP connections." type="org.postgresql.util.PSQLException"><![CDATA[org.postgresql.util.PSQLException: Connection to localhost:5432 refused. Check that the hostname and port are correct and that the postmaster is accepting TCP/IP connections.
	at java.net.PlainSocketImpl.socketConnect(Native Method)
	at java.net.AbstractPlainSocketImpl.doConnect(AbstractPlainSocketImpl.java:350)
	at java.net.AbstractPlainSocketImpl.connectToAddress(AbstractPlainSocketImpl.java:206)
	at java.net.AbstractPlainSocketImpl.connect(AbstractPlainSocketImpl.java:188)
	at java.net.SocksSocketImpl.connect(SocksSocketImpl.java:392)
	at java.net.Socket.connect(Socket.java:589)
	at org.postgresql.core.PGStream.<init>(PGStream.java:69)
	at org.postgresql.core.v3.ConnectionFactoryImpl.openConnectionImpl(ConnectionFactoryImpl.java:156)
	at org.postgresql.core.ConnectionFactory.openConnection(ConnectionFactory.java:49)
	at org.postgresql.jdbc.PgConnection.<init>(PgConnection.java:195)
	at org.postgresql.Driver.makeConnection(Driver.java:454)
	at org.postgresql.Driver.connect(Driver.java:256)
	at java.sql.DriverManager.getConnection(DriverManager.java:664)
	at java.sql.DriverManager.getConnection(DriverManager.java:208)
	at org.postgresql.test.TestUtil.openDB(TestUtil.java:312)
	at org.postgresql.test.jdbc2.BaseTest4.setUp(BaseTest4.java:83)
	at org.postgresql.test.jdbc3.Jdbc3CallableStatementTest.setUp(Jdbc3CallableStatementTest.java:35)
]]></error>
  </testcase>
  <testcase name="testGetLong01" classname="org.postgresql.test.jdbc3.Jdbc3CallableStatementTest" time="0">
    <error type="java.lang.NullPointerException:">java.lang.NullPointerException: null
	at org.postgresql.test.jdbc3.Jdbc3CallableStatementTest.tearDown(Jdbc3CallableStatementTest.java:91)
</error>
  </testcase>
  <testcase name="testTooManyParameters" classname="org.postgresql.test.jdbc3.Jdbc3CallableStatementTest" time="0">
    <error message="Connection to localhost:5432 refused. Check that the hostname and port are correct and that the postmaster is accepting TCP/IP connections." type="org.postgresql.util.PSQLException"><![CDATA[org.postgresql.util.PSQLException: Connection to localhost:5432 refused. Check that the hostname and port are correct and that the postmaster is accepting TCP/IP connections.
	at java.net.PlainSocketImpl.socketConnect(Native Method)
	at java.net.AbstractPlainSocketImpl.doConnect(AbstractPlainSocketImpl.java:350)
	at java.net.AbstractPlainSocketImpl.connectToAddress(AbstractPlainSocketImpl.java:206)
	at java.net.AbstractPlainSocketImpl.connect(AbstractPlainSocketImpl.java:188)
	at java.net.SocksSocketImpl.connect(SocksSocketImpl.java:392)
	at java.net.Socket.connect(Socket.java:589)
	at org.postgresql.core.PGStream.<init>(PGStream.java:69)
	at org.postgresql.core.v3.ConnectionFactoryImpl.openConnectionImpl(ConnectionFactoryImpl.java:156)
	at org.postgresql.core.ConnectionFactory.openConnection(ConnectionFactory.java:49)
	at org.postgresql.jdbc.PgConnection.<init>(PgConnection.java:195)
	at org.postgresql.Driver.makeConnection(Driver.java:454)
	at org.postgresql.Driver.connect(Driver.java:256)
	at java.sql.DriverManager.getConnection(DriverManager.java:664)
	at java.sql.DriverManager.getConnection(DriverManager.java:208)
	at org.postgresql.test.TestUtil.openDB(TestUtil.java:312)
	at org.postgresql.test.jdbc2.BaseTest4.setUp(BaseTest4.java:83)
	at org.postgresql.test.jdbc3.Jdbc3CallableStatementTest.setUp(Jdbc3CallableStatementTest.java:35)
]]></error>
  </testcase>
  <testcase name="testTooManyParameters" classname="org.postgresql.test.jdbc3.Jdbc3CallableStatementTest" time="0">
    <error type="java.lang.NullPointerException:">java.lang.NullPointerException: null
	at org.postgresql.test.jdbc3.Jdbc3CallableStatementTest.tearDown(Jdbc3CallableStatementTest.java:91)
</error>
  </testcase>
  <testcase name="testVarcharBool" classname="org.postgresql.test.jdbc3.Jdbc3CallableStatementTest" time="0">
    <error message="Connection to localhost:5432 refused. Check that the hostname and port are correct and that the postmaster is accepting TCP/IP connections." type="org.postgresql.util.PSQLException"><![CDATA[org.postgresql.util.PSQLException: Connection to localhost:5432 refused. Check that the hostname and port are correct and that the postmaster is accepting TCP/IP connections.
	at java.net.PlainSocketImpl.socketConnect(Native Method)
	at java.net.AbstractPlainSocketImpl.doConnect(AbstractPlainSocketImpl.java:350)
	at java.net.AbstractPlainSocketImpl.connectToAddress(AbstractPlainSocketImpl.java:206)
	at java.net.AbstractPlainSocketImpl.connect(AbstractPlainSocketImpl.java:188)
	at java.net.SocksSocketImpl.connect(SocksSocketImpl.java:392)
	at java.net.Socket.connect(Socket.java:589)
	at org.postgresql.core.PGStream.<init>(PGStream.java:69)
	at org.postgresql.core.v3.ConnectionFactoryImpl.openConnectionImpl(ConnectionFactoryImpl.java:156)
	at org.postgresql.core.ConnectionFactory.openConnection(ConnectionFactory.java:49)
	at org.postgresql.jdbc.PgConnection.<init>(PgConnection.java:195)
	at org.postgresql.Driver.makeConnection(Driver.java:454)
	at org.postgresql.Driver.connect(Driver.java:256)
	at java.sql.DriverManager.getConnection(DriverManager.java:664)
	at java.sql.DriverManager.getConnection(DriverManager.java:208)
	at org.postgresql.test.TestUtil.openDB(TestUtil.java:312)
	at org.postgresql.test.jdbc2.BaseTest4.setUp(BaseTest4.java:83)
	at org.postgresql.test.jdbc3.Jdbc3CallableStatementTest.setUp(Jdbc3CallableStatementTest.java:35)
]]></error>
  </testcase>
  <testcase name="testVarcharBool" classname="org.postgresql.test.jdbc3.Jdbc3CallableStatementTest" time="0">
    <error type="java.lang.NullPointerException:">java.lang.NullPointerException: null
	at org.postgresql.test.jdbc3.Jdbc3CallableStatementTest.tearDown(Jdbc3CallableStatementTest.java:91)
</error>
  </testcase>
  <testcase name="testFunctionNoParametersWithoutParentheses" classname="org.postgresql.test.jdbc3.Jdbc3CallableStatementTest" time="0">
    <error message="Connection to localhost:5432 refused. Check that the hostname and port are correct and that the postmaster is accepting TCP/IP connections." type="org.postgresql.util.PSQLException"><![CDATA[org.postgresql.util.PSQLException: Connection to localhost:5432 refused. Check that the hostname and port are correct and that the postmaster is accepting TCP/IP connections.
	at java.net.PlainSocketImpl.socketConnect(Native Method)
	at java.net.AbstractPlainSocketImpl.doConnect(AbstractPlainSocketImpl.java:350)
	at java.net.AbstractPlainSocketImpl.connectToAddress(AbstractPlainSocketImpl.java:206)
	at java.net.AbstractPlainSocketImpl.connect(AbstractPlainSocketImpl.java:188)
	at java.net.SocksSocketImpl.connect(SocksSocketImpl.java:392)
	at java.net.Socket.connect(Socket.java:589)
	at org.postgresql.core.PGStream.<init>(PGStream.java:69)
	at org.postgresql.core.v3.ConnectionFactoryImpl.openConnectionImpl(ConnectionFactoryImpl.java:156)
	at org.postgresql.core.ConnectionFactory.openConnection(ConnectionFactory.java:49)
	at org.postgresql.jdbc.PgConnection.<init>(PgConnection.java:195)
	at org.postgresql.Driver.makeConnection(Driver.java:454)
	at org.postgresql.Driver.connect(Driver.java:256)
	at java.sql.DriverManager.getConnection(DriverManager.java:664)
	at java.sql.DriverManager.getConnection(DriverManager.java:208)
	at org.postgresql.test.TestUtil.openDB(TestUtil.java:312)
	at org.postgresql.test.jdbc2.BaseTest4.setUp(BaseTest4.java:83)
	at org.postgresql.test.jdbc3.Jdbc3CallableStatementTest.setUp(Jdbc3CallableStatementTest.java:35)
]]></error>
  </testcase>
  <testcase name="testFunctionNoParametersWithoutParentheses" classname="org.postgresql.test.jdbc3.Jdbc3CallableStatementTest" time="0">
    <error type="java.lang.NullPointerException:">java.lang.NullPointerException: null
	at org.postgresql.test.jdbc3.Jdbc3CallableStatementTest.tearDown(Jdbc3CallableStatementTest.java:91)
</error>
  </testcase>
  <testcase name="testGetObjectLongVarchar" classname="org.postgresql.test.jdbc3.Jdbc3CallableStatementTest" time="0">
    <error message="Connection to localhost:5432 refused. Check that the hostname and port are correct and that the postmaster is accepting TCP/IP connections." type="org.postgresql.util.PSQLException"><![CDATA[org.postgresql.util.PSQLException: Connection to localhost:5432 refused. Check that the hostname and port are correct and that the postmaster is accepting TCP/IP connections.
	at java.net.PlainSocketImpl.socketConnect(Native Method)
	at java.net.AbstractPlainSocketImpl.doConnect(AbstractPlainSocketImpl.java:350)
	at java.net.AbstractPlainSocketImpl.connectToAddress(AbstractPlainSocketImpl.java:206)
	at java.net.AbstractPlainSocketImpl.connect(AbstractPlainSocketImpl.java:188)
	at java.net.SocksSocketImpl.connect(SocksSocketImpl.java:392)
	at java.net.Socket.connect(Socket.java:589)
	at org.postgresql.core.PGStream.<init>(PGStream.java:69)
	at org.postgresql.core.v3.ConnectionFactoryImpl.openConnectionImpl(ConnectionFactoryImpl.java:156)
	at org.postgresql.core.ConnectionFactory.openConnection(ConnectionFactory.java:49)
	at org.postgresql.jdbc.PgConnection.<init>(PgConnection.java:195)
	at org.postgresql.Driver.makeConnection(Driver.java:454)
	at org.postgresql.Driver.connect(Driver.java:256)
	at java.sql.DriverManager.getConnection(DriverManager.java:664)
	at java.sql.DriverManager.getConnection(DriverManager.java:208)
	at org.postgresql.test.TestUtil.openDB(TestUtil.java:312)
	at org.postgresql.test.jdbc2.BaseTest4.setUp(BaseTest4.java:83)
	at org.postgresql.test.jdbc3.Jdbc3CallableStatementTest.setUp(Jdbc3CallableStatementTest.java:35)
]]></error>
  </testcase>
  <testcase name="testGetObjectLongVarchar" classname="org.postgresql.test.jdbc3.Jdbc3CallableStatementTest" time="0">
    <error type="java.lang.NullPointerException:">java.lang.NullPointerException: null
	at org.postgresql.test.jdbc3.Jdbc3CallableStatementTest.tearDown(Jdbc3CallableStatementTest.java:91)
</error>
  </testcase>
  <testcase name="testNumeric" classname="org.postgresql.test.jdbc3.Jdbc3CallableStatementTest" time="0">
    <error message="Connection to localhost:5432 refused. Check that the hostname and port are correct and that the postmaster is accepting TCP/IP connections." type="org.postgresql.util.PSQLException"><![CDATA[org.postgresql.util.PSQLException: Connection to localhost:5432 refused. Check that the hostname and port are correct and that the postmaster is accepting TCP/IP connections.
	at java.net.PlainSocketImpl.socketConnect(Native Method)
	at java.net.AbstractPlainSocketImpl.doConnect(AbstractPlainSocketImpl.java:350)
	at java.net.AbstractPlainSocketImpl.connectToAddress(AbstractPlainSocketImpl.java:206)
	at java.net.AbstractPlainSocketImpl.connect(AbstractPlainSocketImpl.java:188)
	at java.net.SocksSocketImpl.connect(SocksSocketImpl.java:392)
	at java.net.Socket.connect(Socket.java:589)
	at org.postgresql.core.PGStream.<init>(PGStream.java:69)
	at org.postgresql.core.v3.ConnectionFactoryImpl.openConnectionImpl(ConnectionFactoryImpl.java:156)
	at org.postgresql.core.ConnectionFactory.openConnection(ConnectionFactory.java:49)
	at org.postgresql.jdbc.PgConnection.<init>(PgConnection.java:195)
	at org.postgresql.Driver.makeConnection(Driver.java:454)
	at org.postgresql.Driver.connect(Driver.java:256)
	at java.sql.DriverManager.getConnection(DriverManager.java:664)
	at java.sql.DriverManager.getConnection(DriverManager.java:208)
	at org.postgresql.test.TestUtil.openDB(TestUtil.java:312)
	at org.postgresql.test.jdbc2.BaseTest4.setUp(BaseTest4.java:83)
	at org.postgresql.test.jdbc3.Jdbc3CallableStatementTest.setUp(Jdbc3CallableStatementTest.java:35)
]]></error>
  </testcase>
  <testcase name="testNumeric" classname="org.postgresql.test.jdbc3.Jdbc3CallableStatementTest" time="0">
    <error type="java.lang.NullPointerException:">java.lang.NullPointerException: null
	at org.postgresql.test.jdbc3.Jdbc3CallableStatementTest.tearDown(Jdbc3CallableStatementTest.java:91)
</error>
  </testcase>
  <testcase name="testUpdateDecimal" classname="org.postgresql.test.jdbc3.Jdbc3CallableStatementTest" time="0">
    <error message="Connection to localhost:5432 refused. Check that the hostname and port are correct and that the postmaster is accepting TCP/IP connections." type="org.postgresql.util.PSQLException"><![CDATA[org.postgresql.util.PSQLException: Connection to localhost:5432 refused. Check that the hostname and port are correct and that the postmaster is accepting TCP/IP connections.
	at java.net.PlainSocketImpl.socketConnect(Native Method)
	at java.net.AbstractPlainSocketImpl.doConnect(AbstractPlainSocketImpl.java:350)
	at java.net.AbstractPlainSocketImpl.connectToAddress(AbstractPlainSocketImpl.java:206)
	at java.net.AbstractPlainSocketImpl.connect(AbstractPlainSocketImpl.java:188)
	at java.net.SocksSocketImpl.connect(SocksSocketImpl.java:392)
	at java.net.Socket.connect(Socket.java:589)
	at org.postgresql.core.PGStream.<init>(PGStream.java:69)
	at org.postgresql.core.v3.ConnectionFactoryImpl.openConnectionImpl(ConnectionFactoryImpl.java:156)
	at org.postgresql.core.ConnectionFactory.openConnection(ConnectionFactory.java:49)
	at org.postgresql.jdbc.PgConnection.<init>(PgConnection.java:195)
	at org.postgresql.Driver.makeConnection(Driver.java:454)
	at org.postgresql.Driver.connect(Driver.java:256)
	at java.sql.DriverManager.getConnection(DriverManager.java:664)
	at java.sql.DriverManager.getConnection(DriverManager.java:208)
	at org.postgresql.test.TestUtil.openDB(TestUtil.java:312)
	at org.postgresql.test.jdbc2.BaseTest4.setUp(BaseTest4.java:83)
	at org.postgresql.test.jdbc3.Jdbc3CallableStatementTest.setUp(Jdbc3CallableStatementTest.java:35)
]]></error>
  </testcase>
  <testcase name="testUpdateDecimal" classname="org.postgresql.test.jdbc3.Jdbc3CallableStatementTest" time="0">
    <error type="java.lang.NullPointerException:">java.lang.NullPointerException: null
	at org.postgresql.test.jdbc3.Jdbc3CallableStatementTest.tearDown(Jdbc3CallableStatementTest.java:91)
</error>
  </testcase>
  <testcase name="testGetDoubleAsReal" classname="org.postgresql.test.jdbc3.Jdbc3CallableStatementTest" time="0">
    <error message="Connection to localhost:5432 refused. Check that the hostname and port are correct and that the postmaster is accepting TCP/IP connections." type="org.postgresql.util.PSQLException"><![CDATA[org.postgresql.util.PSQLException: Connection to localhost:5432 refused. Check that the hostname and port are correct and that the postmaster is accepting TCP/IP connections.
	at java.net.PlainSocketImpl.socketConnect(Native Method)
	at java.net.AbstractPlainSocketImpl.doConnect(AbstractPlainSocketImpl.java:350)
	at java.net.AbstractPlainSocketImpl.connectToAddress(AbstractPlainSocketImpl.java:206)
	at java.net.AbstractPlainSocketImpl.connect(AbstractPlainSocketImpl.java:188)
	at java.net.SocksSocketImpl.connect(SocksSocketImpl.java:392)
	at java.net.Socket.connect(Socket.java:589)
	at org.postgresql.core.PGStream.<init>(PGStream.java:69)
	at org.postgresql.core.v3.ConnectionFactoryImpl.openConnectionImpl(ConnectionFactoryImpl.java:156)
	at org.postgresql.core.ConnectionFactory.openConnection(ConnectionFactory.java:49)
	at org.postgresql.jdbc.PgConnection.<init>(PgConnection.java:195)
	at org.postgresql.Driver.makeConnection(Driver.java:454)
	at org.postgresql.Driver.connect(Driver.java:256)
	at java.sql.DriverManager.getConnection(DriverManager.java:664)
	at java.sql.DriverManager.getConnection(DriverManager.java:208)
	at org.postgresql.test.TestUtil.openDB(TestUtil.java:312)
	at org.postgresql.test.jdbc2.BaseTest4.setUp(BaseTest4.java:83)
	at org.postgresql.test.jdbc3.Jdbc3CallableStatementTest.setUp(Jdbc3CallableStatementTest.java:35)
]]></error>
  </testcase>
  <testcase name="testGetDoubleAsReal" classname="org.postgresql.test.jdbc3.Jdbc3CallableStatementTest" time="0">
    <error type="java.lang.NullPointerException:">java.lang.NullPointerException: null
	at org.postgresql.test.jdbc3.Jdbc3CallableStatementTest.tearDown(Jdbc3CallableStatementTest.java:91)
</error>
  </testcase>
  <testcase name="testStatementUpdateCount[returningInQuery = A, binary = REGULAR]" classname="org.postgresql.test.jdbc3.GeneratedKeysTest" time="0">
    <error message="Connection to localhost:5432 refused. Check that the hostname and port are correct and that the postmaster is accepting TCP/IP connections." type="org.postgresql.util.PSQLException"><![CDATA[org.postgresql.util.PSQLException: Connection to localhost:5432 refused. Check that the hostname and port are correct and that the postmaster is accepting TCP/IP connections.
	at java.net.PlainSocketImpl.socketConnect(Native Method)
	at java.net.AbstractPlainSocketImpl.doConnect(AbstractPlainSocketImpl.java:350)
	at java.net.AbstractPlainSocketImpl.connectToAddress(AbstractPlainSocketImpl.java:206)
	at java.net.AbstractPlainSocketImpl.connect(AbstractPlainSocketImpl.java:188)
	at java.net.SocksSocketImpl.connect(SocksSocketImpl.java:392)
	at java.net.Socket.connect(Socket.java:589)
	at org.postgresql.core.PGStream.<init>(PGStream.java:69)
	at org.postgresql.core.v3.ConnectionFactoryImpl.openConnectionImpl(ConnectionFactoryImpl.java:156)
	at org.postgresql.core.ConnectionFactory.openConnection(ConnectionFactory.java:49)
	at org.postgresql.jdbc.PgConnection.<init>(PgConnection.java:195)
	at org.postgresql.Driver.makeConnection(Driver.java:454)
	at org.postgresql.Driver.connect(Driver.java:256)
	at java.sql.DriverManager.getConnection(DriverManager.java:664)
	at java.sql.DriverManager.getConnection(DriverManager.java:208)
	at org.postgresql.test.TestUtil.openDB(TestUtil.java:312)
	at org.postgresql.test.jdbc2.BaseTest4.setUp(BaseTest4.java:83)
	at org.postgresql.test.jdbc3.GeneratedKeysTest.setUp(GeneratedKeysTest.java:92)
]]></error>
  </testcase>
  <testcase name="testStatementUpdateCount[returningInQuery = A, binary = REGULAR]" classname="org.postgresql.test.jdbc3.GeneratedKeysTest" time="0">
    <error type="java.lang.NullPointerException:">java.lang.NullPointerException: null
	at org.postgresql.test.TestUtil.dropTable(TestUtil.java:517)
	at org.postgresql.test.jdbc3.GeneratedKeysTest.tearDown(GeneratedKeysTest.java:98)
</error>
  </testcase>
  <testcase name="testSerialWorks[returningInQuery = A, binary = REGULAR]" classname="org.postgresql.test.jdbc3.GeneratedKeysTest" time="0">
    <error message="Connection to localhost:5432 refused. Check that the hostname and port are correct and that the postmaster is accepting TCP/IP connections." type="org.postgresql.util.PSQLException"><![CDATA[org.postgresql.util.PSQLException: Connection to localhost:5432 refused. Check that the hostname and port are correct and that the postmaster is accepting TCP/IP connections.
	at java.net.PlainSocketImpl.socketConnect(Native Method)
	at java.net.AbstractPlainSocketImpl.doConnect(AbstractPlainSocketImpl.java:350)
	at java.net.AbstractPlainSocketImpl.connectToAddress(AbstractPlainSocketImpl.java:206)
	at java.net.AbstractPlainSocketImpl.connect(AbstractPlainSocketImpl.java:188)
	at java.net.SocksSocketImpl.connect(SocksSocketImpl.java:392)
	at java.net.Socket.connect(Socket.java:589)
	at org.postgresql.core.PGStream.<init>(PGStream.java:69)
	at org.postgresql.core.v3.ConnectionFactoryImpl.openConnectionImpl(ConnectionFactoryImpl.java:156)
	at org.postgresql.core.ConnectionFactory.openConnection(ConnectionFactory.java:49)
	at org.postgresql.jdbc.PgConnection.<init>(PgConnection.java:195)
	at org.postgresql.Driver.makeConnection(Driver.java:454)
	at org.postgresql.Driver.connect(Driver.java:256)
	at java.sql.DriverManager.getConnection(DriverManager.java:664)
	at java.sql.DriverManager.getConnection(DriverManager.java:208)
	at org.postgresql.test.TestUtil.openDB(TestUtil.java:312)
	at org.postgresql.test.jdbc2.BaseTest4.setUp(BaseTest4.java:83)
	at org.postgresql.test.jdbc3.GeneratedKeysTest.setUp(GeneratedKeysTest.java:92)
]]></error>
  </testcase>
  <testcase name="testSerialWorks[returningInQuery = A, binary = REGULAR]" classname="org.postgresql.test.jdbc3.GeneratedKeysTest" time="0">
    <error type="java.lang.NullPointerException:">java.lang.NullPointerException: null
	at org.postgresql.test.TestUtil.dropTable(TestUtil.java:517)
	at org.postgresql.test.jdbc3.GeneratedKeysTest.tearDown(GeneratedKeysTest.java:98)
</error>
  </testcase>
  <testcase name="selectWithGeneratedKeysViaNonPrepared[returningInQuery = A, binary = REGULAR]" classname="org.postgresql.test.jdbc3.GeneratedKeysTest" time="0">
    <error message="Connection to localhost:5432 refused. Check that the hostname and port are correct and that the postmaster is accepting TCP/IP connections." type="org.postgresql.util.PSQLException"><![CDATA[org.postgresql.util.PSQLException: Connection to localhost:5432 refused. Check that the hostname and port are correct and that the postmaster is accepting TCP/IP connections.
	at java.net.PlainSocketImpl.socketConnect(Native Method)
	at java.net.AbstractPlainSocketImpl.doConnect(AbstractPlainSocketImpl.java:350)
	at java.net.AbstractPlainSocketImpl.connectToAddress(AbstractPlainSocketImpl.java:206)
	at java.net.AbstractPlainSocketImpl.connect(AbstractPlainSocketImpl.java:188)
	at java.net.SocksSocketImpl.connect(SocksSocketImpl.java:392)
	at java.net.Socket.connect(Socket.java:589)
	at org.postgresql.core.PGStream.<init>(PGStream.java:69)
	at org.postgresql.core.v3.ConnectionFactoryImpl.openConnectionImpl(ConnectionFactoryImpl.java:156)
	at org.postgresql.core.ConnectionFactory.openConnection(ConnectionFactory.java:49)
	at org.postgresql.jdbc.PgConnection.<init>(PgConnection.java:195)
	at org.postgresql.Driver.makeConnection(Driver.java:454)
	at org.postgresql.Driver.connect(Driver.java:256)
	at java.sql.DriverManager.getConnection(DriverManager.java:664)
	at java.sql.DriverManager.getConnection(DriverManager.java:208)
	at org.postgresql.test.TestUtil.openDB(TestUtil.java:312)
	at org.postgresql.test.jdbc2.BaseTest4.setUp(BaseTest4.java:83)
	at org.postgresql.test.jdbc3.GeneratedKeysTest.setUp(GeneratedKeysTest.java:92)
]]></error>
  </testcase>
  <testcase name="selectWithGeneratedKeysViaNonPrepared[returningInQuery = A, binary = REGULAR]" classname="org.postgresql.test.jdbc3.GeneratedKeysTest" time="0">
    <error type="java.lang.NullPointerException:">java.lang.NullPointerException: null
	at org.postgresql.test.TestUtil.dropTable(TestUtil.java:517)
	at org.postgresql.test.jdbc3.GeneratedKeysTest.tearDown(GeneratedKeysTest.java:98)
</error>
  </testcase>
  <testcase name="testGeneratedKeysCleared[returningInQuery = A, binary = REGULAR]" classname="org.postgresql.test.jdbc3.GeneratedKeysTest" time="0">
    <error message="Connection to localhost:5432 refused. Check that the hostname and port are correct and that the postmaster is accepting TCP/IP connections." type="org.postgresql.util.PSQLException"><![CDATA[org.postgresql.util.PSQLException: Connection to localhost:5432 refused. Check that the hostname and port are correct and that the postmaster is accepting TCP/IP connections.
	at java.net.PlainSocketImpl.socketConnect(Native Method)
	at java.net.AbstractPlainSocketImpl.doConnect(AbstractPlainSocketImpl.java:350)
	at java.net.AbstractPlainSocketImpl.connectToAddress(AbstractPlainSocketImpl.java:206)
	at java.net.AbstractPlainSocketImpl.connect(AbstractPlainSocketImpl.java:188)
	at java.net.SocksSocketImpl.connect(SocksSocketImpl.java:392)
	at java.net.Socket.connect(Socket.java:589)
	at org.postgresql.core.PGStream.<init>(PGStream.java:69)
	at org.postgresql.core.v3.ConnectionFactoryImpl.openConnectionImpl(ConnectionFactoryImpl.java:156)
	at org.postgresql.core.ConnectionFactory.openConnection(ConnectionFactory.java:49)
	at org.postgresql.jdbc.PgConnection.<init>(PgConnection.java:195)
	at org.postgresql.Driver.makeConnection(Driver.java:454)
	at org.postgresql.Driver.connect(Driver.java:256)
	at java.sql.DriverManager.getConnection(DriverManager.java:664)
	at java.sql.DriverManager.getConnection(DriverManager.java:208)
	at org.postgresql.test.TestUtil.openDB(TestUtil.java:312)
	at org.postgresql.test.jdbc2.BaseTest4.setUp(BaseTest4.java:83)
	at org.postgresql.test.jdbc3.GeneratedKeysTest.setUp(GeneratedKeysTest.java:92)
]]></error>
  </testcase>
  <testcase name="testGeneratedKeysCleared[returningInQuery = A, binary = REGULAR]" classname="org.postgresql.test.jdbc3.GeneratedKeysTest" time="0">
    <error type="java.lang.NullPointerException:">java.lang.NullPointerException: null
	at org.postgresql.test.TestUtil.dropTable(TestUtil.java:517)
	at org.postgresql.test.jdbc3.GeneratedKeysTest.tearDown(GeneratedKeysTest.java:98)
</error>
  </testcase>
  <testcase name="testBatchGeneratedKeys[returningInQuery = A, binary = REGULAR]" classname="org.postgresql.test.jdbc3.GeneratedKeysTest" time="0">
    <error message="Connection to localhost:5432 refused. Check that the hostname and port are correct and that the postmaster is accepting TCP/IP connections." type="org.postgresql.util.PSQLException"><![CDATA[org.postgresql.util.PSQLException: Connection to localhost:5432 refused. Check that the hostname and port are correct and that the postmaster is accepting TCP/IP connections.
	at java.net.PlainSocketImpl.socketConnect(Native Method)
	at java.net.AbstractPlainSocketImpl.doConnect(AbstractPlainSocketImpl.java:350)
	at java.net.AbstractPlainSocketImpl.connectToAddress(AbstractPlainSocketImpl.java:206)
	at java.net.AbstractPlainSocketImpl.connect(AbstractPlainSocketImpl.java:188)
	at java.net.SocksSocketImpl.connect(SocksSocketImpl.java:392)
	at java.net.Socket.connect(Socket.java:589)
	at org.postgresql.core.PGStream.<init>(PGStream.java:69)
	at org.postgresql.core.v3.ConnectionFactoryImpl.openConnectionImpl(ConnectionFactoryImpl.java:156)
	at org.postgresql.core.ConnectionFactory.openConnection(ConnectionFactory.java:49)
	at org.postgresql.jdbc.PgConnection.<init>(PgConnection.java:195)
	at org.postgresql.Driver.makeConnection(Driver.java:454)
	at org.postgresql.Driver.connect(Driver.java:256)
	at java.sql.DriverManager.getConnection(DriverManager.java:664)
	at java.sql.DriverManager.getConnection(DriverManager.java:208)
	at org.postgresql.test.TestUtil.openDB(TestUtil.java:312)
	at org.postgresql.test.jdbc2.BaseTest4.setUp(BaseTest4.java:83)
	at org.postgresql.test.jdbc3.GeneratedKeysTest.setUp(GeneratedKeysTest.java:92)
]]></error>
  </testcase>
  <testcase name="testBatchGeneratedKeys[returningInQuery = A, binary = REGULAR]" classname="org.postgresql.test.jdbc3.GeneratedKeysTest" time="0">
    <error type="java.lang.NullPointerException:">java.lang.NullPointerException: null
	at org.postgresql.test.TestUtil.dropTable(TestUtil.java:517)
	at org.postgresql.test.jdbc3.GeneratedKeysTest.tearDown(GeneratedKeysTest.java:98)
</error>
  </testcase>
  <testcase name="testGeneratedKeys[returningInQuery = A, binary = REGULAR]" classname="org.postgresql.test.jdbc3.GeneratedKeysTest" time="0">
    <error message="Connection to localhost:5432 refused. Check that the hostname and port are correct and that the postmaster is accepting TCP/IP connections." type="org.postgresql.util.PSQLException"><![CDATA[org.postgresql.util.PSQLException: Connection to localhost:5432 refused. Check that the hostname and port are correct and that the postmaster is accepting TCP/IP connections.
	at java.net.PlainSocketImpl.socketConnect(Native Method)
	at java.net.AbstractPlainSocketImpl.doConnect(AbstractPlainSocketImpl.java:350)
	at java.net.AbstractPlainSocketImpl.connectToAddress(AbstractPlainSocketImpl.java:206)
	at java.net.AbstractPlainSocketImpl.connect(AbstractPlainSocketImpl.java:188)
	at java.net.SocksSocketImpl.connect(SocksSocketImpl.java:392)
	at java.net.Socket.connect(Socket.java:589)
	at org.postgresql.core.PGStream.<init>(PGStream.java:69)
	at org.postgresql.core.v3.ConnectionFactoryImpl.openConnectionImpl(ConnectionFactoryImpl.java:156)
	at org.postgresql.core.ConnectionFactory.openConnection(ConnectionFactory.java:49)
	at org.postgresql.jdbc.PgConnection.<init>(PgConnection.java:195)
	at org.postgresql.Driver.makeConnection(Driver.java:454)
	at org.postgresql.Driver.connect(Driver.java:256)
	at java.sql.DriverManager.getConnection(DriverManager.java:664)
	at java.sql.DriverManager.getConnection(DriverManager.java:208)
	at org.postgresql.test.TestUtil.openDB(TestUtil.java:312)
	at org.postgresql.test.jdbc2.BaseTest4.setUp(BaseTest4.java:83)
	at org.postgresql.test.jdbc3.GeneratedKeysTest.setUp(GeneratedKeysTest.java:92)
]]></error>
  </testcase>
  <testcase name="testGeneratedKeys[returningInQuery = A, binary = REGULAR]" classname="org.postgresql.test.jdbc3.GeneratedKeysTest" time="0">
    <error type="java.lang.NullPointerException:">java.lang.NullPointerException: null
	at org.postgresql.test.TestUtil.dropTable(TestUtil.java:517)
	at org.postgresql.test.jdbc3.GeneratedKeysTest.tearDown(GeneratedKeysTest.java:98)
</error>
  </testcase>
  <testcase name="testWithInsertInsert[returningInQuery = A, binary = REGULAR]" classname="org.postgresql.test.jdbc3.GeneratedKeysTest" time="0">
    <error message="Connection to localhost:5432 refused. Check that the hostname and port are correct and that the postmaster is accepting TCP/IP connections." type="org.postgresql.util.PSQLException"><![CDATA[org.postgresql.util.PSQLException: Connection to localhost:5432 refused. Check that the hostname and port are correct and that the postmaster is accepting TCP/IP connections.
	at java.net.PlainSocketImpl.socketConnect(Native Method)
	at java.net.AbstractPlainSocketImpl.doConnect(AbstractPlainSocketImpl.java:350)
	at java.net.AbstractPlainSocketImpl.connectToAddress(AbstractPlainSocketImpl.java:206)
	at java.net.AbstractPlainSocketImpl.connect(AbstractPlainSocketImpl.java:188)
	at java.net.SocksSocketImpl.connect(SocksSocketImpl.java:392)
	at java.net.Socket.connect(Socket.java:589)
	at org.postgresql.core.PGStream.<init>(PGStream.java:69)
	at org.postgresql.core.v3.ConnectionFactoryImpl.openConnectionImpl(ConnectionFactoryImpl.java:156)
	at org.postgresql.core.ConnectionFactory.openConnection(ConnectionFactory.java:49)
	at org.postgresql.jdbc.PgConnection.<init>(PgConnection.java:195)
	at org.postgresql.Driver.makeConnection(Driver.java:454)
	at org.postgresql.Driver.connect(Driver.java:256)
	at java.sql.DriverManager.getConnection(DriverManager.java:664)
	at java.sql.DriverManager.getConnection(DriverManager.java:208)
	at org.postgresql.test.TestUtil.openDB(TestUtil.java:312)
	at org.postgresql.test.jdbc2.BaseTest4.setUp(BaseTest4.java:83)
	at org.postgresql.test.jdbc3.GeneratedKeysTest.setUp(GeneratedKeysTest.java:92)
]]></error>
  </testcase>
  <testcase name="testWithInsertInsert[returningInQuery = A, binary = REGULAR]" classname="org.postgresql.test.jdbc3.GeneratedKeysTest" time="0">
    <error type="java.lang.NullPointerException:">java.lang.NullPointerException: null
	at org.postgresql.test.TestUtil.dropTable(TestUtil.java:517)
	at org.postgresql.test.jdbc3.GeneratedKeysTest.tearDown(GeneratedKeysTest.java:98)
</error>
  </testcase>
  <testcase name="testWithInsertSelect[returningInQuery = A, binary = REGULAR]" classname="org.postgresql.test.jdbc3.GeneratedKeysTest" time="0">
    <error message="Connection to localhost:5432 refused. Check that the hostname and port are correct and that the postmaster is accepting TCP/IP connections." type="org.postgresql.util.PSQLException"><![CDATA[org.postgresql.util.PSQLException: Connection to localhost:5432 refused. Check that the hostname and port are correct and that the postmaster is accepting TCP/IP connections.
	at java.net.PlainSocketImpl.socketConnect(Native Method)
	at java.net.AbstractPlainSocketImpl.doConnect(AbstractPlainSocketImpl.java:350)
	at java.net.AbstractPlainSocketImpl.connectToAddress(AbstractPlainSocketImpl.java:206)
	at java.net.AbstractPlainSocketImpl.connect(AbstractPlainSocketImpl.java:188)
	at java.net.SocksSocketImpl.connect(SocksSocketImpl.java:392)
	at java.net.Socket.connect(Socket.java:589)
	at org.postgresql.core.PGStream.<init>(PGStream.java:69)
	at org.postgresql.core.v3.ConnectionFactoryImpl.openConnectionImpl(ConnectionFactoryImpl.java:156)
	at org.postgresql.core.ConnectionFactory.openConnection(ConnectionFactory.java:49)
	at org.postgresql.jdbc.PgConnection.<init>(PgConnection.java:195)
	at org.postgresql.Driver.makeConnection(Driver.java:454)
	at org.postgresql.Driver.connect(Driver.java:256)
	at java.sql.DriverManager.getConnection(DriverManager.java:664)
	at java.sql.DriverManager.getConnection(DriverManager.java:208)
	at org.postgresql.test.TestUtil.openDB(TestUtil.java:312)
	at org.postgresql.test.jdbc2.BaseTest4.setUp(BaseTest4.java:83)
	at org.postgresql.test.jdbc3.GeneratedKeysTest.setUp(GeneratedKeysTest.java:92)
]]></error>
  </testcase>
  <testcase name="testWithInsertSelect[returningInQuery = A, binary = REGULAR]" classname="org.postgresql.test.jdbc3.GeneratedKeysTest" time="0">
    <error type="java.lang.NullPointerException:">java.lang.NullPointerException: null
	at org.postgresql.test.TestUtil.dropTable(TestUtil.java:517)
	at org.postgresql.test.jdbc3.GeneratedKeysTest.tearDown(GeneratedKeysTest.java:98)
</error>
  </testcase>
  <testcase name="testCloseStatementClosesRS[returningInQuery = A, binary = REGULAR]" classname="org.postgresql.test.jdbc3.GeneratedKeysTest" time="0">
    <error message="Connection to localhost:5432 refused. Check that the hostname and port are correct and that the postmaster is accepting TCP/IP connections." type="org.postgresql.util.PSQLException"><![CDATA[org.postgresql.util.PSQLException: Connection to localhost:5432 refused. Check that the hostname and port are correct and that the postmaster is accepting TCP/IP connections.
	at java.net.PlainSocketImpl.socketConnect(Native Method)
	at java.net.AbstractPlainSocketImpl.doConnect(AbstractPlainSocketImpl.java:350)
	at java.net.AbstractPlainSocketImpl.connectToAddress(AbstractPlainSocketImpl.java:206)
	at java.net.AbstractPlainSocketImpl.connect(AbstractPlainSocketImpl.java:188)
	at java.net.SocksSocketImpl.connect(SocksSocketImpl.java:392)
	at java.net.Socket.connect(Socket.java:589)
	at org.postgresql.core.PGStream.<init>(PGStream.java:69)
	at org.postgresql.core.v3.ConnectionFactoryImpl.openConnectionImpl(ConnectionFactoryImpl.java:156)
	at org.postgresql.core.ConnectionFactory.openConnection(ConnectionFactory.java:49)
	at org.postgresql.jdbc.PgConnection.<init>(PgConnection.java:195)
	at org.postgresql.Driver.makeConnection(Driver.java:454)
	at org.postgresql.Driver.connect(Driver.java:256)
	at java.sql.DriverManager.getConnection(DriverManager.java:664)
	at java.sql.DriverManager.getConnection(DriverManager.java:208)
	at org.postgresql.test.TestUtil.openDB(TestUtil.java:312)
	at org.postgresql.test.jdbc2.BaseTest4.setUp(BaseTest4.java:83)
	at org.postgresql.test.jdbc3.GeneratedKeysTest.setUp(GeneratedKeysTest.java:92)
]]></error>
  </testcase>
  <testcase name="testCloseStatementClosesRS[returningInQuery = A, binary = REGULAR]" classname="org.postgresql.test.jdbc3.GeneratedKeysTest" time="0">
    <error type="java.lang.NullPointerException:">java.lang.NullPointerException: null
	at org.postgresql.test.TestUtil.dropTable(TestUtil.java:517)
	at org.postgresql.test.jdbc3.GeneratedKeysTest.tearDown(GeneratedKeysTest.java:98)
</error>
  </testcase>
  <testcase name="selectWithGeneratedKeysViaPreparedExecute[returningInQuery = A, binary = REGULAR]" classname="org.postgresql.test.jdbc3.GeneratedKeysTest" time="0">
    <error message="Connection to localhost:5432 refused. Check that the hostname and port are correct and that the postmaster is accepting TCP/IP connections." type="org.postgresql.util.PSQLException"><![CDATA[org.postgresql.util.PSQLException: Connection to localhost:5432 refused. Check that the hostname and port are correct and that the postmaster is accepting TCP/IP connections.
	at java.net.PlainSocketImpl.socketConnect(Native Method)
	at java.net.AbstractPlainSocketImpl.doConnect(AbstractPlainSocketImpl.java:350)
	at java.net.AbstractPlainSocketImpl.connectToAddress(AbstractPlainSocketImpl.java:206)
	at java.net.AbstractPlainSocketImpl.connect(AbstractPlainSocketImpl.java:188)
	at java.net.SocksSocketImpl.connect(SocksSocketImpl.java:392)
	at java.net.Socket.connect(Socket.java:589)
	at org.postgresql.core.PGStream.<init>(PGStream.java:69)
	at org.postgresql.core.v3.ConnectionFactoryImpl.openConnectionImpl(ConnectionFactoryImpl.java:156)
	at org.postgresql.core.ConnectionFactory.openConnection(ConnectionFactory.java:49)
	at org.postgresql.jdbc.PgConnection.<init>(PgConnection.java:195)
	at org.postgresql.Driver.makeConnection(Driver.java:454)
	at org.postgresql.Driver.connect(Driver.java:256)
	at java.sql.DriverManager.getConnection(DriverManager.java:664)
	at java.sql.DriverManager.getConnection(DriverManager.java:208)
	at org.postgresql.test.TestUtil.openDB(TestUtil.java:312)
	at org.postgresql.test.jdbc2.BaseTest4.setUp(BaseTest4.java:83)
	at org.postgresql.test.jdbc3.GeneratedKeysTest.setUp(GeneratedKeysTest.java:92)
]]></error>
  </testcase>
  <testcase name="selectWithGeneratedKeysViaPreparedExecute[returningInQuery = A, binary = REGULAR]" classname="org.postgresql.test.jdbc3.GeneratedKeysTest" time="0">
    <error type="java.lang.NullPointerException:">java.lang.NullPointerException: null
	at org.postgresql.test.TestUtil.dropTable(TestUtil.java:517)
	at org.postgresql.test.jdbc3.GeneratedKeysTest.tearDown(GeneratedKeysTest.java:98)
</error>
  </testcase>
  <testcase name="selectWithGeneratedKeysViaPreparedExecuteQuery[returningInQuery = A, binary = REGULAR]" classname="org.postgresql.test.jdbc3.GeneratedKeysTest" time="0">
    <error message="Connection to localhost:5432 refused. Check that the hostname and port are correct and that the postmaster is accepting TCP/IP connections." type="org.postgresql.util.PSQLException"><![CDATA[org.postgresql.util.PSQLException: Connection to localhost:5432 refused. Check that the hostname and port are correct and that the postmaster is accepting TCP/IP connections.
	at java.net.PlainSocketImpl.socketConnect(Native Method)
	at java.net.AbstractPlainSocketImpl.doConnect(AbstractPlainSocketImpl.java:350)
	at java.net.AbstractPlainSocketImpl.connectToAddress(AbstractPlainSocketImpl.java:206)
	at java.net.AbstractPlainSocketImpl.connect(AbstractPlainSocketImpl.java:188)
	at java.net.SocksSocketImpl.connect(SocksSocketImpl.java:392)
	at java.net.Socket.connect(Socket.java:589)
	at org.postgresql.core.PGStream.<init>(PGStream.java:69)
	at org.postgresql.core.v3.ConnectionFactoryImpl.openConnectionImpl(ConnectionFactoryImpl.java:156)
	at org.postgresql.core.ConnectionFactory.openConnection(ConnectionFactory.java:49)
	at org.postgresql.jdbc.PgConnection.<init>(PgConnection.java:195)
	at org.postgresql.Driver.makeConnection(Driver.java:454)
	at org.postgresql.Driver.connect(Driver.java:256)
	at java.sql.DriverManager.getConnection(DriverManager.java:664)
	at java.sql.DriverManager.getConnection(DriverManager.java:208)
	at org.postgresql.test.TestUtil.openDB(TestUtil.java:312)
	at org.postgresql.test.jdbc2.BaseTest4.setUp(BaseTest4.java:83)
	at org.postgresql.test.jdbc3.GeneratedKeysTest.setUp(GeneratedKeysTest.java:92)
]]></error>
  </testcase>
  <testcase name="selectWithGeneratedKeysViaPreparedExecuteQuery[returningInQuery = A, binary = REGULAR]" classname="org.postgresql.test.jdbc3.GeneratedKeysTest" time="0">
    <error type="java.lang.NullPointerException:">java.lang.NullPointerException: null
	at org.postgresql.test.TestUtil.dropTable(TestUtil.java:517)
	at org.postgresql.test.jdbc3.GeneratedKeysTest.tearDown(GeneratedKeysTest.java:98)
</error>
  </testcase>
  <testcase name="testReturningWithTrailingSemicolon[returningInQuery = A, binary = REGULAR]" classname="org.postgresql.test.jdbc3.GeneratedKeysTest" time="0">
    <error message="Connection to localhost:5432 refused. Check that the hostname and port are correct and that the postmaster is accepting TCP/IP connections." type="org.postgresql.util.PSQLException"><![CDATA[org.postgresql.util.PSQLException: Connection to localhost:5432 refused. Check that the hostname and port are correct and that the postmaster is accepting TCP/IP connections.
	at java.net.PlainSocketImpl.socketConnect(Native Method)
	at java.net.AbstractPlainSocketImpl.doConnect(AbstractPlainSocketImpl.java:350)
	at java.net.AbstractPlainSocketImpl.connectToAddress(AbstractPlainSocketImpl.java:206)
	at java.net.AbstractPlainSocketImpl.connect(AbstractPlainSocketImpl.java:188)
	at java.net.SocksSocketImpl.connect(SocksSocketImpl.java:392)
	at java.net.Socket.connect(Socket.java:589)
	at org.postgresql.core.PGStream.<init>(PGStream.java:69)
	at org.postgresql.core.v3.ConnectionFactoryImpl.openConnectionImpl(ConnectionFactoryImpl.java:156)
	at org.postgresql.core.ConnectionFactory.openConnection(ConnectionFactory.java:49)
	at org.postgresql.jdbc.PgConnection.<init>(PgConnection.java:195)
	at org.postgresql.Driver.makeConnection(Driver.java:454)
	at org.postgresql.Driver.connect(Driver.java:256)
	at java.sql.DriverManager.getConnection(DriverManager.java:664)
	at java.sql.DriverManager.getConnection(DriverManager.java:208)
	at org.postgresql.test.TestUtil.openDB(TestUtil.java:312)
	at org.postgresql.test.jdbc2.BaseTest4.setUp(BaseTest4.java:83)
	at org.postgresql.test.jdbc3.GeneratedKeysTest.setUp(GeneratedKeysTest.java:92)
]]></error>
  </testcase>
  <testcase name="testReturningWithTrailingSemicolon[returningInQuery = A, binary = REGULAR]" classname="org.postgresql.test.jdbc3.GeneratedKeysTest" time="0">
    <error type="java.lang.NullPointerException:">java.lang.NullPointerException: null
	at org.postgresql.test.TestUtil.dropTable(TestUtil.java:517)
	at org.postgresql.test.jdbc3.GeneratedKeysTest.tearDown(GeneratedKeysTest.java:98)
</error>
  </testcase>
  <testcase name="testPSDelete[returningInQuery = A, binary = REGULAR]" classname="org.postgresql.test.jdbc3.GeneratedKeysTest" time="0">
    <error message="Connection to localhost:5432 refused. Check that the hostname and port are correct and that the postmaster is accepting TCP/IP connections." type="org.postgresql.util.PSQLException"><![CDATA[org.postgresql.util.PSQLException: Connection to localhost:5432 refused. Check that the hostname and port are correct and that the postmaster is accepting TCP/IP connections.
	at java.net.PlainSocketImpl.socketConnect(Native Method)
	at java.net.AbstractPlainSocketImpl.doConnect(AbstractPlainSocketImpl.java:350)
	at java.net.AbstractPlainSocketImpl.connectToAddress(AbstractPlainSocketImpl.java:206)
	at java.net.AbstractPlainSocketImpl.connect(AbstractPlainSocketImpl.java:188)
	at java.net.SocksSocketImpl.connect(SocksSocketImpl.java:392)
	at java.net.Socket.connect(Socket.java:589)
	at org.postgresql.core.PGStream.<init>(PGStream.java:69)
	at org.postgresql.core.v3.ConnectionFactoryImpl.openConnectionImpl(ConnectionFactoryImpl.java:156)
	at org.postgresql.core.ConnectionFactory.openConnection(ConnectionFactory.java:49)
	at org.postgresql.jdbc.PgConnection.<init>(PgConnection.java:195)
	at org.postgresql.Driver.makeConnection(Driver.java:454)
	at org.postgresql.Driver.connect(Driver.java:256)
	at java.sql.DriverManager.getConnection(DriverManager.java:664)
	at java.sql.DriverManager.getConnection(DriverManager.java:208)
	at org.postgresql.test.TestUtil.openDB(TestUtil.java:312)
	at org.postgresql.test.jdbc2.BaseTest4.setUp(BaseTest4.java:83)
	at org.postgresql.test.jdbc3.GeneratedKeysTest.setUp(GeneratedKeysTest.java:92)
]]></error>
  </testcase>
  <testcase name="testPSDelete[returningInQuery = A, binary = REGULAR]" classname="org.postgresql.test.jdbc3.GeneratedKeysTest" time="0">
    <error type="java.lang.NullPointerException:">java.lang.NullPointerException: null
	at org.postgresql.test.TestUtil.dropTable(TestUtil.java:517)
	at org.postgresql.test.jdbc3.GeneratedKeysTest.tearDown(GeneratedKeysTest.java:98)
</error>
  </testcase>
  <testcase name="testDelete[returningInQuery = A, binary = REGULAR]" classname="org.postgresql.test.jdbc3.GeneratedKeysTest" time="0">
    <error message="Connection to localhost:5432 refused. Check that the hostname and port are correct and that the postmaster is accepting TCP/IP connections." type="org.postgresql.util.PSQLException"><![CDATA[org.postgresql.util.PSQLException: Connection to localhost:5432 refused. Check that the hostname and port are correct and that the postmaster is accepting TCP/IP connections.
	at java.net.PlainSocketImpl.socketConnect(Native Method)
	at java.net.AbstractPlainSocketImpl.doConnect(AbstractPlainSocketImpl.java:350)
	at java.net.AbstractPlainSocketImpl.connectToAddress(AbstractPlainSocketImpl.java:206)
	at java.net.AbstractPlainSocketImpl.connect(AbstractPlainSocketImpl.java:188)
	at java.net.SocksSocketImpl.connect(SocksSocketImpl.java:392)
	at java.net.Socket.connect(Socket.java:589)
	at org.postgresql.core.PGStream.<init>(PGStream.java:69)
	at org.postgresql.core.v3.ConnectionFactoryImpl.openConnectionImpl(ConnectionFactoryImpl.java:156)
	at org.postgresql.core.ConnectionFactory.openConnection(ConnectionFactory.java:49)
	at org.postgresql.jdbc.PgConnection.<init>(PgConnection.java:195)
	at org.postgresql.Driver.makeConnection(Driver.java:454)
	at org.postgresql.Driver.connect(Driver.java:256)
	at java.sql.DriverManager.getConnection(DriverManager.java:664)
	at java.sql.DriverManager.getConnection(DriverManager.java:208)
	at org.postgresql.test.TestUtil.openDB(TestUtil.java:312)
	at org.postgresql.test.jdbc2.BaseTest4.setUp(BaseTest4.java:83)
	at org.postgresql.test.jdbc3.GeneratedKeysTest.setUp(GeneratedKeysTest.java:92)
]]></error>
  </testcase>
  <testcase name="testDelete[returningInQuery = A, binary = REGULAR]" classname="org.postgresql.test.jdbc3.GeneratedKeysTest" time="0.001">
    <error type="java.lang.NullPointerException:">java.lang.NullPointerException: null
	at org.postgresql.test.TestUtil.dropTable(TestUtil.java:517)
	at org.postgresql.test.jdbc3.GeneratedKeysTest.tearDown(GeneratedKeysTest.java:98)
</error>
  </testcase>
  <testcase name="testMultipleRows[returningInQuery = A, binary = REGULAR]" classname="org.postgresql.test.jdbc3.GeneratedKeysTest" time="0">
    <error message="Connection to localhost:5432 refused. Check that the hostname and port are correct and that the postmaster is accepting TCP/IP connections." type="org.postgresql.util.PSQLException"><![CDATA[org.postgresql.util.PSQLException: Connection to localhost:5432 refused. Check that the hostname and port are correct and that the postmaster is accepting TCP/IP connections.
	at java.net.PlainSocketImpl.socketConnect(Native Method)
	at java.net.AbstractPlainSocketImpl.doConnect(AbstractPlainSocketImpl.java:350)
	at java.net.AbstractPlainSocketImpl.connectToAddress(AbstractPlainSocketImpl.java:206)
	at java.net.AbstractPlainSocketImpl.connect(AbstractPlainSocketImpl.java:188)
	at java.net.SocksSocketImpl.connect(SocksSocketImpl.java:392)
	at java.net.Socket.connect(Socket.java:589)
	at org.postgresql.core.PGStream.<init>(PGStream.java:69)
	at org.postgresql.core.v3.ConnectionFactoryImpl.openConnectionImpl(ConnectionFactoryImpl.java:156)
	at org.postgresql.core.ConnectionFactory.openConnection(ConnectionFactory.java:49)
	at org.postgresql.jdbc.PgConnection.<init>(PgConnection.java:195)
	at org.postgresql.Driver.makeConnection(Driver.java:454)
	at org.postgresql.Driver.connect(Driver.java:256)
	at java.sql.DriverManager.getConnection(DriverManager.java:664)
	at java.sql.DriverManager.getConnection(DriverManager.java:208)
	at org.postgresql.test.TestUtil.openDB(TestUtil.java:312)
	at org.postgresql.test.jdbc2.BaseTest4.setUp(BaseTest4.java:83)
	at org.postgresql.test.jdbc3.GeneratedKeysTest.setUp(GeneratedKeysTest.java:92)
]]></error>
  </testcase>
  <testcase name="testMultipleRows[returningInQuery = A, binary = REGULAR]" classname="org.postgresql.test.jdbc3.GeneratedKeysTest" time="0">
    <error type="java.lang.NullPointerException:">java.lang.NullPointerException: null
	at org.postgresql.test.TestUtil.dropTable(TestUtil.java:517)
	at org.postgresql.test.jdbc3.GeneratedKeysTest.tearDown(GeneratedKeysTest.java:98)
</error>
  </testcase>
  <testcase name="testPSUpdate[returningInQuery = A, binary = REGULAR]" classname="org.postgresql.test.jdbc3.GeneratedKeysTest" time="0">
    <error message="Connection to localhost:5432 refused. Check that the hostname and port are correct and that the postmaster is accepting TCP/IP connections." type="org.postgresql.util.PSQLException"><![CDATA[org.postgresql.util.PSQLException: Connection to localhost:5432 refused. Check that the hostname and port are correct and that the postmaster is accepting TCP/IP connections.
	at java.net.PlainSocketImpl.socketConnect(Native Method)
	at java.net.AbstractPlainSocketImpl.doConnect(AbstractPlainSocketImpl.java:350)
	at java.net.AbstractPlainSocketImpl.connectToAddress(AbstractPlainSocketImpl.java:206)
	at java.net.AbstractPlainSocketImpl.connect(AbstractPlainSocketImpl.java:188)
	at java.net.SocksSocketImpl.connect(SocksSocketImpl.java:392)
	at java.net.Socket.connect(Socket.java:589)
	at org.postgresql.core.PGStream.<init>(PGStream.java:69)
	at org.postgresql.core.v3.ConnectionFactoryImpl.openConnectionImpl(ConnectionFactoryImpl.java:156)
	at org.postgresql.core.ConnectionFactory.openConnection(ConnectionFactory.java:49)
	at org.postgresql.jdbc.PgConnection.<init>(PgConnection.java:195)
	at org.postgresql.Driver.makeConnection(Driver.java:454)
	at org.postgresql.Driver.connect(Driver.java:256)
	at java.sql.DriverManager.getConnection(DriverManager.java:664)
	at java.sql.DriverManager.getConnection(DriverManager.java:208)
	at org.postgresql.test.TestUtil.openDB(TestUtil.java:312)
	at org.postgresql.test.jdbc2.BaseTest4.setUp(BaseTest4.java:83)
	at org.postgresql.test.jdbc3.GeneratedKeysTest.setUp(GeneratedKeysTest.java:92)
]]></error>
  </testcase>
  <testcase name="testPSUpdate[returningInQuery = A, binary = REGULAR]" classname="org.postgresql.test.jdbc3.GeneratedKeysTest" time="0">
    <error type="java.lang.NullPointerException:">java.lang.NullPointerException: null
	at org.postgresql.test.TestUtil.dropTable(TestUtil.java:517)
	at org.postgresql.test.jdbc3.GeneratedKeysTest.tearDown(GeneratedKeysTest.java:98)
</error>
  </testcase>
  <testcase name="breakDescribeOnFirstServerPreparedExecution[returningInQuery = A, binary = REGULAR]" classname="org.postgresql.test.jdbc3.GeneratedKeysTest" time="0">
    <error message="Connection to localhost:5432 refused. Check that the hostname and port are correct and that the postmaster is accepting TCP/IP connections." type="org.postgresql.util.PSQLException"><![CDATA[org.postgresql.util.PSQLException: Connection to localhost:5432 refused. Check that the hostname and port are correct and that the postmaster is accepting TCP/IP connections.
	at java.net.PlainSocketImpl.socketConnect(Native Method)
	at java.net.AbstractPlainSocketImpl.doConnect(AbstractPlainSocketImpl.java:350)
	at java.net.AbstractPlainSocketImpl.connectToAddress(AbstractPlainSocketImpl.java:206)
	at java.net.AbstractPlainSocketImpl.connect(AbstractPlainSocketImpl.java:188)
	at java.net.SocksSocketImpl.connect(SocksSocketImpl.java:392)
	at java.net.Socket.connect(Socket.java:589)
	at org.postgresql.core.PGStream.<init>(PGStream.java:69)
	at org.postgresql.core.v3.ConnectionFactoryImpl.openConnectionImpl(ConnectionFactoryImpl.java:156)
	at org.postgresql.core.ConnectionFactory.openConnection(ConnectionFactory.java:49)
	at org.postgresql.jdbc.PgConnection.<init>(PgConnection.java:195)
	at org.postgresql.Driver.makeConnection(Driver.java:454)
	at org.postgresql.Driver.connect(Driver.java:256)
	at java.sql.DriverManager.getConnection(DriverManager.java:664)
	at java.sql.DriverManager.getConnection(DriverManager.java:208)
	at org.postgresql.test.TestUtil.openDB(TestUtil.java:312)
	at org.postgresql.test.jdbc2.BaseTest4.setUp(BaseTest4.java:83)
	at org.postgresql.test.jdbc3.GeneratedKeysTest.setUp(GeneratedKeysTest.java:92)
]]></error>
  </testcase>
  <testcase name="breakDescribeOnFirstServerPreparedExecution[returningInQuery = A, binary = REGULAR]" classname="org.postgresql.test.jdbc3.GeneratedKeysTest" time="0">
    <error type="java.lang.NullPointerException:">java.lang.NullPointerException: null
	at org.postgresql.test.TestUtil.dropTable(TestUtil.java:517)
	at org.postgresql.test.jdbc3.GeneratedKeysTest.tearDown(GeneratedKeysTest.java:98)
</error>
  </testcase>
  <testcase name="testUpdate[returningInQuery = A, binary = REGULAR]" classname="org.postgresql.test.jdbc3.GeneratedKeysTest" time="0">
    <error message="Connection to localhost:5432 refused. Check that the hostname and port are correct and that the postmaster is accepting TCP/IP connections." type="org.postgresql.util.PSQLException"><![CDATA[org.postgresql.util.PSQLException: Connection to localhost:5432 refused. Check that the hostname and port are correct and that the postmaster is accepting TCP/IP connections.
	at java.net.PlainSocketImpl.socketConnect(Native Method)
	at java.net.AbstractPlainSocketImpl.doConnect(AbstractPlainSocketImpl.java:350)
	at java.net.AbstractPlainSocketImpl.connectToAddress(AbstractPlainSocketImpl.java:206)
	at java.net.AbstractPlainSocketImpl.connect(AbstractPlainSocketImpl.java:188)
	at java.net.SocksSocketImpl.connect(SocksSocketImpl.java:392)
	at java.net.Socket.connect(Socket.java:589)
	at org.postgresql.core.PGStream.<init>(PGStream.java:69)
	at org.postgresql.core.v3.ConnectionFactoryImpl.openConnectionImpl(ConnectionFactoryImpl.java:156)
	at org.postgresql.core.ConnectionFactory.openConnection(ConnectionFactory.java:49)
	at org.postgresql.jdbc.PgConnection.<init>(PgConnection.java:195)
	at org.postgresql.Driver.makeConnection(Driver.java:454)
	at org.postgresql.Driver.connect(Driver.java:256)
	at java.sql.DriverManager.getConnection(DriverManager.java:664)
	at java.sql.DriverManager.getConnection(DriverManager.java:208)
	at org.postgresql.test.TestUtil.openDB(TestUtil.java:312)
	at org.postgresql.test.jdbc2.BaseTest4.setUp(BaseTest4.java:83)
	at org.postgresql.test.jdbc3.GeneratedKeysTest.setUp(GeneratedKeysTest.java:92)
]]></error>
  </testcase>
  <testcase name="testUpdate[returningInQuery = A, binary = REGULAR]" classname="org.postgresql.test.jdbc3.GeneratedKeysTest" time="0">
    <error type="java.lang.NullPointerException:">java.lang.NullPointerException: null
	at org.postgresql.test.TestUtil.dropTable(TestUtil.java:517)
	at org.postgresql.test.jdbc3.GeneratedKeysTest.tearDown(GeneratedKeysTest.java:98)
</error>
  </testcase>
  <testcase name="testEmptyRSWithoutReturning[returningInQuery = A, binary = REGULAR]" classname="org.postgresql.test.jdbc3.GeneratedKeysTest" time="0">
    <error message="Connection to localhost:5432 refused. Check that the hostname and port are correct and that the postmaster is accepting TCP/IP connections." type="org.postgresql.util.PSQLException"><![CDATA[org.postgresql.util.PSQLException: Connection to localhost:5432 refused. Check that the hostname and port are correct and that the postmaster is accepting TCP/IP connections.
	at java.net.PlainSocketImpl.socketConnect(Native Method)
	at java.net.AbstractPlainSocketImpl.doConnect(AbstractPlainSocketImpl.java:350)
	at java.net.AbstractPlainSocketImpl.connectToAddress(AbstractPlainSocketImpl.java:206)
	at java.net.AbstractPlainSocketImpl.connect(AbstractPlainSocketImpl.java:188)
	at java.net.SocksSocketImpl.connect(SocksSocketImpl.java:392)
	at java.net.Socket.connect(Socket.java:589)
	at org.postgresql.core.PGStream.<init>(PGStream.java:69)
	at org.postgresql.core.v3.ConnectionFactoryImpl.openConnectionImpl(ConnectionFactoryImpl.java:156)
	at org.postgresql.core.ConnectionFactory.openConnection(ConnectionFactory.java:49)
	at org.postgresql.jdbc.PgConnection.<init>(PgConnection.java:195)
	at org.postgresql.Driver.makeConnection(Driver.java:454)
	at org.postgresql.Driver.connect(Driver.java:256)
	at java.sql.DriverManager.getConnection(DriverManager.java:664)
	at java.sql.DriverManager.getConnection(DriverManager.java:208)
	at org.postgresql.test.TestUtil.openDB(TestUtil.java:312)
	at org.postgresql.test.jdbc2.BaseTest4.setUp(BaseTest4.java:83)
	at org.postgresql.test.jdbc3.GeneratedKeysTest.setUp(GeneratedKeysTest.java:92)
]]></error>
  </testcase>
  <testcase name="testEmptyRSWithoutReturning[returningInQuery = A, binary = REGULAR]" classname="org.postgresql.test.jdbc3.GeneratedKeysTest" time="0">
    <error type="java.lang.NullPointerException:">java.lang.NullPointerException: null
	at org.postgresql.test.TestUtil.dropTable(TestUtil.java:517)
	at org.postgresql.test.jdbc3.GeneratedKeysTest.tearDown(GeneratedKeysTest.java:98)
</error>
  </testcase>
  <testcase name="testStatementUpdateCount[returningInQuery = A, binary = FORCE]" classname="org.postgresql.test.jdbc3.GeneratedKeysTest" time="0">
    <error message="Connection to localhost:5432 refused. Check that the hostname and port are correct and that the postmaster is accepting TCP/IP connections." type="org.postgresql.util.PSQLException"><![CDATA[org.postgresql.util.PSQLException: Connection to localhost:5432 refused. Check that the hostname and port are correct and that the postmaster is accepting TCP/IP connections.
	at java.net.PlainSocketImpl.socketConnect(Native Method)
	at java.net.AbstractPlainSocketImpl.doConnect(AbstractPlainSocketImpl.java:350)
	at java.net.AbstractPlainSocketImpl.connectToAddress(AbstractPlainSocketImpl.java:206)
	at java.net.AbstractPlainSocketImpl.connect(AbstractPlainSocketImpl.java:188)
	at java.net.SocksSocketImpl.connect(SocksSocketImpl.java:392)
	at java.net.Socket.connect(Socket.java:589)
	at org.postgresql.core.PGStream.<init>(PGStream.java:69)
	at org.postgresql.core.v3.ConnectionFactoryImpl.openConnectionImpl(ConnectionFactoryImpl.java:156)
	at org.postgresql.core.ConnectionFactory.openConnection(ConnectionFactory.java:49)
	at org.postgresql.jdbc.PgConnection.<init>(PgConnection.java:195)
	at org.postgresql.Driver.makeConnection(Driver.java:454)
	at org.postgresql.Driver.connect(Driver.java:256)
	at java.sql.DriverManager.getConnection(DriverManager.java:664)
	at java.sql.DriverManager.getConnection(DriverManager.java:208)
	at org.postgresql.test.TestUtil.openDB(TestUtil.java:312)
	at org.postgresql.test.jdbc2.BaseTest4.setUp(BaseTest4.java:83)
	at org.postgresql.test.jdbc3.GeneratedKeysTest.setUp(GeneratedKeysTest.java:92)
]]></error>
  </testcase>
  <testcase name="testStatementUpdateCount[returningInQuery = A, binary = FORCE]" classname="org.postgresql.test.jdbc3.GeneratedKeysTest" time="0">
    <error type="java.lang.NullPointerException:">java.lang.NullPointerException: null
	at org.postgresql.test.TestUtil.dropTable(TestUtil.java:517)
	at org.postgresql.test.jdbc3.GeneratedKeysTest.tearDown(GeneratedKeysTest.java:98)
</error>
  </testcase>
  <testcase name="testSerialWorks[returningInQuery = A, binary = FORCE]" classname="org.postgresql.test.jdbc3.GeneratedKeysTest" time="0">
    <error message="Connection to localhost:5432 refused. Check that the hostname and port are correct and that the postmaster is accepting TCP/IP connections." type="org.postgresql.util.PSQLException"><![CDATA[org.postgresql.util.PSQLException: Connection to localhost:5432 refused. Check that the hostname and port are correct and that the postmaster is accepting TCP/IP connections.
	at java.net.PlainSocketImpl.socketConnect(Native Method)
	at java.net.AbstractPlainSocketImpl.doConnect(AbstractPlainSocketImpl.java:350)
	at java.net.AbstractPlainSocketImpl.connectToAddress(AbstractPlainSocketImpl.java:206)
	at java.net.AbstractPlainSocketImpl.connect(AbstractPlainSocketImpl.java:188)
	at java.net.SocksSocketImpl.connect(SocksSocketImpl.java:392)
	at java.net.Socket.connect(Socket.java:589)
	at org.postgresql.core.PGStream.<init>(PGStream.java:69)
	at org.postgresql.core.v3.ConnectionFactoryImpl.openConnectionImpl(ConnectionFactoryImpl.java:156)
	at org.postgresql.core.ConnectionFactory.openConnection(ConnectionFactory.java:49)
	at org.postgresql.jdbc.PgConnection.<init>(PgConnection.java:195)
	at org.postgresql.Driver.makeConnection(Driver.java:454)
	at org.postgresql.Driver.connect(Driver.java:256)
	at java.sql.DriverManager.getConnection(DriverManager.java:664)
	at java.sql.DriverManager.getConnection(DriverManager.java:208)
	at org.postgresql.test.TestUtil.openDB(TestUtil.java:312)
	at org.postgresql.test.jdbc2.BaseTest4.setUp(BaseTest4.java:83)
	at org.postgresql.test.jdbc3.GeneratedKeysTest.setUp(GeneratedKeysTest.java:92)
]]></error>
  </testcase>
  <testcase name="testSerialWorks[returningInQuery = A, binary = FORCE]" classname="org.postgresql.test.jdbc3.GeneratedKeysTest" time="0">
    <error type="java.lang.NullPointerException:">java.lang.NullPointerException: null
	at org.postgresql.test.TestUtil.dropTable(TestUtil.java:517)
	at org.postgresql.test.jdbc3.GeneratedKeysTest.tearDown(GeneratedKeysTest.java:98)
</error>
  </testcase>
  <testcase name="selectWithGeneratedKeysViaNonPrepared[returningInQuery = A, binary = FORCE]" classname="org.postgresql.test.jdbc3.GeneratedKeysTest" time="0">
    <error message="Connection to localhost:5432 refused. Check that the hostname and port are correct and that the postmaster is accepting TCP/IP connections." type="org.postgresql.util.PSQLException"><![CDATA[org.postgresql.util.PSQLException: Connection to localhost:5432 refused. Check that the hostname and port are correct and that the postmaster is accepting TCP/IP connections.
	at java.net.PlainSocketImpl.socketConnect(Native Method)
	at java.net.AbstractPlainSocketImpl.doConnect(AbstractPlainSocketImpl.java:350)
	at java.net.AbstractPlainSocketImpl.connectToAddress(AbstractPlainSocketImpl.java:206)
	at java.net.AbstractPlainSocketImpl.connect(AbstractPlainSocketImpl.java:188)
	at java.net.SocksSocketImpl.connect(SocksSocketImpl.java:392)
	at java.net.Socket.connect(Socket.java:589)
	at org.postgresql.core.PGStream.<init>(PGStream.java:69)
	at org.postgresql.core.v3.ConnectionFactoryImpl.openConnectionImpl(ConnectionFactoryImpl.java:156)
	at org.postgresql.core.ConnectionFactory.openConnection(ConnectionFactory.java:49)
	at org.postgresql.jdbc.PgConnection.<init>(PgConnection.java:195)
	at org.postgresql.Driver.makeConnection(Driver.java:454)
	at org.postgresql.Driver.connect(Driver.java:256)
	at java.sql.DriverManager.getConnection(DriverManager.java:664)
	at java.sql.DriverManager.getConnection(DriverManager.java:208)
	at org.postgresql.test.TestUtil.openDB(TestUtil.java:312)
	at org.postgresql.test.jdbc2.BaseTest4.setUp(BaseTest4.java:83)
	at org.postgresql.test.jdbc3.GeneratedKeysTest.setUp(GeneratedKeysTest.java:92)
]]></error>
  </testcase>
  <testcase name="selectWithGeneratedKeysViaNonPrepared[returningInQuery = A, binary = FORCE]" classname="org.postgresql.test.jdbc3.GeneratedKeysTest" time="0">
    <error type="java.lang.NullPointerException:">java.lang.NullPointerException: null
	at org.postgresql.test.TestUtil.dropTable(TestUtil.java:517)
	at org.postgresql.test.jdbc3.GeneratedKeysTest.tearDown(GeneratedKeysTest.java:98)
</error>
  </testcase>
  <testcase name="testGeneratedKeysCleared[returningInQuery = A, binary = FORCE]" classname="org.postgresql.test.jdbc3.GeneratedKeysTest" time="0">
    <error message="Connection to localhost:5432 refused. Check that the hostname and port are correct and that the postmaster is accepting TCP/IP connections." type="org.postgresql.util.PSQLException"><![CDATA[org.postgresql.util.PSQLException: Connection to localhost:5432 refused. Check that the hostname and port are correct and that the postmaster is accepting TCP/IP connections.
	at java.net.PlainSocketImpl.socketConnect(Native Method)
	at java.net.AbstractPlainSocketImpl.doConnect(AbstractPlainSocketImpl.java:350)
	at java.net.AbstractPlainSocketImpl.connectToAddress(AbstractPlainSocketImpl.java:206)
	at java.net.AbstractPlainSocketImpl.connect(AbstractPlainSocketImpl.java:188)
	at java.net.SocksSocketImpl.connect(SocksSocketImpl.java:392)
	at java.net.Socket.connect(Socket.java:589)
	at org.postgresql.core.PGStream.<init>(PGStream.java:69)
	at org.postgresql.core.v3.ConnectionFactoryImpl.openConnectionImpl(ConnectionFactoryImpl.java:156)
	at org.postgresql.core.ConnectionFactory.openConnection(ConnectionFactory.java:49)
	at org.postgresql.jdbc.PgConnection.<init>(PgConnection.java:195)
	at org.postgresql.Driver.makeConnection(Driver.java:454)
	at org.postgresql.Driver.connect(Driver.java:256)
	at java.sql.DriverManager.getConnection(DriverManager.java:664)
	at java.sql.DriverManager.getConnection(DriverManager.java:208)
	at org.postgresql.test.TestUtil.openDB(TestUtil.java:312)
	at org.postgresql.test.jdbc2.BaseTest4.setUp(BaseTest4.java:83)
	at org.postgresql.test.jdbc3.GeneratedKeysTest.setUp(GeneratedKeysTest.java:92)
]]></error>
  </testcase>
  <testcase name="testGeneratedKeysCleared[returningInQuery = A, binary = FORCE]" classname="org.postgresql.test.jdbc3.GeneratedKeysTest" time="0">
    <error type="java.lang.NullPointerException:">java.lang.NullPointerException: null
	at org.postgresql.test.TestUtil.dropTable(TestUtil.java:517)
	at org.postgresql.test.jdbc3.GeneratedKeysTest.tearDown(GeneratedKeysTest.java:98)
</error>
  </testcase>
  <testcase name="testBatchGeneratedKeys[returningInQuery = A, binary = FORCE]" classname="org.postgresql.test.jdbc3.GeneratedKeysTest" time="0">
    <error message="Connection to localhost:5432 refused. Check that the hostname and port are correct and that the postmaster is accepting TCP/IP connections." type="org.postgresql.util.PSQLException"><![CDATA[org.postgresql.util.PSQLException: Connection to localhost:5432 refused. Check that the hostname and port are correct and that the postmaster is accepting TCP/IP connections.
	at java.net.PlainSocketImpl.socketConnect(Native Method)
	at java.net.AbstractPlainSocketImpl.doConnect(AbstractPlainSocketImpl.java:350)
	at java.net.AbstractPlainSocketImpl.connectToAddress(AbstractPlainSocketImpl.java:206)
	at java.net.AbstractPlainSocketImpl.connect(AbstractPlainSocketImpl.java:188)
	at java.net.SocksSocketImpl.connect(SocksSocketImpl.java:392)
	at java.net.Socket.connect(Socket.java:589)
	at org.postgresql.core.PGStream.<init>(PGStream.java:69)
	at org.postgresql.core.v3.ConnectionFactoryImpl.openConnectionImpl(ConnectionFactoryImpl.java:156)
	at org.postgresql.core.ConnectionFactory.openConnection(ConnectionFactory.java:49)
	at org.postgresql.jdbc.PgConnection.<init>(PgConnection.java:195)
	at org.postgresql.Driver.makeConnection(Driver.java:454)
	at org.postgresql.Driver.connect(Driver.java:256)
	at java.sql.DriverManager.getConnection(DriverManager.java:664)
	at java.sql.DriverManager.getConnection(DriverManager.java:208)
	at org.postgresql.test.TestUtil.openDB(TestUtil.java:312)
	at org.postgresql.test.jdbc2.BaseTest4.setUp(BaseTest4.java:83)
	at org.postgresql.test.jdbc3.GeneratedKeysTest.setUp(GeneratedKeysTest.java:92)
]]></error>
  </testcase>
  <testcase name="testBatchGeneratedKeys[returningInQuery = A, binary = FORCE]" classname="org.postgresql.test.jdbc3.GeneratedKeysTest" time="0">
    <error type="java.lang.NullPointerException:">java.lang.NullPointerException: null
	at org.postgresql.test.TestUtil.dropTable(TestUtil.java:517)
	at org.postgresql.test.jdbc3.GeneratedKeysTest.tearDown(GeneratedKeysTest.java:98)
</error>
  </testcase>
  <testcase name="testGeneratedKeys[returningInQuery = A, binary = FORCE]" classname="org.postgresql.test.jdbc3.GeneratedKeysTest" time="0">
    <error message="Connection to localhost:5432 refused. Check that the hostname and port are correct and that the postmaster is accepting TCP/IP connections." type="org.postgresql.util.PSQLException"><![CDATA[org.postgresql.util.PSQLException: Connection to localhost:5432 refused. Check that the hostname and port are correct and that the postmaster is accepting TCP/IP connections.
	at java.net.PlainSocketImpl.socketConnect(Native Method)
	at java.net.AbstractPlainSocketImpl.doConnect(AbstractPlainSocketImpl.java:350)
	at java.net.AbstractPlainSocketImpl.connectToAddress(AbstractPlainSocketImpl.java:206)
	at java.net.AbstractPlainSocketImpl.connect(AbstractPlainSocketImpl.java:188)
	at java.net.SocksSocketImpl.connect(SocksSocketImpl.java:392)
	at java.net.Socket.connect(Socket.java:589)
	at org.postgresql.core.PGStream.<init>(PGStream.java:69)
	at org.postgresql.core.v3.ConnectionFactoryImpl.openConnectionImpl(ConnectionFactoryImpl.java:156)
	at org.postgresql.core.ConnectionFactory.openConnection(ConnectionFactory.java:49)
	at org.postgresql.jdbc.PgConnection.<init>(PgConnection.java:195)
	at org.postgresql.Driver.makeConnection(Driver.java:454)
	at org.postgresql.Driver.connect(Driver.java:256)
	at java.sql.DriverManager.getConnection(DriverManager.java:664)
	at java.sql.DriverManager.getConnection(DriverManager.java:208)
	at org.postgresql.test.TestUtil.openDB(TestUtil.java:312)
	at org.postgresql.test.jdbc2.BaseTest4.setUp(BaseTest4.java:83)
	at org.postgresql.test.jdbc3.GeneratedKeysTest.setUp(GeneratedKeysTest.java:92)
]]></error>
  </testcase>
  <testcase name="testGeneratedKeys[returningInQuery = A, binary = FORCE]" classname="org.postgresql.test.jdbc3.GeneratedKeysTest" time="0">
    <error type="java.lang.NullPointerException:">java.lang.NullPointerException: null
	at org.postgresql.test.TestUtil.dropTable(TestUtil.java:517)
	at org.postgresql.test.jdbc3.GeneratedKeysTest.tearDown(GeneratedKeysTest.java:98)
</error>
  </testcase>
  <testcase name="testWithInsertInsert[returningInQuery = A, binary = FORCE]" classname="org.postgresql.test.jdbc3.GeneratedKeysTest" time="0">
    <error message="Connection to localhost:5432 refused. Check that the hostname and port are correct and that the postmaster is accepting TCP/IP connections." type="org.postgresql.util.PSQLException"><![CDATA[org.postgresql.util.PSQLException: Connection to localhost:5432 refused. Check that the hostname and port are correct and that the postmaster is accepting TCP/IP connections.
	at java.net.PlainSocketImpl.socketConnect(Native Method)
	at java.net.AbstractPlainSocketImpl.doConnect(AbstractPlainSocketImpl.java:350)
	at java.net.AbstractPlainSocketImpl.connectToAddress(AbstractPlainSocketImpl.java:206)
	at java.net.AbstractPlainSocketImpl.connect(AbstractPlainSocketImpl.java:188)
	at java.net.SocksSocketImpl.connect(SocksSocketImpl.java:392)
	at java.net.Socket.connect(Socket.java:589)
	at org.postgresql.core.PGStream.<init>(PGStream.java:69)
	at org.postgresql.core.v3.ConnectionFactoryImpl.openConnectionImpl(ConnectionFactoryImpl.java:156)
	at org.postgresql.core.ConnectionFactory.openConnection(ConnectionFactory.java:49)
	at org.postgresql.jdbc.PgConnection.<init>(PgConnection.java:195)
	at org.postgresql.Driver.makeConnection(Driver.java:454)
	at org.postgresql.Driver.connect(Driver.java:256)
	at java.sql.DriverManager.getConnection(DriverManager.java:664)
	at java.sql.DriverManager.getConnection(DriverManager.java:208)
	at org.postgresql.test.TestUtil.openDB(TestUtil.java:312)
	at org.postgresql.test.jdbc2.BaseTest4.setUp(BaseTest4.java:83)
	at org.postgresql.test.jdbc3.GeneratedKeysTest.setUp(GeneratedKeysTest.java:92)
]]></error>
  </testcase>
  <testcase name="testWithInsertInsert[returningInQuery = A, binary = FORCE]" classname="org.postgresql.test.jdbc3.GeneratedKeysTest" time="0">
    <error type="java.lang.NullPointerException:">java.lang.NullPointerException: null
	at org.postgresql.test.TestUtil.dropTable(TestUtil.java:517)
	at org.postgresql.test.jdbc3.GeneratedKeysTest.tearDown(GeneratedKeysTest.java:98)
</error>
  </testcase>
  <testcase name="testWithInsertSelect[returningInQuery = A, binary = FORCE]" classname="org.postgresql.test.jdbc3.GeneratedKeysTest" time="0">
    <error message="Connection to localhost:5432 refused. Check that the hostname and port are correct and that the postmaster is accepting TCP/IP connections." type="org.postgresql.util.PSQLException"><![CDATA[org.postgresql.util.PSQLException: Connection to localhost:5432 refused. Check that the hostname and port are correct and that the postmaster is accepting TCP/IP connections.
	at java.net.PlainSocketImpl.socketConnect(Native Method)
	at java.net.AbstractPlainSocketImpl.doConnect(AbstractPlainSocketImpl.java:350)
	at java.net.AbstractPlainSocketImpl.connectToAddress(AbstractPlainSocketImpl.java:206)
	at java.net.AbstractPlainSocketImpl.connect(AbstractPlainSocketImpl.java:188)
	at java.net.SocksSocketImpl.connect(SocksSocketImpl.java:392)
	at java.net.Socket.connect(Socket.java:589)
	at org.postgresql.core.PGStream.<init>(PGStream.java:69)
	at org.postgresql.core.v3.ConnectionFactoryImpl.openConnectionImpl(ConnectionFactoryImpl.java:156)
	at org.postgresql.core.ConnectionFactory.openConnection(ConnectionFactory.java:49)
	at org.postgresql.jdbc.PgConnection.<init>(PgConnection.java:195)
	at org.postgresql.Driver.makeConnection(Driver.java:454)
	at org.postgresql.Driver.connect(Driver.java:256)
	at java.sql.DriverManager.getConnection(DriverManager.java:664)
	at java.sql.DriverManager.getConnection(DriverManager.java:208)
	at org.postgresql.test.TestUtil.openDB(TestUtil.java:312)
	at org.postgresql.test.jdbc2.BaseTest4.setUp(BaseTest4.java:83)
	at org.postgresql.test.jdbc3.GeneratedKeysTest.setUp(GeneratedKeysTest.java:92)
]]></error>
  </testcase>
  <testcase name="testWithInsertSelect[returningInQuery = A, binary = FORCE]" classname="org.postgresql.test.jdbc3.GeneratedKeysTest" time="0">
    <error type="java.lang.NullPointerException:">java.lang.NullPointerException: null
	at org.postgresql.test.TestUtil.dropTable(TestUtil.java:517)
	at org.postgresql.test.jdbc3.GeneratedKeysTest.tearDown(GeneratedKeysTest.java:98)
</error>
  </testcase>
  <testcase name="testCloseStatementClosesRS[returningInQuery = A, binary = FORCE]" classname="org.postgresql.test.jdbc3.GeneratedKeysTest" time="0">
    <error message="Connection to localhost:5432 refused. Check that the hostname and port are correct and that the postmaster is accepting TCP/IP connections." type="org.postgresql.util.PSQLException"><![CDATA[org.postgresql.util.PSQLException: Connection to localhost:5432 refused. Check that the hostname and port are correct and that the postmaster is accepting TCP/IP connections.
	at java.net.PlainSocketImpl.socketConnect(Native Method)
	at java.net.AbstractPlainSocketImpl.doConnect(AbstractPlainSocketImpl.java:350)
	at java.net.AbstractPlainSocketImpl.connectToAddress(AbstractPlainSocketImpl.java:206)
	at java.net.AbstractPlainSocketImpl.connect(AbstractPlainSocketImpl.java:188)
	at java.net.SocksSocketImpl.connect(SocksSocketImpl.java:392)
	at java.net.Socket.connect(Socket.java:589)
	at org.postgresql.core.PGStream.<init>(PGStream.java:69)
	at org.postgresql.core.v3.ConnectionFactoryImpl.openConnectionImpl(ConnectionFactoryImpl.java:156)
	at org.postgresql.core.ConnectionFactory.openConnection(ConnectionFactory.java:49)
	at org.postgresql.jdbc.PgConnection.<init>(PgConnection.java:195)
	at org.postgresql.Driver.makeConnection(Driver.java:454)
	at org.postgresql.Driver.connect(Driver.java:256)
	at java.sql.DriverManager.getConnection(DriverManager.java:664)
	at java.sql.DriverManager.getConnection(DriverManager.java:208)
	at org.postgresql.test.TestUtil.openDB(TestUtil.java:312)
	at org.postgresql.test.jdbc2.BaseTest4.setUp(BaseTest4.java:83)
	at org.postgresql.test.jdbc3.GeneratedKeysTest.setUp(GeneratedKeysTest.java:92)
]]></error>
  </testcase>
  <testcase name="testCloseStatementClosesRS[returningInQuery = A, binary = FORCE]" classname="org.postgresql.test.jdbc3.GeneratedKeysTest" time="0">
    <error type="java.lang.NullPointerException:">java.lang.NullPointerException: null
	at org.postgresql.test.TestUtil.dropTable(TestUtil.java:517)
	at org.postgresql.test.jdbc3.GeneratedKeysTest.tearDown(GeneratedKeysTest.java:98)
</error>
  </testcase>
  <testcase name="selectWithGeneratedKeysViaPreparedExecute[returningInQuery = A, binary = FORCE]" classname="org.postgresql.test.jdbc3.GeneratedKeysTest" time="0">
    <error message="Connection to localhost:5432 refused. Check that the hostname and port are correct and that the postmaster is accepting TCP/IP connections." type="org.postgresql.util.PSQLException"><![CDATA[org.postgresql.util.PSQLException: Connection to localhost:5432 refused. Check that the hostname and port are correct and that the postmaster is accepting TCP/IP connections.
	at java.net.PlainSocketImpl.socketConnect(Native Method)
	at java.net.AbstractPlainSocketImpl.doConnect(AbstractPlainSocketImpl.java:350)
	at java.net.AbstractPlainSocketImpl.connectToAddress(AbstractPlainSocketImpl.java:206)
	at java.net.AbstractPlainSocketImpl.connect(AbstractPlainSocketImpl.java:188)
	at java.net.SocksSocketImpl.connect(SocksSocketImpl.java:392)
	at java.net.Socket.connect(Socket.java:589)
	at org.postgresql.core.PGStream.<init>(PGStream.java:69)
	at org.postgresql.core.v3.ConnectionFactoryImpl.openConnectionImpl(ConnectionFactoryImpl.java:156)
	at org.postgresql.core.ConnectionFactory.openConnection(ConnectionFactory.java:49)
	at org.postgresql.jdbc.PgConnection.<init>(PgConnection.java:195)
	at org.postgresql.Driver.makeConnection(Driver.java:454)
	at org.postgresql.Driver.connect(Driver.java:256)
	at java.sql.DriverManager.getConnection(DriverManager.java:664)
	at java.sql.DriverManager.getConnection(DriverManager.java:208)
	at org.postgresql.test.TestUtil.openDB(TestUtil.java:312)
	at org.postgresql.test.jdbc2.BaseTest4.setUp(BaseTest4.java:83)
	at org.postgresql.test.jdbc3.GeneratedKeysTest.setUp(GeneratedKeysTest.java:92)
]]></error>
  </testcase>
  <testcase name="selectWithGeneratedKeysViaPreparedExecute[returningInQuery = A, binary = FORCE]" classname="org.postgresql.test.jdbc3.GeneratedKeysTest" time="0">
    <error type="java.lang.NullPointerException:">java.lang.NullPointerException: null
	at org.postgresql.test.TestUtil.dropTable(TestUtil.java:517)
	at org.postgresql.test.jdbc3.GeneratedKeysTest.tearDown(GeneratedKeysTest.java:98)
</error>
  </testcase>
  <testcase name="selectWithGeneratedKeysViaPreparedExecuteQuery[returningInQuery = A, binary = FORCE]" classname="org.postgresql.test.jdbc3.GeneratedKeysTest" time="0.001">
    <error message="Connection to localhost:5432 refused. Check that the hostname and port are correct and that the postmaster is accepting TCP/IP connections." type="org.postgresql.util.PSQLException"><![CDATA[org.postgresql.util.PSQLException: Connection to localhost:5432 refused. Check that the hostname and port are correct and that the postmaster is accepting TCP/IP connections.
	at java.net.PlainSocketImpl.socketConnect(Native Method)
	at java.net.AbstractPlainSocketImpl.doConnect(AbstractPlainSocketImpl.java:350)
	at java.net.AbstractPlainSocketImpl.connectToAddress(AbstractPlainSocketImpl.java:206)
	at java.net.AbstractPlainSocketImpl.connect(AbstractPlainSocketImpl.java:188)
	at java.net.SocksSocketImpl.connect(SocksSocketImpl.java:392)
	at java.net.Socket.connect(Socket.java:589)
	at org.postgresql.core.PGStream.<init>(PGStream.java:69)
	at org.postgresql.core.v3.ConnectionFactoryImpl.openConnectionImpl(ConnectionFactoryImpl.java:156)
	at org.postgresql.core.ConnectionFactory.openConnection(ConnectionFactory.java:49)
	at org.postgresql.jdbc.PgConnection.<init>(PgConnection.java:195)
	at org.postgresql.Driver.makeConnection(Driver.java:454)
	at org.postgresql.Driver.connect(Driver.java:256)
	at java.sql.DriverManager.getConnection(DriverManager.java:664)
	at java.sql.DriverManager.getConnection(DriverManager.java:208)
	at org.postgresql.test.TestUtil.openDB(TestUtil.java:312)
	at org.postgresql.test.jdbc2.BaseTest4.setUp(BaseTest4.java:83)
	at org.postgresql.test.jdbc3.GeneratedKeysTest.setUp(GeneratedKeysTest.java:92)
]]></error>
  </testcase>
  <testcase name="selectWithGeneratedKeysViaPreparedExecuteQuery[returningInQuery = A, binary = FORCE]" classname="org.postgresql.test.jdbc3.GeneratedKeysTest" time="0.001">
    <error type="java.lang.NullPointerException:">java.lang.NullPointerException: null
	at org.postgresql.test.TestUtil.dropTable(TestUtil.java:517)
	at org.postgresql.test.jdbc3.GeneratedKeysTest.tearDown(GeneratedKeysTest.java:98)
</error>
  </testcase>
  <testcase name="testReturningWithTrailingSemicolon[returningInQuery = A, binary = FORCE]" classname="org.postgresql.test.jdbc3.GeneratedKeysTest" time="0">
    <error message="Connection to localhost:5432 refused. Check that the hostname and port are correct and that the postmaster is accepting TCP/IP connections." type="org.postgresql.util.PSQLException"><![CDATA[org.postgresql.util.PSQLException: Connection to localhost:5432 refused. Check that the hostname and port are correct and that the postmaster is accepting TCP/IP connections.
	at java.net.PlainSocketImpl.socketConnect(Native Method)
	at java.net.AbstractPlainSocketImpl.doConnect(AbstractPlainSocketImpl.java:350)
	at java.net.AbstractPlainSocketImpl.connectToAddress(AbstractPlainSocketImpl.java:206)
	at java.net.AbstractPlainSocketImpl.connect(AbstractPlainSocketImpl.java:188)
	at java.net.SocksSocketImpl.connect(SocksSocketImpl.java:392)
	at java.net.Socket.connect(Socket.java:589)
	at org.postgresql.core.PGStream.<init>(PGStream.java:69)
	at org.postgresql.core.v3.ConnectionFactoryImpl.openConnectionImpl(ConnectionFactoryImpl.java:156)
	at org.postgresql.core.ConnectionFactory.openConnection(ConnectionFactory.java:49)
	at org.postgresql.jdbc.PgConnection.<init>(PgConnection.java:195)
	at org.postgresql.Driver.makeConnection(Driver.java:454)
	at org.postgresql.Driver.connect(Driver.java:256)
	at java.sql.DriverManager.getConnection(DriverManager.java:664)
	at java.sql.DriverManager.getConnection(DriverManager.java:208)
	at org.postgresql.test.TestUtil.openDB(TestUtil.java:312)
	at org.postgresql.test.jdbc2.BaseTest4.setUp(BaseTest4.java:83)
	at org.postgresql.test.jdbc3.GeneratedKeysTest.setUp(GeneratedKeysTest.java:92)
]]></error>
  </testcase>
  <testcase name="testReturningWithTrailingSemicolon[returningInQuery = A, binary = FORCE]" classname="org.postgresql.test.jdbc3.GeneratedKeysTest" time="0">
    <error type="java.lang.NullPointerException:">java.lang.NullPointerException: null
	at org.postgresql.test.TestUtil.dropTable(TestUtil.java:517)
	at org.postgresql.test.jdbc3.GeneratedKeysTest.tearDown(GeneratedKeysTest.java:98)
</error>
  </testcase>
  <testcase name="testPSDelete[returningInQuery = A, binary = FORCE]" classname="org.postgresql.test.jdbc3.GeneratedKeysTest" time="0">
    <error message="Connection to localhost:5432 refused. Check that the hostname and port are correct and that the postmaster is accepting TCP/IP connections." type="org.postgresql.util.PSQLException"><![CDATA[org.postgresql.util.PSQLException: Connection to localhost:5432 refused. Check that the hostname and port are correct and that the postmaster is accepting TCP/IP connections.
	at java.net.PlainSocketImpl.socketConnect(Native Method)
	at java.net.AbstractPlainSocketImpl.doConnect(AbstractPlainSocketImpl.java:350)
	at java.net.AbstractPlainSocketImpl.connectToAddress(AbstractPlainSocketImpl.java:206)
	at java.net.AbstractPlainSocketImpl.connect(AbstractPlainSocketImpl.java:188)
	at java.net.SocksSocketImpl.connect(SocksSocketImpl.java:392)
	at java.net.Socket.connect(Socket.java:589)
	at org.postgresql.core.PGStream.<init>(PGStream.java:69)
	at org.postgresql.core.v3.ConnectionFactoryImpl.openConnectionImpl(ConnectionFactoryImpl.java:156)
	at org.postgresql.core.ConnectionFactory.openConnection(ConnectionFactory.java:49)
	at org.postgresql.jdbc.PgConnection.<init>(PgConnection.java:195)
	at org.postgresql.Driver.makeConnection(Driver.java:454)
	at org.postgresql.Driver.connect(Driver.java:256)
	at java.sql.DriverManager.getConnection(DriverManager.java:664)
	at java.sql.DriverManager.getConnection(DriverManager.java:208)
	at org.postgresql.test.TestUtil.openDB(TestUtil.java:312)
	at org.postgresql.test.jdbc2.BaseTest4.setUp(BaseTest4.java:83)
	at org.postgresql.test.jdbc3.GeneratedKeysTest.setUp(GeneratedKeysTest.java:92)
]]></error>
  </testcase>
  <testcase name="testPSDelete[returningInQuery = A, binary = FORCE]" classname="org.postgresql.test.jdbc3.GeneratedKeysTest" time="0">
    <error type="java.lang.NullPointerException:">java.lang.NullPointerException: null
	at org.postgresql.test.TestUtil.dropTable(TestUtil.java:517)
	at org.postgresql.test.jdbc3.GeneratedKeysTest.tearDown(GeneratedKeysTest.java:98)
</error>
  </testcase>
  <testcase name="testDelete[returningInQuery = A, binary = FORCE]" classname="org.postgresql.test.jdbc3.GeneratedKeysTest" time="0">
    <error message="Connection to localhost:5432 refused. Check that the hostname and port are correct and that the postmaster is accepting TCP/IP connections." type="org.postgresql.util.PSQLException"><![CDATA[org.postgresql.util.PSQLException: Connection to localhost:5432 refused. Check that the hostname and port are correct and that the postmaster is accepting TCP/IP connections.
	at java.net.PlainSocketImpl.socketConnect(Native Method)
	at java.net.AbstractPlainSocketImpl.doConnect(AbstractPlainSocketImpl.java:350)
	at java.net.AbstractPlainSocketImpl.connectToAddress(AbstractPlainSocketImpl.java:206)
	at java.net.AbstractPlainSocketImpl.connect(AbstractPlainSocketImpl.java:188)
	at java.net.SocksSocketImpl.connect(SocksSocketImpl.java:392)
	at java.net.Socket.connect(Socket.java:589)
	at org.postgresql.core.PGStream.<init>(PGStream.java:69)
	at org.postgresql.core.v3.ConnectionFactoryImpl.openConnectionImpl(ConnectionFactoryImpl.java:156)
	at org.postgresql.core.ConnectionFactory.openConnection(ConnectionFactory.java:49)
	at org.postgresql.jdbc.PgConnection.<init>(PgConnection.java:195)
	at org.postgresql.Driver.makeConnection(Driver.java:454)
	at org.postgresql.Driver.connect(Driver.java:256)
	at java.sql.DriverManager.getConnection(DriverManager.java:664)
	at java.sql.DriverManager.getConnection(DriverManager.java:208)
	at org.postgresql.test.TestUtil.openDB(TestUtil.java:312)
	at org.postgresql.test.jdbc2.BaseTest4.setUp(BaseTest4.java:83)
	at org.postgresql.test.jdbc3.GeneratedKeysTest.setUp(GeneratedKeysTest.java:92)
]]></error>
  </testcase>
  <testcase name="testDelete[returningInQuery = A, binary = FORCE]" classname="org.postgresql.test.jdbc3.GeneratedKeysTest" time="0">
    <error type="java.lang.NullPointerException:">java.lang.NullPointerException: null
	at org.postgresql.test.TestUtil.dropTable(TestUtil.java:517)
	at org.postgresql.test.jdbc3.GeneratedKeysTest.tearDown(GeneratedKeysTest.java:98)
</error>
  </testcase>
  <testcase name="testMultipleRows[returningInQuery = A, binary = FORCE]" classname="org.postgresql.test.jdbc3.GeneratedKeysTest" time="0">
    <error message="Connection to localhost:5432 refused. Check that the hostname and port are correct and that the postmaster is accepting TCP/IP connections." type="org.postgresql.util.PSQLException"><![CDATA[org.postgresql.util.PSQLException: Connection to localhost:5432 refused. Check that the hostname and port are correct and that the postmaster is accepting TCP/IP connections.
	at java.net.PlainSocketImpl.socketConnect(Native Method)
	at java.net.AbstractPlainSocketImpl.doConnect(AbstractPlainSocketImpl.java:350)
	at java.net.AbstractPlainSocketImpl.connectToAddress(AbstractPlainSocketImpl.java:206)
	at java.net.AbstractPlainSocketImpl.connect(AbstractPlainSocketImpl.java:188)
	at java.net.SocksSocketImpl.connect(SocksSocketImpl.java:392)
	at java.net.Socket.connect(Socket.java:589)
	at org.postgresql.core.PGStream.<init>(PGStream.java:69)
	at org.postgresql.core.v3.ConnectionFactoryImpl.openConnectionImpl(ConnectionFactoryImpl.java:156)
	at org.postgresql.core.ConnectionFactory.openConnection(ConnectionFactory.java:49)
	at org.postgresql.jdbc.PgConnection.<init>(PgConnection.java:195)
	at org.postgresql.Driver.makeConnection(Driver.java:454)
	at org.postgresql.Driver.connect(Driver.java:256)
	at java.sql.DriverManager.getConnection(DriverManager.java:664)
	at java.sql.DriverManager.getConnection(DriverManager.java:208)
	at org.postgresql.test.TestUtil.openDB(TestUtil.java:312)
	at org.postgresql.test.jdbc2.BaseTest4.setUp(BaseTest4.java:83)
	at org.postgresql.test.jdbc3.GeneratedKeysTest.setUp(GeneratedKeysTest.java:92)
]]></error>
  </testcase>
  <testcase name="testMultipleRows[returningInQuery = A, binary = FORCE]" classname="org.postgresql.test.jdbc3.GeneratedKeysTest" time="0">
    <error type="java.lang.NullPointerException:">java.lang.NullPointerException: null
	at org.postgresql.test.TestUtil.dropTable(TestUtil.java:517)
	at org.postgresql.test.jdbc3.GeneratedKeysTest.tearDown(GeneratedKeysTest.java:98)
</error>
  </testcase>
  <testcase name="testPSUpdate[returningInQuery = A, binary = FORCE]" classname="org.postgresql.test.jdbc3.GeneratedKeysTest" time="0">
    <error message="Connection to localhost:5432 refused. Check that the hostname and port are correct and that the postmaster is accepting TCP/IP connections." type="org.postgresql.util.PSQLException"><![CDATA[org.postgresql.util.PSQLException: Connection to localhost:5432 refused. Check that the hostname and port are correct and that the postmaster is accepting TCP/IP connections.
	at java.net.PlainSocketImpl.socketConnect(Native Method)
	at java.net.AbstractPlainSocketImpl.doConnect(AbstractPlainSocketImpl.java:350)
	at java.net.AbstractPlainSocketImpl.connectToAddress(AbstractPlainSocketImpl.java:206)
	at java.net.AbstractPlainSocketImpl.connect(AbstractPlainSocketImpl.java:188)
	at java.net.SocksSocketImpl.connect(SocksSocketImpl.java:392)
	at java.net.Socket.connect(Socket.java:589)
	at org.postgresql.core.PGStream.<init>(PGStream.java:69)
	at org.postgresql.core.v3.ConnectionFactoryImpl.openConnectionImpl(ConnectionFactoryImpl.java:156)
	at org.postgresql.core.ConnectionFactory.openConnection(ConnectionFactory.java:49)
	at org.postgresql.jdbc.PgConnection.<init>(PgConnection.java:195)
	at org.postgresql.Driver.makeConnection(Driver.java:454)
	at org.postgresql.Driver.connect(Driver.java:256)
	at java.sql.DriverManager.getConnection(DriverManager.java:664)
	at java.sql.DriverManager.getConnection(DriverManager.java:208)
	at org.postgresql.test.TestUtil.openDB(TestUtil.java:312)
	at org.postgresql.test.jdbc2.BaseTest4.setUp(BaseTest4.java:83)
	at org.postgresql.test.jdbc3.GeneratedKeysTest.setUp(GeneratedKeysTest.java:92)
]]></error>
  </testcase>
  <testcase name="testPSUpdate[returningInQuery = A, binary = FORCE]" classname="org.postgresql.test.jdbc3.GeneratedKeysTest" time="0">
    <error type="java.lang.NullPointerException:">java.lang.NullPointerException: null
	at org.postgresql.test.TestUtil.dropTable(TestUtil.java:517)
	at org.postgresql.test.jdbc3.GeneratedKeysTest.tearDown(GeneratedKeysTest.java:98)
</error>
  </testcase>
  <testcase name="breakDescribeOnFirstServerPreparedExecution[returningInQuery = A, binary = FORCE]" classname="org.postgresql.test.jdbc3.GeneratedKeysTest" time="0">
    <error message="Connection to localhost:5432 refused. Check that the hostname and port are correct and that the postmaster is accepting TCP/IP connections." type="org.postgresql.util.PSQLException"><![CDATA[org.postgresql.util.PSQLException: Connection to localhost:5432 refused. Check that the hostname and port are correct and that the postmaster is accepting TCP/IP connections.
	at java.net.PlainSocketImpl.socketConnect(Native Method)
	at java.net.AbstractPlainSocketImpl.doConnect(AbstractPlainSocketImpl.java:350)
	at java.net.AbstractPlainSocketImpl.connectToAddress(AbstractPlainSocketImpl.java:206)
	at java.net.AbstractPlainSocketImpl.connect(AbstractPlainSocketImpl.java:188)
	at java.net.SocksSocketImpl.connect(SocksSocketImpl.java:392)
	at java.net.Socket.connect(Socket.java:589)
	at org.postgresql.core.PGStream.<init>(PGStream.java:69)
	at org.postgresql.core.v3.ConnectionFactoryImpl.openConnectionImpl(ConnectionFactoryImpl.java:156)
	at org.postgresql.core.ConnectionFactory.openConnection(ConnectionFactory.java:49)
	at org.postgresql.jdbc.PgConnection.<init>(PgConnection.java:195)
	at org.postgresql.Driver.makeConnection(Driver.java:454)
	at org.postgresql.Driver.connect(Driver.java:256)
	at java.sql.DriverManager.getConnection(DriverManager.java:664)
	at java.sql.DriverManager.getConnection(DriverManager.java:208)
	at org.postgresql.test.TestUtil.openDB(TestUtil.java:312)
	at org.postgresql.test.jdbc2.BaseTest4.setUp(BaseTest4.java:83)
	at org.postgresql.test.jdbc3.GeneratedKeysTest.setUp(GeneratedKeysTest.java:92)
]]></error>
  </testcase>
  <testcase name="breakDescribeOnFirstServerPreparedExecution[returningInQuery = A, binary = FORCE]" classname="org.postgresql.test.jdbc3.GeneratedKeysTest" time="0">
    <error type="java.lang.NullPointerException:">java.lang.NullPointerException: null
	at org.postgresql.test.TestUtil.dropTable(TestUtil.java:517)
	at org.postgresql.test.jdbc3.GeneratedKeysTest.tearDown(GeneratedKeysTest.java:98)
</error>
  </testcase>
  <testcase name="testUpdate[returningInQuery = A, binary = FORCE]" classname="org.postgresql.test.jdbc3.GeneratedKeysTest" time="0">
    <error message="Connection to localhost:5432 refused. Check that the hostname and port are correct and that the postmaster is accepting TCP/IP connections." type="org.postgresql.util.PSQLException"><![CDATA[org.postgresql.util.PSQLException: Connection to localhost:5432 refused. Check that the hostname and port are correct and that the postmaster is accepting TCP/IP connections.
	at java.net.PlainSocketImpl.socketConnect(Native Method)
	at java.net.AbstractPlainSocketImpl.doConnect(AbstractPlainSocketImpl.java:350)
	at java.net.AbstractPlainSocketImpl.connectToAddress(AbstractPlainSocketImpl.java:206)
	at java.net.AbstractPlainSocketImpl.connect(AbstractPlainSocketImpl.java:188)
	at java.net.SocksSocketImpl.connect(SocksSocketImpl.java:392)
	at java.net.Socket.connect(Socket.java:589)
	at org.postgresql.core.PGStream.<init>(PGStream.java:69)
	at org.postgresql.core.v3.ConnectionFactoryImpl.openConnectionImpl(ConnectionFactoryImpl.java:156)
	at org.postgresql.core.ConnectionFactory.openConnection(ConnectionFactory.java:49)
	at org.postgresql.jdbc.PgConnection.<init>(PgConnection.java:195)
	at org.postgresql.Driver.makeConnection(Driver.java:454)
	at org.postgresql.Driver.connect(Driver.java:256)
	at java.sql.DriverManager.getConnection(DriverManager.java:664)
	at java.sql.DriverManager.getConnection(DriverManager.java:208)
	at org.postgresql.test.TestUtil.openDB(TestUtil.java:312)
	at org.postgresql.test.jdbc2.BaseTest4.setUp(BaseTest4.java:83)
	at org.postgresql.test.jdbc3.GeneratedKeysTest.setUp(GeneratedKeysTest.java:92)
]]></error>
  </testcase>
  <testcase name="testUpdate[returningInQuery = A, binary = FORCE]" classname="org.postgresql.test.jdbc3.GeneratedKeysTest" time="0">
    <error type="java.lang.NullPointerException:">java.lang.NullPointerException: null
	at org.postgresql.test.TestUtil.dropTable(TestUtil.java:517)
	at org.postgresql.test.jdbc3.GeneratedKeysTest.tearDown(GeneratedKeysTest.java:98)
</error>
  </testcase>
  <testcase name="testEmptyRSWithoutReturning[returningInQuery = A, binary = FORCE]" classname="org.postgresql.test.jdbc3.GeneratedKeysTest" time="0">
    <error message="Connection to localhost:5432 refused. Check that the hostname and port are correct and that the postmaster is accepting TCP/IP connections." type="org.postgresql.util.PSQLException"><![CDATA[org.postgresql.util.PSQLException: Connection to localhost:5432 refused. Check that the hostname and port are correct and that the postmaster is accepting TCP/IP connections.
	at java.net.PlainSocketImpl.socketConnect(Native Method)
	at java.net.AbstractPlainSocketImpl.doConnect(AbstractPlainSocketImpl.java:350)
	at java.net.AbstractPlainSocketImpl.connectToAddress(AbstractPlainSocketImpl.java:206)
	at java.net.AbstractPlainSocketImpl.connect(AbstractPlainSocketImpl.java:188)
	at java.net.SocksSocketImpl.connect(SocksSocketImpl.java:392)
	at java.net.Socket.connect(Socket.java:589)
	at org.postgresql.core.PGStream.<init>(PGStream.java:69)
	at org.postgresql.core.v3.ConnectionFactoryImpl.openConnectionImpl(ConnectionFactoryImpl.java:156)
	at org.postgresql.core.ConnectionFactory.openConnection(ConnectionFactory.java:49)
	at org.postgresql.jdbc.PgConnection.<init>(PgConnection.java:195)
	at org.postgresql.Driver.makeConnection(Driver.java:454)
	at org.postgresql.Driver.connect(Driver.java:256)
	at java.sql.DriverManager.getConnection(DriverManager.java:664)
	at java.sql.DriverManager.getConnection(DriverManager.java:208)
	at org.postgresql.test.TestUtil.openDB(TestUtil.java:312)
	at org.postgresql.test.jdbc2.BaseTest4.setUp(BaseTest4.java:83)
	at org.postgresql.test.jdbc3.GeneratedKeysTest.setUp(GeneratedKeysTest.java:92)
]]></error>
  </testcase>
  <testcase name="testEmptyRSWithoutReturning[returningInQuery = A, binary = FORCE]" classname="org.postgresql.test.jdbc3.GeneratedKeysTest" time="0">
    <error type="java.lang.NullPointerException:">java.lang.NullPointerException: null
	at org.postgresql.test.TestUtil.dropTable(TestUtil.java:517)
	at org.postgresql.test.jdbc3.GeneratedKeysTest.tearDown(GeneratedKeysTest.java:98)
</error>
  </testcase>
  <testcase name="testStatementUpdateCount[returningInQuery = AB, binary = REGULAR]" classname="org.postgresql.test.jdbc3.GeneratedKeysTest" time="0">
    <error message="Connection to localhost:5432 refused. Check that the hostname and port are correct and that the postmaster is accepting TCP/IP connections." type="org.postgresql.util.PSQLException"><![CDATA[org.postgresql.util.PSQLException: Connection to localhost:5432 refused. Check that the hostname and port are correct and that the postmaster is accepting TCP/IP connections.
	at java.net.PlainSocketImpl.socketConnect(Native Method)
	at java.net.AbstractPlainSocketImpl.doConnect(AbstractPlainSocketImpl.java:350)
	at java.net.AbstractPlainSocketImpl.connectToAddress(AbstractPlainSocketImpl.java:206)
	at java.net.AbstractPlainSocketImpl.connect(AbstractPlainSocketImpl.java:188)
	at java.net.SocksSocketImpl.connect(SocksSocketImpl.java:392)
	at java.net.Socket.connect(Socket.java:589)
	at org.postgresql.core.PGStream.<init>(PGStream.java:69)
	at org.postgresql.core.v3.ConnectionFactoryImpl.openConnectionImpl(ConnectionFactoryImpl.java:156)
	at org.postgresql.core.ConnectionFactory.openConnection(ConnectionFactory.java:49)
	at org.postgresql.jdbc.PgConnection.<init>(PgConnection.java:195)
	at org.postgresql.Driver.makeConnection(Driver.java:454)
	at org.postgresql.Driver.connect(Driver.java:256)
	at java.sql.DriverManager.getConnection(DriverManager.java:664)
	at java.sql.DriverManager.getConnection(DriverManager.java:208)
	at org.postgresql.test.TestUtil.openDB(TestUtil.java:312)
	at org.postgresql.test.jdbc2.BaseTest4.setUp(BaseTest4.java:83)
	at org.postgresql.test.jdbc3.GeneratedKeysTest.setUp(GeneratedKeysTest.java:92)
]]></error>
  </testcase>
  <testcase name="testStatementUpdateCount[returningInQuery = AB, binary = REGULAR]" classname="org.postgresql.test.jdbc3.GeneratedKeysTest" time="0">
    <error type="java.lang.NullPointerException:">java.lang.NullPointerException: null
	at org.postgresql.test.TestUtil.dropTable(TestUtil.java:517)
	at org.postgresql.test.jdbc3.GeneratedKeysTest.tearDown(GeneratedKeysTest.java:98)
</error>
  </testcase>
  <testcase name="testSerialWorks[returningInQuery = AB, binary = REGULAR]" classname="org.postgresql.test.jdbc3.GeneratedKeysTest" time="0">
    <error message="Connection to localhost:5432 refused. Check that the hostname and port are correct and that the postmaster is accepting TCP/IP connections." type="org.postgresql.util.PSQLException"><![CDATA[org.postgresql.util.PSQLException: Connection to localhost:5432 refused. Check that the hostname and port are correct and that the postmaster is accepting TCP/IP connections.
	at java.net.PlainSocketImpl.socketConnect(Native Method)
	at java.net.AbstractPlainSocketImpl.doConnect(AbstractPlainSocketImpl.java:350)
	at java.net.AbstractPlainSocketImpl.connectToAddress(AbstractPlainSocketImpl.java:206)
	at java.net.AbstractPlainSocketImpl.connect(AbstractPlainSocketImpl.java:188)
	at java.net.SocksSocketImpl.connect(SocksSocketImpl.java:392)
	at java.net.Socket.connect(Socket.java:589)
	at org.postgresql.core.PGStream.<init>(PGStream.java:69)
	at org.postgresql.core.v3.ConnectionFactoryImpl.openConnectionImpl(ConnectionFactoryImpl.java:156)
	at org.postgresql.core.ConnectionFactory.openConnection(ConnectionFactory.java:49)
	at org.postgresql.jdbc.PgConnection.<init>(PgConnection.java:195)
	at org.postgresql.Driver.makeConnection(Driver.java:454)
	at org.postgresql.Driver.connect(Driver.java:256)
	at java.sql.DriverManager.getConnection(DriverManager.java:664)
	at java.sql.DriverManager.getConnection(DriverManager.java:208)
	at org.postgresql.test.TestUtil.openDB(TestUtil.java:312)
	at org.postgresql.test.jdbc2.BaseTest4.setUp(BaseTest4.java:83)
	at org.postgresql.test.jdbc3.GeneratedKeysTest.setUp(GeneratedKeysTest.java:92)
]]></error>
  </testcase>
  <testcase name="testSerialWorks[returningInQuery = AB, binary = REGULAR]" classname="org.postgresql.test.jdbc3.GeneratedKeysTest" time="0">
    <error type="java.lang.NullPointerException:">java.lang.NullPointerException: null
	at org.postgresql.test.TestUtil.dropTable(TestUtil.java:517)
	at org.postgresql.test.jdbc3.GeneratedKeysTest.tearDown(GeneratedKeysTest.java:98)
</error>
  </testcase>
  <testcase name="selectWithGeneratedKeysViaNonPrepared[returningInQuery = AB, binary = REGULAR]" classname="org.postgresql.test.jdbc3.GeneratedKeysTest" time="0">
    <error message="Connection to localhost:5432 refused. Check that the hostname and port are correct and that the postmaster is accepting TCP/IP connections." type="org.postgresql.util.PSQLException"><![CDATA[org.postgresql.util.PSQLException: Connection to localhost:5432 refused. Check that the hostname and port are correct and that the postmaster is accepting TCP/IP connections.
	at java.net.PlainSocketImpl.socketConnect(Native Method)
	at java.net.AbstractPlainSocketImpl.doConnect(AbstractPlainSocketImpl.java:350)
	at java.net.AbstractPlainSocketImpl.connectToAddress(AbstractPlainSocketImpl.java:206)
	at java.net.AbstractPlainSocketImpl.connect(AbstractPlainSocketImpl.java:188)
	at java.net.SocksSocketImpl.connect(SocksSocketImpl.java:392)
	at java.net.Socket.connect(Socket.java:589)
	at org.postgresql.core.PGStream.<init>(PGStream.java:69)
	at org.postgresql.core.v3.ConnectionFactoryImpl.openConnectionImpl(ConnectionFactoryImpl.java:156)
	at org.postgresql.core.ConnectionFactory.openConnection(ConnectionFactory.java:49)
	at org.postgresql.jdbc.PgConnection.<init>(PgConnection.java:195)
	at org.postgresql.Driver.makeConnection(Driver.java:454)
	at org.postgresql.Driver.connect(Driver.java:256)
	at java.sql.DriverManager.getConnection(DriverManager.java:664)
	at java.sql.DriverManager.getConnection(DriverManager.java:208)
	at org.postgresql.test.TestUtil.openDB(TestUtil.java:312)
	at org.postgresql.test.jdbc2.BaseTest4.setUp(BaseTest4.java:83)
	at org.postgresql.test.jdbc3.GeneratedKeysTest.setUp(GeneratedKeysTest.java:92)
]]></error>
  </testcase>
  <testcase name="selectWithGeneratedKeysViaNonPrepared[returningInQuery = AB, binary = REGULAR]" classname="org.postgresql.test.jdbc3.GeneratedKeysTest" time="0">
    <error type="java.lang.NullPointerException:">java.lang.NullPointerException: null
	at org.postgresql.test.TestUtil.dropTable(TestUtil.java:517)
	at org.postgresql.test.jdbc3.GeneratedKeysTest.tearDown(GeneratedKeysTest.java:98)
</error>
  </testcase>
  <testcase name="testGeneratedKeysCleared[returningInQuery = AB, binary = REGULAR]" classname="org.postgresql.test.jdbc3.GeneratedKeysTest" time="0">
    <error message="Connection to localhost:5432 refused. Check that the hostname and port are correct and that the postmaster is accepting TCP/IP connections." type="org.postgresql.util.PSQLException"><![CDATA[org.postgresql.util.PSQLException: Connection to localhost:5432 refused. Check that the hostname and port are correct and that the postmaster is accepting TCP/IP connections.
	at java.net.PlainSocketImpl.socketConnect(Native Method)
	at java.net.AbstractPlainSocketImpl.doConnect(AbstractPlainSocketImpl.java:350)
	at java.net.AbstractPlainSocketImpl.connectToAddress(AbstractPlainSocketImpl.java:206)
	at java.net.AbstractPlainSocketImpl.connect(AbstractPlainSocketImpl.java:188)
	at java.net.SocksSocketImpl.connect(SocksSocketImpl.java:392)
	at java.net.Socket.connect(Socket.java:589)
	at org.postgresql.core.PGStream.<init>(PGStream.java:69)
	at org.postgresql.core.v3.ConnectionFactoryImpl.openConnectionImpl(ConnectionFactoryImpl.java:156)
	at org.postgresql.core.ConnectionFactory.openConnection(ConnectionFactory.java:49)
	at org.postgresql.jdbc.PgConnection.<init>(PgConnection.java:195)
	at org.postgresql.Driver.makeConnection(Driver.java:454)
	at org.postgresql.Driver.connect(Driver.java:256)
	at java.sql.DriverManager.getConnection(DriverManager.java:664)
	at java.sql.DriverManager.getConnection(DriverManager.java:208)
	at org.postgresql.test.TestUtil.openDB(TestUtil.java:312)
	at org.postgresql.test.jdbc2.BaseTest4.setUp(BaseTest4.java:83)
	at org.postgresql.test.jdbc3.GeneratedKeysTest.setUp(GeneratedKeysTest.java:92)
]]></error>
  </testcase>
  <testcase name="testGeneratedKeysCleared[returningInQuery = AB, binary = REGULAR]" classname="org.postgresql.test.jdbc3.GeneratedKeysTest" time="0">
    <error type="java.lang.NullPointerException:">java.lang.NullPointerException: null
	at org.postgresql.test.TestUtil.dropTable(TestUtil.java:517)
	at org.postgresql.test.jdbc3.GeneratedKeysTest.tearDown(GeneratedKeysTest.java:98)
</error>
  </testcase>
  <testcase name="testBatchGeneratedKeys[returningInQuery = AB, binary = REGULAR]" classname="org.postgresql.test.jdbc3.GeneratedKeysTest" time="0">
    <error message="Connection to localhost:5432 refused. Check that the hostname and port are correct and that the postmaster is accepting TCP/IP connections." type="org.postgresql.util.PSQLException"><![CDATA[org.postgresql.util.PSQLException: Connection to localhost:5432 refused. Check that the hostname and port are correct and that the postmaster is accepting TCP/IP connections.
	at java.net.PlainSocketImpl.socketConnect(Native Method)
	at java.net.AbstractPlainSocketImpl.doConnect(AbstractPlainSocketImpl.java:350)
	at java.net.AbstractPlainSocketImpl.connectToAddress(AbstractPlainSocketImpl.java:206)
	at java.net.AbstractPlainSocketImpl.connect(AbstractPlainSocketImpl.java:188)
	at java.net.SocksSocketImpl.connect(SocksSocketImpl.java:392)
	at java.net.Socket.connect(Socket.java:589)
	at org.postgresql.core.PGStream.<init>(PGStream.java:69)
	at org.postgresql.core.v3.ConnectionFactoryImpl.openConnectionImpl(ConnectionFactoryImpl.java:156)
	at org.postgresql.core.ConnectionFactory.openConnection(ConnectionFactory.java:49)
	at org.postgresql.jdbc.PgConnection.<init>(PgConnection.java:195)
	at org.postgresql.Driver.makeConnection(Driver.java:454)
	at org.postgresql.Driver.connect(Driver.java:256)
	at java.sql.DriverManager.getConnection(DriverManager.java:664)
	at java.sql.DriverManager.getConnection(DriverManager.java:208)
	at org.postgresql.test.TestUtil.openDB(TestUtil.java:312)
	at org.postgresql.test.jdbc2.BaseTest4.setUp(BaseTest4.java:83)
	at org.postgresql.test.jdbc3.GeneratedKeysTest.setUp(GeneratedKeysTest.java:92)
]]></error>
  </testcase>
  <testcase name="testBatchGeneratedKeys[returningInQuery = AB, binary = REGULAR]" classname="org.postgresql.test.jdbc3.GeneratedKeysTest" time="0">
    <error type="java.lang.NullPointerException:">java.lang.NullPointerException: null
	at org.postgresql.test.TestUtil.dropTable(TestUtil.java:517)
	at org.postgresql.test.jdbc3.GeneratedKeysTest.tearDown(GeneratedKeysTest.java:98)
</error>
  </testcase>
  <testcase name="testGeneratedKeys[returningInQuery = AB, binary = REGULAR]" classname="org.postgresql.test.jdbc3.GeneratedKeysTest" time="0">
    <error message="Connection to localhost:5432 refused. Check that the hostname and port are correct and that the postmaster is accepting TCP/IP connections." type="org.postgresql.util.PSQLException"><![CDATA[org.postgresql.util.PSQLException: Connection to localhost:5432 refused. Check that the hostname and port are correct and that the postmaster is accepting TCP/IP connections.
	at java.net.PlainSocketImpl.socketConnect(Native Method)
	at java.net.AbstractPlainSocketImpl.doConnect(AbstractPlainSocketImpl.java:350)
	at java.net.AbstractPlainSocketImpl.connectToAddress(AbstractPlainSocketImpl.java:206)
	at java.net.AbstractPlainSocketImpl.connect(AbstractPlainSocketImpl.java:188)
	at java.net.SocksSocketImpl.connect(SocksSocketImpl.java:392)
	at java.net.Socket.connect(Socket.java:589)
	at org.postgresql.core.PGStream.<init>(PGStream.java:69)
	at org.postgresql.core.v3.ConnectionFactoryImpl.openConnectionImpl(ConnectionFactoryImpl.java:156)
	at org.postgresql.core.ConnectionFactory.openConnection(ConnectionFactory.java:49)
	at org.postgresql.jdbc.PgConnection.<init>(PgConnection.java:195)
	at org.postgresql.Driver.makeConnection(Driver.java:454)
	at org.postgresql.Driver.connect(Driver.java:256)
	at java.sql.DriverManager.getConnection(DriverManager.java:664)
	at java.sql.DriverManager.getConnection(DriverManager.java:208)
	at org.postgresql.test.TestUtil.openDB(TestUtil.java:312)
	at org.postgresql.test.jdbc2.BaseTest4.setUp(BaseTest4.java:83)
	at org.postgresql.test.jdbc3.GeneratedKeysTest.setUp(GeneratedKeysTest.java:92)
]]></error>
  </testcase>
  <testcase name="testGeneratedKeys[returningInQuery = AB, binary = REGULAR]" classname="org.postgresql.test.jdbc3.GeneratedKeysTest" time="0">
    <error type="java.lang.NullPointerException:">java.lang.NullPointerException: null
	at org.postgresql.test.TestUtil.dropTable(TestUtil.java:517)
	at org.postgresql.test.jdbc3.GeneratedKeysTest.tearDown(GeneratedKeysTest.java:98)
</error>
  </testcase>
  <testcase name="testWithInsertInsert[returningInQuery = AB, binary = REGULAR]" classname="org.postgresql.test.jdbc3.GeneratedKeysTest" time="0">
    <error message="Connection to localhost:5432 refused. Check that the hostname and port are correct and that the postmaster is accepting TCP/IP connections." type="org.postgresql.util.PSQLException"><![CDATA[org.postgresql.util.PSQLException: Connection to localhost:5432 refused. Check that the hostname and port are correct and that the postmaster is accepting TCP/IP connections.
	at java.net.PlainSocketImpl.socketConnect(Native Method)
	at java.net.AbstractPlainSocketImpl.doConnect(AbstractPlainSocketImpl.java:350)
	at java.net.AbstractPlainSocketImpl.connectToAddress(AbstractPlainSocketImpl.java:206)
	at java.net.AbstractPlainSocketImpl.connect(AbstractPlainSocketImpl.java:188)
	at java.net.SocksSocketImpl.connect(SocksSocketImpl.java:392)
	at java.net.Socket.connect(Socket.java:589)
	at org.postgresql.core.PGStream.<init>(PGStream.java:69)
	at org.postgresql.core.v3.ConnectionFactoryImpl.openConnectionImpl(ConnectionFactoryImpl.java:156)
	at org.postgresql.core.ConnectionFactory.openConnection(ConnectionFactory.java:49)
	at org.postgresql.jdbc.PgConnection.<init>(PgConnection.java:195)
	at org.postgresql.Driver.makeConnection(Driver.java:454)
	at org.postgresql.Driver.connect(Driver.java:256)
	at java.sql.DriverManager.getConnection(DriverManager.java:664)
	at java.sql.DriverManager.getConnection(DriverManager.java:208)
	at org.postgresql.test.TestUtil.openDB(TestUtil.java:312)
	at org.postgresql.test.jdbc2.BaseTest4.setUp(BaseTest4.java:83)
	at org.postgresql.test.jdbc3.GeneratedKeysTest.setUp(GeneratedKeysTest.java:92)
]]></error>
  </testcase>
  <testcase name="testWithInsertInsert[returningInQuery = AB, binary = REGULAR]" classname="org.postgresql.test.jdbc3.GeneratedKeysTest" time="0.001">
    <error type="java.lang.NullPointerException:">java.lang.NullPointerException: null
	at org.postgresql.test.TestUtil.dropTable(TestUtil.java:517)
	at org.postgresql.test.jdbc3.GeneratedKeysTest.tearDown(GeneratedKeysTest.java:98)
</error>
  </testcase>
  <testcase name="testWithInsertSelect[returningInQuery = AB, binary = REGULAR]" classname="org.postgresql.test.jdbc3.GeneratedKeysTest" time="0">
    <error message="Connection to localhost:5432 refused. Check that the hostname and port are correct and that the postmaster is accepting TCP/IP connections." type="org.postgresql.util.PSQLException"><![CDATA[org.postgresql.util.PSQLException: Connection to localhost:5432 refused. Check that the hostname and port are correct and that the postmaster is accepting TCP/IP connections.
	at java.net.PlainSocketImpl.socketConnect(Native Method)
	at java.net.AbstractPlainSocketImpl.doConnect(AbstractPlainSocketImpl.java:350)
	at java.net.AbstractPlainSocketImpl.connectToAddress(AbstractPlainSocketImpl.java:206)
	at java.net.AbstractPlainSocketImpl.connect(AbstractPlainSocketImpl.java:188)
	at java.net.SocksSocketImpl.connect(SocksSocketImpl.java:392)
	at java.net.Socket.connect(Socket.java:589)
	at org.postgresql.core.PGStream.<init>(PGStream.java:69)
	at org.postgresql.core.v3.ConnectionFactoryImpl.openConnectionImpl(ConnectionFactoryImpl.java:156)
	at org.postgresql.core.ConnectionFactory.openConnection(ConnectionFactory.java:49)
	at org.postgresql.jdbc.PgConnection.<init>(PgConnection.java:195)
	at org.postgresql.Driver.makeConnection(Driver.java:454)
	at org.postgresql.Driver.connect(Driver.java:256)
	at java.sql.DriverManager.getConnection(DriverManager.java:664)
	at java.sql.DriverManager.getConnection(DriverManager.java:208)
	at org.postgresql.test.TestUtil.openDB(TestUtil.java:312)
	at org.postgresql.test.jdbc2.BaseTest4.setUp(BaseTest4.java:83)
	at org.postgresql.test.jdbc3.GeneratedKeysTest.setUp(GeneratedKeysTest.java:92)
]]></error>
  </testcase>
  <testcase name="testWithInsertSelect[returningInQuery = AB, binary = REGULAR]" classname="org.postgresql.test.jdbc3.GeneratedKeysTest" time="0">
    <error type="java.lang.NullPointerException:">java.lang.NullPointerException: null
	at org.postgresql.test.TestUtil.dropTable(TestUtil.java:517)
	at org.postgresql.test.jdbc3.GeneratedKeysTest.tearDown(GeneratedKeysTest.java:98)
</error>
  </testcase>
  <testcase name="testCloseStatementClosesRS[returningInQuery = AB, binary = REGULAR]" classname="org.postgresql.test.jdbc3.GeneratedKeysTest" time="0">
    <error message="Connection to localhost:5432 refused. Check that the hostname and port are correct and that the postmaster is accepting TCP/IP connections." type="org.postgresql.util.PSQLException"><![CDATA[org.postgresql.util.PSQLException: Connection to localhost:5432 refused. Check that the hostname and port are correct and that the postmaster is accepting TCP/IP connections.
	at java.net.PlainSocketImpl.socketConnect(Native Method)
	at java.net.AbstractPlainSocketImpl.doConnect(AbstractPlainSocketImpl.java:350)
	at java.net.AbstractPlainSocketImpl.connectToAddress(AbstractPlainSocketImpl.java:206)
	at java.net.AbstractPlainSocketImpl.connect(AbstractPlainSocketImpl.java:188)
	at java.net.SocksSocketImpl.connect(SocksSocketImpl.java:392)
	at java.net.Socket.connect(Socket.java:589)
	at org.postgresql.core.PGStream.<init>(PGStream.java:69)
	at org.postgresql.core.v3.ConnectionFactoryImpl.openConnectionImpl(ConnectionFactoryImpl.java:156)
	at org.postgresql.core.ConnectionFactory.openConnection(ConnectionFactory.java:49)
	at org.postgresql.jdbc.PgConnection.<init>(PgConnection.java:195)
	at org.postgresql.Driver.makeConnection(Driver.java:454)
	at org.postgresql.Driver.connect(Driver.java:256)
	at java.sql.DriverManager.getConnection(DriverManager.java:664)
	at java.sql.DriverManager.getConnection(DriverManager.java:208)
	at org.postgresql.test.TestUtil.openDB(TestUtil.java:312)
	at org.postgresql.test.jdbc2.BaseTest4.setUp(BaseTest4.java:83)
	at org.postgresql.test.jdbc3.GeneratedKeysTest.setUp(GeneratedKeysTest.java:92)
]]></error>
  </testcase>
  <testcase name="testCloseStatementClosesRS[returningInQuery = AB, binary = REGULAR]" classname="org.postgresql.test.jdbc3.GeneratedKeysTest" time="0">
    <error type="java.lang.NullPointerException:">java.lang.NullPointerException: null
	at org.postgresql.test.TestUtil.dropTable(TestUtil.java:517)
	at org.postgresql.test.jdbc3.GeneratedKeysTest.tearDown(GeneratedKeysTest.java:98)
</error>
  </testcase>
  <testcase name="selectWithGeneratedKeysViaPreparedExecute[returningInQuery = AB, binary = REGULAR]" classname="org.postgresql.test.jdbc3.GeneratedKeysTest" time="0">
    <error message="Connection to localhost:5432 refused. Check that the hostname and port are correct and that the postmaster is accepting TCP/IP connections." type="org.postgresql.util.PSQLException"><![CDATA[org.postgresql.util.PSQLException: Connection to localhost:5432 refused. Check that the hostname and port are correct and that the postmaster is accepting TCP/IP connections.
	at java.net.PlainSocketImpl.socketConnect(Native Method)
	at java.net.AbstractPlainSocketImpl.doConnect(AbstractPlainSocketImpl.java:350)
	at java.net.AbstractPlainSocketImpl.connectToAddress(AbstractPlainSocketImpl.java:206)
	at java.net.AbstractPlainSocketImpl.connect(AbstractPlainSocketImpl.java:188)
	at java.net.SocksSocketImpl.connect(SocksSocketImpl.java:392)
	at java.net.Socket.connect(Socket.java:589)
	at org.postgresql.core.PGStream.<init>(PGStream.java:69)
	at org.postgresql.core.v3.ConnectionFactoryImpl.openConnectionImpl(ConnectionFactoryImpl.java:156)
	at org.postgresql.core.ConnectionFactory.openConnection(ConnectionFactory.java:49)
	at org.postgresql.jdbc.PgConnection.<init>(PgConnection.java:195)
	at org.postgresql.Driver.makeConnection(Driver.java:454)
	at org.postgresql.Driver.connect(Driver.java:256)
	at java.sql.DriverManager.getConnection(DriverManager.java:664)
	at java.sql.DriverManager.getConnection(DriverManager.java:208)
	at org.postgresql.test.TestUtil.openDB(TestUtil.java:312)
	at org.postgresql.test.jdbc2.BaseTest4.setUp(BaseTest4.java:83)
	at org.postgresql.test.jdbc3.GeneratedKeysTest.setUp(GeneratedKeysTest.java:92)
]]></error>
  </testcase>
  <testcase name="selectWithGeneratedKeysViaPreparedExecute[returningInQuery = AB, binary = REGULAR]" classname="org.postgresql.test.jdbc3.GeneratedKeysTest" time="0">
    <error type="java.lang.NullPointerException:">java.lang.NullPointerException: null
	at org.postgresql.test.TestUtil.dropTable(TestUtil.java:517)
	at org.postgresql.test.jdbc3.GeneratedKeysTest.tearDown(GeneratedKeysTest.java:98)
</error>
  </testcase>
  <testcase name="selectWithGeneratedKeysViaPreparedExecuteQuery[returningInQuery = AB, binary = REGULAR]" classname="org.postgresql.test.jdbc3.GeneratedKeysTest" time="0">
    <error message="Connection to localhost:5432 refused. Check that the hostname and port are correct and that the postmaster is accepting TCP/IP connections." type="org.postgresql.util.PSQLException"><![CDATA[org.postgresql.util.PSQLException: Connection to localhost:5432 refused. Check that the hostname and port are correct and that the postmaster is accepting TCP/IP connections.
	at java.net.PlainSocketImpl.socketConnect(Native Method)
	at java.net.AbstractPlainSocketImpl.doConnect(AbstractPlainSocketImpl.java:350)
	at java.net.AbstractPlainSocketImpl.connectToAddress(AbstractPlainSocketImpl.java:206)
	at java.net.AbstractPlainSocketImpl.connect(AbstractPlainSocketImpl.java:188)
	at java.net.SocksSocketImpl.connect(SocksSocketImpl.java:392)
	at java.net.Socket.connect(Socket.java:589)
	at org.postgresql.core.PGStream.<init>(PGStream.java:69)
	at org.postgresql.core.v3.ConnectionFactoryImpl.openConnectionImpl(ConnectionFactoryImpl.java:156)
	at org.postgresql.core.ConnectionFactory.openConnection(ConnectionFactory.java:49)
	at org.postgresql.jdbc.PgConnection.<init>(PgConnection.java:195)
	at org.postgresql.Driver.makeConnection(Driver.java:454)
	at org.postgresql.Driver.connect(Driver.java:256)
	at java.sql.DriverManager.getConnection(DriverManager.java:664)
	at java.sql.DriverManager.getConnection(DriverManager.java:208)
	at org.postgresql.test.TestUtil.openDB(TestUtil.java:312)
	at org.postgresql.test.jdbc2.BaseTest4.setUp(BaseTest4.java:83)
	at org.postgresql.test.jdbc3.GeneratedKeysTest.setUp(GeneratedKeysTest.java:92)
]]></error>
  </testcase>
  <testcase name="selectWithGeneratedKeysViaPreparedExecuteQuery[returningInQuery = AB, binary = REGULAR]" classname="org.postgresql.test.jdbc3.GeneratedKeysTest" time="0">
    <error type="java.lang.NullPointerException:">java.lang.NullPointerException: null
	at org.postgresql.test.TestUtil.dropTable(TestUtil.java:517)
	at org.postgresql.test.jdbc3.GeneratedKeysTest.tearDown(GeneratedKeysTest.java:98)
</error>
  </testcase>
  <testcase name="testReturningWithTrailingSemicolon[returningInQuery = AB, binary = REGULAR]" classname="org.postgresql.test.jdbc3.GeneratedKeysTest" time="0">
    <error message="Connection to localhost:5432 refused. Check that the hostname and port are correct and that the postmaster is accepting TCP/IP connections." type="org.postgresql.util.PSQLException"><![CDATA[org.postgresql.util.PSQLException: Connection to localhost:5432 refused. Check that the hostname and port are correct and that the postmaster is accepting TCP/IP connections.
	at java.net.PlainSocketImpl.socketConnect(Native Method)
	at java.net.AbstractPlainSocketImpl.doConnect(AbstractPlainSocketImpl.java:350)
	at java.net.AbstractPlainSocketImpl.connectToAddress(AbstractPlainSocketImpl.java:206)
	at java.net.AbstractPlainSocketImpl.connect(AbstractPlainSocketImpl.java:188)
	at java.net.SocksSocketImpl.connect(SocksSocketImpl.java:392)
	at java.net.Socket.connect(Socket.java:589)
	at org.postgresql.core.PGStream.<init>(PGStream.java:69)
	at org.postgresql.core.v3.ConnectionFactoryImpl.openConnectionImpl(ConnectionFactoryImpl.java:156)
	at org.postgresql.core.ConnectionFactory.openConnection(ConnectionFactory.java:49)
	at org.postgresql.jdbc.PgConnection.<init>(PgConnection.java:195)
	at org.postgresql.Driver.makeConnection(Driver.java:454)
	at org.postgresql.Driver.connect(Driver.java:256)
	at java.sql.DriverManager.getConnection(DriverManager.java:664)
	at java.sql.DriverManager.getConnection(DriverManager.java:208)
	at org.postgresql.test.TestUtil.openDB(TestUtil.java:312)
	at org.postgresql.test.jdbc2.BaseTest4.setUp(BaseTest4.java:83)
	at org.postgresql.test.jdbc3.GeneratedKeysTest.setUp(GeneratedKeysTest.java:92)
]]></error>
  </testcase>
  <testcase name="testReturningWithTrailingSemicolon[returningInQuery = AB, binary = REGULAR]" classname="org.postgresql.test.jdbc3.GeneratedKeysTest" time="0">
    <error type="java.lang.NullPointerException:">java.lang.NullPointerException: null
	at org.postgresql.test.TestUtil.dropTable(TestUtil.java:517)
	at org.postgresql.test.jdbc3.GeneratedKeysTest.tearDown(GeneratedKeysTest.java:98)
</error>
  </testcase>
  <testcase name="testPSDelete[returningInQuery = AB, binary = REGULAR]" classname="org.postgresql.test.jdbc3.GeneratedKeysTest" time="0">
    <error message="Connection to localhost:5432 refused. Check that the hostname and port are correct and that the postmaster is accepting TCP/IP connections." type="org.postgresql.util.PSQLException"><![CDATA[org.postgresql.util.PSQLException: Connection to localhost:5432 refused. Check that the hostname and port are correct and that the postmaster is accepting TCP/IP connections.
	at java.net.PlainSocketImpl.socketConnect(Native Method)
	at java.net.AbstractPlainSocketImpl.doConnect(AbstractPlainSocketImpl.java:350)
	at java.net.AbstractPlainSocketImpl.connectToAddress(AbstractPlainSocketImpl.java:206)
	at java.net.AbstractPlainSocketImpl.connect(AbstractPlainSocketImpl.java:188)
	at java.net.SocksSocketImpl.connect(SocksSocketImpl.java:392)
	at java.net.Socket.connect(Socket.java:589)
	at org.postgresql.core.PGStream.<init>(PGStream.java:69)
	at org.postgresql.core.v3.ConnectionFactoryImpl.openConnectionImpl(ConnectionFactoryImpl.java:156)
	at org.postgresql.core.ConnectionFactory.openConnection(ConnectionFactory.java:49)
	at org.postgresql.jdbc.PgConnection.<init>(PgConnection.java:195)
	at org.postgresql.Driver.makeConnection(Driver.java:454)
	at org.postgresql.Driver.connect(Driver.java:256)
	at java.sql.DriverManager.getConnection(DriverManager.java:664)
	at java.sql.DriverManager.getConnection(DriverManager.java:208)
	at org.postgresql.test.TestUtil.openDB(TestUtil.java:312)
	at org.postgresql.test.jdbc2.BaseTest4.setUp(BaseTest4.java:83)
	at org.postgresql.test.jdbc3.GeneratedKeysTest.setUp(GeneratedKeysTest.java:92)
]]></error>
  </testcase>
  <testcase name="testPSDelete[returningInQuery = AB, binary = REGULAR]" classname="org.postgresql.test.jdbc3.GeneratedKeysTest" time="0">
    <error type="java.lang.NullPointerException:">java.lang.NullPointerException: null
	at org.postgresql.test.TestUtil.dropTable(TestUtil.java:517)
	at org.postgresql.test.jdbc3.GeneratedKeysTest.tearDown(GeneratedKeysTest.java:98)
</error>
  </testcase>
  <testcase name="testDelete[returningInQuery = AB, binary = REGULAR]" classname="org.postgresql.test.jdbc3.GeneratedKeysTest" time="0">
    <error message="Connection to localhost:5432 refused. Check that the hostname and port are correct and that the postmaster is accepting TCP/IP connections." type="org.postgresql.util.PSQLException"><![CDATA[org.postgresql.util.PSQLException: Connection to localhost:5432 refused. Check that the hostname and port are correct and that the postmaster is accepting TCP/IP connections.
	at java.net.PlainSocketImpl.socketConnect(Native Method)
	at java.net.AbstractPlainSocketImpl.doConnect(AbstractPlainSocketImpl.java:350)
	at java.net.AbstractPlainSocketImpl.connectToAddress(AbstractPlainSocketImpl.java:206)
	at java.net.AbstractPlainSocketImpl.connect(AbstractPlainSocketImpl.java:188)
	at java.net.SocksSocketImpl.connect(SocksSocketImpl.java:392)
	at java.net.Socket.connect(Socket.java:589)
	at org.postgresql.core.PGStream.<init>(PGStream.java:69)
	at org.postgresql.core.v3.ConnectionFactoryImpl.openConnectionImpl(ConnectionFactoryImpl.java:156)
	at org.postgresql.core.ConnectionFactory.openConnection(ConnectionFactory.java:49)
	at org.postgresql.jdbc.PgConnection.<init>(PgConnection.java:195)
	at org.postgresql.Driver.makeConnection(Driver.java:454)
	at org.postgresql.Driver.connect(Driver.java:256)
	at java.sql.DriverManager.getConnection(DriverManager.java:664)
	at java.sql.DriverManager.getConnection(DriverManager.java:208)
	at org.postgresql.test.TestUtil.openDB(TestUtil.java:312)
	at org.postgresql.test.jdbc2.BaseTest4.setUp(BaseTest4.java:83)
	at org.postgresql.test.jdbc3.GeneratedKeysTest.setUp(GeneratedKeysTest.java:92)
]]></error>
  </testcase>
  <testcase name="testDelete[returningInQuery = AB, binary = REGULAR]" classname="org.postgresql.test.jdbc3.GeneratedKeysTest" time="0">
    <error type="java.lang.NullPointerException:">java.lang.NullPointerException: null
	at org.postgresql.test.TestUtil.dropTable(TestUtil.java:517)
	at org.postgresql.test.jdbc3.GeneratedKeysTest.tearDown(GeneratedKeysTest.java:98)
</error>
  </testcase>
  <testcase name="testMultipleRows[returningInQuery = AB, binary = REGULAR]" classname="org.postgresql.test.jdbc3.GeneratedKeysTest" time="0">
    <error message="Connection to localhost:5432 refused. Check that the hostname and port are correct and that the postmaster is accepting TCP/IP connections." type="org.postgresql.util.PSQLException"><![CDATA[org.postgresql.util.PSQLException: Connection to localhost:5432 refused. Check that the hostname and port are correct and that the postmaster is accepting TCP/IP connections.
	at java.net.PlainSocketImpl.socketConnect(Native Method)
	at java.net.AbstractPlainSocketImpl.doConnect(AbstractPlainSocketImpl.java:350)
	at java.net.AbstractPlainSocketImpl.connectToAddress(AbstractPlainSocketImpl.java:206)
	at java.net.AbstractPlainSocketImpl.connect(AbstractPlainSocketImpl.java:188)
	at java.net.SocksSocketImpl.connect(SocksSocketImpl.java:392)
	at java.net.Socket.connect(Socket.java:589)
	at org.postgresql.core.PGStream.<init>(PGStream.java:69)
	at org.postgresql.core.v3.ConnectionFactoryImpl.openConnectionImpl(ConnectionFactoryImpl.java:156)
	at org.postgresql.core.ConnectionFactory.openConnection(ConnectionFactory.java:49)
	at org.postgresql.jdbc.PgConnection.<init>(PgConnection.java:195)
	at org.postgresql.Driver.makeConnection(Driver.java:454)
	at org.postgresql.Driver.connect(Driver.java:256)
	at java.sql.DriverManager.getConnection(DriverManager.java:664)
	at java.sql.DriverManager.getConnection(DriverManager.java:208)
	at org.postgresql.test.TestUtil.openDB(TestUtil.java:312)
	at org.postgresql.test.jdbc2.BaseTest4.setUp(BaseTest4.java:83)
	at org.postgresql.test.jdbc3.GeneratedKeysTest.setUp(GeneratedKeysTest.java:92)
]]></error>
  </testcase>
  <testcase name="testMultipleRows[returningInQuery = AB, binary = REGULAR]" classname="org.postgresql.test.jdbc3.GeneratedKeysTest" time="0">
    <error type="java.lang.NullPointerException:">java.lang.NullPointerException: null
	at org.postgresql.test.TestUtil.dropTable(TestUtil.java:517)
	at org.postgresql.test.jdbc3.GeneratedKeysTest.tearDown(GeneratedKeysTest.java:98)
</error>
  </testcase>
  <testcase name="testPSUpdate[returningInQuery = AB, binary = REGULAR]" classname="org.postgresql.test.jdbc3.GeneratedKeysTest" time="0">
    <error message="Connection to localhost:5432 refused. Check that the hostname and port are correct and that the postmaster is accepting TCP/IP connections." type="org.postgresql.util.PSQLException"><![CDATA[org.postgresql.util.PSQLException: Connection to localhost:5432 refused. Check that the hostname and port are correct and that the postmaster is accepting TCP/IP connections.
	at java.net.PlainSocketImpl.socketConnect(Native Method)
	at java.net.AbstractPlainSocketImpl.doConnect(AbstractPlainSocketImpl.java:350)
	at java.net.AbstractPlainSocketImpl.connectToAddress(AbstractPlainSocketImpl.java:206)
	at java.net.AbstractPlainSocketImpl.connect(AbstractPlainSocketImpl.java:188)
	at java.net.SocksSocketImpl.connect(SocksSocketImpl.java:392)
	at java.net.Socket.connect(Socket.java:589)
	at org.postgresql.core.PGStream.<init>(PGStream.java:69)
	at org.postgresql.core.v3.ConnectionFactoryImpl.openConnectionImpl(ConnectionFactoryImpl.java:156)
	at org.postgresql.core.ConnectionFactory.openConnection(ConnectionFactory.java:49)
	at org.postgresql.jdbc.PgConnection.<init>(PgConnection.java:195)
	at org.postgresql.Driver.makeConnection(Driver.java:454)
	at org.postgresql.Driver.connect(Driver.java:256)
	at java.sql.DriverManager.getConnection(DriverManager.java:664)
	at java.sql.DriverManager.getConnection(DriverManager.java:208)
	at org.postgresql.test.TestUtil.openDB(TestUtil.java:312)
	at org.postgresql.test.jdbc2.BaseTest4.setUp(BaseTest4.java:83)
	at org.postgresql.test.jdbc3.GeneratedKeysTest.setUp(GeneratedKeysTest.java:92)
]]></error>
  </testcase>
  <testcase name="testPSUpdate[returningInQuery = AB, binary = REGULAR]" classname="org.postgresql.test.jdbc3.GeneratedKeysTest" time="0">
    <error type="java.lang.NullPointerException:">java.lang.NullPointerException: null
	at org.postgresql.test.TestUtil.dropTable(TestUtil.java:517)
	at org.postgresql.test.jdbc3.GeneratedKeysTest.tearDown(GeneratedKeysTest.java:98)
</error>
  </testcase>
  <testcase name="breakDescribeOnFirstServerPreparedExecution[returningInQuery = AB, binary = REGULAR]" classname="org.postgresql.test.jdbc3.GeneratedKeysTest" time="0">
    <error message="Connection to localhost:5432 refused. Check that the hostname and port are correct and that the postmaster is accepting TCP/IP connections." type="org.postgresql.util.PSQLException"><![CDATA[org.postgresql.util.PSQLException: Connection to localhost:5432 refused. Check that the hostname and port are correct and that the postmaster is accepting TCP/IP connections.
	at java.net.PlainSocketImpl.socketConnect(Native Method)
	at java.net.AbstractPlainSocketImpl.doConnect(AbstractPlainSocketImpl.java:350)
	at java.net.AbstractPlainSocketImpl.connectToAddress(AbstractPlainSocketImpl.java:206)
	at java.net.AbstractPlainSocketImpl.connect(AbstractPlainSocketImpl.java:188)
	at java.net.SocksSocketImpl.connect(SocksSocketImpl.java:392)
	at java.net.Socket.connect(Socket.java:589)
	at org.postgresql.core.PGStream.<init>(PGStream.java:69)
	at org.postgresql.core.v3.ConnectionFactoryImpl.openConnectionImpl(ConnectionFactoryImpl.java:156)
	at org.postgresql.core.ConnectionFactory.openConnection(ConnectionFactory.java:49)
	at org.postgresql.jdbc.PgConnection.<init>(PgConnection.java:195)
	at org.postgresql.Driver.makeConnection(Driver.java:454)
	at org.postgresql.Driver.connect(Driver.java:256)
	at java.sql.DriverManager.getConnection(DriverManager.java:664)
	at java.sql.DriverManager.getConnection(DriverManager.java:208)
	at org.postgresql.test.TestUtil.openDB(TestUtil.java:312)
	at org.postgresql.test.jdbc2.BaseTest4.setUp(BaseTest4.java:83)
	at org.postgresql.test.jdbc3.GeneratedKeysTest.setUp(GeneratedKeysTest.java:92)
]]></error>
  </testcase>
  <testcase name="breakDescribeOnFirstServerPreparedExecution[returningInQuery = AB, binary = REGULAR]" classname="org.postgresql.test.jdbc3.GeneratedKeysTest" time="0">
    <error type="java.lang.NullPointerException:">java.lang.NullPointerException: null
	at org.postgresql.test.TestUtil.dropTable(TestUtil.java:517)
	at org.postgresql.test.jdbc3.GeneratedKeysTest.tearDown(GeneratedKeysTest.java:98)
</error>
  </testcase>
  <testcase name="testUpdate[returningInQuery = AB, binary = REGULAR]" classname="org.postgresql.test.jdbc3.GeneratedKeysTest" time="0">
    <error message="Connection to localhost:5432 refused. Check that the hostname and port are correct and that the postmaster is accepting TCP/IP connections." type="org.postgresql.util.PSQLException"><![CDATA[org.postgresql.util.PSQLException: Connection to localhost:5432 refused. Check that the hostname and port are correct and that the postmaster is accepting TCP/IP connections.
	at java.net.PlainSocketImpl.socketConnect(Native Method)
	at java.net.AbstractPlainSocketImpl.doConnect(AbstractPlainSocketImpl.java:350)
	at java.net.AbstractPlainSocketImpl.connectToAddress(AbstractPlainSocketImpl.java:206)
	at java.net.AbstractPlainSocketImpl.connect(AbstractPlainSocketImpl.java:188)
	at java.net.SocksSocketImpl.connect(SocksSocketImpl.java:392)
	at java.net.Socket.connect(Socket.java:589)
	at org.postgresql.core.PGStream.<init>(PGStream.java:69)
	at org.postgresql.core.v3.ConnectionFactoryImpl.openConnectionImpl(ConnectionFactoryImpl.java:156)
	at org.postgresql.core.ConnectionFactory.openConnection(ConnectionFactory.java:49)
	at org.postgresql.jdbc.PgConnection.<init>(PgConnection.java:195)
	at org.postgresql.Driver.makeConnection(Driver.java:454)
	at org.postgresql.Driver.connect(Driver.java:256)
	at java.sql.DriverManager.getConnection(DriverManager.java:664)
	at java.sql.DriverManager.getConnection(DriverManager.java:208)
	at org.postgresql.test.TestUtil.openDB(TestUtil.java:312)
	at org.postgresql.test.jdbc2.BaseTest4.setUp(BaseTest4.java:83)
	at org.postgresql.test.jdbc3.GeneratedKeysTest.setUp(GeneratedKeysTest.java:92)
]]></error>
  </testcase>
  <testcase name="testUpdate[returningInQuery = AB, binary = REGULAR]" classname="org.postgresql.test.jdbc3.GeneratedKeysTest" time="0">
    <error type="java.lang.NullPointerException:">java.lang.NullPointerException: null
	at org.postgresql.test.TestUtil.dropTable(TestUtil.java:517)
	at org.postgresql.test.jdbc3.GeneratedKeysTest.tearDown(GeneratedKeysTest.java:98)
</error>
  </testcase>
  <testcase name="testEmptyRSWithoutReturning[returningInQuery = AB, binary = REGULAR]" classname="org.postgresql.test.jdbc3.GeneratedKeysTest" time="0">
    <error message="Connection to localhost:5432 refused. Check that the hostname and port are correct and that the postmaster is accepting TCP/IP connections." type="org.postgresql.util.PSQLException"><![CDATA[org.postgresql.util.PSQLException: Connection to localhost:5432 refused. Check that the hostname and port are correct and that the postmaster is accepting TCP/IP connections.
	at java.net.PlainSocketImpl.socketConnect(Native Method)
	at java.net.AbstractPlainSocketImpl.doConnect(AbstractPlainSocketImpl.java:350)
	at java.net.AbstractPlainSocketImpl.connectToAddress(AbstractPlainSocketImpl.java:206)
	at java.net.AbstractPlainSocketImpl.connect(AbstractPlainSocketImpl.java:188)
	at java.net.SocksSocketImpl.connect(SocksSocketImpl.java:392)
	at java.net.Socket.connect(Socket.java:589)
	at org.postgresql.core.PGStream.<init>(PGStream.java:69)
	at org.postgresql.core.v3.ConnectionFactoryImpl.openConnectionImpl(ConnectionFactoryImpl.java:156)
	at org.postgresql.core.ConnectionFactory.openConnection(ConnectionFactory.java:49)
	at org.postgresql.jdbc.PgConnection.<init>(PgConnection.java:195)
	at org.postgresql.Driver.makeConnection(Driver.java:454)
	at org.postgresql.Driver.connect(Driver.java:256)
	at java.sql.DriverManager.getConnection(DriverManager.java:664)
	at java.sql.DriverManager.getConnection(DriverManager.java:208)
	at org.postgresql.test.TestUtil.openDB(TestUtil.java:312)
	at org.postgresql.test.jdbc2.BaseTest4.setUp(BaseTest4.java:83)
	at org.postgresql.test.jdbc3.GeneratedKeysTest.setUp(GeneratedKeysTest.java:92)
]]></error>
  </testcase>
  <testcase name="testEmptyRSWithoutReturning[returningInQuery = AB, binary = REGULAR]" classname="org.postgresql.test.jdbc3.GeneratedKeysTest" time="0">
    <error type="java.lang.NullPointerException:">java.lang.NullPointerException: null
	at org.postgresql.test.TestUtil.dropTable(TestUtil.java:517)
	at org.postgresql.test.jdbc3.GeneratedKeysTest.tearDown(GeneratedKeysTest.java:98)
</error>
  </testcase>
  <testcase name="testStatementUpdateCount[returningInQuery = AB, binary = FORCE]" classname="org.postgresql.test.jdbc3.GeneratedKeysTest" time="0">
    <error message="Connection to localhost:5432 refused. Check that the hostname and port are correct and that the postmaster is accepting TCP/IP connections." type="org.postgresql.util.PSQLException"><![CDATA[org.postgresql.util.PSQLException: Connection to localhost:5432 refused. Check that the hostname and port are correct and that the postmaster is accepting TCP/IP connections.
	at java.net.PlainSocketImpl.socketConnect(Native Method)
	at java.net.AbstractPlainSocketImpl.doConnect(AbstractPlainSocketImpl.java:350)
	at java.net.AbstractPlainSocketImpl.connectToAddress(AbstractPlainSocketImpl.java:206)
	at java.net.AbstractPlainSocketImpl.connect(AbstractPlainSocketImpl.java:188)
	at java.net.SocksSocketImpl.connect(SocksSocketImpl.java:392)
	at java.net.Socket.connect(Socket.java:589)
	at org.postgresql.core.PGStream.<init>(PGStream.java:69)
	at org.postgresql.core.v3.ConnectionFactoryImpl.openConnectionImpl(ConnectionFactoryImpl.java:156)
	at org.postgresql.core.ConnectionFactory.openConnection(ConnectionFactory.java:49)
	at org.postgresql.jdbc.PgConnection.<init>(PgConnection.java:195)
	at org.postgresql.Driver.makeConnection(Driver.java:454)
	at org.postgresql.Driver.connect(Driver.java:256)
	at java.sql.DriverManager.getConnection(DriverManager.java:664)
	at java.sql.DriverManager.getConnection(DriverManager.java:208)
	at org.postgresql.test.TestUtil.openDB(TestUtil.java:312)
	at org.postgresql.test.jdbc2.BaseTest4.setUp(BaseTest4.java:83)
	at org.postgresql.test.jdbc3.GeneratedKeysTest.setUp(GeneratedKeysTest.java:92)
]]></error>
  </testcase>
  <testcase name="testStatementUpdateCount[returningInQuery = AB, binary = FORCE]" classname="org.postgresql.test.jdbc3.GeneratedKeysTest" time="0">
    <error type="java.lang.NullPointerException:">java.lang.NullPointerException: null
	at org.postgresql.test.TestUtil.dropTable(TestUtil.java:517)
	at org.postgresql.test.jdbc3.GeneratedKeysTest.tearDown(GeneratedKeysTest.java:98)
</error>
  </testcase>
  <testcase name="testSerialWorks[returningInQuery = AB, binary = FORCE]" classname="org.postgresql.test.jdbc3.GeneratedKeysTest" time="0">
    <error message="Connection to localhost:5432 refused. Check that the hostname and port are correct and that the postmaster is accepting TCP/IP connections." type="org.postgresql.util.PSQLException"><![CDATA[org.postgresql.util.PSQLException: Connection to localhost:5432 refused. Check that the hostname and port are correct and that the postmaster is accepting TCP/IP connections.
	at java.net.PlainSocketImpl.socketConnect(Native Method)
	at java.net.AbstractPlainSocketImpl.doConnect(AbstractPlainSocketImpl.java:350)
	at java.net.AbstractPlainSocketImpl.connectToAddress(AbstractPlainSocketImpl.java:206)
	at java.net.AbstractPlainSocketImpl.connect(AbstractPlainSocketImpl.java:188)
	at java.net.SocksSocketImpl.connect(SocksSocketImpl.java:392)
	at java.net.Socket.connect(Socket.java:589)
	at org.postgresql.core.PGStream.<init>(PGStream.java:69)
	at org.postgresql.core.v3.ConnectionFactoryImpl.openConnectionImpl(ConnectionFactoryImpl.java:156)
	at org.postgresql.core.ConnectionFactory.openConnection(ConnectionFactory.java:49)
	at org.postgresql.jdbc.PgConnection.<init>(PgConnection.java:195)
	at org.postgresql.Driver.makeConnection(Driver.java:454)
	at org.postgresql.Driver.connect(Driver.java:256)
	at java.sql.DriverManager.getConnection(DriverManager.java:664)
	at java.sql.DriverManager.getConnection(DriverManager.java:208)
	at org.postgresql.test.TestUtil.openDB(TestUtil.java:312)
	at org.postgresql.test.jdbc2.BaseTest4.setUp(BaseTest4.java:83)
	at org.postgresql.test.jdbc3.GeneratedKeysTest.setUp(GeneratedKeysTest.java:92)
]]></error>
  </testcase>
  <testcase name="testSerialWorks[returningInQuery = AB, binary = FORCE]" classname="org.postgresql.test.jdbc3.GeneratedKeysTest" time="0">
    <error type="java.lang.NullPointerException:">java.lang.NullPointerException: null
	at org.postgresql.test.TestUtil.dropTable(TestUtil.java:517)
	at org.postgresql.test.jdbc3.GeneratedKeysTest.tearDown(GeneratedKeysTest.java:98)
</error>
  </testcase>
  <testcase name="selectWithGeneratedKeysViaNonPrepared[returningInQuery = AB, binary = FORCE]" classname="org.postgresql.test.jdbc3.GeneratedKeysTest" time="0">
    <error message="Connection to localhost:5432 refused. Check that the hostname and port are correct and that the postmaster is accepting TCP/IP connections." type="org.postgresql.util.PSQLException"><![CDATA[org.postgresql.util.PSQLException: Connection to localhost:5432 refused. Check that the hostname and port are correct and that the postmaster is accepting TCP/IP connections.
	at java.net.PlainSocketImpl.socketConnect(Native Method)
	at java.net.AbstractPlainSocketImpl.doConnect(AbstractPlainSocketImpl.java:350)
	at java.net.AbstractPlainSocketImpl.connectToAddress(AbstractPlainSocketImpl.java:206)
	at java.net.AbstractPlainSocketImpl.connect(AbstractPlainSocketImpl.java:188)
	at java.net.SocksSocketImpl.connect(SocksSocketImpl.java:392)
	at java.net.Socket.connect(Socket.java:589)
	at org.postgresql.core.PGStream.<init>(PGStream.java:69)
	at org.postgresql.core.v3.ConnectionFactoryImpl.openConnectionImpl(ConnectionFactoryImpl.java:156)
	at org.postgresql.core.ConnectionFactory.openConnection(ConnectionFactory.java:49)
	at org.postgresql.jdbc.PgConnection.<init>(PgConnection.java:195)
	at org.postgresql.Driver.makeConnection(Driver.java:454)
	at org.postgresql.Driver.connect(Driver.java:256)
	at java.sql.DriverManager.getConnection(DriverManager.java:664)
	at java.sql.DriverManager.getConnection(DriverManager.java:208)
	at org.postgresql.test.TestUtil.openDB(TestUtil.java:312)
	at org.postgresql.test.jdbc2.BaseTest4.setUp(BaseTest4.java:83)
	at org.postgresql.test.jdbc3.GeneratedKeysTest.setUp(GeneratedKeysTest.java:92)
]]></error>
  </testcase>
  <testcase name="selectWithGeneratedKeysViaNonPrepared[returningInQuery = AB, binary = FORCE]" classname="org.postgresql.test.jdbc3.GeneratedKeysTest" time="0">
    <error type="java.lang.NullPointerException:">java.lang.NullPointerException: null
	at org.postgresql.test.TestUtil.dropTable(TestUtil.java:517)
	at org.postgresql.test.jdbc3.GeneratedKeysTest.tearDown(GeneratedKeysTest.java:98)
</error>
  </testcase>
  <testcase name="testGeneratedKeysCleared[returningInQuery = AB, binary = FORCE]" classname="org.postgresql.test.jdbc3.GeneratedKeysTest" time="0.001">
    <error message="Connection to localhost:5432 refused. Check that the hostname and port are correct and that the postmaster is accepting TCP/IP connections." type="org.postgresql.util.PSQLException"><![CDATA[org.postgresql.util.PSQLException: Connection to localhost:5432 refused. Check that the hostname and port are correct and that the postmaster is accepting TCP/IP connections.
	at java.net.PlainSocketImpl.socketConnect(Native Method)
	at java.net.AbstractPlainSocketImpl.doConnect(AbstractPlainSocketImpl.java:350)
	at java.net.AbstractPlainSocketImpl.connectToAddress(AbstractPlainSocketImpl.java:206)
	at java.net.AbstractPlainSocketImpl.connect(AbstractPlainSocketImpl.java:188)
	at java.net.SocksSocketImpl.connect(SocksSocketImpl.java:392)
	at java.net.Socket.connect(Socket.java:589)
	at org.postgresql.core.PGStream.<init>(PGStream.java:69)
	at org.postgresql.core.v3.ConnectionFactoryImpl.openConnectionImpl(ConnectionFactoryImpl.java:156)
	at org.postgresql.core.ConnectionFactory.openConnection(ConnectionFactory.java:49)
	at org.postgresql.jdbc.PgConnection.<init>(PgConnection.java:195)
	at org.postgresql.Driver.makeConnection(Driver.java:454)
	at org.postgresql.Driver.connect(Driver.java:256)
	at java.sql.DriverManager.getConnection(DriverManager.java:664)
	at java.sql.DriverManager.getConnection(DriverManager.java:208)
	at org.postgresql.test.TestUtil.openDB(TestUtil.java:312)
	at org.postgresql.test.jdbc2.BaseTest4.setUp(BaseTest4.java:83)
	at org.postgresql.test.jdbc3.GeneratedKeysTest.setUp(GeneratedKeysTest.java:92)
]]></error>
  </testcase>
  <testcase name="testGeneratedKeysCleared[returningInQuery = AB, binary = FORCE]" classname="org.postgresql.test.jdbc3.GeneratedKeysTest" time="0.001">
    <error type="java.lang.NullPointerException:">java.lang.NullPointerException: null
	at org.postgresql.test.TestUtil.dropTable(TestUtil.java:517)
	at org.postgresql.test.jdbc3.GeneratedKeysTest.tearDown(GeneratedKeysTest.java:98)
</error>
  </testcase>
  <testcase name="testBatchGeneratedKeys[returningInQuery = AB, binary = FORCE]" classname="org.postgresql.test.jdbc3.GeneratedKeysTest" time="0">
    <error message="Connection to localhost:5432 refused. Check that the hostname and port are correct and that the postmaster is accepting TCP/IP connections." type="org.postgresql.util.PSQLException"><![CDATA[org.postgresql.util.PSQLException: Connection to localhost:5432 refused. Check that the hostname and port are correct and that the postmaster is accepting TCP/IP connections.
	at java.net.PlainSocketImpl.socketConnect(Native Method)
	at java.net.AbstractPlainSocketImpl.doConnect(AbstractPlainSocketImpl.java:350)
	at java.net.AbstractPlainSocketImpl.connectToAddress(AbstractPlainSocketImpl.java:206)
	at java.net.AbstractPlainSocketImpl.connect(AbstractPlainSocketImpl.java:188)
	at java.net.SocksSocketImpl.connect(SocksSocketImpl.java:392)
	at java.net.Socket.connect(Socket.java:589)
	at org.postgresql.core.PGStream.<init>(PGStream.java:69)
	at org.postgresql.core.v3.ConnectionFactoryImpl.openConnectionImpl(ConnectionFactoryImpl.java:156)
	at org.postgresql.core.ConnectionFactory.openConnection(ConnectionFactory.java:49)
	at org.postgresql.jdbc.PgConnection.<init>(PgConnection.java:195)
	at org.postgresql.Driver.makeConnection(Driver.java:454)
	at org.postgresql.Driver.connect(Driver.java:256)
	at java.sql.DriverManager.getConnection(DriverManager.java:664)
	at java.sql.DriverManager.getConnection(DriverManager.java:208)
	at org.postgresql.test.TestUtil.openDB(TestUtil.java:312)
	at org.postgresql.test.jdbc2.BaseTest4.setUp(BaseTest4.java:83)
	at org.postgresql.test.jdbc3.GeneratedKeysTest.setUp(GeneratedKeysTest.java:92)
]]></error>
  </testcase>
  <testcase name="testBatchGeneratedKeys[returningInQuery = AB, binary = FORCE]" classname="org.postgresql.test.jdbc3.GeneratedKeysTest" time="0">
    <error type="java.lang.NullPointerException:">java.lang.NullPointerException: null
	at org.postgresql.test.TestUtil.dropTable(TestUtil.java:517)
	at org.postgresql.test.jdbc3.GeneratedKeysTest.tearDown(GeneratedKeysTest.java:98)
</error>
  </testcase>
  <testcase name="testGeneratedKeys[returningInQuery = AB, binary = FORCE]" classname="org.postgresql.test.jdbc3.GeneratedKeysTest" time="0">
    <error message="Connection to localhost:5432 refused. Check that the hostname and port are correct and that the postmaster is accepting TCP/IP connections." type="org.postgresql.util.PSQLException"><![CDATA[org.postgresql.util.PSQLException: Connection to localhost:5432 refused. Check that the hostname and port are correct and that the postmaster is accepting TCP/IP connections.
	at java.net.PlainSocketImpl.socketConnect(Native Method)
	at java.net.AbstractPlainSocketImpl.doConnect(AbstractPlainSocketImpl.java:350)
	at java.net.AbstractPlainSocketImpl.connectToAddress(AbstractPlainSocketImpl.java:206)
	at java.net.AbstractPlainSocketImpl.connect(AbstractPlainSocketImpl.java:188)
	at java.net.SocksSocketImpl.connect(SocksSocketImpl.java:392)
	at java.net.Socket.connect(Socket.java:589)
	at org.postgresql.core.PGStream.<init>(PGStream.java:69)
	at org.postgresql.core.v3.ConnectionFactoryImpl.openConnectionImpl(ConnectionFactoryImpl.java:156)
	at org.postgresql.core.ConnectionFactory.openConnection(ConnectionFactory.java:49)
	at org.postgresql.jdbc.PgConnection.<init>(PgConnection.java:195)
	at org.postgresql.Driver.makeConnection(Driver.java:454)
	at org.postgresql.Driver.connect(Driver.java:256)
	at java.sql.DriverManager.getConnection(DriverManager.java:664)
	at java.sql.DriverManager.getConnection(DriverManager.java:208)
	at org.postgresql.test.TestUtil.openDB(TestUtil.java:312)
	at org.postgresql.test.jdbc2.BaseTest4.setUp(BaseTest4.java:83)
	at org.postgresql.test.jdbc3.GeneratedKeysTest.setUp(GeneratedKeysTest.java:92)
]]></error>
  </testcase>
  <testcase name="testGeneratedKeys[returningInQuery = AB, binary = FORCE]" classname="org.postgresql.test.jdbc3.GeneratedKeysTest" time="0">
    <error type="java.lang.NullPointerException:">java.lang.NullPointerException: null
	at org.postgresql.test.TestUtil.dropTable(TestUtil.java:517)
	at org.postgresql.test.jdbc3.GeneratedKeysTest.tearDown(GeneratedKeysTest.java:98)
</error>
  </testcase>
  <testcase name="testWithInsertInsert[returningInQuery = AB, binary = FORCE]" classname="org.postgresql.test.jdbc3.GeneratedKeysTest" time="0">
    <error message="Connection to localhost:5432 refused. Check that the hostname and port are correct and that the postmaster is accepting TCP/IP connections." type="org.postgresql.util.PSQLException"><![CDATA[org.postgresql.util.PSQLException: Connection to localhost:5432 refused. Check that the hostname and port are correct and that the postmaster is accepting TCP/IP connections.
	at java.net.PlainSocketImpl.socketConnect(Native Method)
	at java.net.AbstractPlainSocketImpl.doConnect(AbstractPlainSocketImpl.java:350)
	at java.net.AbstractPlainSocketImpl.connectToAddress(AbstractPlainSocketImpl.java:206)
	at java.net.AbstractPlainSocketImpl.connect(AbstractPlainSocketImpl.java:188)
	at java.net.SocksSocketImpl.connect(SocksSocketImpl.java:392)
	at java.net.Socket.connect(Socket.java:589)
	at org.postgresql.core.PGStream.<init>(PGStream.java:69)
	at org.postgresql.core.v3.ConnectionFactoryImpl.openConnectionImpl(ConnectionFactoryImpl.java:156)
	at org.postgresql.core.ConnectionFactory.openConnection(ConnectionFactory.java:49)
	at org.postgresql.jdbc.PgConnection.<init>(PgConnection.java:195)
	at org.postgresql.Driver.makeConnection(Driver.java:454)
	at org.postgresql.Driver.connect(Driver.java:256)
	at java.sql.DriverManager.getConnection(DriverManager.java:664)
	at java.sql.DriverManager.getConnection(DriverManager.java:208)
	at org.postgresql.test.TestUtil.openDB(TestUtil.java:312)
	at org.postgresql.test.jdbc2.BaseTest4.setUp(BaseTest4.java:83)
	at org.postgresql.test.jdbc3.GeneratedKeysTest.setUp(GeneratedKeysTest.java:92)
]]></error>
  </testcase>
  <testcase name="testWithInsertInsert[returningInQuery = AB, binary = FORCE]" classname="org.postgresql.test.jdbc3.GeneratedKeysTest" time="0">
    <error type="java.lang.NullPointerException:">java.lang.NullPointerException: null
	at org.postgresql.test.TestUtil.dropTable(TestUtil.java:517)
	at org.postgresql.test.jdbc3.GeneratedKeysTest.tearDown(GeneratedKeysTest.java:98)
</error>
  </testcase>
  <testcase name="testWithInsertSelect[returningInQuery = AB, binary = FORCE]" classname="org.postgresql.test.jdbc3.GeneratedKeysTest" time="0">
    <error message="Connection to localhost:5432 refused. Check that the hostname and port are correct and that the postmaster is accepting TCP/IP connections." type="org.postgresql.util.PSQLException"><![CDATA[org.postgresql.util.PSQLException: Connection to localhost:5432 refused. Check that the hostname and port are correct and that the postmaster is accepting TCP/IP connections.
	at java.net.PlainSocketImpl.socketConnect(Native Method)
	at java.net.AbstractPlainSocketImpl.doConnect(AbstractPlainSocketImpl.java:350)
	at java.net.AbstractPlainSocketImpl.connectToAddress(AbstractPlainSocketImpl.java:206)
	at java.net.AbstractPlainSocketImpl.connect(AbstractPlainSocketImpl.java:188)
	at java.net.SocksSocketImpl.connect(SocksSocketImpl.java:392)
	at java.net.Socket.connect(Socket.java:589)
	at org.postgresql.core.PGStream.<init>(PGStream.java:69)
	at org.postgresql.core.v3.ConnectionFactoryImpl.openConnectionImpl(ConnectionFactoryImpl.java:156)
	at org.postgresql.core.ConnectionFactory.openConnection(ConnectionFactory.java:49)
	at org.postgresql.jdbc.PgConnection.<init>(PgConnection.java:195)
	at org.postgresql.Driver.makeConnection(Driver.java:454)
	at org.postgresql.Driver.connect(Driver.java:256)
	at java.sql.DriverManager.getConnection(DriverManager.java:664)
	at java.sql.DriverManager.getConnection(DriverManager.java:208)
	at org.postgresql.test.TestUtil.openDB(TestUtil.java:312)
	at org.postgresql.test.jdbc2.BaseTest4.setUp(BaseTest4.java:83)
	at org.postgresql.test.jdbc3.GeneratedKeysTest.setUp(GeneratedKeysTest.java:92)
]]></error>
  </testcase>
  <testcase name="testWithInsertSelect[returningInQuery = AB, binary = FORCE]" classname="org.postgresql.test.jdbc3.GeneratedKeysTest" time="0">
    <error type="java.lang.NullPointerException:">java.lang.NullPointerException: null
	at org.postgresql.test.TestUtil.dropTable(TestUtil.java:517)
	at org.postgresql.test.jdbc3.GeneratedKeysTest.tearDown(GeneratedKeysTest.java:98)
</error>
  </testcase>
  <testcase name="testCloseStatementClosesRS[returningInQuery = AB, binary = FORCE]" classname="org.postgresql.test.jdbc3.GeneratedKeysTest" time="0">
    <error message="Connection to localhost:5432 refused. Check that the hostname and port are correct and that the postmaster is accepting TCP/IP connections." type="org.postgresql.util.PSQLException"><![CDATA[org.postgresql.util.PSQLException: Connection to localhost:5432 refused. Check that the hostname and port are correct and that the postmaster is accepting TCP/IP connections.
	at java.net.PlainSocketImpl.socketConnect(Native Method)
	at java.net.AbstractPlainSocketImpl.doConnect(AbstractPlainSocketImpl.java:350)
	at java.net.AbstractPlainSocketImpl.connectToAddress(AbstractPlainSocketImpl.java:206)
	at java.net.AbstractPlainSocketImpl.connect(AbstractPlainSocketImpl.java:188)
	at java.net.SocksSocketImpl.connect(SocksSocketImpl.java:392)
	at java.net.Socket.connect(Socket.java:589)
	at org.postgresql.core.PGStream.<init>(PGStream.java:69)
	at org.postgresql.core.v3.ConnectionFactoryImpl.openConnectionImpl(ConnectionFactoryImpl.java:156)
	at org.postgresql.core.ConnectionFactory.openConnection(ConnectionFactory.java:49)
	at org.postgresql.jdbc.PgConnection.<init>(PgConnection.java:195)
	at org.postgresql.Driver.makeConnection(Driver.java:454)
	at org.postgresql.Driver.connect(Driver.java:256)
	at java.sql.DriverManager.getConnection(DriverManager.java:664)
	at java.sql.DriverManager.getConnection(DriverManager.java:208)
	at org.postgresql.test.TestUtil.openDB(TestUtil.java:312)
	at org.postgresql.test.jdbc2.BaseTest4.setUp(BaseTest4.java:83)
	at org.postgresql.test.jdbc3.GeneratedKeysTest.setUp(GeneratedKeysTest.java:92)
]]></error>
  </testcase>
  <testcase name="testCloseStatementClosesRS[returningInQuery = AB, binary = FORCE]" classname="org.postgresql.test.jdbc3.GeneratedKeysTest" time="0">
    <error type="java.lang.NullPointerException:">java.lang.NullPointerException: null
	at org.postgresql.test.TestUtil.dropTable(TestUtil.java:517)
	at org.postgresql.test.jdbc3.GeneratedKeysTest.tearDown(GeneratedKeysTest.java:98)
</error>
  </testcase>
  <testcase name="selectWithGeneratedKeysViaPreparedExecute[returningInQuery = AB, binary = FORCE]" classname="org.postgresql.test.jdbc3.GeneratedKeysTest" time="0">
    <error message="Connection to localhost:5432 refused. Check that the hostname and port are correct and that the postmaster is accepting TCP/IP connections." type="org.postgresql.util.PSQLException"><![CDATA[org.postgresql.util.PSQLException: Connection to localhost:5432 refused. Check that the hostname and port are correct and that the postmaster is accepting TCP/IP connections.
	at java.net.PlainSocketImpl.socketConnect(Native Method)
	at java.net.AbstractPlainSocketImpl.doConnect(AbstractPlainSocketImpl.java:350)
	at java.net.AbstractPlainSocketImpl.connectToAddress(AbstractPlainSocketImpl.java:206)
	at java.net.AbstractPlainSocketImpl.connect(AbstractPlainSocketImpl.java:188)
	at java.net.SocksSocketImpl.connect(SocksSocketImpl.java:392)
	at java.net.Socket.connect(Socket.java:589)
	at org.postgresql.core.PGStream.<init>(PGStream.java:69)
	at org.postgresql.core.v3.ConnectionFactoryImpl.openConnectionImpl(ConnectionFactoryImpl.java:156)
	at org.postgresql.core.ConnectionFactory.openConnection(ConnectionFactory.java:49)
	at org.postgresql.jdbc.PgConnection.<init>(PgConnection.java:195)
	at org.postgresql.Driver.makeConnection(Driver.java:454)
	at org.postgresql.Driver.connect(Driver.java:256)
	at java.sql.DriverManager.getConnection(DriverManager.java:664)
	at java.sql.DriverManager.getConnection(DriverManager.java:208)
	at org.postgresql.test.TestUtil.openDB(TestUtil.java:312)
	at org.postgresql.test.jdbc2.BaseTest4.setUp(BaseTest4.java:83)
	at org.postgresql.test.jdbc3.GeneratedKeysTest.setUp(GeneratedKeysTest.java:92)
]]></error>
  </testcase>
  <testcase name="selectWithGeneratedKeysViaPreparedExecute[returningInQuery = AB, binary = FORCE]" classname="org.postgresql.test.jdbc3.GeneratedKeysTest" time="0">
    <error type="java.lang.NullPointerException:">java.lang.NullPointerException: null
	at org.postgresql.test.TestUtil.dropTable(TestUtil.java:517)
	at org.postgresql.test.jdbc3.GeneratedKeysTest.tearDown(GeneratedKeysTest.java:98)
</error>
  </testcase>
  <testcase name="selectWithGeneratedKeysViaPreparedExecuteQuery[returningInQuery = AB, binary = FORCE]" classname="org.postgresql.test.jdbc3.GeneratedKeysTest" time="0">
    <error message="Connection to localhost:5432 refused. Check that the hostname and port are correct and that the postmaster is accepting TCP/IP connections." type="org.postgresql.util.PSQLException"><![CDATA[org.postgresql.util.PSQLException: Connection to localhost:5432 refused. Check that the hostname and port are correct and that the postmaster is accepting TCP/IP connections.
	at java.net.PlainSocketImpl.socketConnect(Native Method)
	at java.net.AbstractPlainSocketImpl.doConnect(AbstractPlainSocketImpl.java:350)
	at java.net.AbstractPlainSocketImpl.connectToAddress(AbstractPlainSocketImpl.java:206)
	at java.net.AbstractPlainSocketImpl.connect(AbstractPlainSocketImpl.java:188)
	at java.net.SocksSocketImpl.connect(SocksSocketImpl.java:392)
	at java.net.Socket.connect(Socket.java:589)
	at org.postgresql.core.PGStream.<init>(PGStream.java:69)
	at org.postgresql.core.v3.ConnectionFactoryImpl.openConnectionImpl(ConnectionFactoryImpl.java:156)
	at org.postgresql.core.ConnectionFactory.openConnection(ConnectionFactory.java:49)
	at org.postgresql.jdbc.PgConnection.<init>(PgConnection.java:195)
	at org.postgresql.Driver.makeConnection(Driver.java:454)
	at org.postgresql.Driver.connect(Driver.java:256)
	at java.sql.DriverManager.getConnection(DriverManager.java:664)
	at java.sql.DriverManager.getConnection(DriverManager.java:208)
	at org.postgresql.test.TestUtil.openDB(TestUtil.java:312)
	at org.postgresql.test.jdbc2.BaseTest4.setUp(BaseTest4.java:83)
	at org.postgresql.test.jdbc3.GeneratedKeysTest.setUp(GeneratedKeysTest.java:92)
]]></error>
  </testcase>
  <testcase name="selectWithGeneratedKeysViaPreparedExecuteQuery[returningInQuery = AB, binary = FORCE]" classname="org.postgresql.test.jdbc3.GeneratedKeysTest" time="0">
    <error type="java.lang.NullPointerException:">java.lang.NullPointerException: null
	at org.postgresql.test.TestUtil.dropTable(TestUtil.java:517)
	at org.postgresql.test.jdbc3.GeneratedKeysTest.tearDown(GeneratedKeysTest.java:98)
</error>
  </testcase>
  <testcase name="testReturningWithTrailingSemicolon[returningInQuery = AB, binary = FORCE]" classname="org.postgresql.test.jdbc3.GeneratedKeysTest" time="0">
    <error message="Connection to localhost:5432 refused. Check that the hostname and port are correct and that the postmaster is accepting TCP/IP connections." type="org.postgresql.util.PSQLException"><![CDATA[org.postgresql.util.PSQLException: Connection to localhost:5432 refused. Check that the hostname and port are correct and that the postmaster is accepting TCP/IP connections.
	at java.net.PlainSocketImpl.socketConnect(Native Method)
	at java.net.AbstractPlainSocketImpl.doConnect(AbstractPlainSocketImpl.java:350)
	at java.net.AbstractPlainSocketImpl.connectToAddress(AbstractPlainSocketImpl.java:206)
	at java.net.AbstractPlainSocketImpl.connect(AbstractPlainSocketImpl.java:188)
	at java.net.SocksSocketImpl.connect(SocksSocketImpl.java:392)
	at java.net.Socket.connect(Socket.java:589)
	at org.postgresql.core.PGStream.<init>(PGStream.java:69)
	at org.postgresql.core.v3.ConnectionFactoryImpl.openConnectionImpl(ConnectionFactoryImpl.java:156)
	at org.postgresql.core.ConnectionFactory.openConnection(ConnectionFactory.java:49)
	at org.postgresql.jdbc.PgConnection.<init>(PgConnection.java:195)
	at org.postgresql.Driver.makeConnection(Driver.java:454)
	at org.postgresql.Driver.connect(Driver.java:256)
	at java.sql.DriverManager.getConnection(DriverManager.java:664)
	at java.sql.DriverManager.getConnection(DriverManager.java:208)
	at org.postgresql.test.TestUtil.openDB(TestUtil.java:312)
	at org.postgresql.test.jdbc2.BaseTest4.setUp(BaseTest4.java:83)
	at org.postgresql.test.jdbc3.GeneratedKeysTest.setUp(GeneratedKeysTest.java:92)
]]></error>
  </testcase>
  <testcase name="testReturningWithTrailingSemicolon[returningInQuery = AB, binary = FORCE]" classname="org.postgresql.test.jdbc3.GeneratedKeysTest" time="0">
    <error type="java.lang.NullPointerException:">java.lang.NullPointerException: null
	at org.postgresql.test.TestUtil.dropTable(TestUtil.java:517)
	at org.postgresql.test.jdbc3.GeneratedKeysTest.tearDown(GeneratedKeysTest.java:98)
</error>
  </testcase>
  <testcase name="testPSDelete[returningInQuery = AB, binary = FORCE]" classname="org.postgresql.test.jdbc3.GeneratedKeysTest" time="0">
    <error message="Connection to localhost:5432 refused. Check that the hostname and port are correct and that the postmaster is accepting TCP/IP connections." type="org.postgresql.util.PSQLException"><![CDATA[org.postgresql.util.PSQLException: Connection to localhost:5432 refused. Check that the hostname and port are correct and that the postmaster is accepting TCP/IP connections.
	at java.net.PlainSocketImpl.socketConnect(Native Method)
	at java.net.AbstractPlainSocketImpl.doConnect(AbstractPlainSocketImpl.java:350)
	at java.net.AbstractPlainSocketImpl.connectToAddress(AbstractPlainSocketImpl.java:206)
	at java.net.AbstractPlainSocketImpl.connect(AbstractPlainSocketImpl.java:188)
	at java.net.SocksSocketImpl.connect(SocksSocketImpl.java:392)
	at java.net.Socket.connect(Socket.java:589)
	at org.postgresql.core.PGStream.<init>(PGStream.java:69)
	at org.postgresql.core.v3.ConnectionFactoryImpl.openConnectionImpl(ConnectionFactoryImpl.java:156)
	at org.postgresql.core.ConnectionFactory.openConnection(ConnectionFactory.java:49)
	at org.postgresql.jdbc.PgConnection.<init>(PgConnection.java:195)
	at org.postgresql.Driver.makeConnection(Driver.java:454)
	at org.postgresql.Driver.connect(Driver.java:256)
	at java.sql.DriverManager.getConnection(DriverManager.java:664)
	at java.sql.DriverManager.getConnection(DriverManager.java:208)
	at org.postgresql.test.TestUtil.openDB(TestUtil.java:312)
	at org.postgresql.test.jdbc2.BaseTest4.setUp(BaseTest4.java:83)
	at org.postgresql.test.jdbc3.GeneratedKeysTest.setUp(GeneratedKeysTest.java:92)
]]></error>
  </testcase>
  <testcase name="testPSDelete[returningInQuery = AB, binary = FORCE]" classname="org.postgresql.test.jdbc3.GeneratedKeysTest" time="0">
    <error type="java.lang.NullPointerException:">java.lang.NullPointerException: null
	at org.postgresql.test.TestUtil.dropTable(TestUtil.java:517)
	at org.postgresql.test.jdbc3.GeneratedKeysTest.tearDown(GeneratedKeysTest.java:98)
</error>
  </testcase>
  <testcase name="testDelete[returningInQuery = AB, binary = FORCE]" classname="org.postgresql.test.jdbc3.GeneratedKeysTest" time="0">
    <error message="Connection to localhost:5432 refused. Check that the hostname and port are correct and that the postmaster is accepting TCP/IP connections." type="org.postgresql.util.PSQLException"><![CDATA[org.postgresql.util.PSQLException: Connection to localhost:5432 refused. Check that the hostname and port are correct and that the postmaster is accepting TCP/IP connections.
	at java.net.PlainSocketImpl.socketConnect(Native Method)
	at java.net.AbstractPlainSocketImpl.doConnect(AbstractPlainSocketImpl.java:350)
	at java.net.AbstractPlainSocketImpl.connectToAddress(AbstractPlainSocketImpl.java:206)
	at java.net.AbstractPlainSocketImpl.connect(AbstractPlainSocketImpl.java:188)
	at java.net.SocksSocketImpl.connect(SocksSocketImpl.java:392)
	at java.net.Socket.connect(Socket.java:589)
	at org.postgresql.core.PGStream.<init>(PGStream.java:69)
	at org.postgresql.core.v3.ConnectionFactoryImpl.openConnectionImpl(ConnectionFactoryImpl.java:156)
	at org.postgresql.core.ConnectionFactory.openConnection(ConnectionFactory.java:49)
	at org.postgresql.jdbc.PgConnection.<init>(PgConnection.java:195)
	at org.postgresql.Driver.makeConnection(Driver.java:454)
	at org.postgresql.Driver.connect(Driver.java:256)
	at java.sql.DriverManager.getConnection(DriverManager.java:664)
	at java.sql.DriverManager.getConnection(DriverManager.java:208)
	at org.postgresql.test.TestUtil.openDB(TestUtil.java:312)
	at org.postgresql.test.jdbc2.BaseTest4.setUp(BaseTest4.java:83)
	at org.postgresql.test.jdbc3.GeneratedKeysTest.setUp(GeneratedKeysTest.java:92)
]]></error>
  </testcase>
  <testcase name="testDelete[returningInQuery = AB, binary = FORCE]" classname="org.postgresql.test.jdbc3.GeneratedKeysTest" time="0">
    <error type="java.lang.NullPointerException:">java.lang.NullPointerException: null
	at org.postgresql.test.TestUtil.dropTable(TestUtil.java:517)
	at org.postgresql.test.jdbc3.GeneratedKeysTest.tearDown(GeneratedKeysTest.java:98)
</error>
  </testcase>
  <testcase name="testMultipleRows[returningInQuery = AB, binary = FORCE]" classname="org.postgresql.test.jdbc3.GeneratedKeysTest" time="0">
    <error message="Connection to localhost:5432 refused. Check that the hostname and port are correct and that the postmaster is accepting TCP/IP connections." type="org.postgresql.util.PSQLException"><![CDATA[org.postgresql.util.PSQLException: Connection to localhost:5432 refused. Check that the hostname and port are correct and that the postmaster is accepting TCP/IP connections.
	at java.net.PlainSocketImpl.socketConnect(Native Method)
	at java.net.AbstractPlainSocketImpl.doConnect(AbstractPlainSocketImpl.java:350)
	at java.net.AbstractPlainSocketImpl.connectToAddress(AbstractPlainSocketImpl.java:206)
	at java.net.AbstractPlainSocketImpl.connect(AbstractPlainSocketImpl.java:188)
	at java.net.SocksSocketImpl.connect(SocksSocketImpl.java:392)
	at java.net.Socket.connect(Socket.java:589)
	at org.postgresql.core.PGStream.<init>(PGStream.java:69)
	at org.postgresql.core.v3.ConnectionFactoryImpl.openConnectionImpl(ConnectionFactoryImpl.java:156)
	at org.postgresql.core.ConnectionFactory.openConnection(ConnectionFactory.java:49)
	at org.postgresql.jdbc.PgConnection.<init>(PgConnection.java:195)
	at org.postgresql.Driver.makeConnection(Driver.java:454)
	at org.postgresql.Driver.connect(Driver.java:256)
	at java.sql.DriverManager.getConnection(DriverManager.java:664)
	at java.sql.DriverManager.getConnection(DriverManager.java:208)
	at org.postgresql.test.TestUtil.openDB(TestUtil.java:312)
	at org.postgresql.test.jdbc2.BaseTest4.setUp(BaseTest4.java:83)
	at org.postgresql.test.jdbc3.GeneratedKeysTest.setUp(GeneratedKeysTest.java:92)
]]></error>
  </testcase>
  <testcase name="testMultipleRows[returningInQuery = AB, binary = FORCE]" classname="org.postgresql.test.jdbc3.GeneratedKeysTest" time="0">
    <error type="java.lang.NullPointerException:">java.lang.NullPointerException: null
	at org.postgresql.test.TestUtil.dropTable(TestUtil.java:517)
	at org.postgresql.test.jdbc3.GeneratedKeysTest.tearDown(GeneratedKeysTest.java:98)
</error>
  </testcase>
  <testcase name="testPSUpdate[returningInQuery = AB, binary = FORCE]" classname="org.postgresql.test.jdbc3.GeneratedKeysTest" time="0">
    <error message="Connection to localhost:5432 refused. Check that the hostname and port are correct and that the postmaster is accepting TCP/IP connections." type="org.postgresql.util.PSQLException"><![CDATA[org.postgresql.util.PSQLException: Connection to localhost:5432 refused. Check that the hostname and port are correct and that the postmaster is accepting TCP/IP connections.
	at java.net.PlainSocketImpl.socketConnect(Native Method)
	at java.net.AbstractPlainSocketImpl.doConnect(AbstractPlainSocketImpl.java:350)
	at java.net.AbstractPlainSocketImpl.connectToAddress(AbstractPlainSocketImpl.java:206)
	at java.net.AbstractPlainSocketImpl.connect(AbstractPlainSocketImpl.java:188)
	at java.net.SocksSocketImpl.connect(SocksSocketImpl.java:392)
	at java.net.Socket.connect(Socket.java:589)
	at org.postgresql.core.PGStream.<init>(PGStream.java:69)
	at org.postgresql.core.v3.ConnectionFactoryImpl.openConnectionImpl(ConnectionFactoryImpl.java:156)
	at org.postgresql.core.ConnectionFactory.openConnection(ConnectionFactory.java:49)
	at org.postgresql.jdbc.PgConnection.<init>(PgConnection.java:195)
	at org.postgresql.Driver.makeConnection(Driver.java:454)
	at org.postgresql.Driver.connect(Driver.java:256)
	at java.sql.DriverManager.getConnection(DriverManager.java:664)
	at java.sql.DriverManager.getConnection(DriverManager.java:208)
	at org.postgresql.test.TestUtil.openDB(TestUtil.java:312)
	at org.postgresql.test.jdbc2.BaseTest4.setUp(BaseTest4.java:83)
	at org.postgresql.test.jdbc3.GeneratedKeysTest.setUp(GeneratedKeysTest.java:92)
]]></error>
  </testcase>
  <testcase name="testPSUpdate[returningInQuery = AB, binary = FORCE]" classname="org.postgresql.test.jdbc3.GeneratedKeysTest" time="0">
    <error type="java.lang.NullPointerException:">java.lang.NullPointerException: null
	at org.postgresql.test.TestUtil.dropTable(TestUtil.java:517)
	at org.postgresql.test.jdbc3.GeneratedKeysTest.tearDown(GeneratedKeysTest.java:98)
</error>
  </testcase>
  <testcase name="breakDescribeOnFirstServerPreparedExecution[returningInQuery = AB, binary = FORCE]" classname="org.postgresql.test.jdbc3.GeneratedKeysTest" time="0">
    <error message="Connection to localhost:5432 refused. Check that the hostname and port are correct and that the postmaster is accepting TCP/IP connections." type="org.postgresql.util.PSQLException"><![CDATA[org.postgresql.util.PSQLException: Connection to localhost:5432 refused. Check that the hostname and port are correct and that the postmaster is accepting TCP/IP connections.
	at java.net.PlainSocketImpl.socketConnect(Native Method)
	at java.net.AbstractPlainSocketImpl.doConnect(AbstractPlainSocketImpl.java:350)
	at java.net.AbstractPlainSocketImpl.connectToAddress(AbstractPlainSocketImpl.java:206)
	at java.net.AbstractPlainSocketImpl.connect(AbstractPlainSocketImpl.java:188)
	at java.net.SocksSocketImpl.connect(SocksSocketImpl.java:392)
	at java.net.Socket.connect(Socket.java:589)
	at org.postgresql.core.PGStream.<init>(PGStream.java:69)
	at org.postgresql.core.v3.ConnectionFactoryImpl.openConnectionImpl(ConnectionFactoryImpl.java:156)
	at org.postgresql.core.ConnectionFactory.openConnection(ConnectionFactory.java:49)
	at org.postgresql.jdbc.PgConnection.<init>(PgConnection.java:195)
	at org.postgresql.Driver.makeConnection(Driver.java:454)
	at org.postgresql.Driver.connect(Driver.java:256)
	at java.sql.DriverManager.getConnection(DriverManager.java:664)
	at java.sql.DriverManager.getConnection(DriverManager.java:208)
	at org.postgresql.test.TestUtil.openDB(TestUtil.java:312)
	at org.postgresql.test.jdbc2.BaseTest4.setUp(BaseTest4.java:83)
	at org.postgresql.test.jdbc3.GeneratedKeysTest.setUp(GeneratedKeysTest.java:92)
]]></error>
  </testcase>
  <testcase name="breakDescribeOnFirstServerPreparedExecution[returningInQuery = AB, binary = FORCE]" classname="org.postgresql.test.jdbc3.GeneratedKeysTest" time="0">
    <error type="java.lang.NullPointerException:">java.lang.NullPointerException: null
	at org.postgresql.test.TestUtil.dropTable(TestUtil.java:517)
	at org.postgresql.test.jdbc3.GeneratedKeysTest.tearDown(GeneratedKeysTest.java:98)
</error>
  </testcase>
  <testcase name="testUpdate[returningInQuery = AB, binary = FORCE]" classname="org.postgresql.test.jdbc3.GeneratedKeysTest" time="0">
    <error message="Connection to localhost:5432 refused. Check that the hostname and port are correct and that the postmaster is accepting TCP/IP connections." type="org.postgresql.util.PSQLException"><![CDATA[org.postgresql.util.PSQLException: Connection to localhost:5432 refused. Check that the hostname and port are correct and that the postmaster is accepting TCP/IP connections.
	at java.net.PlainSocketImpl.socketConnect(Native Method)
	at java.net.AbstractPlainSocketImpl.doConnect(AbstractPlainSocketImpl.java:350)
	at java.net.AbstractPlainSocketImpl.connectToAddress(AbstractPlainSocketImpl.java:206)
	at java.net.AbstractPlainSocketImpl.connect(AbstractPlainSocketImpl.java:188)
	at java.net.SocksSocketImpl.connect(SocksSocketImpl.java:392)
	at java.net.Socket.connect(Socket.java:589)
	at org.postgresql.core.PGStream.<init>(PGStream.java:69)
	at org.postgresql.core.v3.ConnectionFactoryImpl.openConnectionImpl(ConnectionFactoryImpl.java:156)
	at org.postgresql.core.ConnectionFactory.openConnection(ConnectionFactory.java:49)
	at org.postgresql.jdbc.PgConnection.<init>(PgConnection.java:195)
	at org.postgresql.Driver.makeConnection(Driver.java:454)
	at org.postgresql.Driver.connect(Driver.java:256)
	at java.sql.DriverManager.getConnection(DriverManager.java:664)
	at java.sql.DriverManager.getConnection(DriverManager.java:208)
	at org.postgresql.test.TestUtil.openDB(TestUtil.java:312)
	at org.postgresql.test.jdbc2.BaseTest4.setUp(BaseTest4.java:83)
	at org.postgresql.test.jdbc3.GeneratedKeysTest.setUp(GeneratedKeysTest.java:92)
]]></error>
  </testcase>
  <testcase name="testUpdate[returningInQuery = AB, binary = FORCE]" classname="org.postgresql.test.jdbc3.GeneratedKeysTest" time="0">
    <error type="java.lang.NullPointerException:">java.lang.NullPointerException: null
	at org.postgresql.test.TestUtil.dropTable(TestUtil.java:517)
	at org.postgresql.test.jdbc3.GeneratedKeysTest.tearDown(GeneratedKeysTest.java:98)
</error>
  </testcase>
  <testcase name="testEmptyRSWithoutReturning[returningInQuery = AB, binary = FORCE]" classname="org.postgresql.test.jdbc3.GeneratedKeysTest" time="0">
    <error message="Connection to localhost:5432 refused. Check that the hostname and port are correct and that the postmaster is accepting TCP/IP connections." type="org.postgresql.util.PSQLException"><![CDATA[org.postgresql.util.PSQLException: Connection to localhost:5432 refused. Check that the hostname and port are correct and that the postmaster is accepting TCP/IP connections.
	at java.net.PlainSocketImpl.socketConnect(Native Method)
	at java.net.AbstractPlainSocketImpl.doConnect(AbstractPlainSocketImpl.java:350)
	at java.net.AbstractPlainSocketImpl.connectToAddress(AbstractPlainSocketImpl.java:206)
	at java.net.AbstractPlainSocketImpl.connect(AbstractPlainSocketImpl.java:188)
	at java.net.SocksSocketImpl.connect(SocksSocketImpl.java:392)
	at java.net.Socket.connect(Socket.java:589)
	at org.postgresql.core.PGStream.<init>(PGStream.java:69)
	at org.postgresql.core.v3.ConnectionFactoryImpl.openConnectionImpl(ConnectionFactoryImpl.java:156)
	at org.postgresql.core.ConnectionFactory.openConnection(ConnectionFactory.java:49)
	at org.postgresql.jdbc.PgConnection.<init>(PgConnection.java:195)
	at org.postgresql.Driver.makeConnection(Driver.java:454)
	at org.postgresql.Driver.connect(Driver.java:256)
	at java.sql.DriverManager.getConnection(DriverManager.java:664)
	at java.sql.DriverManager.getConnection(DriverManager.java:208)
	at org.postgresql.test.TestUtil.openDB(TestUtil.java:312)
	at org.postgresql.test.jdbc2.BaseTest4.setUp(BaseTest4.java:83)
	at org.postgresql.test.jdbc3.GeneratedKeysTest.setUp(GeneratedKeysTest.java:92)
]]></error>
  </testcase>
  <testcase name="testEmptyRSWithoutReturning[returningInQuery = AB, binary = FORCE]" classname="org.postgresql.test.jdbc3.GeneratedKeysTest" time="0">
    <error type="java.lang.NullPointerException:">java.lang.NullPointerException: null
	at org.postgresql.test.TestUtil.dropTable(TestUtil.java:517)
	at org.postgresql.test.jdbc3.GeneratedKeysTest.tearDown(GeneratedKeysTest.java:98)
</error>
  </testcase>
  <testcase name="testStatementUpdateCount[returningInQuery = STAR, binary = REGULAR]" classname="org.postgresql.test.jdbc3.GeneratedKeysTest" time="0.001">
    <error message="Connection to localhost:5432 refused. Check that the hostname and port are correct and that the postmaster is accepting TCP/IP connections." type="org.postgresql.util.PSQLException"><![CDATA[org.postgresql.util.PSQLException: Connection to localhost:5432 refused. Check that the hostname and port are correct and that the postmaster is accepting TCP/IP connections.
	at java.net.PlainSocketImpl.socketConnect(Native Method)
	at java.net.AbstractPlainSocketImpl.doConnect(AbstractPlainSocketImpl.java:350)
	at java.net.AbstractPlainSocketImpl.connectToAddress(AbstractPlainSocketImpl.java:206)
	at java.net.AbstractPlainSocketImpl.connect(AbstractPlainSocketImpl.java:188)
	at java.net.SocksSocketImpl.connect(SocksSocketImpl.java:392)
	at java.net.Socket.connect(Socket.java:589)
	at org.postgresql.core.PGStream.<init>(PGStream.java:69)
	at org.postgresql.core.v3.ConnectionFactoryImpl.openConnectionImpl(ConnectionFactoryImpl.java:156)
	at org.postgresql.core.ConnectionFactory.openConnection(ConnectionFactory.java:49)
	at org.postgresql.jdbc.PgConnection.<init>(PgConnection.java:195)
	at org.postgresql.Driver.makeConnection(Driver.java:454)
	at org.postgresql.Driver.connect(Driver.java:256)
	at java.sql.DriverManager.getConnection(DriverManager.java:664)
	at java.sql.DriverManager.getConnection(DriverManager.java:208)
	at org.postgresql.test.TestUtil.openDB(TestUtil.java:312)
	at org.postgresql.test.jdbc2.BaseTest4.setUp(BaseTest4.java:83)
	at org.postgresql.test.jdbc3.GeneratedKeysTest.setUp(GeneratedKeysTest.java:92)
]]></error>
  </testcase>
  <testcase name="testStatementUpdateCount[returningInQuery = STAR, binary = REGULAR]" classname="org.postgresql.test.jdbc3.GeneratedKeysTest" time="0.001">
    <error type="java.lang.NullPointerException:">java.lang.NullPointerException: null
	at org.postgresql.test.TestUtil.dropTable(TestUtil.java:517)
	at org.postgresql.test.jdbc3.GeneratedKeysTest.tearDown(GeneratedKeysTest.java:98)
</error>
  </testcase>
  <testcase name="testSerialWorks[returningInQuery = STAR, binary = REGULAR]" classname="org.postgresql.test.jdbc3.GeneratedKeysTest" time="0">
    <error message="Connection to localhost:5432 refused. Check that the hostname and port are correct and that the postmaster is accepting TCP/IP connections." type="org.postgresql.util.PSQLException"><![CDATA[org.postgresql.util.PSQLException: Connection to localhost:5432 refused. Check that the hostname and port are correct and that the postmaster is accepting TCP/IP connections.
	at java.net.PlainSocketImpl.socketConnect(Native Method)
	at java.net.AbstractPlainSocketImpl.doConnect(AbstractPlainSocketImpl.java:350)
	at java.net.AbstractPlainSocketImpl.connectToAddress(AbstractPlainSocketImpl.java:206)
	at java.net.AbstractPlainSocketImpl.connect(AbstractPlainSocketImpl.java:188)
	at java.net.SocksSocketImpl.connect(SocksSocketImpl.java:392)
	at java.net.Socket.connect(Socket.java:589)
	at org.postgresql.core.PGStream.<init>(PGStream.java:69)
	at org.postgresql.core.v3.ConnectionFactoryImpl.openConnectionImpl(ConnectionFactoryImpl.java:156)
	at org.postgresql.core.ConnectionFactory.openConnection(ConnectionFactory.java:49)
	at org.postgresql.jdbc.PgConnection.<init>(PgConnection.java:195)
	at org.postgresql.Driver.makeConnection(Driver.java:454)
	at org.postgresql.Driver.connect(Driver.java:256)
	at java.sql.DriverManager.getConnection(DriverManager.java:664)
	at java.sql.DriverManager.getConnection(DriverManager.java:208)
	at org.postgresql.test.TestUtil.openDB(TestUtil.java:312)
	at org.postgresql.test.jdbc2.BaseTest4.setUp(BaseTest4.java:83)
	at org.postgresql.test.jdbc3.GeneratedKeysTest.setUp(GeneratedKeysTest.java:92)
]]></error>
  </testcase>
  <testcase name="testSerialWorks[returningInQuery = STAR, binary = REGULAR]" classname="org.postgresql.test.jdbc3.GeneratedKeysTest" time="0">
    <error type="java.lang.NullPointerException:">java.lang.NullPointerException: null
	at org.postgresql.test.TestUtil.dropTable(TestUtil.java:517)
	at org.postgresql.test.jdbc3.GeneratedKeysTest.tearDown(GeneratedKeysTest.java:98)
</error>
  </testcase>
  <testcase name="selectWithGeneratedKeysViaNonPrepared[returningInQuery = STAR, binary = REGULAR]" classname="org.postgresql.test.jdbc3.GeneratedKeysTest" time="0">
    <error message="Connection to localhost:5432 refused. Check that the hostname and port are correct and that the postmaster is accepting TCP/IP connections." type="org.postgresql.util.PSQLException"><![CDATA[org.postgresql.util.PSQLException: Connection to localhost:5432 refused. Check that the hostname and port are correct and that the postmaster is accepting TCP/IP connections.
	at java.net.PlainSocketImpl.socketConnect(Native Method)
	at java.net.AbstractPlainSocketImpl.doConnect(AbstractPlainSocketImpl.java:350)
	at java.net.AbstractPlainSocketImpl.connectToAddress(AbstractPlainSocketImpl.java:206)
	at java.net.AbstractPlainSocketImpl.connect(AbstractPlainSocketImpl.java:188)
	at java.net.SocksSocketImpl.connect(SocksSocketImpl.java:392)
	at java.net.Socket.connect(Socket.java:589)
	at org.postgresql.core.PGStream.<init>(PGStream.java:69)
	at org.postgresql.core.v3.ConnectionFactoryImpl.openConnectionImpl(ConnectionFactoryImpl.java:156)
	at org.postgresql.core.ConnectionFactory.openConnection(ConnectionFactory.java:49)
	at org.postgresql.jdbc.PgConnection.<init>(PgConnection.java:195)
	at org.postgresql.Driver.makeConnection(Driver.java:454)
	at org.postgresql.Driver.connect(Driver.java:256)
	at java.sql.DriverManager.getConnection(DriverManager.java:664)
	at java.sql.DriverManager.getConnection(DriverManager.java:208)
	at org.postgresql.test.TestUtil.openDB(TestUtil.java:312)
	at org.postgresql.test.jdbc2.BaseTest4.setUp(BaseTest4.java:83)
	at org.postgresql.test.jdbc3.GeneratedKeysTest.setUp(GeneratedKeysTest.java:92)
]]></error>
  </testcase>
  <testcase name="selectWithGeneratedKeysViaNonPrepared[returningInQuery = STAR, binary = REGULAR]" classname="org.postgresql.test.jdbc3.GeneratedKeysTest" time="0">
    <error type="java.lang.NullPointerException:">java.lang.NullPointerException: null
	at org.postgresql.test.TestUtil.dropTable(TestUtil.java:517)
	at org.postgresql.test.jdbc3.GeneratedKeysTest.tearDown(GeneratedKeysTest.java:98)
</error>
  </testcase>
  <testcase name="testGeneratedKeysCleared[returningInQuery = STAR, binary = REGULAR]" classname="org.postgresql.test.jdbc3.GeneratedKeysTest" time="0">
    <error message="Connection to localhost:5432 refused. Check that the hostname and port are correct and that the postmaster is accepting TCP/IP connections." type="org.postgresql.util.PSQLException"><![CDATA[org.postgresql.util.PSQLException: Connection to localhost:5432 refused. Check that the hostname and port are correct and that the postmaster is accepting TCP/IP connections.
	at java.net.PlainSocketImpl.socketConnect(Native Method)
	at java.net.AbstractPlainSocketImpl.doConnect(AbstractPlainSocketImpl.java:350)
	at java.net.AbstractPlainSocketImpl.connectToAddress(AbstractPlainSocketImpl.java:206)
	at java.net.AbstractPlainSocketImpl.connect(AbstractPlainSocketImpl.java:188)
	at java.net.SocksSocketImpl.connect(SocksSocketImpl.java:392)
	at java.net.Socket.connect(Socket.java:589)
	at org.postgresql.core.PGStream.<init>(PGStream.java:69)
	at org.postgresql.core.v3.ConnectionFactoryImpl.openConnectionImpl(ConnectionFactoryImpl.java:156)
	at org.postgresql.core.ConnectionFactory.openConnection(ConnectionFactory.java:49)
	at org.postgresql.jdbc.PgConnection.<init>(PgConnection.java:195)
	at org.postgresql.Driver.makeConnection(Driver.java:454)
	at org.postgresql.Driver.connect(Driver.java:256)
	at java.sql.DriverManager.getConnection(DriverManager.java:664)
	at java.sql.DriverManager.getConnection(DriverManager.java:208)
	at org.postgresql.test.TestUtil.openDB(TestUtil.java:312)
	at org.postgresql.test.jdbc2.BaseTest4.setUp(BaseTest4.java:83)
	at org.postgresql.test.jdbc3.GeneratedKeysTest.setUp(GeneratedKeysTest.java:92)
]]></error>
  </testcase>
  <testcase name="testGeneratedKeysCleared[returningInQuery = STAR, binary = REGULAR]" classname="org.postgresql.test.jdbc3.GeneratedKeysTest" time="0">
    <error type="java.lang.NullPointerException:">java.lang.NullPointerException: null
	at org.postgresql.test.TestUtil.dropTable(TestUtil.java:517)
	at org.postgresql.test.jdbc3.GeneratedKeysTest.tearDown(GeneratedKeysTest.java:98)
</error>
  </testcase>
  <testcase name="testBatchGeneratedKeys[returningInQuery = STAR, binary = REGULAR]" classname="org.postgresql.test.jdbc3.GeneratedKeysTest" time="0">
    <error message="Connection to localhost:5432 refused. Check that the hostname and port are correct and that the postmaster is accepting TCP/IP connections." type="org.postgresql.util.PSQLException"><![CDATA[org.postgresql.util.PSQLException: Connection to localhost:5432 refused. Check that the hostname and port are correct and that the postmaster is accepting TCP/IP connections.
	at java.net.PlainSocketImpl.socketConnect(Native Method)
	at java.net.AbstractPlainSocketImpl.doConnect(AbstractPlainSocketImpl.java:350)
	at java.net.AbstractPlainSocketImpl.connectToAddress(AbstractPlainSocketImpl.java:206)
	at java.net.AbstractPlainSocketImpl.connect(AbstractPlainSocketImpl.java:188)
	at java.net.SocksSocketImpl.connect(SocksSocketImpl.java:392)
	at java.net.Socket.connect(Socket.java:589)
	at org.postgresql.core.PGStream.<init>(PGStream.java:69)
	at org.postgresql.core.v3.ConnectionFactoryImpl.openConnectionImpl(ConnectionFactoryImpl.java:156)
	at org.postgresql.core.ConnectionFactory.openConnection(ConnectionFactory.java:49)
	at org.postgresql.jdbc.PgConnection.<init>(PgConnection.java:195)
	at org.postgresql.Driver.makeConnection(Driver.java:454)
	at org.postgresql.Driver.connect(Driver.java:256)
	at java.sql.DriverManager.getConnection(DriverManager.java:664)
	at java.sql.DriverManager.getConnection(DriverManager.java:208)
	at org.postgresql.test.TestUtil.openDB(TestUtil.java:312)
	at org.postgresql.test.jdbc2.BaseTest4.setUp(BaseTest4.java:83)
	at org.postgresql.test.jdbc3.GeneratedKeysTest.setUp(GeneratedKeysTest.java:92)
]]></error>
  </testcase>
  <testcase name="testBatchGeneratedKeys[returningInQuery = STAR, binary = REGULAR]" classname="org.postgresql.test.jdbc3.GeneratedKeysTest" time="0">
    <error type="java.lang.NullPointerException:">java.lang.NullPointerException: null
	at org.postgresql.test.TestUtil.dropTable(TestUtil.java:517)
	at org.postgresql.test.jdbc3.GeneratedKeysTest.tearDown(GeneratedKeysTest.java:98)
</error>
  </testcase>
  <testcase name="testGeneratedKeys[returningInQuery = STAR, binary = REGULAR]" classname="org.postgresql.test.jdbc3.GeneratedKeysTest" time="0">
    <error message="Connection to localhost:5432 refused. Check that the hostname and port are correct and that the postmaster is accepting TCP/IP connections." type="org.postgresql.util.PSQLException"><![CDATA[org.postgresql.util.PSQLException: Connection to localhost:5432 refused. Check that the hostname and port are correct and that the postmaster is accepting TCP/IP connections.
	at java.net.PlainSocketImpl.socketConnect(Native Method)
	at java.net.AbstractPlainSocketImpl.doConnect(AbstractPlainSocketImpl.java:350)
	at java.net.AbstractPlainSocketImpl.connectToAddress(AbstractPlainSocketImpl.java:206)
	at java.net.AbstractPlainSocketImpl.connect(AbstractPlainSocketImpl.java:188)
	at java.net.SocksSocketImpl.connect(SocksSocketImpl.java:392)
	at java.net.Socket.connect(Socket.java:589)
	at org.postgresql.core.PGStream.<init>(PGStream.java:69)
	at org.postgresql.core.v3.ConnectionFactoryImpl.openConnectionImpl(ConnectionFactoryImpl.java:156)
	at org.postgresql.core.ConnectionFactory.openConnection(ConnectionFactory.java:49)
	at org.postgresql.jdbc.PgConnection.<init>(PgConnection.java:195)
	at org.postgresql.Driver.makeConnection(Driver.java:454)
	at org.postgresql.Driver.connect(Driver.java:256)
	at java.sql.DriverManager.getConnection(DriverManager.java:664)
	at java.sql.DriverManager.getConnection(DriverManager.java:208)
	at org.postgresql.test.TestUtil.openDB(TestUtil.java:312)
	at org.postgresql.test.jdbc2.BaseTest4.setUp(BaseTest4.java:83)
	at org.postgresql.test.jdbc3.GeneratedKeysTest.setUp(GeneratedKeysTest.java:92)
]]></error>
  </testcase>
  <testcase name="testGeneratedKeys[returningInQuery = STAR, binary = REGULAR]" classname="org.postgresql.test.jdbc3.GeneratedKeysTest" time="0">
    <error type="java.lang.NullPointerException:">java.lang.NullPointerException: null
	at org.postgresql.test.TestUtil.dropTable(TestUtil.java:517)
	at org.postgresql.test.jdbc3.GeneratedKeysTest.tearDown(GeneratedKeysTest.java:98)
</error>
  </testcase>
  <testcase name="testWithInsertInsert[returningInQuery = STAR, binary = REGULAR]" classname="org.postgresql.test.jdbc3.GeneratedKeysTest" time="0">
    <error message="Connection to localhost:5432 refused. Check that the hostname and port are correct and that the postmaster is accepting TCP/IP connections." type="org.postgresql.util.PSQLException"><![CDATA[org.postgresql.util.PSQLException: Connection to localhost:5432 refused. Check that the hostname and port are correct and that the postmaster is accepting TCP/IP connections.
	at java.net.PlainSocketImpl.socketConnect(Native Method)
	at java.net.AbstractPlainSocketImpl.doConnect(AbstractPlainSocketImpl.java:350)
	at java.net.AbstractPlainSocketImpl.connectToAddress(AbstractPlainSocketImpl.java:206)
	at java.net.AbstractPlainSocketImpl.connect(AbstractPlainSocketImpl.java:188)
	at java.net.SocksSocketImpl.connect(SocksSocketImpl.java:392)
	at java.net.Socket.connect(Socket.java:589)
	at org.postgresql.core.PGStream.<init>(PGStream.java:69)
	at org.postgresql.core.v3.ConnectionFactoryImpl.openConnectionImpl(ConnectionFactoryImpl.java:156)
	at org.postgresql.core.ConnectionFactory.openConnection(ConnectionFactory.java:49)
	at org.postgresql.jdbc.PgConnection.<init>(PgConnection.java:195)
	at org.postgresql.Driver.makeConnection(Driver.java:454)
	at org.postgresql.Driver.connect(Driver.java:256)
	at java.sql.DriverManager.getConnection(DriverManager.java:664)
	at java.sql.DriverManager.getConnection(DriverManager.java:208)
	at org.postgresql.test.TestUtil.openDB(TestUtil.java:312)
	at org.postgresql.test.jdbc2.BaseTest4.setUp(BaseTest4.java:83)
	at org.postgresql.test.jdbc3.GeneratedKeysTest.setUp(GeneratedKeysTest.java:92)
]]></error>
  </testcase>
  <testcase name="testWithInsertInsert[returningInQuery = STAR, binary = REGULAR]" classname="org.postgresql.test.jdbc3.GeneratedKeysTest" time="0">
    <error type="java.lang.NullPointerException:">java.lang.NullPointerException: null
	at org.postgresql.test.TestUtil.dropTable(TestUtil.java:517)
	at org.postgresql.test.jdbc3.GeneratedKeysTest.tearDown(GeneratedKeysTest.java:98)
</error>
  </testcase>
  <testcase name="testWithInsertSelect[returningInQuery = STAR, binary = REGULAR]" classname="org.postgresql.test.jdbc3.GeneratedKeysTest" time="0">
    <error message="Connection to localhost:5432 refused. Check that the hostname and port are correct and that the postmaster is accepting TCP/IP connections." type="org.postgresql.util.PSQLException"><![CDATA[org.postgresql.util.PSQLException: Connection to localhost:5432 refused. Check that the hostname and port are correct and that the postmaster is accepting TCP/IP connections.
	at java.net.PlainSocketImpl.socketConnect(Native Method)
	at java.net.AbstractPlainSocketImpl.doConnect(AbstractPlainSocketImpl.java:350)
	at java.net.AbstractPlainSocketImpl.connectToAddress(AbstractPlainSocketImpl.java:206)
	at java.net.AbstractPlainSocketImpl.connect(AbstractPlainSocketImpl.java:188)
	at java.net.SocksSocketImpl.connect(SocksSocketImpl.java:392)
	at java.net.Socket.connect(Socket.java:589)
	at org.postgresql.core.PGStream.<init>(PGStream.java:69)
	at org.postgresql.core.v3.ConnectionFactoryImpl.openConnectionImpl(ConnectionFactoryImpl.java:156)
	at org.postgresql.core.ConnectionFactory.openConnection(ConnectionFactory.java:49)
	at org.postgresql.jdbc.PgConnection.<init>(PgConnection.java:195)
	at org.postgresql.Driver.makeConnection(Driver.java:454)
	at org.postgresql.Driver.connect(Driver.java:256)
	at java.sql.DriverManager.getConnection(DriverManager.java:664)
	at java.sql.DriverManager.getConnection(DriverManager.java:208)
	at org.postgresql.test.TestUtil.openDB(TestUtil.java:312)
	at org.postgresql.test.jdbc2.BaseTest4.setUp(BaseTest4.java:83)
	at org.postgresql.test.jdbc3.GeneratedKeysTest.setUp(GeneratedKeysTest.java:92)
]]></error>
  </testcase>
  <testcase name="testWithInsertSelect[returningInQuery = STAR, binary = REGULAR]" classname="org.postgresql.test.jdbc3.GeneratedKeysTest" time="0">
    <error type="java.lang.NullPointerException:">java.lang.NullPointerException: null
	at org.postgresql.test.TestUtil.dropTable(TestUtil.java:517)
	at org.postgresql.test.jdbc3.GeneratedKeysTest.tearDown(GeneratedKeysTest.java:98)
</error>
  </testcase>
  <testcase name="testCloseStatementClosesRS[returningInQuery = STAR, binary = REGULAR]" classname="org.postgresql.test.jdbc3.GeneratedKeysTest" time="0">
    <error message="Connection to localhost:5432 refused. Check that the hostname and port are correct and that the postmaster is accepting TCP/IP connections." type="org.postgresql.util.PSQLException"><![CDATA[org.postgresql.util.PSQLException: Connection to localhost:5432 refused. Check that the hostname and port are correct and that the postmaster is accepting TCP/IP connections.
	at java.net.PlainSocketImpl.socketConnect(Native Method)
	at java.net.AbstractPlainSocketImpl.doConnect(AbstractPlainSocketImpl.java:350)
	at java.net.AbstractPlainSocketImpl.connectToAddress(AbstractPlainSocketImpl.java:206)
	at java.net.AbstractPlainSocketImpl.connect(AbstractPlainSocketImpl.java:188)
	at java.net.SocksSocketImpl.connect(SocksSocketImpl.java:392)
	at java.net.Socket.connect(Socket.java:589)
	at org.postgresql.core.PGStream.<init>(PGStream.java:69)
	at org.postgresql.core.v3.ConnectionFactoryImpl.openConnectionImpl(ConnectionFactoryImpl.java:156)
	at org.postgresql.core.ConnectionFactory.openConnection(ConnectionFactory.java:49)
	at org.postgresql.jdbc.PgConnection.<init>(PgConnection.java:195)
	at org.postgresql.Driver.makeConnection(Driver.java:454)
	at org.postgresql.Driver.connect(Driver.java:256)
	at java.sql.DriverManager.getConnection(DriverManager.java:664)
	at java.sql.DriverManager.getConnection(DriverManager.java:208)
	at org.postgresql.test.TestUtil.openDB(TestUtil.java:312)
	at org.postgresql.test.jdbc2.BaseTest4.setUp(BaseTest4.java:83)
	at org.postgresql.test.jdbc3.GeneratedKeysTest.setUp(GeneratedKeysTest.java:92)
]]></error>
  </testcase>
  <testcase name="testCloseStatementClosesRS[returningInQuery = STAR, binary = REGULAR]" classname="org.postgresql.test.jdbc3.GeneratedKeysTest" time="0">
    <error type="java.lang.NullPointerException:">java.lang.NullPointerException: null
	at org.postgresql.test.TestUtil.dropTable(TestUtil.java:517)
	at org.postgresql.test.jdbc3.GeneratedKeysTest.tearDown(GeneratedKeysTest.java:98)
</error>
  </testcase>
  <testcase name="selectWithGeneratedKeysViaPreparedExecute[returningInQuery = STAR, binary = REGULAR]" classname="org.postgresql.test.jdbc3.GeneratedKeysTest" time="0">
    <error message="Connection to localhost:5432 refused. Check that the hostname and port are correct and that the postmaster is accepting TCP/IP connections." type="org.postgresql.util.PSQLException"><![CDATA[org.postgresql.util.PSQLException: Connection to localhost:5432 refused. Check that the hostname and port are correct and that the postmaster is accepting TCP/IP connections.
	at java.net.PlainSocketImpl.socketConnect(Native Method)
	at java.net.AbstractPlainSocketImpl.doConnect(AbstractPlainSocketImpl.java:350)
	at java.net.AbstractPlainSocketImpl.connectToAddress(AbstractPlainSocketImpl.java:206)
	at java.net.AbstractPlainSocketImpl.connect(AbstractPlainSocketImpl.java:188)
	at java.net.SocksSocketImpl.connect(SocksSocketImpl.java:392)
	at java.net.Socket.connect(Socket.java:589)
	at org.postgresql.core.PGStream.<init>(PGStream.java:69)
	at org.postgresql.core.v3.ConnectionFactoryImpl.openConnectionImpl(ConnectionFactoryImpl.java:156)
	at org.postgresql.core.ConnectionFactory.openConnection(ConnectionFactory.java:49)
	at org.postgresql.jdbc.PgConnection.<init>(PgConnection.java:195)
	at org.postgresql.Driver.makeConnection(Driver.java:454)
	at org.postgresql.Driver.connect(Driver.java:256)
	at java.sql.DriverManager.getConnection(DriverManager.java:664)
	at java.sql.DriverManager.getConnection(DriverManager.java:208)
	at org.postgresql.test.TestUtil.openDB(TestUtil.java:312)
	at org.postgresql.test.jdbc2.BaseTest4.setUp(BaseTest4.java:83)
	at org.postgresql.test.jdbc3.GeneratedKeysTest.setUp(GeneratedKeysTest.java:92)
]]></error>
  </testcase>
  <testcase name="selectWithGeneratedKeysViaPreparedExecute[returningInQuery = STAR, binary = REGULAR]" classname="org.postgresql.test.jdbc3.GeneratedKeysTest" time="0">
    <error type="java.lang.NullPointerException:">java.lang.NullPointerException: null
	at org.postgresql.test.TestUtil.dropTable(TestUtil.java:517)
	at org.postgresql.test.jdbc3.GeneratedKeysTest.tearDown(GeneratedKeysTest.java:98)
</error>
  </testcase>
  <testcase name="selectWithGeneratedKeysViaPreparedExecuteQuery[returningInQuery = STAR, binary = REGULAR]" classname="org.postgresql.test.jdbc3.GeneratedKeysTest" time="0">
    <error message="Connection to localhost:5432 refused. Check that the hostname and port are correct and that the postmaster is accepting TCP/IP connections." type="org.postgresql.util.PSQLException"><![CDATA[org.postgresql.util.PSQLException: Connection to localhost:5432 refused. Check that the hostname and port are correct and that the postmaster is accepting TCP/IP connections.
	at java.net.PlainSocketImpl.socketConnect(Native Method)
	at java.net.AbstractPlainSocketImpl.doConnect(AbstractPlainSocketImpl.java:350)
	at java.net.AbstractPlainSocketImpl.connectToAddress(AbstractPlainSocketImpl.java:206)
	at java.net.AbstractPlainSocketImpl.connect(AbstractPlainSocketImpl.java:188)
	at java.net.SocksSocketImpl.connect(SocksSocketImpl.java:392)
	at java.net.Socket.connect(Socket.java:589)
	at org.postgresql.core.PGStream.<init>(PGStream.java:69)
	at org.postgresql.core.v3.ConnectionFactoryImpl.openConnectionImpl(ConnectionFactoryImpl.java:156)
	at org.postgresql.core.ConnectionFactory.openConnection(ConnectionFactory.java:49)
	at org.postgresql.jdbc.PgConnection.<init>(PgConnection.java:195)
	at org.postgresql.Driver.makeConnection(Driver.java:454)
	at org.postgresql.Driver.connect(Driver.java:256)
	at java.sql.DriverManager.getConnection(DriverManager.java:664)
	at java.sql.DriverManager.getConnection(DriverManager.java:208)
	at org.postgresql.test.TestUtil.openDB(TestUtil.java:312)
	at org.postgresql.test.jdbc2.BaseTest4.setUp(BaseTest4.java:83)
	at org.postgresql.test.jdbc3.GeneratedKeysTest.setUp(GeneratedKeysTest.java:92)
]]></error>
  </testcase>
  <testcase name="selectWithGeneratedKeysViaPreparedExecuteQuery[returningInQuery = STAR, binary = REGULAR]" classname="org.postgresql.test.jdbc3.GeneratedKeysTest" time="0">
    <error type="java.lang.NullPointerException:">java.lang.NullPointerException: null
	at org.postgresql.test.TestUtil.dropTable(TestUtil.java:517)
	at org.postgresql.test.jdbc3.GeneratedKeysTest.tearDown(GeneratedKeysTest.java:98)
</error>
  </testcase>
  <testcase name="testReturningWithTrailingSemicolon[returningInQuery = STAR, binary = REGULAR]" classname="org.postgresql.test.jdbc3.GeneratedKeysTest" time="0">
    <error message="Connection to localhost:5432 refused. Check that the hostname and port are correct and that the postmaster is accepting TCP/IP connections." type="org.postgresql.util.PSQLException"><![CDATA[org.postgresql.util.PSQLException: Connection to localhost:5432 refused. Check that the hostname and port are correct and that the postmaster is accepting TCP/IP connections.
	at java.net.PlainSocketImpl.socketConnect(Native Method)
	at java.net.AbstractPlainSocketImpl.doConnect(AbstractPlainSocketImpl.java:350)
	at java.net.AbstractPlainSocketImpl.connectToAddress(AbstractPlainSocketImpl.java:206)
	at java.net.AbstractPlainSocketImpl.connect(AbstractPlainSocketImpl.java:188)
	at java.net.SocksSocketImpl.connect(SocksSocketImpl.java:392)
	at java.net.Socket.connect(Socket.java:589)
	at org.postgresql.core.PGStream.<init>(PGStream.java:69)
	at org.postgresql.core.v3.ConnectionFactoryImpl.openConnectionImpl(ConnectionFactoryImpl.java:156)
	at org.postgresql.core.ConnectionFactory.openConnection(ConnectionFactory.java:49)
	at org.postgresql.jdbc.PgConnection.<init>(PgConnection.java:195)
	at org.postgresql.Driver.makeConnection(Driver.java:454)
	at org.postgresql.Driver.connect(Driver.java:256)
	at java.sql.DriverManager.getConnection(DriverManager.java:664)
	at java.sql.DriverManager.getConnection(DriverManager.java:208)
	at org.postgresql.test.TestUtil.openDB(TestUtil.java:312)
	at org.postgresql.test.jdbc2.BaseTest4.setUp(BaseTest4.java:83)
	at org.postgresql.test.jdbc3.GeneratedKeysTest.setUp(GeneratedKeysTest.java:92)
]]></error>
  </testcase>
  <testcase name="testReturningWithTrailingSemicolon[returningInQuery = STAR, binary = REGULAR]" classname="org.postgresql.test.jdbc3.GeneratedKeysTest" time="0">
    <error type="java.lang.NullPointerException:">java.lang.NullPointerException: null
	at org.postgresql.test.TestUtil.dropTable(TestUtil.java:517)
	at org.postgresql.test.jdbc3.GeneratedKeysTest.tearDown(GeneratedKeysTest.java:98)
</error>
  </testcase>
  <testcase name="testPSDelete[returningInQuery = STAR, binary = REGULAR]" classname="org.postgresql.test.jdbc3.GeneratedKeysTest" time="0">
    <error message="Connection to localhost:5432 refused. Check that the hostname and port are correct and that the postmaster is accepting TCP/IP connections." type="org.postgresql.util.PSQLException"><![CDATA[org.postgresql.util.PSQLException: Connection to localhost:5432 refused. Check that the hostname and port are correct and that the postmaster is accepting TCP/IP connections.
	at java.net.PlainSocketImpl.socketConnect(Native Method)
	at java.net.AbstractPlainSocketImpl.doConnect(AbstractPlainSocketImpl.java:350)
	at java.net.AbstractPlainSocketImpl.connectToAddress(AbstractPlainSocketImpl.java:206)
	at java.net.AbstractPlainSocketImpl.connect(AbstractPlainSocketImpl.java:188)
	at java.net.SocksSocketImpl.connect(SocksSocketImpl.java:392)
	at java.net.Socket.connect(Socket.java:589)
	at org.postgresql.core.PGStream.<init>(PGStream.java:69)
	at org.postgresql.core.v3.ConnectionFactoryImpl.openConnectionImpl(ConnectionFactoryImpl.java:156)
	at org.postgresql.core.ConnectionFactory.openConnection(ConnectionFactory.java:49)
	at org.postgresql.jdbc.PgConnection.<init>(PgConnection.java:195)
	at org.postgresql.Driver.makeConnection(Driver.java:454)
	at org.postgresql.Driver.connect(Driver.java:256)
	at java.sql.DriverManager.getConnection(DriverManager.java:664)
	at java.sql.DriverManager.getConnection(DriverManager.java:208)
	at org.postgresql.test.TestUtil.openDB(TestUtil.java:312)
	at org.postgresql.test.jdbc2.BaseTest4.setUp(BaseTest4.java:83)
	at org.postgresql.test.jdbc3.GeneratedKeysTest.setUp(GeneratedKeysTest.java:92)
]]></error>
  </testcase>
  <testcase name="testPSDelete[returningInQuery = STAR, binary = REGULAR]" classname="org.postgresql.test.jdbc3.GeneratedKeysTest" time="0">
    <error type="java.lang.NullPointerException:">java.lang.NullPointerException: null
	at org.postgresql.test.TestUtil.dropTable(TestUtil.java:517)
	at org.postgresql.test.jdbc3.GeneratedKeysTest.tearDown(GeneratedKeysTest.java:98)
</error>
  </testcase>
  <testcase name="testDelete[returningInQuery = STAR, binary = REGULAR]" classname="org.postgresql.test.jdbc3.GeneratedKeysTest" time="0">
    <error message="Connection to localhost:5432 refused. Check that the hostname and port are correct and that the postmaster is accepting TCP/IP connections." type="org.postgresql.util.PSQLException"><![CDATA[org.postgresql.util.PSQLException: Connection to localhost:5432 refused. Check that the hostname and port are correct and that the postmaster is accepting TCP/IP connections.
	at java.net.PlainSocketImpl.socketConnect(Native Method)
	at java.net.AbstractPlainSocketImpl.doConnect(AbstractPlainSocketImpl.java:350)
	at java.net.AbstractPlainSocketImpl.connectToAddress(AbstractPlainSocketImpl.java:206)
	at java.net.AbstractPlainSocketImpl.connect(AbstractPlainSocketImpl.java:188)
	at java.net.SocksSocketImpl.connect(SocksSocketImpl.java:392)
	at java.net.Socket.connect(Socket.java:589)
	at org.postgresql.core.PGStream.<init>(PGStream.java:69)
	at org.postgresql.core.v3.ConnectionFactoryImpl.openConnectionImpl(ConnectionFactoryImpl.java:156)
	at org.postgresql.core.ConnectionFactory.openConnection(ConnectionFactory.java:49)
	at org.postgresql.jdbc.PgConnection.<init>(PgConnection.java:195)
	at org.postgresql.Driver.makeConnection(Driver.java:454)
	at org.postgresql.Driver.connect(Driver.java:256)
	at java.sql.DriverManager.getConnection(DriverManager.java:664)
	at java.sql.DriverManager.getConnection(DriverManager.java:208)
	at org.postgresql.test.TestUtil.openDB(TestUtil.java:312)
	at org.postgresql.test.jdbc2.BaseTest4.setUp(BaseTest4.java:83)
	at org.postgresql.test.jdbc3.GeneratedKeysTest.setUp(GeneratedKeysTest.java:92)
]]></error>
  </testcase>
  <testcase name="testDelete[returningInQuery = STAR, binary = REGULAR]" classname="org.postgresql.test.jdbc3.GeneratedKeysTest" time="0">
    <error type="java.lang.NullPointerException:">java.lang.NullPointerException: null
	at org.postgresql.test.TestUtil.dropTable(TestUtil.java:517)
	at org.postgresql.test.jdbc3.GeneratedKeysTest.tearDown(GeneratedKeysTest.java:98)
</error>
  </testcase>
  <testcase name="testMultipleRows[returningInQuery = STAR, binary = REGULAR]" classname="org.postgresql.test.jdbc3.GeneratedKeysTest" time="0">
    <error message="Connection to localhost:5432 refused. Check that the hostname and port are correct and that the postmaster is accepting TCP/IP connections." type="org.postgresql.util.PSQLException"><![CDATA[org.postgresql.util.PSQLException: Connection to localhost:5432 refused. Check that the hostname and port are correct and that the postmaster is accepting TCP/IP connections.
	at java.net.PlainSocketImpl.socketConnect(Native Method)
	at java.net.AbstractPlainSocketImpl.doConnect(AbstractPlainSocketImpl.java:350)
	at java.net.AbstractPlainSocketImpl.connectToAddress(AbstractPlainSocketImpl.java:206)
	at java.net.AbstractPlainSocketImpl.connect(AbstractPlainSocketImpl.java:188)
	at java.net.SocksSocketImpl.connect(SocksSocketImpl.java:392)
	at java.net.Socket.connect(Socket.java:589)
	at org.postgresql.core.PGStream.<init>(PGStream.java:69)
	at org.postgresql.core.v3.ConnectionFactoryImpl.openConnectionImpl(ConnectionFactoryImpl.java:156)
	at org.postgresql.core.ConnectionFactory.openConnection(ConnectionFactory.java:49)
	at org.postgresql.jdbc.PgConnection.<init>(PgConnection.java:195)
	at org.postgresql.Driver.makeConnection(Driver.java:454)
	at org.postgresql.Driver.connect(Driver.java:256)
	at java.sql.DriverManager.getConnection(DriverManager.java:664)
	at java.sql.DriverManager.getConnection(DriverManager.java:208)
	at org.postgresql.test.TestUtil.openDB(TestUtil.java:312)
	at org.postgresql.test.jdbc2.BaseTest4.setUp(BaseTest4.java:83)
	at org.postgresql.test.jdbc3.GeneratedKeysTest.setUp(GeneratedKeysTest.java:92)
]]></error>
  </testcase>
  <testcase name="testMultipleRows[returningInQuery = STAR, binary = REGULAR]" classname="org.postgresql.test.jdbc3.GeneratedKeysTest" time="0">
    <error type="java.lang.NullPointerException:">java.lang.NullPointerException: null
	at org.postgresql.test.TestUtil.dropTable(TestUtil.java:517)
	at org.postgresql.test.jdbc3.GeneratedKeysTest.tearDown(GeneratedKeysTest.java:98)
</error>
  </testcase>
  <testcase name="testPSUpdate[returningInQuery = STAR, binary = REGULAR]" classname="org.postgresql.test.jdbc3.GeneratedKeysTest" time="0">
    <error message="Connection to localhost:5432 refused. Check that the hostname and port are correct and that the postmaster is accepting TCP/IP connections." type="org.postgresql.util.PSQLException"><![CDATA[org.postgresql.util.PSQLException: Connection to localhost:5432 refused. Check that the hostname and port are correct and that the postmaster is accepting TCP/IP connections.
	at java.net.PlainSocketImpl.socketConnect(Native Method)
	at java.net.AbstractPlainSocketImpl.doConnect(AbstractPlainSocketImpl.java:350)
	at java.net.AbstractPlainSocketImpl.connectToAddress(AbstractPlainSocketImpl.java:206)
	at java.net.AbstractPlainSocketImpl.connect(AbstractPlainSocketImpl.java:188)
	at java.net.SocksSocketImpl.connect(SocksSocketImpl.java:392)
	at java.net.Socket.connect(Socket.java:589)
	at org.postgresql.core.PGStream.<init>(PGStream.java:69)
	at org.postgresql.core.v3.ConnectionFactoryImpl.openConnectionImpl(ConnectionFactoryImpl.java:156)
	at org.postgresql.core.ConnectionFactory.openConnection(ConnectionFactory.java:49)
	at org.postgresql.jdbc.PgConnection.<init>(PgConnection.java:195)
	at org.postgresql.Driver.makeConnection(Driver.java:454)
	at org.postgresql.Driver.connect(Driver.java:256)
	at java.sql.DriverManager.getConnection(DriverManager.java:664)
	at java.sql.DriverManager.getConnection(DriverManager.java:208)
	at org.postgresql.test.TestUtil.openDB(TestUtil.java:312)
	at org.postgresql.test.jdbc2.BaseTest4.setUp(BaseTest4.java:83)
	at org.postgresql.test.jdbc3.GeneratedKeysTest.setUp(GeneratedKeysTest.java:92)
]]></error>
  </testcase>
  <testcase name="testPSUpdate[returningInQuery = STAR, binary = REGULAR]" classname="org.postgresql.test.jdbc3.GeneratedKeysTest" time="0">
    <error type="java.lang.NullPointerException:">java.lang.NullPointerException: null
	at org.postgresql.test.TestUtil.dropTable(TestUtil.java:517)
	at org.postgresql.test.jdbc3.GeneratedKeysTest.tearDown(GeneratedKeysTest.java:98)
</error>
  </testcase>
  <testcase name="breakDescribeOnFirstServerPreparedExecution[returningInQuery = STAR, binary = REGULAR]" classname="org.postgresql.test.jdbc3.GeneratedKeysTest" time="0">
    <error message="Connection to localhost:5432 refused. Check that the hostname and port are correct and that the postmaster is accepting TCP/IP connections." type="org.postgresql.util.PSQLException"><![CDATA[org.postgresql.util.PSQLException: Connection to localhost:5432 refused. Check that the hostname and port are correct and that the postmaster is accepting TCP/IP connections.
	at java.net.PlainSocketImpl.socketConnect(Native Method)
	at java.net.AbstractPlainSocketImpl.doConnect(AbstractPlainSocketImpl.java:350)
	at java.net.AbstractPlainSocketImpl.connectToAddress(AbstractPlainSocketImpl.java:206)
	at java.net.AbstractPlainSocketImpl.connect(AbstractPlainSocketImpl.java:188)
	at java.net.SocksSocketImpl.connect(SocksSocketImpl.java:392)
	at java.net.Socket.connect(Socket.java:589)
	at org.postgresql.core.PGStream.<init>(PGStream.java:69)
	at org.postgresql.core.v3.ConnectionFactoryImpl.openConnectionImpl(ConnectionFactoryImpl.java:156)
	at org.postgresql.core.ConnectionFactory.openConnection(ConnectionFactory.java:49)
	at org.postgresql.jdbc.PgConnection.<init>(PgConnection.java:195)
	at org.postgresql.Driver.makeConnection(Driver.java:454)
	at org.postgresql.Driver.connect(Driver.java:256)
	at java.sql.DriverManager.getConnection(DriverManager.java:664)
	at java.sql.DriverManager.getConnection(DriverManager.java:208)
	at org.postgresql.test.TestUtil.openDB(TestUtil.java:312)
	at org.postgresql.test.jdbc2.BaseTest4.setUp(BaseTest4.java:83)
	at org.postgresql.test.jdbc3.GeneratedKeysTest.setUp(GeneratedKeysTest.java:92)
]]></error>
  </testcase>
  <testcase name="breakDescribeOnFirstServerPreparedExecution[returningInQuery = STAR, binary = REGULAR]" classname="org.postgresql.test.jdbc3.GeneratedKeysTest" time="0.001">
    <error type="java.lang.NullPointerException:">java.lang.NullPointerException: null
	at org.postgresql.test.TestUtil.dropTable(TestUtil.java:517)
	at org.postgresql.test.jdbc3.GeneratedKeysTest.tearDown(GeneratedKeysTest.java:98)
</error>
  </testcase>
  <testcase name="testUpdate[returningInQuery = STAR, binary = REGULAR]" classname="org.postgresql.test.jdbc3.GeneratedKeysTest" time="0">
    <error message="Connection to localhost:5432 refused. Check that the hostname and port are correct and that the postmaster is accepting TCP/IP connections." type="org.postgresql.util.PSQLException"><![CDATA[org.postgresql.util.PSQLException: Connection to localhost:5432 refused. Check that the hostname and port are correct and that the postmaster is accepting TCP/IP connections.
	at java.net.PlainSocketImpl.socketConnect(Native Method)
	at java.net.AbstractPlainSocketImpl.doConnect(AbstractPlainSocketImpl.java:350)
	at java.net.AbstractPlainSocketImpl.connectToAddress(AbstractPlainSocketImpl.java:206)
	at java.net.AbstractPlainSocketImpl.connect(AbstractPlainSocketImpl.java:188)
	at java.net.SocksSocketImpl.connect(SocksSocketImpl.java:392)
	at java.net.Socket.connect(Socket.java:589)
	at org.postgresql.core.PGStream.<init>(PGStream.java:69)
	at org.postgresql.core.v3.ConnectionFactoryImpl.openConnectionImpl(ConnectionFactoryImpl.java:156)
	at org.postgresql.core.ConnectionFactory.openConnection(ConnectionFactory.java:49)
	at org.postgresql.jdbc.PgConnection.<init>(PgConnection.java:195)
	at org.postgresql.Driver.makeConnection(Driver.java:454)
	at org.postgresql.Driver.connect(Driver.java:256)
	at java.sql.DriverManager.getConnection(DriverManager.java:664)
	at java.sql.DriverManager.getConnection(DriverManager.java:208)
	at org.postgresql.test.TestUtil.openDB(TestUtil.java:312)
	at org.postgresql.test.jdbc2.BaseTest4.setUp(BaseTest4.java:83)
	at org.postgresql.test.jdbc3.GeneratedKeysTest.setUp(GeneratedKeysTest.java:92)
]]></error>
  </testcase>
  <testcase name="testUpdate[returningInQuery = STAR, binary = REGULAR]" classname="org.postgresql.test.jdbc3.GeneratedKeysTest" time="0">
    <error type="java.lang.NullPointerException:">java.lang.NullPointerException: null
	at org.postgresql.test.TestUtil.dropTable(TestUtil.java:517)
	at org.postgresql.test.jdbc3.GeneratedKeysTest.tearDown(GeneratedKeysTest.java:98)
</error>
  </testcase>
  <testcase name="testEmptyRSWithoutReturning[returningInQuery = STAR, binary = REGULAR]" classname="org.postgresql.test.jdbc3.GeneratedKeysTest" time="0">
    <error message="Connection to localhost:5432 refused. Check that the hostname and port are correct and that the postmaster is accepting TCP/IP connections." type="org.postgresql.util.PSQLException"><![CDATA[org.postgresql.util.PSQLException: Connection to localhost:5432 refused. Check that the hostname and port are correct and that the postmaster is accepting TCP/IP connections.
	at java.net.PlainSocketImpl.socketConnect(Native Method)
	at java.net.AbstractPlainSocketImpl.doConnect(AbstractPlainSocketImpl.java:350)
	at java.net.AbstractPlainSocketImpl.connectToAddress(AbstractPlainSocketImpl.java:206)
	at java.net.AbstractPlainSocketImpl.connect(AbstractPlainSocketImpl.java:188)
	at java.net.SocksSocketImpl.connect(SocksSocketImpl.java:392)
	at java.net.Socket.connect(Socket.java:589)
	at org.postgresql.core.PGStream.<init>(PGStream.java:69)
	at org.postgresql.core.v3.ConnectionFactoryImpl.openConnectionImpl(ConnectionFactoryImpl.java:156)
	at org.postgresql.core.ConnectionFactory.openConnection(ConnectionFactory.java:49)
	at org.postgresql.jdbc.PgConnection.<init>(PgConnection.java:195)
	at org.postgresql.Driver.makeConnection(Driver.java:454)
	at org.postgresql.Driver.connect(Driver.java:256)
	at java.sql.DriverManager.getConnection(DriverManager.java:664)
	at java.sql.DriverManager.getConnection(DriverManager.java:208)
	at org.postgresql.test.TestUtil.openDB(TestUtil.java:312)
	at org.postgresql.test.jdbc2.BaseTest4.setUp(BaseTest4.java:83)
	at org.postgresql.test.jdbc3.GeneratedKeysTest.setUp(GeneratedKeysTest.java:92)
]]></error>
  </testcase>
  <testcase name="testEmptyRSWithoutReturning[returningInQuery = STAR, binary = REGULAR]" classname="org.postgresql.test.jdbc3.GeneratedKeysTest" time="0">
    <error type="java.lang.NullPointerException:">java.lang.NullPointerException: null
	at org.postgresql.test.TestUtil.dropTable(TestUtil.java:517)
	at org.postgresql.test.jdbc3.GeneratedKeysTest.tearDown(GeneratedKeysTest.java:98)
</error>
  </testcase>
  <testcase name="testStatementUpdateCount[returningInQuery = STAR, binary = FORCE]" classname="org.postgresql.test.jdbc3.GeneratedKeysTest" time="0">
    <error message="Connection to localhost:5432 refused. Check that the hostname and port are correct and that the postmaster is accepting TCP/IP connections." type="org.postgresql.util.PSQLException"><![CDATA[org.postgresql.util.PSQLException: Connection to localhost:5432 refused. Check that the hostname and port are correct and that the postmaster is accepting TCP/IP connections.
	at java.net.PlainSocketImpl.socketConnect(Native Method)
	at java.net.AbstractPlainSocketImpl.doConnect(AbstractPlainSocketImpl.java:350)
	at java.net.AbstractPlainSocketImpl.connectToAddress(AbstractPlainSocketImpl.java:206)
	at java.net.AbstractPlainSocketImpl.connect(AbstractPlainSocketImpl.java:188)
	at java.net.SocksSocketImpl.connect(SocksSocketImpl.java:392)
	at java.net.Socket.connect(Socket.java:589)
	at org.postgresql.core.PGStream.<init>(PGStream.java:69)
	at org.postgresql.core.v3.ConnectionFactoryImpl.openConnectionImpl(ConnectionFactoryImpl.java:156)
	at org.postgresql.core.ConnectionFactory.openConnection(ConnectionFactory.java:49)
	at org.postgresql.jdbc.PgConnection.<init>(PgConnection.java:195)
	at org.postgresql.Driver.makeConnection(Driver.java:454)
	at org.postgresql.Driver.connect(Driver.java:256)
	at java.sql.DriverManager.getConnection(DriverManager.java:664)
	at java.sql.DriverManager.getConnection(DriverManager.java:208)
	at org.postgresql.test.TestUtil.openDB(TestUtil.java:312)
	at org.postgresql.test.jdbc2.BaseTest4.setUp(BaseTest4.java:83)
	at org.postgresql.test.jdbc3.GeneratedKeysTest.setUp(GeneratedKeysTest.java:92)
]]></error>
  </testcase>
  <testcase name="testStatementUpdateCount[returningInQuery = STAR, binary = FORCE]" classname="org.postgresql.test.jdbc3.GeneratedKeysTest" time="0">
    <error type="java.lang.NullPointerException:">java.lang.NullPointerException: null
	at org.postgresql.test.TestUtil.dropTable(TestUtil.java:517)
	at org.postgresql.test.jdbc3.GeneratedKeysTest.tearDown(GeneratedKeysTest.java:98)
</error>
  </testcase>
  <testcase name="testSerialWorks[returningInQuery = STAR, binary = FORCE]" classname="org.postgresql.test.jdbc3.GeneratedKeysTest" time="0">
    <error message="Connection to localhost:5432 refused. Check that the hostname and port are correct and that the postmaster is accepting TCP/IP connections." type="org.postgresql.util.PSQLException"><![CDATA[org.postgresql.util.PSQLException: Connection to localhost:5432 refused. Check that the hostname and port are correct and that the postmaster is accepting TCP/IP connections.
	at java.net.PlainSocketImpl.socketConnect(Native Method)
	at java.net.AbstractPlainSocketImpl.doConnect(AbstractPlainSocketImpl.java:350)
	at java.net.AbstractPlainSocketImpl.connectToAddress(AbstractPlainSocketImpl.java:206)
	at java.net.AbstractPlainSocketImpl.connect(AbstractPlainSocketImpl.java:188)
	at java.net.SocksSocketImpl.connect(SocksSocketImpl.java:392)
	at java.net.Socket.connect(Socket.java:589)
	at org.postgresql.core.PGStream.<init>(PGStream.java:69)
	at org.postgresql.core.v3.ConnectionFactoryImpl.openConnectionImpl(ConnectionFactoryImpl.java:156)
	at org.postgresql.core.ConnectionFactory.openConnection(ConnectionFactory.java:49)
	at org.postgresql.jdbc.PgConnection.<init>(PgConnection.java:195)
	at org.postgresql.Driver.makeConnection(Driver.java:454)
	at org.postgresql.Driver.connect(Driver.java:256)
	at java.sql.DriverManager.getConnection(DriverManager.java:664)
	at java.sql.DriverManager.getConnection(DriverManager.java:208)
	at org.postgresql.test.TestUtil.openDB(TestUtil.java:312)
	at org.postgresql.test.jdbc2.BaseTest4.setUp(BaseTest4.java:83)
	at org.postgresql.test.jdbc3.GeneratedKeysTest.setUp(GeneratedKeysTest.java:92)
]]></error>
  </testcase>
  <testcase name="testSerialWorks[returningInQuery = STAR, binary = FORCE]" classname="org.postgresql.test.jdbc3.GeneratedKeysTest" time="0">
    <error type="java.lang.NullPointerException:">java.lang.NullPointerException: null
	at org.postgresql.test.TestUtil.dropTable(TestUtil.java:517)
	at org.postgresql.test.jdbc3.GeneratedKeysTest.tearDown(GeneratedKeysTest.java:98)
</error>
  </testcase>
  <testcase name="selectWithGeneratedKeysViaNonPrepared[returningInQuery = STAR, binary = FORCE]" classname="org.postgresql.test.jdbc3.GeneratedKeysTest" time="0">
    <error message="Connection to localhost:5432 refused. Check that the hostname and port are correct and that the postmaster is accepting TCP/IP connections." type="org.postgresql.util.PSQLException"><![CDATA[org.postgresql.util.PSQLException: Connection to localhost:5432 refused. Check that the hostname and port are correct and that the postmaster is accepting TCP/IP connections.
	at java.net.PlainSocketImpl.socketConnect(Native Method)
	at java.net.AbstractPlainSocketImpl.doConnect(AbstractPlainSocketImpl.java:350)
	at java.net.AbstractPlainSocketImpl.connectToAddress(AbstractPlainSocketImpl.java:206)
	at java.net.AbstractPlainSocketImpl.connect(AbstractPlainSocketImpl.java:188)
	at java.net.SocksSocketImpl.connect(SocksSocketImpl.java:392)
	at java.net.Socket.connect(Socket.java:589)
	at org.postgresql.core.PGStream.<init>(PGStream.java:69)
	at org.postgresql.core.v3.ConnectionFactoryImpl.openConnectionImpl(ConnectionFactoryImpl.java:156)
	at org.postgresql.core.ConnectionFactory.openConnection(ConnectionFactory.java:49)
	at org.postgresql.jdbc.PgConnection.<init>(PgConnection.java:195)
	at org.postgresql.Driver.makeConnection(Driver.java:454)
	at org.postgresql.Driver.connect(Driver.java:256)
	at java.sql.DriverManager.getConnection(DriverManager.java:664)
	at java.sql.DriverManager.getConnection(DriverManager.java:208)
	at org.postgresql.test.TestUtil.openDB(TestUtil.java:312)
	at org.postgresql.test.jdbc2.BaseTest4.setUp(BaseTest4.java:83)
	at org.postgresql.test.jdbc3.GeneratedKeysTest.setUp(GeneratedKeysTest.java:92)
]]></error>
  </testcase>
  <testcase name="selectWithGeneratedKeysViaNonPrepared[returningInQuery = STAR, binary = FORCE]" classname="org.postgresql.test.jdbc3.GeneratedKeysTest" time="0">
    <error type="java.lang.NullPointerException:">java.lang.NullPointerException: null
	at org.postgresql.test.TestUtil.dropTable(TestUtil.java:517)
	at org.postgresql.test.jdbc3.GeneratedKeysTest.tearDown(GeneratedKeysTest.java:98)
</error>
  </testcase>
  <testcase name="testGeneratedKeysCleared[returningInQuery = STAR, binary = FORCE]" classname="org.postgresql.test.jdbc3.GeneratedKeysTest" time="0">
    <error message="Connection to localhost:5432 refused. Check that the hostname and port are correct and that the postmaster is accepting TCP/IP connections." type="org.postgresql.util.PSQLException"><![CDATA[org.postgresql.util.PSQLException: Connection to localhost:5432 refused. Check that the hostname and port are correct and that the postmaster is accepting TCP/IP connections.
	at java.net.PlainSocketImpl.socketConnect(Native Method)
	at java.net.AbstractPlainSocketImpl.doConnect(AbstractPlainSocketImpl.java:350)
	at java.net.AbstractPlainSocketImpl.connectToAddress(AbstractPlainSocketImpl.java:206)
	at java.net.AbstractPlainSocketImpl.connect(AbstractPlainSocketImpl.java:188)
	at java.net.SocksSocketImpl.connect(SocksSocketImpl.java:392)
	at java.net.Socket.connect(Socket.java:589)
	at org.postgresql.core.PGStream.<init>(PGStream.java:69)
	at org.postgresql.core.v3.ConnectionFactoryImpl.openConnectionImpl(ConnectionFactoryImpl.java:156)
	at org.postgresql.core.ConnectionFactory.openConnection(ConnectionFactory.java:49)
	at org.postgresql.jdbc.PgConnection.<init>(PgConnection.java:195)
	at org.postgresql.Driver.makeConnection(Driver.java:454)
	at org.postgresql.Driver.connect(Driver.java:256)
	at java.sql.DriverManager.getConnection(DriverManager.java:664)
	at java.sql.DriverManager.getConnection(DriverManager.java:208)
	at org.postgresql.test.TestUtil.openDB(TestUtil.java:312)
	at org.postgresql.test.jdbc2.BaseTest4.setUp(BaseTest4.java:83)
	at org.postgresql.test.jdbc3.GeneratedKeysTest.setUp(GeneratedKeysTest.java:92)
]]></error>
  </testcase>
  <testcase name="testGeneratedKeysCleared[returningInQuery = STAR, binary = FORCE]" classname="org.postgresql.test.jdbc3.GeneratedKeysTest" time="0">
    <error type="java.lang.NullPointerException:">java.lang.NullPointerException: null
	at org.postgresql.test.TestUtil.dropTable(TestUtil.java:517)
	at org.postgresql.test.jdbc3.GeneratedKeysTest.tearDown(GeneratedKeysTest.java:98)
</error>
  </testcase>
  <testcase name="testBatchGeneratedKeys[returningInQuery = STAR, binary = FORCE]" classname="org.postgresql.test.jdbc3.GeneratedKeysTest" time="0">
    <error message="Connection to localhost:5432 refused. Check that the hostname and port are correct and that the postmaster is accepting TCP/IP connections." type="org.postgresql.util.PSQLException"><![CDATA[org.postgresql.util.PSQLException: Connection to localhost:5432 refused. Check that the hostname and port are correct and that the postmaster is accepting TCP/IP connections.
	at java.net.PlainSocketImpl.socketConnect(Native Method)
	at java.net.AbstractPlainSocketImpl.doConnect(AbstractPlainSocketImpl.java:350)
	at java.net.AbstractPlainSocketImpl.connectToAddress(AbstractPlainSocketImpl.java:206)
	at java.net.AbstractPlainSocketImpl.connect(AbstractPlainSocketImpl.java:188)
	at java.net.SocksSocketImpl.connect(SocksSocketImpl.java:392)
	at java.net.Socket.connect(Socket.java:589)
	at org.postgresql.core.PGStream.<init>(PGStream.java:69)
	at org.postgresql.core.v3.ConnectionFactoryImpl.openConnectionImpl(ConnectionFactoryImpl.java:156)
	at org.postgresql.core.ConnectionFactory.openConnection(ConnectionFactory.java:49)
	at org.postgresql.jdbc.PgConnection.<init>(PgConnection.java:195)
	at org.postgresql.Driver.makeConnection(Driver.java:454)
	at org.postgresql.Driver.connect(Driver.java:256)
	at java.sql.DriverManager.getConnection(DriverManager.java:664)
	at java.sql.DriverManager.getConnection(DriverManager.java:208)
	at org.postgresql.test.TestUtil.openDB(TestUtil.java:312)
	at org.postgresql.test.jdbc2.BaseTest4.setUp(BaseTest4.java:83)
	at org.postgresql.test.jdbc3.GeneratedKeysTest.setUp(GeneratedKeysTest.java:92)
]]></error>
  </testcase>
  <testcase name="testBatchGeneratedKeys[returningInQuery = STAR, binary = FORCE]" classname="org.postgresql.test.jdbc3.GeneratedKeysTest" time="0">
    <error type="java.lang.NullPointerException:">java.lang.NullPointerException: null
	at org.postgresql.test.TestUtil.dropTable(TestUtil.java:517)
	at org.postgresql.test.jdbc3.GeneratedKeysTest.tearDown(GeneratedKeysTest.java:98)
</error>
  </testcase>
  <testcase name="testGeneratedKeys[returningInQuery = STAR, binary = FORCE]" classname="org.postgresql.test.jdbc3.GeneratedKeysTest" time="0">
    <error message="Connection to localhost:5432 refused. Check that the hostname and port are correct and that the postmaster is accepting TCP/IP connections." type="org.postgresql.util.PSQLException"><![CDATA[org.postgresql.util.PSQLException: Connection to localhost:5432 refused. Check that the hostname and port are correct and that the postmaster is accepting TCP/IP connections.
	at java.net.PlainSocketImpl.socketConnect(Native Method)
	at java.net.AbstractPlainSocketImpl.doConnect(AbstractPlainSocketImpl.java:350)
	at java.net.AbstractPlainSocketImpl.connectToAddress(AbstractPlainSocketImpl.java:206)
	at java.net.AbstractPlainSocketImpl.connect(AbstractPlainSocketImpl.java:188)
	at java.net.SocksSocketImpl.connect(SocksSocketImpl.java:392)
	at java.net.Socket.connect(Socket.java:589)
	at org.postgresql.core.PGStream.<init>(PGStream.java:69)
	at org.postgresql.core.v3.ConnectionFactoryImpl.openConnectionImpl(ConnectionFactoryImpl.java:156)
	at org.postgresql.core.ConnectionFactory.openConnection(ConnectionFactory.java:49)
	at org.postgresql.jdbc.PgConnection.<init>(PgConnection.java:195)
	at org.postgresql.Driver.makeConnection(Driver.java:454)
	at org.postgresql.Driver.connect(Driver.java:256)
	at java.sql.DriverManager.getConnection(DriverManager.java:664)
	at java.sql.DriverManager.getConnection(DriverManager.java:208)
	at org.postgresql.test.TestUtil.openDB(TestUtil.java:312)
	at org.postgresql.test.jdbc2.BaseTest4.setUp(BaseTest4.java:83)
	at org.postgresql.test.jdbc3.GeneratedKeysTest.setUp(GeneratedKeysTest.java:92)
]]></error>
  </testcase>
  <testcase name="testGeneratedKeys[returningInQuery = STAR, binary = FORCE]" classname="org.postgresql.test.jdbc3.GeneratedKeysTest" time="0">
    <error type="java.lang.NullPointerException:">java.lang.NullPointerException: null
	at org.postgresql.test.TestUtil.dropTable(TestUtil.java:517)
	at org.postgresql.test.jdbc3.GeneratedKeysTest.tearDown(GeneratedKeysTest.java:98)
</error>
  </testcase>
  <testcase name="testWithInsertInsert[returningInQuery = STAR, binary = FORCE]" classname="org.postgresql.test.jdbc3.GeneratedKeysTest" time="0">
    <error message="Connection to localhost:5432 refused. Check that the hostname and port are correct and that the postmaster is accepting TCP/IP connections." type="org.postgresql.util.PSQLException"><![CDATA[org.postgresql.util.PSQLException: Connection to localhost:5432 refused. Check that the hostname and port are correct and that the postmaster is accepting TCP/IP connections.
	at java.net.PlainSocketImpl.socketConnect(Native Method)
	at java.net.AbstractPlainSocketImpl.doConnect(AbstractPlainSocketImpl.java:350)
	at java.net.AbstractPlainSocketImpl.connectToAddress(AbstractPlainSocketImpl.java:206)
	at java.net.AbstractPlainSocketImpl.connect(AbstractPlainSocketImpl.java:188)
	at java.net.SocksSocketImpl.connect(SocksSocketImpl.java:392)
	at java.net.Socket.connect(Socket.java:589)
	at org.postgresql.core.PGStream.<init>(PGStream.java:69)
	at org.postgresql.core.v3.ConnectionFactoryImpl.openConnectionImpl(ConnectionFactoryImpl.java:156)
	at org.postgresql.core.ConnectionFactory.openConnection(ConnectionFactory.java:49)
	at org.postgresql.jdbc.PgConnection.<init>(PgConnection.java:195)
	at org.postgresql.Driver.makeConnection(Driver.java:454)
	at org.postgresql.Driver.connect(Driver.java:256)
	at java.sql.DriverManager.getConnection(DriverManager.java:664)
	at java.sql.DriverManager.getConnection(DriverManager.java:208)
	at org.postgresql.test.TestUtil.openDB(TestUtil.java:312)
	at org.postgresql.test.jdbc2.BaseTest4.setUp(BaseTest4.java:83)
	at org.postgresql.test.jdbc3.GeneratedKeysTest.setUp(GeneratedKeysTest.java:92)
]]></error>
  </testcase>
  <testcase name="testWithInsertInsert[returningInQuery = STAR, binary = FORCE]" classname="org.postgresql.test.jdbc3.GeneratedKeysTest" time="0">
    <error type="java.lang.NullPointerException:">java.lang.NullPointerException: null
	at org.postgresql.test.TestUtil.dropTable(TestUtil.java:517)
	at org.postgresql.test.jdbc3.GeneratedKeysTest.tearDown(GeneratedKeysTest.java:98)
</error>
  </testcase>
  <testcase name="testWithInsertSelect[returningInQuery = STAR, binary = FORCE]" classname="org.postgresql.test.jdbc3.GeneratedKeysTest" time="0">
    <error message="Connection to localhost:5432 refused. Check that the hostname and port are correct and that the postmaster is accepting TCP/IP connections." type="org.postgresql.util.PSQLException"><![CDATA[org.postgresql.util.PSQLException: Connection to localhost:5432 refused. Check that the hostname and port are correct and that the postmaster is accepting TCP/IP connections.
	at java.net.PlainSocketImpl.socketConnect(Native Method)
	at java.net.AbstractPlainSocketImpl.doConnect(AbstractPlainSocketImpl.java:350)
	at java.net.AbstractPlainSocketImpl.connectToAddress(AbstractPlainSocketImpl.java:206)
	at java.net.AbstractPlainSocketImpl.connect(AbstractPlainSocketImpl.java:188)
	at java.net.SocksSocketImpl.connect(SocksSocketImpl.java:392)
	at java.net.Socket.connect(Socket.java:589)
	at org.postgresql.core.PGStream.<init>(PGStream.java:69)
	at org.postgresql.core.v3.ConnectionFactoryImpl.openConnectionImpl(ConnectionFactoryImpl.java:156)
	at org.postgresql.core.ConnectionFactory.openConnection(ConnectionFactory.java:49)
	at org.postgresql.jdbc.PgConnection.<init>(PgConnection.java:195)
	at org.postgresql.Driver.makeConnection(Driver.java:454)
	at org.postgresql.Driver.connect(Driver.java:256)
	at java.sql.DriverManager.getConnection(DriverManager.java:664)
	at java.sql.DriverManager.getConnection(DriverManager.java:208)
	at org.postgresql.test.TestUtil.openDB(TestUtil.java:312)
	at org.postgresql.test.jdbc2.BaseTest4.setUp(BaseTest4.java:83)
	at org.postgresql.test.jdbc3.GeneratedKeysTest.setUp(GeneratedKeysTest.java:92)
]]></error>
  </testcase>
  <testcase name="testWithInsertSelect[returningInQuery = STAR, binary = FORCE]" classname="org.postgresql.test.jdbc3.GeneratedKeysTest" time="0">
    <error type="java.lang.NullPointerException:">java.lang.NullPointerException: null
	at org.postgresql.test.TestUtil.dropTable(TestUtil.java:517)
	at org.postgresql.test.jdbc3.GeneratedKeysTest.tearDown(GeneratedKeysTest.java:98)
</error>
  </testcase>
  <testcase name="testCloseStatementClosesRS[returningInQuery = STAR, binary = FORCE]" classname="org.postgresql.test.jdbc3.GeneratedKeysTest" time="0">
    <error message="Connection to localhost:5432 refused. Check that the hostname and port are correct and that the postmaster is accepting TCP/IP connections." type="org.postgresql.util.PSQLException"><![CDATA[org.postgresql.util.PSQLException: Connection to localhost:5432 refused. Check that the hostname and port are correct and that the postmaster is accepting TCP/IP connections.
	at java.net.PlainSocketImpl.socketConnect(Native Method)
	at java.net.AbstractPlainSocketImpl.doConnect(AbstractPlainSocketImpl.java:350)
	at java.net.AbstractPlainSocketImpl.connectToAddress(AbstractPlainSocketImpl.java:206)
	at java.net.AbstractPlainSocketImpl.connect(AbstractPlainSocketImpl.java:188)
	at java.net.SocksSocketImpl.connect(SocksSocketImpl.java:392)
	at java.net.Socket.connect(Socket.java:589)
	at org.postgresql.core.PGStream.<init>(PGStream.java:69)
	at org.postgresql.core.v3.ConnectionFactoryImpl.openConnectionImpl(ConnectionFactoryImpl.java:156)
	at org.postgresql.core.ConnectionFactory.openConnection(ConnectionFactory.java:49)
	at org.postgresql.jdbc.PgConnection.<init>(PgConnection.java:195)
	at org.postgresql.Driver.makeConnection(Driver.java:454)
	at org.postgresql.Driver.connect(Driver.java:256)
	at java.sql.DriverManager.getConnection(DriverManager.java:664)
	at java.sql.DriverManager.getConnection(DriverManager.java:208)
	at org.postgresql.test.TestUtil.openDB(TestUtil.java:312)
	at org.postgresql.test.jdbc2.BaseTest4.setUp(BaseTest4.java:83)
	at org.postgresql.test.jdbc3.GeneratedKeysTest.setUp(GeneratedKeysTest.java:92)
]]></error>
  </testcase>
  <testcase name="testCloseStatementClosesRS[returningInQuery = STAR, binary = FORCE]" classname="org.postgresql.test.jdbc3.GeneratedKeysTest" time="0">
    <error type="java.lang.NullPointerException:">java.lang.NullPointerException: null
	at org.postgresql.test.TestUtil.dropTable(TestUtil.java:517)
	at org.postgresql.test.jdbc3.GeneratedKeysTest.tearDown(GeneratedKeysTest.java:98)
</error>
  </testcase>
  <testcase name="selectWithGeneratedKeysViaPreparedExecute[returningInQuery = STAR, binary = FORCE]" classname="org.postgresql.test.jdbc3.GeneratedKeysTest" time="0">
    <error message="Connection to localhost:5432 refused. Check that the hostname and port are correct and that the postmaster is accepting TCP/IP connections." type="org.postgresql.util.PSQLException"><![CDATA[org.postgresql.util.PSQLException: Connection to localhost:5432 refused. Check that the hostname and port are correct and that the postmaster is accepting TCP/IP connections.
	at java.net.PlainSocketImpl.socketConnect(Native Method)
	at java.net.AbstractPlainSocketImpl.doConnect(AbstractPlainSocketImpl.java:350)
	at java.net.AbstractPlainSocketImpl.connectToAddress(AbstractPlainSocketImpl.java:206)
	at java.net.AbstractPlainSocketImpl.connect(AbstractPlainSocketImpl.java:188)
	at java.net.SocksSocketImpl.connect(SocksSocketImpl.java:392)
	at java.net.Socket.connect(Socket.java:589)
	at org.postgresql.core.PGStream.<init>(PGStream.java:69)
	at org.postgresql.core.v3.ConnectionFactoryImpl.openConnectionImpl(ConnectionFactoryImpl.java:156)
	at org.postgresql.core.ConnectionFactory.openConnection(ConnectionFactory.java:49)
	at org.postgresql.jdbc.PgConnection.<init>(PgConnection.java:195)
	at org.postgresql.Driver.makeConnection(Driver.java:454)
	at org.postgresql.Driver.connect(Driver.java:256)
	at java.sql.DriverManager.getConnection(DriverManager.java:664)
	at java.sql.DriverManager.getConnection(DriverManager.java:208)
	at org.postgresql.test.TestUtil.openDB(TestUtil.java:312)
	at org.postgresql.test.jdbc2.BaseTest4.setUp(BaseTest4.java:83)
	at org.postgresql.test.jdbc3.GeneratedKeysTest.setUp(GeneratedKeysTest.java:92)
]]></error>
  </testcase>
  <testcase name="selectWithGeneratedKeysViaPreparedExecute[returningInQuery = STAR, binary = FORCE]" classname="org.postgresql.test.jdbc3.GeneratedKeysTest" time="0">
    <error type="java.lang.NullPointerException:">java.lang.NullPointerException: null
	at org.postgresql.test.TestUtil.dropTable(TestUtil.java:517)
	at org.postgresql.test.jdbc3.GeneratedKeysTest.tearDown(GeneratedKeysTest.java:98)
</error>
  </testcase>
  <testcase name="selectWithGeneratedKeysViaPreparedExecuteQuery[returningInQuery = STAR, binary = FORCE]" classname="org.postgresql.test.jdbc3.GeneratedKeysTest" time="0">
    <error message="Connection to localhost:5432 refused. Check that the hostname and port are correct and that the postmaster is accepting TCP/IP connections." type="org.postgresql.util.PSQLException"><![CDATA[org.postgresql.util.PSQLException: Connection to localhost:5432 refused. Check that the hostname and port are correct and that the postmaster is accepting TCP/IP connections.
	at java.net.PlainSocketImpl.socketConnect(Native Method)
	at java.net.AbstractPlainSocketImpl.doConnect(AbstractPlainSocketImpl.java:350)
	at java.net.AbstractPlainSocketImpl.connectToAddress(AbstractPlainSocketImpl.java:206)
	at java.net.AbstractPlainSocketImpl.connect(AbstractPlainSocketImpl.java:188)
	at java.net.SocksSocketImpl.connect(SocksSocketImpl.java:392)
	at java.net.Socket.connect(Socket.java:589)
	at org.postgresql.core.PGStream.<init>(PGStream.java:69)
	at org.postgresql.core.v3.ConnectionFactoryImpl.openConnectionImpl(ConnectionFactoryImpl.java:156)
	at org.postgresql.core.ConnectionFactory.openConnection(ConnectionFactory.java:49)
	at org.postgresql.jdbc.PgConnection.<init>(PgConnection.java:195)
	at org.postgresql.Driver.makeConnection(Driver.java:454)
	at org.postgresql.Driver.connect(Driver.java:256)
	at java.sql.DriverManager.getConnection(DriverManager.java:664)
	at java.sql.DriverManager.getConnection(DriverManager.java:208)
	at org.postgresql.test.TestUtil.openDB(TestUtil.java:312)
	at org.postgresql.test.jdbc2.BaseTest4.setUp(BaseTest4.java:83)
	at org.postgresql.test.jdbc3.GeneratedKeysTest.setUp(GeneratedKeysTest.java:92)
]]></error>
  </testcase>
  <testcase name="selectWithGeneratedKeysViaPreparedExecuteQuery[returningInQuery = STAR, binary = FORCE]" classname="org.postgresql.test.jdbc3.GeneratedKeysTest" time="0">
    <error type="java.lang.NullPointerException:">java.lang.NullPointerException: null
	at org.postgresql.test.TestUtil.dropTable(TestUtil.java:517)
	at org.postgresql.test.jdbc3.GeneratedKeysTest.tearDown(GeneratedKeysTest.java:98)
</error>
  </testcase>
  <testcase name="testReturningWithTrailingSemicolon[returningInQuery = STAR, binary = FORCE]" classname="org.postgresql.test.jdbc3.GeneratedKeysTest" time="0">
    <error message="Connection to localhost:5432 refused. Check that the hostname and port are correct and that the postmaster is accepting TCP/IP connections." type="org.postgresql.util.PSQLException"><![CDATA[org.postgresql.util.PSQLException: Connection to localhost:5432 refused. Check that the hostname and port are correct and that the postmaster is accepting TCP/IP connections.
	at java.net.PlainSocketImpl.socketConnect(Native Method)
	at java.net.AbstractPlainSocketImpl.doConnect(AbstractPlainSocketImpl.java:350)
	at java.net.AbstractPlainSocketImpl.connectToAddress(AbstractPlainSocketImpl.java:206)
	at java.net.AbstractPlainSocketImpl.connect(AbstractPlainSocketImpl.java:188)
	at java.net.SocksSocketImpl.connect(SocksSocketImpl.java:392)
	at java.net.Socket.connect(Socket.java:589)
	at org.postgresql.core.PGStream.<init>(PGStream.java:69)
	at org.postgresql.core.v3.ConnectionFactoryImpl.openConnectionImpl(ConnectionFactoryImpl.java:156)
	at org.postgresql.core.ConnectionFactory.openConnection(ConnectionFactory.java:49)
	at org.postgresql.jdbc.PgConnection.<init>(PgConnection.java:195)
	at org.postgresql.Driver.makeConnection(Driver.java:454)
	at org.postgresql.Driver.connect(Driver.java:256)
	at java.sql.DriverManager.getConnection(DriverManager.java:664)
	at java.sql.DriverManager.getConnection(DriverManager.java:208)
	at org.postgresql.test.TestUtil.openDB(TestUtil.java:312)
	at org.postgresql.test.jdbc2.BaseTest4.setUp(BaseTest4.java:83)
	at org.postgresql.test.jdbc3.GeneratedKeysTest.setUp(GeneratedKeysTest.java:92)
]]></error>
  </testcase>
  <testcase name="testReturningWithTrailingSemicolon[returningInQuery = STAR, binary = FORCE]" classname="org.postgresql.test.jdbc3.GeneratedKeysTest" time="0">
    <error type="java.lang.NullPointerException:">java.lang.NullPointerException: null
	at org.postgresql.test.TestUtil.dropTable(TestUtil.java:517)
	at org.postgresql.test.jdbc3.GeneratedKeysTest.tearDown(GeneratedKeysTest.java:98)
</error>
  </testcase>
  <testcase name="testPSDelete[returningInQuery = STAR, binary = FORCE]" classname="org.postgresql.test.jdbc3.GeneratedKeysTest" time="0">
    <error message="Connection to localhost:5432 refused. Check that the hostname and port are correct and that the postmaster is accepting TCP/IP connections." type="org.postgresql.util.PSQLException"><![CDATA[org.postgresql.util.PSQLException: Connection to localhost:5432 refused. Check that the hostname and port are correct and that the postmaster is accepting TCP/IP connections.
	at java.net.PlainSocketImpl.socketConnect(Native Method)
	at java.net.AbstractPlainSocketImpl.doConnect(AbstractPlainSocketImpl.java:350)
	at java.net.AbstractPlainSocketImpl.connectToAddress(AbstractPlainSocketImpl.java:206)
	at java.net.AbstractPlainSocketImpl.connect(AbstractPlainSocketImpl.java:188)
	at java.net.SocksSocketImpl.connect(SocksSocketImpl.java:392)
	at java.net.Socket.connect(Socket.java:589)
	at org.postgresql.core.PGStream.<init>(PGStream.java:69)
	at org.postgresql.core.v3.ConnectionFactoryImpl.openConnectionImpl(ConnectionFactoryImpl.java:156)
	at org.postgresql.core.ConnectionFactory.openConnection(ConnectionFactory.java:49)
	at org.postgresql.jdbc.PgConnection.<init>(PgConnection.java:195)
	at org.postgresql.Driver.makeConnection(Driver.java:454)
	at org.postgresql.Driver.connect(Driver.java:256)
	at java.sql.DriverManager.getConnection(DriverManager.java:664)
	at java.sql.DriverManager.getConnection(DriverManager.java:208)
	at org.postgresql.test.TestUtil.openDB(TestUtil.java:312)
	at org.postgresql.test.jdbc2.BaseTest4.setUp(BaseTest4.java:83)
	at org.postgresql.test.jdbc3.GeneratedKeysTest.setUp(GeneratedKeysTest.java:92)
]]></error>
  </testcase>
  <testcase name="testPSDelete[returningInQuery = STAR, binary = FORCE]" classname="org.postgresql.test.jdbc3.GeneratedKeysTest" time="0">
    <error type="java.lang.NullPointerException:">java.lang.NullPointerException: null
	at org.postgresql.test.TestUtil.dropTable(TestUtil.java:517)
	at org.postgresql.test.jdbc3.GeneratedKeysTest.tearDown(GeneratedKeysTest.java:98)
</error>
  </testcase>
  <testcase name="testDelete[returningInQuery = STAR, binary = FORCE]" classname="org.postgresql.test.jdbc3.GeneratedKeysTest" time="0">
    <error message="Connection to localhost:5432 refused. Check that the hostname and port are correct and that the postmaster is accepting TCP/IP connections." type="org.postgresql.util.PSQLException"><![CDATA[org.postgresql.util.PSQLException: Connection to localhost:5432 refused. Check that the hostname and port are correct and that the postmaster is accepting TCP/IP connections.
	at java.net.PlainSocketImpl.socketConnect(Native Method)
	at java.net.AbstractPlainSocketImpl.doConnect(AbstractPlainSocketImpl.java:350)
	at java.net.AbstractPlainSocketImpl.connectToAddress(AbstractPlainSocketImpl.java:206)
	at java.net.AbstractPlainSocketImpl.connect(AbstractPlainSocketImpl.java:188)
	at java.net.SocksSocketImpl.connect(SocksSocketImpl.java:392)
	at java.net.Socket.connect(Socket.java:589)
	at org.postgresql.core.PGStream.<init>(PGStream.java:69)
	at org.postgresql.core.v3.ConnectionFactoryImpl.openConnectionImpl(ConnectionFactoryImpl.java:156)
	at org.postgresql.core.ConnectionFactory.openConnection(ConnectionFactory.java:49)
	at org.postgresql.jdbc.PgConnection.<init>(PgConnection.java:195)
	at org.postgresql.Driver.makeConnection(Driver.java:454)
	at org.postgresql.Driver.connect(Driver.java:256)
	at java.sql.DriverManager.getConnection(DriverManager.java:664)
	at java.sql.DriverManager.getConnection(DriverManager.java:208)
	at org.postgresql.test.TestUtil.openDB(TestUtil.java:312)
	at org.postgresql.test.jdbc2.BaseTest4.setUp(BaseTest4.java:83)
	at org.postgresql.test.jdbc3.GeneratedKeysTest.setUp(GeneratedKeysTest.java:92)
]]></error>
  </testcase>
  <testcase name="testDelete[returningInQuery = STAR, binary = FORCE]" classname="org.postgresql.test.jdbc3.GeneratedKeysTest" time="0">
    <error type="java.lang.NullPointerException:">java.lang.NullPointerException: null
	at org.postgresql.test.TestUtil.dropTable(TestUtil.java:517)
	at org.postgresql.test.jdbc3.GeneratedKeysTest.tearDown(GeneratedKeysTest.java:98)
</error>
  </testcase>
  <testcase name="testMultipleRows[returningInQuery = STAR, binary = FORCE]" classname="org.postgresql.test.jdbc3.GeneratedKeysTest" time="0.001">
    <error message="Connection to localhost:5432 refused. Check that the hostname and port are correct and that the postmaster is accepting TCP/IP connections." type="org.postgresql.util.PSQLException"><![CDATA[org.postgresql.util.PSQLException: Connection to localhost:5432 refused. Check that the hostname and port are correct and that the postmaster is accepting TCP/IP connections.
	at java.net.PlainSocketImpl.socketConnect(Native Method)
	at java.net.AbstractPlainSocketImpl.doConnect(AbstractPlainSocketImpl.java:350)
	at java.net.AbstractPlainSocketImpl.connectToAddress(AbstractPlainSocketImpl.java:206)
	at java.net.AbstractPlainSocketImpl.connect(AbstractPlainSocketImpl.java:188)
	at java.net.SocksSocketImpl.connect(SocksSocketImpl.java:392)
	at java.net.Socket.connect(Socket.java:589)
	at org.postgresql.core.PGStream.<init>(PGStream.java:69)
	at org.postgresql.core.v3.ConnectionFactoryImpl.openConnectionImpl(ConnectionFactoryImpl.java:156)
	at org.postgresql.core.ConnectionFactory.openConnection(ConnectionFactory.java:49)
	at org.postgresql.jdbc.PgConnection.<init>(PgConnection.java:195)
	at org.postgresql.Driver.makeConnection(Driver.java:454)
	at org.postgresql.Driver.connect(Driver.java:256)
	at java.sql.DriverManager.getConnection(DriverManager.java:664)
	at java.sql.DriverManager.getConnection(DriverManager.java:208)
	at org.postgresql.test.TestUtil.openDB(TestUtil.java:312)
	at org.postgresql.test.jdbc2.BaseTest4.setUp(BaseTest4.java:83)
	at org.postgresql.test.jdbc3.GeneratedKeysTest.setUp(GeneratedKeysTest.java:92)
]]></error>
  </testcase>
  <testcase name="testMultipleRows[returningInQuery = STAR, binary = FORCE]" classname="org.postgresql.test.jdbc3.GeneratedKeysTest" time="0.001">
    <error type="java.lang.NullPointerException:">java.lang.NullPointerException: null
	at org.postgresql.test.TestUtil.dropTable(TestUtil.java:517)
	at org.postgresql.test.jdbc3.GeneratedKeysTest.tearDown(GeneratedKeysTest.java:98)
</error>
  </testcase>
  <testcase name="testPSUpdate[returningInQuery = STAR, binary = FORCE]" classname="org.postgresql.test.jdbc3.GeneratedKeysTest" time="0">
    <error message="Connection to localhost:5432 refused. Check that the hostname and port are correct and that the postmaster is accepting TCP/IP connections." type="org.postgresql.util.PSQLException"><![CDATA[org.postgresql.util.PSQLException: Connection to localhost:5432 refused. Check that the hostname and port are correct and that the postmaster is accepting TCP/IP connections.
	at java.net.PlainSocketImpl.socketConnect(Native Method)
	at java.net.AbstractPlainSocketImpl.doConnect(AbstractPlainSocketImpl.java:350)
	at java.net.AbstractPlainSocketImpl.connectToAddress(AbstractPlainSocketImpl.java:206)
	at java.net.AbstractPlainSocketImpl.connect(AbstractPlainSocketImpl.java:188)
	at java.net.SocksSocketImpl.connect(SocksSocketImpl.java:392)
	at java.net.Socket.connect(Socket.java:589)
	at org.postgresql.core.PGStream.<init>(PGStream.java:69)
	at org.postgresql.core.v3.ConnectionFactoryImpl.openConnectionImpl(ConnectionFactoryImpl.java:156)
	at org.postgresql.core.ConnectionFactory.openConnection(ConnectionFactory.java:49)
	at org.postgresql.jdbc.PgConnection.<init>(PgConnection.java:195)
	at org.postgresql.Driver.makeConnection(Driver.java:454)
	at org.postgresql.Driver.connect(Driver.java:256)
	at java.sql.DriverManager.getConnection(DriverManager.java:664)
	at java.sql.DriverManager.getConnection(DriverManager.java:208)
	at org.postgresql.test.TestUtil.openDB(TestUtil.java:312)
	at org.postgresql.test.jdbc2.BaseTest4.setUp(BaseTest4.java:83)
	at org.postgresql.test.jdbc3.GeneratedKeysTest.setUp(GeneratedKeysTest.java:92)
]]></error>
  </testcase>
  <testcase name="testPSUpdate[returningInQuery = STAR, binary = FORCE]" classname="org.postgresql.test.jdbc3.GeneratedKeysTest" time="0">
    <error type="java.lang.NullPointerException:">java.lang.NullPointerException: null
	at org.postgresql.test.TestUtil.dropTable(TestUtil.java:517)
	at org.postgresql.test.jdbc3.GeneratedKeysTest.tearDown(GeneratedKeysTest.java:98)
</error>
  </testcase>
  <testcase name="breakDescribeOnFirstServerPreparedExecution[returningInQuery = STAR, binary = FORCE]" classname="org.postgresql.test.jdbc3.GeneratedKeysTest" time="0">
    <error message="Connection to localhost:5432 refused. Check that the hostname and port are correct and that the postmaster is accepting TCP/IP connections." type="org.postgresql.util.PSQLException"><![CDATA[org.postgresql.util.PSQLException: Connection to localhost:5432 refused. Check that the hostname and port are correct and that the postmaster is accepting TCP/IP connections.
	at java.net.PlainSocketImpl.socketConnect(Native Method)
	at java.net.AbstractPlainSocketImpl.doConnect(AbstractPlainSocketImpl.java:350)
	at java.net.AbstractPlainSocketImpl.connectToAddress(AbstractPlainSocketImpl.java:206)
	at java.net.AbstractPlainSocketImpl.connect(AbstractPlainSocketImpl.java:188)
	at java.net.SocksSocketImpl.connect(SocksSocketImpl.java:392)
	at java.net.Socket.connect(Socket.java:589)
	at org.postgresql.core.PGStream.<init>(PGStream.java:69)
	at org.postgresql.core.v3.ConnectionFactoryImpl.openConnectionImpl(ConnectionFactoryImpl.java:156)
	at org.postgresql.core.ConnectionFactory.openConnection(ConnectionFactory.java:49)
	at org.postgresql.jdbc.PgConnection.<init>(PgConnection.java:195)
	at org.postgresql.Driver.makeConnection(Driver.java:454)
	at org.postgresql.Driver.connect(Driver.java:256)
	at java.sql.DriverManager.getConnection(DriverManager.java:664)
	at java.sql.DriverManager.getConnection(DriverManager.java:208)
	at org.postgresql.test.TestUtil.openDB(TestUtil.java:312)
	at org.postgresql.test.jdbc2.BaseTest4.setUp(BaseTest4.java:83)
	at org.postgresql.test.jdbc3.GeneratedKeysTest.setUp(GeneratedKeysTest.java:92)
]]></error>
  </testcase>
  <testcase name="breakDescribeOnFirstServerPreparedExecution[returningInQuery = STAR, binary = FORCE]" classname="org.postgresql.test.jdbc3.GeneratedKeysTest" time="0">
    <error type="java.lang.NullPointerException:">java.lang.NullPointerException: null
	at org.postgresql.test.TestUtil.dropTable(TestUtil.java:517)
	at org.postgresql.test.jdbc3.GeneratedKeysTest.tearDown(GeneratedKeysTest.java:98)
</error>
  </testcase>
  <testcase name="testUpdate[returningInQuery = STAR, binary = FORCE]" classname="org.postgresql.test.jdbc3.GeneratedKeysTest" time="0">
    <error message="Connection to localhost:5432 refused. Check that the hostname and port are correct and that the postmaster is accepting TCP/IP connections." type="org.postgresql.util.PSQLException"><![CDATA[org.postgresql.util.PSQLException: Connection to localhost:5432 refused. Check that the hostname and port are correct and that the postmaster is accepting TCP/IP connections.
	at java.net.PlainSocketImpl.socketConnect(Native Method)
	at java.net.AbstractPlainSocketImpl.doConnect(AbstractPlainSocketImpl.java:350)
	at java.net.AbstractPlainSocketImpl.connectToAddress(AbstractPlainSocketImpl.java:206)
	at java.net.AbstractPlainSocketImpl.connect(AbstractPlainSocketImpl.java:188)
	at java.net.SocksSocketImpl.connect(SocksSocketImpl.java:392)
	at java.net.Socket.connect(Socket.java:589)
	at org.postgresql.core.PGStream.<init>(PGStream.java:69)
	at org.postgresql.core.v3.ConnectionFactoryImpl.openConnectionImpl(ConnectionFactoryImpl.java:156)
	at org.postgresql.core.ConnectionFactory.openConnection(ConnectionFactory.java:49)
	at org.postgresql.jdbc.PgConnection.<init>(PgConnection.java:195)
	at org.postgresql.Driver.makeConnection(Driver.java:454)
	at org.postgresql.Driver.connect(Driver.java:256)
	at java.sql.DriverManager.getConnection(DriverManager.java:664)
	at java.sql.DriverManager.getConnection(DriverManager.java:208)
	at org.postgresql.test.TestUtil.openDB(TestUtil.java:312)
	at org.postgresql.test.jdbc2.BaseTest4.setUp(BaseTest4.java:83)
	at org.postgresql.test.jdbc3.GeneratedKeysTest.setUp(GeneratedKeysTest.java:92)
]]></error>
  </testcase>
  <testcase name="testUpdate[returningInQuery = STAR, binary = FORCE]" classname="org.postgresql.test.jdbc3.GeneratedKeysTest" time="0">
    <error type="java.lang.NullPointerException:">java.lang.NullPointerException: null
	at org.postgresql.test.TestUtil.dropTable(TestUtil.java:517)
	at org.postgresql.test.jdbc3.GeneratedKeysTest.tearDown(GeneratedKeysTest.java:98)
</error>
  </testcase>
  <testcase name="testEmptyRSWithoutReturning[returningInQuery = STAR, binary = FORCE]" classname="org.postgresql.test.jdbc3.GeneratedKeysTest" time="0">
    <error message="Connection to localhost:5432 refused. Check that the hostname and port are correct and that the postmaster is accepting TCP/IP connections." type="org.postgresql.util.PSQLException"><![CDATA[org.postgresql.util.PSQLException: Connection to localhost:5432 refused. Check that the hostname and port are correct and that the postmaster is accepting TCP/IP connections.
	at java.net.PlainSocketImpl.socketConnect(Native Method)
	at java.net.AbstractPlainSocketImpl.doConnect(AbstractPlainSocketImpl.java:350)
	at java.net.AbstractPlainSocketImpl.connectToAddress(AbstractPlainSocketImpl.java:206)
	at java.net.AbstractPlainSocketImpl.connect(AbstractPlainSocketImpl.java:188)
	at java.net.SocksSocketImpl.connect(SocksSocketImpl.java:392)
	at java.net.Socket.connect(Socket.java:589)
	at org.postgresql.core.PGStream.<init>(PGStream.java:69)
	at org.postgresql.core.v3.ConnectionFactoryImpl.openConnectionImpl(ConnectionFactoryImpl.java:156)
	at org.postgresql.core.ConnectionFactory.openConnection(ConnectionFactory.java:49)
	at org.postgresql.jdbc.PgConnection.<init>(PgConnection.java:195)
	at org.postgresql.Driver.makeConnection(Driver.java:454)
	at org.postgresql.Driver.connect(Driver.java:256)
	at java.sql.DriverManager.getConnection(DriverManager.java:664)
	at java.sql.DriverManager.getConnection(DriverManager.java:208)
	at org.postgresql.test.TestUtil.openDB(TestUtil.java:312)
	at org.postgresql.test.jdbc2.BaseTest4.setUp(BaseTest4.java:83)
	at org.postgresql.test.jdbc3.GeneratedKeysTest.setUp(GeneratedKeysTest.java:92)
]]></error>
  </testcase>
  <testcase name="testEmptyRSWithoutReturning[returningInQuery = STAR, binary = FORCE]" classname="org.postgresql.test.jdbc3.GeneratedKeysTest" time="0">
    <error type="java.lang.NullPointerException:">java.lang.NullPointerException: null
	at org.postgresql.test.TestUtil.dropTable(TestUtil.java:517)
	at org.postgresql.test.jdbc3.GeneratedKeysTest.tearDown(GeneratedKeysTest.java:98)
</error>
  </testcase>
  <testcase name="testStatementUpdateCount[returningInQuery = NO, binary = REGULAR]" classname="org.postgresql.test.jdbc3.GeneratedKeysTest" time="0">
    <error message="Connection to localhost:5432 refused. Check that the hostname and port are correct and that the postmaster is accepting TCP/IP connections." type="org.postgresql.util.PSQLException"><![CDATA[org.postgresql.util.PSQLException: Connection to localhost:5432 refused. Check that the hostname and port are correct and that the postmaster is accepting TCP/IP connections.
	at java.net.PlainSocketImpl.socketConnect(Native Method)
	at java.net.AbstractPlainSocketImpl.doConnect(AbstractPlainSocketImpl.java:350)
	at java.net.AbstractPlainSocketImpl.connectToAddress(AbstractPlainSocketImpl.java:206)
	at java.net.AbstractPlainSocketImpl.connect(AbstractPlainSocketImpl.java:188)
	at java.net.SocksSocketImpl.connect(SocksSocketImpl.java:392)
	at java.net.Socket.connect(Socket.java:589)
	at org.postgresql.core.PGStream.<init>(PGStream.java:69)
	at org.postgresql.core.v3.ConnectionFactoryImpl.openConnectionImpl(ConnectionFactoryImpl.java:156)
	at org.postgresql.core.ConnectionFactory.openConnection(ConnectionFactory.java:49)
	at org.postgresql.jdbc.PgConnection.<init>(PgConnection.java:195)
	at org.postgresql.Driver.makeConnection(Driver.java:454)
	at org.postgresql.Driver.connect(Driver.java:256)
	at java.sql.DriverManager.getConnection(DriverManager.java:664)
	at java.sql.DriverManager.getConnection(DriverManager.java:208)
	at org.postgresql.test.TestUtil.openDB(TestUtil.java:312)
	at org.postgresql.test.jdbc2.BaseTest4.setUp(BaseTest4.java:83)
	at org.postgresql.test.jdbc3.GeneratedKeysTest.setUp(GeneratedKeysTest.java:92)
]]></error>
  </testcase>
  <testcase name="testStatementUpdateCount[returningInQuery = NO, binary = REGULAR]" classname="org.postgresql.test.jdbc3.GeneratedKeysTest" time="0">
    <error type="java.lang.NullPointerException:">java.lang.NullPointerException: null
	at org.postgresql.test.TestUtil.dropTable(TestUtil.java:517)
	at org.postgresql.test.jdbc3.GeneratedKeysTest.tearDown(GeneratedKeysTest.java:98)
</error>
  </testcase>
  <testcase name="testSerialWorks[returningInQuery = NO, binary = REGULAR]" classname="org.postgresql.test.jdbc3.GeneratedKeysTest" time="0">
    <error message="Connection to localhost:5432 refused. Check that the hostname and port are correct and that the postmaster is accepting TCP/IP connections." type="org.postgresql.util.PSQLException"><![CDATA[org.postgresql.util.PSQLException: Connection to localhost:5432 refused. Check that the hostname and port are correct and that the postmaster is accepting TCP/IP connections.
	at java.net.PlainSocketImpl.socketConnect(Native Method)
	at java.net.AbstractPlainSocketImpl.doConnect(AbstractPlainSocketImpl.java:350)
	at java.net.AbstractPlainSocketImpl.connectToAddress(AbstractPlainSocketImpl.java:206)
	at java.net.AbstractPlainSocketImpl.connect(AbstractPlainSocketImpl.java:188)
	at java.net.SocksSocketImpl.connect(SocksSocketImpl.java:392)
	at java.net.Socket.connect(Socket.java:589)
	at org.postgresql.core.PGStream.<init>(PGStream.java:69)
	at org.postgresql.core.v3.ConnectionFactoryImpl.openConnectionImpl(ConnectionFactoryImpl.java:156)
	at org.postgresql.core.ConnectionFactory.openConnection(ConnectionFactory.java:49)
	at org.postgresql.jdbc.PgConnection.<init>(PgConnection.java:195)
	at org.postgresql.Driver.makeConnection(Driver.java:454)
	at org.postgresql.Driver.connect(Driver.java:256)
	at java.sql.DriverManager.getConnection(DriverManager.java:664)
	at java.sql.DriverManager.getConnection(DriverManager.java:208)
	at org.postgresql.test.TestUtil.openDB(TestUtil.java:312)
	at org.postgresql.test.jdbc2.BaseTest4.setUp(BaseTest4.java:83)
	at org.postgresql.test.jdbc3.GeneratedKeysTest.setUp(GeneratedKeysTest.java:92)
]]></error>
  </testcase>
  <testcase name="testSerialWorks[returningInQuery = NO, binary = REGULAR]" classname="org.postgresql.test.jdbc3.GeneratedKeysTest" time="0">
    <error type="java.lang.NullPointerException:">java.lang.NullPointerException: null
	at org.postgresql.test.TestUtil.dropTable(TestUtil.java:517)
	at org.postgresql.test.jdbc3.GeneratedKeysTest.tearDown(GeneratedKeysTest.java:98)
</error>
  </testcase>
  <testcase name="selectWithGeneratedKeysViaNonPrepared[returningInQuery = NO, binary = REGULAR]" classname="org.postgresql.test.jdbc3.GeneratedKeysTest" time="0">
    <error message="Connection to localhost:5432 refused. Check that the hostname and port are correct and that the postmaster is accepting TCP/IP connections." type="org.postgresql.util.PSQLException"><![CDATA[org.postgresql.util.PSQLException: Connection to localhost:5432 refused. Check that the hostname and port are correct and that the postmaster is accepting TCP/IP connections.
	at java.net.PlainSocketImpl.socketConnect(Native Method)
	at java.net.AbstractPlainSocketImpl.doConnect(AbstractPlainSocketImpl.java:350)
	at java.net.AbstractPlainSocketImpl.connectToAddress(AbstractPlainSocketImpl.java:206)
	at java.net.AbstractPlainSocketImpl.connect(AbstractPlainSocketImpl.java:188)
	at java.net.SocksSocketImpl.connect(SocksSocketImpl.java:392)
	at java.net.Socket.connect(Socket.java:589)
	at org.postgresql.core.PGStream.<init>(PGStream.java:69)
	at org.postgresql.core.v3.ConnectionFactoryImpl.openConnectionImpl(ConnectionFactoryImpl.java:156)
	at org.postgresql.core.ConnectionFactory.openConnection(ConnectionFactory.java:49)
	at org.postgresql.jdbc.PgConnection.<init>(PgConnection.java:195)
	at org.postgresql.Driver.makeConnection(Driver.java:454)
	at org.postgresql.Driver.connect(Driver.java:256)
	at java.sql.DriverManager.getConnection(DriverManager.java:664)
	at java.sql.DriverManager.getConnection(DriverManager.java:208)
	at org.postgresql.test.TestUtil.openDB(TestUtil.java:312)
	at org.postgresql.test.jdbc2.BaseTest4.setUp(BaseTest4.java:83)
	at org.postgresql.test.jdbc3.GeneratedKeysTest.setUp(GeneratedKeysTest.java:92)
]]></error>
  </testcase>
  <testcase name="selectWithGeneratedKeysViaNonPrepared[returningInQuery = NO, binary = REGULAR]" classname="org.postgresql.test.jdbc3.GeneratedKeysTest" time="0">
    <error type="java.lang.NullPointerException:">java.lang.NullPointerException: null
	at org.postgresql.test.TestUtil.dropTable(TestUtil.java:517)
	at org.postgresql.test.jdbc3.GeneratedKeysTest.tearDown(GeneratedKeysTest.java:98)
</error>
  </testcase>
  <testcase name="testGeneratedKeysCleared[returningInQuery = NO, binary = REGULAR]" classname="org.postgresql.test.jdbc3.GeneratedKeysTest" time="0">
    <error message="Connection to localhost:5432 refused. Check that the hostname and port are correct and that the postmaster is accepting TCP/IP connections." type="org.postgresql.util.PSQLException"><![CDATA[org.postgresql.util.PSQLException: Connection to localhost:5432 refused. Check that the hostname and port are correct and that the postmaster is accepting TCP/IP connections.
	at java.net.PlainSocketImpl.socketConnect(Native Method)
	at java.net.AbstractPlainSocketImpl.doConnect(AbstractPlainSocketImpl.java:350)
	at java.net.AbstractPlainSocketImpl.connectToAddress(AbstractPlainSocketImpl.java:206)
	at java.net.AbstractPlainSocketImpl.connect(AbstractPlainSocketImpl.java:188)
	at java.net.SocksSocketImpl.connect(SocksSocketImpl.java:392)
	at java.net.Socket.connect(Socket.java:589)
	at org.postgresql.core.PGStream.<init>(PGStream.java:69)
	at org.postgresql.core.v3.ConnectionFactoryImpl.openConnectionImpl(ConnectionFactoryImpl.java:156)
	at org.postgresql.core.ConnectionFactory.openConnection(ConnectionFactory.java:49)
	at org.postgresql.jdbc.PgConnection.<init>(PgConnection.java:195)
	at org.postgresql.Driver.makeConnection(Driver.java:454)
	at org.postgresql.Driver.connect(Driver.java:256)
	at java.sql.DriverManager.getConnection(DriverManager.java:664)
	at java.sql.DriverManager.getConnection(DriverManager.java:208)
	at org.postgresql.test.TestUtil.openDB(TestUtil.java:312)
	at org.postgresql.test.jdbc2.BaseTest4.setUp(BaseTest4.java:83)
	at org.postgresql.test.jdbc3.GeneratedKeysTest.setUp(GeneratedKeysTest.java:92)
]]></error>
  </testcase>
  <testcase name="testGeneratedKeysCleared[returningInQuery = NO, binary = REGULAR]" classname="org.postgresql.test.jdbc3.GeneratedKeysTest" time="0">
    <error type="java.lang.NullPointerException:">java.lang.NullPointerException: null
	at org.postgresql.test.TestUtil.dropTable(TestUtil.java:517)
	at org.postgresql.test.jdbc3.GeneratedKeysTest.tearDown(GeneratedKeysTest.java:98)
</error>
  </testcase>
  <testcase name="testBatchGeneratedKeys[returningInQuery = NO, binary = REGULAR]" classname="org.postgresql.test.jdbc3.GeneratedKeysTest" time="0">
    <error message="Connection to localhost:5432 refused. Check that the hostname and port are correct and that the postmaster is accepting TCP/IP connections." type="org.postgresql.util.PSQLException"><![CDATA[org.postgresql.util.PSQLException: Connection to localhost:5432 refused. Check that the hostname and port are correct and that the postmaster is accepting TCP/IP connections.
	at java.net.PlainSocketImpl.socketConnect(Native Method)
	at java.net.AbstractPlainSocketImpl.doConnect(AbstractPlainSocketImpl.java:350)
	at java.net.AbstractPlainSocketImpl.connectToAddress(AbstractPlainSocketImpl.java:206)
	at java.net.AbstractPlainSocketImpl.connect(AbstractPlainSocketImpl.java:188)
	at java.net.SocksSocketImpl.connect(SocksSocketImpl.java:392)
	at java.net.Socket.connect(Socket.java:589)
	at org.postgresql.core.PGStream.<init>(PGStream.java:69)
	at org.postgresql.core.v3.ConnectionFactoryImpl.openConnectionImpl(ConnectionFactoryImpl.java:156)
	at org.postgresql.core.ConnectionFactory.openConnection(ConnectionFactory.java:49)
	at org.postgresql.jdbc.PgConnection.<init>(PgConnection.java:195)
	at org.postgresql.Driver.makeConnection(Driver.java:454)
	at org.postgresql.Driver.connect(Driver.java:256)
	at java.sql.DriverManager.getConnection(DriverManager.java:664)
	at java.sql.DriverManager.getConnection(DriverManager.java:208)
	at org.postgresql.test.TestUtil.openDB(TestUtil.java:312)
	at org.postgresql.test.jdbc2.BaseTest4.setUp(BaseTest4.java:83)
	at org.postgresql.test.jdbc3.GeneratedKeysTest.setUp(GeneratedKeysTest.java:92)
]]></error>
  </testcase>
  <testcase name="testBatchGeneratedKeys[returningInQuery = NO, binary = REGULAR]" classname="org.postgresql.test.jdbc3.GeneratedKeysTest" time="0">
    <error type="java.lang.NullPointerException:">java.lang.NullPointerException: null
	at org.postgresql.test.TestUtil.dropTable(TestUtil.java:517)
	at org.postgresql.test.jdbc3.GeneratedKeysTest.tearDown(GeneratedKeysTest.java:98)
</error>
  </testcase>
  <testcase name="testGeneratedKeys[returningInQuery = NO, binary = REGULAR]" classname="org.postgresql.test.jdbc3.GeneratedKeysTest" time="0">
    <error message="Connection to localhost:5432 refused. Check that the hostname and port are correct and that the postmaster is accepting TCP/IP connections." type="org.postgresql.util.PSQLException"><![CDATA[org.postgresql.util.PSQLException: Connection to localhost:5432 refused. Check that the hostname and port are correct and that the postmaster is accepting TCP/IP connections.
	at java.net.PlainSocketImpl.socketConnect(Native Method)
	at java.net.AbstractPlainSocketImpl.doConnect(AbstractPlainSocketImpl.java:350)
	at java.net.AbstractPlainSocketImpl.connectToAddress(AbstractPlainSocketImpl.java:206)
	at java.net.AbstractPlainSocketImpl.connect(AbstractPlainSocketImpl.java:188)
	at java.net.SocksSocketImpl.connect(SocksSocketImpl.java:392)
	at java.net.Socket.connect(Socket.java:589)
	at org.postgresql.core.PGStream.<init>(PGStream.java:69)
	at org.postgresql.core.v3.ConnectionFactoryImpl.openConnectionImpl(ConnectionFactoryImpl.java:156)
	at org.postgresql.core.ConnectionFactory.openConnection(ConnectionFactory.java:49)
	at org.postgresql.jdbc.PgConnection.<init>(PgConnection.java:195)
	at org.postgresql.Driver.makeConnection(Driver.java:454)
	at org.postgresql.Driver.connect(Driver.java:256)
	at java.sql.DriverManager.getConnection(DriverManager.java:664)
	at java.sql.DriverManager.getConnection(DriverManager.java:208)
	at org.postgresql.test.TestUtil.openDB(TestUtil.java:312)
	at org.postgresql.test.jdbc2.BaseTest4.setUp(BaseTest4.java:83)
	at org.postgresql.test.jdbc3.GeneratedKeysTest.setUp(GeneratedKeysTest.java:92)
]]></error>
  </testcase>
  <testcase name="testGeneratedKeys[returningInQuery = NO, binary = REGULAR]" classname="org.postgresql.test.jdbc3.GeneratedKeysTest" time="0">
    <error type="java.lang.NullPointerException:">java.lang.NullPointerException: null
	at org.postgresql.test.TestUtil.dropTable(TestUtil.java:517)
	at org.postgresql.test.jdbc3.GeneratedKeysTest.tearDown(GeneratedKeysTest.java:98)
</error>
  </testcase>
  <testcase name="testWithInsertInsert[returningInQuery = NO, binary = REGULAR]" classname="org.postgresql.test.jdbc3.GeneratedKeysTest" time="0">
    <error message="Connection to localhost:5432 refused. Check that the hostname and port are correct and that the postmaster is accepting TCP/IP connections." type="org.postgresql.util.PSQLException"><![CDATA[org.postgresql.util.PSQLException: Connection to localhost:5432 refused. Check that the hostname and port are correct and that the postmaster is accepting TCP/IP connections.
	at java.net.PlainSocketImpl.socketConnect(Native Method)
	at java.net.AbstractPlainSocketImpl.doConnect(AbstractPlainSocketImpl.java:350)
	at java.net.AbstractPlainSocketImpl.connectToAddress(AbstractPlainSocketImpl.java:206)
	at java.net.AbstractPlainSocketImpl.connect(AbstractPlainSocketImpl.java:188)
	at java.net.SocksSocketImpl.connect(SocksSocketImpl.java:392)
	at java.net.Socket.connect(Socket.java:589)
	at org.postgresql.core.PGStream.<init>(PGStream.java:69)
	at org.postgresql.core.v3.ConnectionFactoryImpl.openConnectionImpl(ConnectionFactoryImpl.java:156)
	at org.postgresql.core.ConnectionFactory.openConnection(ConnectionFactory.java:49)
	at org.postgresql.jdbc.PgConnection.<init>(PgConnection.java:195)
	at org.postgresql.Driver.makeConnection(Driver.java:454)
	at org.postgresql.Driver.connect(Driver.java:256)
	at java.sql.DriverManager.getConnection(DriverManager.java:664)
	at java.sql.DriverManager.getConnection(DriverManager.java:208)
	at org.postgresql.test.TestUtil.openDB(TestUtil.java:312)
	at org.postgresql.test.jdbc2.BaseTest4.setUp(BaseTest4.java:83)
	at org.postgresql.test.jdbc3.GeneratedKeysTest.setUp(GeneratedKeysTest.java:92)
]]></error>
  </testcase>
  <testcase name="testWithInsertInsert[returningInQuery = NO, binary = REGULAR]" classname="org.postgresql.test.jdbc3.GeneratedKeysTest" time="0">
    <error type="java.lang.NullPointerException:">java.lang.NullPointerException: null
	at org.postgresql.test.TestUtil.dropTable(TestUtil.java:517)
	at org.postgresql.test.jdbc3.GeneratedKeysTest.tearDown(GeneratedKeysTest.java:98)
</error>
  </testcase>
  <testcase name="testWithInsertSelect[returningInQuery = NO, binary = REGULAR]" classname="org.postgresql.test.jdbc3.GeneratedKeysTest" time="0">
    <error message="Connection to localhost:5432 refused. Check that the hostname and port are correct and that the postmaster is accepting TCP/IP connections." type="org.postgresql.util.PSQLException"><![CDATA[org.postgresql.util.PSQLException: Connection to localhost:5432 refused. Check that the hostname and port are correct and that the postmaster is accepting TCP/IP connections.
	at java.net.PlainSocketImpl.socketConnect(Native Method)
	at java.net.AbstractPlainSocketImpl.doConnect(AbstractPlainSocketImpl.java:350)
	at java.net.AbstractPlainSocketImpl.connectToAddress(AbstractPlainSocketImpl.java:206)
	at java.net.AbstractPlainSocketImpl.connect(AbstractPlainSocketImpl.java:188)
	at java.net.SocksSocketImpl.connect(SocksSocketImpl.java:392)
	at java.net.Socket.connect(Socket.java:589)
	at org.postgresql.core.PGStream.<init>(PGStream.java:69)
	at org.postgresql.core.v3.ConnectionFactoryImpl.openConnectionImpl(ConnectionFactoryImpl.java:156)
	at org.postgresql.core.ConnectionFactory.openConnection(ConnectionFactory.java:49)
	at org.postgresql.jdbc.PgConnection.<init>(PgConnection.java:195)
	at org.postgresql.Driver.makeConnection(Driver.java:454)
	at org.postgresql.Driver.connect(Driver.java:256)
	at java.sql.DriverManager.getConnection(DriverManager.java:664)
	at java.sql.DriverManager.getConnection(DriverManager.java:208)
	at org.postgresql.test.TestUtil.openDB(TestUtil.java:312)
	at org.postgresql.test.jdbc2.BaseTest4.setUp(BaseTest4.java:83)
	at org.postgresql.test.jdbc3.GeneratedKeysTest.setUp(GeneratedKeysTest.java:92)
]]></error>
  </testcase>
  <testcase name="testWithInsertSelect[returningInQuery = NO, binary = REGULAR]" classname="org.postgresql.test.jdbc3.GeneratedKeysTest" time="0">
    <error type="java.lang.NullPointerException:">java.lang.NullPointerException: null
	at org.postgresql.test.TestUtil.dropTable(TestUtil.java:517)
	at org.postgresql.test.jdbc3.GeneratedKeysTest.tearDown(GeneratedKeysTest.java:98)
</error>
  </testcase>
  <testcase name="testCloseStatementClosesRS[returningInQuery = NO, binary = REGULAR]" classname="org.postgresql.test.jdbc3.GeneratedKeysTest" time="0">
    <error message="Connection to localhost:5432 refused. Check that the hostname and port are correct and that the postmaster is accepting TCP/IP connections." type="org.postgresql.util.PSQLException"><![CDATA[org.postgresql.util.PSQLException: Connection to localhost:5432 refused. Check that the hostname and port are correct and that the postmaster is accepting TCP/IP connections.
	at java.net.PlainSocketImpl.socketConnect(Native Method)
	at java.net.AbstractPlainSocketImpl.doConnect(AbstractPlainSocketImpl.java:350)
	at java.net.AbstractPlainSocketImpl.connectToAddress(AbstractPlainSocketImpl.java:206)
	at java.net.AbstractPlainSocketImpl.connect(AbstractPlainSocketImpl.java:188)
	at java.net.SocksSocketImpl.connect(SocksSocketImpl.java:392)
	at java.net.Socket.connect(Socket.java:589)
	at org.postgresql.core.PGStream.<init>(PGStream.java:69)
	at org.postgresql.core.v3.ConnectionFactoryImpl.openConnectionImpl(ConnectionFactoryImpl.java:156)
	at org.postgresql.core.ConnectionFactory.openConnection(ConnectionFactory.java:49)
	at org.postgresql.jdbc.PgConnection.<init>(PgConnection.java:195)
	at org.postgresql.Driver.makeConnection(Driver.java:454)
	at org.postgresql.Driver.connect(Driver.java:256)
	at java.sql.DriverManager.getConnection(DriverManager.java:664)
	at java.sql.DriverManager.getConnection(DriverManager.java:208)
	at org.postgresql.test.TestUtil.openDB(TestUtil.java:312)
	at org.postgresql.test.jdbc2.BaseTest4.setUp(BaseTest4.java:83)
	at org.postgresql.test.jdbc3.GeneratedKeysTest.setUp(GeneratedKeysTest.java:92)
]]></error>
  </testcase>
  <testcase name="testCloseStatementClosesRS[returningInQuery = NO, binary = REGULAR]" classname="org.postgresql.test.jdbc3.GeneratedKeysTest" time="0">
    <error type="java.lang.NullPointerException:">java.lang.NullPointerException: null
	at org.postgresql.test.TestUtil.dropTable(TestUtil.java:517)
	at org.postgresql.test.jdbc3.GeneratedKeysTest.tearDown(GeneratedKeysTest.java:98)
</error>
  </testcase>
  <testcase name="selectWithGeneratedKeysViaPreparedExecute[returningInQuery = NO, binary = REGULAR]" classname="org.postgresql.test.jdbc3.GeneratedKeysTest" time="0">
    <error message="Connection to localhost:5432 refused. Check that the hostname and port are correct and that the postmaster is accepting TCP/IP connections." type="org.postgresql.util.PSQLException"><![CDATA[org.postgresql.util.PSQLException: Connection to localhost:5432 refused. Check that the hostname and port are correct and that the postmaster is accepting TCP/IP connections.
	at java.net.PlainSocketImpl.socketConnect(Native Method)
	at java.net.AbstractPlainSocketImpl.doConnect(AbstractPlainSocketImpl.java:350)
	at java.net.AbstractPlainSocketImpl.connectToAddress(AbstractPlainSocketImpl.java:206)
	at java.net.AbstractPlainSocketImpl.connect(AbstractPlainSocketImpl.java:188)
	at java.net.SocksSocketImpl.connect(SocksSocketImpl.java:392)
	at java.net.Socket.connect(Socket.java:589)
	at org.postgresql.core.PGStream.<init>(PGStream.java:69)
	at org.postgresql.core.v3.ConnectionFactoryImpl.openConnectionImpl(ConnectionFactoryImpl.java:156)
	at org.postgresql.core.ConnectionFactory.openConnection(ConnectionFactory.java:49)
	at org.postgresql.jdbc.PgConnection.<init>(PgConnection.java:195)
	at org.postgresql.Driver.makeConnection(Driver.java:454)
	at org.postgresql.Driver.connect(Driver.java:256)
	at java.sql.DriverManager.getConnection(DriverManager.java:664)
	at java.sql.DriverManager.getConnection(DriverManager.java:208)
	at org.postgresql.test.TestUtil.openDB(TestUtil.java:312)
	at org.postgresql.test.jdbc2.BaseTest4.setUp(BaseTest4.java:83)
	at org.postgresql.test.jdbc3.GeneratedKeysTest.setUp(GeneratedKeysTest.java:92)
]]></error>
  </testcase>
  <testcase name="selectWithGeneratedKeysViaPreparedExecute[returningInQuery = NO, binary = REGULAR]" classname="org.postgresql.test.jdbc3.GeneratedKeysTest" time="0.001">
    <error type="java.lang.NullPointerException:">java.lang.NullPointerException: null
	at org.postgresql.test.TestUtil.dropTable(TestUtil.java:517)
	at org.postgresql.test.jdbc3.GeneratedKeysTest.tearDown(GeneratedKeysTest.java:98)
</error>
  </testcase>
  <testcase name="selectWithGeneratedKeysViaPreparedExecuteQuery[returningInQuery = NO, binary = REGULAR]" classname="org.postgresql.test.jdbc3.GeneratedKeysTest" time="0">
    <error message="Connection to localhost:5432 refused. Check that the hostname and port are correct and that the postmaster is accepting TCP/IP connections." type="org.postgresql.util.PSQLException"><![CDATA[org.postgresql.util.PSQLException: Connection to localhost:5432 refused. Check that the hostname and port are correct and that the postmaster is accepting TCP/IP connections.
	at java.net.PlainSocketImpl.socketConnect(Native Method)
	at java.net.AbstractPlainSocketImpl.doConnect(AbstractPlainSocketImpl.java:350)
	at java.net.AbstractPlainSocketImpl.connectToAddress(AbstractPlainSocketImpl.java:206)
	at java.net.AbstractPlainSocketImpl.connect(AbstractPlainSocketImpl.java:188)
	at java.net.SocksSocketImpl.connect(SocksSocketImpl.java:392)
	at java.net.Socket.connect(Socket.java:589)
	at org.postgresql.core.PGStream.<init>(PGStream.java:69)
	at org.postgresql.core.v3.ConnectionFactoryImpl.openConnectionImpl(ConnectionFactoryImpl.java:156)
	at org.postgresql.core.ConnectionFactory.openConnection(ConnectionFactory.java:49)
	at org.postgresql.jdbc.PgConnection.<init>(PgConnection.java:195)
	at org.postgresql.Driver.makeConnection(Driver.java:454)
	at org.postgresql.Driver.connect(Driver.java:256)
	at java.sql.DriverManager.getConnection(DriverManager.java:664)
	at java.sql.DriverManager.getConnection(DriverManager.java:208)
	at org.postgresql.test.TestUtil.openDB(TestUtil.java:312)
	at org.postgresql.test.jdbc2.BaseTest4.setUp(BaseTest4.java:83)
	at org.postgresql.test.jdbc3.GeneratedKeysTest.setUp(GeneratedKeysTest.java:92)
]]></error>
  </testcase>
  <testcase name="selectWithGeneratedKeysViaPreparedExecuteQuery[returningInQuery = NO, binary = REGULAR]" classname="org.postgresql.test.jdbc3.GeneratedKeysTest" time="0">
    <error type="java.lang.NullPointerException:">java.lang.NullPointerException: null
	at org.postgresql.test.TestUtil.dropTable(TestUtil.java:517)
	at org.postgresql.test.jdbc3.GeneratedKeysTest.tearDown(GeneratedKeysTest.java:98)
</error>
  </testcase>
  <testcase name="testReturningWithTrailingSemicolon[returningInQuery = NO, binary = REGULAR]" classname="org.postgresql.test.jdbc3.GeneratedKeysTest" time="0">
    <error message="Connection to localhost:5432 refused. Check that the hostname and port are correct and that the postmaster is accepting TCP/IP connections." type="org.postgresql.util.PSQLException"><![CDATA[org.postgresql.util.PSQLException: Connection to localhost:5432 refused. Check that the hostname and port are correct and that the postmaster is accepting TCP/IP connections.
	at java.net.PlainSocketImpl.socketConnect(Native Method)
	at java.net.AbstractPlainSocketImpl.doConnect(AbstractPlainSocketImpl.java:350)
	at java.net.AbstractPlainSocketImpl.connectToAddress(AbstractPlainSocketImpl.java:206)
	at java.net.AbstractPlainSocketImpl.connect(AbstractPlainSocketImpl.java:188)
	at java.net.SocksSocketImpl.connect(SocksSocketImpl.java:392)
	at java.net.Socket.connect(Socket.java:589)
	at org.postgresql.core.PGStream.<init>(PGStream.java:69)
	at org.postgresql.core.v3.ConnectionFactoryImpl.openConnectionImpl(ConnectionFactoryImpl.java:156)
	at org.postgresql.core.ConnectionFactory.openConnection(ConnectionFactory.java:49)
	at org.postgresql.jdbc.PgConnection.<init>(PgConnection.java:195)
	at org.postgresql.Driver.makeConnection(Driver.java:454)
	at org.postgresql.Driver.connect(Driver.java:256)
	at java.sql.DriverManager.getConnection(DriverManager.java:664)
	at java.sql.DriverManager.getConnection(DriverManager.java:208)
	at org.postgresql.test.TestUtil.openDB(TestUtil.java:312)
	at org.postgresql.test.jdbc2.BaseTest4.setUp(BaseTest4.java:83)
	at org.postgresql.test.jdbc3.GeneratedKeysTest.setUp(GeneratedKeysTest.java:92)
]]></error>
  </testcase>
  <testcase name="testReturningWithTrailingSemicolon[returningInQuery = NO, binary = REGULAR]" classname="org.postgresql.test.jdbc3.GeneratedKeysTest" time="0">
    <error type="java.lang.NullPointerException:">java.lang.NullPointerException: null
	at org.postgresql.test.TestUtil.dropTable(TestUtil.java:517)
	at org.postgresql.test.jdbc3.GeneratedKeysTest.tearDown(GeneratedKeysTest.java:98)
</error>
  </testcase>
  <testcase name="testPSDelete[returningInQuery = NO, binary = REGULAR]" classname="org.postgresql.test.jdbc3.GeneratedKeysTest" time="0">
    <error message="Connection to localhost:5432 refused. Check that the hostname and port are correct and that the postmaster is accepting TCP/IP connections." type="org.postgresql.util.PSQLException"><![CDATA[org.postgresql.util.PSQLException: Connection to localhost:5432 refused. Check that the hostname and port are correct and that the postmaster is accepting TCP/IP connections.
	at java.net.PlainSocketImpl.socketConnect(Native Method)
	at java.net.AbstractPlainSocketImpl.doConnect(AbstractPlainSocketImpl.java:350)
	at java.net.AbstractPlainSocketImpl.connectToAddress(AbstractPlainSocketImpl.java:206)
	at java.net.AbstractPlainSocketImpl.connect(AbstractPlainSocketImpl.java:188)
	at java.net.SocksSocketImpl.connect(SocksSocketImpl.java:392)
	at java.net.Socket.connect(Socket.java:589)
	at org.postgresql.core.PGStream.<init>(PGStream.java:69)
	at org.postgresql.core.v3.ConnectionFactoryImpl.openConnectionImpl(ConnectionFactoryImpl.java:156)
	at org.postgresql.core.ConnectionFactory.openConnection(ConnectionFactory.java:49)
	at org.postgresql.jdbc.PgConnection.<init>(PgConnection.java:195)
	at org.postgresql.Driver.makeConnection(Driver.java:454)
	at org.postgresql.Driver.connect(Driver.java:256)
	at java.sql.DriverManager.getConnection(DriverManager.java:664)
	at java.sql.DriverManager.getConnection(DriverManager.java:208)
	at org.postgresql.test.TestUtil.openDB(TestUtil.java:312)
	at org.postgresql.test.jdbc2.BaseTest4.setUp(BaseTest4.java:83)
	at org.postgresql.test.jdbc3.GeneratedKeysTest.setUp(GeneratedKeysTest.java:92)
]]></error>
  </testcase>
  <testcase name="testPSDelete[returningInQuery = NO, binary = REGULAR]" classname="org.postgresql.test.jdbc3.GeneratedKeysTest" time="0">
    <error type="java.lang.NullPointerException:">java.lang.NullPointerException: null
	at org.postgresql.test.TestUtil.dropTable(TestUtil.java:517)
	at org.postgresql.test.jdbc3.GeneratedKeysTest.tearDown(GeneratedKeysTest.java:98)
</error>
  </testcase>
  <testcase name="testDelete[returningInQuery = NO, binary = REGULAR]" classname="org.postgresql.test.jdbc3.GeneratedKeysTest" time="0">
    <error message="Connection to localhost:5432 refused. Check that the hostname and port are correct and that the postmaster is accepting TCP/IP connections." type="org.postgresql.util.PSQLException"><![CDATA[org.postgresql.util.PSQLException: Connection to localhost:5432 refused. Check that the hostname and port are correct and that the postmaster is accepting TCP/IP connections.
	at java.net.PlainSocketImpl.socketConnect(Native Method)
	at java.net.AbstractPlainSocketImpl.doConnect(AbstractPlainSocketImpl.java:350)
	at java.net.AbstractPlainSocketImpl.connectToAddress(AbstractPlainSocketImpl.java:206)
	at java.net.AbstractPlainSocketImpl.connect(AbstractPlainSocketImpl.java:188)
	at java.net.SocksSocketImpl.connect(SocksSocketImpl.java:392)
	at java.net.Socket.connect(Socket.java:589)
	at org.postgresql.core.PGStream.<init>(PGStream.java:69)
	at org.postgresql.core.v3.ConnectionFactoryImpl.openConnectionImpl(ConnectionFactoryImpl.java:156)
	at org.postgresql.core.ConnectionFactory.openConnection(ConnectionFactory.java:49)
	at org.postgresql.jdbc.PgConnection.<init>(PgConnection.java:195)
	at org.postgresql.Driver.makeConnection(Driver.java:454)
	at org.postgresql.Driver.connect(Driver.java:256)
	at java.sql.DriverManager.getConnection(DriverManager.java:664)
	at java.sql.DriverManager.getConnection(DriverManager.java:208)
	at org.postgresql.test.TestUtil.openDB(TestUtil.java:312)
	at org.postgresql.test.jdbc2.BaseTest4.setUp(BaseTest4.java:83)
	at org.postgresql.test.jdbc3.GeneratedKeysTest.setUp(GeneratedKeysTest.java:92)
]]></error>
  </testcase>
  <testcase name="testDelete[returningInQuery = NO, binary = REGULAR]" classname="org.postgresql.test.jdbc3.GeneratedKeysTest" time="0">
    <error type="java.lang.NullPointerException:">java.lang.NullPointerException: null
	at org.postgresql.test.TestUtil.dropTable(TestUtil.java:517)
	at org.postgresql.test.jdbc3.GeneratedKeysTest.tearDown(GeneratedKeysTest.java:98)
</error>
  </testcase>
  <testcase name="testMultipleRows[returningInQuery = NO, binary = REGULAR]" classname="org.postgresql.test.jdbc3.GeneratedKeysTest" time="0">
    <error message="Connection to localhost:5432 refused. Check that the hostname and port are correct and that the postmaster is accepting TCP/IP connections." type="org.postgresql.util.PSQLException"><![CDATA[org.postgresql.util.PSQLException: Connection to localhost:5432 refused. Check that the hostname and port are correct and that the postmaster is accepting TCP/IP connections.
	at java.net.PlainSocketImpl.socketConnect(Native Method)
	at java.net.AbstractPlainSocketImpl.doConnect(AbstractPlainSocketImpl.java:350)
	at java.net.AbstractPlainSocketImpl.connectToAddress(AbstractPlainSocketImpl.java:206)
	at java.net.AbstractPlainSocketImpl.connect(AbstractPlainSocketImpl.java:188)
	at java.net.SocksSocketImpl.connect(SocksSocketImpl.java:392)
	at java.net.Socket.connect(Socket.java:589)
	at org.postgresql.core.PGStream.<init>(PGStream.java:69)
	at org.postgresql.core.v3.ConnectionFactoryImpl.openConnectionImpl(ConnectionFactoryImpl.java:156)
	at org.postgresql.core.ConnectionFactory.openConnection(ConnectionFactory.java:49)
	at org.postgresql.jdbc.PgConnection.<init>(PgConnection.java:195)
	at org.postgresql.Driver.makeConnection(Driver.java:454)
	at org.postgresql.Driver.connect(Driver.java:256)
	at java.sql.DriverManager.getConnection(DriverManager.java:664)
	at java.sql.DriverManager.getConnection(DriverManager.java:208)
	at org.postgresql.test.TestUtil.openDB(TestUtil.java:312)
	at org.postgresql.test.jdbc2.BaseTest4.setUp(BaseTest4.java:83)
	at org.postgresql.test.jdbc3.GeneratedKeysTest.setUp(GeneratedKeysTest.java:92)
]]></error>
  </testcase>
  <testcase name="testMultipleRows[returningInQuery = NO, binary = REGULAR]" classname="org.postgresql.test.jdbc3.GeneratedKeysTest" time="0">
    <error type="java.lang.NullPointerException:">java.lang.NullPointerException: null
	at org.postgresql.test.TestUtil.dropTable(TestUtil.java:517)
	at org.postgresql.test.jdbc3.GeneratedKeysTest.tearDown(GeneratedKeysTest.java:98)
</error>
  </testcase>
  <testcase name="testPSUpdate[returningInQuery = NO, binary = REGULAR]" classname="org.postgresql.test.jdbc3.GeneratedKeysTest" time="0">
    <error message="Connection to localhost:5432 refused. Check that the hostname and port are correct and that the postmaster is accepting TCP/IP connections." type="org.postgresql.util.PSQLException"><![CDATA[org.postgresql.util.PSQLException: Connection to localhost:5432 refused. Check that the hostname and port are correct and that the postmaster is accepting TCP/IP connections.
	at java.net.PlainSocketImpl.socketConnect(Native Method)
	at java.net.AbstractPlainSocketImpl.doConnect(AbstractPlainSocketImpl.java:350)
	at java.net.AbstractPlainSocketImpl.connectToAddress(AbstractPlainSocketImpl.java:206)
	at java.net.AbstractPlainSocketImpl.connect(AbstractPlainSocketImpl.java:188)
	at java.net.SocksSocketImpl.connect(SocksSocketImpl.java:392)
	at java.net.Socket.connect(Socket.java:589)
	at org.postgresql.core.PGStream.<init>(PGStream.java:69)
	at org.postgresql.core.v3.ConnectionFactoryImpl.openConnectionImpl(ConnectionFactoryImpl.java:156)
	at org.postgresql.core.ConnectionFactory.openConnection(ConnectionFactory.java:49)
	at org.postgresql.jdbc.PgConnection.<init>(PgConnection.java:195)
	at org.postgresql.Driver.makeConnection(Driver.java:454)
	at org.postgresql.Driver.connect(Driver.java:256)
	at java.sql.DriverManager.getConnection(DriverManager.java:664)
	at java.sql.DriverManager.getConnection(DriverManager.java:208)
	at org.postgresql.test.TestUtil.openDB(TestUtil.java:312)
	at org.postgresql.test.jdbc2.BaseTest4.setUp(BaseTest4.java:83)
	at org.postgresql.test.jdbc3.GeneratedKeysTest.setUp(GeneratedKeysTest.java:92)
]]></error>
  </testcase>
  <testcase name="testPSUpdate[returningInQuery = NO, binary = REGULAR]" classname="org.postgresql.test.jdbc3.GeneratedKeysTest" time="0">
    <error type="java.lang.NullPointerException:">java.lang.NullPointerException: null
	at org.postgresql.test.TestUtil.dropTable(TestUtil.java:517)
	at org.postgresql.test.jdbc3.GeneratedKeysTest.tearDown(GeneratedKeysTest.java:98)
</error>
  </testcase>
  <testcase name="breakDescribeOnFirstServerPreparedExecution[returningInQuery = NO, binary = REGULAR]" classname="org.postgresql.test.jdbc3.GeneratedKeysTest" time="0">
    <error message="Connection to localhost:5432 refused. Check that the hostname and port are correct and that the postmaster is accepting TCP/IP connections." type="org.postgresql.util.PSQLException"><![CDATA[org.postgresql.util.PSQLException: Connection to localhost:5432 refused. Check that the hostname and port are correct and that the postmaster is accepting TCP/IP connections.
	at java.net.PlainSocketImpl.socketConnect(Native Method)
	at java.net.AbstractPlainSocketImpl.doConnect(AbstractPlainSocketImpl.java:350)
	at java.net.AbstractPlainSocketImpl.connectToAddress(AbstractPlainSocketImpl.java:206)
	at java.net.AbstractPlainSocketImpl.connect(AbstractPlainSocketImpl.java:188)
	at java.net.SocksSocketImpl.connect(SocksSocketImpl.java:392)
	at java.net.Socket.connect(Socket.java:589)
	at org.postgresql.core.PGStream.<init>(PGStream.java:69)
	at org.postgresql.core.v3.ConnectionFactoryImpl.openConnectionImpl(ConnectionFactoryImpl.java:156)
	at org.postgresql.core.ConnectionFactory.openConnection(ConnectionFactory.java:49)
	at org.postgresql.jdbc.PgConnection.<init>(PgConnection.java:195)
	at org.postgresql.Driver.makeConnection(Driver.java:454)
	at org.postgresql.Driver.connect(Driver.java:256)
	at java.sql.DriverManager.getConnection(DriverManager.java:664)
	at java.sql.DriverManager.getConnection(DriverManager.java:208)
	at org.postgresql.test.TestUtil.openDB(TestUtil.java:312)
	at org.postgresql.test.jdbc2.BaseTest4.setUp(BaseTest4.java:83)
	at org.postgresql.test.jdbc3.GeneratedKeysTest.setUp(GeneratedKeysTest.java:92)
]]></error>
  </testcase>
  <testcase name="breakDescribeOnFirstServerPreparedExecution[returningInQuery = NO, binary = REGULAR]" classname="org.postgresql.test.jdbc3.GeneratedKeysTest" time="0">
    <error type="java.lang.NullPointerException:">java.lang.NullPointerException: null
	at org.postgresql.test.TestUtil.dropTable(TestUtil.java:517)
	at org.postgresql.test.jdbc3.GeneratedKeysTest.tearDown(GeneratedKeysTest.java:98)
</error>
  </testcase>
  <testcase name="testUpdate[returningInQuery = NO, binary = REGULAR]" classname="org.postgresql.test.jdbc3.GeneratedKeysTest" time="0">
    <error message="Connection to localhost:5432 refused. Check that the hostname and port are correct and that the postmaster is accepting TCP/IP connections." type="org.postgresql.util.PSQLException"><![CDATA[org.postgresql.util.PSQLException: Connection to localhost:5432 refused. Check that the hostname and port are correct and that the postmaster is accepting TCP/IP connections.
	at java.net.PlainSocketImpl.socketConnect(Native Method)
	at java.net.AbstractPlainSocketImpl.doConnect(AbstractPlainSocketImpl.java:350)
	at java.net.AbstractPlainSocketImpl.connectToAddress(AbstractPlainSocketImpl.java:206)
	at java.net.AbstractPlainSocketImpl.connect(AbstractPlainSocketImpl.java:188)
	at java.net.SocksSocketImpl.connect(SocksSocketImpl.java:392)
	at java.net.Socket.connect(Socket.java:589)
	at org.postgresql.core.PGStream.<init>(PGStream.java:69)
	at org.postgresql.core.v3.ConnectionFactoryImpl.openConnectionImpl(ConnectionFactoryImpl.java:156)
	at org.postgresql.core.ConnectionFactory.openConnection(ConnectionFactory.java:49)
	at org.postgresql.jdbc.PgConnection.<init>(PgConnection.java:195)
	at org.postgresql.Driver.makeConnection(Driver.java:454)
	at org.postgresql.Driver.connect(Driver.java:256)
	at java.sql.DriverManager.getConnection(DriverManager.java:664)
	at java.sql.DriverManager.getConnection(DriverManager.java:208)
	at org.postgresql.test.TestUtil.openDB(TestUtil.java:312)
	at org.postgresql.test.jdbc2.BaseTest4.setUp(BaseTest4.java:83)
	at org.postgresql.test.jdbc3.GeneratedKeysTest.setUp(GeneratedKeysTest.java:92)
]]></error>
  </testcase>
  <testcase name="testUpdate[returningInQuery = NO, binary = REGULAR]" classname="org.postgresql.test.jdbc3.GeneratedKeysTest" time="0">
    <error type="java.lang.NullPointerException:">java.lang.NullPointerException: null
	at org.postgresql.test.TestUtil.dropTable(TestUtil.java:517)
	at org.postgresql.test.jdbc3.GeneratedKeysTest.tearDown(GeneratedKeysTest.java:98)
</error>
  </testcase>
  <testcase name="testEmptyRSWithoutReturning[returningInQuery = NO, binary = REGULAR]" classname="org.postgresql.test.jdbc3.GeneratedKeysTest" time="0">
    <error message="Connection to localhost:5432 refused. Check that the hostname and port are correct and that the postmaster is accepting TCP/IP connections." type="org.postgresql.util.PSQLException"><![CDATA[org.postgresql.util.PSQLException: Connection to localhost:5432 refused. Check that the hostname and port are correct and that the postmaster is accepting TCP/IP connections.
	at java.net.PlainSocketImpl.socketConnect(Native Method)
	at java.net.AbstractPlainSocketImpl.doConnect(AbstractPlainSocketImpl.java:350)
	at java.net.AbstractPlainSocketImpl.connectToAddress(AbstractPlainSocketImpl.java:206)
	at java.net.AbstractPlainSocketImpl.connect(AbstractPlainSocketImpl.java:188)
	at java.net.SocksSocketImpl.connect(SocksSocketImpl.java:392)
	at java.net.Socket.connect(Socket.java:589)
	at org.postgresql.core.PGStream.<init>(PGStream.java:69)
	at org.postgresql.core.v3.ConnectionFactoryImpl.openConnectionImpl(ConnectionFactoryImpl.java:156)
	at org.postgresql.core.ConnectionFactory.openConnection(ConnectionFactory.java:49)
	at org.postgresql.jdbc.PgConnection.<init>(PgConnection.java:195)
	at org.postgresql.Driver.makeConnection(Driver.java:454)
	at org.postgresql.Driver.connect(Driver.java:256)
	at java.sql.DriverManager.getConnection(DriverManager.java:664)
	at java.sql.DriverManager.getConnection(DriverManager.java:208)
	at org.postgresql.test.TestUtil.openDB(TestUtil.java:312)
	at org.postgresql.test.jdbc2.BaseTest4.setUp(BaseTest4.java:83)
	at org.postgresql.test.jdbc3.GeneratedKeysTest.setUp(GeneratedKeysTest.java:92)
]]></error>
  </testcase>
  <testcase name="testEmptyRSWithoutReturning[returningInQuery = NO, binary = REGULAR]" classname="org.postgresql.test.jdbc3.GeneratedKeysTest" time="0">
    <error type="java.lang.NullPointerException:">java.lang.NullPointerException: null
	at org.postgresql.test.TestUtil.dropTable(TestUtil.java:517)
	at org.postgresql.test.jdbc3.GeneratedKeysTest.tearDown(GeneratedKeysTest.java:98)
</error>
  </testcase>
  <testcase name="testStatementUpdateCount[returningInQuery = NO, binary = FORCE]" classname="org.postgresql.test.jdbc3.GeneratedKeysTest" time="0">
    <error message="Connection to localhost:5432 refused. Check that the hostname and port are correct and that the postmaster is accepting TCP/IP connections." type="org.postgresql.util.PSQLException"><![CDATA[org.postgresql.util.PSQLException: Connection to localhost:5432 refused. Check that the hostname and port are correct and that the postmaster is accepting TCP/IP connections.
	at java.net.PlainSocketImpl.socketConnect(Native Method)
	at java.net.AbstractPlainSocketImpl.doConnect(AbstractPlainSocketImpl.java:350)
	at java.net.AbstractPlainSocketImpl.connectToAddress(AbstractPlainSocketImpl.java:206)
	at java.net.AbstractPlainSocketImpl.connect(AbstractPlainSocketImpl.java:188)
	at java.net.SocksSocketImpl.connect(SocksSocketImpl.java:392)
	at java.net.Socket.connect(Socket.java:589)
	at org.postgresql.core.PGStream.<init>(PGStream.java:69)
	at org.postgresql.core.v3.ConnectionFactoryImpl.openConnectionImpl(ConnectionFactoryImpl.java:156)
	at org.postgresql.core.ConnectionFactory.openConnection(ConnectionFactory.java:49)
	at org.postgresql.jdbc.PgConnection.<init>(PgConnection.java:195)
	at org.postgresql.Driver.makeConnection(Driver.java:454)
	at org.postgresql.Driver.connect(Driver.java:256)
	at java.sql.DriverManager.getConnection(DriverManager.java:664)
	at java.sql.DriverManager.getConnection(DriverManager.java:208)
	at org.postgresql.test.TestUtil.openDB(TestUtil.java:312)
	at org.postgresql.test.jdbc2.BaseTest4.setUp(BaseTest4.java:83)
	at org.postgresql.test.jdbc3.GeneratedKeysTest.setUp(GeneratedKeysTest.java:92)
]]></error>
  </testcase>
  <testcase name="testStatementUpdateCount[returningInQuery = NO, binary = FORCE]" classname="org.postgresql.test.jdbc3.GeneratedKeysTest" time="0">
    <error type="java.lang.NullPointerException:">java.lang.NullPointerException: null
	at org.postgresql.test.TestUtil.dropTable(TestUtil.java:517)
	at org.postgresql.test.jdbc3.GeneratedKeysTest.tearDown(GeneratedKeysTest.java:98)
</error>
  </testcase>
  <testcase name="testSerialWorks[returningInQuery = NO, binary = FORCE]" classname="org.postgresql.test.jdbc3.GeneratedKeysTest" time="0">
    <error message="Connection to localhost:5432 refused. Check that the hostname and port are correct and that the postmaster is accepting TCP/IP connections." type="org.postgresql.util.PSQLException"><![CDATA[org.postgresql.util.PSQLException: Connection to localhost:5432 refused. Check that the hostname and port are correct and that the postmaster is accepting TCP/IP connections.
	at java.net.PlainSocketImpl.socketConnect(Native Method)
	at java.net.AbstractPlainSocketImpl.doConnect(AbstractPlainSocketImpl.java:350)
	at java.net.AbstractPlainSocketImpl.connectToAddress(AbstractPlainSocketImpl.java:206)
	at java.net.AbstractPlainSocketImpl.connect(AbstractPlainSocketImpl.java:188)
	at java.net.SocksSocketImpl.connect(SocksSocketImpl.java:392)
	at java.net.Socket.connect(Socket.java:589)
	at org.postgresql.core.PGStream.<init>(PGStream.java:69)
	at org.postgresql.core.v3.ConnectionFactoryImpl.openConnectionImpl(ConnectionFactoryImpl.java:156)
	at org.postgresql.core.ConnectionFactory.openConnection(ConnectionFactory.java:49)
	at org.postgresql.jdbc.PgConnection.<init>(PgConnection.java:195)
	at org.postgresql.Driver.makeConnection(Driver.java:454)
	at org.postgresql.Driver.connect(Driver.java:256)
	at java.sql.DriverManager.getConnection(DriverManager.java:664)
	at java.sql.DriverManager.getConnection(DriverManager.java:208)
	at org.postgresql.test.TestUtil.openDB(TestUtil.java:312)
	at org.postgresql.test.jdbc2.BaseTest4.setUp(BaseTest4.java:83)
	at org.postgresql.test.jdbc3.GeneratedKeysTest.setUp(GeneratedKeysTest.java:92)
]]></error>
  </testcase>
  <testcase name="testSerialWorks[returningInQuery = NO, binary = FORCE]" classname="org.postgresql.test.jdbc3.GeneratedKeysTest" time="0">
    <error type="java.lang.NullPointerException:">java.lang.NullPointerException: null
	at org.postgresql.test.TestUtil.dropTable(TestUtil.java:517)
	at org.postgresql.test.jdbc3.GeneratedKeysTest.tearDown(GeneratedKeysTest.java:98)
</error>
  </testcase>
  <testcase name="selectWithGeneratedKeysViaNonPrepared[returningInQuery = NO, binary = FORCE]" classname="org.postgresql.test.jdbc3.GeneratedKeysTest" time="0.001">
    <error message="Connection to localhost:5432 refused. Check that the hostname and port are correct and that the postmaster is accepting TCP/IP connections." type="org.postgresql.util.PSQLException"><![CDATA[org.postgresql.util.PSQLException: Connection to localhost:5432 refused. Check that the hostname and port are correct and that the postmaster is accepting TCP/IP connections.
	at java.net.PlainSocketImpl.socketConnect(Native Method)
	at java.net.AbstractPlainSocketImpl.doConnect(AbstractPlainSocketImpl.java:350)
	at java.net.AbstractPlainSocketImpl.connectToAddress(AbstractPlainSocketImpl.java:206)
	at java.net.AbstractPlainSocketImpl.connect(AbstractPlainSocketImpl.java:188)
	at java.net.SocksSocketImpl.connect(SocksSocketImpl.java:392)
	at java.net.Socket.connect(Socket.java:589)
	at org.postgresql.core.PGStream.<init>(PGStream.java:69)
	at org.postgresql.core.v3.ConnectionFactoryImpl.openConnectionImpl(ConnectionFactoryImpl.java:156)
	at org.postgresql.core.ConnectionFactory.openConnection(ConnectionFactory.java:49)
	at org.postgresql.jdbc.PgConnection.<init>(PgConnection.java:195)
	at org.postgresql.Driver.makeConnection(Driver.java:454)
	at org.postgresql.Driver.connect(Driver.java:256)
	at java.sql.DriverManager.getConnection(DriverManager.java:664)
	at java.sql.DriverManager.getConnection(DriverManager.java:208)
	at org.postgresql.test.TestUtil.openDB(TestUtil.java:312)
	at org.postgresql.test.jdbc2.BaseTest4.setUp(BaseTest4.java:83)
	at org.postgresql.test.jdbc3.GeneratedKeysTest.setUp(GeneratedKeysTest.java:92)
]]></error>
  </testcase>
  <testcase name="selectWithGeneratedKeysViaNonPrepared[returningInQuery = NO, binary = FORCE]" classname="org.postgresql.test.jdbc3.GeneratedKeysTest" time="0.001">
    <error type="java.lang.NullPointerException:">java.lang.NullPointerException: null
	at org.postgresql.test.TestUtil.dropTable(TestUtil.java:517)
	at org.postgresql.test.jdbc3.GeneratedKeysTest.tearDown(GeneratedKeysTest.java:98)
</error>
  </testcase>
  <testcase name="testGeneratedKeysCleared[returningInQuery = NO, binary = FORCE]" classname="org.postgresql.test.jdbc3.GeneratedKeysTest" time="0">
    <error message="Connection to localhost:5432 refused. Check that the hostname and port are correct and that the postmaster is accepting TCP/IP connections." type="org.postgresql.util.PSQLException"><![CDATA[org.postgresql.util.PSQLException: Connection to localhost:5432 refused. Check that the hostname and port are correct and that the postmaster is accepting TCP/IP connections.
	at java.net.PlainSocketImpl.socketConnect(Native Method)
	at java.net.AbstractPlainSocketImpl.doConnect(AbstractPlainSocketImpl.java:350)
	at java.net.AbstractPlainSocketImpl.connectToAddress(AbstractPlainSocketImpl.java:206)
	at java.net.AbstractPlainSocketImpl.connect(AbstractPlainSocketImpl.java:188)
	at java.net.SocksSocketImpl.connect(SocksSocketImpl.java:392)
	at java.net.Socket.connect(Socket.java:589)
	at org.postgresql.core.PGStream.<init>(PGStream.java:69)
	at org.postgresql.core.v3.ConnectionFactoryImpl.openConnectionImpl(ConnectionFactoryImpl.java:156)
	at org.postgresql.core.ConnectionFactory.openConnection(ConnectionFactory.java:49)
	at org.postgresql.jdbc.PgConnection.<init>(PgConnection.java:195)
	at org.postgresql.Driver.makeConnection(Driver.java:454)
	at org.postgresql.Driver.connect(Driver.java:256)
	at java.sql.DriverManager.getConnection(DriverManager.java:664)
	at java.sql.DriverManager.getConnection(DriverManager.java:208)
	at org.postgresql.test.TestUtil.openDB(TestUtil.java:312)
	at org.postgresql.test.jdbc2.BaseTest4.setUp(BaseTest4.java:83)
	at org.postgresql.test.jdbc3.GeneratedKeysTest.setUp(GeneratedKeysTest.java:92)
]]></error>
  </testcase>
  <testcase name="testGeneratedKeysCleared[returningInQuery = NO, binary = FORCE]" classname="org.postgresql.test.jdbc3.GeneratedKeysTest" time="0">
    <error type="java.lang.NullPointerException:">java.lang.NullPointerException: null
	at org.postgresql.test.TestUtil.dropTable(TestUtil.java:517)
	at org.postgresql.test.jdbc3.GeneratedKeysTest.tearDown(GeneratedKeysTest.java:98)
</error>
  </testcase>
  <testcase name="testBatchGeneratedKeys[returningInQuery = NO, binary = FORCE]" classname="org.postgresql.test.jdbc3.GeneratedKeysTest" time="0">
    <error message="Connection to localhost:5432 refused. Check that the hostname and port are correct and that the postmaster is accepting TCP/IP connections." type="org.postgresql.util.PSQLException"><![CDATA[org.postgresql.util.PSQLException: Connection to localhost:5432 refused. Check that the hostname and port are correct and that the postmaster is accepting TCP/IP connections.
	at java.net.PlainSocketImpl.socketConnect(Native Method)
	at java.net.AbstractPlainSocketImpl.doConnect(AbstractPlainSocketImpl.java:350)
	at java.net.AbstractPlainSocketImpl.connectToAddress(AbstractPlainSocketImpl.java:206)
	at java.net.AbstractPlainSocketImpl.connect(AbstractPlainSocketImpl.java:188)
	at java.net.SocksSocketImpl.connect(SocksSocketImpl.java:392)
	at java.net.Socket.connect(Socket.java:589)
	at org.postgresql.core.PGStream.<init>(PGStream.java:69)
	at org.postgresql.core.v3.ConnectionFactoryImpl.openConnectionImpl(ConnectionFactoryImpl.java:156)
	at org.postgresql.core.ConnectionFactory.openConnection(ConnectionFactory.java:49)
	at org.postgresql.jdbc.PgConnection.<init>(PgConnection.java:195)
	at org.postgresql.Driver.makeConnection(Driver.java:454)
	at org.postgresql.Driver.connect(Driver.java:256)
	at java.sql.DriverManager.getConnection(DriverManager.java:664)
	at java.sql.DriverManager.getConnection(DriverManager.java:208)
	at org.postgresql.test.TestUtil.openDB(TestUtil.java:312)
	at org.postgresql.test.jdbc2.BaseTest4.setUp(BaseTest4.java:83)
	at org.postgresql.test.jdbc3.GeneratedKeysTest.setUp(GeneratedKeysTest.java:92)
]]></error>
  </testcase>
  <testcase name="testBatchGeneratedKeys[returningInQuery = NO, binary = FORCE]" classname="org.postgresql.test.jdbc3.GeneratedKeysTest" time="0">
    <error type="java.lang.NullPointerException:">java.lang.NullPointerException: null
	at org.postgresql.test.TestUtil.dropTable(TestUtil.java:517)
	at org.postgresql.test.jdbc3.GeneratedKeysTest.tearDown(GeneratedKeysTest.java:98)
</error>
  </testcase>
  <testcase name="testGeneratedKeys[returningInQuery = NO, binary = FORCE]" classname="org.postgresql.test.jdbc3.GeneratedKeysTest" time="0">
    <error message="Connection to localhost:5432 refused. Check that the hostname and port are correct and that the postmaster is accepting TCP/IP connections." type="org.postgresql.util.PSQLException"><![CDATA[org.postgresql.util.PSQLException: Connection to localhost:5432 refused. Check that the hostname and port are correct and that the postmaster is accepting TCP/IP connections.
	at java.net.PlainSocketImpl.socketConnect(Native Method)
	at java.net.AbstractPlainSocketImpl.doConnect(AbstractPlainSocketImpl.java:350)
	at java.net.AbstractPlainSocketImpl.connectToAddress(AbstractPlainSocketImpl.java:206)
	at java.net.AbstractPlainSocketImpl.connect(AbstractPlainSocketImpl.java:188)
	at java.net.SocksSocketImpl.connect(SocksSocketImpl.java:392)
	at java.net.Socket.connect(Socket.java:589)
	at org.postgresql.core.PGStream.<init>(PGStream.java:69)
	at org.postgresql.core.v3.ConnectionFactoryImpl.openConnectionImpl(ConnectionFactoryImpl.java:156)
	at org.postgresql.core.ConnectionFactory.openConnection(ConnectionFactory.java:49)
	at org.postgresql.jdbc.PgConnection.<init>(PgConnection.java:195)
	at org.postgresql.Driver.makeConnection(Driver.java:454)
	at org.postgresql.Driver.connect(Driver.java:256)
	at java.sql.DriverManager.getConnection(DriverManager.java:664)
	at java.sql.DriverManager.getConnection(DriverManager.java:208)
	at org.postgresql.test.TestUtil.openDB(TestUtil.java:312)
	at org.postgresql.test.jdbc2.BaseTest4.setUp(BaseTest4.java:83)
	at org.postgresql.test.jdbc3.GeneratedKeysTest.setUp(GeneratedKeysTest.java:92)
]]></error>
  </testcase>
  <testcase name="testGeneratedKeys[returningInQuery = NO, binary = FORCE]" classname="org.postgresql.test.jdbc3.GeneratedKeysTest" time="0">
    <error type="java.lang.NullPointerException:">java.lang.NullPointerException: null
	at org.postgresql.test.TestUtil.dropTable(TestUtil.java:517)
	at org.postgresql.test.jdbc3.GeneratedKeysTest.tearDown(GeneratedKeysTest.java:98)
</error>
  </testcase>
  <testcase name="testWithInsertInsert[returningInQuery = NO, binary = FORCE]" classname="org.postgresql.test.jdbc3.GeneratedKeysTest" time="0">
    <error message="Connection to localhost:5432 refused. Check that the hostname and port are correct and that the postmaster is accepting TCP/IP connections." type="org.postgresql.util.PSQLException"><![CDATA[org.postgresql.util.PSQLException: Connection to localhost:5432 refused. Check that the hostname and port are correct and that the postmaster is accepting TCP/IP connections.
	at java.net.PlainSocketImpl.socketConnect(Native Method)
	at java.net.AbstractPlainSocketImpl.doConnect(AbstractPlainSocketImpl.java:350)
	at java.net.AbstractPlainSocketImpl.connectToAddress(AbstractPlainSocketImpl.java:206)
	at java.net.AbstractPlainSocketImpl.connect(AbstractPlainSocketImpl.java:188)
	at java.net.SocksSocketImpl.connect(SocksSocketImpl.java:392)
	at java.net.Socket.connect(Socket.java:589)
	at org.postgresql.core.PGStream.<init>(PGStream.java:69)
	at org.postgresql.core.v3.ConnectionFactoryImpl.openConnectionImpl(ConnectionFactoryImpl.java:156)
	at org.postgresql.core.ConnectionFactory.openConnection(ConnectionFactory.java:49)
	at org.postgresql.jdbc.PgConnection.<init>(PgConnection.java:195)
	at org.postgresql.Driver.makeConnection(Driver.java:454)
	at org.postgresql.Driver.connect(Driver.java:256)
	at java.sql.DriverManager.getConnection(DriverManager.java:664)
	at java.sql.DriverManager.getConnection(DriverManager.java:208)
	at org.postgresql.test.TestUtil.openDB(TestUtil.java:312)
	at org.postgresql.test.jdbc2.BaseTest4.setUp(BaseTest4.java:83)
	at org.postgresql.test.jdbc3.GeneratedKeysTest.setUp(GeneratedKeysTest.java:92)
]]></error>
  </testcase>
  <testcase name="testWithInsertInsert[returningInQuery = NO, binary = FORCE]" classname="org.postgresql.test.jdbc3.GeneratedKeysTest" time="0">
    <error type="java.lang.NullPointerException:">java.lang.NullPointerException: null
	at org.postgresql.test.TestUtil.dropTable(TestUtil.java:517)
	at org.postgresql.test.jdbc3.GeneratedKeysTest.tearDown(GeneratedKeysTest.java:98)
</error>
  </testcase>
  <testcase name="testWithInsertSelect[returningInQuery = NO, binary = FORCE]" classname="org.postgresql.test.jdbc3.GeneratedKeysTest" time="0">
    <error message="Connection to localhost:5432 refused. Check that the hostname and port are correct and that the postmaster is accepting TCP/IP connections." type="org.postgresql.util.PSQLException"><![CDATA[org.postgresql.util.PSQLException: Connection to localhost:5432 refused. Check that the hostname and port are correct and that the postmaster is accepting TCP/IP connections.
	at java.net.PlainSocketImpl.socketConnect(Native Method)
	at java.net.AbstractPlainSocketImpl.doConnect(AbstractPlainSocketImpl.java:350)
	at java.net.AbstractPlainSocketImpl.connectToAddress(AbstractPlainSocketImpl.java:206)
	at java.net.AbstractPlainSocketImpl.connect(AbstractPlainSocketImpl.java:188)
	at java.net.SocksSocketImpl.connect(SocksSocketImpl.java:392)
	at java.net.Socket.connect(Socket.java:589)
	at org.postgresql.core.PGStream.<init>(PGStream.java:69)
	at org.postgresql.core.v3.ConnectionFactoryImpl.openConnectionImpl(ConnectionFactoryImpl.java:156)
	at org.postgresql.core.ConnectionFactory.openConnection(ConnectionFactory.java:49)
	at org.postgresql.jdbc.PgConnection.<init>(PgConnection.java:195)
	at org.postgresql.Driver.makeConnection(Driver.java:454)
	at org.postgresql.Driver.connect(Driver.java:256)
	at java.sql.DriverManager.getConnection(DriverManager.java:664)
	at java.sql.DriverManager.getConnection(DriverManager.java:208)
	at org.postgresql.test.TestUtil.openDB(TestUtil.java:312)
	at org.postgresql.test.jdbc2.BaseTest4.setUp(BaseTest4.java:83)
	at org.postgresql.test.jdbc3.GeneratedKeysTest.setUp(GeneratedKeysTest.java:92)
]]></error>
  </testcase>
  <testcase name="testWithInsertSelect[returningInQuery = NO, binary = FORCE]" classname="org.postgresql.test.jdbc3.GeneratedKeysTest" time="0">
    <error type="java.lang.NullPointerException:">java.lang.NullPointerException: null
	at org.postgresql.test.TestUtil.dropTable(TestUtil.java:517)
	at org.postgresql.test.jdbc3.GeneratedKeysTest.tearDown(GeneratedKeysTest.java:98)
</error>
  </testcase>
  <testcase name="testCloseStatementClosesRS[returningInQuery = NO, binary = FORCE]" classname="org.postgresql.test.jdbc3.GeneratedKeysTest" time="0">
    <error message="Connection to localhost:5432 refused. Check that the hostname and port are correct and that the postmaster is accepting TCP/IP connections." type="org.postgresql.util.PSQLException"><![CDATA[org.postgresql.util.PSQLException: Connection to localhost:5432 refused. Check that the hostname and port are correct and that the postmaster is accepting TCP/IP connections.
	at java.net.PlainSocketImpl.socketConnect(Native Method)
	at java.net.AbstractPlainSocketImpl.doConnect(AbstractPlainSocketImpl.java:350)
	at java.net.AbstractPlainSocketImpl.connectToAddress(AbstractPlainSocketImpl.java:206)
	at java.net.AbstractPlainSocketImpl.connect(AbstractPlainSocketImpl.java:188)
	at java.net.SocksSocketImpl.connect(SocksSocketImpl.java:392)
	at java.net.Socket.connect(Socket.java:589)
	at org.postgresql.core.PGStream.<init>(PGStream.java:69)
	at org.postgresql.core.v3.ConnectionFactoryImpl.openConnectionImpl(ConnectionFactoryImpl.java:156)
	at org.postgresql.core.ConnectionFactory.openConnection(ConnectionFactory.java:49)
	at org.postgresql.jdbc.PgConnection.<init>(PgConnection.java:195)
	at org.postgresql.Driver.makeConnection(Driver.java:454)
	at org.postgresql.Driver.connect(Driver.java:256)
	at java.sql.DriverManager.getConnection(DriverManager.java:664)
	at java.sql.DriverManager.getConnection(DriverManager.java:208)
	at org.postgresql.test.TestUtil.openDB(TestUtil.java:312)
	at org.postgresql.test.jdbc2.BaseTest4.setUp(BaseTest4.java:83)
	at org.postgresql.test.jdbc3.GeneratedKeysTest.setUp(GeneratedKeysTest.java:92)
]]></error>
  </testcase>
  <testcase name="testCloseStatementClosesRS[returningInQuery = NO, binary = FORCE]" classname="org.postgresql.test.jdbc3.GeneratedKeysTest" time="0">
    <error type="java.lang.NullPointerException:">java.lang.NullPointerException: null
	at org.postgresql.test.TestUtil.dropTable(TestUtil.java:517)
	at org.postgresql.test.jdbc3.GeneratedKeysTest.tearDown(GeneratedKeysTest.java:98)
</error>
  </testcase>
  <testcase name="selectWithGeneratedKeysViaPreparedExecute[returningInQuery = NO, binary = FORCE]" classname="org.postgresql.test.jdbc3.GeneratedKeysTest" time="0">
    <error message="Connection to localhost:5432 refused. Check that the hostname and port are correct and that the postmaster is accepting TCP/IP connections." type="org.postgresql.util.PSQLException"><![CDATA[org.postgresql.util.PSQLException: Connection to localhost:5432 refused. Check that the hostname and port are correct and that the postmaster is accepting TCP/IP connections.
	at java.net.PlainSocketImpl.socketConnect(Native Method)
	at java.net.AbstractPlainSocketImpl.doConnect(AbstractPlainSocketImpl.java:350)
	at java.net.AbstractPlainSocketImpl.connectToAddress(AbstractPlainSocketImpl.java:206)
	at java.net.AbstractPlainSocketImpl.connect(AbstractPlainSocketImpl.java:188)
	at java.net.SocksSocketImpl.connect(SocksSocketImpl.java:392)
	at java.net.Socket.connect(Socket.java:589)
	at org.postgresql.core.PGStream.<init>(PGStream.java:69)
	at org.postgresql.core.v3.ConnectionFactoryImpl.openConnectionImpl(ConnectionFactoryImpl.java:156)
	at org.postgresql.core.ConnectionFactory.openConnection(ConnectionFactory.java:49)
	at org.postgresql.jdbc.PgConnection.<init>(PgConnection.java:195)
	at org.postgresql.Driver.makeConnection(Driver.java:454)
	at org.postgresql.Driver.connect(Driver.java:256)
	at java.sql.DriverManager.getConnection(DriverManager.java:664)
	at java.sql.DriverManager.getConnection(DriverManager.java:208)
	at org.postgresql.test.TestUtil.openDB(TestUtil.java:312)
	at org.postgresql.test.jdbc2.BaseTest4.setUp(BaseTest4.java:83)
	at org.postgresql.test.jdbc3.GeneratedKeysTest.setUp(GeneratedKeysTest.java:92)
]]></error>
  </testcase>
  <testcase name="selectWithGeneratedKeysViaPreparedExecute[returningInQuery = NO, binary = FORCE]" classname="org.postgresql.test.jdbc3.GeneratedKeysTest" time="0">
    <error type="java.lang.NullPointerException:">java.lang.NullPointerException: null
	at org.postgresql.test.TestUtil.dropTable(TestUtil.java:517)
	at org.postgresql.test.jdbc3.GeneratedKeysTest.tearDown(GeneratedKeysTest.java:98)
</error>
  </testcase>
  <testcase name="selectWithGeneratedKeysViaPreparedExecuteQuery[returningInQuery = NO, binary = FORCE]" classname="org.postgresql.test.jdbc3.GeneratedKeysTest" time="0">
    <error message="Connection to localhost:5432 refused. Check that the hostname and port are correct and that the postmaster is accepting TCP/IP connections." type="org.postgresql.util.PSQLException"><![CDATA[org.postgresql.util.PSQLException: Connection to localhost:5432 refused. Check that the hostname and port are correct and that the postmaster is accepting TCP/IP connections.
	at java.net.PlainSocketImpl.socketConnect(Native Method)
	at java.net.AbstractPlainSocketImpl.doConnect(AbstractPlainSocketImpl.java:350)
	at java.net.AbstractPlainSocketImpl.connectToAddress(AbstractPlainSocketImpl.java:206)
	at java.net.AbstractPlainSocketImpl.connect(AbstractPlainSocketImpl.java:188)
	at java.net.SocksSocketImpl.connect(SocksSocketImpl.java:392)
	at java.net.Socket.connect(Socket.java:589)
	at org.postgresql.core.PGStream.<init>(PGStream.java:69)
	at org.postgresql.core.v3.ConnectionFactoryImpl.openConnectionImpl(ConnectionFactoryImpl.java:156)
	at org.postgresql.core.ConnectionFactory.openConnection(ConnectionFactory.java:49)
	at org.postgresql.jdbc.PgConnection.<init>(PgConnection.java:195)
	at org.postgresql.Driver.makeConnection(Driver.java:454)
	at org.postgresql.Driver.connect(Driver.java:256)
	at java.sql.DriverManager.getConnection(DriverManager.java:664)
	at java.sql.DriverManager.getConnection(DriverManager.java:208)
	at org.postgresql.test.TestUtil.openDB(TestUtil.java:312)
	at org.postgresql.test.jdbc2.BaseTest4.setUp(BaseTest4.java:83)
	at org.postgresql.test.jdbc3.GeneratedKeysTest.setUp(GeneratedKeysTest.java:92)
]]></error>
  </testcase>
  <testcase name="selectWithGeneratedKeysViaPreparedExecuteQuery[returningInQuery = NO, binary = FORCE]" classname="org.postgresql.test.jdbc3.GeneratedKeysTest" time="0">
    <error type="java.lang.NullPointerException:">java.lang.NullPointerException: null
	at org.postgresql.test.TestUtil.dropTable(TestUtil.java:517)
	at org.postgresql.test.jdbc3.GeneratedKeysTest.tearDown(GeneratedKeysTest.java:98)
</error>
  </testcase>
  <testcase name="testReturningWithTrailingSemicolon[returningInQuery = NO, binary = FORCE]" classname="org.postgresql.test.jdbc3.GeneratedKeysTest" time="0">
    <error message="Connection to localhost:5432 refused. Check that the hostname and port are correct and that the postmaster is accepting TCP/IP connections." type="org.postgresql.util.PSQLException"><![CDATA[org.postgresql.util.PSQLException: Connection to localhost:5432 refused. Check that the hostname and port are correct and that the postmaster is accepting TCP/IP connections.
	at java.net.PlainSocketImpl.socketConnect(Native Method)
	at java.net.AbstractPlainSocketImpl.doConnect(AbstractPlainSocketImpl.java:350)
	at java.net.AbstractPlainSocketImpl.connectToAddress(AbstractPlainSocketImpl.java:206)
	at java.net.AbstractPlainSocketImpl.connect(AbstractPlainSocketImpl.java:188)
	at java.net.SocksSocketImpl.connect(SocksSocketImpl.java:392)
	at java.net.Socket.connect(Socket.java:589)
	at org.postgresql.core.PGStream.<init>(PGStream.java:69)
	at org.postgresql.core.v3.ConnectionFactoryImpl.openConnectionImpl(ConnectionFactoryImpl.java:156)
	at org.postgresql.core.ConnectionFactory.openConnection(ConnectionFactory.java:49)
	at org.postgresql.jdbc.PgConnection.<init>(PgConnection.java:195)
	at org.postgresql.Driver.makeConnection(Driver.java:454)
	at org.postgresql.Driver.connect(Driver.java:256)
	at java.sql.DriverManager.getConnection(DriverManager.java:664)
	at java.sql.DriverManager.getConnection(DriverManager.java:208)
	at org.postgresql.test.TestUtil.openDB(TestUtil.java:312)
	at org.postgresql.test.jdbc2.BaseTest4.setUp(BaseTest4.java:83)
	at org.postgresql.test.jdbc3.GeneratedKeysTest.setUp(GeneratedKeysTest.java:92)
]]></error>
  </testcase>
  <testcase name="testReturningWithTrailingSemicolon[returningInQuery = NO, binary = FORCE]" classname="org.postgresql.test.jdbc3.GeneratedKeysTest" time="0">
    <error type="java.lang.NullPointerException:">java.lang.NullPointerException: null
	at org.postgresql.test.TestUtil.dropTable(TestUtil.java:517)
	at org.postgresql.test.jdbc3.GeneratedKeysTest.tearDown(GeneratedKeysTest.java:98)
</error>
  </testcase>
  <testcase name="testPSDelete[returningInQuery = NO, binary = FORCE]" classname="org.postgresql.test.jdbc3.GeneratedKeysTest" time="0">
    <error message="Connection to localhost:5432 refused. Check that the hostname and port are correct and that the postmaster is accepting TCP/IP connections." type="org.postgresql.util.PSQLException"><![CDATA[org.postgresql.util.PSQLException: Connection to localhost:5432 refused. Check that the hostname and port are correct and that the postmaster is accepting TCP/IP connections.
	at java.net.PlainSocketImpl.socketConnect(Native Method)
	at java.net.AbstractPlainSocketImpl.doConnect(AbstractPlainSocketImpl.java:350)
	at java.net.AbstractPlainSocketImpl.connectToAddress(AbstractPlainSocketImpl.java:206)
	at java.net.AbstractPlainSocketImpl.connect(AbstractPlainSocketImpl.java:188)
	at java.net.SocksSocketImpl.connect(SocksSocketImpl.java:392)
	at java.net.Socket.connect(Socket.java:589)
	at org.postgresql.core.PGStream.<init>(PGStream.java:69)
	at org.postgresql.core.v3.ConnectionFactoryImpl.openConnectionImpl(ConnectionFactoryImpl.java:156)
	at org.postgresql.core.ConnectionFactory.openConnection(ConnectionFactory.java:49)
	at org.postgresql.jdbc.PgConnection.<init>(PgConnection.java:195)
	at org.postgresql.Driver.makeConnection(Driver.java:454)
	at org.postgresql.Driver.connect(Driver.java:256)
	at java.sql.DriverManager.getConnection(DriverManager.java:664)
	at java.sql.DriverManager.getConnection(DriverManager.java:208)
	at org.postgresql.test.TestUtil.openDB(TestUtil.java:312)
	at org.postgresql.test.jdbc2.BaseTest4.setUp(BaseTest4.java:83)
	at org.postgresql.test.jdbc3.GeneratedKeysTest.setUp(GeneratedKeysTest.java:92)
]]></error>
  </testcase>
  <testcase name="testPSDelete[returningInQuery = NO, binary = FORCE]" classname="org.postgresql.test.jdbc3.GeneratedKeysTest" time="0">
    <error type="java.lang.NullPointerException:">java.lang.NullPointerException: null
	at org.postgresql.test.TestUtil.dropTable(TestUtil.java:517)
	at org.postgresql.test.jdbc3.GeneratedKeysTest.tearDown(GeneratedKeysTest.java:98)
</error>
  </testcase>
  <testcase name="testDelete[returningInQuery = NO, binary = FORCE]" classname="org.postgresql.test.jdbc3.GeneratedKeysTest" time="0">
    <error message="Connection to localhost:5432 refused. Check that the hostname and port are correct and that the postmaster is accepting TCP/IP connections." type="org.postgresql.util.PSQLException"><![CDATA[org.postgresql.util.PSQLException: Connection to localhost:5432 refused. Check that the hostname and port are correct and that the postmaster is accepting TCP/IP connections.
	at java.net.PlainSocketImpl.socketConnect(Native Method)
	at java.net.AbstractPlainSocketImpl.doConnect(AbstractPlainSocketImpl.java:350)
	at java.net.AbstractPlainSocketImpl.connectToAddress(AbstractPlainSocketImpl.java:206)
	at java.net.AbstractPlainSocketImpl.connect(AbstractPlainSocketImpl.java:188)
	at java.net.SocksSocketImpl.connect(SocksSocketImpl.java:392)
	at java.net.Socket.connect(Socket.java:589)
	at org.postgresql.core.PGStream.<init>(PGStream.java:69)
	at org.postgresql.core.v3.ConnectionFactoryImpl.openConnectionImpl(ConnectionFactoryImpl.java:156)
	at org.postgresql.core.ConnectionFactory.openConnection(ConnectionFactory.java:49)
	at org.postgresql.jdbc.PgConnection.<init>(PgConnection.java:195)
	at org.postgresql.Driver.makeConnection(Driver.java:454)
	at org.postgresql.Driver.connect(Driver.java:256)
	at java.sql.DriverManager.getConnection(DriverManager.java:664)
	at java.sql.DriverManager.getConnection(DriverManager.java:208)
	at org.postgresql.test.TestUtil.openDB(TestUtil.java:312)
	at org.postgresql.test.jdbc2.BaseTest4.setUp(BaseTest4.java:83)
	at org.postgresql.test.jdbc3.GeneratedKeysTest.setUp(GeneratedKeysTest.java:92)
]]></error>
  </testcase>
  <testcase name="testDelete[returningInQuery = NO, binary = FORCE]" classname="org.postgresql.test.jdbc3.GeneratedKeysTest" time="0">
    <error type="java.lang.NullPointerException:">java.lang.NullPointerException: null
	at org.postgresql.test.TestUtil.dropTable(TestUtil.java:517)
	at org.postgresql.test.jdbc3.GeneratedKeysTest.tearDown(GeneratedKeysTest.java:98)
</error>
  </testcase>
  <testcase name="testMultipleRows[returningInQuery = NO, binary = FORCE]" classname="org.postgresql.test.jdbc3.GeneratedKeysTest" time="0">
    <error message="Connection to localhost:5432 refused. Check that the hostname and port are correct and that the postmaster is accepting TCP/IP connections." type="org.postgresql.util.PSQLException"><![CDATA[org.postgresql.util.PSQLException: Connection to localhost:5432 refused. Check that the hostname and port are correct and that the postmaster is accepting TCP/IP connections.
	at java.net.PlainSocketImpl.socketConnect(Native Method)
	at java.net.AbstractPlainSocketImpl.doConnect(AbstractPlainSocketImpl.java:350)
	at java.net.AbstractPlainSocketImpl.connectToAddress(AbstractPlainSocketImpl.java:206)
	at java.net.AbstractPlainSocketImpl.connect(AbstractPlainSocketImpl.java:188)
	at java.net.SocksSocketImpl.connect(SocksSocketImpl.java:392)
	at java.net.Socket.connect(Socket.java:589)
	at org.postgresql.core.PGStream.<init>(PGStream.java:69)
	at org.postgresql.core.v3.ConnectionFactoryImpl.openConnectionImpl(ConnectionFactoryImpl.java:156)
	at org.postgresql.core.ConnectionFactory.openConnection(ConnectionFactory.java:49)
	at org.postgresql.jdbc.PgConnection.<init>(PgConnection.java:195)
	at org.postgresql.Driver.makeConnection(Driver.java:454)
	at org.postgresql.Driver.connect(Driver.java:256)
	at java.sql.DriverManager.getConnection(DriverManager.java:664)
	at java.sql.DriverManager.getConnection(DriverManager.java:208)
	at org.postgresql.test.TestUtil.openDB(TestUtil.java:312)
	at org.postgresql.test.jdbc2.BaseTest4.setUp(BaseTest4.java:83)
	at org.postgresql.test.jdbc3.GeneratedKeysTest.setUp(GeneratedKeysTest.java:92)
]]></error>
  </testcase>
  <testcase name="testMultipleRows[returningInQuery = NO, binary = FORCE]" classname="org.postgresql.test.jdbc3.GeneratedKeysTest" time="0">
    <error type="java.lang.NullPointerException:">java.lang.NullPointerException: null
	at org.postgresql.test.TestUtil.dropTable(TestUtil.java:517)
	at org.postgresql.test.jdbc3.GeneratedKeysTest.tearDown(GeneratedKeysTest.java:98)
</error>
  </testcase>
  <testcase name="testPSUpdate[returningInQuery = NO, binary = FORCE]" classname="org.postgresql.test.jdbc3.GeneratedKeysTest" time="0">
    <error message="Connection to localhost:5432 refused. Check that the hostname and port are correct and that the postmaster is accepting TCP/IP connections." type="org.postgresql.util.PSQLException"><![CDATA[org.postgresql.util.PSQLException: Connection to localhost:5432 refused. Check that the hostname and port are correct and that the postmaster is accepting TCP/IP connections.
	at java.net.PlainSocketImpl.socketConnect(Native Method)
	at java.net.AbstractPlainSocketImpl.doConnect(AbstractPlainSocketImpl.java:350)
	at java.net.AbstractPlainSocketImpl.connectToAddress(AbstractPlainSocketImpl.java:206)
	at java.net.AbstractPlainSocketImpl.connect(AbstractPlainSocketImpl.java:188)
	at java.net.SocksSocketImpl.connect(SocksSocketImpl.java:392)
	at java.net.Socket.connect(Socket.java:589)
	at org.postgresql.core.PGStream.<init>(PGStream.java:69)
	at org.postgresql.core.v3.ConnectionFactoryImpl.openConnectionImpl(ConnectionFactoryImpl.java:156)
	at org.postgresql.core.ConnectionFactory.openConnection(ConnectionFactory.java:49)
	at org.postgresql.jdbc.PgConnection.<init>(PgConnection.java:195)
	at org.postgresql.Driver.makeConnection(Driver.java:454)
	at org.postgresql.Driver.connect(Driver.java:256)
	at java.sql.DriverManager.getConnection(DriverManager.java:664)
	at java.sql.DriverManager.getConnection(DriverManager.java:208)
	at org.postgresql.test.TestUtil.openDB(TestUtil.java:312)
	at org.postgresql.test.jdbc2.BaseTest4.setUp(BaseTest4.java:83)
	at org.postgresql.test.jdbc3.GeneratedKeysTest.setUp(GeneratedKeysTest.java:92)
]]></error>
  </testcase>
  <testcase name="testPSUpdate[returningInQuery = NO, binary = FORCE]" classname="org.postgresql.test.jdbc3.GeneratedKeysTest" time="0">
    <error type="java.lang.NullPointerException:">java.lang.NullPointerException: null
	at org.postgresql.test.TestUtil.dropTable(TestUtil.java:517)
	at org.postgresql.test.jdbc3.GeneratedKeysTest.tearDown(GeneratedKeysTest.java:98)
</error>
  </testcase>
  <testcase name="breakDescribeOnFirstServerPreparedExecution[returningInQuery = NO, binary = FORCE]" classname="org.postgresql.test.jdbc3.GeneratedKeysTest" time="0">
    <error message="Connection to localhost:5432 refused. Check that the hostname and port are correct and that the postmaster is accepting TCP/IP connections." type="org.postgresql.util.PSQLException"><![CDATA[org.postgresql.util.PSQLException: Connection to localhost:5432 refused. Check that the hostname and port are correct and that the postmaster is accepting TCP/IP connections.
	at java.net.PlainSocketImpl.socketConnect(Native Method)
	at java.net.AbstractPlainSocketImpl.doConnect(AbstractPlainSocketImpl.java:350)
	at java.net.AbstractPlainSocketImpl.connectToAddress(AbstractPlainSocketImpl.java:206)
	at java.net.AbstractPlainSocketImpl.connect(AbstractPlainSocketImpl.java:188)
	at java.net.SocksSocketImpl.connect(SocksSocketImpl.java:392)
	at java.net.Socket.connect(Socket.java:589)
	at org.postgresql.core.PGStream.<init>(PGStream.java:69)
	at org.postgresql.core.v3.ConnectionFactoryImpl.openConnectionImpl(ConnectionFactoryImpl.java:156)
	at org.postgresql.core.ConnectionFactory.openConnection(ConnectionFactory.java:49)
	at org.postgresql.jdbc.PgConnection.<init>(PgConnection.java:195)
	at org.postgresql.Driver.makeConnection(Driver.java:454)
	at org.postgresql.Driver.connect(Driver.java:256)
	at java.sql.DriverManager.getConnection(DriverManager.java:664)
	at java.sql.DriverManager.getConnection(DriverManager.java:208)
	at org.postgresql.test.TestUtil.openDB(TestUtil.java:312)
	at org.postgresql.test.jdbc2.BaseTest4.setUp(BaseTest4.java:83)
	at org.postgresql.test.jdbc3.GeneratedKeysTest.setUp(GeneratedKeysTest.java:92)
]]></error>
  </testcase>
  <testcase name="breakDescribeOnFirstServerPreparedExecution[returningInQuery = NO, binary = FORCE]" classname="org.postgresql.test.jdbc3.GeneratedKeysTest" time="0">
    <error type="java.lang.NullPointerException:">java.lang.NullPointerException: null
	at org.postgresql.test.TestUtil.dropTable(TestUtil.java:517)
	at org.postgresql.test.jdbc3.GeneratedKeysTest.tearDown(GeneratedKeysTest.java:98)
</error>
  </testcase>
  <testcase name="testUpdate[returningInQuery = NO, binary = FORCE]" classname="org.postgresql.test.jdbc3.GeneratedKeysTest" time="0">
    <error message="Connection to localhost:5432 refused. Check that the hostname and port are correct and that the postmaster is accepting TCP/IP connections." type="org.postgresql.util.PSQLException"><![CDATA[org.postgresql.util.PSQLException: Connection to localhost:5432 refused. Check that the hostname and port are correct and that the postmaster is accepting TCP/IP connections.
	at java.net.PlainSocketImpl.socketConnect(Native Method)
	at java.net.AbstractPlainSocketImpl.doConnect(AbstractPlainSocketImpl.java:350)
	at java.net.AbstractPlainSocketImpl.connectToAddress(AbstractPlainSocketImpl.java:206)
	at java.net.AbstractPlainSocketImpl.connect(AbstractPlainSocketImpl.java:188)
	at java.net.SocksSocketImpl.connect(SocksSocketImpl.java:392)
	at java.net.Socket.connect(Socket.java:589)
	at org.postgresql.core.PGStream.<init>(PGStream.java:69)
	at org.postgresql.core.v3.ConnectionFactoryImpl.openConnectionImpl(ConnectionFactoryImpl.java:156)
	at org.postgresql.core.ConnectionFactory.openConnection(ConnectionFactory.java:49)
	at org.postgresql.jdbc.PgConnection.<init>(PgConnection.java:195)
	at org.postgresql.Driver.makeConnection(Driver.java:454)
	at org.postgresql.Driver.connect(Driver.java:256)
	at java.sql.DriverManager.getConnection(DriverManager.java:664)
	at java.sql.DriverManager.getConnection(DriverManager.java:208)
	at org.postgresql.test.TestUtil.openDB(TestUtil.java:312)
	at org.postgresql.test.jdbc2.BaseTest4.setUp(BaseTest4.java:83)
	at org.postgresql.test.jdbc3.GeneratedKeysTest.setUp(GeneratedKeysTest.java:92)
]]></error>
  </testcase>
  <testcase name="testUpdate[returningInQuery = NO, binary = FORCE]" classname="org.postgresql.test.jdbc3.GeneratedKeysTest" time="0">
    <error type="java.lang.NullPointerException:">java.lang.NullPointerException: null
	at org.postgresql.test.TestUtil.dropTable(TestUtil.java:517)
	at org.postgresql.test.jdbc3.GeneratedKeysTest.tearDown(GeneratedKeysTest.java:98)
</error>
  </testcase>
  <testcase name="testEmptyRSWithoutReturning[returningInQuery = NO, binary = FORCE]" classname="org.postgresql.test.jdbc3.GeneratedKeysTest" time="0">
    <error message="Connection to localhost:5432 refused. Check that the hostname and port are correct and that the postmaster is accepting TCP/IP connections." type="org.postgresql.util.PSQLException"><![CDATA[org.postgresql.util.PSQLException: Connection to localhost:5432 refused. Check that the hostname and port are correct and that the postmaster is accepting TCP/IP connections.
	at java.net.PlainSocketImpl.socketConnect(Native Method)
	at java.net.AbstractPlainSocketImpl.doConnect(AbstractPlainSocketImpl.java:350)
	at java.net.AbstractPlainSocketImpl.connectToAddress(AbstractPlainSocketImpl.java:206)
	at java.net.AbstractPlainSocketImpl.connect(AbstractPlainSocketImpl.java:188)
	at java.net.SocksSocketImpl.connect(SocksSocketImpl.java:392)
	at java.net.Socket.connect(Socket.java:589)
	at org.postgresql.core.PGStream.<init>(PGStream.java:69)
	at org.postgresql.core.v3.ConnectionFactoryImpl.openConnectionImpl(ConnectionFactoryImpl.java:156)
	at org.postgresql.core.ConnectionFactory.openConnection(ConnectionFactory.java:49)
	at org.postgresql.jdbc.PgConnection.<init>(PgConnection.java:195)
	at org.postgresql.Driver.makeConnection(Driver.java:454)
	at org.postgresql.Driver.connect(Driver.java:256)
	at java.sql.DriverManager.getConnection(DriverManager.java:664)
	at java.sql.DriverManager.getConnection(DriverManager.java:208)
	at org.postgresql.test.TestUtil.openDB(TestUtil.java:312)
	at org.postgresql.test.jdbc2.BaseTest4.setUp(BaseTest4.java:83)
	at org.postgresql.test.jdbc3.GeneratedKeysTest.setUp(GeneratedKeysTest.java:92)
]]></error>
  </testcase>
  <testcase name="testEmptyRSWithoutReturning[returningInQuery = NO, binary = FORCE]" classname="org.postgresql.test.jdbc3.GeneratedKeysTest" time="0.001">
    <error type="java.lang.NullPointerException:">java.lang.NullPointerException: null
	at org.postgresql.test.TestUtil.dropTable(TestUtil.java:517)
	at org.postgresql.test.jdbc3.GeneratedKeysTest.tearDown(GeneratedKeysTest.java:98)
</error>
  </testcase>
  <testcase name="testSimpleBind" classname="org.postgresql.test.jdbc3.CompositeQueryParseTest" time="0"/>
  <testcase name="testTrailingSemicolon" classname="org.postgresql.test.jdbc3.CompositeQueryParseTest" time="0"/>
  <testcase name="testSimpleQuery" classname="org.postgresql.test.jdbc3.CompositeQueryParseTest" time="0"/>
  <testcase name="testEmptyQuery" classname="org.postgresql.test.jdbc3.CompositeQueryParseTest" time="0"/>
  <testcase name="testMultipleTrailingSemicolons" classname="org.postgresql.test.jdbc3.CompositeQueryParseTest" time="0"/>
  <testcase name="testWhitespaceQuery" classname="org.postgresql.test.jdbc3.CompositeQueryParseTest" time="0"/>
  <testcase name="testCompositeBasic" classname="org.postgresql.test.jdbc3.CompositeQueryParseTest" time="0"/>
  <testcase name="testCompositeWithBinds" classname="org.postgresql.test.jdbc3.CompositeQueryParseTest" time="0"/>
  <testcase name="testMove" classname="org.postgresql.test.jdbc3.CompositeQueryParseTest" time="0"/>
  <testcase name="testHasReturning" classname="org.postgresql.test.jdbc3.CompositeQueryParseTest" time="0"/>
  <testcase name="testTrailingSemicolonAndSpace" classname="org.postgresql.test.jdbc3.CompositeQueryParseTest" time="0"/>
  <testcase name="testCompositeWithComments" classname="org.postgresql.test.jdbc3.CompositeQueryParseTest" time="0"/>
  <testcase name="testQuotedQuestionmark" classname="org.postgresql.test.jdbc3.CompositeQueryParseTest" time="0"/>
  <testcase name="testMultipleEmptyQueries" classname="org.postgresql.test.jdbc3.CompositeQueryParseTest" time="0"/>
  <testcase name="testRepeatedQuestionmark" classname="org.postgresql.test.jdbc3.CompositeQueryParseTest" time="0"/>
  <testcase name="testDoubleQuestionmark" classname="org.postgresql.test.jdbc3.CompositeQueryParseTest" time="0"/>
  <testcase name="testWithInsert" classname="org.postgresql.test.jdbc3.CompositeQueryParseTest" time="0"/>
  <testcase name="testDelete" classname="org.postgresql.test.jdbc3.CompositeQueryParseTest" time="0"/>
  <testcase name="testUnquotedQuestionmark" classname="org.postgresql.test.jdbc3.CompositeQueryParseTest" time="0"/>
  <testcase name="testInsert" classname="org.postgresql.test.jdbc3.CompositeQueryParseTest" time="0"/>
  <testcase name="testWithSelect" classname="org.postgresql.test.jdbc3.CompositeQueryParseTest" time="0"/>
  <testcase name="testOnlyEmptyQueries" classname="org.postgresql.test.jdbc3.CompositeQueryParseTest" time="0"/>
  <testcase name="testSelect" classname="org.postgresql.test.jdbc3.CompositeQueryParseTest" time="0"/>
  <testcase name="testUpdate" classname="org.postgresql.test.jdbc3.CompositeQueryParseTest" time="0"/>
  <testcase name="run[expected=INSERT, sql=insert/**/ into table(select) values(1)]" classname="org.postgresql.test.jdbc3.SqlCommandParseTest" time="0"/>
  <testcase name="run[expected=SELECT, sql=select&apos;abc&apos;/**/ as insert]" classname="org.postgresql.test.jdbc3.SqlCommandParseTest" time="0"/>
  <testcase name="run[expected=INSERT, sql=INSERT/*fool /*nest comments -- parser*/*/ INTO genkeys (b,c) VALUES (&apos;a&apos;, 2), (&apos;b&apos;, 4) SELECT]" classname="org.postgresql.test.jdbc3.SqlCommandParseTest" time="0"/>
  <testcase name="run[expected=INSERT, sql=with update as (update foo set (a=?,b=?,c=?)) insert into table(select) values(1)]" classname="org.postgresql.test.jdbc3.SqlCommandParseTest" time="0"/>
  <testcase name="run[expected=INSERT, sql=with update as (update foo set (a=?,b=?,c=?)) insert into table(select) select * from update]" classname="org.postgresql.test.jdbc3.SqlCommandParseTest" time="0"/>
  <testcase name="run[expected=INSERT, sql=with update as (update foo set (a=?,b=?,c=?)) insert/**/ into table(select) values(1)]" classname="org.postgresql.test.jdbc3.SqlCommandParseTest" time="0"/>
  <testcase name="run[expected=INSERT, sql=with update as (update foo set (a=?,b=?,c=?)) insert /**/ into table(select) values(1)]" classname="org.postgresql.test.jdbc3.SqlCommandParseTest" time="0"/>
  <testcase name="run[expected=SELECT, sql=with update as (update foo set (a=?,b=?,c=?)) insert --&#10;as () select 1]" classname="run[expected=SELECT, sql=with update as (update foo set (a=?,b=?,c=?)) insert --&#10;as () select 1](org.postgresql.test.jdbc3.SqlCommandParseTest)" time="0"/>
  <testcase name="run[expected=SELECT, sql=with update as (update foo set (a=?,b=?,c=?)) insert --&#10;/* dfhg &#10;*/&#10;as () select 1]" classname="run[expected=SELECT, sql=with update as (update foo set (a=?,b=?,c=?)) insert --&#10;/* dfhg &#10;*/&#10;as () select 1](org.postgresql.test.jdbc3.SqlCommandParseTest)" time="0"/>
  <testcase name="run[expected=SELECT, sql=WITH x as (INSERT INTO genkeys(a,b,c) VALUES (1, &apos;a&apos;, 2) returning  returning a, b) select * from x]" classname="org.postgresql.test.jdbc3.SqlCommandParseTest" time="0"/>
  <testcase name="run[expected=WITH, sql=with update as (update foo set (a=?,b=?,c=?)) copy from stdin]" classname="org.postgresql.test.jdbc3.SqlCommandParseTest" time="0"/>
  <testcase name="testComplicatedSavepointName" classname="org.postgresql.test.jdbc3.Jdbc3SavepointTest" time="0">
    <error message="Connection to localhost:5432 refused. Check that the hostname and port are correct and that the postmaster is accepting TCP/IP connections." type="org.postgresql.util.PSQLException"><![CDATA[org.postgresql.util.PSQLException: Connection to localhost:5432 refused. Check that the hostname and port are correct and that the postmaster is accepting TCP/IP connections.
	at java.net.PlainSocketImpl.socketConnect(Native Method)
	at java.net.AbstractPlainSocketImpl.doConnect(AbstractPlainSocketImpl.java:350)
	at java.net.AbstractPlainSocketImpl.connectToAddress(AbstractPlainSocketImpl.java:206)
	at java.net.AbstractPlainSocketImpl.connect(AbstractPlainSocketImpl.java:188)
	at java.net.SocksSocketImpl.connect(SocksSocketImpl.java:392)
	at java.net.Socket.connect(Socket.java:589)
	at org.postgresql.core.PGStream.<init>(PGStream.java:69)
	at org.postgresql.core.v3.ConnectionFactoryImpl.openConnectionImpl(ConnectionFactoryImpl.java:156)
	at org.postgresql.core.ConnectionFactory.openConnection(ConnectionFactory.java:49)
	at org.postgresql.jdbc.PgConnection.<init>(PgConnection.java:195)
	at org.postgresql.Driver.makeConnection(Driver.java:454)
	at org.postgresql.Driver.connect(Driver.java:256)
	at java.sql.DriverManager.getConnection(DriverManager.java:664)
	at java.sql.DriverManager.getConnection(DriverManager.java:208)
	at org.postgresql.test.TestUtil.openDB(TestUtil.java:312)
	at org.postgresql.test.TestUtil.openDB(TestUtil.java:277)
	at org.postgresql.test.jdbc3.Jdbc3SavepointTest.setUp(Jdbc3SavepointTest.java:30)
]]></error>
  </testcase>
  <testcase name="testComplicatedSavepointName" classname="org.postgresql.test.jdbc3.Jdbc3SavepointTest" time="0">
    <error type="java.lang.NullPointerException:">java.lang.NullPointerException: null
	at org.postgresql.test.jdbc3.Jdbc3SavepointTest.tearDown(Jdbc3SavepointTest.java:37)
</error>
  </testcase>
  <testcase name="testReleaseSavepoint" classname="org.postgresql.test.jdbc3.Jdbc3SavepointTest" time="0">
    <error message="Connection to localhost:5432 refused. Check that the hostname and port are correct and that the postmaster is accepting TCP/IP connections." type="org.postgresql.util.PSQLException"><![CDATA[org.postgresql.util.PSQLException: Connection to localhost:5432 refused. Check that the hostname and port are correct and that the postmaster is accepting TCP/IP connections.
	at java.net.PlainSocketImpl.socketConnect(Native Method)
	at java.net.AbstractPlainSocketImpl.doConnect(AbstractPlainSocketImpl.java:350)
	at java.net.AbstractPlainSocketImpl.connectToAddress(AbstractPlainSocketImpl.java:206)
	at java.net.AbstractPlainSocketImpl.connect(AbstractPlainSocketImpl.java:188)
	at java.net.SocksSocketImpl.connect(SocksSocketImpl.java:392)
	at java.net.Socket.connect(Socket.java:589)
	at org.postgresql.core.PGStream.<init>(PGStream.java:69)
	at org.postgresql.core.v3.ConnectionFactoryImpl.openConnectionImpl(ConnectionFactoryImpl.java:156)
	at org.postgresql.core.ConnectionFactory.openConnection(ConnectionFactory.java:49)
	at org.postgresql.jdbc.PgConnection.<init>(PgConnection.java:195)
	at org.postgresql.Driver.makeConnection(Driver.java:454)
	at org.postgresql.Driver.connect(Driver.java:256)
	at java.sql.DriverManager.getConnection(DriverManager.java:664)
	at java.sql.DriverManager.getConnection(DriverManager.java:208)
	at org.postgresql.test.TestUtil.openDB(TestUtil.java:312)
	at org.postgresql.test.TestUtil.openDB(TestUtil.java:277)
	at org.postgresql.test.jdbc3.Jdbc3SavepointTest.setUp(Jdbc3SavepointTest.java:30)
]]></error>
  </testcase>
  <testcase name="testReleaseSavepoint" classname="org.postgresql.test.jdbc3.Jdbc3SavepointTest" time="0">
    <error type="java.lang.NullPointerException:">java.lang.NullPointerException: null
	at org.postgresql.test.jdbc3.Jdbc3SavepointTest.tearDown(Jdbc3SavepointTest.java:37)
</error>
  </testcase>
  <testcase name="testRollingBackToInvalidSavepointFails" classname="org.postgresql.test.jdbc3.Jdbc3SavepointTest" time="0">
    <error message="Connection to localhost:5432 refused. Check that the hostname and port are correct and that the postmaster is accepting TCP/IP connections." type="org.postgresql.util.PSQLException"><![CDATA[org.postgresql.util.PSQLException: Connection to localhost:5432 refused. Check that the hostname and port are correct and that the postmaster is accepting TCP/IP connections.
	at java.net.PlainSocketImpl.socketConnect(Native Method)
	at java.net.AbstractPlainSocketImpl.doConnect(AbstractPlainSocketImpl.java:350)
	at java.net.AbstractPlainSocketImpl.connectToAddress(AbstractPlainSocketImpl.java:206)
	at java.net.AbstractPlainSocketImpl.connect(AbstractPlainSocketImpl.java:188)
	at java.net.SocksSocketImpl.connect(SocksSocketImpl.java:392)
	at java.net.Socket.connect(Socket.java:589)
	at org.postgresql.core.PGStream.<init>(PGStream.java:69)
	at org.postgresql.core.v3.ConnectionFactoryImpl.openConnectionImpl(ConnectionFactoryImpl.java:156)
	at org.postgresql.core.ConnectionFactory.openConnection(ConnectionFactory.java:49)
	at org.postgresql.jdbc.PgConnection.<init>(PgConnection.java:195)
	at org.postgresql.Driver.makeConnection(Driver.java:454)
	at org.postgresql.Driver.connect(Driver.java:256)
	at java.sql.DriverManager.getConnection(DriverManager.java:664)
	at java.sql.DriverManager.getConnection(DriverManager.java:208)
	at org.postgresql.test.TestUtil.openDB(TestUtil.java:312)
	at org.postgresql.test.TestUtil.openDB(TestUtil.java:277)
	at org.postgresql.test.jdbc3.Jdbc3SavepointTest.setUp(Jdbc3SavepointTest.java:30)
]]></error>
  </testcase>
  <testcase name="testRollingBackToInvalidSavepointFails" classname="org.postgresql.test.jdbc3.Jdbc3SavepointTest" time="0">
    <error type="java.lang.NullPointerException:">java.lang.NullPointerException: null
	at org.postgresql.test.jdbc3.Jdbc3SavepointTest.tearDown(Jdbc3SavepointTest.java:37)
</error>
  </testcase>
  <testcase name="testGlobalRollbackWorks" classname="org.postgresql.test.jdbc3.Jdbc3SavepointTest" time="0">
    <error message="Connection to localhost:5432 refused. Check that the hostname and port are correct and that the postmaster is accepting TCP/IP connections." type="org.postgresql.util.PSQLException"><![CDATA[org.postgresql.util.PSQLException: Connection to localhost:5432 refused. Check that the hostname and port are correct and that the postmaster is accepting TCP/IP connections.
	at java.net.PlainSocketImpl.socketConnect(Native Method)
	at java.net.AbstractPlainSocketImpl.doConnect(AbstractPlainSocketImpl.java:350)
	at java.net.AbstractPlainSocketImpl.connectToAddress(AbstractPlainSocketImpl.java:206)
	at java.net.AbstractPlainSocketImpl.connect(AbstractPlainSocketImpl.java:188)
	at java.net.SocksSocketImpl.connect(SocksSocketImpl.java:392)
	at java.net.Socket.connect(Socket.java:589)
	at org.postgresql.core.PGStream.<init>(PGStream.java:69)
	at org.postgresql.core.v3.ConnectionFactoryImpl.openConnectionImpl(ConnectionFactoryImpl.java:156)
	at org.postgresql.core.ConnectionFactory.openConnection(ConnectionFactory.java:49)
	at org.postgresql.jdbc.PgConnection.<init>(PgConnection.java:195)
	at org.postgresql.Driver.makeConnection(Driver.java:454)
	at org.postgresql.Driver.connect(Driver.java:256)
	at java.sql.DriverManager.getConnection(DriverManager.java:664)
	at java.sql.DriverManager.getConnection(DriverManager.java:208)
	at org.postgresql.test.TestUtil.openDB(TestUtil.java:312)
	at org.postgresql.test.TestUtil.openDB(TestUtil.java:277)
	at org.postgresql.test.jdbc3.Jdbc3SavepointTest.setUp(Jdbc3SavepointTest.java:30)
]]></error>
  </testcase>
  <testcase name="testGlobalRollbackWorks" classname="org.postgresql.test.jdbc3.Jdbc3SavepointTest" time="0">
    <error type="java.lang.NullPointerException:">java.lang.NullPointerException: null
	at org.postgresql.test.jdbc3.Jdbc3SavepointTest.tearDown(Jdbc3SavepointTest.java:37)
</error>
  </testcase>
  <testcase name="testRollingBackToSavepoints" classname="org.postgresql.test.jdbc3.Jdbc3SavepointTest" time="0">
    <error message="Connection to localhost:5432 refused. Check that the hostname and port are correct and that the postmaster is accepting TCP/IP connections." type="org.postgresql.util.PSQLException"><![CDATA[org.postgresql.util.PSQLException: Connection to localhost:5432 refused. Check that the hostname and port are correct and that the postmaster is accepting TCP/IP connections.
	at java.net.PlainSocketImpl.socketConnect(Native Method)
	at java.net.AbstractPlainSocketImpl.doConnect(AbstractPlainSocketImpl.java:350)
	at java.net.AbstractPlainSocketImpl.connectToAddress(AbstractPlainSocketImpl.java:206)
	at java.net.AbstractPlainSocketImpl.connect(AbstractPlainSocketImpl.java:188)
	at java.net.SocksSocketImpl.connect(SocksSocketImpl.java:392)
	at java.net.Socket.connect(Socket.java:589)
	at org.postgresql.core.PGStream.<init>(PGStream.java:69)
	at org.postgresql.core.v3.ConnectionFactoryImpl.openConnectionImpl(ConnectionFactoryImpl.java:156)
	at org.postgresql.core.ConnectionFactory.openConnection(ConnectionFactory.java:49)
	at org.postgresql.jdbc.PgConnection.<init>(PgConnection.java:195)
	at org.postgresql.Driver.makeConnection(Driver.java:454)
	at org.postgresql.Driver.connect(Driver.java:256)
	at java.sql.DriverManager.getConnection(DriverManager.java:664)
	at java.sql.DriverManager.getConnection(DriverManager.java:208)
	at org.postgresql.test.TestUtil.openDB(TestUtil.java:312)
	at org.postgresql.test.TestUtil.openDB(TestUtil.java:277)
	at org.postgresql.test.jdbc3.Jdbc3SavepointTest.setUp(Jdbc3SavepointTest.java:30)
]]></error>
  </testcase>
  <testcase name="testRollingBackToSavepoints" classname="org.postgresql.test.jdbc3.Jdbc3SavepointTest" time="0">
    <error type="java.lang.NullPointerException:">java.lang.NullPointerException: null
	at org.postgresql.test.jdbc3.Jdbc3SavepointTest.tearDown(Jdbc3SavepointTest.java:37)
</error>
  </testcase>
  <testcase name="testCantMixSavepointTypes" classname="org.postgresql.test.jdbc3.Jdbc3SavepointTest" time="0">
    <error message="Connection to localhost:5432 refused. Check that the hostname and port are correct and that the postmaster is accepting TCP/IP connections." type="org.postgresql.util.PSQLException"><![CDATA[org.postgresql.util.PSQLException: Connection to localhost:5432 refused. Check that the hostname and port are correct and that the postmaster is accepting TCP/IP connections.
	at java.net.PlainSocketImpl.socketConnect(Native Method)
	at java.net.AbstractPlainSocketImpl.doConnect(AbstractPlainSocketImpl.java:350)
	at java.net.AbstractPlainSocketImpl.connectToAddress(AbstractPlainSocketImpl.java:206)
	at java.net.AbstractPlainSocketImpl.connect(AbstractPlainSocketImpl.java:188)
	at java.net.SocksSocketImpl.connect(SocksSocketImpl.java:392)
	at java.net.Socket.connect(Socket.java:589)
	at org.postgresql.core.PGStream.<init>(PGStream.java:69)
	at org.postgresql.core.v3.ConnectionFactoryImpl.openConnectionImpl(ConnectionFactoryImpl.java:156)
	at org.postgresql.core.ConnectionFactory.openConnection(ConnectionFactory.java:49)
	at org.postgresql.jdbc.PgConnection.<init>(PgConnection.java:195)
	at org.postgresql.Driver.makeConnection(Driver.java:454)
	at org.postgresql.Driver.connect(Driver.java:256)
	at java.sql.DriverManager.getConnection(DriverManager.java:664)
	at java.sql.DriverManager.getConnection(DriverManager.java:208)
	at org.postgresql.test.TestUtil.openDB(TestUtil.java:312)
	at org.postgresql.test.TestUtil.openDB(TestUtil.java:277)
	at org.postgresql.test.jdbc3.Jdbc3SavepointTest.setUp(Jdbc3SavepointTest.java:30)
]]></error>
  </testcase>
  <testcase name="testCantMixSavepointTypes" classname="org.postgresql.test.jdbc3.Jdbc3SavepointTest" time="0">
    <error type="java.lang.NullPointerException:">java.lang.NullPointerException: null
	at org.postgresql.test.jdbc3.Jdbc3SavepointTest.tearDown(Jdbc3SavepointTest.java:37)
</error>
  </testcase>
  <testcase name="testRollbackMultipleTimes" classname="org.postgresql.test.jdbc3.Jdbc3SavepointTest" time="0">
    <error message="Connection to localhost:5432 refused. Check that the hostname and port are correct and that the postmaster is accepting TCP/IP connections." type="org.postgresql.util.PSQLException"><![CDATA[org.postgresql.util.PSQLException: Connection to localhost:5432 refused. Check that the hostname and port are correct and that the postmaster is accepting TCP/IP connections.
	at java.net.PlainSocketImpl.socketConnect(Native Method)
	at java.net.AbstractPlainSocketImpl.doConnect(AbstractPlainSocketImpl.java:350)
	at java.net.AbstractPlainSocketImpl.connectToAddress(AbstractPlainSocketImpl.java:206)
	at java.net.AbstractPlainSocketImpl.connect(AbstractPlainSocketImpl.java:188)
	at java.net.SocksSocketImpl.connect(SocksSocketImpl.java:392)
	at java.net.Socket.connect(Socket.java:589)
	at org.postgresql.core.PGStream.<init>(PGStream.java:69)
	at org.postgresql.core.v3.ConnectionFactoryImpl.openConnectionImpl(ConnectionFactoryImpl.java:156)
	at org.postgresql.core.ConnectionFactory.openConnection(ConnectionFactory.java:49)
	at org.postgresql.jdbc.PgConnection.<init>(PgConnection.java:195)
	at org.postgresql.Driver.makeConnection(Driver.java:454)
	at org.postgresql.Driver.connect(Driver.java:256)
	at java.sql.DriverManager.getConnection(DriverManager.java:664)
	at java.sql.DriverManager.getConnection(DriverManager.java:208)
	at org.postgresql.test.TestUtil.openDB(TestUtil.java:312)
	at org.postgresql.test.TestUtil.openDB(TestUtil.java:277)
	at org.postgresql.test.jdbc3.Jdbc3SavepointTest.setUp(Jdbc3SavepointTest.java:30)
]]></error>
  </testcase>
  <testcase name="testRollbackMultipleTimes" classname="org.postgresql.test.jdbc3.Jdbc3SavepointTest" time="0">
    <error type="java.lang.NullPointerException:">java.lang.NullPointerException: null
	at org.postgresql.test.jdbc3.Jdbc3SavepointTest.tearDown(Jdbc3SavepointTest.java:37)
</error>
  </testcase>
  <testcase name="testAutoCommitFails" classname="org.postgresql.test.jdbc3.Jdbc3SavepointTest" time="0">
    <error message="Connection to localhost:5432 refused. Check that the hostname and port are correct and that the postmaster is accepting TCP/IP connections." type="org.postgresql.util.PSQLException"><![CDATA[org.postgresql.util.PSQLException: Connection to localhost:5432 refused. Check that the hostname and port are correct and that the postmaster is accepting TCP/IP connections.
	at java.net.PlainSocketImpl.socketConnect(Native Method)
	at java.net.AbstractPlainSocketImpl.doConnect(AbstractPlainSocketImpl.java:350)
	at java.net.AbstractPlainSocketImpl.connectToAddress(AbstractPlainSocketImpl.java:206)
	at java.net.AbstractPlainSocketImpl.connect(AbstractPlainSocketImpl.java:188)
	at java.net.SocksSocketImpl.connect(SocksSocketImpl.java:392)
	at java.net.Socket.connect(Socket.java:589)
	at org.postgresql.core.PGStream.<init>(PGStream.java:69)
	at org.postgresql.core.v3.ConnectionFactoryImpl.openConnectionImpl(ConnectionFactoryImpl.java:156)
	at org.postgresql.core.ConnectionFactory.openConnection(ConnectionFactory.java:49)
	at org.postgresql.jdbc.PgConnection.<init>(PgConnection.java:195)
	at org.postgresql.Driver.makeConnection(Driver.java:454)
	at org.postgresql.Driver.connect(Driver.java:256)
	at java.sql.DriverManager.getConnection(DriverManager.java:664)
	at java.sql.DriverManager.getConnection(DriverManager.java:208)
	at org.postgresql.test.TestUtil.openDB(TestUtil.java:312)
	at org.postgresql.test.TestUtil.openDB(TestUtil.java:277)
	at org.postgresql.test.jdbc3.Jdbc3SavepointTest.setUp(Jdbc3SavepointTest.java:30)
]]></error>
  </testcase>
  <testcase name="testAutoCommitFails" classname="org.postgresql.test.jdbc3.Jdbc3SavepointTest" time="0">
    <error type="java.lang.NullPointerException:">java.lang.NullPointerException: null
	at org.postgresql.test.jdbc3.Jdbc3SavepointTest.tearDown(Jdbc3SavepointTest.java:37)
</error>
  </testcase>
  <testcase name="testContinueAfterError" classname="org.postgresql.test.jdbc3.Jdbc3SavepointTest" time="0.001">
    <error message="Connection to localhost:5432 refused. Check that the hostname and port are correct and that the postmaster is accepting TCP/IP connections." type="org.postgresql.util.PSQLException"><![CDATA[org.postgresql.util.PSQLException: Connection to localhost:5432 refused. Check that the hostname and port are correct and that the postmaster is accepting TCP/IP connections.
	at java.net.PlainSocketImpl.socketConnect(Native Method)
	at java.net.AbstractPlainSocketImpl.doConnect(AbstractPlainSocketImpl.java:350)
	at java.net.AbstractPlainSocketImpl.connectToAddress(AbstractPlainSocketImpl.java:206)
	at java.net.AbstractPlainSocketImpl.connect(AbstractPlainSocketImpl.java:188)
	at java.net.SocksSocketImpl.connect(SocksSocketImpl.java:392)
	at java.net.Socket.connect(Socket.java:589)
	at org.postgresql.core.PGStream.<init>(PGStream.java:69)
	at org.postgresql.core.v3.ConnectionFactoryImpl.openConnectionImpl(ConnectionFactoryImpl.java:156)
	at org.postgresql.core.ConnectionFactory.openConnection(ConnectionFactory.java:49)
	at org.postgresql.jdbc.PgConnection.<init>(PgConnection.java:195)
	at org.postgresql.Driver.makeConnection(Driver.java:454)
	at org.postgresql.Driver.connect(Driver.java:256)
	at java.sql.DriverManager.getConnection(DriverManager.java:664)
	at java.sql.DriverManager.getConnection(DriverManager.java:208)
	at org.postgresql.test.TestUtil.openDB(TestUtil.java:312)
	at org.postgresql.test.TestUtil.openDB(TestUtil.java:277)
	at org.postgresql.test.jdbc3.Jdbc3SavepointTest.setUp(Jdbc3SavepointTest.java:30)
]]></error>
  </testcase>
  <testcase name="testContinueAfterError" classname="org.postgresql.test.jdbc3.Jdbc3SavepointTest" time="0.001">
    <error type="java.lang.NullPointerException:">java.lang.NullPointerException: null
	at org.postgresql.test.jdbc3.Jdbc3SavepointTest.tearDown(Jdbc3SavepointTest.java:37)
</error>
  </testcase>
  <testcase name="testPreparedByte" classname="org.postgresql.test.jdbc3.TypesTest" time="0">
    <error message="Connection to localhost:5432 refused. Check that the hostname and port are correct and that the postmaster is accepting TCP/IP connections." type="org.postgresql.util.PSQLException"><![CDATA[org.postgresql.util.PSQLException: Connection to localhost:5432 refused. Check that the hostname and port are correct and that the postmaster is accepting TCP/IP connections.
	at java.net.PlainSocketImpl.socketConnect(Native Method)
	at java.net.AbstractPlainSocketImpl.doConnect(AbstractPlainSocketImpl.java:350)
	at java.net.AbstractPlainSocketImpl.connectToAddress(AbstractPlainSocketImpl.java:206)
	at java.net.AbstractPlainSocketImpl.connect(AbstractPlainSocketImpl.java:188)
	at java.net.SocksSocketImpl.connect(SocksSocketImpl.java:392)
	at java.net.Socket.connect(Socket.java:589)
	at org.postgresql.core.PGStream.<init>(PGStream.java:69)
	at org.postgresql.core.v3.ConnectionFactoryImpl.openConnectionImpl(ConnectionFactoryImpl.java:156)
	at org.postgresql.core.ConnectionFactory.openConnection(ConnectionFactory.java:49)
	at org.postgresql.jdbc.PgConnection.<init>(PgConnection.java:195)
	at org.postgresql.Driver.makeConnection(Driver.java:454)
	at org.postgresql.Driver.connect(Driver.java:256)
	at java.sql.DriverManager.getConnection(DriverManager.java:664)
	at java.sql.DriverManager.getConnection(DriverManager.java:208)
	at org.postgresql.test.TestUtil.openDB(TestUtil.java:312)
	at org.postgresql.test.jdbc2.BaseTest4.setUp(BaseTest4.java:83)
	at org.postgresql.test.jdbc3.TypesTest.setUp(TypesTest.java:32)
]]></error>
  </testcase>
  <testcase name="testPreparedByte" classname="org.postgresql.test.jdbc3.TypesTest" time="0">
    <error type="java.lang.NullPointerException:">java.lang.NullPointerException: null
	at org.postgresql.test.jdbc3.TypesTest.tearDown(TypesTest.java:42)
</error>
  </testcase>
  <testcase name="testPreparedBoolean" classname="org.postgresql.test.jdbc3.TypesTest" time="0">
    <error message="Connection to localhost:5432 refused. Check that the hostname and port are correct and that the postmaster is accepting TCP/IP connections." type="org.postgresql.util.PSQLException"><![CDATA[org.postgresql.util.PSQLException: Connection to localhost:5432 refused. Check that the hostname and port are correct and that the postmaster is accepting TCP/IP connections.
	at java.net.PlainSocketImpl.socketConnect(Native Method)
	at java.net.AbstractPlainSocketImpl.doConnect(AbstractPlainSocketImpl.java:350)
	at java.net.AbstractPlainSocketImpl.connectToAddress(AbstractPlainSocketImpl.java:206)
	at java.net.AbstractPlainSocketImpl.connect(AbstractPlainSocketImpl.java:188)
	at java.net.SocksSocketImpl.connect(SocksSocketImpl.java:392)
	at java.net.Socket.connect(Socket.java:589)
	at org.postgresql.core.PGStream.<init>(PGStream.java:69)
	at org.postgresql.core.v3.ConnectionFactoryImpl.openConnectionImpl(ConnectionFactoryImpl.java:156)
	at org.postgresql.core.ConnectionFactory.openConnection(ConnectionFactory.java:49)
	at org.postgresql.jdbc.PgConnection.<init>(PgConnection.java:195)
	at org.postgresql.Driver.makeConnection(Driver.java:454)
	at org.postgresql.Driver.connect(Driver.java:256)
	at java.sql.DriverManager.getConnection(DriverManager.java:664)
	at java.sql.DriverManager.getConnection(DriverManager.java:208)
	at org.postgresql.test.TestUtil.openDB(TestUtil.java:312)
	at org.postgresql.test.jdbc2.BaseTest4.setUp(BaseTest4.java:83)
	at org.postgresql.test.jdbc3.TypesTest.setUp(TypesTest.java:32)
]]></error>
  </testcase>
  <testcase name="testPreparedBoolean" classname="org.postgresql.test.jdbc3.TypesTest" time="0">
    <error type="java.lang.NullPointerException:">java.lang.NullPointerException: null
	at org.postgresql.test.jdbc3.TypesTest.tearDown(TypesTest.java:42)
</error>
  </testcase>
  <testcase name="testCallableBoolean" classname="org.postgresql.test.jdbc3.TypesTest" time="0">
    <error message="Connection to localhost:5432 refused. Check that the hostname and port are correct and that the postmaster is accepting TCP/IP connections." type="org.postgresql.util.PSQLException"><![CDATA[org.postgresql.util.PSQLException: Connection to localhost:5432 refused. Check that the hostname and port are correct and that the postmaster is accepting TCP/IP connections.
	at java.net.PlainSocketImpl.socketConnect(Native Method)
	at java.net.AbstractPlainSocketImpl.doConnect(AbstractPlainSocketImpl.java:350)
	at java.net.AbstractPlainSocketImpl.connectToAddress(AbstractPlainSocketImpl.java:206)
	at java.net.AbstractPlainSocketImpl.connect(AbstractPlainSocketImpl.java:188)
	at java.net.SocksSocketImpl.connect(SocksSocketImpl.java:392)
	at java.net.Socket.connect(Socket.java:589)
	at org.postgresql.core.PGStream.<init>(PGStream.java:69)
	at org.postgresql.core.v3.ConnectionFactoryImpl.openConnectionImpl(ConnectionFactoryImpl.java:156)
	at org.postgresql.core.ConnectionFactory.openConnection(ConnectionFactory.java:49)
	at org.postgresql.jdbc.PgConnection.<init>(PgConnection.java:195)
	at org.postgresql.Driver.makeConnection(Driver.java:454)
	at org.postgresql.Driver.connect(Driver.java:256)
	at java.sql.DriverManager.getConnection(DriverManager.java:664)
	at java.sql.DriverManager.getConnection(DriverManager.java:208)
	at org.postgresql.test.TestUtil.openDB(TestUtil.java:312)
	at org.postgresql.test.jdbc2.BaseTest4.setUp(BaseTest4.java:83)
	at org.postgresql.test.jdbc3.TypesTest.setUp(TypesTest.java:32)
]]></error>
  </testcase>
  <testcase name="testCallableBoolean" classname="org.postgresql.test.jdbc3.TypesTest" time="0">
    <error type="java.lang.NullPointerException:">java.lang.NullPointerException: null
	at org.postgresql.test.jdbc3.TypesTest.tearDown(TypesTest.java:42)
</error>
  </testcase>
  <testcase name="testUnknownType" classname="org.postgresql.test.jdbc3.TypesTest" time="0">
    <error message="Connection to localhost:5432 refused. Check that the hostname and port are correct and that the postmaster is accepting TCP/IP connections." type="org.postgresql.util.PSQLException"><![CDATA[org.postgresql.util.PSQLException: Connection to localhost:5432 refused. Check that the hostname and port are correct and that the postmaster is accepting TCP/IP connections.
	at java.net.PlainSocketImpl.socketConnect(Native Method)
	at java.net.AbstractPlainSocketImpl.doConnect(AbstractPlainSocketImpl.java:350)
	at java.net.AbstractPlainSocketImpl.connectToAddress(AbstractPlainSocketImpl.java:206)
	at java.net.AbstractPlainSocketImpl.connect(AbstractPlainSocketImpl.java:188)
	at java.net.SocksSocketImpl.connect(SocksSocketImpl.java:392)
	at java.net.Socket.connect(Socket.java:589)
	at org.postgresql.core.PGStream.<init>(PGStream.java:69)
	at org.postgresql.core.v3.ConnectionFactoryImpl.openConnectionImpl(ConnectionFactoryImpl.java:156)
	at org.postgresql.core.ConnectionFactory.openConnection(ConnectionFactory.java:49)
	at org.postgresql.jdbc.PgConnection.<init>(PgConnection.java:195)
	at org.postgresql.Driver.makeConnection(Driver.java:454)
	at org.postgresql.Driver.connect(Driver.java:256)
	at java.sql.DriverManager.getConnection(DriverManager.java:664)
	at java.sql.DriverManager.getConnection(DriverManager.java:208)
	at org.postgresql.test.TestUtil.openDB(TestUtil.java:312)
	at org.postgresql.test.jdbc2.BaseTest4.setUp(BaseTest4.java:83)
	at org.postgresql.test.jdbc3.TypesTest.setUp(TypesTest.java:32)
]]></error>
  </testcase>
  <testcase name="testUnknownType" classname="org.postgresql.test.jdbc3.TypesTest" time="0">
    <error type="java.lang.NullPointerException:">java.lang.NullPointerException: null
	at org.postgresql.test.jdbc3.TypesTest.tearDown(TypesTest.java:42)
</error>
  </testcase>
  <testcase name="testHoldableResultSet" classname="org.postgresql.test.jdbc3.ResultSetTest" time="0">
    <error message="Connection to localhost:5432 refused. Check that the hostname and port are correct and that the postmaster is accepting TCP/IP connections." type="org.postgresql.util.PSQLException"><![CDATA[org.postgresql.util.PSQLException: Connection to localhost:5432 refused. Check that the hostname and port are correct and that the postmaster is accepting TCP/IP connections.
	at java.net.PlainSocketImpl.socketConnect(Native Method)
	at java.net.AbstractPlainSocketImpl.doConnect(AbstractPlainSocketImpl.java:350)
	at java.net.AbstractPlainSocketImpl.connectToAddress(AbstractPlainSocketImpl.java:206)
	at java.net.AbstractPlainSocketImpl.connect(AbstractPlainSocketImpl.java:188)
	at java.net.SocksSocketImpl.connect(SocksSocketImpl.java:392)
	at java.net.Socket.connect(Socket.java:589)
	at org.postgresql.core.PGStream.<init>(PGStream.java:69)
	at org.postgresql.core.v3.ConnectionFactoryImpl.openConnectionImpl(ConnectionFactoryImpl.java:156)
	at org.postgresql.core.ConnectionFactory.openConnection(ConnectionFactory.java:49)
	at org.postgresql.jdbc.PgConnection.<init>(PgConnection.java:195)
	at org.postgresql.Driver.makeConnection(Driver.java:454)
	at org.postgresql.Driver.connect(Driver.java:256)
	at java.sql.DriverManager.getConnection(DriverManager.java:664)
	at java.sql.DriverManager.getConnection(DriverManager.java:208)
	at org.postgresql.test.TestUtil.openDB(TestUtil.java:312)
	at org.postgresql.test.TestUtil.openDB(TestUtil.java:277)
	at org.postgresql.test.jdbc3.ResultSetTest.setUp(ResultSetTest.java:28)
]]></error>
  </testcase>
  <testcase name="testHoldableResultSet" classname="org.postgresql.test.jdbc3.ResultSetTest" time="0">
    <error type="java.lang.NullPointerException:">java.lang.NullPointerException: null
	at org.postgresql.test.jdbc3.ResultSetTest.tearDown(ResultSetTest.java:38)
</error>
  </testcase>
  <testcase name="testMultiStatement" classname="org.postgresql.test.jdbc3.ParameterMetaDataTest" time="0">
    <error message="Connection to localhost:5432 refused. Check that the hostname and port are correct and that the postmaster is accepting TCP/IP connections." type="org.postgresql.util.PSQLException"><![CDATA[org.postgresql.util.PSQLException: Connection to localhost:5432 refused. Check that the hostname and port are correct and that the postmaster is accepting TCP/IP connections.
	at java.net.PlainSocketImpl.socketConnect(Native Method)
	at java.net.AbstractPlainSocketImpl.doConnect(AbstractPlainSocketImpl.java:350)
	at java.net.AbstractPlainSocketImpl.connectToAddress(AbstractPlainSocketImpl.java:206)
	at java.net.AbstractPlainSocketImpl.connect(AbstractPlainSocketImpl.java:188)
	at java.net.SocksSocketImpl.connect(SocksSocketImpl.java:392)
	at java.net.Socket.connect(Socket.java:589)
	at org.postgresql.core.PGStream.<init>(PGStream.java:69)
	at org.postgresql.core.v3.ConnectionFactoryImpl.openConnectionImpl(ConnectionFactoryImpl.java:156)
	at org.postgresql.core.ConnectionFactory.openConnection(ConnectionFactory.java:49)
	at org.postgresql.jdbc.PgConnection.<init>(PgConnection.java:195)
	at org.postgresql.Driver.makeConnection(Driver.java:454)
	at org.postgresql.Driver.connect(Driver.java:256)
	at java.sql.DriverManager.getConnection(DriverManager.java:664)
	at java.sql.DriverManager.getConnection(DriverManager.java:208)
	at org.postgresql.test.TestUtil.openDB(TestUtil.java:312)
	at org.postgresql.test.jdbc2.BaseTest4.setUp(BaseTest4.java:83)
	at org.postgresql.test.jdbc3.ParameterMetaDataTest.setUp(ParameterMetaDataTest.java:29)
]]></error>
  </testcase>
  <testcase name="testMultiStatement" classname="org.postgresql.test.jdbc3.ParameterMetaDataTest" time="0">
    <error type="java.lang.NullPointerException:">java.lang.NullPointerException: null
	at org.postgresql.test.TestUtil.dropTable(TestUtil.java:517)
	at org.postgresql.test.jdbc3.ParameterMetaDataTest.tearDown(ParameterMetaDataTest.java:38)
</error>
  </testcase>
  <testcase name="testFailsOnBadIndex" classname="org.postgresql.test.jdbc3.ParameterMetaDataTest" time="0">
    <error message="Connection to localhost:5432 refused. Check that the hostname and port are correct and that the postmaster is accepting TCP/IP connections." type="org.postgresql.util.PSQLException"><![CDATA[org.postgresql.util.PSQLException: Connection to localhost:5432 refused. Check that the hostname and port are correct and that the postmaster is accepting TCP/IP connections.
	at java.net.PlainSocketImpl.socketConnect(Native Method)
	at java.net.AbstractPlainSocketImpl.doConnect(AbstractPlainSocketImpl.java:350)
	at java.net.AbstractPlainSocketImpl.connectToAddress(AbstractPlainSocketImpl.java:206)
	at java.net.AbstractPlainSocketImpl.connect(AbstractPlainSocketImpl.java:188)
	at java.net.SocksSocketImpl.connect(SocksSocketImpl.java:392)
	at java.net.Socket.connect(Socket.java:589)
	at org.postgresql.core.PGStream.<init>(PGStream.java:69)
	at org.postgresql.core.v3.ConnectionFactoryImpl.openConnectionImpl(ConnectionFactoryImpl.java:156)
	at org.postgresql.core.ConnectionFactory.openConnection(ConnectionFactory.java:49)
	at org.postgresql.jdbc.PgConnection.<init>(PgConnection.java:195)
	at org.postgresql.Driver.makeConnection(Driver.java:454)
	at org.postgresql.Driver.connect(Driver.java:256)
	at java.sql.DriverManager.getConnection(DriverManager.java:664)
	at java.sql.DriverManager.getConnection(DriverManager.java:208)
	at org.postgresql.test.TestUtil.openDB(TestUtil.java:312)
	at org.postgresql.test.jdbc2.BaseTest4.setUp(BaseTest4.java:83)
	at org.postgresql.test.jdbc3.ParameterMetaDataTest.setUp(ParameterMetaDataTest.java:29)
]]></error>
  </testcase>
  <testcase name="testFailsOnBadIndex" classname="org.postgresql.test.jdbc3.ParameterMetaDataTest" time="0">
    <error type="java.lang.NullPointerException:">java.lang.NullPointerException: null
	at org.postgresql.test.TestUtil.dropTable(TestUtil.java:517)
	at org.postgresql.test.jdbc3.ParameterMetaDataTest.tearDown(ParameterMetaDataTest.java:38)
</error>
  </testcase>
  <testcase name="testTypeChangeWithUnknown" classname="org.postgresql.test.jdbc3.ParameterMetaDataTest" time="0">
    <error message="Connection to localhost:5432 refused. Check that the hostname and port are correct and that the postmaster is accepting TCP/IP connections." type="org.postgresql.util.PSQLException"><![CDATA[org.postgresql.util.PSQLException: Connection to localhost:5432 refused. Check that the hostname and port are correct and that the postmaster is accepting TCP/IP connections.
	at java.net.PlainSocketImpl.socketConnect(Native Method)
	at java.net.AbstractPlainSocketImpl.doConnect(AbstractPlainSocketImpl.java:350)
	at java.net.AbstractPlainSocketImpl.connectToAddress(AbstractPlainSocketImpl.java:206)
	at java.net.AbstractPlainSocketImpl.connect(AbstractPlainSocketImpl.java:188)
	at java.net.SocksSocketImpl.connect(SocksSocketImpl.java:392)
	at java.net.Socket.connect(Socket.java:589)
	at org.postgresql.core.PGStream.<init>(PGStream.java:69)
	at org.postgresql.core.v3.ConnectionFactoryImpl.openConnectionImpl(ConnectionFactoryImpl.java:156)
	at org.postgresql.core.ConnectionFactory.openConnection(ConnectionFactory.java:49)
	at org.postgresql.jdbc.PgConnection.<init>(PgConnection.java:195)
	at org.postgresql.Driver.makeConnection(Driver.java:454)
	at org.postgresql.Driver.connect(Driver.java:256)
	at java.sql.DriverManager.getConnection(DriverManager.java:664)
	at java.sql.DriverManager.getConnection(DriverManager.java:208)
	at org.postgresql.test.TestUtil.openDB(TestUtil.java:312)
	at org.postgresql.test.jdbc2.BaseTest4.setUp(BaseTest4.java:83)
	at org.postgresql.test.jdbc3.ParameterMetaDataTest.setUp(ParameterMetaDataTest.java:29)
]]></error>
  </testcase>
  <testcase name="testTypeChangeWithUnknown" classname="org.postgresql.test.jdbc3.ParameterMetaDataTest" time="0">
    <error type="java.lang.NullPointerException:">java.lang.NullPointerException: null
	at org.postgresql.test.TestUtil.dropTable(TestUtil.java:517)
	at org.postgresql.test.jdbc3.ParameterMetaDataTest.tearDown(ParameterMetaDataTest.java:38)
</error>
  </testcase>
  <testcase name="testParameterMD" classname="org.postgresql.test.jdbc3.ParameterMetaDataTest" time="0">
    <error message="Connection to localhost:5432 refused. Check that the hostname and port are correct and that the postmaster is accepting TCP/IP connections." type="org.postgresql.util.PSQLException"><![CDATA[org.postgresql.util.PSQLException: Connection to localhost:5432 refused. Check that the hostname and port are correct and that the postmaster is accepting TCP/IP connections.
	at java.net.PlainSocketImpl.socketConnect(Native Method)
	at java.net.AbstractPlainSocketImpl.doConnect(AbstractPlainSocketImpl.java:350)
	at java.net.AbstractPlainSocketImpl.connectToAddress(AbstractPlainSocketImpl.java:206)
	at java.net.AbstractPlainSocketImpl.connect(AbstractPlainSocketImpl.java:188)
	at java.net.SocksSocketImpl.connect(SocksSocketImpl.java:392)
	at java.net.Socket.connect(Socket.java:589)
	at org.postgresql.core.PGStream.<init>(PGStream.java:69)
	at org.postgresql.core.v3.ConnectionFactoryImpl.openConnectionImpl(ConnectionFactoryImpl.java:156)
	at org.postgresql.core.ConnectionFactory.openConnection(ConnectionFactory.java:49)
	at org.postgresql.jdbc.PgConnection.<init>(PgConnection.java:195)
	at org.postgresql.Driver.makeConnection(Driver.java:454)
	at org.postgresql.Driver.connect(Driver.java:256)
	at java.sql.DriverManager.getConnection(DriverManager.java:664)
	at java.sql.DriverManager.getConnection(DriverManager.java:208)
	at org.postgresql.test.TestUtil.openDB(TestUtil.java:312)
	at org.postgresql.test.jdbc2.BaseTest4.setUp(BaseTest4.java:83)
	at org.postgresql.test.jdbc3.ParameterMetaDataTest.setUp(ParameterMetaDataTest.java:29)
]]></error>
  </testcase>
  <testcase name="testParameterMD" classname="org.postgresql.test.jdbc3.ParameterMetaDataTest" time="0">
    <error type="java.lang.NullPointerException:">java.lang.NullPointerException: null
	at org.postgresql.test.TestUtil.dropTable(TestUtil.java:517)
	at org.postgresql.test.jdbc3.ParameterMetaDataTest.tearDown(ParameterMetaDataTest.java:38)
</error>
  </testcase>
  <testcase name="test1ByteOffset" classname="org.postgresql.test.jdbc3.Jdbc3BlobTest" time="0">
    <error message="Connection to localhost:5432 refused. Check that the hostname and port are correct and that the postmaster is accepting TCP/IP connections." type="org.postgresql.util.PSQLException"><![CDATA[org.postgresql.util.PSQLException: Connection to localhost:5432 refused. Check that the hostname and port are correct and that the postmaster is accepting TCP/IP connections.
	at java.net.PlainSocketImpl.socketConnect(Native Method)
	at java.net.AbstractPlainSocketImpl.doConnect(AbstractPlainSocketImpl.java:350)
	at java.net.AbstractPlainSocketImpl.connectToAddress(AbstractPlainSocketImpl.java:206)
	at java.net.AbstractPlainSocketImpl.connect(AbstractPlainSocketImpl.java:188)
	at java.net.SocksSocketImpl.connect(SocksSocketImpl.java:392)
	at java.net.Socket.connect(Socket.java:589)
	at org.postgresql.core.PGStream.<init>(PGStream.java:69)
	at org.postgresql.core.v3.ConnectionFactoryImpl.openConnectionImpl(ConnectionFactoryImpl.java:156)
	at org.postgresql.core.ConnectionFactory.openConnection(ConnectionFactory.java:49)
	at org.postgresql.jdbc.PgConnection.<init>(PgConnection.java:195)
	at org.postgresql.Driver.makeConnection(Driver.java:454)
	at org.postgresql.Driver.connect(Driver.java:256)
	at java.sql.DriverManager.getConnection(DriverManager.java:664)
	at java.sql.DriverManager.getConnection(DriverManager.java:208)
	at org.postgresql.test.TestUtil.openDB(TestUtil.java:312)
	at org.postgresql.test.TestUtil.openDB(TestUtil.java:277)
	at org.postgresql.test.jdbc3.Jdbc3BlobTest.setUp(Jdbc3BlobTest.java:38)
]]></error>
  </testcase>
  <testcase name="test1ByteOffset" classname="org.postgresql.test.jdbc3.Jdbc3BlobTest" time="0">
    <error type="java.lang.NullPointerException:">java.lang.NullPointerException: null
	at org.postgresql.test.jdbc3.Jdbc3BlobTest.tearDown(Jdbc3BlobTest.java:45)
</error>
  </testcase>
  <testcase name="testAllBytesStream" classname="org.postgresql.test.jdbc3.Jdbc3BlobTest" time="0">
    <error message="Connection to localhost:5432 refused. Check that the hostname and port are correct and that the postmaster is accepting TCP/IP connections." type="org.postgresql.util.PSQLException"><![CDATA[org.postgresql.util.PSQLException: Connection to localhost:5432 refused. Check that the hostname and port are correct and that the postmaster is accepting TCP/IP connections.
	at java.net.PlainSocketImpl.socketConnect(Native Method)
	at java.net.AbstractPlainSocketImpl.doConnect(AbstractPlainSocketImpl.java:350)
	at java.net.AbstractPlainSocketImpl.connectToAddress(AbstractPlainSocketImpl.java:206)
	at java.net.AbstractPlainSocketImpl.connect(AbstractPlainSocketImpl.java:188)
	at java.net.SocksSocketImpl.connect(SocksSocketImpl.java:392)
	at java.net.Socket.connect(Socket.java:589)
	at org.postgresql.core.PGStream.<init>(PGStream.java:69)
	at org.postgresql.core.v3.ConnectionFactoryImpl.openConnectionImpl(ConnectionFactoryImpl.java:156)
	at org.postgresql.core.ConnectionFactory.openConnection(ConnectionFactory.java:49)
	at org.postgresql.jdbc.PgConnection.<init>(PgConnection.java:195)
	at org.postgresql.Driver.makeConnection(Driver.java:454)
	at org.postgresql.Driver.connect(Driver.java:256)
	at java.sql.DriverManager.getConnection(DriverManager.java:664)
	at java.sql.DriverManager.getConnection(DriverManager.java:208)
	at org.postgresql.test.TestUtil.openDB(TestUtil.java:312)
	at org.postgresql.test.TestUtil.openDB(TestUtil.java:277)
	at org.postgresql.test.jdbc3.Jdbc3BlobTest.setUp(Jdbc3BlobTest.java:38)
]]></error>
  </testcase>
  <testcase name="testAllBytesStream" classname="org.postgresql.test.jdbc3.Jdbc3BlobTest" time="0">
    <error type="java.lang.NullPointerException:">java.lang.NullPointerException: null
	at org.postgresql.test.jdbc3.Jdbc3BlobTest.tearDown(Jdbc3BlobTest.java:45)
</error>
  </testcase>
  <testcase name="test1ByteStream" classname="org.postgresql.test.jdbc3.Jdbc3BlobTest" time="0">
    <error message="Connection to localhost:5432 refused. Check that the hostname and port are correct and that the postmaster is accepting TCP/IP connections." type="org.postgresql.util.PSQLException"><![CDATA[org.postgresql.util.PSQLException: Connection to localhost:5432 refused. Check that the hostname and port are correct and that the postmaster is accepting TCP/IP connections.
	at java.net.PlainSocketImpl.socketConnect(Native Method)
	at java.net.AbstractPlainSocketImpl.doConnect(AbstractPlainSocketImpl.java:350)
	at java.net.AbstractPlainSocketImpl.connectToAddress(AbstractPlainSocketImpl.java:206)
	at java.net.AbstractPlainSocketImpl.connect(AbstractPlainSocketImpl.java:188)
	at java.net.SocksSocketImpl.connect(SocksSocketImpl.java:392)
	at java.net.Socket.connect(Socket.java:589)
	at org.postgresql.core.PGStream.<init>(PGStream.java:69)
	at org.postgresql.core.v3.ConnectionFactoryImpl.openConnectionImpl(ConnectionFactoryImpl.java:156)
	at org.postgresql.core.ConnectionFactory.openConnection(ConnectionFactory.java:49)
	at org.postgresql.jdbc.PgConnection.<init>(PgConnection.java:195)
	at org.postgresql.Driver.makeConnection(Driver.java:454)
	at org.postgresql.Driver.connect(Driver.java:256)
	at java.sql.DriverManager.getConnection(DriverManager.java:664)
	at java.sql.DriverManager.getConnection(DriverManager.java:208)
	at org.postgresql.test.TestUtil.openDB(TestUtil.java:312)
	at org.postgresql.test.TestUtil.openDB(TestUtil.java:277)
	at org.postgresql.test.jdbc3.Jdbc3BlobTest.setUp(Jdbc3BlobTest.java:38)
]]></error>
  </testcase>
  <testcase name="test1ByteStream" classname="org.postgresql.test.jdbc3.Jdbc3BlobTest" time="0">
    <error type="java.lang.NullPointerException:">java.lang.NullPointerException: null
	at org.postgresql.test.jdbc3.Jdbc3BlobTest.tearDown(Jdbc3BlobTest.java:45)
</error>
  </testcase>
  <testcase name="testAllBytes" classname="org.postgresql.test.jdbc3.Jdbc3BlobTest" time="0">
    <error message="Connection to localhost:5432 refused. Check that the hostname and port are correct and that the postmaster is accepting TCP/IP connections." type="org.postgresql.util.PSQLException"><![CDATA[org.postgresql.util.PSQLException: Connection to localhost:5432 refused. Check that the hostname and port are correct and that the postmaster is accepting TCP/IP connections.
	at java.net.PlainSocketImpl.socketConnect(Native Method)
	at java.net.AbstractPlainSocketImpl.doConnect(AbstractPlainSocketImpl.java:350)
	at java.net.AbstractPlainSocketImpl.connectToAddress(AbstractPlainSocketImpl.java:206)
	at java.net.AbstractPlainSocketImpl.connect(AbstractPlainSocketImpl.java:188)
	at java.net.SocksSocketImpl.connect(SocksSocketImpl.java:392)
	at java.net.Socket.connect(Socket.java:589)
	at org.postgresql.core.PGStream.<init>(PGStream.java:69)
	at org.postgresql.core.v3.ConnectionFactoryImpl.openConnectionImpl(ConnectionFactoryImpl.java:156)
	at org.postgresql.core.ConnectionFactory.openConnection(ConnectionFactory.java:49)
	at org.postgresql.jdbc.PgConnection.<init>(PgConnection.java:195)
	at org.postgresql.Driver.makeConnection(Driver.java:454)
	at org.postgresql.Driver.connect(Driver.java:256)
	at java.sql.DriverManager.getConnection(DriverManager.java:664)
	at java.sql.DriverManager.getConnection(DriverManager.java:208)
	at org.postgresql.test.TestUtil.openDB(TestUtil.java:312)
	at org.postgresql.test.TestUtil.openDB(TestUtil.java:277)
	at org.postgresql.test.jdbc3.Jdbc3BlobTest.setUp(Jdbc3BlobTest.java:38)
]]></error>
  </testcase>
  <testcase name="testAllBytes" classname="org.postgresql.test.jdbc3.Jdbc3BlobTest" time="0">
    <error type="java.lang.NullPointerException:">java.lang.NullPointerException: null
	at org.postgresql.test.jdbc3.Jdbc3BlobTest.tearDown(Jdbc3BlobTest.java:45)
</error>
  </testcase>
  <testcase name="testTruncate" classname="org.postgresql.test.jdbc3.Jdbc3BlobTest" time="0">
    <error message="Connection to localhost:5432 refused. Check that the hostname and port are correct and that the postmaster is accepting TCP/IP connections." type="org.postgresql.util.PSQLException"><![CDATA[org.postgresql.util.PSQLException: Connection to localhost:5432 refused. Check that the hostname and port are correct and that the postmaster is accepting TCP/IP connections.
	at java.net.PlainSocketImpl.socketConnect(Native Method)
	at java.net.AbstractPlainSocketImpl.doConnect(AbstractPlainSocketImpl.java:350)
	at java.net.AbstractPlainSocketImpl.connectToAddress(AbstractPlainSocketImpl.java:206)
	at java.net.AbstractPlainSocketImpl.connect(AbstractPlainSocketImpl.java:188)
	at java.net.SocksSocketImpl.connect(SocksSocketImpl.java:392)
	at java.net.Socket.connect(Socket.java:589)
	at org.postgresql.core.PGStream.<init>(PGStream.java:69)
	at org.postgresql.core.v3.ConnectionFactoryImpl.openConnectionImpl(ConnectionFactoryImpl.java:156)
	at org.postgresql.core.ConnectionFactory.openConnection(ConnectionFactory.java:49)
	at org.postgresql.jdbc.PgConnection.<init>(PgConnection.java:195)
	at org.postgresql.Driver.makeConnection(Driver.java:454)
	at org.postgresql.Driver.connect(Driver.java:256)
	at java.sql.DriverManager.getConnection(DriverManager.java:664)
	at java.sql.DriverManager.getConnection(DriverManager.java:208)
	at org.postgresql.test.TestUtil.openDB(TestUtil.java:312)
	at org.postgresql.test.TestUtil.openDB(TestUtil.java:277)
	at org.postgresql.test.jdbc3.Jdbc3BlobTest.setUp(Jdbc3BlobTest.java:38)
]]></error>
  </testcase>
  <testcase name="testTruncate" classname="org.postgresql.test.jdbc3.Jdbc3BlobTest" time="0">
    <error type="java.lang.NullPointerException:">java.lang.NullPointerException: null
	at org.postgresql.test.jdbc3.Jdbc3BlobTest.tearDown(Jdbc3BlobTest.java:45)
</error>
  </testcase>
  <testcase name="test1Byte" classname="org.postgresql.test.jdbc3.Jdbc3BlobTest" time="0">
    <error message="Connection to localhost:5432 refused. Check that the hostname and port are correct and that the postmaster is accepting TCP/IP connections." type="org.postgresql.util.PSQLException"><![CDATA[org.postgresql.util.PSQLException: Connection to localhost:5432 refused. Check that the hostname and port are correct and that the postmaster is accepting TCP/IP connections.
	at java.net.PlainSocketImpl.socketConnect(Native Method)
	at java.net.AbstractPlainSocketImpl.doConnect(AbstractPlainSocketImpl.java:350)
	at java.net.AbstractPlainSocketImpl.connectToAddress(AbstractPlainSocketImpl.java:206)
	at java.net.AbstractPlainSocketImpl.connect(AbstractPlainSocketImpl.java:188)
	at java.net.SocksSocketImpl.connect(SocksSocketImpl.java:392)
	at java.net.Socket.connect(Socket.java:589)
	at org.postgresql.core.PGStream.<init>(PGStream.java:69)
	at org.postgresql.core.v3.ConnectionFactoryImpl.openConnectionImpl(ConnectionFactoryImpl.java:156)
	at org.postgresql.core.ConnectionFactory.openConnection(ConnectionFactory.java:49)
	at org.postgresql.jdbc.PgConnection.<init>(PgConnection.java:195)
	at org.postgresql.Driver.makeConnection(Driver.java:454)
	at org.postgresql.Driver.connect(Driver.java:256)
	at java.sql.DriverManager.getConnection(DriverManager.java:664)
	at java.sql.DriverManager.getConnection(DriverManager.java:208)
	at org.postgresql.test.TestUtil.openDB(TestUtil.java:312)
	at org.postgresql.test.TestUtil.openDB(TestUtil.java:277)
	at org.postgresql.test.jdbc3.Jdbc3BlobTest.setUp(Jdbc3BlobTest.java:38)
]]></error>
  </testcase>
  <testcase name="test1Byte" classname="org.postgresql.test.jdbc3.Jdbc3BlobTest" time="0">
    <error type="java.lang.NullPointerException:">java.lang.NullPointerException: null
	at org.postgresql.test.jdbc3.Jdbc3BlobTest.tearDown(Jdbc3BlobTest.java:45)
</error>
  </testcase>
  <testcase name="testPattern" classname="org.postgresql.test.jdbc3.Jdbc3BlobTest" time="0">
    <error message="Connection to localhost:5432 refused. Check that the hostname and port are correct and that the postmaster is accepting TCP/IP connections." type="org.postgresql.util.PSQLException"><![CDATA[org.postgresql.util.PSQLException: Connection to localhost:5432 refused. Check that the hostname and port are correct and that the postmaster is accepting TCP/IP connections.
	at java.net.PlainSocketImpl.socketConnect(Native Method)
	at java.net.AbstractPlainSocketImpl.doConnect(AbstractPlainSocketImpl.java:350)
	at java.net.AbstractPlainSocketImpl.connectToAddress(AbstractPlainSocketImpl.java:206)
	at java.net.AbstractPlainSocketImpl.connect(AbstractPlainSocketImpl.java:188)
	at java.net.SocksSocketImpl.connect(SocksSocketImpl.java:392)
	at java.net.Socket.connect(Socket.java:589)
	at org.postgresql.core.PGStream.<init>(PGStream.java:69)
	at org.postgresql.core.v3.ConnectionFactoryImpl.openConnectionImpl(ConnectionFactoryImpl.java:156)
	at org.postgresql.core.ConnectionFactory.openConnection(ConnectionFactory.java:49)
	at org.postgresql.jdbc.PgConnection.<init>(PgConnection.java:195)
	at org.postgresql.Driver.makeConnection(Driver.java:454)
	at org.postgresql.Driver.connect(Driver.java:256)
	at java.sql.DriverManager.getConnection(DriverManager.java:664)
	at java.sql.DriverManager.getConnection(DriverManager.java:208)
	at org.postgresql.test.TestUtil.openDB(TestUtil.java:312)
	at org.postgresql.test.TestUtil.openDB(TestUtil.java:277)
	at org.postgresql.test.jdbc3.Jdbc3BlobTest.setUp(Jdbc3BlobTest.java:38)
]]></error>
  </testcase>
  <testcase name="testPattern" classname="org.postgresql.test.jdbc3.Jdbc3BlobTest" time="0">
    <error type="java.lang.NullPointerException:">java.lang.NullPointerException: null
	at org.postgresql.test.jdbc3.Jdbc3BlobTest.tearDown(Jdbc3BlobTest.java:45)
</error>
  </testcase>
  <testcase name="testManyBytesOffsetStream" classname="org.postgresql.test.jdbc3.Jdbc3BlobTest" time="0">
    <error message="Connection to localhost:5432 refused. Check that the hostname and port are correct and that the postmaster is accepting TCP/IP connections." type="org.postgresql.util.PSQLException"><![CDATA[org.postgresql.util.PSQLException: Connection to localhost:5432 refused. Check that the hostname and port are correct and that the postmaster is accepting TCP/IP connections.
	at java.net.PlainSocketImpl.socketConnect(Native Method)
	at java.net.AbstractPlainSocketImpl.doConnect(AbstractPlainSocketImpl.java:350)
	at java.net.AbstractPlainSocketImpl.connectToAddress(AbstractPlainSocketImpl.java:206)
	at java.net.AbstractPlainSocketImpl.connect(AbstractPlainSocketImpl.java:188)
	at java.net.SocksSocketImpl.connect(SocksSocketImpl.java:392)
	at java.net.Socket.connect(Socket.java:589)
	at org.postgresql.core.PGStream.<init>(PGStream.java:69)
	at org.postgresql.core.v3.ConnectionFactoryImpl.openConnectionImpl(ConnectionFactoryImpl.java:156)
	at org.postgresql.core.ConnectionFactory.openConnection(ConnectionFactory.java:49)
	at org.postgresql.jdbc.PgConnection.<init>(PgConnection.java:195)
	at org.postgresql.Driver.makeConnection(Driver.java:454)
	at org.postgresql.Driver.connect(Driver.java:256)
	at java.sql.DriverManager.getConnection(DriverManager.java:664)
	at java.sql.DriverManager.getConnection(DriverManager.java:208)
	at org.postgresql.test.TestUtil.openDB(TestUtil.java:312)
	at org.postgresql.test.TestUtil.openDB(TestUtil.java:277)
	at org.postgresql.test.jdbc3.Jdbc3BlobTest.setUp(Jdbc3BlobTest.java:38)
]]></error>
  </testcase>
  <testcase name="testManyBytesOffsetStream" classname="org.postgresql.test.jdbc3.Jdbc3BlobTest" time="0">
    <error type="java.lang.NullPointerException:">java.lang.NullPointerException: null
	at org.postgresql.test.jdbc3.Jdbc3BlobTest.tearDown(Jdbc3BlobTest.java:45)
</error>
  </testcase>
  <testcase name="testManyBytes" classname="org.postgresql.test.jdbc3.Jdbc3BlobTest" time="0.001">
    <error message="Connection to localhost:5432 refused. Check that the hostname and port are correct and that the postmaster is accepting TCP/IP connections." type="org.postgresql.util.PSQLException"><![CDATA[org.postgresql.util.PSQLException: Connection to localhost:5432 refused. Check that the hostname and port are correct and that the postmaster is accepting TCP/IP connections.
	at java.net.PlainSocketImpl.socketConnect(Native Method)
	at java.net.AbstractPlainSocketImpl.doConnect(AbstractPlainSocketImpl.java:350)
	at java.net.AbstractPlainSocketImpl.connectToAddress(AbstractPlainSocketImpl.java:206)
	at java.net.AbstractPlainSocketImpl.connect(AbstractPlainSocketImpl.java:188)
	at java.net.SocksSocketImpl.connect(SocksSocketImpl.java:392)
	at java.net.Socket.connect(Socket.java:589)
	at org.postgresql.core.PGStream.<init>(PGStream.java:69)
	at org.postgresql.core.v3.ConnectionFactoryImpl.openConnectionImpl(ConnectionFactoryImpl.java:156)
	at org.postgresql.core.ConnectionFactory.openConnection(ConnectionFactory.java:49)
	at org.postgresql.jdbc.PgConnection.<init>(PgConnection.java:195)
	at org.postgresql.Driver.makeConnection(Driver.java:454)
	at org.postgresql.Driver.connect(Driver.java:256)
	at java.sql.DriverManager.getConnection(DriverManager.java:664)
	at java.sql.DriverManager.getConnection(DriverManager.java:208)
	at org.postgresql.test.TestUtil.openDB(TestUtil.java:312)
	at org.postgresql.test.TestUtil.openDB(TestUtil.java:277)
	at org.postgresql.test.jdbc3.Jdbc3BlobTest.setUp(Jdbc3BlobTest.java:38)
]]></error>
  </testcase>
  <testcase name="testManyBytes" classname="org.postgresql.test.jdbc3.Jdbc3BlobTest" time="0.001">
    <error type="java.lang.NullPointerException:">java.lang.NullPointerException: null
	at org.postgresql.test.jdbc3.Jdbc3BlobTest.tearDown(Jdbc3BlobTest.java:45)
</error>
  </testcase>
  <testcase name="test1ByteOffsetStream" classname="org.postgresql.test.jdbc3.Jdbc3BlobTest" time="0">
    <error message="Connection to localhost:5432 refused. Check that the hostname and port are correct and that the postmaster is accepting TCP/IP connections." type="org.postgresql.util.PSQLException"><![CDATA[org.postgresql.util.PSQLException: Connection to localhost:5432 refused. Check that the hostname and port are correct and that the postmaster is accepting TCP/IP connections.
	at java.net.PlainSocketImpl.socketConnect(Native Method)
	at java.net.AbstractPlainSocketImpl.doConnect(AbstractPlainSocketImpl.java:350)
	at java.net.AbstractPlainSocketImpl.connectToAddress(AbstractPlainSocketImpl.java:206)
	at java.net.AbstractPlainSocketImpl.connect(AbstractPlainSocketImpl.java:188)
	at java.net.SocksSocketImpl.connect(SocksSocketImpl.java:392)
	at java.net.Socket.connect(Socket.java:589)
	at org.postgresql.core.PGStream.<init>(PGStream.java:69)
	at org.postgresql.core.v3.ConnectionFactoryImpl.openConnectionImpl(ConnectionFactoryImpl.java:156)
	at org.postgresql.core.ConnectionFactory.openConnection(ConnectionFactory.java:49)
	at org.postgresql.jdbc.PgConnection.<init>(PgConnection.java:195)
	at org.postgresql.Driver.makeConnection(Driver.java:454)
	at org.postgresql.Driver.connect(Driver.java:256)
	at java.sql.DriverManager.getConnection(DriverManager.java:664)
	at java.sql.DriverManager.getConnection(DriverManager.java:208)
	at org.postgresql.test.TestUtil.openDB(TestUtil.java:312)
	at org.postgresql.test.TestUtil.openDB(TestUtil.java:277)
	at org.postgresql.test.jdbc3.Jdbc3BlobTest.setUp(Jdbc3BlobTest.java:38)
]]></error>
  </testcase>
  <testcase name="test1ByteOffsetStream" classname="org.postgresql.test.jdbc3.Jdbc3BlobTest" time="0">
    <error type="java.lang.NullPointerException:">java.lang.NullPointerException: null
	at org.postgresql.test.jdbc3.Jdbc3BlobTest.tearDown(Jdbc3BlobTest.java:45)
</error>
  </testcase>
  <testcase name="testManyBytesOffset" classname="org.postgresql.test.jdbc3.Jdbc3BlobTest" time="0">
    <error message="Connection to localhost:5432 refused. Check that the hostname and port are correct and that the postmaster is accepting TCP/IP connections." type="org.postgresql.util.PSQLException"><![CDATA[org.postgresql.util.PSQLException: Connection to localhost:5432 refused. Check that the hostname and port are correct and that the postmaster is accepting TCP/IP connections.
	at java.net.PlainSocketImpl.socketConnect(Native Method)
	at java.net.AbstractPlainSocketImpl.doConnect(AbstractPlainSocketImpl.java:350)
	at java.net.AbstractPlainSocketImpl.connectToAddress(AbstractPlainSocketImpl.java:206)
	at java.net.AbstractPlainSocketImpl.connect(AbstractPlainSocketImpl.java:188)
	at java.net.SocksSocketImpl.connect(SocksSocketImpl.java:392)
	at java.net.Socket.connect(Socket.java:589)
	at org.postgresql.core.PGStream.<init>(PGStream.java:69)
	at org.postgresql.core.v3.ConnectionFactoryImpl.openConnectionImpl(ConnectionFactoryImpl.java:156)
	at org.postgresql.core.ConnectionFactory.openConnection(ConnectionFactory.java:49)
	at org.postgresql.jdbc.PgConnection.<init>(PgConnection.java:195)
	at org.postgresql.Driver.makeConnection(Driver.java:454)
	at org.postgresql.Driver.connect(Driver.java:256)
	at java.sql.DriverManager.getConnection(DriverManager.java:664)
	at java.sql.DriverManager.getConnection(DriverManager.java:208)
	at org.postgresql.test.TestUtil.openDB(TestUtil.java:312)
	at org.postgresql.test.TestUtil.openDB(TestUtil.java:277)
	at org.postgresql.test.jdbc3.Jdbc3BlobTest.setUp(Jdbc3BlobTest.java:38)
]]></error>
  </testcase>
  <testcase name="testManyBytesOffset" classname="org.postgresql.test.jdbc3.Jdbc3BlobTest" time="0">
    <error type="java.lang.NullPointerException:">java.lang.NullPointerException: null
	at org.postgresql.test.jdbc3.Jdbc3BlobTest.tearDown(Jdbc3BlobTest.java:45)
</error>
  </testcase>
  <testcase name="testManyBytesStream" classname="org.postgresql.test.jdbc3.Jdbc3BlobTest" time="0">
    <error message="Connection to localhost:5432 refused. Check that the hostname and port are correct and that the postmaster is accepting TCP/IP connections." type="org.postgresql.util.PSQLException"><![CDATA[org.postgresql.util.PSQLException: Connection to localhost:5432 refused. Check that the hostname and port are correct and that the postmaster is accepting TCP/IP connections.
	at java.net.PlainSocketImpl.socketConnect(Native Method)
	at java.net.AbstractPlainSocketImpl.doConnect(AbstractPlainSocketImpl.java:350)
	at java.net.AbstractPlainSocketImpl.connectToAddress(AbstractPlainSocketImpl.java:206)
	at java.net.AbstractPlainSocketImpl.connect(AbstractPlainSocketImpl.java:188)
	at java.net.SocksSocketImpl.connect(SocksSocketImpl.java:392)
	at java.net.Socket.connect(Socket.java:589)
	at org.postgresql.core.PGStream.<init>(PGStream.java:69)
	at org.postgresql.core.v3.ConnectionFactoryImpl.openConnectionImpl(ConnectionFactoryImpl.java:156)
	at org.postgresql.core.ConnectionFactory.openConnection(ConnectionFactory.java:49)
	at org.postgresql.jdbc.PgConnection.<init>(PgConnection.java:195)
	at org.postgresql.Driver.makeConnection(Driver.java:454)
	at org.postgresql.Driver.connect(Driver.java:256)
	at java.sql.DriverManager.getConnection(DriverManager.java:664)
	at java.sql.DriverManager.getConnection(DriverManager.java:208)
	at org.postgresql.test.TestUtil.openDB(TestUtil.java:312)
	at org.postgresql.test.TestUtil.openDB(TestUtil.java:277)
	at org.postgresql.test.jdbc3.Jdbc3BlobTest.setUp(Jdbc3BlobTest.java:38)
]]></error>
  </testcase>
  <testcase name="testManyBytesStream" classname="org.postgresql.test.jdbc3.Jdbc3BlobTest" time="0">
    <error type="java.lang.NullPointerException:">java.lang.NullPointerException: null
	at org.postgresql.test.jdbc3.Jdbc3BlobTest.tearDown(Jdbc3BlobTest.java:45)
</error>
  </testcase>
  <testcase name="testGetColumnsForDomain" classname="org.postgresql.test.jdbc3.DatabaseMetaDataTest" time="0">
    <error message="Connection to localhost:5432 refused. Check that the hostname and port are correct and that the postmaster is accepting TCP/IP connections." type="org.postgresql.util.PSQLException"><![CDATA[org.postgresql.util.PSQLException: Connection to localhost:5432 refused. Check that the hostname and port are correct and that the postmaster is accepting TCP/IP connections.
	at java.net.PlainSocketImpl.socketConnect(Native Method)
	at java.net.AbstractPlainSocketImpl.doConnect(AbstractPlainSocketImpl.java:350)
	at java.net.AbstractPlainSocketImpl.connectToAddress(AbstractPlainSocketImpl.java:206)
	at java.net.AbstractPlainSocketImpl.connect(AbstractPlainSocketImpl.java:188)
	at java.net.SocksSocketImpl.connect(SocksSocketImpl.java:392)
	at java.net.Socket.connect(Socket.java:589)
	at org.postgresql.core.PGStream.<init>(PGStream.java:69)
	at org.postgresql.core.v3.ConnectionFactoryImpl.openConnectionImpl(ConnectionFactoryImpl.java:156)
	at org.postgresql.core.ConnectionFactory.openConnection(ConnectionFactory.java:49)
	at org.postgresql.jdbc.PgConnection.<init>(PgConnection.java:195)
	at org.postgresql.Driver.makeConnection(Driver.java:454)
	at org.postgresql.Driver.connect(Driver.java:256)
	at java.sql.DriverManager.getConnection(DriverManager.java:664)
	at java.sql.DriverManager.getConnection(DriverManager.java:208)
	at org.postgresql.test.TestUtil.openDB(TestUtil.java:312)
	at org.postgresql.test.TestUtil.openDB(TestUtil.java:277)
	at org.postgresql.test.jdbc3.DatabaseMetaDataTest.setUp(DatabaseMetaDataTest.java:29)
]]></error>
  </testcase>
  <testcase name="testGetColumnsForDomain" classname="org.postgresql.test.jdbc3.DatabaseMetaDataTest" time="0">
    <error type="java.lang.NullPointerException:">java.lang.NullPointerException: null
	at org.postgresql.test.jdbc3.DatabaseMetaDataTest.tearDown(DatabaseMetaDataTest.java:37)
</error>
  </testcase>
  <testcase name="testSelect" classname="org.postgresql.test.jdbc3.SendRecvBufferSizeTest" time="0">
    <error message="Connection to localhost:5432 refused. Check that the hostname and port are correct and that the postmaster is accepting TCP/IP connections." type="org.postgresql.util.PSQLException"><![CDATA[org.postgresql.util.PSQLException: Connection to localhost:5432 refused. Check that the hostname and port are correct and that the postmaster is accepting TCP/IP connections.
	at java.net.PlainSocketImpl.socketConnect(Native Method)
	at java.net.AbstractPlainSocketImpl.doConnect(AbstractPlainSocketImpl.java:350)
	at java.net.AbstractPlainSocketImpl.connectToAddress(AbstractPlainSocketImpl.java:206)
	at java.net.AbstractPlainSocketImpl.connect(AbstractPlainSocketImpl.java:188)
	at java.net.SocksSocketImpl.connect(SocksSocketImpl.java:392)
	at java.net.Socket.connect(Socket.java:589)
	at org.postgresql.core.PGStream.<init>(PGStream.java:69)
	at org.postgresql.core.v3.ConnectionFactoryImpl.openConnectionImpl(ConnectionFactoryImpl.java:156)
	at org.postgresql.core.ConnectionFactory.openConnection(ConnectionFactory.java:49)
	at org.postgresql.jdbc.PgConnection.<init>(PgConnection.java:195)
	at org.postgresql.Driver.makeConnection(Driver.java:454)
	at org.postgresql.Driver.connect(Driver.java:256)
	at java.sql.DriverManager.getConnection(DriverManager.java:664)
	at java.sql.DriverManager.getConnection(DriverManager.java:208)
	at org.postgresql.test.TestUtil.openDB(TestUtil.java:312)
	at org.postgresql.test.TestUtil.openDB(TestUtil.java:277)
	at org.postgresql.test.jdbc3.SendRecvBufferSizeTest.setUp(SendRecvBufferSizeTest.java:27)
]]></error>
  </testcase>
  <testcase name="testSelect" classname="org.postgresql.test.jdbc3.SendRecvBufferSizeTest" time="0">
    <error type="java.lang.NullPointerException:">java.lang.NullPointerException: null
	at org.postgresql.test.jdbc3.SendRecvBufferSizeTest.tearDown(SendRecvBufferSizeTest.java:37)
</error>
  </testcase>
  <testcase name="testVarcharAsEnum[stringType = null]" classname="org.postgresql.test.jdbc3.StringTypeParameterTest" time="0">
    <error message="Connection to localhost:5432 refused. Check that the hostname and port are correct and that the postmaster is accepting TCP/IP connections." type="org.postgresql.util.PSQLException"><![CDATA[org.postgresql.util.PSQLException: Connection to localhost:5432 refused. Check that the hostname and port are correct and that the postmaster is accepting TCP/IP connections.
	at java.net.PlainSocketImpl.socketConnect(Native Method)
	at java.net.AbstractPlainSocketImpl.doConnect(AbstractPlainSocketImpl.java:350)
	at java.net.AbstractPlainSocketImpl.connectToAddress(AbstractPlainSocketImpl.java:206)
	at java.net.AbstractPlainSocketImpl.connect(AbstractPlainSocketImpl.java:188)
	at java.net.SocksSocketImpl.connect(SocksSocketImpl.java:392)
	at java.net.Socket.connect(Socket.java:589)
	at org.postgresql.core.PGStream.<init>(PGStream.java:69)
	at org.postgresql.core.v3.ConnectionFactoryImpl.openConnectionImpl(ConnectionFactoryImpl.java:156)
	at org.postgresql.core.ConnectionFactory.openConnection(ConnectionFactory.java:49)
	at org.postgresql.jdbc.PgConnection.<init>(PgConnection.java:195)
	at org.postgresql.Driver.makeConnection(Driver.java:454)
	at org.postgresql.Driver.connect(Driver.java:256)
	at java.sql.DriverManager.getConnection(DriverManager.java:664)
	at java.sql.DriverManager.getConnection(DriverManager.java:208)
	at org.postgresql.test.TestUtil.openDB(TestUtil.java:312)
	at org.postgresql.test.jdbc2.BaseTest4.setUp(BaseTest4.java:83)
	at org.postgresql.test.jdbc3.StringTypeParameterTest.setUp(StringTypeParameterTest.java:43)
]]></error>
  </testcase>
  <testcase name="testVarcharAsEnum[stringType = null]" classname="org.postgresql.test.jdbc3.StringTypeParameterTest" time="0">
    <error type="java.lang.NullPointerException:">java.lang.NullPointerException: null
	at org.postgresql.test.TestUtil.dropTable(TestUtil.java:517)
	at org.postgresql.test.jdbc3.StringTypeParameterTest.tearDown(StringTypeParameterTest.java:60)
</error>
  </testcase>
  <testcase name="testMultipleEnumBinds[stringType = null]" classname="org.postgresql.test.jdbc3.StringTypeParameterTest" time="0">
    <error message="Connection to localhost:5432 refused. Check that the hostname and port are correct and that the postmaster is accepting TCP/IP connections." type="org.postgresql.util.PSQLException"><![CDATA[org.postgresql.util.PSQLException: Connection to localhost:5432 refused. Check that the hostname and port are correct and that the postmaster is accepting TCP/IP connections.
	at java.net.PlainSocketImpl.socketConnect(Native Method)
	at java.net.AbstractPlainSocketImpl.doConnect(AbstractPlainSocketImpl.java:350)
	at java.net.AbstractPlainSocketImpl.connectToAddress(AbstractPlainSocketImpl.java:206)
	at java.net.AbstractPlainSocketImpl.connect(AbstractPlainSocketImpl.java:188)
	at java.net.SocksSocketImpl.connect(SocksSocketImpl.java:392)
	at java.net.Socket.connect(Socket.java:589)
	at org.postgresql.core.PGStream.<init>(PGStream.java:69)
	at org.postgresql.core.v3.ConnectionFactoryImpl.openConnectionImpl(ConnectionFactoryImpl.java:156)
	at org.postgresql.core.ConnectionFactory.openConnection(ConnectionFactory.java:49)
	at org.postgresql.jdbc.PgConnection.<init>(PgConnection.java:195)
	at org.postgresql.Driver.makeConnection(Driver.java:454)
	at org.postgresql.Driver.connect(Driver.java:256)
	at java.sql.DriverManager.getConnection(DriverManager.java:664)
	at java.sql.DriverManager.getConnection(DriverManager.java:208)
	at org.postgresql.test.TestUtil.openDB(TestUtil.java:312)
	at org.postgresql.test.jdbc2.BaseTest4.setUp(BaseTest4.java:83)
	at org.postgresql.test.jdbc3.StringTypeParameterTest.setUp(StringTypeParameterTest.java:43)
]]></error>
  </testcase>
  <testcase name="testMultipleEnumBinds[stringType = null]" classname="org.postgresql.test.jdbc3.StringTypeParameterTest" time="0">
    <error type="java.lang.NullPointerException:">java.lang.NullPointerException: null
	at org.postgresql.test.TestUtil.dropTable(TestUtil.java:517)
	at org.postgresql.test.jdbc3.StringTypeParameterTest.tearDown(StringTypeParameterTest.java:60)
</error>
  </testcase>
  <testcase name="testOtherAsEnum[stringType = null]" classname="org.postgresql.test.jdbc3.StringTypeParameterTest" time="0">
    <error message="Connection to localhost:5432 refused. Check that the hostname and port are correct and that the postmaster is accepting TCP/IP connections." type="org.postgresql.util.PSQLException"><![CDATA[org.postgresql.util.PSQLException: Connection to localhost:5432 refused. Check that the hostname and port are correct and that the postmaster is accepting TCP/IP connections.
	at java.net.PlainSocketImpl.socketConnect(Native Method)
	at java.net.AbstractPlainSocketImpl.doConnect(AbstractPlainSocketImpl.java:350)
	at java.net.AbstractPlainSocketImpl.connectToAddress(AbstractPlainSocketImpl.java:206)
	at java.net.AbstractPlainSocketImpl.connect(AbstractPlainSocketImpl.java:188)
	at java.net.SocksSocketImpl.connect(SocksSocketImpl.java:392)
	at java.net.Socket.connect(Socket.java:589)
	at org.postgresql.core.PGStream.<init>(PGStream.java:69)
	at org.postgresql.core.v3.ConnectionFactoryImpl.openConnectionImpl(ConnectionFactoryImpl.java:156)
	at org.postgresql.core.ConnectionFactory.openConnection(ConnectionFactory.java:49)
	at org.postgresql.jdbc.PgConnection.<init>(PgConnection.java:195)
	at org.postgresql.Driver.makeConnection(Driver.java:454)
	at org.postgresql.Driver.connect(Driver.java:256)
	at java.sql.DriverManager.getConnection(DriverManager.java:664)
	at java.sql.DriverManager.getConnection(DriverManager.java:208)
	at org.postgresql.test.TestUtil.openDB(TestUtil.java:312)
	at org.postgresql.test.jdbc2.BaseTest4.setUp(BaseTest4.java:83)
	at org.postgresql.test.jdbc3.StringTypeParameterTest.setUp(StringTypeParameterTest.java:43)
]]></error>
  </testcase>
  <testcase name="testOtherAsEnum[stringType = null]" classname="org.postgresql.test.jdbc3.StringTypeParameterTest" time="0">
    <error type="java.lang.NullPointerException:">java.lang.NullPointerException: null
	at org.postgresql.test.TestUtil.dropTable(TestUtil.java:517)
	at org.postgresql.test.jdbc3.StringTypeParameterTest.tearDown(StringTypeParameterTest.java:60)
</error>
  </testcase>
  <testcase name="testParameterUnspecified[stringType = null]" classname="org.postgresql.test.jdbc3.StringTypeParameterTest" time="0">
    <error message="Connection to localhost:5432 refused. Check that the hostname and port are correct and that the postmaster is accepting TCP/IP connections." type="org.postgresql.util.PSQLException"><![CDATA[org.postgresql.util.PSQLException: Connection to localhost:5432 refused. Check that the hostname and port are correct and that the postmaster is accepting TCP/IP connections.
	at java.net.PlainSocketImpl.socketConnect(Native Method)
	at java.net.AbstractPlainSocketImpl.doConnect(AbstractPlainSocketImpl.java:350)
	at java.net.AbstractPlainSocketImpl.connectToAddress(AbstractPlainSocketImpl.java:206)
	at java.net.AbstractPlainSocketImpl.connect(AbstractPlainSocketImpl.java:188)
	at java.net.SocksSocketImpl.connect(SocksSocketImpl.java:392)
	at java.net.Socket.connect(Socket.java:589)
	at org.postgresql.core.PGStream.<init>(PGStream.java:69)
	at org.postgresql.core.v3.ConnectionFactoryImpl.openConnectionImpl(ConnectionFactoryImpl.java:156)
	at org.postgresql.core.ConnectionFactory.openConnection(ConnectionFactory.java:49)
	at org.postgresql.jdbc.PgConnection.<init>(PgConnection.java:195)
	at org.postgresql.Driver.makeConnection(Driver.java:454)
	at org.postgresql.Driver.connect(Driver.java:256)
	at java.sql.DriverManager.getConnection(DriverManager.java:664)
	at java.sql.DriverManager.getConnection(DriverManager.java:208)
	at org.postgresql.test.TestUtil.openDB(TestUtil.java:312)
	at org.postgresql.test.jdbc2.BaseTest4.setUp(BaseTest4.java:83)
	at org.postgresql.test.jdbc3.StringTypeParameterTest.setUp(StringTypeParameterTest.java:43)
]]></error>
  </testcase>
  <testcase name="testParameterUnspecified[stringType = null]" classname="org.postgresql.test.jdbc3.StringTypeParameterTest" time="0">
    <error type="java.lang.NullPointerException:">java.lang.NullPointerException: null
	at org.postgresql.test.TestUtil.dropTable(TestUtil.java:517)
	at org.postgresql.test.jdbc3.StringTypeParameterTest.tearDown(StringTypeParameterTest.java:60)
</error>
  </testcase>
  <testcase name="testVarcharAsEnum[stringType = varchar]" classname="org.postgresql.test.jdbc3.StringTypeParameterTest" time="0">
    <error message="Connection to localhost:5432 refused. Check that the hostname and port are correct and that the postmaster is accepting TCP/IP connections." type="org.postgresql.util.PSQLException"><![CDATA[org.postgresql.util.PSQLException: Connection to localhost:5432 refused. Check that the hostname and port are correct and that the postmaster is accepting TCP/IP connections.
	at java.net.PlainSocketImpl.socketConnect(Native Method)
	at java.net.AbstractPlainSocketImpl.doConnect(AbstractPlainSocketImpl.java:350)
	at java.net.AbstractPlainSocketImpl.connectToAddress(AbstractPlainSocketImpl.java:206)
	at java.net.AbstractPlainSocketImpl.connect(AbstractPlainSocketImpl.java:188)
	at java.net.SocksSocketImpl.connect(SocksSocketImpl.java:392)
	at java.net.Socket.connect(Socket.java:589)
	at org.postgresql.core.PGStream.<init>(PGStream.java:69)
	at org.postgresql.core.v3.ConnectionFactoryImpl.openConnectionImpl(ConnectionFactoryImpl.java:156)
	at org.postgresql.core.ConnectionFactory.openConnection(ConnectionFactory.java:49)
	at org.postgresql.jdbc.PgConnection.<init>(PgConnection.java:195)
	at org.postgresql.Driver.makeConnection(Driver.java:454)
	at org.postgresql.Driver.connect(Driver.java:256)
	at java.sql.DriverManager.getConnection(DriverManager.java:664)
	at java.sql.DriverManager.getConnection(DriverManager.java:208)
	at org.postgresql.test.TestUtil.openDB(TestUtil.java:312)
	at org.postgresql.test.jdbc2.BaseTest4.setUp(BaseTest4.java:83)
	at org.postgresql.test.jdbc3.StringTypeParameterTest.setUp(StringTypeParameterTest.java:43)
]]></error>
  </testcase>
  <testcase name="testVarcharAsEnum[stringType = varchar]" classname="org.postgresql.test.jdbc3.StringTypeParameterTest" time="0">
    <error type="java.lang.NullPointerException:">java.lang.NullPointerException: null
	at org.postgresql.test.TestUtil.dropTable(TestUtil.java:517)
	at org.postgresql.test.jdbc3.StringTypeParameterTest.tearDown(StringTypeParameterTest.java:60)
</error>
  </testcase>
  <testcase name="testMultipleEnumBinds[stringType = varchar]" classname="org.postgresql.test.jdbc3.StringTypeParameterTest" time="0">
    <error message="Connection to localhost:5432 refused. Check that the hostname and port are correct and that the postmaster is accepting TCP/IP connections." type="org.postgresql.util.PSQLException"><![CDATA[org.postgresql.util.PSQLException: Connection to localhost:5432 refused. Check that the hostname and port are correct and that the postmaster is accepting TCP/IP connections.
	at java.net.PlainSocketImpl.socketConnect(Native Method)
	at java.net.AbstractPlainSocketImpl.doConnect(AbstractPlainSocketImpl.java:350)
	at java.net.AbstractPlainSocketImpl.connectToAddress(AbstractPlainSocketImpl.java:206)
	at java.net.AbstractPlainSocketImpl.connect(AbstractPlainSocketImpl.java:188)
	at java.net.SocksSocketImpl.connect(SocksSocketImpl.java:392)
	at java.net.Socket.connect(Socket.java:589)
	at org.postgresql.core.PGStream.<init>(PGStream.java:69)
	at org.postgresql.core.v3.ConnectionFactoryImpl.openConnectionImpl(ConnectionFactoryImpl.java:156)
	at org.postgresql.core.ConnectionFactory.openConnection(ConnectionFactory.java:49)
	at org.postgresql.jdbc.PgConnection.<init>(PgConnection.java:195)
	at org.postgresql.Driver.makeConnection(Driver.java:454)
	at org.postgresql.Driver.connect(Driver.java:256)
	at java.sql.DriverManager.getConnection(DriverManager.java:664)
	at java.sql.DriverManager.getConnection(DriverManager.java:208)
	at org.postgresql.test.TestUtil.openDB(TestUtil.java:312)
	at org.postgresql.test.jdbc2.BaseTest4.setUp(BaseTest4.java:83)
	at org.postgresql.test.jdbc3.StringTypeParameterTest.setUp(StringTypeParameterTest.java:43)
]]></error>
  </testcase>
  <testcase name="testMultipleEnumBinds[stringType = varchar]" classname="org.postgresql.test.jdbc3.StringTypeParameterTest" time="0">
    <error type="java.lang.NullPointerException:">java.lang.NullPointerException: null
	at org.postgresql.test.TestUtil.dropTable(TestUtil.java:517)
	at org.postgresql.test.jdbc3.StringTypeParameterTest.tearDown(StringTypeParameterTest.java:60)
</error>
  </testcase>
  <testcase name="testOtherAsEnum[stringType = varchar]" classname="org.postgresql.test.jdbc3.StringTypeParameterTest" time="0">
    <error message="Connection to localhost:5432 refused. Check that the hostname and port are correct and that the postmaster is accepting TCP/IP connections." type="org.postgresql.util.PSQLException"><![CDATA[org.postgresql.util.PSQLException: Connection to localhost:5432 refused. Check that the hostname and port are correct and that the postmaster is accepting TCP/IP connections.
	at java.net.PlainSocketImpl.socketConnect(Native Method)
	at java.net.AbstractPlainSocketImpl.doConnect(AbstractPlainSocketImpl.java:350)
	at java.net.AbstractPlainSocketImpl.connectToAddress(AbstractPlainSocketImpl.java:206)
	at java.net.AbstractPlainSocketImpl.connect(AbstractPlainSocketImpl.java:188)
	at java.net.SocksSocketImpl.connect(SocksSocketImpl.java:392)
	at java.net.Socket.connect(Socket.java:589)
	at org.postgresql.core.PGStream.<init>(PGStream.java:69)
	at org.postgresql.core.v3.ConnectionFactoryImpl.openConnectionImpl(ConnectionFactoryImpl.java:156)
	at org.postgresql.core.ConnectionFactory.openConnection(ConnectionFactory.java:49)
	at org.postgresql.jdbc.PgConnection.<init>(PgConnection.java:195)
	at org.postgresql.Driver.makeConnection(Driver.java:454)
	at org.postgresql.Driver.connect(Driver.java:256)
	at java.sql.DriverManager.getConnection(DriverManager.java:664)
	at java.sql.DriverManager.getConnection(DriverManager.java:208)
	at org.postgresql.test.TestUtil.openDB(TestUtil.java:312)
	at org.postgresql.test.jdbc2.BaseTest4.setUp(BaseTest4.java:83)
	at org.postgresql.test.jdbc3.StringTypeParameterTest.setUp(StringTypeParameterTest.java:43)
]]></error>
  </testcase>
  <testcase name="testOtherAsEnum[stringType = varchar]" classname="org.postgresql.test.jdbc3.StringTypeParameterTest" time="0">
    <error type="java.lang.NullPointerException:">java.lang.NullPointerException: null
	at org.postgresql.test.TestUtil.dropTable(TestUtil.java:517)
	at org.postgresql.test.jdbc3.StringTypeParameterTest.tearDown(StringTypeParameterTest.java:60)
</error>
  </testcase>
  <testcase name="testParameterUnspecified[stringType = varchar]" classname="org.postgresql.test.jdbc3.StringTypeParameterTest" time="0">
    <error message="Connection to localhost:5432 refused. Check that the hostname and port are correct and that the postmaster is accepting TCP/IP connections." type="org.postgresql.util.PSQLException"><![CDATA[org.postgresql.util.PSQLException: Connection to localhost:5432 refused. Check that the hostname and port are correct and that the postmaster is accepting TCP/IP connections.
	at java.net.PlainSocketImpl.socketConnect(Native Method)
	at java.net.AbstractPlainSocketImpl.doConnect(AbstractPlainSocketImpl.java:350)
	at java.net.AbstractPlainSocketImpl.connectToAddress(AbstractPlainSocketImpl.java:206)
	at java.net.AbstractPlainSocketImpl.connect(AbstractPlainSocketImpl.java:188)
	at java.net.SocksSocketImpl.connect(SocksSocketImpl.java:392)
	at java.net.Socket.connect(Socket.java:589)
	at org.postgresql.core.PGStream.<init>(PGStream.java:69)
	at org.postgresql.core.v3.ConnectionFactoryImpl.openConnectionImpl(ConnectionFactoryImpl.java:156)
	at org.postgresql.core.ConnectionFactory.openConnection(ConnectionFactory.java:49)
	at org.postgresql.jdbc.PgConnection.<init>(PgConnection.java:195)
	at org.postgresql.Driver.makeConnection(Driver.java:454)
	at org.postgresql.Driver.connect(Driver.java:256)
	at java.sql.DriverManager.getConnection(DriverManager.java:664)
	at java.sql.DriverManager.getConnection(DriverManager.java:208)
	at org.postgresql.test.TestUtil.openDB(TestUtil.java:312)
	at org.postgresql.test.jdbc2.BaseTest4.setUp(BaseTest4.java:83)
	at org.postgresql.test.jdbc3.StringTypeParameterTest.setUp(StringTypeParameterTest.java:43)
]]></error>
  </testcase>
  <testcase name="testParameterUnspecified[stringType = varchar]" classname="org.postgresql.test.jdbc3.StringTypeParameterTest" time="0">
    <error type="java.lang.NullPointerException:">java.lang.NullPointerException: null
	at org.postgresql.test.TestUtil.dropTable(TestUtil.java:517)
	at org.postgresql.test.jdbc3.StringTypeParameterTest.tearDown(StringTypeParameterTest.java:60)
</error>
  </testcase>
  <testcase name="testVarcharAsEnum[stringType = unspecified]" classname="org.postgresql.test.jdbc3.StringTypeParameterTest" time="0">
    <error message="Connection to localhost:5432 refused. Check that the hostname and port are correct and that the postmaster is accepting TCP/IP connections." type="org.postgresql.util.PSQLException"><![CDATA[org.postgresql.util.PSQLException: Connection to localhost:5432 refused. Check that the hostname and port are correct and that the postmaster is accepting TCP/IP connections.
	at java.net.PlainSocketImpl.socketConnect(Native Method)
	at java.net.AbstractPlainSocketImpl.doConnect(AbstractPlainSocketImpl.java:350)
	at java.net.AbstractPlainSocketImpl.connectToAddress(AbstractPlainSocketImpl.java:206)
	at java.net.AbstractPlainSocketImpl.connect(AbstractPlainSocketImpl.java:188)
	at java.net.SocksSocketImpl.connect(SocksSocketImpl.java:392)
	at java.net.Socket.connect(Socket.java:589)
	at org.postgresql.core.PGStream.<init>(PGStream.java:69)
	at org.postgresql.core.v3.ConnectionFactoryImpl.openConnectionImpl(ConnectionFactoryImpl.java:156)
	at org.postgresql.core.ConnectionFactory.openConnection(ConnectionFactory.java:49)
	at org.postgresql.jdbc.PgConnection.<init>(PgConnection.java:195)
	at org.postgresql.Driver.makeConnection(Driver.java:454)
	at org.postgresql.Driver.connect(Driver.java:256)
	at java.sql.DriverManager.getConnection(DriverManager.java:664)
	at java.sql.DriverManager.getConnection(DriverManager.java:208)
	at org.postgresql.test.TestUtil.openDB(TestUtil.java:312)
	at org.postgresql.test.jdbc2.BaseTest4.setUp(BaseTest4.java:83)
	at org.postgresql.test.jdbc3.StringTypeParameterTest.setUp(StringTypeParameterTest.java:43)
]]></error>
  </testcase>
  <testcase name="testVarcharAsEnum[stringType = unspecified]" classname="org.postgresql.test.jdbc3.StringTypeParameterTest" time="0">
    <error type="java.lang.NullPointerException:">java.lang.NullPointerException: null
	at org.postgresql.test.TestUtil.dropTable(TestUtil.java:517)
	at org.postgresql.test.jdbc3.StringTypeParameterTest.tearDown(StringTypeParameterTest.java:60)
</error>
  </testcase>
  <testcase name="testMultipleEnumBinds[stringType = unspecified]" classname="org.postgresql.test.jdbc3.StringTypeParameterTest" time="0">
    <error message="Connection to localhost:5432 refused. Check that the hostname and port are correct and that the postmaster is accepting TCP/IP connections." type="org.postgresql.util.PSQLException"><![CDATA[org.postgresql.util.PSQLException: Connection to localhost:5432 refused. Check that the hostname and port are correct and that the postmaster is accepting TCP/IP connections.
	at java.net.PlainSocketImpl.socketConnect(Native Method)
	at java.net.AbstractPlainSocketImpl.doConnect(AbstractPlainSocketImpl.java:350)
	at java.net.AbstractPlainSocketImpl.connectToAddress(AbstractPlainSocketImpl.java:206)
	at java.net.AbstractPlainSocketImpl.connect(AbstractPlainSocketImpl.java:188)
	at java.net.SocksSocketImpl.connect(SocksSocketImpl.java:392)
	at java.net.Socket.connect(Socket.java:589)
	at org.postgresql.core.PGStream.<init>(PGStream.java:69)
	at org.postgresql.core.v3.ConnectionFactoryImpl.openConnectionImpl(ConnectionFactoryImpl.java:156)
	at org.postgresql.core.ConnectionFactory.openConnection(ConnectionFactory.java:49)
	at org.postgresql.jdbc.PgConnection.<init>(PgConnection.java:195)
	at org.postgresql.Driver.makeConnection(Driver.java:454)
	at org.postgresql.Driver.connect(Driver.java:256)
	at java.sql.DriverManager.getConnection(DriverManager.java:664)
	at java.sql.DriverManager.getConnection(DriverManager.java:208)
	at org.postgresql.test.TestUtil.openDB(TestUtil.java:312)
	at org.postgresql.test.jdbc2.BaseTest4.setUp(BaseTest4.java:83)
	at org.postgresql.test.jdbc3.StringTypeParameterTest.setUp(StringTypeParameterTest.java:43)
]]></error>
  </testcase>
  <testcase name="testMultipleEnumBinds[stringType = unspecified]" classname="org.postgresql.test.jdbc3.StringTypeParameterTest" time="0">
    <error type="java.lang.NullPointerException:">java.lang.NullPointerException: null
	at org.postgresql.test.TestUtil.dropTable(TestUtil.java:517)
	at org.postgresql.test.jdbc3.StringTypeParameterTest.tearDown(StringTypeParameterTest.java:60)
</error>
  </testcase>
  <testcase name="testOtherAsEnum[stringType = unspecified]" classname="org.postgresql.test.jdbc3.StringTypeParameterTest" time="0">
    <error message="Connection to localhost:5432 refused. Check that the hostname and port are correct and that the postmaster is accepting TCP/IP connections." type="org.postgresql.util.PSQLException"><![CDATA[org.postgresql.util.PSQLException: Connection to localhost:5432 refused. Check that the hostname and port are correct and that the postmaster is accepting TCP/IP connections.
	at java.net.PlainSocketImpl.socketConnect(Native Method)
	at java.net.AbstractPlainSocketImpl.doConnect(AbstractPlainSocketImpl.java:350)
	at java.net.AbstractPlainSocketImpl.connectToAddress(AbstractPlainSocketImpl.java:206)
	at java.net.AbstractPlainSocketImpl.connect(AbstractPlainSocketImpl.java:188)
	at java.net.SocksSocketImpl.connect(SocksSocketImpl.java:392)
	at java.net.Socket.connect(Socket.java:589)
	at org.postgresql.core.PGStream.<init>(PGStream.java:69)
	at org.postgresql.core.v3.ConnectionFactoryImpl.openConnectionImpl(ConnectionFactoryImpl.java:156)
	at org.postgresql.core.ConnectionFactory.openConnection(ConnectionFactory.java:49)
	at org.postgresql.jdbc.PgConnection.<init>(PgConnection.java:195)
	at org.postgresql.Driver.makeConnection(Driver.java:454)
	at org.postgresql.Driver.connect(Driver.java:256)
	at java.sql.DriverManager.getConnection(DriverManager.java:664)
	at java.sql.DriverManager.getConnection(DriverManager.java:208)
	at org.postgresql.test.TestUtil.openDB(TestUtil.java:312)
	at org.postgresql.test.jdbc2.BaseTest4.setUp(BaseTest4.java:83)
	at org.postgresql.test.jdbc3.StringTypeParameterTest.setUp(StringTypeParameterTest.java:43)
]]></error>
  </testcase>
  <testcase name="testOtherAsEnum[stringType = unspecified]" classname="org.postgresql.test.jdbc3.StringTypeParameterTest" time="0.001">
    <error type="java.lang.NullPointerException:">java.lang.NullPointerException: null
	at org.postgresql.test.TestUtil.dropTable(TestUtil.java:517)
	at org.postgresql.test.jdbc3.StringTypeParameterTest.tearDown(StringTypeParameterTest.java:60)
</error>
  </testcase>
  <testcase name="testParameterUnspecified[stringType = unspecified]" classname="org.postgresql.test.jdbc3.StringTypeParameterTest" time="0">
    <error message="Connection to localhost:5432 refused. Check that the hostname and port are correct and that the postmaster is accepting TCP/IP connections." type="org.postgresql.util.PSQLException"><![CDATA[org.postgresql.util.PSQLException: Connection to localhost:5432 refused. Check that the hostname and port are correct and that the postmaster is accepting TCP/IP connections.
	at java.net.PlainSocketImpl.socketConnect(Native Method)
	at java.net.AbstractPlainSocketImpl.doConnect(AbstractPlainSocketImpl.java:350)
	at java.net.AbstractPlainSocketImpl.connectToAddress(AbstractPlainSocketImpl.java:206)
	at java.net.AbstractPlainSocketImpl.connect(AbstractPlainSocketImpl.java:188)
	at java.net.SocksSocketImpl.connect(SocksSocketImpl.java:392)
	at java.net.Socket.connect(Socket.java:589)
	at org.postgresql.core.PGStream.<init>(PGStream.java:69)
	at org.postgresql.core.v3.ConnectionFactoryImpl.openConnectionImpl(ConnectionFactoryImpl.java:156)
	at org.postgresql.core.ConnectionFactory.openConnection(ConnectionFactory.java:49)
	at org.postgresql.jdbc.PgConnection.<init>(PgConnection.java:195)
	at org.postgresql.Driver.makeConnection(Driver.java:454)
	at org.postgresql.Driver.connect(Driver.java:256)
	at java.sql.DriverManager.getConnection(DriverManager.java:664)
	at java.sql.DriverManager.getConnection(DriverManager.java:208)
	at org.postgresql.test.TestUtil.openDB(TestUtil.java:312)
	at org.postgresql.test.jdbc2.BaseTest4.setUp(BaseTest4.java:83)
	at org.postgresql.test.jdbc3.StringTypeParameterTest.setUp(StringTypeParameterTest.java:43)
]]></error>
  </testcase>
  <testcase name="testParameterUnspecified[stringType = unspecified]" classname="org.postgresql.test.jdbc3.StringTypeParameterTest" time="0">
    <error type="java.lang.NullPointerException:">java.lang.NullPointerException: null
	at org.postgresql.test.TestUtil.dropTable(TestUtil.java:517)
	at org.postgresql.test.jdbc3.StringTypeParameterTest.tearDown(StringTypeParameterTest.java:60)
</error>
  </testcase>
</testsuite>