<?xml version="1.0" encoding="UTF-8"?>
<testsuite xmlns:xsi="http://www.w3.org/2001/XMLSchema-instance" xsi:noNamespaceSchemaLocation="https://maven.apache.org/surefire/maven-surefire-plugin/xsd/surefire-test-report.xsd" name="org.hesperides.tests.bdd.CucumberTests" time="118.213" tests="192" errors="10" skipped="6" failures="0">
  <properties>
    <property name="awt.toolkit" value="sun.awt.X11.XToolkit"/>
    <property name="file.encoding.pkg" value="sun.io"/>
    <property name="java.specification.version" value="1.8"/>
    <property name="sun.cpu.isalist" value=""/>
    <property name="sun.jnu.encoding" value="UTF-8"/>
    <property name="java.class.path" value="/root/workspace/voyages-sncf-technologies/hesperides/383763715/tests/bdd/target/test-classes:/root/workspace/voyages-sncf-technologies/hesperides/383763715/tests/bdd/target/classes:/root/workspace/voyages-sncf-technologies/hesperides/383763715/bootstrap/target/classes:/root/workspace/voyages-sncf-technologies/hesperides/383763715/presentation/target/classes:/root/workspace/voyages-sncf-technologies/hesperides/383763715/application/target/classes:/root/./workspace/voyages-sncf-technologies/hesperides/383763715/.m2/io/swagger/swagger-annotations/1.5.18/swagger-annotations-1.5.18.jar:/root/./workspace/voyages-sncf-technologies/hesperides/383763715/.m2/io/springfox/springfox-swagger2/2.8.0/springfox-swagger2-2.8.0.jar:/root/./workspace/voyages-sncf-technologies/hesperides/383763715/.m2/io/swagger/swagger-models/1.5.14/swagger-models-1.5.14.jar:/root/./workspace/voyages-sncf-technologies/hesperides/383763715/.m2/io/springfox/springfox-spi/2.8.0/springfox-spi-2.8.0.jar:/root/./workspace/voyages-sncf-technologies/hesperides/383763715/.m2/io/springfox/springfox-core/2.8.0/springfox-core-2.8.0.jar:/root/./workspace/voyages-sncf-technologies/hesperides/383763715/.m2/net/bytebuddy/byte-buddy/1.7.9/byte-buddy-1.7.9.jar:/root/./workspace/voyages-sncf-technologies/hesperides/383763715/.m2/io/springfox/springfox-schema/2.8.0/springfox-schema-2.8.0.jar:/root/./workspace/voyages-sncf-technologies/hesperides/383763715/.m2/io/springfox/springfox-swagger-common/2.8.0/springfox-swagger-common-2.8.0.jar:/root/./workspace/voyages-sncf-technologies/hesperides/383763715/.m2/io/springfox/springfox-spring-web/2.8.0/springfox-spring-web-2.8.0.jar:/root/./workspace/voyages-sncf-technologies/hesperides/383763715/.m2/org/reflections/reflections/0.9.11/reflections-0.9.11.jar:/root/./workspace/voyages-sncf-technologies/hesperides/383763715/.m2/com/google/guava/guava/20.0/guava-20.0.jar:/root/./workspace/voyages-sncf-technologies/hesperides/383763715/.m2/org/springframework/plugin/spring-plugin-core/1.2.0.RELEASE/spring-plugin-core-1.2.0.RELEASE.jar:/root/./workspace/voyages-sncf-technologies/hesperides/383763715/.m2/org/springframework/plugin/spring-plugin-metadata/1.2.0.RELEASE/spring-plugin-metadata-1.2.0.RELEASE.jar:/root/./workspace/voyages-sncf-technologies/hesperides/383763715/.m2/org/mapstruct/mapstruct/1.2.0.Final/mapstruct-1.2.0.Final.jar:/root/./workspace/voyages-sncf-technologies/hesperides/383763715/.m2/io/springfox/springfox-swagger-ui/2.8.0/springfox-swagger-ui-2.8.0.jar:/root/./workspace/voyages-sncf-technologies/hesperides/383763715/.m2/org/springframework/boot/spring-boot-starter-hateoas/1.5.11.RELEASE/spring-boot-starter-hateoas-1.5.11.RELEASE.jar:/root/./workspace/voyages-sncf-technologies/hesperides/383763715/.m2/org/springframework/hateoas/spring-hateoas/0.23.0.RELEASE/spring-hateoas-0.23.0.RELEASE.jar:/root/./workspace/voyages-sncf-technologies/hesperides/383763715/.m2/org/apache/commons/commons-lang3/3.7/commons-lang3-3.7.jar:/root/./workspace/voyages-sncf-technologies/hesperides/383763715/.m2/com/google/code/gson/gson/2.8.2/gson-2.8.2.jar:/root/workspace/voyages-sncf-technologies/hesperides/383763715/infrastructure/target/classes:/root/workspace/voyages-sncf-technologies/hesperides/383763715/domain/target/classes:/root/./workspace/voyages-sncf-technologies/hesperides/383763715/.m2/org/axonframework/axon-spring-boot-starter/3.2.2/axon-spring-boot-starter-3.2.2.jar:/root/./workspace/voyages-sncf-technologies/hesperides/383763715/.m2/org/axonframework/axon-spring-boot-autoconfigure/3.2.2/axon-spring-boot-autoconfigure-3.2.2.jar:/root/./workspace/voyages-sncf-technologies/hesperides/383763715/.m2/org/axonframework/axon-spring/3.2.2/axon-spring-3.2.2.jar:/root/./workspace/voyages-sncf-technologies/hesperides/383763715/.m2/org/springframework/boot/spring-boot-starter-security/1.5.11.RELEASE/spring-boot-starter-security-1.5.11.RELEASE.jar:/root/./workspace/voyages-sncf-technologies/hesperides/383763715/.m2/org/springframework/security/spring-security-config/4.2.5.RELEASE/spring-security-config-4.2.5.RELEASE.jar:/root/./workspace/voyages-sncf-technologies/hesperides/383763715/.m2/org/springframework/security/spring-security-web/4.2.5.RELEASE/spring-security-web-4.2.5.RELEASE.jar:/root/./workspace/voyages-sncf-technologies/hesperides/383763715/.m2/org/jetbrains/kotlin/kotlin-stdlib-jdk8/1.2.41/kotlin-stdlib-jdk8-1.2.41.jar:/root/./workspace/voyages-sncf-technologies/hesperides/383763715/.m2/org/jetbrains/kotlin/kotlin-stdlib/1.2.41/kotlin-stdlib-1.2.41.jar:/root/./workspace/voyages-sncf-technologies/hesperides/383763715/.m2/org/jetbrains/annotations/13.0/annotations-13.0.jar:/root/./workspace/voyages-sncf-technologies/hesperides/383763715/.m2/org/jetbrains/kotlin/kotlin-stdlib-jdk7/1.2.41/kotlin-stdlib-jdk7-1.2.41.jar:/root/./workspace/voyages-sncf-technologies/hesperides/383763715/.m2/org/springframework/security/spring-security-ldap/4.2.5.RELEASE/spring-security-ldap-4.2.5.RELEASE.jar:/root/./workspace/voyages-sncf-technologies/hesperides/383763715/.m2/org/springframework/ldap/spring-ldap-core/2.3.2.RELEASE/spring-ldap-core-2.3.2.RELEASE.jar:/root/./workspace/voyages-sncf-technologies/hesperides/383763715/.m2/org/springframework/security/spring-security-core/4.2.5.RELEASE/spring-security-core-4.2.5.RELEASE.jar:/root/./workspace/voyages-sncf-technologies/hesperides/383763715/.m2/aopalliance/aopalliance/1.0/aopalliance-1.0.jar:/root/./workspace/voyages-sncf-technologies/hesperides/383763715/.m2/org/springframework/spring-tx/4.3.15.RELEASE/spring-tx-4.3.15.RELEASE.jar:/root/./workspace/voyages-sncf-technologies/hesperides/383763715/.m2/org/springframework/boot/spring-boot-starter-data-jpa/1.5.11.RELEASE/spring-boot-starter-data-jpa-1.5.11.RELEASE.jar:/root/./workspace/voyages-sncf-technologies/hesperides/383763715/.m2/org/springframework/boot/spring-boot-starter-aop/1.5.11.RELEASE/spring-boot-starter-aop-1.5.11.RELEASE.jar:/root/./workspace/voyages-sncf-technologies/hesperides/383763715/.m2/org/aspectj/aspectjweaver/1.8.13/aspectjweaver-1.8.13.jar:/root/./workspace/voyages-sncf-technologies/hesperides/383763715/.m2/org/springframework/boot/spring-boot-starter-jdbc/1.5.11.RELEASE/spring-boot-starter-jdbc-1.5.11.RELEASE.jar:/root/./workspace/voyages-sncf-technologies/hesperides/383763715/.m2/org/apache/tomcat/tomcat-jdbc/8.5.29/tomcat-jdbc-8.5.29.jar:/root/./workspace/voyages-sncf-technologies/hesperides/383763715/.m2/org/apache/tomcat/tomcat-juli/8.5.29/tomcat-juli-8.5.29.jar:/root/./workspace/voyages-sncf-technologies/hesperides/383763715/.m2/org/springframework/spring-jdbc/4.3.15.RELEASE/spring-jdbc-4.3.15.RELEASE.jar:/root/./workspace/voyages-sncf-technologies/hesperides/383763715/.m2/org/hibernate/hibernate-core/5.0.12.Final/hibernate-core-5.0.12.Final.jar:/root/./workspace/voyages-sncf-technologies/hesperides/383763715/.m2/org/hibernate/javax/persistence/hibernate-jpa-2.1-api/1.0.0.Final/hibernate-jpa-2.1-api-1.0.0.Final.jar:/root/./workspace/voyages-sncf-technologies/hesperides/383763715/.m2/org/javassist/javassist/3.21.0-GA/javassist-3.21.0-GA.jar:/root/./workspace/voyages-sncf-technologies/hesperides/383763715/.m2/antlr/antlr/2.7.7/antlr-2.7.7.jar:/root/./workspace/voyages-sncf-technologies/hesperides/383763715/.m2/org/jboss/jandex/2.0.0.Final/jandex-2.0.0.Final.jar:/root/./workspace/voyages-sncf-technologies/hesperides/383763715/.m2/dom4j/dom4j/1.6.1/dom4j-1.6.1.jar:/root/./workspace/voyages-sncf-technologies/hesperides/383763715/.m2/org/hibernate/common/hibernate-commons-annotations/5.0.1.Final/hibernate-commons-annotations-5.0.1.Final.jar:/root/./workspace/voyages-sncf-technologies/hesperides/383763715/.m2/org/hibernate/hibernate-entitymanager/5.0.12.Final/hibernate-entitymanager-5.0.12.Final.jar:/root/./workspace/voyages-sncf-technologies/hesperides/383763715/.m2/javax/transaction/javax.transaction-api/1.2/javax.transaction-api-1.2.jar:/root/./workspace/voyages-sncf-technologies/hesperides/383763715/.m2/org/springframework/data/spring-data-jpa/1.11.11.RELEASE/spring-data-jpa-1.11.11.RELEASE.jar:/root/./workspace/voyages-sncf-technologies/hesperides/383763715/.m2/org/springframework/data/spring-data-commons/1.13.11.RELEASE/spring-data-commons-1.13.11.RELEASE.jar:/root/./workspace/voyages-sncf-technologies/hesperides/383763715/.m2/org/springframework/spring-orm/4.3.15.RELEASE/spring-orm-4.3.15.RELEASE.jar:/root/./workspace/voyages-sncf-technologies/hesperides/383763715/.m2/org/springframework/spring-aspects/4.3.15.RELEASE/spring-aspects-4.3.15.RELEASE.jar:/root/./workspace/voyages-sncf-technologies/hesperides/383763715/.m2/org/springframework/boot/spring-boot-starter-data-mongodb/1.5.11.RELEASE/spring-boot-starter-data-mongodb-1.5.11.RELEASE.jar:/root/./workspace/voyages-sncf-technologies/hesperides/383763715/.m2/org/mongodb/mongodb-driver/3.4.3/mongodb-driver-3.4.3.jar:/root/./workspace/voyages-sncf-technologies/hesperides/383763715/.m2/org/mongodb/mongodb-driver-core/3.4.3/mongodb-driver-core-3.4.3.jar:/root/./workspace/voyages-sncf-technologies/hesperides/383763715/.m2/org/mongodb/bson/3.4.3/bson-3.4.3.jar:/root/./workspace/voyages-sncf-technologies/hesperides/383763715/.m2/org/springframework/data/spring-data-mongodb/1.10.11.RELEASE/spring-data-mongodb-1.10.11.RELEASE.jar:/root/./workspace/voyages-sncf-technologies/hesperides/383763715/.m2/org/springframework/boot/spring-boot-starter-data-elasticsearch/1.5.11.RELEASE/spring-boot-starter-data-elasticsearch-1.5.11.RELEASE.jar:/root/./workspace/voyages-sncf-technologies/hesperides/383763715/.m2/org/springframework/data/spring-data-elasticsearch/2.1.11.RELEASE/spring-data-elasticsearch-2.1.11.RELEASE.jar:/root/./workspace/voyages-sncf-technologies/hesperides/383763715/.m2/commons-lang/commons-lang/2.6/commons-lang-2.6.jar:/root/./workspace/voyages-sncf-technologies/hesperides/383763715/.m2/joda-time/joda-time/2.9.9/joda-time-2.9.9.jar:/root/./workspace/voyages-sncf-technologies/hesperides/383763715/.m2/org/elasticsearch/elasticsearch/2.4.6/elasticsearch-2.4.6.jar:/root/./workspace/voyages-sncf-technologies/hesperides/383763715/.m2/org/apache/lucene/lucene-core/5.5.4/lucene-core-5.5.4.jar:/root/./workspace/voyages-sncf-technologies/hesperides/383763715/.m2/org/apache/lucene/lucene-backward-codecs/5.5.4/lucene-backward-codecs-5.5.4.jar:/root/./workspace/voyages-sncf-technologies/hesperides/383763715/.m2/org/apache/lucene/lucene-analyzers-common/5.5.4/lucene-analyzers-common-5.5.4.jar:/root/./workspace/voyages-sncf-technologies/hesperides/383763715/.m2/org/apache/lucene/lucene-queries/5.5.4/lucene-queries-5.5.4.jar:/root/./workspace/voyages-sncf-technologies/hesperides/383763715/.m2/org/apache/lucene/lucene-memory/5.5.4/lucene-memory-5.5.4.jar:/root/./workspace/voyages-sncf-technologies/hesperides/383763715/.m2/org/apache/lucene/lucene-highlighter/5.5.4/lucene-highlighter-5.5.4.jar:/root/./workspace/voyages-sncf-technologies/hesperides/383763715/.m2/org/apache/lucene/lucene-queryparser/5.5.4/lucene-queryparser-5.5.4.jar:/root/./workspace/voyages-sncf-technologies/hesperides/383763715/.m2/org/apache/lucene/lucene-sandbox/5.5.4/lucene-sandbox-5.5.4.jar:/root/./workspace/voyages-sncf-technologies/hesperides/383763715/.m2/org/apache/lucene/lucene-suggest/5.5.4/lucene-suggest-5.5.4.jar:/root/./workspace/voyages-sncf-technologies/hesperides/383763715/.m2/org/apache/lucene/lucene-misc/5.5.4/lucene-misc-5.5.4.jar:/root/./workspace/voyages-sncf-technologies/hesperides/383763715/.m2/org/apache/lucene/lucene-join/5.5.4/lucene-join-5.5.4.jar:/root/./workspace/voyages-sncf-technologies/hesperides/383763715/.m2/org/apache/lucene/lucene-grouping/5.5.4/lucene-grouping-5.5.4.jar:/root/./workspace/voyages-sncf-technologies/hesperides/383763715/.m2/org/apache/lucene/lucene-spatial/5.5.4/lucene-spatial-5.5.4.jar:/root/./workspace/voyages-sncf-technologies/hesperides/383763715/.m2/org/apache/lucene/lucene-spatial3d/5.5.4/lucene-spatial3d-5.5.4.jar:/root/./workspace/voyages-sncf-technologies/hesperides/383763715/.m2/com/spatial4j/spatial4j/0.5/spatial4j-0.5.jar:/root/./workspace/voyages-sncf-technologies/hesperides/383763715/.m2/org/elasticsearch/securesm/1.0/securesm-1.0.jar:/root/./workspace/voyages-sncf-technologies/hesperides/383763715/.m2/com/carrotsearch/hppc/0.7.1/hppc-0.7.1.jar:/root/./workspace/voyages-sncf-technologies/hesperides/383763715/.m2/com/fasterxml/jackson/dataformat/jackson-dataformat-smile/2.8.11/jackson-dataformat-smile-2.8.11.jar:/root/./workspace/voyages-sncf-technologies/hesperides/383763715/.m2/com/fasterxml/jackson/dataformat/jackson-dataformat-yaml/2.8.11/jackson-dataformat-yaml-2.8.11.jar:/root/./workspace/voyages-sncf-technologies/hesperides/383763715/.m2/com/fasterxml/jackson/dataformat/jackson-dataformat-cbor/2.8.11/jackson-dataformat-cbor-2.8.11.jar:/root/./workspace/voyages-sncf-technologies/hesperides/383763715/.m2/io/netty/netty/3.10.6.Final/netty-3.10.6.Final.jar:/root/./workspace/voyages-sncf-technologies/hesperides/383763715/.m2/com/ning/compress-lzf/1.0.2/compress-lzf-1.0.2.jar:/root/./workspace/voyages-sncf-technologies/hesperides/383763715/.m2/com/tdunning/t-digest/3.0/t-digest-3.0.jar:/root/./workspace/voyages-sncf-technologies/hesperides/383763715/.m2/org/hdrhistogram/HdrHistogram/2.1.6/HdrHistogram-2.1.6.jar:/root/./workspace/voyages-sncf-technologies/hesperides/383763715/.m2/commons-cli/commons-cli/1.3.1/commons-cli-1.3.1.jar:/root/./workspace/voyages-sncf-technologies/hesperides/383763715/.m2/com/twitter/jsr166e/1.1.0/jsr166e-1.1.0.jar:/root/./workspace/voyages-sncf-technologies/hesperides/383763715/.m2/org/axonframework/axon-mongo/3.2.2/axon-mongo-3.2.2.jar:/root/./workspace/voyages-sncf-technologies/hesperides/383763715/.m2/org/axonframework/axon-core/3.2.2/axon-core-3.2.2.jar:/root/./workspace/voyages-sncf-technologies/hesperides/383763715/.m2/com/thoughtworks/xstream/xstream/1.4.10/xstream-1.4.10.jar:/root/./workspace/voyages-sncf-technologies/hesperides/383763715/.m2/xpp3/xpp3/1.1.4c/xpp3-1.1.4c.jar:/root/./workspace/voyages-sncf-technologies/hesperides/383763715/.m2/org/mongodb/mongo-java-driver/3.4.3/mongo-java-driver-3.4.3.jar:/root/./workspace/voyages-sncf-technologies/hesperides/383763715/.m2/de/flapdoodle/embed/de.flapdoodle.embed.mongo/2.0.3/de.flapdoodle.embed.mongo-2.0.3.jar:/root/./workspace/voyages-sncf-technologies/hesperides/383763715/.m2/de/flapdoodle/embed/de.flapdoodle.embed.process/2.0.2/de.flapdoodle.embed.process-2.0.2.jar:/root/./workspace/voyages-sncf-technologies/hesperides/383763715/.m2/net/java/dev/jna/jna-platform/4.2.2/jna-platform-4.2.2.jar:/root/./workspace/voyages-sncf-technologies/hesperides/383763715/.m2/org/apache/commons/commons-compress/1.10/commons-compress-1.10.jar:/root/./workspace/voyages-sncf-technologies/hesperides/383763715/.m2/cz/jirutka/spring/embedmongo-spring/1.3.1/embedmongo-spring-1.3.1.jar:/root/./workspace/voyages-sncf-technologies/hesperides/383763715/.m2/com/github/fakemongo/fongo/2.1.1/fongo-2.1.1.jar:/root/./workspace/voyages-sncf-technologies/hesperides/383763715/.m2/org/mozilla/rhino/1.7.7.1/rhino-1.7.7.1.jar:/root/./workspace/voyages-sncf-technologies/hesperides/383763715/.m2/com/vividsolutions/jts/1.13/jts-1.13.jar:/root/./workspace/voyages-sncf-technologies/hesperides/383763715/.m2/de/grundid/opendatalab/geojson-jackson/1.2/geojson-jackson-1.2.jar:/root/./workspace/voyages-sncf-technologies/hesperides/383763715/.m2/org/postgresql/postgresql/9.4-1206-jdbc42/postgresql-9.4-1206-jdbc42.jar:/root/./workspace/voyages-sncf-technologies/hesperides/383763715/.m2/org/liquibase/liquibase-core/3.6.1/liquibase-core-3.6.1.jar:/root/./workspace/voyages-sncf-technologies/hesperides/383763715/.m2/ch/qos/logback/logback-classic/1.2.3/logback-classic-1.2.3.jar:/root/./workspace/voyages-sncf-technologies/hesperides/383763715/.m2/ch/qos/logback/logback-core/1.2.3/logback-core-1.2.3.jar:/root/./workspace/voyages-sncf-technologies/hesperides/383763715/.m2/org/elasticsearch/client/elasticsearch-rest-client/6.1.2/elasticsearch-rest-client-6.1.2.jar:/root/./workspace/voyages-sncf-technologies/hesperides/383763715/.m2/org/apache/httpcomponents/httpclient/4.5.5/httpclient-4.5.5.jar:/root/./workspace/voyages-sncf-technologies/hesperides/383763715/.m2/org/apache/httpcomponents/httpcore/4.4.9/httpcore-4.4.9.jar:/root/./workspace/voyages-sncf-technologies/hesperides/383763715/.m2/org/apache/httpcomponents/httpasyncclient/4.1.3/httpasyncclient-4.1.3.jar:/root/./workspace/voyages-sncf-technologies/hesperides/383763715/.m2/org/apache/httpcomponents/httpcore-nio/4.4.5/httpcore-nio-4.4.5.jar:/root/./workspace/voyages-sncf-technologies/hesperides/383763715/.m2/commons-codec/commons-codec/1.10/commons-codec-1.10.jar:/root/./workspace/voyages-sncf-technologies/hesperides/383763715/.m2/commons-logging/commons-logging/1.1.3/commons-logging-1.1.3.jar:/root/./workspace/voyages-sncf-technologies/hesperides/383763715/.m2/com/github/spullara/mustache/java/compiler/0.9.5/compiler-0.9.5.jar:/root/./workspace/voyages-sncf-technologies/hesperides/383763715/.m2/commons-io/commons-io/2.6/commons-io-2.6.jar:/root/./workspace/voyages-sncf-technologies/hesperides/383763715/.m2/net/java/dev/jna/jna/4.2.2/jna-4.2.2.jar:/root/./workspace/voyages-sncf-technologies/hesperides/383763715/.m2/de/codecentric/spring-boot-admin-starter-client/1.5.7/spring-boot-admin-starter-client-1.5.7.jar:/root/./workspace/voyages-sncf-technologies/hesperides/383763715/.m2/de/codecentric/spring-boot-admin-client/1.5.7/spring-boot-admin-client-1.5.7.jar:/root/./workspace/voyages-sncf-technologies/hesperides/383763715/.m2/org/jolokia/jolokia-core/1.3.7/jolokia-core-1.3.7.jar:/root/./workspace/voyages-sncf-technologies/hesperides/383763715/.m2/com/googlecode/json-simple/json-simple/1.1.1/json-simple-1.1.1.jar:/root/./workspace/voyages-sncf-technologies/hesperides/383763715/.m2/org/springframework/boot/spring-boot-starter-actuator/1.5.11.RELEASE/spring-boot-starter-actuator-1.5.11.RELEASE.jar:/root/./workspace/voyages-sncf-technologies/hesperides/383763715/.m2/org/springframework/boot/spring-boot-actuator/1.5.11.RELEASE/spring-boot-actuator-1.5.11.RELEASE.jar:/root/./workspace/voyages-sncf-technologies/hesperides/383763715/.m2/org/springframework/boot/spring-boot-starter-web/1.5.11.RELEASE/spring-boot-starter-web-1.5.11.RELEASE.jar:/root/./workspace/voyages-sncf-technologies/hesperides/383763715/.m2/org/springframework/boot/spring-boot-starter/1.5.11.RELEASE/spring-boot-starter-1.5.11.RELEASE.jar:/root/./workspace/voyages-sncf-technologies/hesperides/383763715/.m2/org/springframework/boot/spring-boot/1.5.11.RELEASE/spring-boot-1.5.11.RELEASE.jar:/root/./workspace/voyages-sncf-technologies/hesperides/383763715/.m2/org/springframework/boot/spring-boot-autoconfigure/1.5.11.RELEASE/spring-boot-autoconfigure-1.5.11.RELEASE.jar:/root/./workspace/voyages-sncf-technologies/hesperides/383763715/.m2/org/springframework/boot/spring-boot-starter-logging/1.5.11.RELEASE/spring-boot-starter-logging-1.5.11.RELEASE.jar:/root/./workspace/voyages-sncf-technologies/hesperides/383763715/.m2/org/slf4j/jcl-over-slf4j/1.7.25/jcl-over-slf4j-1.7.25.jar:/root/./workspace/voyages-sncf-technologies/hesperides/383763715/.m2/org/slf4j/jul-to-slf4j/1.7.25/jul-to-slf4j-1.7.25.jar:/root/./workspace/voyages-sncf-technologies/hesperides/383763715/.m2/org/slf4j/log4j-over-slf4j/1.7.25/log4j-over-slf4j-1.7.25.jar:/root/./workspace/voyages-sncf-technologies/hesperides/383763715/.m2/org/yaml/snakeyaml/1.17/snakeyaml-1.17.jar:/root/./workspace/voyages-sncf-technologies/hesperides/383763715/.m2/org/springframework/boot/spring-boot-starter-tomcat/1.5.11.RELEASE/spring-boot-starter-tomcat-1.5.11.RELEASE.jar:/root/./workspace/voyages-sncf-technologies/hesperides/383763715/.m2/org/apache/tomcat/embed/tomcat-embed-core/8.5.29/tomcat-embed-core-8.5.29.jar:/root/./workspace/voyages-sncf-technologies/hesperides/383763715/.m2/org/apache/tomcat/tomcat-annotations-api/8.5.29/tomcat-annotations-api-8.5.29.jar:/root/./workspace/voyages-sncf-technologies/hesperides/383763715/.m2/org/apache/tomcat/embed/tomcat-embed-el/8.5.29/tomcat-embed-el-8.5.29.jar:/root/./workspace/voyages-sncf-technologies/hesperides/383763715/.m2/org/apache/tomcat/embed/tomcat-embed-websocket/8.5.29/tomcat-embed-websocket-8.5.29.jar:/root/./workspace/voyages-sncf-technologies/hesperides/383763715/.m2/org/hibernate/hibernate-validator/5.3.6.Final/hibernate-validator-5.3.6.Final.jar:/root/./workspace/voyages-sncf-technologies/hesperides/383763715/.m2/javax/validation/validation-api/1.1.0.Final/validation-api-1.1.0.Final.jar:/root/./workspace/voyages-sncf-technologies/hesperides/383763715/.m2/org/jboss/logging/jboss-logging/3.3.2.Final/jboss-logging-3.3.2.Final.jar:/root/./workspace/voyages-sncf-technologies/hesperides/383763715/.m2/com/fasterxml/classmate/1.3.4/classmate-1.3.4.jar:/root/./workspace/voyages-sncf-technologies/hesperides/383763715/.m2/com/fasterxml/jackson/core/jackson-databind/2.8.11.1/jackson-databind-2.8.11.1.jar:/root/./workspace/voyages-sncf-technologies/hesperides/383763715/.m2/com/fasterxml/jackson/core/jackson-annotations/2.8.0/jackson-annotations-2.8.0.jar:/root/./workspace/voyages-sncf-technologies/hesperides/383763715/.m2/com/fasterxml/jackson/core/jackson-core/2.8.11/jackson-core-2.8.11.jar:/root/./workspace/voyages-sncf-technologies/hesperides/383763715/.m2/org/springframework/spring-web/4.3.15.RELEASE/spring-web-4.3.15.RELEASE.jar:/root/./workspace/voyages-sncf-technologies/hesperides/383763715/.m2/org/springframework/spring-aop/4.3.15.RELEASE/spring-aop-4.3.15.RELEASE.jar:/root/./workspace/voyages-sncf-technologies/hesperides/383763715/.m2/org/springframework/spring-beans/4.3.15.RELEASE/spring-beans-4.3.15.RELEASE.jar:/root/./workspace/voyages-sncf-technologies/hesperides/383763715/.m2/org/springframework/spring-context/4.3.15.RELEASE/spring-context-4.3.15.RELEASE.jar:/root/./workspace/voyages-sncf-technologies/hesperides/383763715/.m2/org/springframework/spring-webmvc/4.3.15.RELEASE/spring-webmvc-4.3.15.RELEASE.jar:/root/./workspace/voyages-sncf-technologies/hesperides/383763715/.m2/org/springframework/spring-expression/4.3.15.RELEASE/spring-expression-4.3.15.RELEASE.jar:/root/./workspace/voyages-sncf-technologies/hesperides/383763715/.m2/org/springframework/boot/spring-boot-starter-test/1.5.11.RELEASE/spring-boot-starter-test-1.5.11.RELEASE.jar:/root/./workspace/voyages-sncf-technologies/hesperides/383763715/.m2/org/springframework/boot/spring-boot-test/1.5.11.RELEASE/spring-boot-test-1.5.11.RELEASE.jar:/root/./workspace/voyages-sncf-technologies/hesperides/383763715/.m2/org/springframework/boot/spring-boot-test-autoconfigure/1.5.11.RELEASE/spring-boot-test-autoconfigure-1.5.11.RELEASE.jar:/root/./workspace/voyages-sncf-technologies/hesperides/383763715/.m2/com/jayway/jsonpath/json-path/2.2.0/json-path-2.2.0.jar:/root/./workspace/voyages-sncf-technologies/hesperides/383763715/.m2/net/minidev/json-smart/2.2.1/json-smart-2.2.1.jar:/root/./workspace/voyages-sncf-technologies/hesperides/383763715/.m2/net/minidev/accessors-smart/1.1/accessors-smart-1.1.jar:/root/./workspace/voyages-sncf-technologies/hesperides/383763715/.m2/org/ow2/asm/asm/5.0.3/asm-5.0.3.jar:/root/./workspace/voyages-sncf-technologies/hesperides/383763715/.m2/org/slf4j/slf4j-api/1.7.25/slf4j-api-1.7.25.jar:/root/./workspace/voyages-sncf-technologies/hesperides/383763715/.m2/junit/junit/4.12/junit-4.12.jar:/root/./workspace/voyages-sncf-technologies/hesperides/383763715/.m2/org/assertj/assertj-core/2.6.0/assertj-core-2.6.0.jar:/root/./workspace/voyages-sncf-technologies/hesperides/383763715/.m2/org/mockito/mockito-core/1.10.19/mockito-core-1.10.19.jar:/root/./workspace/voyages-sncf-technologies/hesperides/383763715/.m2/org/objenesis/objenesis/2.1/objenesis-2.1.jar:/root/./workspace/voyages-sncf-technologies/hesperides/383763715/.m2/org/hamcrest/hamcrest-core/1.3/hamcrest-core-1.3.jar:/root/./workspace/voyages-sncf-technologies/hesperides/383763715/.m2/org/hamcrest/hamcrest-library/1.3/hamcrest-library-1.3.jar:/root/./workspace/voyages-sncf-technologies/hesperides/383763715/.m2/org/skyscreamer/jsonassert/1.4.0/jsonassert-1.4.0.jar:/root/./workspace/voyages-sncf-technologies/hesperides/383763715/.m2/com/vaadin/external/google/android-json/0.0.20131108.vaadin1/android-json-0.0.20131108.vaadin1.jar:/root/./workspace/voyages-sncf-technologies/hesperides/383763715/.m2/org/springframework/spring-core/4.3.15.RELEASE/spring-core-4.3.15.RELEASE.jar:/root/./workspace/voyages-sncf-technologies/hesperides/383763715/.m2/org/springframework/spring-test/4.3.15.RELEASE/spring-test-4.3.15.RELEASE.jar:/root/./workspace/voyages-sncf-technologies/hesperides/383763715/.m2/info/cukes/cucumber-junit/1.2.5/cucumber-junit-1.2.5.jar:/root/./workspace/voyages-sncf-technologies/hesperides/383763715/.m2/info/cukes/cucumber-core/1.2.5/cucumber-core-1.2.5.jar:/root/./workspace/voyages-sncf-technologies/hesperides/383763715/.m2/info/cukes/cucumber-html/0.2.3/cucumber-html-0.2.3.jar:/root/./workspace/voyages-sncf-technologies/hesperides/383763715/.m2/info/cukes/cucumber-jvm-deps/1.0.5/cucumber-jvm-deps-1.0.5.jar:/root/./workspace/voyages-sncf-technologies/hesperides/383763715/.m2/info/cukes/gherkin/2.12.2/gherkin-2.12.2.jar:/root/./workspace/voyages-sncf-technologies/hesperides/383763715/.m2/info/cukes/cucumber-java8/1.2.5/cucumber-java8-1.2.5.jar:/root/./workspace/voyages-sncf-technologies/hesperides/383763715/.m2/info/cukes/cucumber-java/1.2.5/cucumber-java-1.2.5.jar:/root/./workspace/voyages-sncf-technologies/hesperides/383763715/.m2/info/cukes/cucumber-spring/1.2.5/cucumber-spring-1.2.5.jar:/root/./workspace/voyages-sncf-technologies/hesperides/383763715/.m2/org/projectlombok/lombok/1.16.20/lombok-1.16.20.jar:"/>
    <property name="java.vm.vendor" value="Oracle Corporation"/>
    <property name="skip.bower" value="true"/>
    <property name="sun.arch.data.model" value="64"/>
    <property name="java.vendor.url" value="http://java.oracle.com/"/>
    <property name="user.timezone" value=""/>
    <property name="java.vm.specification.version" value="1.8"/>
    <property name="os.name" value="Linux"/>
    <property name="rat.skip" value="true"/>
    <property name="gpg.skip" value="true"/>
    <property name="sun.java.launcher" value="SUN_STANDARD"/>
    <property name="sun.boot.library.path" value="/usr/lib/jvm/java-8-openjdk-amd64/jre/lib/amd64"/>
    <property name="skip.gulp" value="true"/>
    <property name="sun.java.command" value="/root/workspace/voyages-sncf-technologies/hesperides/383763715/tests/bdd/target/surefire/surefirebooter5660676802444908719.jar /root/workspace/voyages-sncf-technologies/hesperides/383763715/tests/bdd/target/surefire 2018-05-25T17-57-48_855-jvmRun1 surefire3302476438541936711tmp surefire_33208161319418622475tmp"/>
    <property name="dependency-check.skip" value="true"/>
    <property name="surefire.test.class.path" value="/root/workspace/voyages-sncf-technologies/hesperides/383763715/tests/bdd/target/test-classes:/root/workspace/voyages-sncf-technologies/hesperides/383763715/tests/bdd/target/classes:/root/workspace/voyages-sncf-technologies/hesperides/383763715/bootstrap/target/classes:/root/workspace/voyages-sncf-technologies/hesperides/383763715/presentation/target/classes:/root/workspace/voyages-sncf-technologies/hesperides/383763715/application/target/classes:/root/./workspace/voyages-sncf-technologies/hesperides/383763715/.m2/io/swagger/swagger-annotations/1.5.18/swagger-annotations-1.5.18.jar:/root/./workspace/voyages-sncf-technologies/hesperides/383763715/.m2/io/springfox/springfox-swagger2/2.8.0/springfox-swagger2-2.8.0.jar:/root/./workspace/voyages-sncf-technologies/hesperides/383763715/.m2/io/swagger/swagger-models/1.5.14/swagger-models-1.5.14.jar:/root/./workspace/voyages-sncf-technologies/hesperides/383763715/.m2/io/springfox/springfox-spi/2.8.0/springfox-spi-2.8.0.jar:/root/./workspace/voyages-sncf-technologies/hesperides/383763715/.m2/io/springfox/springfox-core/2.8.0/springfox-core-2.8.0.jar:/root/./workspace/voyages-sncf-technologies/hesperides/383763715/.m2/net/bytebuddy/byte-buddy/1.7.9/byte-buddy-1.7.9.jar:/root/./workspace/voyages-sncf-technologies/hesperides/383763715/.m2/io/springfox/springfox-schema/2.8.0/springfox-schema-2.8.0.jar:/root/./workspace/voyages-sncf-technologies/hesperides/383763715/.m2/io/springfox/springfox-swagger-common/2.8.0/springfox-swagger-common-2.8.0.jar:/root/./workspace/voyages-sncf-technologies/hesperides/383763715/.m2/io/springfox/springfox-spring-web/2.8.0/springfox-spring-web-2.8.0.jar:/root/./workspace/voyages-sncf-technologies/hesperides/383763715/.m2/org/reflections/reflections/0.9.11/reflections-0.9.11.jar:/root/./workspace/voyages-sncf-technologies/hesperides/383763715/.m2/com/google/guava/guava/20.0/guava-20.0.jar:/root/./workspace/voyages-sncf-technologies/hesperides/383763715/.m2/org/springframework/plugin/spring-plugin-core/1.2.0.RELEASE/spring-plugin-core-1.2.0.RELEASE.jar:/root/./workspace/voyages-sncf-technologies/hesperides/383763715/.m2/org/springframework/plugin/spring-plugin-metadata/1.2.0.RELEASE/spring-plugin-metadata-1.2.0.RELEASE.jar:/root/./workspace/voyages-sncf-technologies/hesperides/383763715/.m2/org/mapstruct/mapstruct/1.2.0.Final/mapstruct-1.2.0.Final.jar:/root/./workspace/voyages-sncf-technologies/hesperides/383763715/.m2/io/springfox/springfox-swagger-ui/2.8.0/springfox-swagger-ui-2.8.0.jar:/root/./workspace/voyages-sncf-technologies/hesperides/383763715/.m2/org/springframework/boot/spring-boot-starter-hateoas/1.5.11.RELEASE/spring-boot-starter-hateoas-1.5.11.RELEASE.jar:/root/./workspace/voyages-sncf-technologies/hesperides/383763715/.m2/org/springframework/hateoas/spring-hateoas/0.23.0.RELEASE/spring-hateoas-0.23.0.RELEASE.jar:/root/./workspace/voyages-sncf-technologies/hesperides/383763715/.m2/org/apache/commons/commons-lang3/3.7/commons-lang3-3.7.jar:/root/./workspace/voyages-sncf-technologies/hesperides/383763715/.m2/com/google/code/gson/gson/2.8.2/gson-2.8.2.jar:/root/workspace/voyages-sncf-technologies/hesperides/383763715/infrastructure/target/classes:/root/workspace/voyages-sncf-technologies/hesperides/383763715/domain/target/classes:/root/./workspace/voyages-sncf-technologies/hesperides/383763715/.m2/org/axonframework/axon-spring-boot-starter/3.2.2/axon-spring-boot-starter-3.2.2.jar:/root/./workspace/voyages-sncf-technologies/hesperides/383763715/.m2/org/axonframework/axon-spring-boot-autoconfigure/3.2.2/axon-spring-boot-autoconfigure-3.2.2.jar:/root/./workspace/voyages-sncf-technologies/hesperides/383763715/.m2/org/axonframework/axon-spring/3.2.2/axon-spring-3.2.2.jar:/root/./workspace/voyages-sncf-technologies/hesperides/383763715/.m2/org/springframework/boot/spring-boot-starter-security/1.5.11.RELEASE/spring-boot-starter-security-1.5.11.RELEASE.jar:/root/./workspace/voyages-sncf-technologies/hesperides/383763715/.m2/org/springframework/security/spring-security-config/4.2.5.RELEASE/spring-security-config-4.2.5.RELEASE.jar:/root/./workspace/voyages-sncf-technologies/hesperides/383763715/.m2/org/springframework/security/spring-security-web/4.2.5.RELEASE/spring-security-web-4.2.5.RELEASE.jar:/root/./workspace/voyages-sncf-technologies/hesperides/383763715/.m2/org/jetbrains/kotlin/kotlin-stdlib-jdk8/1.2.41/kotlin-stdlib-jdk8-1.2.41.jar:/root/./workspace/voyages-sncf-technologies/hesperides/383763715/.m2/org/jetbrains/kotlin/kotlin-stdlib/1.2.41/kotlin-stdlib-1.2.41.jar:/root/./workspace/voyages-sncf-technologies/hesperides/383763715/.m2/org/jetbrains/annotations/13.0/annotations-13.0.jar:/root/./workspace/voyages-sncf-technologies/hesperides/383763715/.m2/org/jetbrains/kotlin/kotlin-stdlib-jdk7/1.2.41/kotlin-stdlib-jdk7-1.2.41.jar:/root/./workspace/voyages-sncf-technologies/hesperides/383763715/.m2/org/springframework/security/spring-security-ldap/4.2.5.RELEASE/spring-security-ldap-4.2.5.RELEASE.jar:/root/./workspace/voyages-sncf-technologies/hesperides/383763715/.m2/org/springframework/ldap/spring-ldap-core/2.3.2.RELEASE/spring-ldap-core-2.3.2.RELEASE.jar:/root/./workspace/voyages-sncf-technologies/hesperides/383763715/.m2/org/springframework/security/spring-security-core/4.2.5.RELEASE/spring-security-core-4.2.5.RELEASE.jar:/root/./workspace/voyages-sncf-technologies/hesperides/383763715/.m2/aopalliance/aopalliance/1.0/aopalliance-1.0.jar:/root/./workspace/voyages-sncf-technologies/hesperides/383763715/.m2/org/springframework/spring-tx/4.3.15.RELEASE/spring-tx-4.3.15.RELEASE.jar:/root/./workspace/voyages-sncf-technologies/hesperides/383763715/.m2/org/springframework/boot/spring-boot-starter-data-jpa/1.5.11.RELEASE/spring-boot-starter-data-jpa-1.5.11.RELEASE.jar:/root/./workspace/voyages-sncf-technologies/hesperides/383763715/.m2/org/springframework/boot/spring-boot-starter-aop/1.5.11.RELEASE/spring-boot-starter-aop-1.5.11.RELEASE.jar:/root/./workspace/voyages-sncf-technologies/hesperides/383763715/.m2/org/aspectj/aspectjweaver/1.8.13/aspectjweaver-1.8.13.jar:/root/./workspace/voyages-sncf-technologies/hesperides/383763715/.m2/org/springframework/boot/spring-boot-starter-jdbc/1.5.11.RELEASE/spring-boot-starter-jdbc-1.5.11.RELEASE.jar:/root/./workspace/voyages-sncf-technologies/hesperides/383763715/.m2/org/apache/tomcat/tomcat-jdbc/8.5.29/tomcat-jdbc-8.5.29.jar:/root/./workspace/voyages-sncf-technologies/hesperides/383763715/.m2/org/apache/tomcat/tomcat-juli/8.5.29/tomcat-juli-8.5.29.jar:/root/./workspace/voyages-sncf-technologies/hesperides/383763715/.m2/org/springframework/spring-jdbc/4.3.15.RELEASE/spring-jdbc-4.3.15.RELEASE.jar:/root/./workspace/voyages-sncf-technologies/hesperides/383763715/.m2/org/hibernate/hibernate-core/5.0.12.Final/hibernate-core-5.0.12.Final.jar:/root/./workspace/voyages-sncf-technologies/hesperides/383763715/.m2/org/hibernate/javax/persistence/hibernate-jpa-2.1-api/1.0.0.Final/hibernate-jpa-2.1-api-1.0.0.Final.jar:/root/./workspace/voyages-sncf-technologies/hesperides/383763715/.m2/org/javassist/javassist/3.21.0-GA/javassist-3.21.0-GA.jar:/root/./workspace/voyages-sncf-technologies/hesperides/383763715/.m2/antlr/antlr/2.7.7/antlr-2.7.7.jar:/root/./workspace/voyages-sncf-technologies/hesperides/383763715/.m2/org/jboss/jandex/2.0.0.Final/jandex-2.0.0.Final.jar:/root/./workspace/voyages-sncf-technologies/hesperides/383763715/.m2/dom4j/dom4j/1.6.1/dom4j-1.6.1.jar:/root/./workspace/voyages-sncf-technologies/hesperides/383763715/.m2/org/hibernate/common/hibernate-commons-annotations/5.0.1.Final/hibernate-commons-annotations-5.0.1.Final.jar:/root/./workspace/voyages-sncf-technologies/hesperides/383763715/.m2/org/hibernate/hibernate-entitymanager/5.0.12.Final/hibernate-entitymanager-5.0.12.Final.jar:/root/./workspace/voyages-sncf-technologies/hesperides/383763715/.m2/javax/transaction/javax.transaction-api/1.2/javax.transaction-api-1.2.jar:/root/./workspace/voyages-sncf-technologies/hesperides/383763715/.m2/org/springframework/data/spring-data-jpa/1.11.11.RELEASE/spring-data-jpa-1.11.11.RELEASE.jar:/root/./workspace/voyages-sncf-technologies/hesperides/383763715/.m2/org/springframework/data/spring-data-commons/1.13.11.RELEASE/spring-data-commons-1.13.11.RELEASE.jar:/root/./workspace/voyages-sncf-technologies/hesperides/383763715/.m2/org/springframework/spring-orm/4.3.15.RELEASE/spring-orm-4.3.15.RELEASE.jar:/root/./workspace/voyages-sncf-technologies/hesperides/383763715/.m2/org/springframework/spring-aspects/4.3.15.RELEASE/spring-aspects-4.3.15.RELEASE.jar:/root/./workspace/voyages-sncf-technologies/hesperides/383763715/.m2/org/springframework/boot/spring-boot-starter-data-mongodb/1.5.11.RELEASE/spring-boot-starter-data-mongodb-1.5.11.RELEASE.jar:/root/./workspace/voyages-sncf-technologies/hesperides/383763715/.m2/org/mongodb/mongodb-driver/3.4.3/mongodb-driver-3.4.3.jar:/root/./workspace/voyages-sncf-technologies/hesperides/383763715/.m2/org/mongodb/mongodb-driver-core/3.4.3/mongodb-driver-core-3.4.3.jar:/root/./workspace/voyages-sncf-technologies/hesperides/383763715/.m2/org/mongodb/bson/3.4.3/bson-3.4.3.jar:/root/./workspace/voyages-sncf-technologies/hesperides/383763715/.m2/org/springframework/data/spring-data-mongodb/1.10.11.RELEASE/spring-data-mongodb-1.10.11.RELEASE.jar:/root/./workspace/voyages-sncf-technologies/hesperides/383763715/.m2/org/springframework/boot/spring-boot-starter-data-elasticsearch/1.5.11.RELEASE/spring-boot-starter-data-elasticsearch-1.5.11.RELEASE.jar:/root/./workspace/voyages-sncf-technologies/hesperides/383763715/.m2/org/springframework/data/spring-data-elasticsearch/2.1.11.RELEASE/spring-data-elasticsearch-2.1.11.RELEASE.jar:/root/./workspace/voyages-sncf-technologies/hesperides/383763715/.m2/commons-lang/commons-lang/2.6/commons-lang-2.6.jar:/root/./workspace/voyages-sncf-technologies/hesperides/383763715/.m2/joda-time/joda-time/2.9.9/joda-time-2.9.9.jar:/root/./workspace/voyages-sncf-technologies/hesperides/383763715/.m2/org/elasticsearch/elasticsearch/2.4.6/elasticsearch-2.4.6.jar:/root/./workspace/voyages-sncf-technologies/hesperides/383763715/.m2/org/apache/lucene/lucene-core/5.5.4/lucene-core-5.5.4.jar:/root/./workspace/voyages-sncf-technologies/hesperides/383763715/.m2/org/apache/lucene/lucene-backward-codecs/5.5.4/lucene-backward-codecs-5.5.4.jar:/root/./workspace/voyages-sncf-technologies/hesperides/383763715/.m2/org/apache/lucene/lucene-analyzers-common/5.5.4/lucene-analyzers-common-5.5.4.jar:/root/./workspace/voyages-sncf-technologies/hesperides/383763715/.m2/org/apache/lucene/lucene-queries/5.5.4/lucene-queries-5.5.4.jar:/root/./workspace/voyages-sncf-technologies/hesperides/383763715/.m2/org/apache/lucene/lucene-memory/5.5.4/lucene-memory-5.5.4.jar:/root/./workspace/voyages-sncf-technologies/hesperides/383763715/.m2/org/apache/lucene/lucene-highlighter/5.5.4/lucene-highlighter-5.5.4.jar:/root/./workspace/voyages-sncf-technologies/hesperides/383763715/.m2/org/apache/lucene/lucene-queryparser/5.5.4/lucene-queryparser-5.5.4.jar:/root/./workspace/voyages-sncf-technologies/hesperides/383763715/.m2/org/apache/lucene/lucene-sandbox/5.5.4/lucene-sandbox-5.5.4.jar:/root/./workspace/voyages-sncf-technologies/hesperides/383763715/.m2/org/apache/lucene/lucene-suggest/5.5.4/lucene-suggest-5.5.4.jar:/root/./workspace/voyages-sncf-technologies/hesperides/383763715/.m2/org/apache/lucene/lucene-misc/5.5.4/lucene-misc-5.5.4.jar:/root/./workspace/voyages-sncf-technologies/hesperides/383763715/.m2/org/apache/lucene/lucene-join/5.5.4/lucene-join-5.5.4.jar:/root/./workspace/voyages-sncf-technologies/hesperides/383763715/.m2/org/apache/lucene/lucene-grouping/5.5.4/lucene-grouping-5.5.4.jar:/root/./workspace/voyages-sncf-technologies/hesperides/383763715/.m2/org/apache/lucene/lucene-spatial/5.5.4/lucene-spatial-5.5.4.jar:/root/./workspace/voyages-sncf-technologies/hesperides/383763715/.m2/org/apache/lucene/lucene-spatial3d/5.5.4/lucene-spatial3d-5.5.4.jar:/root/./workspace/voyages-sncf-technologies/hesperides/383763715/.m2/com/spatial4j/spatial4j/0.5/spatial4j-0.5.jar:/root/./workspace/voyages-sncf-technologies/hesperides/383763715/.m2/org/elasticsearch/securesm/1.0/securesm-1.0.jar:/root/./workspace/voyages-sncf-technologies/hesperides/383763715/.m2/com/carrotsearch/hppc/0.7.1/hppc-0.7.1.jar:/root/./workspace/voyages-sncf-technologies/hesperides/383763715/.m2/com/fasterxml/jackson/dataformat/jackson-dataformat-smile/2.8.11/jackson-dataformat-smile-2.8.11.jar:/root/./workspace/voyages-sncf-technologies/hesperides/383763715/.m2/com/fasterxml/jackson/dataformat/jackson-dataformat-yaml/2.8.11/jackson-dataformat-yaml-2.8.11.jar:/root/./workspace/voyages-sncf-technologies/hesperides/383763715/.m2/com/fasterxml/jackson/dataformat/jackson-dataformat-cbor/2.8.11/jackson-dataformat-cbor-2.8.11.jar:/root/./workspace/voyages-sncf-technologies/hesperides/383763715/.m2/io/netty/netty/3.10.6.Final/netty-3.10.6.Final.jar:/root/./workspace/voyages-sncf-technologies/hesperides/383763715/.m2/com/ning/compress-lzf/1.0.2/compress-lzf-1.0.2.jar:/root/./workspace/voyages-sncf-technologies/hesperides/383763715/.m2/com/tdunning/t-digest/3.0/t-digest-3.0.jar:/root/./workspace/voyages-sncf-technologies/hesperides/383763715/.m2/org/hdrhistogram/HdrHistogram/2.1.6/HdrHistogram-2.1.6.jar:/root/./workspace/voyages-sncf-technologies/hesperides/383763715/.m2/commons-cli/commons-cli/1.3.1/commons-cli-1.3.1.jar:/root/./workspace/voyages-sncf-technologies/hesperides/383763715/.m2/com/twitter/jsr166e/1.1.0/jsr166e-1.1.0.jar:/root/./workspace/voyages-sncf-technologies/hesperides/383763715/.m2/org/axonframework/axon-mongo/3.2.2/axon-mongo-3.2.2.jar:/root/./workspace/voyages-sncf-technologies/hesperides/383763715/.m2/org/axonframework/axon-core/3.2.2/axon-core-3.2.2.jar:/root/./workspace/voyages-sncf-technologies/hesperides/383763715/.m2/com/thoughtworks/xstream/xstream/1.4.10/xstream-1.4.10.jar:/root/./workspace/voyages-sncf-technologies/hesperides/383763715/.m2/xpp3/xpp3/1.1.4c/xpp3-1.1.4c.jar:/root/./workspace/voyages-sncf-technologies/hesperides/383763715/.m2/org/mongodb/mongo-java-driver/3.4.3/mongo-java-driver-3.4.3.jar:/root/./workspace/voyages-sncf-technologies/hesperides/383763715/.m2/de/flapdoodle/embed/de.flapdoodle.embed.mongo/2.0.3/de.flapdoodle.embed.mongo-2.0.3.jar:/root/./workspace/voyages-sncf-technologies/hesperides/383763715/.m2/de/flapdoodle/embed/de.flapdoodle.embed.process/2.0.2/de.flapdoodle.embed.process-2.0.2.jar:/root/./workspace/voyages-sncf-technologies/hesperides/383763715/.m2/net/java/dev/jna/jna-platform/4.2.2/jna-platform-4.2.2.jar:/root/./workspace/voyages-sncf-technologies/hesperides/383763715/.m2/org/apache/commons/commons-compress/1.10/commons-compress-1.10.jar:/root/./workspace/voyages-sncf-technologies/hesperides/383763715/.m2/cz/jirutka/spring/embedmongo-spring/1.3.1/embedmongo-spring-1.3.1.jar:/root/./workspace/voyages-sncf-technologies/hesperides/383763715/.m2/com/github/fakemongo/fongo/2.1.1/fongo-2.1.1.jar:/root/./workspace/voyages-sncf-technologies/hesperides/383763715/.m2/org/mozilla/rhino/1.7.7.1/rhino-1.7.7.1.jar:/root/./workspace/voyages-sncf-technologies/hesperides/383763715/.m2/com/vividsolutions/jts/1.13/jts-1.13.jar:/root/./workspace/voyages-sncf-technologies/hesperides/383763715/.m2/de/grundid/opendatalab/geojson-jackson/1.2/geojson-jackson-1.2.jar:/root/./workspace/voyages-sncf-technologies/hesperides/383763715/.m2/org/postgresql/postgresql/9.4-1206-jdbc42/postgresql-9.4-1206-jdbc42.jar:/root/./workspace/voyages-sncf-technologies/hesperides/383763715/.m2/org/liquibase/liquibase-core/3.6.1/liquibase-core-3.6.1.jar:/root/./workspace/voyages-sncf-technologies/hesperides/383763715/.m2/ch/qos/logback/logback-classic/1.2.3/logback-classic-1.2.3.jar:/root/./workspace/voyages-sncf-technologies/hesperides/383763715/.m2/ch/qos/logback/logback-core/1.2.3/logback-core-1.2.3.jar:/root/./workspace/voyages-sncf-technologies/hesperides/383763715/.m2/org/elasticsearch/client/elasticsearch-rest-client/6.1.2/elasticsearch-rest-client-6.1.2.jar:/root/./workspace/voyages-sncf-technologies/hesperides/383763715/.m2/org/apache/httpcomponents/httpclient/4.5.5/httpclient-4.5.5.jar:/root/./workspace/voyages-sncf-technologies/hesperides/383763715/.m2/org/apache/httpcomponents/httpcore/4.4.9/httpcore-4.4.9.jar:/root/./workspace/voyages-sncf-technologies/hesperides/383763715/.m2/org/apache/httpcomponents/httpasyncclient/4.1.3/httpasyncclient-4.1.3.jar:/root/./workspace/voyages-sncf-technologies/hesperides/383763715/.m2/org/apache/httpcomponents/httpcore-nio/4.4.5/httpcore-nio-4.4.5.jar:/root/./workspace/voyages-sncf-technologies/hesperides/383763715/.m2/commons-codec/commons-codec/1.10/commons-codec-1.10.jar:/root/./workspace/voyages-sncf-technologies/hesperides/383763715/.m2/commons-logging/commons-logging/1.1.3/commons-logging-1.1.3.jar:/root/./workspace/voyages-sncf-technologies/hesperides/383763715/.m2/com/github/spullara/mustache/java/compiler/0.9.5/compiler-0.9.5.jar:/root/./workspace/voyages-sncf-technologies/hesperides/383763715/.m2/commons-io/commons-io/2.6/commons-io-2.6.jar:/root/./workspace/voyages-sncf-technologies/hesperides/383763715/.m2/net/java/dev/jna/jna/4.2.2/jna-4.2.2.jar:/root/./workspace/voyages-sncf-technologies/hesperides/383763715/.m2/de/codecentric/spring-boot-admin-starter-client/1.5.7/spring-boot-admin-starter-client-1.5.7.jar:/root/./workspace/voyages-sncf-technologies/hesperides/383763715/.m2/de/codecentric/spring-boot-admin-client/1.5.7/spring-boot-admin-client-1.5.7.jar:/root/./workspace/voyages-sncf-technologies/hesperides/383763715/.m2/org/jolokia/jolokia-core/1.3.7/jolokia-core-1.3.7.jar:/root/./workspace/voyages-sncf-technologies/hesperides/383763715/.m2/com/googlecode/json-simple/json-simple/1.1.1/json-simple-1.1.1.jar:/root/./workspace/voyages-sncf-technologies/hesperides/383763715/.m2/org/springframework/boot/spring-boot-starter-actuator/1.5.11.RELEASE/spring-boot-starter-actuator-1.5.11.RELEASE.jar:/root/./workspace/voyages-sncf-technologies/hesperides/383763715/.m2/org/springframework/boot/spring-boot-actuator/1.5.11.RELEASE/spring-boot-actuator-1.5.11.RELEASE.jar:/root/./workspace/voyages-sncf-technologies/hesperides/383763715/.m2/org/springframework/boot/spring-boot-starter-web/1.5.11.RELEASE/spring-boot-starter-web-1.5.11.RELEASE.jar:/root/./workspace/voyages-sncf-technologies/hesperides/383763715/.m2/org/springframework/boot/spring-boot-starter/1.5.11.RELEASE/spring-boot-starter-1.5.11.RELEASE.jar:/root/./workspace/voyages-sncf-technologies/hesperides/383763715/.m2/org/springframework/boot/spring-boot/1.5.11.RELEASE/spring-boot-1.5.11.RELEASE.jar:/root/./workspace/voyages-sncf-technologies/hesperides/383763715/.m2/org/springframework/boot/spring-boot-autoconfigure/1.5.11.RELEASE/spring-boot-autoconfigure-1.5.11.RELEASE.jar:/root/./workspace/voyages-sncf-technologies/hesperides/383763715/.m2/org/springframework/boot/spring-boot-starter-logging/1.5.11.RELEASE/spring-boot-starter-logging-1.5.11.RELEASE.jar:/root/./workspace/voyages-sncf-technologies/hesperides/383763715/.m2/org/slf4j/jcl-over-slf4j/1.7.25/jcl-over-slf4j-1.7.25.jar:/root/./workspace/voyages-sncf-technologies/hesperides/383763715/.m2/org/slf4j/jul-to-slf4j/1.7.25/jul-to-slf4j-1.7.25.jar:/root/./workspace/voyages-sncf-technologies/hesperides/383763715/.m2/org/slf4j/log4j-over-slf4j/1.7.25/log4j-over-slf4j-1.7.25.jar:/root/./workspace/voyages-sncf-technologies/hesperides/383763715/.m2/org/yaml/snakeyaml/1.17/snakeyaml-1.17.jar:/root/./workspace/voyages-sncf-technologies/hesperides/383763715/.m2/org/springframework/boot/spring-boot-starter-tomcat/1.5.11.RELEASE/spring-boot-starter-tomcat-1.5.11.RELEASE.jar:/root/./workspace/voyages-sncf-technologies/hesperides/383763715/.m2/org/apache/tomcat/embed/tomcat-embed-core/8.5.29/tomcat-embed-core-8.5.29.jar:/root/./workspace/voyages-sncf-technologies/hesperides/383763715/.m2/org/apache/tomcat/tomcat-annotations-api/8.5.29/tomcat-annotations-api-8.5.29.jar:/root/./workspace/voyages-sncf-technologies/hesperides/383763715/.m2/org/apache/tomcat/embed/tomcat-embed-el/8.5.29/tomcat-embed-el-8.5.29.jar:/root/./workspace/voyages-sncf-technologies/hesperides/383763715/.m2/org/apache/tomcat/embed/tomcat-embed-websocket/8.5.29/tomcat-embed-websocket-8.5.29.jar:/root/./workspace/voyages-sncf-technologies/hesperides/383763715/.m2/org/hibernate/hibernate-validator/5.3.6.Final/hibernate-validator-5.3.6.Final.jar:/root/./workspace/voyages-sncf-technologies/hesperides/383763715/.m2/javax/validation/validation-api/1.1.0.Final/validation-api-1.1.0.Final.jar:/root/./workspace/voyages-sncf-technologies/hesperides/383763715/.m2/org/jboss/logging/jboss-logging/3.3.2.Final/jboss-logging-3.3.2.Final.jar:/root/./workspace/voyages-sncf-technologies/hesperides/383763715/.m2/com/fasterxml/classmate/1.3.4/classmate-1.3.4.jar:/root/./workspace/voyages-sncf-technologies/hesperides/383763715/.m2/com/fasterxml/jackson/core/jackson-databind/2.8.11.1/jackson-databind-2.8.11.1.jar:/root/./workspace/voyages-sncf-technologies/hesperides/383763715/.m2/com/fasterxml/jackson/core/jackson-annotations/2.8.0/jackson-annotations-2.8.0.jar:/root/./workspace/voyages-sncf-technologies/hesperides/383763715/.m2/com/fasterxml/jackson/core/jackson-core/2.8.11/jackson-core-2.8.11.jar:/root/./workspace/voyages-sncf-technologies/hesperides/383763715/.m2/org/springframework/spring-web/4.3.15.RELEASE/spring-web-4.3.15.RELEASE.jar:/root/./workspace/voyages-sncf-technologies/hesperides/383763715/.m2/org/springframework/spring-aop/4.3.15.RELEASE/spring-aop-4.3.15.RELEASE.jar:/root/./workspace/voyages-sncf-technologies/hesperides/383763715/.m2/org/springframework/spring-beans/4.3.15.RELEASE/spring-beans-4.3.15.RELEASE.jar:/root/./workspace/voyages-sncf-technologies/hesperides/383763715/.m2/org/springframework/spring-context/4.3.15.RELEASE/spring-context-4.3.15.RELEASE.jar:/root/./workspace/voyages-sncf-technologies/hesperides/383763715/.m2/org/springframework/spring-webmvc/4.3.15.RELEASE/spring-webmvc-4.3.15.RELEASE.jar:/root/./workspace/voyages-sncf-technologies/hesperides/383763715/.m2/org/springframework/spring-expression/4.3.15.RELEASE/spring-expression-4.3.15.RELEASE.jar:/root/./workspace/voyages-sncf-technologies/hesperides/383763715/.m2/org/springframework/boot/spring-boot-starter-test/1.5.11.RELEASE/spring-boot-starter-test-1.5.11.RELEASE.jar:/root/./workspace/voyages-sncf-technologies/hesperides/383763715/.m2/org/springframework/boot/spring-boot-test/1.5.11.RELEASE/spring-boot-test-1.5.11.RELEASE.jar:/root/./workspace/voyages-sncf-technologies/hesperides/383763715/.m2/org/springframework/boot/spring-boot-test-autoconfigure/1.5.11.RELEASE/spring-boot-test-autoconfigure-1.5.11.RELEASE.jar:/root/./workspace/voyages-sncf-technologies/hesperides/383763715/.m2/com/jayway/jsonpath/json-path/2.2.0/json-path-2.2.0.jar:/root/./workspace/voyages-sncf-technologies/hesperides/383763715/.m2/net/minidev/json-smart/2.2.1/json-smart-2.2.1.jar:/root/./workspace/voyages-sncf-technologies/hesperides/383763715/.m2/net/minidev/accessors-smart/1.1/accessors-smart-1.1.jar:/root/./workspace/voyages-sncf-technologies/hesperides/383763715/.m2/org/ow2/asm/asm/5.0.3/asm-5.0.3.jar:/root/./workspace/voyages-sncf-technologies/hesperides/383763715/.m2/org/slf4j/slf4j-api/1.7.25/slf4j-api-1.7.25.jar:/root/./workspace/voyages-sncf-technologies/hesperides/383763715/.m2/junit/junit/4.12/junit-4.12.jar:/root/./workspace/voyages-sncf-technologies/hesperides/383763715/.m2/org/assertj/assertj-core/2.6.0/assertj-core-2.6.0.jar:/root/./workspace/voyages-sncf-technologies/hesperides/383763715/.m2/org/mockito/mockito-core/1.10.19/mockito-core-1.10.19.jar:/root/./workspace/voyages-sncf-technologies/hesperides/383763715/.m2/org/objenesis/objenesis/2.1/objenesis-2.1.jar:/root/./workspace/voyages-sncf-technologies/hesperides/383763715/.m2/org/hamcrest/hamcrest-core/1.3/hamcrest-core-1.3.jar:/root/./workspace/voyages-sncf-technologies/hesperides/383763715/.m2/org/hamcrest/hamcrest-library/1.3/hamcrest-library-1.3.jar:/root/./workspace/voyages-sncf-technologies/hesperides/383763715/.m2/org/skyscreamer/jsonassert/1.4.0/jsonassert-1.4.0.jar:/root/./workspace/voyages-sncf-technologies/hesperides/383763715/.m2/com/vaadin/external/google/android-json/0.0.20131108.vaadin1/android-json-0.0.20131108.vaadin1.jar:/root/./workspace/voyages-sncf-technologies/hesperides/383763715/.m2/org/springframework/spring-core/4.3.15.RELEASE/spring-core-4.3.15.RELEASE.jar:/root/./workspace/voyages-sncf-technologies/hesperides/383763715/.m2/org/springframework/spring-test/4.3.15.RELEASE/spring-test-4.3.15.RELEASE.jar:/root/./workspace/voyages-sncf-technologies/hesperides/383763715/.m2/info/cukes/cucumber-junit/1.2.5/cucumber-junit-1.2.5.jar:/root/./workspace/voyages-sncf-technologies/hesperides/383763715/.m2/info/cukes/cucumber-core/1.2.5/cucumber-core-1.2.5.jar:/root/./workspace/voyages-sncf-technologies/hesperides/383763715/.m2/info/cukes/cucumber-html/0.2.3/cucumber-html-0.2.3.jar:/root/./workspace/voyages-sncf-technologies/hesperides/383763715/.m2/info/cukes/cucumber-jvm-deps/1.0.5/cucumber-jvm-deps-1.0.5.jar:/root/./workspace/voyages-sncf-technologies/hesperides/383763715/.m2/info/cukes/gherkin/2.12.2/gherkin-2.12.2.jar:/root/./workspace/voyages-sncf-technologies/hesperides/383763715/.m2/info/cukes/cucumber-java8/1.2.5/cucumber-java8-1.2.5.jar:/root/./workspace/voyages-sncf-technologies/hesperides/383763715/.m2/info/cukes/cucumber-java/1.2.5/cucumber-java-1.2.5.jar:/root/./workspace/voyages-sncf-technologies/hesperides/383763715/.m2/info/cukes/cucumber-spring/1.2.5/cucumber-spring-1.2.5.jar:/root/./workspace/voyages-sncf-technologies/hesperides/383763715/.m2/org/projectlombok/lombok/1.16.20/lombok-1.16.20.jar:"/>
    <property name="sun.cpu.endian" value="little"/>
    <property name="user.home" value="/root"/>
    <property name="user.language" value="en"/>
    <property name="java.specification.vendor" value="Oracle Corporation"/>
    <property name="java.home" value="/usr/lib/jvm/java-8-openjdk-amd64/jre"/>
    <property name="basedir" value="/root/workspace/voyages-sncf-technologies/hesperides/383763715/tests/bdd"/>
    <property name="file.separator" value="/"/>
    <property name="checkstyle.skip" value="true"/>
    <property name="line.separator" value="&#10;"/>
    <property name="skip.npm" value="true"/>
    <property name="java.vm.specification.vendor" value="Oracle Corporation"/>
    <property name="java.specification.name" value="Java Platform API Specification"/>
    <property name="java.awt.graphicsenv" value="sun.awt.X11GraphicsEnvironment"/>
    <property name="skipITs" value="true"/>
    <property name="surefire.real.class.path" value="/root/workspace/voyages-sncf-technologies/hesperides/383763715/tests/bdd/target/surefire/surefirebooter5660676802444908719.jar"/>
    <property name="cobertura.skip" value="true"/>
    <property name="sun.boot.class.path" value="/usr/lib/jvm/java-8-openjdk-amd64/jre/lib/resources.jar:/usr/lib/jvm/java-8-openjdk-amd64/jre/lib/rt.jar:/usr/lib/jvm/java-8-openjdk-amd64/jre/lib/sunrsasign.jar:/usr/lib/jvm/java-8-openjdk-amd64/jre/lib/jsse.jar:/usr/lib/jvm/java-8-openjdk-amd64/jre/lib/jce.jar:/usr/lib/jvm/java-8-openjdk-amd64/jre/lib/charsets.jar:/usr/lib/jvm/java-8-openjdk-amd64/jre/lib/jfr.jar:/usr/lib/jvm/java-8-openjdk-amd64/jre/classes"/>
    <property name="sun.management.compiler" value="HotSpot 64-Bit Tiered Compilers"/>
    <property name="java.runtime.version" value="1.8.0_121-8u121-b13-1~bpo8+1-b13"/>
    <property name="user.name" value="root"/>
    <property name="findbugs.skip" value="true"/>
    <property name="path.separator" value=":"/>
    <property name="os.version" value="3.10.0-862.2.3.el7.x86_64"/>
    <property name="java.endorsed.dirs" value="/usr/lib/jvm/java-8-openjdk-amd64/jre/lib/endorsed"/>
    <property name="java.runtime.name" value="OpenJDK Runtime Environment"/>
    <property name="file.encoding" value="UTF-8"/>
    <property name="java.vm.name" value="OpenJDK 64-Bit Server VM"/>
    <property name="localRepository" value="/root/./workspace/voyages-sncf-technologies/hesperides/383763715/.m2"/>
    <property name="java.vendor.url.bug" value="http://bugreport.sun.com/bugreport/"/>
    <property name="java.io.tmpdir" value="/tmp"/>
    <property name="java.version" value="1.8.0_121"/>
    <property name="user.dir" value="/root/workspace/voyages-sncf-technologies/hesperides/383763715/tests/bdd"/>
    <property name="os.arch" value="amd64"/>
    <property name="license.skip" value="true"/>
    <property name="java.vm.specification.name" value="Java Virtual Machine Specification"/>
    <property name="java.awt.printerjob" value="sun.print.PSPrinterJob"/>
    <property name="sun.os.patch.level" value="unknown"/>
    <property name="java.library.path" value="/usr/java/packages/lib/amd64:/usr/lib/x86_64-linux-gnu/jni:/lib/x86_64-linux-gnu:/usr/lib/x86_64-linux-gnu:/usr/lib/jni:/lib:/usr/lib"/>
    <property name="java.vm.info" value="mixed mode"/>
    <property name="java.vendor" value="Oracle Corporation"/>
    <property name="java.vm.version" value="25.121-b13"/>
    <property name="java.ext.dirs" value="/usr/lib/jvm/java-8-openjdk-amd64/jre/lib/ext:/usr/java/packages/lib/ext"/>
    <property name="sun.io.unicode.encoding" value="UnicodeLittle"/>
    <property name="maven.repo.local" value="/root/./workspace/voyages-sncf-technologies/hesperides/383763715/.m2"/>
    <property name="enforcer.skip" value="true"/>
    <property name="java.class.version" value="52.0"/>
  </properties>
  <testcase name="Given an authenticated user" classname="Scenario: add a new template to an existing module" time="0"/>
  <testcase name="Given an existing module" classname="Scenario: add a new template to an existing module" time="0"/>
  <testcase name="And a template to create" classname="Scenario: add a new template to an existing module" time="0"/>
  <testcase name="When adding a new template" classname="Scenario: add a new template to an existing module" time="0"/>
  <testcase name="Then the template is successfully created and the module contains the new template" classname="Scenario: add a new template to an existing module" time="0"/>
  <testcase name="Scenario: add a new template to an existing module" classname="Scenario: add a new template to an existing module" time="0.102"/>
  <testcase name="Given an authenticated user" classname="Scenario: trying to add the same template twice to an existing module" time="0"/>
  <testcase name="Given an existing module" classname="Scenario: trying to add the same template twice to an existing module" time="0"/>
  <testcase name="And a template to create" classname="Scenario: trying to add the same template twice to an existing module" time="0"/>
  <testcase name="When adding this template twice" classname="Scenario: trying to add the same template twice to an existing module" time="0"/>
  <testcase name="Then the second one is rejected" classname="Scenario: trying to add the same template twice to an existing module" time="0"/>
  <testcase name="Scenario: trying to add the same template twice to an existing module" classname="Scenario: trying to add the same template twice to an existing module" time="0.071"/>
  <testcase name="Given an authenticated user" classname="Scenario: update an existing template from a module" time="0"/>
  <testcase name="Given an existing module" classname="Scenario: update an existing template from a module" time="0"/>
  <testcase name="And an existing template in this module" classname="Scenario: update an existing template from a module" time="0"/>
  <testcase name="When updating this template" classname="Scenario: update an existing template from a module" time="0"/>
  <testcase name="Then the template is successfully updated" classname="Scenario: update an existing template from a module" time="0"/>
  <testcase name="Scenario: update an existing template from a module" classname="Scenario: update an existing template from a module" time="0.068"/>
  <testcase name="Given an authenticated user" classname="Scenario: delete a template from a module" time="0"/>
  <testcase name="Given an existing module" classname="Scenario: delete a template from a module" time="0"/>
  <testcase name="And an existing template in this module" classname="Scenario: delete a template from a module" time="0"/>
  <testcase name="When deleting this template" classname="Scenario: delete a template from a module" time="0"/>
  <testcase name="Then the template is successfully deleted" classname="Scenario: delete a template from a module" time="0"/>
  <testcase name="Scenario: delete a template from a module" classname="Scenario: delete a template from a module" time="0.066"/>
  <testcase name="Given an authenticated user" classname="Scenario: trying to update a template twice at the same time" time="0"/>
  <testcase name="Given an existing module" classname="Scenario: trying to update a template twice at the same time" time="0"/>
  <testcase name="And an existing template in this module" classname="Scenario: trying to update a template twice at the same time" time="0"/>
  <testcase name="When updating this template" classname="Scenario: trying to update a template twice at the same time" time="0"/>
  <testcase name="And updating the same version of the template alongside" classname="Scenario: trying to update a template twice at the same time" time="0"/>
  <testcase name="Then the template update is rejected" classname="Scenario: trying to update a template twice at the same time" time="0"/>
  <testcase name="Scenario: trying to update a template twice at the same time" classname="Scenario: trying to update a template twice at the same time" time="0.071"/>
  <testcase name="Given an authenticated user" classname="Scenario: get a template bundled in a module for a version workingcopy" time="0"/>
  <testcase name="Given an existing module" classname="Scenario: get a template bundled in a module for a version workingcopy" time="0"/>
  <testcase name="And an existing template in this module" classname="Scenario: get a template bundled in a module for a version workingcopy" time="0"/>
  <testcase name="When retrieving this template" classname="Scenario: get a template bundled in a module for a version workingcopy" time="0"/>
  <testcase name="Then the template is retrieved" classname="Scenario: get a template bundled in a module for a version workingcopy" time="0"/>
  <testcase name="Scenario: get a template bundled in a module for a version workingcopy" classname="Scenario: get a template bundled in a module for a version workingcopy" time="0.064"/>
  <testcase name="Given an authenticated user" classname="Scenario: get all templates bundled in a module of a version workingcopy" time="0"/>
  <testcase name="Given an existing module" classname="Scenario: get all templates bundled in a module of a version workingcopy" time="0"/>
  <testcase name="And multiple templates in this module" classname="Scenario: get all templates bundled in a module of a version workingcopy" time="0"/>
  <testcase name="When retrieving those templates" classname="Scenario: get all templates bundled in a module of a version workingcopy" time="0.001"/>
  <testcase name="Then the templates are retrieved" classname="Scenario: get all templates bundled in a module of a version workingcopy" time="0"/>
  <testcase name="Scenario: get all templates bundled in a module of a version workingcopy" classname="Scenario: get all templates bundled in a module of a version workingcopy" time="0.064"/>
  <testcase name="Given an authenticated user" classname="Scenario: get template bundled in a module for a version release" time="0"/>
  <testcase name="Given an existing module" classname="Scenario: get template bundled in a module for a version release" time="0"/>
  <testcase name="And an existing template in this module" classname="Scenario: get template bundled in a module for a version release" time="0"/>
  <testcase name="And this module is being released" classname="Scenario: get template bundled in a module for a version release" time="0"/>
  <testcase name="When retrieving this template" classname="Scenario: get template bundled in a module for a version release" time="0"/>
  <testcase name="Then the template is retrieved" classname="Scenario: get template bundled in a module for a version release" time="0"/>
  <testcase name="Scenario: get template bundled in a module for a version release" classname="Scenario: get template bundled in a module for a version release" time="0.069"/>
  <testcase name="Given an authenticated user" classname="Scenario: get all templates bundled in a module of a version release" time="0"/>
  <testcase name="Given an existing module" classname="Scenario: get all templates bundled in a module of a version release" time="0"/>
  <testcase name="And multiple templates in this module" classname="Scenario: get all templates bundled in a module of a version release" time="0"/>
  <testcase name="And this module is being released" classname="Scenario: get all templates bundled in a module of a version release" time="0"/>
  <testcase name="When retrieving those templates" classname="Scenario: get all templates bundled in a module of a version release" time="0.001"/>
  <testcase name="Then the templates are retrieved" classname="Scenario: get all templates bundled in a module of a version release" time="0"/>
  <testcase name="Scenario: get all templates bundled in a module of a version release" classname="Scenario: get all templates bundled in a module of a version release" time="0.063"/>
  <testcase name="Given an authenticated user" classname="Scenario: create a new module" time="0"/>
  <testcase name="Given a module to create" classname="Scenario: create a new module" time="0"/>
  <testcase name="When creating a new module" classname="Scenario: create a new module" time="0"/>
  <testcase name="Then the module is successfully created" classname="Scenario: create a new module" time="0"/>
  <testcase name="Scenario: create a new module" classname="Scenario: create a new module" time="0.064"/>
  <testcase name="Given an authenticated user" classname="Scenario: update a module" time="0"/>
  <testcase name="Given an existing module" classname="Scenario: update a module" time="0"/>
  <testcase name="When updating this module" classname="Scenario: update a module" time="0"/>
  <testcase name="Then the module is successfully updated" classname="Scenario: update a module" time="0"/>
  <testcase name="Scenario: update a module" classname="Scenario: update a module" time="0.066"/>
  <testcase name="Given an authenticated user" classname="Scenario: update a module containing a template" time="0"/>
  <testcase name="Given an existing module" classname="Scenario: update a module containing a template" time="0"/>
  <testcase name="And an existing template in this module" classname="Scenario: update a module containing a template" time="0"/>
  <testcase name="When updating this module" classname="Scenario: update a module containing a template" time="0"/>
  <testcase name="Then the module is successfully updated" classname="Scenario: update a module containing a template" time="0"/>
  <testcase name="And the module contains the template" classname="Scenario: update a module containing a template" time="0"/>
  <testcase name="Scenario: update a module containing a template" classname="Scenario: update a module containing a template" time="0.063"/>
  <testcase name="Given an authenticated user" classname="Scenario: delete a module" time="0"/>
  <testcase name="Given an existing module" classname="Scenario: delete a module" time="0"/>
  <testcase name="When deleting this module" classname="Scenario: delete a module" time="0"/>
  <testcase name="Then the module is successfully deleted" classname="Scenario: delete a module" time="0"/>
  <testcase name="Scenario: delete a module" classname="Scenario: delete a module" time="0.062"/>
  <testcase name="Given an authenticated user" classname="Scenario: delete a module release" time="0"/>
  <testcase name="Given an existing released module" classname="Scenario: delete a module release" time="0"/>
  <testcase name="When deleting this module" classname="Scenario: delete a module release" time="0"/>
  <testcase name="Then the module is successfully deleted" classname="Scenario: delete a module release" time="0"/>
  <testcase name="Scenario: delete a module release" classname="Scenario: delete a module release" time="0.065"/>
  <testcase name="Given an authenticated user" classname="Scenario: trying to update a module twice at the same time" time="0"/>
  <testcase name="Given an existing module" classname="Scenario: trying to update a module twice at the same time" time="0"/>
  <testcase name="When updating this module" classname="Scenario: trying to update a module twice at the same time" time="0"/>
  <testcase name="And updating the same version of the module alongside" classname="Scenario: trying to update a module twice at the same time" time="0"/>
  <testcase name="Then the module update is rejected" classname="Scenario: trying to update a module twice at the same time" time="0"/>
  <testcase name="Scenario: trying to update a module twice at the same time" classname="Scenario: trying to update a module twice at the same time" time="0.013"/>
  <testcase name="Given an authenticated user" classname="Scenario: create a copy of an existing module" time="0"/>
  <testcase name="Given an existing techno" classname="Scenario: create a copy of an existing module" time="0"/>
  <testcase name="And an existing module containing this techno" classname="Scenario: create a copy of an existing module" time="0.001"/>
  <testcase name="And an existing template in this module" classname="Scenario: create a copy of an existing module" time="0"/>
  <testcase name="When creating a copy of this module" classname="Scenario: create a copy of an existing module" time="0"/>
  <testcase name="Then the module is successfully and completely duplicated" classname="Scenario: create a copy of an existing module" time="0"/>
  <testcase name="Scenario: create a copy of an existing module" classname="Scenario: create a copy of an existing module" time="0.062"/>
  <testcase name="Given an authenticated user" classname="Scenario: search for an existing module" time="0"/>
  <testcase name="Given a list of existing modules working copy" classname="Scenario: search for an existing module" time="0"/>
  <testcase name="When searching for one of them" classname="Scenario: search for an existing module" time="0"/>
  <testcase name="Then it is found" classname="Scenario: search for an existing module" time="0"/>
  <testcase name="Scenario: search for an existing module" classname="Scenario: search for an existing module" time="0.063"/>
  <testcase name="Given an authenticated user" classname="Scenario: search for existing modules" time="0"/>
  <testcase name="Given a list of existing modules working copy" classname="Scenario: search for existing modules" time="0"/>
  <testcase name="When searching for some of them" classname="Scenario: search for existing modules" time="0"/>
  <testcase name="Then the number of results is limited" classname="Scenario: search for existing modules" time="0"/>
  <testcase name="Scenario: search for existing modules" classname="Scenario: search for existing modules" time="0.063"/>
  <testcase name="Given an authenticated user" classname="Scenario: search for a module that doesn&apos;t exist" time="0.001"/>
  <testcase name="Given a list of existing modules working copy" classname="Scenario: search for a module that doesn&apos;t exist" time="0"/>
  <testcase name="When searching for one that does not exist" classname="Scenario: search for a module that doesn&apos;t exist" time="0"/>
  <testcase name="Then the result is empty" classname="Scenario: search for a module that doesn&apos;t exist" time="0"/>
  <testcase name="Scenario: search for a module that doesn&apos;t exist" classname="Scenario: search for a module that doesn&apos;t exist" time="0.064"/>
  <testcase name="Given an authenticated user" classname="Scenario: get all module names" time="0"/>
  <testcase name="Given a list of existing modules released" classname="Scenario: get all module names" time="0.001"/>
  <testcase name="When listing all modules names" classname="Scenario: get all module names" time="0"/>
  <testcase name="Then I get a distinct list of all modules names" classname="Scenario: get all module names" time="0"/>
  <testcase name="Scenario: get all module names" classname="Scenario: get all module names" time="0.063"/>
  <testcase name="Given an authenticated user" classname="Scenario: get info for a given module" time="0"/>
  <testcase name="Given an existing module" classname="Scenario: get info for a given module" time="0"/>
  <testcase name="When retrieving the module&apos;s info" classname="Scenario: get info for a given module" time="0"/>
  <testcase name="Then the module&apos;s info is retrieved" classname="Scenario: get info for a given module" time="0"/>
  <testcase name="Scenario: get info for a given module" classname="Scenario: get info for a given module" time="0.064"/>
  <testcase name="Given an authenticated user" classname="Scenario: get info for a given released module" time="0"/>
  <testcase name="Given an existing released module" classname="Scenario: get info for a given released module" time="0"/>
  <testcase name="When retrieving the module&apos;s info" classname="Scenario: get info for a given released module" time="0"/>
  <testcase name="Then the module&apos;s info is retrieved" classname="Scenario: get info for a given released module" time="0"/>
  <testcase name="Scenario: get info for a given released module" classname="Scenario: get info for a given released module" time="0.065"/>
  <testcase name="Given an authenticated user" classname="Scenario: get all versions for a given module" time="0.001"/>
  <testcase name="Given an existing module with multiple versions" classname="Scenario: get all versions for a given module" time="0"/>
  <testcase name="When retrieving the module&apos;s versions" classname="Scenario: get all versions for a given module" time="0"/>
  <testcase name="Then the module&apos;s versions are retrieved" classname="Scenario: get all versions for a given module" time="0"/>
  <testcase name="Scenario: get all versions for a given module" classname="Scenario: get all versions for a given module" time="0.062"/>
  <testcase name="Given an authenticated user" classname="Scenario: get all types for a given module version" time="0"/>
  <testcase name="Given an existing module and its release" classname="Scenario: get all types for a given module version" time="0"/>
  <testcase name="When retrieving the module&apos;s types" classname="Scenario: get all types for a given module version" time="0"/>
  <testcase name="Then the module&apos;s types are retrieved" classname="Scenario: get all types for a given module version" time="0"/>
  <testcase name="Scenario: get all types for a given module version" classname="Scenario: get all types for a given module version" time="0.065"/>
  <testcase name="Given an authenticated user" classname="Scenario: create a release from an existing workingcopy" time="0"/>
  <testcase name="Given an existing module" classname="Scenario: create a release from an existing workingcopy" time="0"/>
  <testcase name="When releasing the module" classname="Scenario: create a release from an existing workingcopy" time="0"/>
  <testcase name="Then the module is released" classname="Scenario: create a release from an existing workingcopy" time="0"/>
  <testcase name="Scenario: create a release from an existing workingcopy" classname="Scenario: create a release from an existing workingcopy" time="0.066"/>
  <testcase name="Given an authenticated user(Scenario: create a new techno " classname="it&apos;s the same as adding a template to a techno that does not exist)" time="0"/>
  <testcase name="Given a techno to create(Scenario: create a new techno " classname="it&apos;s the same as adding a template to a techno that does not exist)" time="0"/>
  <testcase name="When creating a new techno(Scenario: create a new techno " classname="it&apos;s the same as adding a template to a techno that does not exist)" time="0"/>
  <testcase name="Then the techno is successfully created(Scenario: create a new techno " classname="it&apos;s the same as adding a template to a techno that does not exist)" time="0"/>
  <testcase name="Scenario: create a new techno " classname="it&apos;s the same as adding a template to a techno that does not exist" time="0.063"/>
  <testcase name="Given an authenticated user" classname="Scenario: delete a techno" time="0"/>
  <testcase name="Given an existing techno" classname="Scenario: delete a techno" time="0"/>
  <testcase name="When deleting this techno" classname="Scenario: delete a techno" time="0"/>
  <testcase name="Then the techno is successfully deleted" classname="Scenario: delete a techno" time="0"/>
  <testcase name="Scenario: delete a techno" classname="Scenario: delete a techno" time="0.063"/>
  <testcase name="Given an authenticated user" classname="Scenario: release a techno" time="0"/>
  <testcase name="Given an existing techno" classname="Scenario: release a techno" time="0"/>
  <testcase name="When releasing this techno" classname="Scenario: release a techno" time="0.011">
    <error message="404 " type="org.springframework.web.client.HttpClientErrorException">org.springframework.web.client.HttpClientErrorException: 404 
</error>
    <system-out><![CDATA[17:59:25.951 [main] DEBUG org.apache.http.wire - http-outgoing-27 >> "POST /rest/templates/packages/create_release?techno_name=technoName&techno_version=technoVersion HTTP/1.1[\r][\n]"
17:59:25.951 [main] DEBUG org.apache.http.wire - http-outgoing-27 >> "Accept: application/json, application/*+json[\r][\n]"
17:59:25.951 [main] DEBUG org.apache.http.wire - http-outgoing-27 >> "Authorization: Basic dXNlcjpwYXNzd29yZA==[\r][\n]"
17:59:25.951 [main] DEBUG org.apache.http.wire - http-outgoing-27 >> "Content-Length: 0[\r][\n]"
17:59:25.951 [main] DEBUG org.apache.http.wire - http-outgoing-27 >> "Host: localhost:38228[\r][\n]"
17:59:25.951 [main] DEBUG org.apache.http.wire - http-outgoing-27 >> "Connection: Keep-Alive[\r][\n]"
17:59:25.951 [main] DEBUG org.apache.http.wire - http-outgoing-27 >> "User-Agent: Apache-HttpClient/4.5.5 (Java/1.8.0_121)[\r][\n]"
17:59:25.951 [main] DEBUG org.apache.http.wire - http-outgoing-27 >> "Accept-Encoding: gzip,deflate[\r][\n]"
17:59:25.951 [main] DEBUG org.apache.http.wire - http-outgoing-27 >> "[\r][\n]"
17:59:25.955 [http-nio-auto-28-exec-2] WARN  o.s.web.servlet.PageNotFound - No mapping found for HTTP request with URI [/rest/templates/packages/create_release] in DispatcherServlet with name 'dispatcherServlet'
17:59:25.967 [main] DEBUG org.apache.http.wire - http-outgoing-27 << "HTTP/1.1 404 [\r][\n]"
17:59:25.967 [main] DEBUG org.apache.http.wire - http-outgoing-27 << "Set-Cookie: JSESSIONID=38AC81DAE757668D4D411831EF591098; Path=/rest; HttpOnly[\r][\n]"
17:59:25.967 [main] DEBUG org.apache.http.wire - http-outgoing-27 << "X-Application-Context: HESPERIDES:fake_mongo,noldap:0[\r][\n]"
17:59:25.967 [main] DEBUG org.apache.http.wire - http-outgoing-27 << "X-Content-Type-Options: nosniff[\r][\n]"
17:59:25.967 [main] DEBUG org.apache.http.wire - http-outgoing-27 << "X-XSS-Protection: 1; mode=block[\r][\n]"
17:59:25.967 [main] DEBUG org.apache.http.wire - http-outgoing-27 << "Cache-Control: no-cache, no-store, max-age=0, must-revalidate[\r][\n]"
17:59:25.967 [main] DEBUG org.apache.http.wire - http-outgoing-27 << "Pragma: no-cache[\r][\n]"
17:59:25.967 [main] DEBUG org.apache.http.wire - http-outgoing-27 << "Expires: 0[\r][\n]"
17:59:25.967 [main] DEBUG org.apache.http.wire - http-outgoing-27 << "X-Frame-Options: DENY[\r][\n]"
17:59:25.967 [main] DEBUG org.apache.http.wire - http-outgoing-27 << "Content-Type: application/json;charset=UTF-8[\r][\n]"
17:59:25.967 [main] DEBUG org.apache.http.wire - http-outgoing-27 << "Transfer-Encoding: chunked[\r][\n]"
17:59:25.967 [main] DEBUG org.apache.http.wire - http-outgoing-27 << "Date: Fri, 25 May 2018 15:59:25 GMT[\r][\n]"
17:59:25.967 [main] DEBUG org.apache.http.wire - http-outgoing-27 << "[\r][\n]"
17:59:25.967 [main] DEBUG org.apache.http.wire - http-outgoing-27 << "9a[\r][\n]"
17:59:25.967 [main] DEBUG org.apache.http.wire - http-outgoing-27 << "{"timestamp":"May 25, 2018 5:59:25 PM","status":404,"error":"Not Found","message":"No message available","path":"/rest/templates/packages/create_release"}[\r][\n]"
17:59:25.970 [main] DEBUG org.apache.http.wire - http-outgoing-27 << "0[\r][\n]"
17:59:25.970 [main] DEBUG org.apache.http.wire - http-outgoing-27 << "[\r][\n]"
]]></system-out>
  </testcase>
  <testcase name="Scenario: release a techno" classname="Scenario: release a techno" time="0.013">
    <error message="404 " type="org.springframework.web.client.HttpClientErrorException">org.springframework.web.client.HttpClientErrorException: 404 
</error>
  </testcase>
  <testcase name="Then the techno is successfully released" classname="Scenario: release a techno" time="0">
    <skipped/>
  </testcase>
  <testcase name="Given an authenticated user" classname="Scenario: delete a released techno" time="0"/>
  <testcase name="Given an existing techno" classname="Scenario: delete a released techno" time="0"/>
  <testcase name="When releasing this techno" classname="Scenario: delete a released techno" time="0.003">
    <error message="404 " type="org.springframework.web.client.HttpClientErrorException">org.springframework.web.client.HttpClientErrorException: 404 
</error>
    <system-out><![CDATA[17:59:28.772 [main] DEBUG org.apache.http.wire - http-outgoing-28 >> "POST /rest/templates/packages/create_release?techno_name=technoName&techno_version=technoVersion HTTP/1.1[\r][\n]"
17:59:28.772 [main] DEBUG org.apache.http.wire - http-outgoing-28 >> "Accept: application/json, application/*+json[\r][\n]"
17:59:28.772 [main] DEBUG org.apache.http.wire - http-outgoing-28 >> "Authorization: Basic dXNlcjpwYXNzd29yZA==[\r][\n]"
17:59:28.772 [main] DEBUG org.apache.http.wire - http-outgoing-28 >> "Content-Length: 0[\r][\n]"
17:59:28.772 [main] DEBUG org.apache.http.wire - http-outgoing-28 >> "Host: localhost:39159[\r][\n]"
17:59:28.772 [main] DEBUG org.apache.http.wire - http-outgoing-28 >> "Connection: Keep-Alive[\r][\n]"
17:59:28.772 [main] DEBUG org.apache.http.wire - http-outgoing-28 >> "User-Agent: Apache-HttpClient/4.5.5 (Java/1.8.0_121)[\r][\n]"
17:59:28.772 [main] DEBUG org.apache.http.wire - http-outgoing-28 >> "Accept-Encoding: gzip,deflate[\r][\n]"
17:59:28.772 [main] DEBUG org.apache.http.wire - http-outgoing-28 >> "[\r][\n]"
17:59:28.777 [http-nio-auto-29-exec-2] WARN  o.s.web.servlet.PageNotFound - No mapping found for HTTP request with URI [/rest/templates/packages/create_release] in DispatcherServlet with name 'dispatcherServlet'
17:59:28.781 [main] DEBUG org.apache.http.wire - http-outgoing-28 << "HTTP/1.1 404 [\r][\n]"
17:59:28.781 [main] DEBUG org.apache.http.wire - http-outgoing-28 << "Set-Cookie: JSESSIONID=9F6728E0F88152BA7E6B0BCC55C95025; Path=/rest; HttpOnly[\r][\n]"
17:59:28.782 [main] DEBUG org.apache.http.wire - http-outgoing-28 << "X-Application-Context: HESPERIDES:fake_mongo,noldap:0[\r][\n]"
17:59:28.782 [main] DEBUG org.apache.http.wire - http-outgoing-28 << "X-Content-Type-Options: nosniff[\r][\n]"
17:59:28.782 [main] DEBUG org.apache.http.wire - http-outgoing-28 << "X-XSS-Protection: 1; mode=block[\r][\n]"
17:59:28.782 [main] DEBUG org.apache.http.wire - http-outgoing-28 << "Cache-Control: no-cache, no-store, max-age=0, must-revalidate[\r][\n]"
17:59:28.782 [main] DEBUG org.apache.http.wire - http-outgoing-28 << "Pragma: no-cache[\r][\n]"
17:59:28.782 [main] DEBUG org.apache.http.wire - http-outgoing-28 << "Expires: 0[\r][\n]"
17:59:28.782 [main] DEBUG org.apache.http.wire - http-outgoing-28 << "X-Frame-Options: DENY[\r][\n]"
17:59:28.782 [main] DEBUG org.apache.http.wire - http-outgoing-28 << "Content-Type: application/json;charset=UTF-8[\r][\n]"
17:59:28.782 [main] DEBUG org.apache.http.wire - http-outgoing-28 << "Transfer-Encoding: chunked[\r][\n]"
17:59:28.782 [main] DEBUG org.apache.http.wire - http-outgoing-28 << "Date: Fri, 25 May 2018 15:59:28 GMT[\r][\n]"
17:59:28.782 [main] DEBUG org.apache.http.wire - http-outgoing-28 << "[\r][\n]"
17:59:28.782 [main] DEBUG org.apache.http.wire - http-outgoing-28 << "9a[\r][\n]"
17:59:28.782 [main] DEBUG org.apache.http.wire - http-outgoing-28 << "{"timestamp":"May 25, 2018 5:59:28 PM","status":404,"error":"Not Found","message":"No message available","path":"/rest/templates/packages/create_release"}[\r][\n]"
17:59:28.782 [main] DEBUG org.apache.http.wire - http-outgoing-28 << "0[\r][\n]"
17:59:28.782 [main] DEBUG org.apache.http.wire - http-outgoing-28 << "[\r][\n]"
]]></system-out>
  </testcase>
  <testcase name="Scenario: delete a released techno" classname="Scenario: delete a released techno" time="0.005">
    <error message="404 " type="org.springframework.web.client.HttpClientErrorException">org.springframework.web.client.HttpClientErrorException: 404 
</error>
  </testcase>
  <testcase name="And deleting this techno" classname="Scenario: delete a released techno" time="0">
    <skipped/>
  </testcase>
  <testcase name="Then the techno is successfully deleted" classname="Scenario: delete a released techno" time="0">
    <skipped/>
  </testcase>
  <testcase name="Given an authenticated user" classname="Scenario: copy a techno" time="0"/>
  <testcase name="Scenario: copy a techno" classname="Scenario: copy a techno" time="0.06"/>
  <testcase name="Given an authenticated user" classname="Scenario: retrieve all templates" time="0"/>
  <testcase name="Scenario: retrieve all templates" classname="Scenario: retrieve all templates" time="0.061"/>
  <testcase name="Given an authenticated user" classname="Scenario: retrieve a template" time="0"/>
  <testcase name="Scenario: retrieve a template" classname="Scenario: retrieve a template" time="0.064"/>
  <testcase name="Given an authenticated user" classname="Scenario: add a template to an existing techno" time="0"/>
  <testcase name="Scenario: add a template to an existing techno" classname="Scenario: add a template to an existing techno" time="0.062"/>
  <testcase name="Given an authenticated user" classname="Scenario: update an existing template in a techno" time="0"/>
  <testcase name="Scenario: update an existing template in a techno" classname="Scenario: update an existing template in a techno" time="0.061"/>
  <testcase name="Given an authenticated user" classname="Scenario: delete a techno template" time="0.001"/>
  <testcase name="Scenario: delete a techno template" classname="Scenario: delete a techno template" time="0.061"/>
  <testcase name="Given an authenticated user" classname="Scenario: search for existing technos" time="0"/>
  <testcase name="Given an authenticated user" classname="Scenario: search for existing technos" time="0"/>
  <testcase name="Scenario: search for existing technos" classname="Scenario: search for existing technos" time="0.062"/>
  <testcase name="Scenario: search for existing technos" classname="Scenario: search for existing technos" time="0.004">
    <error message="404 " type="org.springframework.web.client.HttpClientErrorException">org.springframework.web.client.HttpClientErrorException: 404 
</error>
  </testcase>
  <testcase name="Given an authenticated user" classname="Scenario: search for an existing techno" time="0"/>
  <testcase name="Given a list of existing technos" classname="Scenario: search for an existing techno" time="0"/>
  <testcase name="When searching for a specific techno" classname="Scenario: search for an existing techno" time="0.002">
    <error message="404 " type="org.springframework.web.client.HttpClientErrorException">org.springframework.web.client.HttpClientErrorException: 404 
</error>
    <system-out><![CDATA[17:59:49.083 [main] DEBUG org.apache.http.wire - http-outgoing-29 >> "POST /rest/templates/packages/perform_search?terms=technoName-6%20technoVersion-6 HTTP/1.1[\r][\n]"
17:59:49.083 [main] DEBUG org.apache.http.wire - http-outgoing-29 >> "Accept: application/json, application/*+json[\r][\n]"
17:59:49.083 [main] DEBUG org.apache.http.wire - http-outgoing-29 >> "Authorization: Basic dXNlcjpwYXNzd29yZA==[\r][\n]"
17:59:49.083 [main] DEBUG org.apache.http.wire - http-outgoing-29 >> "Content-Length: 0[\r][\n]"
17:59:49.083 [main] DEBUG org.apache.http.wire - http-outgoing-29 >> "Host: localhost:45104[\r][\n]"
17:59:49.083 [main] DEBUG org.apache.http.wire - http-outgoing-29 >> "Connection: Keep-Alive[\r][\n]"
17:59:49.083 [main] DEBUG org.apache.http.wire - http-outgoing-29 >> "User-Agent: Apache-HttpClient/4.5.5 (Java/1.8.0_121)[\r][\n]"
17:59:49.083 [main] DEBUG org.apache.http.wire - http-outgoing-29 >> "Accept-Encoding: gzip,deflate[\r][\n]"
17:59:49.083 [main] DEBUG org.apache.http.wire - http-outgoing-29 >> "[\r][\n]"
17:59:49.086 [http-nio-auto-37-exec-3] WARN  o.s.web.servlet.PageNotFound - No mapping found for HTTP request with URI [/rest/templates/packages/perform_search] in DispatcherServlet with name 'dispatcherServlet'
17:59:49.088 [main] DEBUG org.apache.http.wire - http-outgoing-29 << "HTTP/1.1 404 [\r][\n]"
17:59:49.088 [main] DEBUG org.apache.http.wire - http-outgoing-29 << "Set-Cookie: JSESSIONID=EB0B07665FDBD35848C91AB023AB63C5; Path=/rest; HttpOnly[\r][\n]"
17:59:49.088 [main] DEBUG org.apache.http.wire - http-outgoing-29 << "X-Application-Context: HESPERIDES:fake_mongo,noldap:0[\r][\n]"
17:59:49.088 [main] DEBUG org.apache.http.wire - http-outgoing-29 << "X-Content-Type-Options: nosniff[\r][\n]"
17:59:49.088 [main] DEBUG org.apache.http.wire - http-outgoing-29 << "X-XSS-Protection: 1; mode=block[\r][\n]"
17:59:49.088 [main] DEBUG org.apache.http.wire - http-outgoing-29 << "Cache-Control: no-cache, no-store, max-age=0, must-revalidate[\r][\n]"
17:59:49.088 [main] DEBUG org.apache.http.wire - http-outgoing-29 << "Pragma: no-cache[\r][\n]"
17:59:49.088 [main] DEBUG org.apache.http.wire - http-outgoing-29 << "Expires: 0[\r][\n]"
17:59:49.088 [main] DEBUG org.apache.http.wire - http-outgoing-29 << "X-Frame-Options: DENY[\r][\n]"
17:59:49.088 [main] DEBUG org.apache.http.wire - http-outgoing-29 << "Content-Type: application/json;charset=UTF-8[\r][\n]"
17:59:49.088 [main] DEBUG org.apache.http.wire - http-outgoing-29 << "Transfer-Encoding: chunked[\r][\n]"
17:59:49.088 [main] DEBUG org.apache.http.wire - http-outgoing-29 << "Date: Fri, 25 May 2018 15:59:48 GMT[\r][\n]"
17:59:49.088 [main] DEBUG org.apache.http.wire - http-outgoing-29 << "[\r][\n]"
17:59:49.088 [main] DEBUG org.apache.http.wire - http-outgoing-29 << "9a[\r][\n]"
17:59:49.088 [main] DEBUG org.apache.http.wire - http-outgoing-29 << "{"timestamp":"May 25, 2018 5:59:49 PM","status":404,"error":"Not Found","message":"No message available","path":"/rest/templates/packages/perform_search"}[\r][\n]"
17:59:49.088 [main] DEBUG org.apache.http.wire - http-outgoing-29 << "0[\r][\n]"
17:59:49.088 [main] DEBUG org.apache.http.wire - http-outgoing-29 << "[\r][\n]"
]]></system-out>
  </testcase>
  <testcase name="Scenario: search for an existing techno" classname="Scenario: search for an existing techno" time="0.003">
    <error message="404 " type="org.springframework.web.client.HttpClientErrorException">org.springframework.web.client.HttpClientErrorException: 404 
</error>
  </testcase>
  <testcase name="Then the techno is found" classname="Scenario: search for an existing techno" time="0">
    <skipped/>
  </testcase>
  <testcase name="Given a list of existing technos" classname="Scenario: search for existing technos" time="0"/>
  <testcase name="When searching for some of those technos" classname="Scenario: search for existing technos" time="0.002">
    <error message="404 " type="org.springframework.web.client.HttpClientErrorException">org.springframework.web.client.HttpClientErrorException: 404 
</error>
    <system-out><![CDATA[17:59:51.697 [main] DEBUG org.apache.http.wire - http-outgoing-30 >> "POST /rest/templates/packages/perform_search?terms=technoName HTTP/1.1[\r][\n]"
17:59:51.697 [main] DEBUG org.apache.http.wire - http-outgoing-30 >> "Accept: application/json, application/*+json[\r][\n]"
17:59:51.697 [main] DEBUG org.apache.http.wire - http-outgoing-30 >> "Authorization: Basic dXNlcjpwYXNzd29yZA==[\r][\n]"
17:59:51.697 [main] DEBUG org.apache.http.wire - http-outgoing-30 >> "Content-Length: 0[\r][\n]"
17:59:51.697 [main] DEBUG org.apache.http.wire - http-outgoing-30 >> "Host: localhost:34999[\r][\n]"
17:59:51.697 [main] DEBUG org.apache.http.wire - http-outgoing-30 >> "Connection: Keep-Alive[\r][\n]"
17:59:51.697 [main] DEBUG org.apache.http.wire - http-outgoing-30 >> "User-Agent: Apache-HttpClient/4.5.5 (Java/1.8.0_121)[\r][\n]"
17:59:51.697 [main] DEBUG org.apache.http.wire - http-outgoing-30 >> "Accept-Encoding: gzip,deflate[\r][\n]"
17:59:51.697 [main] DEBUG org.apache.http.wire - http-outgoing-30 >> "[\r][\n]"
17:59:51.699 [http-nio-auto-38-exec-3] WARN  o.s.web.servlet.PageNotFound - No mapping found for HTTP request with URI [/rest/templates/packages/perform_search] in DispatcherServlet with name 'dispatcherServlet'
17:59:51.701 [main] DEBUG org.apache.http.wire - http-outgoing-30 << "HTTP/1.1 404 [\r][\n]"
17:59:51.701 [main] DEBUG org.apache.http.wire - http-outgoing-30 << "Set-Cookie: JSESSIONID=B3B73D1F510FE7498FA3C4522BF6A810; Path=/rest; HttpOnly[\r][\n]"
17:59:51.701 [main] DEBUG org.apache.http.wire - http-outgoing-30 << "X-Application-Context: HESPERIDES:fake_mongo,noldap:0[\r][\n]"
17:59:51.701 [main] DEBUG org.apache.http.wire - http-outgoing-30 << "X-Content-Type-Options: nosniff[\r][\n]"
17:59:51.701 [main] DEBUG org.apache.http.wire - http-outgoing-30 << "X-XSS-Protection: 1; mode=block[\r][\n]"
17:59:51.701 [main] DEBUG org.apache.http.wire - http-outgoing-30 << "Cache-Control: no-cache, no-store, max-age=0, must-revalidate[\r][\n]"
17:59:51.701 [main] DEBUG org.apache.http.wire - http-outgoing-30 << "Pragma: no-cache[\r][\n]"
17:59:51.701 [main] DEBUG org.apache.http.wire - http-outgoing-30 << "Expires: 0[\r][\n]"
17:59:51.701 [main] DEBUG org.apache.http.wire - http-outgoing-30 << "X-Frame-Options: DENY[\r][\n]"
17:59:51.701 [main] DEBUG org.apache.http.wire - http-outgoing-30 << "Content-Type: application/json;charset=UTF-8[\r][\n]"
17:59:51.701 [main] DEBUG org.apache.http.wire - http-outgoing-30 << "Transfer-Encoding: chunked[\r][\n]"
17:59:51.701 [main] DEBUG org.apache.http.wire - http-outgoing-30 << "Date: Fri, 25 May 2018 15:59:51 GMT[\r][\n]"
17:59:51.701 [main] DEBUG org.apache.http.wire - http-outgoing-30 << "[\r][\n]"
17:59:51.701 [main] DEBUG org.apache.http.wire - http-outgoing-30 << "9a[\r][\n]"
17:59:51.701 [main] DEBUG org.apache.http.wire - http-outgoing-30 << "{"timestamp":"May 25, 2018 5:59:51 PM","status":404,"error":"Not Found","message":"No message available","path":"/rest/templates/packages/perform_search"}[\r][\n]"
17:59:51.701 [main] DEBUG org.apache.http.wire - http-outgoing-30 << "0[\r][\n]"
17:59:51.701 [main] DEBUG org.apache.http.wire - http-outgoing-30 << "[\r][\n]"
]]></system-out>
  </testcase>
  <testcase name="Then the number of techno results is limited" classname="Scenario: search for existing technos" time="0">
    <skipped/>
  </testcase>
  <testcase name="Given an authenticated user" classname="Scenario: search for a techno that does not exist" time="0"/>
  <testcase name="Given a list of existing technos" classname="Scenario: search for a techno that does not exist" time="0"/>
  <testcase name="When searching for a techno that does not exist" classname="Scenario: search for a techno that does not exist" time="0.003">
    <error message="404 " type="org.springframework.web.client.HttpClientErrorException">org.springframework.web.client.HttpClientErrorException: 404 
</error>
    <system-out><![CDATA[17:59:54.773 [main] DEBUG org.apache.http.wire - http-outgoing-31 >> "POST /rest/templates/packages/perform_search?terms=foo HTTP/1.1[\r][\n]"
17:59:54.773 [main] DEBUG org.apache.http.wire - http-outgoing-31 >> "Accept: application/json, application/*+json[\r][\n]"
17:59:54.773 [main] DEBUG org.apache.http.wire - http-outgoing-31 >> "Authorization: Basic dXNlcjpwYXNzd29yZA==[\r][\n]"
17:59:54.773 [main] DEBUG org.apache.http.wire - http-outgoing-31 >> "Content-Length: 0[\r][\n]"
17:59:54.773 [main] DEBUG org.apache.http.wire - http-outgoing-31 >> "Host: localhost:39427[\r][\n]"
17:59:54.773 [main] DEBUG org.apache.http.wire - http-outgoing-31 >> "Connection: Keep-Alive[\r][\n]"
17:59:54.773 [main] DEBUG org.apache.http.wire - http-outgoing-31 >> "User-Agent: Apache-HttpClient/4.5.5 (Java/1.8.0_121)[\r][\n]"
17:59:54.773 [main] DEBUG org.apache.http.wire - http-outgoing-31 >> "Accept-Encoding: gzip,deflate[\r][\n]"
17:59:54.773 [main] DEBUG org.apache.http.wire - http-outgoing-31 >> "[\r][\n]"
17:59:54.776 [http-nio-auto-39-exec-3] WARN  o.s.web.servlet.PageNotFound - No mapping found for HTTP request with URI [/rest/templates/packages/perform_search] in DispatcherServlet with name 'dispatcherServlet'
17:59:54.779 [main] DEBUG org.apache.http.wire - http-outgoing-31 << "HTTP/1.1 404 [\r][\n]"
17:59:54.779 [main] DEBUG org.apache.http.wire - http-outgoing-31 << "Set-Cookie: JSESSIONID=A99680670926B445ED0E4825632DCFF5; Path=/rest; HttpOnly[\r][\n]"
17:59:54.779 [main] DEBUG org.apache.http.wire - http-outgoing-31 << "X-Application-Context: HESPERIDES:fake_mongo,noldap:0[\r][\n]"
17:59:54.779 [main] DEBUG org.apache.http.wire - http-outgoing-31 << "X-Content-Type-Options: nosniff[\r][\n]"
17:59:54.779 [main] DEBUG org.apache.http.wire - http-outgoing-31 << "X-XSS-Protection: 1; mode=block[\r][\n]"
17:59:54.779 [main] DEBUG org.apache.http.wire - http-outgoing-31 << "Cache-Control: no-cache, no-store, max-age=0, must-revalidate[\r][\n]"
17:59:54.779 [main] DEBUG org.apache.http.wire - http-outgoing-31 << "Pragma: no-cache[\r][\n]"
17:59:54.779 [main] DEBUG org.apache.http.wire - http-outgoing-31 << "Expires: 0[\r][\n]"
17:59:54.779 [main] DEBUG org.apache.http.wire - http-outgoing-31 << "X-Frame-Options: DENY[\r][\n]"
17:59:54.779 [main] DEBUG org.apache.http.wire - http-outgoing-31 << "Content-Type: application/json;charset=UTF-8[\r][\n]"
17:59:54.779 [main] DEBUG org.apache.http.wire - http-outgoing-31 << "Transfer-Encoding: chunked[\r][\n]"
17:59:54.779 [main] DEBUG org.apache.http.wire - http-outgoing-31 << "Date: Fri, 25 May 2018 15:59:54 GMT[\r][\n]"
17:59:54.779 [main] DEBUG org.apache.http.wire - http-outgoing-31 << "[\r][\n]"
17:59:54.779 [main] DEBUG org.apache.http.wire - http-outgoing-31 << "9a[\r][\n]"
17:59:54.779 [main] DEBUG org.apache.http.wire - http-outgoing-31 << "{"timestamp":"May 25, 2018 5:59:54 PM","status":404,"error":"Not Found","message":"No message available","path":"/rest/templates/packages/perform_search"}[\r][\n]"
17:59:54.780 [main] DEBUG org.apache.http.wire - http-outgoing-31 << "0[\r][\n]"
17:59:54.780 [main] DEBUG org.apache.http.wire - http-outgoing-31 << "[\r][\n]"
]]></system-out>
  </testcase>
  <testcase name="Scenario: search for a techno that does not exist" classname="Scenario: search for a techno that does not exist" time="0.005">
    <error message="404 " type="org.springframework.web.client.HttpClientErrorException">org.springframework.web.client.HttpClientErrorException: 404 
</error>
  </testcase>
  <testcase name="Then the techno results is empty" classname="Scenario: search for a techno that does not exist" time="0">
    <skipped/>
  </testcase>
</testsuite>