<?xml version="1.0" encoding="UTF-8"?>
<testsuite xmlns:xsi="http://www.w3.org/2001/XMLSchema-instance" xsi:schemaLocation="https://maven.apache.org/surefire/maven-surefire-plugin/xsd/surefire-test-report.xsd" name="TestSuite" time="5.094" tests="169" errors="0" skipped="0" failures="0">
  <properties>
    <property name="java.runtime.name" value="OpenJDK Runtime Environment"/>
    <property name="sun.boot.library.path" value="/usr/lib/jvm/java-8-openjdk-amd64/jre/lib/amd64"/>
    <property name="java.vm.version" value="25.121-b13"/>
    <property name="java.vm.vendor" value="Oracle Corporation"/>
    <property name="maven.multiModuleProjectDirectory" value="/root/workspace/ConnorStroomberg/molgenis/383711093"/>
    <property name="java.vendor.url" value="http://java.oracle.com/"/>
    <property name="path.separator" value=":"/>
    <property name="guice.disable.misplaced.annotation.check" value="true"/>
    <property name="skip.gulp" value="true"/>
    <property name="java.vm.name" value="OpenJDK 64-Bit Server VM"/>
    <property name="file.encoding.pkg" value="sun.io"/>
    <property name="sun.java.launcher" value="SUN_STANDARD"/>
    <property name="sun.os.patch.level" value="unknown"/>
    <property name="findbugs.skip" value="true"/>
    <property name="java.vm.specification.name" value="Java Virtual Machine Specification"/>
    <property name="user.dir" value="/root/workspace/ConnorStroomberg/molgenis/383711093"/>
    <property name="checkstyle.skip" value="true"/>
    <property name="java.runtime.version" value="1.8.0_121-8u121-b13-1~bpo8+1-b13"/>
    <property name="java.awt.graphicsenv" value="sun.awt.X11GraphicsEnvironment"/>
    <property name="skip.npm" value="true"/>
    <property name="java.endorsed.dirs" value="/usr/lib/jvm/java-8-openjdk-amd64/jre/lib/endorsed"/>
    <property name="os.arch" value="amd64"/>
    <property name="java.io.tmpdir" value="/tmp"/>
    <property name="gpg.skip" value="true"/>
    <property name="line.separator" value="&#10;"/>
    <property name="java.vm.specification.vendor" value="Oracle Corporation"/>
    <property name="cobertura.skip" value="true"/>
    <property name="os.name" value="Linux"/>
    <property name="classworlds.conf" value="/usr/share/maven/bin/m2.conf"/>
    <property name="sun.jnu.encoding" value="UTF-8"/>
    <property name="java.library.path" value="/usr/java/packages/lib/amd64:/usr/lib/x86_64-linux-gnu/jni:/lib/x86_64-linux-gnu:/usr/lib/x86_64-linux-gnu:/usr/lib/jni:/lib:/usr/lib"/>
    <property name="license.skip" value="true"/>
    <property name="java.specification.name" value="Java Platform API Specification"/>
    <property name="java.class.version" value="52.0"/>
    <property name="sun.management.compiler" value="HotSpot 64-Bit Tiered Compilers"/>
    <property name="skip.bower" value="true"/>
    <property name="maven.repo.local" value="/root/./workspace/ConnorStroomberg/molgenis/383711093/.m2"/>
    <property name="os.version" value="3.10.0-862.2.3.el7.x86_64"/>
    <property name="user.home" value="/root"/>
    <property name="user.timezone" value="Europe/Paris"/>
    <property name="java.awt.printerjob" value="sun.print.PSPrinterJob"/>
    <property name="java.specification.version" value="1.8"/>
    <property name="file.encoding" value="UTF-8"/>
    <property name="user.name" value="root"/>
    <property name="java.class.path" value="/usr/share/maven/boot/plexus-classworlds-2.5.2.jar"/>
    <property name="skipITs" value="true"/>
    <property name="java.vm.specification.version" value="1.8"/>
    <property name="sun.arch.data.model" value="64"/>
    <property name="java.home" value="/usr/lib/jvm/java-8-openjdk-amd64/jre"/>
    <property name="sun.java.command" value="org.codehaus.plexus.classworlds.launcher.Launcher -B -D enforcer.skip=true -D dependency-check.skip=true -D skipITs=true -D cobertura.skip=true -D maven.repo.local=/root/./workspace/ConnorStroomberg/molgenis/383711093/.m2 -D rat.skip=true -D findbugs.skip=true -D skip.bower=true -D gpg.skip=true -D checkstyle.skip=true -D skip.gulp=true -D license.skip=true -D skip.npm=true test"/>
    <property name="java.specification.vendor" value="Oracle Corporation"/>
    <property name="user.language" value="en"/>
    <property name="awt.toolkit" value="sun.awt.X11.XToolkit"/>
    <property name="dependency-check.skip" value="true"/>
    <property name="java.vm.info" value="mixed mode"/>
    <property name="java.version" value="1.8.0_121"/>
    <property name="java.ext.dirs" value="/usr/lib/jvm/java-8-openjdk-amd64/jre/lib/ext:/usr/java/packages/lib/ext"/>
    <property name="securerandom.source" value="file:/dev/./urandom"/>
    <property name="sun.boot.class.path" value="/usr/lib/jvm/java-8-openjdk-amd64/jre/lib/resources.jar:/usr/lib/jvm/java-8-openjdk-amd64/jre/lib/rt.jar:/usr/lib/jvm/java-8-openjdk-amd64/jre/lib/sunrsasign.jar:/usr/lib/jvm/java-8-openjdk-amd64/jre/lib/jsse.jar:/usr/lib/jvm/java-8-openjdk-amd64/jre/lib/jce.jar:/usr/lib/jvm/java-8-openjdk-amd64/jre/lib/charsets.jar:/usr/lib/jvm/java-8-openjdk-amd64/jre/lib/jfr.jar:/usr/lib/jvm/java-8-openjdk-amd64/jre/classes"/>
    <property name="java.vendor" value="Oracle Corporation"/>
    <property name="enforcer.skip" value="true"/>
    <property name="rat.skip" value="true"/>
    <property name="maven.home" value="/usr/share/maven"/>
    <property name="file.separator" value="/"/>
    <property name="java.vendor.url.bug" value="http://bugreport.sun.com/bugreport/"/>
    <property name="sun.cpu.endian" value="little"/>
    <property name="sun.io.unicode.encoding" value="UnicodeLittle"/>
    <property name="sun.cpu.isalist" value=""/>
  </properties>
  <testcase name="aggregateNoThreshold" classname="org.molgenis.data.security.aggregation.AggregateAnonymizerRepositoryDecoratorTest" time="0.077"/>
  <testcase name="aggregateThreshold" classname="org.molgenis.data.security.aggregation.AggregateAnonymizerRepositoryDecoratorTest" time="0.028"/>
  <testcase name="anonymize" classname="org.molgenis.data.security.aggregation.AggregateAnonymizerImplTest" time="0.06"/>
  <testcase name="testGetSystemAttributeCompound" classname="org.molgenis.data.security.SystemEntityTypeRegistryImplTest" time="0.7"/>
  <testcase name="testGetSystemAttributeCompoundNotExists" classname="org.molgenis.data.security.SystemEntityTypeRegistryImplTest" time="0.002"/>
  <testcase name="testGetSystemAttributeNotPermitted" classname="org.molgenis.data.security.SystemEntityTypeRegistryImplTest" time="0.001"/>
  <testcase name="testGetSystemAttributePermittedExists" classname="org.molgenis.data.security.SystemEntityTypeRegistryImplTest" time="0.001"/>
  <testcase name="testGetSystemAttributePermittedNotExists" classname="org.molgenis.data.security.SystemEntityTypeRegistryImplTest" time="0.001"/>
  <testcase name="testGetSystemEntityTypeNotExists" classname="org.molgenis.data.security.SystemEntityTypeRegistryImplTest" time="0"/>
  <testcase name="testGetSystemEntityTypeNotPermitted" classname="org.molgenis.data.security.SystemEntityTypeRegistryImplTest" time="0.001"/>
  <testcase name="testGetSystemEntityTypePermitted" classname="org.molgenis.data.security.SystemEntityTypeRegistryImplTest" time="0"/>
  <testcase name="testGetSystemEntityTypesNotPermitted" classname="org.molgenis.data.security.SystemEntityTypeRegistryImplTest" time="0.006"/>
  <testcase name="testGetSystemEntityTypesPermitted" classname="org.molgenis.data.security.SystemEntityTypeRegistryImplTest" time="0.004"/>
  <testcase name="testHasSystemAttributeNotPermitted" classname="org.molgenis.data.security.SystemEntityTypeRegistryImplTest" time="0.003"/>
  <testcase name="testHasSystemAttributePermittedExists" classname="org.molgenis.data.security.SystemEntityTypeRegistryImplTest" time="0.001"/>
  <testcase name="testHasSystemAttributePermittedNotExists" classname="org.molgenis.data.security.SystemEntityTypeRegistryImplTest" time="0.001"/>
  <testcase name="testHasSystemEntityTypeExists" classname="org.molgenis.data.security.SystemEntityTypeRegistryImplTest" time="0"/>
  <testcase name="testHasSystemEntityTypeNotExists" classname="org.molgenis.data.security.SystemEntityTypeRegistryImplTest" time="0"/>
  <testcase name="testSystemEntityTypeRegistryImpl" classname="org.molgenis.data.security.SystemEntityTypeRegistryImplTest" time="0"/>
  <testcase name="MolgenisUserServiceImpl" classname="org.molgenis.data.security.user.UserServiceImplTest" time="0.001"/>
  <testcase name="getUser" classname="org.molgenis.data.security.user.UserServiceImplTest" time="0.112"/>
  <testcase name="aggregateSu" classname="org.molgenis.data.security.meta.AttributeRepositorySecurityDecoratorTest" time="0.001"/>
  <testcase name="aggregateSystem" classname="org.molgenis.data.security.meta.AttributeRepositorySecurityDecoratorTest" time="0.001"/>
  <testcase name="aggregateUser" classname="org.molgenis.data.security.meta.AttributeRepositorySecurityDecoratorTest" time="0"/>
  <testcase name="countQuerySu" classname="org.molgenis.data.security.meta.AttributeRepositorySecurityDecoratorTest" time="0.023"/>
  <testcase name="countQuerySystem" classname="org.molgenis.data.security.meta.AttributeRepositorySecurityDecoratorTest" time="0"/>
  <testcase name="countQueryUser" classname="org.molgenis.data.security.meta.AttributeRepositorySecurityDecoratorTest" time="0.005"/>
  <testcase name="countSu" classname="org.molgenis.data.security.meta.AttributeRepositorySecurityDecoratorTest" time="0"/>
  <testcase name="countSystem" classname="org.molgenis.data.security.meta.AttributeRepositorySecurityDecoratorTest" time="0"/>
  <testcase name="countUser" classname="org.molgenis.data.security.meta.AttributeRepositorySecurityDecoratorTest" time="0.002"/>
  <testcase name="delete" classname="org.molgenis.data.security.meta.AttributeRepositorySecurityDecoratorTest" time="0.005"/>
  <testcase name="deleteStream" classname="org.molgenis.data.security.meta.AttributeRepositorySecurityDecoratorTest" time="0.073"/>
  <testcase name="deleteSystemAttribute" classname="org.molgenis.data.security.meta.AttributeRepositorySecurityDecoratorTest" time="0.002"/>
  <testcase name="findAllIdsFetchSu" classname="org.molgenis.data.security.meta.AttributeRepositorySecurityDecoratorTest" time="0.021"/>
  <testcase name="findAllIdsFetchSystem" classname="org.molgenis.data.security.meta.AttributeRepositorySecurityDecoratorTest" time="0.001"/>
  <testcase name="findAllIdsFetchUser" classname="org.molgenis.data.security.meta.AttributeRepositorySecurityDecoratorTest" time="0.007"/>
  <testcase name="findAllIdsSu" classname="org.molgenis.data.security.meta.AttributeRepositorySecurityDecoratorTest" time="0.001"/>
  <testcase name="findAllIdsSystem" classname="org.molgenis.data.security.meta.AttributeRepositorySecurityDecoratorTest" time="0.001"/>
  <testcase name="findAllIdsUser" classname="org.molgenis.data.security.meta.AttributeRepositorySecurityDecoratorTest" time="0.004"/>
  <testcase name="findAllQuerySu" classname="org.molgenis.data.security.meta.AttributeRepositorySecurityDecoratorTest" time="0"/>
  <testcase name="findAllQuerySystem" classname="org.molgenis.data.security.meta.AttributeRepositorySecurityDecoratorTest" time="0"/>
  <testcase name="findAllQueryUser" classname="org.molgenis.data.security.meta.AttributeRepositorySecurityDecoratorTest" time="0.001"/>
  <testcase name="findAllQueryUserOffsetLimit" classname="org.molgenis.data.security.meta.AttributeRepositorySecurityDecoratorTest" time="0.003"/>
  <testcase name="findOneByIdFetchSu" classname="org.molgenis.data.security.meta.AttributeRepositorySecurityDecoratorTest" time="0"/>
  <testcase name="findOneByIdFetchSystem" classname="org.molgenis.data.security.meta.AttributeRepositorySecurityDecoratorTest" time="0"/>
  <testcase name="findOneByIdFetchUserPermissionAllowed" classname="org.molgenis.data.security.meta.AttributeRepositorySecurityDecoratorTest" time="0.001"/>
  <testcase name="findOneByIdFetchUserPermissionDenied" classname="org.molgenis.data.security.meta.AttributeRepositorySecurityDecoratorTest" time="0"/>
  <testcase name="findOneByIdSu" classname="org.molgenis.data.security.meta.AttributeRepositorySecurityDecoratorTest" time="0"/>
  <testcase name="findOneByIdSystem" classname="org.molgenis.data.security.meta.AttributeRepositorySecurityDecoratorTest" time="0.001"/>
  <testcase name="findOneByIdUserPermissionAllowed" classname="org.molgenis.data.security.meta.AttributeRepositorySecurityDecoratorTest" time="0.001"/>
  <testcase name="findOneByIdUserPermissionAllowedAttrInCompoundWithOneAttr" classname="org.molgenis.data.security.meta.AttributeRepositorySecurityDecoratorTest" time="0.001"/>
  <testcase name="findOneByIdUserPermissionDenied" classname="org.molgenis.data.security.meta.AttributeRepositorySecurityDecoratorTest" time="0"/>
  <testcase name="findOneQuerySu" classname="org.molgenis.data.security.meta.AttributeRepositorySecurityDecoratorTest" time="0"/>
  <testcase name="findOneQuerySystem" classname="org.molgenis.data.security.meta.AttributeRepositorySecurityDecoratorTest" time="0"/>
  <testcase name="findOneQueryUserPermissionAllowed" classname="org.molgenis.data.security.meta.AttributeRepositorySecurityDecoratorTest" time="0.001"/>
  <testcase name="findOneQueryUserPermissionDenied" classname="org.molgenis.data.security.meta.AttributeRepositorySecurityDecoratorTest" time="0"/>
  <testcase name="forEachBatchedSu" classname="org.molgenis.data.security.meta.AttributeRepositorySecurityDecoratorTest" time="0.008"/>
  <testcase name="forEachBatchedSystem" classname="org.molgenis.data.security.meta.AttributeRepositorySecurityDecoratorTest" time="0"/>
  <testcase name="forEachBatchedUser" classname="org.molgenis.data.security.meta.AttributeRepositorySecurityDecoratorTest" time="0.005"/>
  <testcase name="iteratorSu" classname="org.molgenis.data.security.meta.AttributeRepositorySecurityDecoratorTest" time="0.008"/>
  <testcase name="iteratorSystem" classname="org.molgenis.data.security.meta.AttributeRepositorySecurityDecoratorTest" time="0.001"/>
  <testcase name="iteratorUser" classname="org.molgenis.data.security.meta.AttributeRepositorySecurityDecoratorTest" time="0.002"/>
  <testcase name="updateSystemEntity" classname="org.molgenis.data.security.meta.AttributeRepositorySecurityDecoratorTest" time="0.003"/>
  <testcase name="addWithKnownBackend" classname="org.molgenis.data.security.meta.EntityTypeRepositorySecurityDecoratorTest" time="0.003"/>
  <testcase name="aggregateSu" classname="org.molgenis.data.security.meta.EntityTypeRepositorySecurityDecoratorTest" time="0"/>
  <testcase name="aggregateSystem" classname="org.molgenis.data.security.meta.EntityTypeRepositorySecurityDecoratorTest" time="0"/>
  <testcase name="aggregateUser" classname="org.molgenis.data.security.meta.EntityTypeRepositorySecurityDecoratorTest" time="0.001"/>
  <testcase name="countQuerySu" classname="org.molgenis.data.security.meta.EntityTypeRepositorySecurityDecoratorTest" time="0"/>
  <testcase name="countQuerySystem" classname="org.molgenis.data.security.meta.EntityTypeRepositorySecurityDecoratorTest" time="0"/>
  <testcase name="countQueryUser" classname="org.molgenis.data.security.meta.EntityTypeRepositorySecurityDecoratorTest" time="0.002"/>
  <testcase name="countSu" classname="org.molgenis.data.security.meta.EntityTypeRepositorySecurityDecoratorTest" time="0"/>
  <testcase name="countSystem" classname="org.molgenis.data.security.meta.EntityTypeRepositorySecurityDecoratorTest" time="0"/>
  <testcase name="countUser" classname="org.molgenis.data.security.meta.EntityTypeRepositorySecurityDecoratorTest" time="0.001"/>
  <testcase name="deleteSu" classname="org.molgenis.data.security.meta.EntityTypeRepositorySecurityDecoratorTest" time="0.075"/>
  <testcase name="deleteSystem" classname="org.molgenis.data.security.meta.EntityTypeRepositorySecurityDecoratorTest" time="0.001"/>
  <testcase name="deleteSystemEntityType" classname="org.molgenis.data.security.meta.EntityTypeRepositorySecurityDecoratorTest" time="0.001"/>
  <testcase name="deleteUser" classname="org.molgenis.data.security.meta.EntityTypeRepositorySecurityDecoratorTest" time="0.001"/>
  <testcase name="deleteUserNotAllowed" classname="org.molgenis.data.security.meta.EntityTypeRepositorySecurityDecoratorTest" time="0.001"/>
  <testcase name="findAllIdsFetchSu" classname="org.molgenis.data.security.meta.EntityTypeRepositorySecurityDecoratorTest" time="0.001"/>
  <testcase name="findAllIdsFetchSystem" classname="org.molgenis.data.security.meta.EntityTypeRepositorySecurityDecoratorTest" time="0"/>
  <testcase name="findAllIdsFetchUser" classname="org.molgenis.data.security.meta.EntityTypeRepositorySecurityDecoratorTest" time="0.001"/>
  <testcase name="findAllIdsSu" classname="org.molgenis.data.security.meta.EntityTypeRepositorySecurityDecoratorTest" time="0"/>
  <testcase name="findAllIdsSystem" classname="org.molgenis.data.security.meta.EntityTypeRepositorySecurityDecoratorTest" time="0"/>
  <testcase name="findAllIdsUser" classname="org.molgenis.data.security.meta.EntityTypeRepositorySecurityDecoratorTest" time="0.001"/>
  <testcase name="findAllQuerySu" classname="org.molgenis.data.security.meta.EntityTypeRepositorySecurityDecoratorTest" time="0"/>
  <testcase name="findAllQuerySystem" classname="org.molgenis.data.security.meta.EntityTypeRepositorySecurityDecoratorTest" time="0"/>
  <testcase name="findAllQueryUser" classname="org.molgenis.data.security.meta.EntityTypeRepositorySecurityDecoratorTest" time="0.001"/>
  <testcase name="findAllQueryUserOffsetLimit" classname="org.molgenis.data.security.meta.EntityTypeRepositorySecurityDecoratorTest" time="0.001"/>
  <testcase name="findOneByIdFetchSu" classname="org.molgenis.data.security.meta.EntityTypeRepositorySecurityDecoratorTest" time="0"/>
  <testcase name="findOneByIdFetchSystem" classname="org.molgenis.data.security.meta.EntityTypeRepositorySecurityDecoratorTest" time="0"/>
  <testcase name="findOneByIdFetchUserPermissionAllowed" classname="org.molgenis.data.security.meta.EntityTypeRepositorySecurityDecoratorTest" time="0"/>
  <testcase name="findOneByIdFetchUserPermissionDenied" classname="org.molgenis.data.security.meta.EntityTypeRepositorySecurityDecoratorTest" time="0"/>
  <testcase name="findOneByIdSu" classname="org.molgenis.data.security.meta.EntityTypeRepositorySecurityDecoratorTest" time="0"/>
  <testcase name="findOneByIdSystem" classname="org.molgenis.data.security.meta.EntityTypeRepositorySecurityDecoratorTest" time="0.001"/>
  <testcase name="findOneByIdUserPermissionAllowed" classname="org.molgenis.data.security.meta.EntityTypeRepositorySecurityDecoratorTest" time="0.001"/>
  <testcase name="findOneByIdUserPermissionDenied" classname="org.molgenis.data.security.meta.EntityTypeRepositorySecurityDecoratorTest" time="0"/>
  <testcase name="findOneQuerySu" classname="org.molgenis.data.security.meta.EntityTypeRepositorySecurityDecoratorTest" time="0"/>
  <testcase name="findOneQuerySystem" classname="org.molgenis.data.security.meta.EntityTypeRepositorySecurityDecoratorTest" time="0.001"/>
  <testcase name="findOneQueryUserPermissionAllowed" classname="org.molgenis.data.security.meta.EntityTypeRepositorySecurityDecoratorTest" time="0.001"/>
  <testcase name="findOneQueryUserPermissionDenied" classname="org.molgenis.data.security.meta.EntityTypeRepositorySecurityDecoratorTest" time="0"/>
  <testcase name="forEachBatchedSu" classname="org.molgenis.data.security.meta.EntityTypeRepositorySecurityDecoratorTest" time="0"/>
  <testcase name="forEachBatchedSystem" classname="org.molgenis.data.security.meta.EntityTypeRepositorySecurityDecoratorTest" time="0"/>
  <testcase name="forEachBatchedUser" classname="org.molgenis.data.security.meta.EntityTypeRepositorySecurityDecoratorTest" time="0.003"/>
  <testcase name="iteratorSu" classname="org.molgenis.data.security.meta.EntityTypeRepositorySecurityDecoratorTest" time="0"/>
  <testcase name="iteratorSystem" classname="org.molgenis.data.security.meta.EntityTypeRepositorySecurityDecoratorTest" time="0"/>
  <testcase name="iteratorUser" classname="org.molgenis.data.security.meta.EntityTypeRepositorySecurityDecoratorTest" time="0"/>
  <testcase name="query" classname="org.molgenis.data.security.meta.EntityTypeRepositorySecurityDecoratorTest" time="0"/>
  <testcase name="updateSu" classname="org.molgenis.data.security.meta.EntityTypeRepositorySecurityDecoratorTest" time="0.001"/>
  <testcase name="updateSystem" classname="org.molgenis.data.security.meta.EntityTypeRepositorySecurityDecoratorTest" time="0.001"/>
  <testcase name="updateSystemEntityType" classname="org.molgenis.data.security.meta.EntityTypeRepositorySecurityDecoratorTest" time="0.001"/>
  <testcase name="updateUser" classname="org.molgenis.data.security.meta.EntityTypeRepositorySecurityDecoratorTest" time="0"/>
  <testcase name="addStream" classname="org.molgenis.data.security.owned.OwnedEntityRepositoryDecoratorTest" time="0.015"/>
  <testcase name="addStreamExtendsOwned" classname="org.molgenis.data.security.owned.OwnedEntityRepositoryDecoratorTest" time="0.052"/>
  <testcase name="consumeBatchedExtendsOwned" classname="org.molgenis.data.security.owned.OwnedEntityRepositoryDecoratorTest" time="0.002"/>
  <testcase name="consumeBatchedOwnedBySomeoneElse" classname="org.molgenis.data.security.owned.OwnedEntityRepositoryDecoratorTest" time="0.001"/>
  <testcase name="deleteStream" classname="org.molgenis.data.security.owned.OwnedEntityRepositoryDecoratorTest" time="0.001"/>
  <testcase name="deleteStreamEntityExtendsOwned" classname="org.molgenis.data.security.owned.OwnedEntityRepositoryDecoratorTest" time="0.001"/>
  <testcase name="findAllAsStreamExtendsOwned" classname="org.molgenis.data.security.owned.OwnedEntityRepositoryDecoratorTest" time="0.001"/>
  <testcase name="findAllAsStreamNotExtendsOwned" classname="org.molgenis.data.security.owned.OwnedEntityRepositoryDecoratorTest" time="0"/>
  <testcase name="findAllStreamExtendsOwned" classname="org.molgenis.data.security.owned.OwnedEntityRepositoryDecoratorTest" time="0.001"/>
  <testcase name="findAllStreamExtendsOwnedBySomeoneElse" classname="org.molgenis.data.security.owned.OwnedEntityRepositoryDecoratorTest" time="0"/>
  <testcase name="findAllStreamFetchExtendsOwned" classname="org.molgenis.data.security.owned.OwnedEntityRepositoryDecoratorTest" time="0.001"/>
  <testcase name="findAllStreamFetchExtendsOwnedBySomeoneElse" classname="org.molgenis.data.security.owned.OwnedEntityRepositoryDecoratorTest" time="0"/>
  <testcase name="findAllStreamFetchNotExtendsOwned" classname="org.molgenis.data.security.owned.OwnedEntityRepositoryDecoratorTest" time="0.001"/>
  <testcase name="findAllStreamNotExtendsOwned" classname="org.molgenis.data.security.owned.OwnedEntityRepositoryDecoratorTest" time="0"/>
  <testcase name="findOneByIdObjectFetchExtendsOwned" classname="org.molgenis.data.security.owned.OwnedEntityRepositoryDecoratorTest" time="0"/>
  <testcase name="findOneByIdObjectFetchExtendsOwnedBySomeoneElse" classname="org.molgenis.data.security.owned.OwnedEntityRepositoryDecoratorTest" time="0"/>
  <testcase name="findOneByIdObjectFetchNotExtendsOwned" classname="org.molgenis.data.security.owned.OwnedEntityRepositoryDecoratorTest" time="0.001"/>
  <testcase name="query" classname="org.molgenis.data.security.owned.OwnedEntityRepositoryDecoratorTest" time="0"/>
  <testcase name="updateStream" classname="org.molgenis.data.security.owned.OwnedEntityRepositoryDecoratorTest" time="0.001"/>
  <testcase name="updateStreamExtendsOwned" classname="org.molgenis.data.security.owned.OwnedEntityRepositoryDecoratorTest" time="0.001"/>
  <testcase name="testIsExpiredExpirationDateInFuture" classname="org.molgenis.data.security.auth.TokenTest" time="0.002"/>
  <testcase name="testIsExpiredExpirationDateInPast" classname="org.molgenis.data.security.auth.TokenTest" time="0"/>
  <testcase name="testIsExpiredNoExpirationDate" classname="org.molgenis.data.security.auth.TokenTest" time="0"/>
  <testcase name="addEntity" classname="org.molgenis.data.security.auth.UserRepositoryDecoratorTest" time="0.001"/>
  <testcase name="addEntitySu" classname="org.molgenis.data.security.auth.UserRepositoryDecoratorTest" time="0.001"/>
  <testcase name="addStream" classname="org.molgenis.data.security.auth.UserRepositoryDecoratorTest" time="0.003"/>
  <testcase name="delete" classname="org.molgenis.data.security.auth.UserRepositoryDecoratorTest" time="0.039"/>
  <testcase name="deleteAll" classname="org.molgenis.data.security.auth.UserRepositoryDecoratorTest" time="0"/>
  <testcase name="deleteAllStream" classname="org.molgenis.data.security.auth.UserRepositoryDecoratorTest" time="0.002"/>
  <testcase name="deleteById" classname="org.molgenis.data.security.auth.UserRepositoryDecoratorTest" time="0.001"/>
  <testcase name="deleteStream" classname="org.molgenis.data.security.auth.UserRepositoryDecoratorTest" time="0.001"/>
  <testcase name="updateStream" classname="org.molgenis.data.security.auth.UserRepositoryDecoratorTest" time="0.001"/>
  <testcase name="updateStreamUnchangedPassword" classname="org.molgenis.data.security.auth.UserRepositoryDecoratorTest" time="0.001"/>
  <testcase name="testValidatePermissionSuperuser" classname="org.molgenis.data.security.SecurityDecoratorUtilsTest" time="0.001"/>
  <testcase name="testValidatePermissionSystemUser" classname="org.molgenis.data.security.SecurityDecoratorUtilsTest" time="0"/>
  <testcase name="testValidatePermissionUser" classname="org.molgenis.data.security.SecurityDecoratorUtilsTest" time="0"/>
  <testcase name="testValidatePermissionUserDifferentEntityType" classname="org.molgenis.data.security.SecurityDecoratorUtilsTest" time="0"/>
  <testcase name="testValidatePermissionUserDifferentPermission" classname="org.molgenis.data.security.SecurityDecoratorUtilsTest" time="0"/>
  <testcase name="addStream" classname="org.molgenis.data.security.RepositorySecurityDecoratorTest" time="0"/>
  <testcase name="addStreamNoPermission" classname="org.molgenis.data.security.RepositorySecurityDecoratorTest" time="0"/>
  <testcase name="aggregate" classname="org.molgenis.data.security.RepositorySecurityDecoratorTest" time="0.001"/>
  <testcase name="aggregateNoPermission" classname="org.molgenis.data.security.RepositorySecurityDecoratorTest" time="0"/>
  <testcase name="deleteStream" classname="org.molgenis.data.security.RepositorySecurityDecoratorTest" time="0"/>
  <testcase name="deleteStreamNoPermission" classname="org.molgenis.data.security.RepositorySecurityDecoratorTest" time="0"/>
  <testcase name="findAllAsStreamNoPermission" classname="org.molgenis.data.security.RepositorySecurityDecoratorTest" time="0.001"/>
  <testcase name="findAllAsStreamPermission" classname="org.molgenis.data.security.RepositorySecurityDecoratorTest" time="0"/>
  <testcase name="findAllNoPermission" classname="org.molgenis.data.security.RepositorySecurityDecoratorTest" time="0"/>
  <testcase name="findAllPermission" classname="org.molgenis.data.security.RepositorySecurityDecoratorTest" time="0.001"/>
  <testcase name="findAllStream" classname="org.molgenis.data.security.RepositorySecurityDecoratorTest" time="0"/>
  <testcase name="findAllStreamFetch" classname="org.molgenis.data.security.RepositorySecurityDecoratorTest" time="0.001"/>
  <testcase name="findAllStreamFetchNoPermission" classname="org.molgenis.data.security.RepositorySecurityDecoratorTest" time="0"/>
  <testcase name="findAllStreamNoPermission" classname="org.molgenis.data.security.RepositorySecurityDecoratorTest" time="0"/>
  <testcase name="findOneNoPermission" classname="org.molgenis.data.security.RepositorySecurityDecoratorTest" time="0.001"/>
  <testcase name="findOnePermission" classname="org.molgenis.data.security.RepositorySecurityDecoratorTest" time="0"/>
  <testcase name="streamFetch" classname="org.molgenis.data.security.RepositorySecurityDecoratorTest" time="0"/>
  <testcase name="streamFetchNoPermission" classname="org.molgenis.data.security.RepositorySecurityDecoratorTest" time="0.001"/>
  <testcase name="updateStream" classname="org.molgenis.data.security.RepositorySecurityDecoratorTest" time="0.001"/>
  <testcase name="updateStreamNoPermission" classname="org.molgenis.data.security.RepositorySecurityDecoratorTest" time="0"/>
</testsuite>