<?xml version="1.0" encoding="UTF-8"?>
<testsuite xmlns:xsi="http://www.w3.org/2001/XMLSchema-instance" xsi:noNamespaceSchemaLocation="https://maven.apache.org/surefire/maven-surefire-plugin/xsd/surefire-test-report.xsd" name="TestSuite" time="5.359" tests="212" errors="0" skipped="0" failures="0">
  <properties>
    <property name="awt.toolkit" value="sun.awt.X11.XToolkit"/>
    <property name="file.encoding.pkg" value="sun.io"/>
    <property name="java.specification.version" value="1.8"/>
    <property name="sun.cpu.isalist" value=""/>
    <property name="sun.jnu.encoding" value="UTF-8"/>
    <property name="java.class.path" value="/root/workspace/molgenis/molgenis/386600939/molgenis-data-security/target/test-classes:/root/workspace/molgenis/molgenis/386600939/molgenis-data-security/target/classes:/root/workspace/molgenis/molgenis/386600939/molgenis-data/target/classes:/root/workspace/molgenis/molgenis/386600939/molgenis-util/target/classes:/root/./workspace/molgenis/molgenis/386600939/.m2/com/sun/mail/javax.mail/1.6.1/javax.mail-1.6.1.jar:/root/./workspace/molgenis/molgenis/386600939/.m2/javax/activation/activation/1.1.1/activation-1.1.1.jar:/root/./workspace/molgenis/molgenis/386600939/.m2/org/mapdb/mapdb/1.0.6/mapdb-1.0.6.jar:/root/workspace/molgenis/molgenis/386600939/molgenis-i18n/target/classes:/root/./workspace/molgenis/molgenis/386600939/.m2/org/springframework/spring-tx/5.0.6.RELEASE/spring-tx-5.0.6.RELEASE.jar:/root/./workspace/molgenis/molgenis/386600939/.m2/org/apache/commons/commons-lang3/3.7/commons-lang3-3.7.jar:/root/./workspace/molgenis/molgenis/386600939/.m2/com/google/code/gson/gson/2.8.4/gson-2.8.4.jar:/root/./workspace/molgenis/molgenis/386600939/.m2/com/eaio/uuid/uuid/3.2/uuid-3.2.jar:/root/./workspace/molgenis/molgenis/386600939/.m2/com/mchange/c3p0/0.9.5.2/c3p0-0.9.5.2.jar:/root/./workspace/molgenis/molgenis/386600939/.m2/com/mchange/mchange-commons-java/0.2.11/mchange-commons-java-0.2.11.jar:/root/workspace/molgenis/molgenis/386600939/molgenis-security-core/target/classes:/root/./workspace/molgenis/molgenis/386600939/.m2/org/springframework/spring-aspects/5.0.6.RELEASE/spring-aspects-5.0.6.RELEASE.jar:/root/./workspace/molgenis/molgenis/386600939/.m2/org/aspectj/aspectjweaver/1.8.13/aspectjweaver-1.8.13.jar:/root/./workspace/molgenis/molgenis/386600939/.m2/com/google/auto/value/auto-value/1.4.1/auto-value-1.4.1.jar:/root/workspace/molgenis/molgenis/386600939/molgenis-settings/target/classes:/root/./workspace/molgenis/molgenis/386600939/.m2/com/google/code/findbugs/jsr305/3.0.2/jsr305-3.0.2.jar:/root/./workspace/molgenis/molgenis/386600939/.m2/org/springframework/security/spring-security-core/5.0.5.RELEASE/spring-security-core-5.0.5.RELEASE.jar:/root/./workspace/molgenis/molgenis/386600939/.m2/org/springframework/spring-aop/5.0.6.RELEASE/spring-aop-5.0.6.RELEASE.jar:/root/./workspace/molgenis/molgenis/386600939/.m2/org/springframework/spring-beans/5.0.6.RELEASE/spring-beans-5.0.6.RELEASE.jar:/root/./workspace/molgenis/molgenis/386600939/.m2/org/springframework/spring-context/5.0.6.RELEASE/spring-context-5.0.6.RELEASE.jar:/root/./workspace/molgenis/molgenis/386600939/.m2/org/springframework/spring-core/5.0.6.RELEASE/spring-core-5.0.6.RELEASE.jar:/root/./workspace/molgenis/molgenis/386600939/.m2/org/springframework/spring-jcl/5.0.6.RELEASE/spring-jcl-5.0.6.RELEASE.jar:/root/./workspace/molgenis/molgenis/386600939/.m2/org/springframework/spring-expression/5.0.6.RELEASE/spring-expression-5.0.6.RELEASE.jar:/root/./workspace/molgenis/molgenis/386600939/.m2/org/springframework/security/spring-security-acl/5.0.5.RELEASE/spring-security-acl-5.0.5.RELEASE.jar:/root/./workspace/molgenis/molgenis/386600939/.m2/org/springframework/spring-jdbc/5.0.6.RELEASE/spring-jdbc-5.0.6.RELEASE.jar:/root/workspace/molgenis/molgenis/386600939/molgenis-data/target/test-classes:/root/workspace/molgenis/molgenis/386600939/molgenis-test/target/classes:/root/./workspace/molgenis/molgenis/386600939/.m2/org/testng/testng/6.8/testng-6.8.jar:/root/./workspace/molgenis/molgenis/386600939/.m2/junit/junit/4.12/junit-4.12.jar:/root/./workspace/molgenis/molgenis/386600939/.m2/org/hamcrest/hamcrest-core/1.3/hamcrest-core-1.3.jar:/root/./workspace/molgenis/molgenis/386600939/.m2/org/beanshell/bsh/2.0b5/bsh-2.0b5.jar:/root/./workspace/molgenis/molgenis/386600939/.m2/com/beust/jcommander/1.27/jcommander-1.27.jar:/root/./workspace/molgenis/molgenis/386600939/.m2/org/yaml/snakeyaml/1.19/snakeyaml-1.19.jar:/root/./workspace/molgenis/molgenis/386600939/.m2/org/mockito/mockito-core/2.7.22/mockito-core-2.7.22.jar:/root/./workspace/molgenis/molgenis/386600939/.m2/net/bytebuddy/byte-buddy/1.7.11/byte-buddy-1.7.11.jar:/root/./workspace/molgenis/molgenis/386600939/.m2/net/bytebuddy/byte-buddy-agent/1.7.11/byte-buddy-agent-1.7.11.jar:/root/./workspace/molgenis/molgenis/386600939/.m2/org/objenesis/objenesis/2.6/objenesis-2.6.jar:/root/./workspace/molgenis/molgenis/386600939/.m2/org/hamcrest/hamcrest-all/1.3/hamcrest-all-1.3.jar:/root/./workspace/molgenis/molgenis/386600939/.m2/javax/servlet/javax.servlet-api/3.1.0/javax.servlet-api-3.1.0.jar:/root/./workspace/molgenis/molgenis/386600939/.m2/org/springframework/spring-test/5.0.6.RELEASE/spring-test-5.0.6.RELEASE.jar:/root/./workspace/molgenis/molgenis/386600939/.m2/com/fasterxml/jackson/core/jackson-databind/2.9.5/jackson-databind-2.9.5.jar:/root/./workspace/molgenis/molgenis/386600939/.m2/com/fasterxml/jackson/core/jackson-annotations/2.9.0/jackson-annotations-2.9.0.jar:/root/./workspace/molgenis/molgenis/386600939/.m2/com/fasterxml/jackson/core/jackson-core/2.9.5/jackson-core-2.9.5.jar:/root/./workspace/molgenis/molgenis/386600939/.m2/org/springframework/security/spring-security-test/5.0.5.RELEASE/spring-security-test-5.0.5.RELEASE.jar:/root/./workspace/molgenis/molgenis/386600939/.m2/org/springframework/security/spring-security-web/5.0.5.RELEASE/spring-security-web-5.0.5.RELEASE.jar:/root/./workspace/molgenis/molgenis/386600939/.m2/org/springframework/spring-web/5.0.6.RELEASE/spring-web-5.0.6.RELEASE.jar:/root/workspace/molgenis/molgenis/386600939/molgenis-i18n/target/test-classes:/root/./workspace/molgenis/molgenis/386600939/.m2/org/springframework/spring-context-support/5.0.6.RELEASE/spring-context-support-5.0.6.RELEASE.jar:/root/./workspace/molgenis/molgenis/386600939/.m2/org/springframework/boot/spring-boot-starter-logging/2.0.2.RELEASE/spring-boot-starter-logging-2.0.2.RELEASE.jar:/root/./workspace/molgenis/molgenis/386600939/.m2/ch/qos/logback/logback-classic/1.2.3/logback-classic-1.2.3.jar:/root/./workspace/molgenis/molgenis/386600939/.m2/ch/qos/logback/logback-core/1.2.3/logback-core-1.2.3.jar:/root/./workspace/molgenis/molgenis/386600939/.m2/org/apache/logging/log4j/log4j-to-slf4j/2.10.0/log4j-to-slf4j-2.10.0.jar:/root/./workspace/molgenis/molgenis/386600939/.m2/org/apache/logging/log4j/log4j-api/2.10.0/log4j-api-2.10.0.jar:/root/./workspace/molgenis/molgenis/386600939/.m2/org/slf4j/jul-to-slf4j/1.7.25/jul-to-slf4j-1.7.25.jar:/root/./workspace/molgenis/molgenis/386600939/.m2/org/slf4j/log4j-over-slf4j/1.7.25/log4j-over-slf4j-1.7.25.jar:/root/./workspace/molgenis/molgenis/386600939/.m2/org/slf4j/slf4j-api/1.7.25/slf4j-api-1.7.25.jar:/root/./workspace/molgenis/molgenis/386600939/.m2/com/google/guava/guava/25.0-jre/guava-25.0-jre.jar:/root/./workspace/molgenis/molgenis/386600939/.m2/org/apache/maven/surefire/surefire-testng-utils/2.21.0/surefire-testng-utils-2.21.0.jar:/root/./workspace/molgenis/molgenis/386600939/.m2/org/apache/maven/surefire/surefire-grouper/2.21.0/surefire-grouper-2.21.0.jar:"/>
    <property name="java.vm.vendor" value="Oracle Corporation"/>
    <property name="skip.bower" value="true"/>
    <property name="sun.arch.data.model" value="64"/>
    <property name="java.vendor.url" value="http://java.oracle.com/"/>
    <property name="user.timezone" value=""/>
    <property name="java.vm.specification.version" value="1.8"/>
    <property name="os.name" value="Linux"/>
    <property name="rat.skip" value="true"/>
    <property name="gpg.skip" value="true"/>
    <property name="sun.java.launcher" value="SUN_STANDARD"/>
    <property name="sun.boot.library.path" value="/usr/lib/jvm/java-8-openjdk-amd64/jre/lib/amd64"/>
    <property name="skip.gulp" value="true"/>
    <property name="sun.java.command" value="/root/workspace/molgenis/molgenis/386600939/molgenis-data-security/target/surefire/surefirebooter9115803043213029142.jar /root/workspace/molgenis/molgenis/386600939/molgenis-data-security/target/surefire 2018-06-01T13-16-23_183-jvmRun1 surefire4500664019914722745tmp surefire_55721499629439490321tmp"/>
    <property name="dependency-check.skip" value="true"/>
    <property name="surefire.test.class.path" value="/root/workspace/molgenis/molgenis/386600939/molgenis-data-security/target/test-classes:/root/workspace/molgenis/molgenis/386600939/molgenis-data-security/target/classes:/root/workspace/molgenis/molgenis/386600939/molgenis-data/target/classes:/root/workspace/molgenis/molgenis/386600939/molgenis-util/target/classes:/root/./workspace/molgenis/molgenis/386600939/.m2/com/sun/mail/javax.mail/1.6.1/javax.mail-1.6.1.jar:/root/./workspace/molgenis/molgenis/386600939/.m2/javax/activation/activation/1.1.1/activation-1.1.1.jar:/root/./workspace/molgenis/molgenis/386600939/.m2/org/mapdb/mapdb/1.0.6/mapdb-1.0.6.jar:/root/workspace/molgenis/molgenis/386600939/molgenis-i18n/target/classes:/root/./workspace/molgenis/molgenis/386600939/.m2/org/springframework/spring-tx/5.0.6.RELEASE/spring-tx-5.0.6.RELEASE.jar:/root/./workspace/molgenis/molgenis/386600939/.m2/org/apache/commons/commons-lang3/3.7/commons-lang3-3.7.jar:/root/./workspace/molgenis/molgenis/386600939/.m2/com/google/code/gson/gson/2.8.4/gson-2.8.4.jar:/root/./workspace/molgenis/molgenis/386600939/.m2/com/eaio/uuid/uuid/3.2/uuid-3.2.jar:/root/./workspace/molgenis/molgenis/386600939/.m2/com/mchange/c3p0/0.9.5.2/c3p0-0.9.5.2.jar:/root/./workspace/molgenis/molgenis/386600939/.m2/com/mchange/mchange-commons-java/0.2.11/mchange-commons-java-0.2.11.jar:/root/workspace/molgenis/molgenis/386600939/molgenis-security-core/target/classes:/root/./workspace/molgenis/molgenis/386600939/.m2/org/springframework/spring-aspects/5.0.6.RELEASE/spring-aspects-5.0.6.RELEASE.jar:/root/./workspace/molgenis/molgenis/386600939/.m2/org/aspectj/aspectjweaver/1.8.13/aspectjweaver-1.8.13.jar:/root/./workspace/molgenis/molgenis/386600939/.m2/com/google/auto/value/auto-value/1.4.1/auto-value-1.4.1.jar:/root/workspace/molgenis/molgenis/386600939/molgenis-settings/target/classes:/root/./workspace/molgenis/molgenis/386600939/.m2/com/google/code/findbugs/jsr305/3.0.2/jsr305-3.0.2.jar:/root/./workspace/molgenis/molgenis/386600939/.m2/org/springframework/security/spring-security-core/5.0.5.RELEASE/spring-security-core-5.0.5.RELEASE.jar:/root/./workspace/molgenis/molgenis/386600939/.m2/org/springframework/spring-aop/5.0.6.RELEASE/spring-aop-5.0.6.RELEASE.jar:/root/./workspace/molgenis/molgenis/386600939/.m2/org/springframework/spring-beans/5.0.6.RELEASE/spring-beans-5.0.6.RELEASE.jar:/root/./workspace/molgenis/molgenis/386600939/.m2/org/springframework/spring-context/5.0.6.RELEASE/spring-context-5.0.6.RELEASE.jar:/root/./workspace/molgenis/molgenis/386600939/.m2/org/springframework/spring-core/5.0.6.RELEASE/spring-core-5.0.6.RELEASE.jar:/root/./workspace/molgenis/molgenis/386600939/.m2/org/springframework/spring-jcl/5.0.6.RELEASE/spring-jcl-5.0.6.RELEASE.jar:/root/./workspace/molgenis/molgenis/386600939/.m2/org/springframework/spring-expression/5.0.6.RELEASE/spring-expression-5.0.6.RELEASE.jar:/root/./workspace/molgenis/molgenis/386600939/.m2/org/springframework/security/spring-security-acl/5.0.5.RELEASE/spring-security-acl-5.0.5.RELEASE.jar:/root/./workspace/molgenis/molgenis/386600939/.m2/org/springframework/spring-jdbc/5.0.6.RELEASE/spring-jdbc-5.0.6.RELEASE.jar:/root/workspace/molgenis/molgenis/386600939/molgenis-data/target/test-classes:/root/workspace/molgenis/molgenis/386600939/molgenis-test/target/classes:/root/./workspace/molgenis/molgenis/386600939/.m2/org/testng/testng/6.8/testng-6.8.jar:/root/./workspace/molgenis/molgenis/386600939/.m2/junit/junit/4.12/junit-4.12.jar:/root/./workspace/molgenis/molgenis/386600939/.m2/org/hamcrest/hamcrest-core/1.3/hamcrest-core-1.3.jar:/root/./workspace/molgenis/molgenis/386600939/.m2/org/beanshell/bsh/2.0b5/bsh-2.0b5.jar:/root/./workspace/molgenis/molgenis/386600939/.m2/com/beust/jcommander/1.27/jcommander-1.27.jar:/root/./workspace/molgenis/molgenis/386600939/.m2/org/yaml/snakeyaml/1.19/snakeyaml-1.19.jar:/root/./workspace/molgenis/molgenis/386600939/.m2/org/mockito/mockito-core/2.7.22/mockito-core-2.7.22.jar:/root/./workspace/molgenis/molgenis/386600939/.m2/net/bytebuddy/byte-buddy/1.7.11/byte-buddy-1.7.11.jar:/root/./workspace/molgenis/molgenis/386600939/.m2/net/bytebuddy/byte-buddy-agent/1.7.11/byte-buddy-agent-1.7.11.jar:/root/./workspace/molgenis/molgenis/386600939/.m2/org/objenesis/objenesis/2.6/objenesis-2.6.jar:/root/./workspace/molgenis/molgenis/386600939/.m2/org/hamcrest/hamcrest-all/1.3/hamcrest-all-1.3.jar:/root/./workspace/molgenis/molgenis/386600939/.m2/javax/servlet/javax.servlet-api/3.1.0/javax.servlet-api-3.1.0.jar:/root/./workspace/molgenis/molgenis/386600939/.m2/org/springframework/spring-test/5.0.6.RELEASE/spring-test-5.0.6.RELEASE.jar:/root/./workspace/molgenis/molgenis/386600939/.m2/com/fasterxml/jackson/core/jackson-databind/2.9.5/jackson-databind-2.9.5.jar:/root/./workspace/molgenis/molgenis/386600939/.m2/com/fasterxml/jackson/core/jackson-annotations/2.9.0/jackson-annotations-2.9.0.jar:/root/./workspace/molgenis/molgenis/386600939/.m2/com/fasterxml/jackson/core/jackson-core/2.9.5/jackson-core-2.9.5.jar:/root/./workspace/molgenis/molgenis/386600939/.m2/org/springframework/security/spring-security-test/5.0.5.RELEASE/spring-security-test-5.0.5.RELEASE.jar:/root/./workspace/molgenis/molgenis/386600939/.m2/org/springframework/security/spring-security-web/5.0.5.RELEASE/spring-security-web-5.0.5.RELEASE.jar:/root/./workspace/molgenis/molgenis/386600939/.m2/org/springframework/spring-web/5.0.6.RELEASE/spring-web-5.0.6.RELEASE.jar:/root/workspace/molgenis/molgenis/386600939/molgenis-i18n/target/test-classes:/root/./workspace/molgenis/molgenis/386600939/.m2/org/springframework/spring-context-support/5.0.6.RELEASE/spring-context-support-5.0.6.RELEASE.jar:/root/./workspace/molgenis/molgenis/386600939/.m2/org/springframework/boot/spring-boot-starter-logging/2.0.2.RELEASE/spring-boot-starter-logging-2.0.2.RELEASE.jar:/root/./workspace/molgenis/molgenis/386600939/.m2/ch/qos/logback/logback-classic/1.2.3/logback-classic-1.2.3.jar:/root/./workspace/molgenis/molgenis/386600939/.m2/ch/qos/logback/logback-core/1.2.3/logback-core-1.2.3.jar:/root/./workspace/molgenis/molgenis/386600939/.m2/org/apache/logging/log4j/log4j-to-slf4j/2.10.0/log4j-to-slf4j-2.10.0.jar:/root/./workspace/molgenis/molgenis/386600939/.m2/org/apache/logging/log4j/log4j-api/2.10.0/log4j-api-2.10.0.jar:/root/./workspace/molgenis/molgenis/386600939/.m2/org/slf4j/jul-to-slf4j/1.7.25/jul-to-slf4j-1.7.25.jar:/root/./workspace/molgenis/molgenis/386600939/.m2/org/slf4j/log4j-over-slf4j/1.7.25/log4j-over-slf4j-1.7.25.jar:/root/./workspace/molgenis/molgenis/386600939/.m2/org/slf4j/slf4j-api/1.7.25/slf4j-api-1.7.25.jar:/root/./workspace/molgenis/molgenis/386600939/.m2/com/google/guava/guava/25.0-jre/guava-25.0-jre.jar:/root/./workspace/molgenis/molgenis/386600939/.m2/org/apache/maven/surefire/surefire-testng-utils/2.21.0/surefire-testng-utils-2.21.0.jar:/root/./workspace/molgenis/molgenis/386600939/.m2/org/apache/maven/surefire/surefire-grouper/2.21.0/surefire-grouper-2.21.0.jar:"/>
    <property name="sun.cpu.endian" value="little"/>
    <property name="user.home" value="/root"/>
    <property name="user.language" value="en"/>
    <property name="java.specification.vendor" value="Oracle Corporation"/>
    <property name="java.home" value="/usr/lib/jvm/java-8-openjdk-amd64/jre"/>
    <property name="basedir" value="/root/workspace/molgenis/molgenis/386600939/molgenis-data-security"/>
    <property name="file.separator" value="/"/>
    <property name="checkstyle.skip" value="true"/>
    <property name="line.separator" value="&#10;"/>
    <property name="skip.npm" value="true"/>
    <property name="java.vm.specification.vendor" value="Oracle Corporation"/>
    <property name="java.specification.name" value="Java Platform API Specification"/>
    <property name="java.awt.graphicsenv" value="sun.awt.X11GraphicsEnvironment"/>
    <property name="skipITs" value="true"/>
    <property name="surefire.real.class.path" value="/root/workspace/molgenis/molgenis/386600939/molgenis-data-security/target/surefire/surefirebooter9115803043213029142.jar:/root/./workspace/molgenis/molgenis/386600939/.m2/org/jacoco/org.jacoco.agent/0.8.1/org.jacoco.agent-0.8.1-runtime.jar"/>
    <property name="cobertura.skip" value="true"/>
    <property name="sun.boot.class.path" value="/usr/lib/jvm/java-8-openjdk-amd64/jre/lib/resources.jar:/usr/lib/jvm/java-8-openjdk-amd64/jre/lib/rt.jar:/usr/lib/jvm/java-8-openjdk-amd64/jre/lib/sunrsasign.jar:/usr/lib/jvm/java-8-openjdk-amd64/jre/lib/jsse.jar:/usr/lib/jvm/java-8-openjdk-amd64/jre/lib/jce.jar:/usr/lib/jvm/java-8-openjdk-amd64/jre/lib/charsets.jar:/usr/lib/jvm/java-8-openjdk-amd64/jre/lib/jfr.jar:/usr/lib/jvm/java-8-openjdk-amd64/jre/classes"/>
    <property name="sun.management.compiler" value="HotSpot 64-Bit Tiered Compilers"/>
    <property name="java.runtime.version" value="1.8.0_121-8u121-b13-1~bpo8+1-b13"/>
    <property name="user.name" value="root"/>
    <property name="findbugs.skip" value="true"/>
    <property name="path.separator" value=":"/>
    <property name="os.version" value="3.10.0-862.2.3.el7.x86_64"/>
    <property name="java.endorsed.dirs" value="/usr/lib/jvm/java-8-openjdk-amd64/jre/lib/endorsed"/>
    <property name="java.runtime.name" value="OpenJDK Runtime Environment"/>
    <property name="file.encoding" value="UTF-8"/>
    <property name="java.vm.name" value="OpenJDK 64-Bit Server VM"/>
    <property name="localRepository" value="/root/./workspace/molgenis/molgenis/386600939/.m2"/>
    <property name="java.vendor.url.bug" value="http://bugreport.sun.com/bugreport/"/>
    <property name="java.io.tmpdir" value="/tmp"/>
    <property name="java.version" value="1.8.0_121"/>
    <property name="user.dir" value="/root/workspace/molgenis/molgenis/386600939/molgenis-data-security"/>
    <property name="os.arch" value="amd64"/>
    <property name="license.skip" value="true"/>
    <property name="java.vm.specification.name" value="Java Virtual Machine Specification"/>
    <property name="java.awt.printerjob" value="sun.print.PSPrinterJob"/>
    <property name="sun.os.patch.level" value="unknown"/>
    <property name="java.library.path" value="/usr/java/packages/lib/amd64:/usr/lib/x86_64-linux-gnu/jni:/lib/x86_64-linux-gnu:/usr/lib/x86_64-linux-gnu:/usr/lib/jni:/lib:/usr/lib"/>
    <property name="java.vm.info" value="mixed mode"/>
    <property name="java.vendor" value="Oracle Corporation"/>
    <property name="java.vm.version" value="25.121-b13"/>
    <property name="java.ext.dirs" value="/usr/lib/jvm/java-8-openjdk-amd64/jre/lib/ext:/usr/java/packages/lib/ext"/>
    <property name="sun.io.unicode.encoding" value="UnicodeLittle"/>
    <property name="maven.repo.local" value="/root/./workspace/molgenis/molgenis/386600939/.m2"/>
    <property name="enforcer.skip" value="true"/>
    <property name="java.class.version" value="52.0"/>
  </properties>
  <testcase name="testDescription" classname="org.molgenis.data.security.PackagePermissionTest" time="0.01"/>
  <testcase name="testNameEnglish" classname="org.molgenis.data.security.PackagePermissionTest" time="0"/>
  <testcase name="testGetLocalizedMessage" classname="org.molgenis.data.security.exception.EntityPermissionExceptionTest" time="0.093"/>
  <testcase name="testGetLocalizedMessage" classname="org.molgenis.data.security.exception.PackagePermissionExceptionTest" time="0.001"/>
  <testcase name="testIsExpiredExpirationDateInFuture" classname="org.molgenis.data.security.auth.TokenTest" time="0.003"/>
  <testcase name="testIsExpiredExpirationDateInPast" classname="org.molgenis.data.security.auth.TokenTest" time="0"/>
  <testcase name="testIsExpiredNoExpirationDate" classname="org.molgenis.data.security.auth.TokenTest" time="0"/>
  <testcase name="addEntity" classname="org.molgenis.data.security.auth.UserRepositoryDecoratorTest" time="0.143"/>
  <testcase name="addStream" classname="org.molgenis.data.security.auth.UserRepositoryDecoratorTest" time="0.005"/>
  <testcase name="delete" classname="org.molgenis.data.security.auth.UserRepositoryDecoratorTest" time="0"/>
  <testcase name="deleteAll" classname="org.molgenis.data.security.auth.UserRepositoryDecoratorTest" time="0"/>
  <testcase name="deleteAllStream" classname="org.molgenis.data.security.auth.UserRepositoryDecoratorTest" time="0.001"/>
  <testcase name="deleteById" classname="org.molgenis.data.security.auth.UserRepositoryDecoratorTest" time="0"/>
  <testcase name="deleteStream" classname="org.molgenis.data.security.auth.UserRepositoryDecoratorTest" time="0.001"/>
  <testcase name="testUserRepositoryDecorator" classname="org.molgenis.data.security.auth.UserRepositoryDecoratorTest" time="0"/>
  <testcase name="updateStream" classname="org.molgenis.data.security.auth.UserRepositoryDecoratorTest" time="0.005"/>
  <testcase name="updateStreamUnchangedPassword" classname="org.molgenis.data.security.auth.UserRepositoryDecoratorTest" time="0.002"/>
  <testcase name="testGetSystemAttributeCompound" classname="org.molgenis.data.security.SystemEntityTypeRegistryImplTest" time="0.331"/>
  <testcase name="testGetSystemAttributeCompoundNotExists" classname="org.molgenis.data.security.SystemEntityTypeRegistryImplTest" time="0.002"/>
  <testcase name="testGetSystemAttributeNotPermitted" classname="org.molgenis.data.security.SystemEntityTypeRegistryImplTest" time="0.002"/>
  <testcase name="testGetSystemAttributePermittedExists" classname="org.molgenis.data.security.SystemEntityTypeRegistryImplTest" time="0.001"/>
  <testcase name="testGetSystemAttributePermittedNotExists" classname="org.molgenis.data.security.SystemEntityTypeRegistryImplTest" time="0.001"/>
  <testcase name="testGetSystemEntityTypeNotExists" classname="org.molgenis.data.security.SystemEntityTypeRegistryImplTest" time="0"/>
  <testcase name="testGetSystemEntityTypeNotPermitted" classname="org.molgenis.data.security.SystemEntityTypeRegistryImplTest" time="0"/>
  <testcase name="testGetSystemEntityTypePermitted" classname="org.molgenis.data.security.SystemEntityTypeRegistryImplTest" time="0.001"/>
  <testcase name="testGetSystemEntityTypesNotPermitted" classname="org.molgenis.data.security.SystemEntityTypeRegistryImplTest" time="0.003"/>
  <testcase name="testGetSystemEntityTypesPermitted" classname="org.molgenis.data.security.SystemEntityTypeRegistryImplTest" time="0.001"/>
  <testcase name="testHasSystemAttributeNotPermitted" classname="org.molgenis.data.security.SystemEntityTypeRegistryImplTest" time="0.001"/>
  <testcase name="testHasSystemAttributePermittedExists" classname="org.molgenis.data.security.SystemEntityTypeRegistryImplTest" time="0.001"/>
  <testcase name="testHasSystemAttributePermittedNotExists" classname="org.molgenis.data.security.SystemEntityTypeRegistryImplTest" time="0.001"/>
  <testcase name="testHasSystemEntityTypeExists" classname="org.molgenis.data.security.SystemEntityTypeRegistryImplTest" time="0"/>
  <testcase name="testHasSystemEntityTypeNotExists" classname="org.molgenis.data.security.SystemEntityTypeRegistryImplTest" time="0"/>
  <testcase name="testSystemEntityTypeRegistryImpl" classname="org.molgenis.data.security.SystemEntityTypeRegistryImplTest" time="0"/>
  <testcase name="aggregateSu" classname="org.molgenis.data.security.meta.AttributeRepositorySecurityDecoratorTest" time="0.021"/>
  <testcase name="aggregateSystem" classname="org.molgenis.data.security.meta.AttributeRepositorySecurityDecoratorTest" time="0"/>
  <testcase name="aggregateUser" classname="org.molgenis.data.security.meta.AttributeRepositorySecurityDecoratorTest" time="0"/>
  <testcase name="countQuerySu" classname="org.molgenis.data.security.meta.AttributeRepositorySecurityDecoratorTest" time="0.029"/>
  <testcase name="countQuerySystem" classname="org.molgenis.data.security.meta.AttributeRepositorySecurityDecoratorTest" time="0"/>
  <testcase name="countQueryUser" classname="org.molgenis.data.security.meta.AttributeRepositorySecurityDecoratorTest" time="0.004"/>
  <testcase name="countSu" classname="org.molgenis.data.security.meta.AttributeRepositorySecurityDecoratorTest" time="0"/>
  <testcase name="countSystem" classname="org.molgenis.data.security.meta.AttributeRepositorySecurityDecoratorTest" time="0"/>
  <testcase name="countUser" classname="org.molgenis.data.security.meta.AttributeRepositorySecurityDecoratorTest" time="0.003"/>
  <testcase name="delete" classname="org.molgenis.data.security.meta.AttributeRepositorySecurityDecoratorTest" time="0.001"/>
  <testcase name="deleteStream" classname="org.molgenis.data.security.meta.AttributeRepositorySecurityDecoratorTest" time="0.071"/>
  <testcase name="deleteSystemAttribute" classname="org.molgenis.data.security.meta.AttributeRepositorySecurityDecoratorTest" time="0"/>
  <testcase name="findAllIdsFetchSu" classname="org.molgenis.data.security.meta.AttributeRepositorySecurityDecoratorTest" time="0.024"/>
  <testcase name="findAllIdsFetchSystem" classname="org.molgenis.data.security.meta.AttributeRepositorySecurityDecoratorTest" time="0.004"/>
  <testcase name="findAllIdsFetchUser" classname="org.molgenis.data.security.meta.AttributeRepositorySecurityDecoratorTest" time="0.015"/>
  <testcase name="findAllIdsSu" classname="org.molgenis.data.security.meta.AttributeRepositorySecurityDecoratorTest" time="0.001"/>
  <testcase name="findAllIdsSystem" classname="org.molgenis.data.security.meta.AttributeRepositorySecurityDecoratorTest" time="0.001"/>
  <testcase name="findAllIdsUser" classname="org.molgenis.data.security.meta.AttributeRepositorySecurityDecoratorTest" time="0.002"/>
  <testcase name="findAllQuerySu" classname="org.molgenis.data.security.meta.AttributeRepositorySecurityDecoratorTest" time="0.001"/>
  <testcase name="findAllQuerySystem" classname="org.molgenis.data.security.meta.AttributeRepositorySecurityDecoratorTest" time="0.001"/>
  <testcase name="findAllQueryUser" classname="org.molgenis.data.security.meta.AttributeRepositorySecurityDecoratorTest" time="0.003"/>
  <testcase name="findAllQueryUserOffsetLimit" classname="org.molgenis.data.security.meta.AttributeRepositorySecurityDecoratorTest" time="0.002"/>
  <testcase name="findOneByIdFetchSu" classname="org.molgenis.data.security.meta.AttributeRepositorySecurityDecoratorTest" time="0"/>
  <testcase name="findOneByIdFetchSystem" classname="org.molgenis.data.security.meta.AttributeRepositorySecurityDecoratorTest" time="0"/>
  <testcase name="findOneByIdFetchUserPermissionAllowed" classname="org.molgenis.data.security.meta.AttributeRepositorySecurityDecoratorTest" time="0.002"/>
  <testcase name="findOneByIdFetchUserPermissionDenied" classname="org.molgenis.data.security.meta.AttributeRepositorySecurityDecoratorTest" time="0"/>
  <testcase name="findOneByIdSu" classname="org.molgenis.data.security.meta.AttributeRepositorySecurityDecoratorTest" time="0"/>
  <testcase name="findOneByIdSystem" classname="org.molgenis.data.security.meta.AttributeRepositorySecurityDecoratorTest" time="0"/>
  <testcase name="findOneByIdUserPermissionAllowed" classname="org.molgenis.data.security.meta.AttributeRepositorySecurityDecoratorTest" time="0"/>
  <testcase name="findOneByIdUserPermissionAllowedAttrInCompoundWithOneAttr" classname="org.molgenis.data.security.meta.AttributeRepositorySecurityDecoratorTest" time="0"/>
  <testcase name="findOneByIdUserPermissionDenied" classname="org.molgenis.data.security.meta.AttributeRepositorySecurityDecoratorTest" time="0"/>
  <testcase name="findOneQuerySu" classname="org.molgenis.data.security.meta.AttributeRepositorySecurityDecoratorTest" time="0"/>
  <testcase name="findOneQuerySystem" classname="org.molgenis.data.security.meta.AttributeRepositorySecurityDecoratorTest" time="0.001"/>
  <testcase name="findOneQueryUserPermissionAllowed" classname="org.molgenis.data.security.meta.AttributeRepositorySecurityDecoratorTest" time="0"/>
  <testcase name="findOneQueryUserPermissionDenied" classname="org.molgenis.data.security.meta.AttributeRepositorySecurityDecoratorTest" time="0.001"/>
  <testcase name="forEachBatchedSu" classname="org.molgenis.data.security.meta.AttributeRepositorySecurityDecoratorTest" time="0.01"/>
  <testcase name="forEachBatchedSystem" classname="org.molgenis.data.security.meta.AttributeRepositorySecurityDecoratorTest" time="0"/>
  <testcase name="forEachBatchedUser" classname="org.molgenis.data.security.meta.AttributeRepositorySecurityDecoratorTest" time="0.004"/>
  <testcase name="iteratorSu" classname="org.molgenis.data.security.meta.AttributeRepositorySecurityDecoratorTest" time="0"/>
  <testcase name="iteratorSystem" classname="org.molgenis.data.security.meta.AttributeRepositorySecurityDecoratorTest" time="0.001"/>
  <testcase name="iteratorUser" classname="org.molgenis.data.security.meta.AttributeRepositorySecurityDecoratorTest" time="0.002"/>
  <testcase name="updateSystemEntity" classname="org.molgenis.data.security.meta.AttributeRepositorySecurityDecoratorTest" time="0"/>
  <testcase name="testAdd" classname="org.molgenis.data.security.meta.PackageRepositorySecurityDecoratorTest" time="0.015"/>
  <testcase name="testAdd1" classname="org.molgenis.data.security.meta.PackageRepositorySecurityDecoratorTest" time="0.003"/>
  <testcase name="testAddNoPermissionOnParent" classname="org.molgenis.data.security.meta.PackageRepositorySecurityDecoratorTest" time="0"/>
  <testcase name="testAddNullParent" classname="org.molgenis.data.security.meta.PackageRepositorySecurityDecoratorTest" time="0"/>
  <testcase name="testDelete" classname="org.molgenis.data.security.meta.PackageRepositorySecurityDecoratorTest" time="0.001"/>
  <testcase name="testDelete1" classname="org.molgenis.data.security.meta.PackageRepositorySecurityDecoratorTest" time="0.002"/>
  <testcase name="testDeleteAll" classname="org.molgenis.data.security.meta.PackageRepositorySecurityDecoratorTest" time="0.002"/>
  <testcase name="testDeleteAll1" classname="org.molgenis.data.security.meta.PackageRepositorySecurityDecoratorTest" time="0"/>
  <testcase name="testDeleteById" classname="org.molgenis.data.security.meta.PackageRepositorySecurityDecoratorTest" time="0.001"/>
  <testcase name="testUpdate" classname="org.molgenis.data.security.meta.PackageRepositorySecurityDecoratorTest" time="0.002"/>
  <testcase name="testUpdate1" classname="org.molgenis.data.security.meta.PackageRepositorySecurityDecoratorTest" time="0.001"/>
  <testcase name="testUpdateNoParentPermission" classname="org.molgenis.data.security.meta.PackageRepositorySecurityDecoratorTest" time="0"/>
  <testcase name="testUpdateToNullPackage" classname="org.molgenis.data.security.meta.PackageRepositorySecurityDecoratorTest" time="0.001"/>
  <testcase name="add" classname="org.molgenis.data.security.meta.EntityTypeRepositorySecurityDecoratorTest" time="0.011"/>
  <testcase name="addNoPermissionOnPack" classname="org.molgenis.data.security.meta.EntityTypeRepositorySecurityDecoratorTest" time="0"/>
  <testcase name="addNullPackage" classname="org.molgenis.data.security.meta.EntityTypeRepositorySecurityDecoratorTest" time="0.001"/>
  <testcase name="aggregateSu" classname="org.molgenis.data.security.meta.EntityTypeRepositorySecurityDecoratorTest" time="0"/>
  <testcase name="aggregateSystem" classname="org.molgenis.data.security.meta.EntityTypeRepositorySecurityDecoratorTest" time="0"/>
  <testcase name="aggregateUser" classname="org.molgenis.data.security.meta.EntityTypeRepositorySecurityDecoratorTest" time="0"/>
  <testcase name="count" classname="org.molgenis.data.security.meta.EntityTypeRepositorySecurityDecoratorTest" time="0.002"/>
  <testcase name="countQuery" classname="org.molgenis.data.security.meta.EntityTypeRepositorySecurityDecoratorTest" time="0.001"/>
  <testcase name="delete" classname="org.molgenis.data.security.meta.EntityTypeRepositorySecurityDecoratorTest" time="0.002"/>
  <testcase name="deleteNotAllowed" classname="org.molgenis.data.security.meta.EntityTypeRepositorySecurityDecoratorTest" time="0.001"/>
  <testcase name="deleteSystemEntityType" classname="org.molgenis.data.security.meta.EntityTypeRepositorySecurityDecoratorTest" time="0"/>
  <testcase name="findAllIdsFetchUser" classname="org.molgenis.data.security.meta.EntityTypeRepositorySecurityDecoratorTest" time="0.002"/>
  <testcase name="findAllQueryUser" classname="org.molgenis.data.security.meta.EntityTypeRepositorySecurityDecoratorTest" time="0.001"/>
  <testcase name="findAllQueryUserOffsetLimit" classname="org.molgenis.data.security.meta.EntityTypeRepositorySecurityDecoratorTest" time="0.001"/>
  <testcase name="findOneByIdFetchUserPermissionAllowed" classname="org.molgenis.data.security.meta.EntityTypeRepositorySecurityDecoratorTest" time="0"/>
  <testcase name="findOneByIdFetchUserPermissionDenied" classname="org.molgenis.data.security.meta.EntityTypeRepositorySecurityDecoratorTest" time="0"/>
  <testcase name="findOneByIdUserPermissionAllowed" classname="org.molgenis.data.security.meta.EntityTypeRepositorySecurityDecoratorTest" time="0"/>
  <testcase name="findOneByIdUserPermissionDenied" classname="org.molgenis.data.security.meta.EntityTypeRepositorySecurityDecoratorTest" time="0"/>
  <testcase name="findOneQueryUserPermissionAllowed" classname="org.molgenis.data.security.meta.EntityTypeRepositorySecurityDecoratorTest" time="0"/>
  <testcase name="findOneQueryUserPermissionDenied" classname="org.molgenis.data.security.meta.EntityTypeRepositorySecurityDecoratorTest" time="0.001"/>
  <testcase name="iteratorUser" classname="org.molgenis.data.security.meta.EntityTypeRepositorySecurityDecoratorTest" time="0.001"/>
  <testcase name="query" classname="org.molgenis.data.security.meta.EntityTypeRepositorySecurityDecoratorTest" time="0"/>
  <testcase name="update" classname="org.molgenis.data.security.meta.EntityTypeRepositorySecurityDecoratorTest" time="0.001"/>
  <testcase name="updateFromNullToNullPackage" classname="org.molgenis.data.security.meta.EntityTypeRepositorySecurityDecoratorTest" time="0"/>
  <testcase name="updateNoPermissionOnPack" classname="org.molgenis.data.security.meta.EntityTypeRepositorySecurityDecoratorTest" time="0.001"/>
  <testcase name="updateNotAllowed" classname="org.molgenis.data.security.meta.EntityTypeRepositorySecurityDecoratorTest" time="0.001"/>
  <testcase name="updateSystemEntityType" classname="org.molgenis.data.security.meta.EntityTypeRepositorySecurityDecoratorTest" time="0"/>
  <testcase name="updateToNullPackage" classname="org.molgenis.data.security.meta.EntityTypeRepositorySecurityDecoratorTest" time="0"/>
  <testcase name="testCreateDecoratedRepositoryRowLevelSecurityDisabled" classname="org.molgenis.data.security.owned.RowLevelSecurityRepositoryDecoratorFactoryTest" time="0.001"/>
  <testcase name="testCreateDecoratedRepositoryRowLevelSecurityEnabled" classname="org.molgenis.data.security.owned.RowLevelSecurityRepositoryDecoratorFactoryTest" time="0.001"/>
  <testcase name="testRowLevelSecurityRepositoryDecoratorFactory" classname="org.molgenis.data.security.owned.RowLevelSecurityRepositoryDecoratorFactoryTest" time="0"/>
  <testcase name="testAdd" classname="org.molgenis.data.security.owned.RowLevelSecurityRepositoryDecoratorTest" time="0.003"/>
  <testcase name="testAddStream" classname="org.molgenis.data.security.owned.RowLevelSecurityRepositoryDecoratorTest" time="0.002"/>
  <testcase name="testAggregate" classname="org.molgenis.data.security.owned.RowLevelSecurityRepositoryDecoratorTest" time="0"/>
  <testcase name="testAggregatePermissionDenied" classname="org.molgenis.data.security.owned.RowLevelSecurityRepositoryDecoratorTest" time="0"/>
  <testcase name="testCount" classname="org.molgenis.data.security.owned.RowLevelSecurityRepositoryDecoratorTest" time="0.002"/>
  <testcase name="testCountPermissionDenied" classname="org.molgenis.data.security.owned.RowLevelSecurityRepositoryDecoratorTest" time="0.001"/>
  <testcase name="testCountQuery" classname="org.molgenis.data.security.owned.RowLevelSecurityRepositoryDecoratorTest" time="0.001"/>
  <testcase name="testCountQueryPermissionDenied" classname="org.molgenis.data.security.owned.RowLevelSecurityRepositoryDecoratorTest" time="0.001"/>
  <testcase name="testDelete" classname="org.molgenis.data.security.owned.RowLevelSecurityRepositoryDecoratorTest" time="0.001"/>
  <testcase name="testDeleteAll" classname="org.molgenis.data.security.owned.RowLevelSecurityRepositoryDecoratorTest" time="0.002"/>
  <testcase name="testDeleteAllPermissionDenied" classname="org.molgenis.data.security.owned.RowLevelSecurityRepositoryDecoratorTest" time="0.001"/>
  <testcase name="testDeleteAllStream" classname="org.molgenis.data.security.owned.RowLevelSecurityRepositoryDecoratorTest" time="0.001"/>
  <testcase name="testDeleteAllStreamPermissionDenied" classname="org.molgenis.data.security.owned.RowLevelSecurityRepositoryDecoratorTest" time="0.001"/>
  <testcase name="testDeleteById" classname="org.molgenis.data.security.owned.RowLevelSecurityRepositoryDecoratorTest" time="0.001"/>
  <testcase name="testDeleteByIdPermissionDenied" classname="org.molgenis.data.security.owned.RowLevelSecurityRepositoryDecoratorTest" time="0"/>
  <testcase name="testDeletePermissionDenied" classname="org.molgenis.data.security.owned.RowLevelSecurityRepositoryDecoratorTest" time="0.001"/>
  <testcase name="testDeleteStream" classname="org.molgenis.data.security.owned.RowLevelSecurityRepositoryDecoratorTest" time="0.001"/>
  <testcase name="testDeleteStreamPermissionDenied" classname="org.molgenis.data.security.owned.RowLevelSecurityRepositoryDecoratorTest" time="0"/>
  <testcase name="testFindAllQuery" classname="org.molgenis.data.security.owned.RowLevelSecurityRepositoryDecoratorTest" time="0.001"/>
  <testcase name="testFindAllQueryPermissionDenied" classname="org.molgenis.data.security.owned.RowLevelSecurityRepositoryDecoratorTest" time="0.001"/>
  <testcase name="testFindAllStream" classname="org.molgenis.data.security.owned.RowLevelSecurityRepositoryDecoratorTest" time="0.001"/>
  <testcase name="testFindAllStreamFetch" classname="org.molgenis.data.security.owned.RowLevelSecurityRepositoryDecoratorTest" time="0.001"/>
  <testcase name="testFindAllStreamFetchPermissionDenied" classname="org.molgenis.data.security.owned.RowLevelSecurityRepositoryDecoratorTest" time="0.002"/>
  <testcase name="testFindAllStreamPermissionDenied" classname="org.molgenis.data.security.owned.RowLevelSecurityRepositoryDecoratorTest" time="0"/>
  <testcase name="testFindOne" classname="org.molgenis.data.security.owned.RowLevelSecurityRepositoryDecoratorTest" time="0.001"/>
  <testcase name="testFindOneById" classname="org.molgenis.data.security.owned.RowLevelSecurityRepositoryDecoratorTest" time="0"/>
  <testcase name="testFindOneByIdFetch" classname="org.molgenis.data.security.owned.RowLevelSecurityRepositoryDecoratorTest" time="0"/>
  <testcase name="testFindOneByIdFetchPermissionDenied" classname="org.molgenis.data.security.owned.RowLevelSecurityRepositoryDecoratorTest" time="0.001"/>
  <testcase name="testFindOneByIdPermissionDenied" classname="org.molgenis.data.security.owned.RowLevelSecurityRepositoryDecoratorTest" time="0"/>
  <testcase name="testFindOnePermissionDenied" classname="org.molgenis.data.security.owned.RowLevelSecurityRepositoryDecoratorTest" time="0.001"/>
  <testcase name="testForEachBatched" classname="org.molgenis.data.security.owned.RowLevelSecurityRepositoryDecoratorTest" time="0.002"/>
  <testcase name="testForEachBatchedPermissionDenied" classname="org.molgenis.data.security.owned.RowLevelSecurityRepositoryDecoratorTest" time="0.001"/>
  <testcase name="testIterator" classname="org.molgenis.data.security.owned.RowLevelSecurityRepositoryDecoratorTest" time="0.001"/>
  <testcase name="testIteratorPermissionDenied" classname="org.molgenis.data.security.owned.RowLevelSecurityRepositoryDecoratorTest" time="0.001"/>
  <testcase name="testRowLevelSecurityRepositoryDecorator" classname="org.molgenis.data.security.owned.RowLevelSecurityRepositoryDecoratorTest" time="0"/>
  <testcase name="testUpdate" classname="org.molgenis.data.security.owned.RowLevelSecurityRepositoryDecoratorTest" time="0.001"/>
  <testcase name="testUpdatePermissionDenied" classname="org.molgenis.data.security.owned.RowLevelSecurityRepositoryDecoratorTest" time="0.001"/>
  <testcase name="testUpdateStream" classname="org.molgenis.data.security.owned.RowLevelSecurityRepositoryDecoratorTest" time="0.001"/>
  <testcase name="testUpdateStreamPermissionDenied" classname="org.molgenis.data.security.owned.RowLevelSecurityRepositoryDecoratorTest" time="0"/>
  <testcase name="aggregateNoThreshold" classname="org.molgenis.data.security.aggregation.AggregateAnonymizerRepositoryDecoratorTest" time="0.001"/>
  <testcase name="aggregateThreshold" classname="org.molgenis.data.security.aggregation.AggregateAnonymizerRepositoryDecoratorTest" time="0.012"/>
  <testcase name="anonymize" classname="org.molgenis.data.security.aggregation.AggregateAnonymizerImplTest" time="0.004"/>
  <testcase name="testToIdType" classname="org.molgenis.data.security.EntityIdentityUtilsTest" time="0.001"/>
  <testcase name="testToIdType" classname="org.molgenis.data.security.EntityIdentityUtilsTest" time="0"/>
  <testcase name="testToIdType" classname="org.molgenis.data.security.EntityIdentityUtilsTest" time="0"/>
  <testcase name="testToIdType" classname="org.molgenis.data.security.EntityIdentityUtilsTest" time="0.001"/>
  <testcase name="testToIdType" classname="org.molgenis.data.security.EntityIdentityUtilsTest" time="0"/>
  <testcase name="testToTypeEntityType" classname="org.molgenis.data.security.EntityIdentityUtilsTest" time="0"/>
  <testcase name="testToTypeString" classname="org.molgenis.data.security.EntityIdentityUtilsTest" time="0"/>
  <testcase name="MolgenisUserServiceImpl" classname="org.molgenis.data.security.user.UserServiceImplTest" time="0"/>
  <testcase name="getUser" classname="org.molgenis.data.security.user.UserServiceImplTest" time="0.001"/>
  <testcase name="testAddPermissionDenied" classname="org.molgenis.data.security.RepositorySecurityDecoratorTest" time="0.001"/>
  <testcase name="testAddPermissionGranted" classname="org.molgenis.data.security.RepositorySecurityDecoratorTest" time="0.001"/>
  <testcase name="testAddStreamPermissionDenied" classname="org.molgenis.data.security.RepositorySecurityDecoratorTest" time="0.001"/>
  <testcase name="testAddStreamPermissionGranted" classname="org.molgenis.data.security.RepositorySecurityDecoratorTest" time="0"/>
  <testcase name="testAggregatePermissionDenied" classname="org.molgenis.data.security.RepositorySecurityDecoratorTest" time="0"/>
  <testcase name="testAggregatePermissionGranted" classname="org.molgenis.data.security.RepositorySecurityDecoratorTest" time="0"/>
  <testcase name="testCloseNoPermissionsNeeded" classname="org.molgenis.data.security.RepositorySecurityDecoratorTest" time="0"/>
  <testcase name="testCountPermissionDenied" classname="org.molgenis.data.security.RepositorySecurityDecoratorTest" time="0.001"/>
  <testcase name="testCountPermissionGranted" classname="org.molgenis.data.security.RepositorySecurityDecoratorTest" time="0.001"/>
  <testcase name="testCountQueryPermissionDenied" classname="org.molgenis.data.security.RepositorySecurityDecoratorTest" time="0"/>
  <testcase name="testCountQueryPermissionGranted" classname="org.molgenis.data.security.RepositorySecurityDecoratorTest" time="0"/>
  <testcase name="testDeleteAllPermissionDenied" classname="org.molgenis.data.security.RepositorySecurityDecoratorTest" time="0"/>
  <testcase name="testDeleteAllPermissionGranted" classname="org.molgenis.data.security.RepositorySecurityDecoratorTest" time="0"/>
  <testcase name="testDeleteAllStreamPermissionDenied" classname="org.molgenis.data.security.RepositorySecurityDecoratorTest" time="0.001"/>
  <testcase name="testDeleteAllStreamPermissionGranted" classname="org.molgenis.data.security.RepositorySecurityDecoratorTest" time="0.001"/>
  <testcase name="testDeleteByIdPermissionDenied" classname="org.molgenis.data.security.RepositorySecurityDecoratorTest" time="0.001"/>
  <testcase name="testDeleteByIdPermissionGranted" classname="org.molgenis.data.security.RepositorySecurityDecoratorTest" time="0"/>
  <testcase name="testDeletePermissionDenied" classname="org.molgenis.data.security.RepositorySecurityDecoratorTest" time="0"/>
  <testcase name="testDeletePermissionGranted" classname="org.molgenis.data.security.RepositorySecurityDecoratorTest" time="0"/>
  <testcase name="testDeleteStreamPermissionDenied" classname="org.molgenis.data.security.RepositorySecurityDecoratorTest" time="0"/>
  <testcase name="testDeleteStreamPermissionGranted" classname="org.molgenis.data.security.RepositorySecurityDecoratorTest" time="0.001"/>
  <testcase name="testFindAllQueryPermissionDenied" classname="org.molgenis.data.security.RepositorySecurityDecoratorTest" time="0.001"/>
  <testcase name="testFindAllQueryPermissionGranted" classname="org.molgenis.data.security.RepositorySecurityDecoratorTest" time="0.001"/>
  <testcase name="testFindAllStreamFetchPermissionDenied" classname="org.molgenis.data.security.RepositorySecurityDecoratorTest" time="0.001"/>
  <testcase name="testFindAllStreamFetchPermissionGranted" classname="org.molgenis.data.security.RepositorySecurityDecoratorTest" time="0"/>
  <testcase name="testFindAllStreamPermissionDenied" classname="org.molgenis.data.security.RepositorySecurityDecoratorTest" time="0"/>
  <testcase name="testFindAllStreamPermissionGranted" classname="org.molgenis.data.security.RepositorySecurityDecoratorTest" time="0"/>
  <testcase name="testFindOneByIdFetchPermissionDenied" classname="org.molgenis.data.security.RepositorySecurityDecoratorTest" time="0"/>
  <testcase name="testFindOneByIdFetchPermissionGranted" classname="org.molgenis.data.security.RepositorySecurityDecoratorTest" time="0"/>
  <testcase name="testFindOneByIdPermissionDenied" classname="org.molgenis.data.security.RepositorySecurityDecoratorTest" time="0"/>
  <testcase name="testFindOneByIdPermissionGranted" classname="org.molgenis.data.security.RepositorySecurityDecoratorTest" time="0"/>
  <testcase name="testFindOneQueryPermissionDenied" classname="org.molgenis.data.security.RepositorySecurityDecoratorTest" time="0.001"/>
  <testcase name="testFindOneQueryPermissionGranted" classname="org.molgenis.data.security.RepositorySecurityDecoratorTest" time="0.001"/>
  <testcase name="testForEachBatchedPermissionDenied" classname="org.molgenis.data.security.RepositorySecurityDecoratorTest" time="0"/>
  <testcase name="testForEachBatchedPermissionGranted" classname="org.molgenis.data.security.RepositorySecurityDecoratorTest" time="0"/>
  <testcase name="testIteratorPermissionDenied" classname="org.molgenis.data.security.RepositorySecurityDecoratorTest" time="0"/>
  <testcase name="testIteratorPermissionGranted" classname="org.molgenis.data.security.RepositorySecurityDecoratorTest" time="0"/>
  <testcase name="testRepositorySecurityDecorator" classname="org.molgenis.data.security.RepositorySecurityDecoratorTest" time="0"/>
  <testcase name="testUpdatePermissionDenied" classname="org.molgenis.data.security.RepositorySecurityDecoratorTest" time="0"/>
  <testcase name="testUpdatePermissionGranted" classname="org.molgenis.data.security.RepositorySecurityDecoratorTest" time="0"/>
  <testcase name="testUpdateStreamPermissionDenied" classname="org.molgenis.data.security.RepositorySecurityDecoratorTest" time="0.001"/>
  <testcase name="testUpdateStreamPermissionGranted" classname="org.molgenis.data.security.RepositorySecurityDecoratorTest" time="0.001"/>
</testsuite>