<?xml version="1.0" encoding="UTF-8"?>
<testsuite xmlns:xsi="http://www.w3.org/2001/XMLSchema-instance" xsi:noNamespaceSchemaLocation="https://maven.apache.org/surefire/maven-surefire-plugin/xsd/surefire-test-report.xsd" name="org.kitodo.mediaserver.ui.users.UserControllerTest" time="6.875" tests="7" errors="7" skipped="0" failures="0">
  <properties>
    <property name="awt.toolkit" value="sun.awt.X11.XToolkit"/>
    <property name="file.encoding.pkg" value="sun.io"/>
    <property name="java.specification.version" value="1.8"/>
    <property name="sun.cpu.isalist" value=""/>
    <property name="sun.jnu.encoding" value="UTF-8"/>
    <property name="java.class.path" value="/root/workspace/ponchofiesta/kitodo-mediaserver/385755653/kitodo-mediaserver-ui/target/test-classes:/root/workspace/ponchofiesta/kitodo-mediaserver/385755653/kitodo-mediaserver-ui/target/classes:/root/workspace/ponchofiesta/kitodo-mediaserver/385755653/kitodo-mediaserver-core/target/classes:/root/./workspace/ponchofiesta/kitodo-mediaserver/385755653/.m2/org/springframework/boot/spring-boot-starter-data-jpa/2.0.0.RELEASE/spring-boot-starter-data-jpa-2.0.0.RELEASE.jar:/root/./workspace/ponchofiesta/kitodo-mediaserver/385755653/.m2/org/springframework/boot/spring-boot-starter-aop/2.0.0.RELEASE/spring-boot-starter-aop-2.0.0.RELEASE.jar:/root/./workspace/ponchofiesta/kitodo-mediaserver/385755653/.m2/org/aspectj/aspectjweaver/1.8.13/aspectjweaver-1.8.13.jar:/root/./workspace/ponchofiesta/kitodo-mediaserver/385755653/.m2/org/springframework/boot/spring-boot-starter-jdbc/2.0.0.RELEASE/spring-boot-starter-jdbc-2.0.0.RELEASE.jar:/root/./workspace/ponchofiesta/kitodo-mediaserver/385755653/.m2/com/zaxxer/HikariCP/2.7.8/HikariCP-2.7.8.jar:/root/./workspace/ponchofiesta/kitodo-mediaserver/385755653/.m2/org/springframework/spring-jdbc/5.0.4.RELEASE/spring-jdbc-5.0.4.RELEASE.jar:/root/./workspace/ponchofiesta/kitodo-mediaserver/385755653/.m2/org/hibernate/hibernate-core/5.2.14.Final/hibernate-core-5.2.14.Final.jar:/root/./workspace/ponchofiesta/kitodo-mediaserver/385755653/.m2/org/hibernate/javax/persistence/hibernate-jpa-2.1-api/1.0.0.Final/hibernate-jpa-2.1-api-1.0.0.Final.jar:/root/./workspace/ponchofiesta/kitodo-mediaserver/385755653/.m2/org/javassist/javassist/3.22.0-GA/javassist-3.22.0-GA.jar:/root/./workspace/ponchofiesta/kitodo-mediaserver/385755653/.m2/antlr/antlr/2.7.7/antlr-2.7.7.jar:/root/./workspace/ponchofiesta/kitodo-mediaserver/385755653/.m2/org/jboss/jandex/2.0.3.Final/jandex-2.0.3.Final.jar:/root/./workspace/ponchofiesta/kitodo-mediaserver/385755653/.m2/dom4j/dom4j/1.6.1/dom4j-1.6.1.jar:/root/./workspace/ponchofiesta/kitodo-mediaserver/385755653/.m2/org/hibernate/common/hibernate-commons-annotations/5.0.1.Final/hibernate-commons-annotations-5.0.1.Final.jar:/root/./workspace/ponchofiesta/kitodo-mediaserver/385755653/.m2/javax/transaction/javax.transaction-api/1.2/javax.transaction-api-1.2.jar:/root/./workspace/ponchofiesta/kitodo-mediaserver/385755653/.m2/org/springframework/data/spring-data-jpa/2.0.5.RELEASE/spring-data-jpa-2.0.5.RELEASE.jar:/root/./workspace/ponchofiesta/kitodo-mediaserver/385755653/.m2/org/springframework/data/spring-data-commons/2.0.5.RELEASE/spring-data-commons-2.0.5.RELEASE.jar:/root/./workspace/ponchofiesta/kitodo-mediaserver/385755653/.m2/org/springframework/spring-orm/5.0.4.RELEASE/spring-orm-5.0.4.RELEASE.jar:/root/./workspace/ponchofiesta/kitodo-mediaserver/385755653/.m2/org/springframework/spring-tx/5.0.4.RELEASE/spring-tx-5.0.4.RELEASE.jar:/root/./workspace/ponchofiesta/kitodo-mediaserver/385755653/.m2/org/springframework/spring-aspects/5.0.4.RELEASE/spring-aspects-5.0.4.RELEASE.jar:/root/./workspace/ponchofiesta/kitodo-mediaserver/385755653/.m2/com/h2database/h2/1.4.196/h2-1.4.196.jar:/root/./workspace/ponchofiesta/kitodo-mediaserver/385755653/.m2/mysql/mysql-connector-java/5.1.45/mysql-connector-java-5.1.45.jar:/root/./workspace/ponchofiesta/kitodo-mediaserver/385755653/.m2/org/springframework/spring-web/5.0.4.RELEASE/spring-web-5.0.4.RELEASE.jar:/root/./workspace/ponchofiesta/kitodo-mediaserver/385755653/.m2/org/springframework/spring-beans/5.0.4.RELEASE/spring-beans-5.0.4.RELEASE.jar:/root/./workspace/ponchofiesta/kitodo-mediaserver/385755653/.m2/org/hibernate/validator/hibernate-validator/6.0.7.Final/hibernate-validator-6.0.7.Final.jar:/root/./workspace/ponchofiesta/kitodo-mediaserver/385755653/.m2/javax/validation/validation-api/2.0.1.Final/validation-api-2.0.1.Final.jar:/root/./workspace/ponchofiesta/kitodo-mediaserver/385755653/.m2/org/jboss/logging/jboss-logging/3.3.2.Final/jboss-logging-3.3.2.Final.jar:/root/./workspace/ponchofiesta/kitodo-mediaserver/385755653/.m2/com/fasterxml/classmate/1.3.4/classmate-1.3.4.jar:/root/./workspace/ponchofiesta/kitodo-mediaserver/385755653/.m2/commons-lang/commons-lang/2.6/commons-lang-2.6.jar:/root/./workspace/ponchofiesta/kitodo-mediaserver/385755653/.m2/commons-io/commons-io/2.6/commons-io-2.6.jar:/root/./workspace/ponchofiesta/kitodo-mediaserver/385755653/.m2/org/im4java/im4java/1.4.0/im4java-1.4.0.jar:/root/./workspace/ponchofiesta/kitodo-mediaserver/385755653/.m2/org/springframework/boot/spring-boot-starter-web/2.0.0.RELEASE/spring-boot-starter-web-2.0.0.RELEASE.jar:/root/./workspace/ponchofiesta/kitodo-mediaserver/385755653/.m2/org/springframework/boot/spring-boot-starter/2.0.0.RELEASE/spring-boot-starter-2.0.0.RELEASE.jar:/root/./workspace/ponchofiesta/kitodo-mediaserver/385755653/.m2/org/springframework/boot/spring-boot-starter-logging/2.0.0.RELEASE/spring-boot-starter-logging-2.0.0.RELEASE.jar:/root/./workspace/ponchofiesta/kitodo-mediaserver/385755653/.m2/ch/qos/logback/logback-classic/1.2.3/logback-classic-1.2.3.jar:/root/./workspace/ponchofiesta/kitodo-mediaserver/385755653/.m2/ch/qos/logback/logback-core/1.2.3/logback-core-1.2.3.jar:/root/./workspace/ponchofiesta/kitodo-mediaserver/385755653/.m2/org/apache/logging/log4j/log4j-to-slf4j/2.10.0/log4j-to-slf4j-2.10.0.jar:/root/./workspace/ponchofiesta/kitodo-mediaserver/385755653/.m2/org/apache/logging/log4j/log4j-api/2.10.0/log4j-api-2.10.0.jar:/root/./workspace/ponchofiesta/kitodo-mediaserver/385755653/.m2/org/slf4j/jul-to-slf4j/1.7.25/jul-to-slf4j-1.7.25.jar:/root/./workspace/ponchofiesta/kitodo-mediaserver/385755653/.m2/org/yaml/snakeyaml/1.19/snakeyaml-1.19.jar:/root/./workspace/ponchofiesta/kitodo-mediaserver/385755653/.m2/org/springframework/boot/spring-boot-starter-json/2.0.0.RELEASE/spring-boot-starter-json-2.0.0.RELEASE.jar:/root/./workspace/ponchofiesta/kitodo-mediaserver/385755653/.m2/com/fasterxml/jackson/core/jackson-databind/2.9.4/jackson-databind-2.9.4.jar:/root/./workspace/ponchofiesta/kitodo-mediaserver/385755653/.m2/com/fasterxml/jackson/core/jackson-annotations/2.9.0/jackson-annotations-2.9.0.jar:/root/./workspace/ponchofiesta/kitodo-mediaserver/385755653/.m2/com/fasterxml/jackson/core/jackson-core/2.9.4/jackson-core-2.9.4.jar:/root/./workspace/ponchofiesta/kitodo-mediaserver/385755653/.m2/com/fasterxml/jackson/datatype/jackson-datatype-jdk8/2.9.4/jackson-datatype-jdk8-2.9.4.jar:/root/./workspace/ponchofiesta/kitodo-mediaserver/385755653/.m2/com/fasterxml/jackson/datatype/jackson-datatype-jsr310/2.9.4/jackson-datatype-jsr310-2.9.4.jar:/root/./workspace/ponchofiesta/kitodo-mediaserver/385755653/.m2/com/fasterxml/jackson/module/jackson-module-parameter-names/2.9.4/jackson-module-parameter-names-2.9.4.jar:/root/./workspace/ponchofiesta/kitodo-mediaserver/385755653/.m2/org/springframework/spring-webmvc/5.0.4.RELEASE/spring-webmvc-5.0.4.RELEASE.jar:/root/./workspace/ponchofiesta/kitodo-mediaserver/385755653/.m2/org/springframework/spring-context/5.0.4.RELEASE/spring-context-5.0.4.RELEASE.jar:/root/./workspace/ponchofiesta/kitodo-mediaserver/385755653/.m2/org/springframework/spring-expression/5.0.4.RELEASE/spring-expression-5.0.4.RELEASE.jar:/root/./workspace/ponchofiesta/kitodo-mediaserver/385755653/.m2/org/springframework/boot/spring-boot-starter-tomcat/2.0.0.RELEASE/spring-boot-starter-tomcat-2.0.0.RELEASE.jar:/root/./workspace/ponchofiesta/kitodo-mediaserver/385755653/.m2/javax/annotation/javax.annotation-api/1.3.2/javax.annotation-api-1.3.2.jar:/root/./workspace/ponchofiesta/kitodo-mediaserver/385755653/.m2/org/apache/tomcat/embed/tomcat-embed-core/8.5.28/tomcat-embed-core-8.5.28.jar:/root/./workspace/ponchofiesta/kitodo-mediaserver/385755653/.m2/org/apache/tomcat/embed/tomcat-embed-el/8.5.28/tomcat-embed-el-8.5.28.jar:/root/./workspace/ponchofiesta/kitodo-mediaserver/385755653/.m2/org/apache/tomcat/embed/tomcat-embed-websocket/8.5.28/tomcat-embed-websocket-8.5.28.jar:/root/./workspace/ponchofiesta/kitodo-mediaserver/385755653/.m2/org/springframework/boot/spring-boot-starter-thymeleaf/2.0.0.RELEASE/spring-boot-starter-thymeleaf-2.0.0.RELEASE.jar:/root/./workspace/ponchofiesta/kitodo-mediaserver/385755653/.m2/org/thymeleaf/thymeleaf-spring5/3.0.9.RELEASE/thymeleaf-spring5-3.0.9.RELEASE.jar:/root/./workspace/ponchofiesta/kitodo-mediaserver/385755653/.m2/org/thymeleaf/thymeleaf/3.0.9.RELEASE/thymeleaf-3.0.9.RELEASE.jar:/root/./workspace/ponchofiesta/kitodo-mediaserver/385755653/.m2/org/attoparser/attoparser/2.0.4.RELEASE/attoparser-2.0.4.RELEASE.jar:/root/./workspace/ponchofiesta/kitodo-mediaserver/385755653/.m2/org/unbescape/unbescape/1.1.5.RELEASE/unbescape-1.1.5.RELEASE.jar:/root/./workspace/ponchofiesta/kitodo-mediaserver/385755653/.m2/org/slf4j/slf4j-api/1.7.25/slf4j-api-1.7.25.jar:/root/./workspace/ponchofiesta/kitodo-mediaserver/385755653/.m2/org/thymeleaf/extras/thymeleaf-extras-java8time/3.0.1.RELEASE/thymeleaf-extras-java8time-3.0.1.RELEASE.jar:/root/./workspace/ponchofiesta/kitodo-mediaserver/385755653/.m2/org/springframework/boot/spring-boot-starter-security/2.0.0.RELEASE/spring-boot-starter-security-2.0.0.RELEASE.jar:/root/./workspace/ponchofiesta/kitodo-mediaserver/385755653/.m2/org/springframework/spring-aop/5.0.4.RELEASE/spring-aop-5.0.4.RELEASE.jar:/root/./workspace/ponchofiesta/kitodo-mediaserver/385755653/.m2/org/springframework/security/spring-security-config/5.0.3.RELEASE/spring-security-config-5.0.3.RELEASE.jar:/root/./workspace/ponchofiesta/kitodo-mediaserver/385755653/.m2/org/springframework/security/spring-security-web/5.0.3.RELEASE/spring-security-web-5.0.3.RELEASE.jar:/root/./workspace/ponchofiesta/kitodo-mediaserver/385755653/.m2/org/springframework/boot/spring-boot-devtools/2.0.0.RELEASE/spring-boot-devtools-2.0.0.RELEASE.jar:/root/./workspace/ponchofiesta/kitodo-mediaserver/385755653/.m2/org/springframework/boot/spring-boot/2.0.0.RELEASE/spring-boot-2.0.0.RELEASE.jar:/root/./workspace/ponchofiesta/kitodo-mediaserver/385755653/.m2/org/springframework/boot/spring-boot-autoconfigure/2.0.0.RELEASE/spring-boot-autoconfigure-2.0.0.RELEASE.jar:/root/./workspace/ponchofiesta/kitodo-mediaserver/385755653/.m2/org/springframework/boot/spring-boot-starter-test/2.0.0.RELEASE/spring-boot-starter-test-2.0.0.RELEASE.jar:/root/./workspace/ponchofiesta/kitodo-mediaserver/385755653/.m2/org/springframework/boot/spring-boot-test/2.0.0.RELEASE/spring-boot-test-2.0.0.RELEASE.jar:/root/./workspace/ponchofiesta/kitodo-mediaserver/385755653/.m2/org/springframework/boot/spring-boot-test-autoconfigure/2.0.0.RELEASE/spring-boot-test-autoconfigure-2.0.0.RELEASE.jar:/root/./workspace/ponchofiesta/kitodo-mediaserver/385755653/.m2/com/jayway/jsonpath/json-path/2.4.0/json-path-2.4.0.jar:/root/./workspace/ponchofiesta/kitodo-mediaserver/385755653/.m2/net/minidev/json-smart/2.3/json-smart-2.3.jar:/root/./workspace/ponchofiesta/kitodo-mediaserver/385755653/.m2/net/minidev/accessors-smart/1.2/accessors-smart-1.2.jar:/root/./workspace/ponchofiesta/kitodo-mediaserver/385755653/.m2/org/ow2/asm/asm/5.0.4/asm-5.0.4.jar:/root/./workspace/ponchofiesta/kitodo-mediaserver/385755653/.m2/junit/junit/4.12/junit-4.12.jar:/root/./workspace/ponchofiesta/kitodo-mediaserver/385755653/.m2/org/assertj/assertj-core/3.9.1/assertj-core-3.9.1.jar:/root/./workspace/ponchofiesta/kitodo-mediaserver/385755653/.m2/org/mockito/mockito-core/2.15.0/mockito-core-2.15.0.jar:/root/./workspace/ponchofiesta/kitodo-mediaserver/385755653/.m2/net/bytebuddy/byte-buddy/1.7.10/byte-buddy-1.7.10.jar:/root/./workspace/ponchofiesta/kitodo-mediaserver/385755653/.m2/net/bytebuddy/byte-buddy-agent/1.7.10/byte-buddy-agent-1.7.10.jar:/root/./workspace/ponchofiesta/kitodo-mediaserver/385755653/.m2/org/objenesis/objenesis/2.6/objenesis-2.6.jar:/root/./workspace/ponchofiesta/kitodo-mediaserver/385755653/.m2/org/hamcrest/hamcrest-core/1.3/hamcrest-core-1.3.jar:/root/./workspace/ponchofiesta/kitodo-mediaserver/385755653/.m2/org/hamcrest/hamcrest-library/1.3/hamcrest-library-1.3.jar:/root/./workspace/ponchofiesta/kitodo-mediaserver/385755653/.m2/org/skyscreamer/jsonassert/1.5.0/jsonassert-1.5.0.jar:/root/./workspace/ponchofiesta/kitodo-mediaserver/385755653/.m2/com/vaadin/external/google/android-json/0.0.20131108.vaadin1/android-json-0.0.20131108.vaadin1.jar:/root/./workspace/ponchofiesta/kitodo-mediaserver/385755653/.m2/org/springframework/spring-core/5.0.4.RELEASE/spring-core-5.0.4.RELEASE.jar:/root/./workspace/ponchofiesta/kitodo-mediaserver/385755653/.m2/org/springframework/spring-jcl/5.0.4.RELEASE/spring-jcl-5.0.4.RELEASE.jar:/root/./workspace/ponchofiesta/kitodo-mediaserver/385755653/.m2/org/springframework/spring-test/5.0.4.RELEASE/spring-test-5.0.4.RELEASE.jar:/root/./workspace/ponchofiesta/kitodo-mediaserver/385755653/.m2/org/xmlunit/xmlunit-core/2.5.1/xmlunit-core-2.5.1.jar:/root/./workspace/ponchofiesta/kitodo-mediaserver/385755653/.m2/org/springframework/security/spring-security-test/5.0.3.RELEASE/spring-security-test-5.0.3.RELEASE.jar:/root/./workspace/ponchofiesta/kitodo-mediaserver/385755653/.m2/org/springframework/security/spring-security-core/5.0.3.RELEASE/spring-security-core-5.0.3.RELEASE.jar:"/>
    <property name="java.vm.vendor" value="Oracle Corporation"/>
    <property name="skip.bower" value="true"/>
    <property name="sun.arch.data.model" value="64"/>
    <property name="java.vendor.url" value="http://java.oracle.com/"/>
    <property name="user.timezone" value=""/>
    <property name="java.vm.specification.version" value="1.8"/>
    <property name="os.name" value="Linux"/>
    <property name="rat.skip" value="true"/>
    <property name="gpg.skip" value="true"/>
    <property name="sun.java.launcher" value="SUN_STANDARD"/>
    <property name="sun.boot.library.path" value="/usr/lib/jvm/java-8-openjdk-amd64/jre/lib/amd64"/>
    <property name="skip.gulp" value="true"/>
    <property name="sun.java.command" value="/root/workspace/ponchofiesta/kitodo-mediaserver/385755653/kitodo-mediaserver-ui/target/surefire/surefirebooter3397886136263084733.jar /root/workspace/ponchofiesta/kitodo-mediaserver/385755653/kitodo-mediaserver-ui/target/surefire 2018-05-30T17-45-08_059-jvmRun1 surefire369011844072065186tmp surefire_26995500003304951418tmp"/>
    <property name="dependency-check.skip" value="true"/>
    <property name="surefire.test.class.path" value="/root/workspace/ponchofiesta/kitodo-mediaserver/385755653/kitodo-mediaserver-ui/target/test-classes:/root/workspace/ponchofiesta/kitodo-mediaserver/385755653/kitodo-mediaserver-ui/target/classes:/root/workspace/ponchofiesta/kitodo-mediaserver/385755653/kitodo-mediaserver-core/target/classes:/root/./workspace/ponchofiesta/kitodo-mediaserver/385755653/.m2/org/springframework/boot/spring-boot-starter-data-jpa/2.0.0.RELEASE/spring-boot-starter-data-jpa-2.0.0.RELEASE.jar:/root/./workspace/ponchofiesta/kitodo-mediaserver/385755653/.m2/org/springframework/boot/spring-boot-starter-aop/2.0.0.RELEASE/spring-boot-starter-aop-2.0.0.RELEASE.jar:/root/./workspace/ponchofiesta/kitodo-mediaserver/385755653/.m2/org/aspectj/aspectjweaver/1.8.13/aspectjweaver-1.8.13.jar:/root/./workspace/ponchofiesta/kitodo-mediaserver/385755653/.m2/org/springframework/boot/spring-boot-starter-jdbc/2.0.0.RELEASE/spring-boot-starter-jdbc-2.0.0.RELEASE.jar:/root/./workspace/ponchofiesta/kitodo-mediaserver/385755653/.m2/com/zaxxer/HikariCP/2.7.8/HikariCP-2.7.8.jar:/root/./workspace/ponchofiesta/kitodo-mediaserver/385755653/.m2/org/springframework/spring-jdbc/5.0.4.RELEASE/spring-jdbc-5.0.4.RELEASE.jar:/root/./workspace/ponchofiesta/kitodo-mediaserver/385755653/.m2/org/hibernate/hibernate-core/5.2.14.Final/hibernate-core-5.2.14.Final.jar:/root/./workspace/ponchofiesta/kitodo-mediaserver/385755653/.m2/org/hibernate/javax/persistence/hibernate-jpa-2.1-api/1.0.0.Final/hibernate-jpa-2.1-api-1.0.0.Final.jar:/root/./workspace/ponchofiesta/kitodo-mediaserver/385755653/.m2/org/javassist/javassist/3.22.0-GA/javassist-3.22.0-GA.jar:/root/./workspace/ponchofiesta/kitodo-mediaserver/385755653/.m2/antlr/antlr/2.7.7/antlr-2.7.7.jar:/root/./workspace/ponchofiesta/kitodo-mediaserver/385755653/.m2/org/jboss/jandex/2.0.3.Final/jandex-2.0.3.Final.jar:/root/./workspace/ponchofiesta/kitodo-mediaserver/385755653/.m2/dom4j/dom4j/1.6.1/dom4j-1.6.1.jar:/root/./workspace/ponchofiesta/kitodo-mediaserver/385755653/.m2/org/hibernate/common/hibernate-commons-annotations/5.0.1.Final/hibernate-commons-annotations-5.0.1.Final.jar:/root/./workspace/ponchofiesta/kitodo-mediaserver/385755653/.m2/javax/transaction/javax.transaction-api/1.2/javax.transaction-api-1.2.jar:/root/./workspace/ponchofiesta/kitodo-mediaserver/385755653/.m2/org/springframework/data/spring-data-jpa/2.0.5.RELEASE/spring-data-jpa-2.0.5.RELEASE.jar:/root/./workspace/ponchofiesta/kitodo-mediaserver/385755653/.m2/org/springframework/data/spring-data-commons/2.0.5.RELEASE/spring-data-commons-2.0.5.RELEASE.jar:/root/./workspace/ponchofiesta/kitodo-mediaserver/385755653/.m2/org/springframework/spring-orm/5.0.4.RELEASE/spring-orm-5.0.4.RELEASE.jar:/root/./workspace/ponchofiesta/kitodo-mediaserver/385755653/.m2/org/springframework/spring-tx/5.0.4.RELEASE/spring-tx-5.0.4.RELEASE.jar:/root/./workspace/ponchofiesta/kitodo-mediaserver/385755653/.m2/org/springframework/spring-aspects/5.0.4.RELEASE/spring-aspects-5.0.4.RELEASE.jar:/root/./workspace/ponchofiesta/kitodo-mediaserver/385755653/.m2/com/h2database/h2/1.4.196/h2-1.4.196.jar:/root/./workspace/ponchofiesta/kitodo-mediaserver/385755653/.m2/mysql/mysql-connector-java/5.1.45/mysql-connector-java-5.1.45.jar:/root/./workspace/ponchofiesta/kitodo-mediaserver/385755653/.m2/org/springframework/spring-web/5.0.4.RELEASE/spring-web-5.0.4.RELEASE.jar:/root/./workspace/ponchofiesta/kitodo-mediaserver/385755653/.m2/org/springframework/spring-beans/5.0.4.RELEASE/spring-beans-5.0.4.RELEASE.jar:/root/./workspace/ponchofiesta/kitodo-mediaserver/385755653/.m2/org/hibernate/validator/hibernate-validator/6.0.7.Final/hibernate-validator-6.0.7.Final.jar:/root/./workspace/ponchofiesta/kitodo-mediaserver/385755653/.m2/javax/validation/validation-api/2.0.1.Final/validation-api-2.0.1.Final.jar:/root/./workspace/ponchofiesta/kitodo-mediaserver/385755653/.m2/org/jboss/logging/jboss-logging/3.3.2.Final/jboss-logging-3.3.2.Final.jar:/root/./workspace/ponchofiesta/kitodo-mediaserver/385755653/.m2/com/fasterxml/classmate/1.3.4/classmate-1.3.4.jar:/root/./workspace/ponchofiesta/kitodo-mediaserver/385755653/.m2/commons-lang/commons-lang/2.6/commons-lang-2.6.jar:/root/./workspace/ponchofiesta/kitodo-mediaserver/385755653/.m2/commons-io/commons-io/2.6/commons-io-2.6.jar:/root/./workspace/ponchofiesta/kitodo-mediaserver/385755653/.m2/org/im4java/im4java/1.4.0/im4java-1.4.0.jar:/root/./workspace/ponchofiesta/kitodo-mediaserver/385755653/.m2/org/springframework/boot/spring-boot-starter-web/2.0.0.RELEASE/spring-boot-starter-web-2.0.0.RELEASE.jar:/root/./workspace/ponchofiesta/kitodo-mediaserver/385755653/.m2/org/springframework/boot/spring-boot-starter/2.0.0.RELEASE/spring-boot-starter-2.0.0.RELEASE.jar:/root/./workspace/ponchofiesta/kitodo-mediaserver/385755653/.m2/org/springframework/boot/spring-boot-starter-logging/2.0.0.RELEASE/spring-boot-starter-logging-2.0.0.RELEASE.jar:/root/./workspace/ponchofiesta/kitodo-mediaserver/385755653/.m2/ch/qos/logback/logback-classic/1.2.3/logback-classic-1.2.3.jar:/root/./workspace/ponchofiesta/kitodo-mediaserver/385755653/.m2/ch/qos/logback/logback-core/1.2.3/logback-core-1.2.3.jar:/root/./workspace/ponchofiesta/kitodo-mediaserver/385755653/.m2/org/apache/logging/log4j/log4j-to-slf4j/2.10.0/log4j-to-slf4j-2.10.0.jar:/root/./workspace/ponchofiesta/kitodo-mediaserver/385755653/.m2/org/apache/logging/log4j/log4j-api/2.10.0/log4j-api-2.10.0.jar:/root/./workspace/ponchofiesta/kitodo-mediaserver/385755653/.m2/org/slf4j/jul-to-slf4j/1.7.25/jul-to-slf4j-1.7.25.jar:/root/./workspace/ponchofiesta/kitodo-mediaserver/385755653/.m2/org/yaml/snakeyaml/1.19/snakeyaml-1.19.jar:/root/./workspace/ponchofiesta/kitodo-mediaserver/385755653/.m2/org/springframework/boot/spring-boot-starter-json/2.0.0.RELEASE/spring-boot-starter-json-2.0.0.RELEASE.jar:/root/./workspace/ponchofiesta/kitodo-mediaserver/385755653/.m2/com/fasterxml/jackson/core/jackson-databind/2.9.4/jackson-databind-2.9.4.jar:/root/./workspace/ponchofiesta/kitodo-mediaserver/385755653/.m2/com/fasterxml/jackson/core/jackson-annotations/2.9.0/jackson-annotations-2.9.0.jar:/root/./workspace/ponchofiesta/kitodo-mediaserver/385755653/.m2/com/fasterxml/jackson/core/jackson-core/2.9.4/jackson-core-2.9.4.jar:/root/./workspace/ponchofiesta/kitodo-mediaserver/385755653/.m2/com/fasterxml/jackson/datatype/jackson-datatype-jdk8/2.9.4/jackson-datatype-jdk8-2.9.4.jar:/root/./workspace/ponchofiesta/kitodo-mediaserver/385755653/.m2/com/fasterxml/jackson/datatype/jackson-datatype-jsr310/2.9.4/jackson-datatype-jsr310-2.9.4.jar:/root/./workspace/ponchofiesta/kitodo-mediaserver/385755653/.m2/com/fasterxml/jackson/module/jackson-module-parameter-names/2.9.4/jackson-module-parameter-names-2.9.4.jar:/root/./workspace/ponchofiesta/kitodo-mediaserver/385755653/.m2/org/springframework/spring-webmvc/5.0.4.RELEASE/spring-webmvc-5.0.4.RELEASE.jar:/root/./workspace/ponchofiesta/kitodo-mediaserver/385755653/.m2/org/springframework/spring-context/5.0.4.RELEASE/spring-context-5.0.4.RELEASE.jar:/root/./workspace/ponchofiesta/kitodo-mediaserver/385755653/.m2/org/springframework/spring-expression/5.0.4.RELEASE/spring-expression-5.0.4.RELEASE.jar:/root/./workspace/ponchofiesta/kitodo-mediaserver/385755653/.m2/org/springframework/boot/spring-boot-starter-tomcat/2.0.0.RELEASE/spring-boot-starter-tomcat-2.0.0.RELEASE.jar:/root/./workspace/ponchofiesta/kitodo-mediaserver/385755653/.m2/javax/annotation/javax.annotation-api/1.3.2/javax.annotation-api-1.3.2.jar:/root/./workspace/ponchofiesta/kitodo-mediaserver/385755653/.m2/org/apache/tomcat/embed/tomcat-embed-core/8.5.28/tomcat-embed-core-8.5.28.jar:/root/./workspace/ponchofiesta/kitodo-mediaserver/385755653/.m2/org/apache/tomcat/embed/tomcat-embed-el/8.5.28/tomcat-embed-el-8.5.28.jar:/root/./workspace/ponchofiesta/kitodo-mediaserver/385755653/.m2/org/apache/tomcat/embed/tomcat-embed-websocket/8.5.28/tomcat-embed-websocket-8.5.28.jar:/root/./workspace/ponchofiesta/kitodo-mediaserver/385755653/.m2/org/springframework/boot/spring-boot-starter-thymeleaf/2.0.0.RELEASE/spring-boot-starter-thymeleaf-2.0.0.RELEASE.jar:/root/./workspace/ponchofiesta/kitodo-mediaserver/385755653/.m2/org/thymeleaf/thymeleaf-spring5/3.0.9.RELEASE/thymeleaf-spring5-3.0.9.RELEASE.jar:/root/./workspace/ponchofiesta/kitodo-mediaserver/385755653/.m2/org/thymeleaf/thymeleaf/3.0.9.RELEASE/thymeleaf-3.0.9.RELEASE.jar:/root/./workspace/ponchofiesta/kitodo-mediaserver/385755653/.m2/org/attoparser/attoparser/2.0.4.RELEASE/attoparser-2.0.4.RELEASE.jar:/root/./workspace/ponchofiesta/kitodo-mediaserver/385755653/.m2/org/unbescape/unbescape/1.1.5.RELEASE/unbescape-1.1.5.RELEASE.jar:/root/./workspace/ponchofiesta/kitodo-mediaserver/385755653/.m2/org/slf4j/slf4j-api/1.7.25/slf4j-api-1.7.25.jar:/root/./workspace/ponchofiesta/kitodo-mediaserver/385755653/.m2/org/thymeleaf/extras/thymeleaf-extras-java8time/3.0.1.RELEASE/thymeleaf-extras-java8time-3.0.1.RELEASE.jar:/root/./workspace/ponchofiesta/kitodo-mediaserver/385755653/.m2/org/springframework/boot/spring-boot-starter-security/2.0.0.RELEASE/spring-boot-starter-security-2.0.0.RELEASE.jar:/root/./workspace/ponchofiesta/kitodo-mediaserver/385755653/.m2/org/springframework/spring-aop/5.0.4.RELEASE/spring-aop-5.0.4.RELEASE.jar:/root/./workspace/ponchofiesta/kitodo-mediaserver/385755653/.m2/org/springframework/security/spring-security-config/5.0.3.RELEASE/spring-security-config-5.0.3.RELEASE.jar:/root/./workspace/ponchofiesta/kitodo-mediaserver/385755653/.m2/org/springframework/security/spring-security-web/5.0.3.RELEASE/spring-security-web-5.0.3.RELEASE.jar:/root/./workspace/ponchofiesta/kitodo-mediaserver/385755653/.m2/org/springframework/boot/spring-boot-devtools/2.0.0.RELEASE/spring-boot-devtools-2.0.0.RELEASE.jar:/root/./workspace/ponchofiesta/kitodo-mediaserver/385755653/.m2/org/springframework/boot/spring-boot/2.0.0.RELEASE/spring-boot-2.0.0.RELEASE.jar:/root/./workspace/ponchofiesta/kitodo-mediaserver/385755653/.m2/org/springframework/boot/spring-boot-autoconfigure/2.0.0.RELEASE/spring-boot-autoconfigure-2.0.0.RELEASE.jar:/root/./workspace/ponchofiesta/kitodo-mediaserver/385755653/.m2/org/springframework/boot/spring-boot-starter-test/2.0.0.RELEASE/spring-boot-starter-test-2.0.0.RELEASE.jar:/root/./workspace/ponchofiesta/kitodo-mediaserver/385755653/.m2/org/springframework/boot/spring-boot-test/2.0.0.RELEASE/spring-boot-test-2.0.0.RELEASE.jar:/root/./workspace/ponchofiesta/kitodo-mediaserver/385755653/.m2/org/springframework/boot/spring-boot-test-autoconfigure/2.0.0.RELEASE/spring-boot-test-autoconfigure-2.0.0.RELEASE.jar:/root/./workspace/ponchofiesta/kitodo-mediaserver/385755653/.m2/com/jayway/jsonpath/json-path/2.4.0/json-path-2.4.0.jar:/root/./workspace/ponchofiesta/kitodo-mediaserver/385755653/.m2/net/minidev/json-smart/2.3/json-smart-2.3.jar:/root/./workspace/ponchofiesta/kitodo-mediaserver/385755653/.m2/net/minidev/accessors-smart/1.2/accessors-smart-1.2.jar:/root/./workspace/ponchofiesta/kitodo-mediaserver/385755653/.m2/org/ow2/asm/asm/5.0.4/asm-5.0.4.jar:/root/./workspace/ponchofiesta/kitodo-mediaserver/385755653/.m2/junit/junit/4.12/junit-4.12.jar:/root/./workspace/ponchofiesta/kitodo-mediaserver/385755653/.m2/org/assertj/assertj-core/3.9.1/assertj-core-3.9.1.jar:/root/./workspace/ponchofiesta/kitodo-mediaserver/385755653/.m2/org/mockito/mockito-core/2.15.0/mockito-core-2.15.0.jar:/root/./workspace/ponchofiesta/kitodo-mediaserver/385755653/.m2/net/bytebuddy/byte-buddy/1.7.10/byte-buddy-1.7.10.jar:/root/./workspace/ponchofiesta/kitodo-mediaserver/385755653/.m2/net/bytebuddy/byte-buddy-agent/1.7.10/byte-buddy-agent-1.7.10.jar:/root/./workspace/ponchofiesta/kitodo-mediaserver/385755653/.m2/org/objenesis/objenesis/2.6/objenesis-2.6.jar:/root/./workspace/ponchofiesta/kitodo-mediaserver/385755653/.m2/org/hamcrest/hamcrest-core/1.3/hamcrest-core-1.3.jar:/root/./workspace/ponchofiesta/kitodo-mediaserver/385755653/.m2/org/hamcrest/hamcrest-library/1.3/hamcrest-library-1.3.jar:/root/./workspace/ponchofiesta/kitodo-mediaserver/385755653/.m2/org/skyscreamer/jsonassert/1.5.0/jsonassert-1.5.0.jar:/root/./workspace/ponchofiesta/kitodo-mediaserver/385755653/.m2/com/vaadin/external/google/android-json/0.0.20131108.vaadin1/android-json-0.0.20131108.vaadin1.jar:/root/./workspace/ponchofiesta/kitodo-mediaserver/385755653/.m2/org/springframework/spring-core/5.0.4.RELEASE/spring-core-5.0.4.RELEASE.jar:/root/./workspace/ponchofiesta/kitodo-mediaserver/385755653/.m2/org/springframework/spring-jcl/5.0.4.RELEASE/spring-jcl-5.0.4.RELEASE.jar:/root/./workspace/ponchofiesta/kitodo-mediaserver/385755653/.m2/org/springframework/spring-test/5.0.4.RELEASE/spring-test-5.0.4.RELEASE.jar:/root/./workspace/ponchofiesta/kitodo-mediaserver/385755653/.m2/org/xmlunit/xmlunit-core/2.5.1/xmlunit-core-2.5.1.jar:/root/./workspace/ponchofiesta/kitodo-mediaserver/385755653/.m2/org/springframework/security/spring-security-test/5.0.3.RELEASE/spring-security-test-5.0.3.RELEASE.jar:/root/./workspace/ponchofiesta/kitodo-mediaserver/385755653/.m2/org/springframework/security/spring-security-core/5.0.3.RELEASE/spring-security-core-5.0.3.RELEASE.jar:"/>
    <property name="sun.cpu.endian" value="little"/>
    <property name="user.home" value="/root"/>
    <property name="user.language" value="en"/>
    <property name="java.specification.vendor" value="Oracle Corporation"/>
    <property name="java.home" value="/usr/lib/jvm/java-8-openjdk-amd64/jre"/>
    <property name="basedir" value="/root/workspace/ponchofiesta/kitodo-mediaserver/385755653/kitodo-mediaserver-ui"/>
    <property name="file.separator" value="/"/>
    <property name="checkstyle.skip" value="true"/>
    <property name="line.separator" value="&#10;"/>
    <property name="skip.npm" value="true"/>
    <property name="java.vm.specification.vendor" value="Oracle Corporation"/>
    <property name="java.specification.name" value="Java Platform API Specification"/>
    <property name="java.awt.graphicsenv" value="sun.awt.X11GraphicsEnvironment"/>
    <property name="skipITs" value="true"/>
    <property name="surefire.real.class.path" value="/root/workspace/ponchofiesta/kitodo-mediaserver/385755653/kitodo-mediaserver-ui/target/surefire/surefirebooter3397886136263084733.jar"/>
    <property name="cobertura.skip" value="true"/>
    <property name="sun.boot.class.path" value="/usr/lib/jvm/java-8-openjdk-amd64/jre/lib/resources.jar:/usr/lib/jvm/java-8-openjdk-amd64/jre/lib/rt.jar:/usr/lib/jvm/java-8-openjdk-amd64/jre/lib/sunrsasign.jar:/usr/lib/jvm/java-8-openjdk-amd64/jre/lib/jsse.jar:/usr/lib/jvm/java-8-openjdk-amd64/jre/lib/jce.jar:/usr/lib/jvm/java-8-openjdk-amd64/jre/lib/charsets.jar:/usr/lib/jvm/java-8-openjdk-amd64/jre/lib/jfr.jar:/usr/lib/jvm/java-8-openjdk-amd64/jre/classes"/>
    <property name="sun.management.compiler" value="HotSpot 64-Bit Tiered Compilers"/>
    <property name="java.runtime.version" value="1.8.0_121-8u121-b13-1~bpo8+1-b13"/>
    <property name="user.name" value="root"/>
    <property name="findbugs.skip" value="true"/>
    <property name="path.separator" value=":"/>
    <property name="os.version" value="3.10.0-862.2.3.el7.x86_64"/>
    <property name="java.endorsed.dirs" value="/usr/lib/jvm/java-8-openjdk-amd64/jre/lib/endorsed"/>
    <property name="java.runtime.name" value="OpenJDK Runtime Environment"/>
    <property name="file.encoding" value="UTF-8"/>
    <property name="java.vm.name" value="OpenJDK 64-Bit Server VM"/>
    <property name="localRepository" value="/root/./workspace/ponchofiesta/kitodo-mediaserver/385755653/.m2"/>
    <property name="java.vendor.url.bug" value="http://bugreport.sun.com/bugreport/"/>
    <property name="java.io.tmpdir" value="/tmp"/>
    <property name="java.version" value="1.8.0_121"/>
    <property name="user.dir" value="/root/workspace/ponchofiesta/kitodo-mediaserver/385755653/kitodo-mediaserver-ui"/>
    <property name="os.arch" value="amd64"/>
    <property name="license.skip" value="true"/>
    <property name="java.vm.specification.name" value="Java Virtual Machine Specification"/>
    <property name="java.awt.printerjob" value="sun.print.PSPrinterJob"/>
    <property name="sun.os.patch.level" value="unknown"/>
    <property name="java.library.path" value="/usr/java/packages/lib/amd64:/usr/lib/x86_64-linux-gnu/jni:/lib/x86_64-linux-gnu:/usr/lib/x86_64-linux-gnu:/usr/lib/jni:/lib:/usr/lib"/>
    <property name="java.vm.info" value="mixed mode"/>
    <property name="java.vendor" value="Oracle Corporation"/>
    <property name="java.vm.version" value="25.121-b13"/>
    <property name="java.ext.dirs" value="/usr/lib/jvm/java-8-openjdk-amd64/jre/lib/ext:/usr/java/packages/lib/ext"/>
    <property name="sun.io.unicode.encoding" value="UnicodeLittle"/>
    <property name="maven.repo.local" value="/root/./workspace/ponchofiesta/kitodo-mediaserver/385755653/.m2"/>
    <property name="enforcer.skip" value="true"/>
    <property name="java.class.version" value="52.0"/>
  </properties>
  <testcase name="testEditForm" classname="org.kitodo.mediaserver.ui.users.UserControllerTest" time="0">
    <error message="Failed to load ApplicationContext" type="java.lang.IllegalStateException">java.lang.IllegalStateException: Failed to load ApplicationContext
Caused by: org.springframework.beans.factory.UnsatisfiedDependencyException: Error creating bean with name 'workLockAction': Unsatisfied dependency expressed through method 'setMediaServerUtils' parameter 0; nested exception is org.springframework.beans.factory.NoSuchBeanDefinitionException: No qualifying bean of type 'org.kitodo.mediaserver.core.util.MediaServerUtils' available: expected at least 1 bean which qualifies as autowire candidate. Dependency annotations: {}
Caused by: org.springframework.beans.factory.NoSuchBeanDefinitionException: No qualifying bean of type 'org.kitodo.mediaserver.core.util.MediaServerUtils' available: expected at least 1 bean which qualifies as autowire candidate. Dependency annotations: {}
</error>
    <system-out><![CDATA[2018-05-30 17:45:39.686  INFO 608 --- [           main] o.s.t.c.support.AbstractContextLoader    : Could not detect default resource locations for test class [org.kitodo.mediaserver.ui.users.UserControllerTest]: no resource found for suffixes {-context.xml, Context.groovy}.
2018-05-30 17:45:39.700  INFO 608 --- [           main] .b.t.c.SpringBootTestContextBootstrapper : Loaded default TestExecutionListener class names from location [META-INF/spring.factories]: [org.springframework.boot.test.mock.mockito.MockitoTestExecutionListener, org.springframework.boot.test.mock.mockito.ResetMocksTestExecutionListener, org.springframework.boot.test.autoconfigure.restdocs.RestDocsTestExecutionListener, org.springframework.boot.test.autoconfigure.web.client.MockRestServiceServerResetTestExecutionListener, org.springframework.boot.test.autoconfigure.web.servlet.MockMvcPrintOnlyOnFailureTestExecutionListener, org.springframework.boot.test.autoconfigure.web.servlet.WebDriverTestExecutionListener, org.springframework.test.context.web.ServletTestExecutionListener, org.springframework.test.context.support.DirtiesContextBeforeModesTestExecutionListener, org.springframework.test.context.support.DependencyInjectionTestExecutionListener, org.springframework.test.context.support.DirtiesContextTestExecutionListener, org.springframework.test.context.transaction.TransactionalTestExecutionListener, org.springframework.test.context.jdbc.SqlScriptsTestExecutionListener, org.springframework.security.test.context.support.WithSecurityContextTestExecutionListener, org.springframework.security.test.context.support.ReactorContextTestExecutionListener]
2018-05-30 17:45:39.702  INFO 608 --- [           main] .b.t.c.SpringBootTestContextBootstrapper : Using TestExecutionListeners: [org.springframework.test.context.web.ServletTestExecutionListener@8d29719, org.springframework.test.context.support.DirtiesContextBeforeModesTestExecutionListener@65259c53, org.springframework.boot.test.mock.mockito.MockitoTestExecutionListener@4bff28e7, org.springframework.boot.test.autoconfigure.SpringBootDependencyInjectionTestExecutionListener@39e7e040, org.springframework.test.context.support.DirtiesContextTestExecutionListener@2591d23a, org.springframework.test.context.transaction.TransactionalTestExecutionListener@6c1f15df, org.springframework.test.context.jdbc.SqlScriptsTestExecutionListener@5e95b0ab, org.springframework.security.test.context.support.WithSecurityContextTestExecutionListener@5876bed9, org.springframework.security.test.context.support.ReactorContextTestExecutionListener@73ddb7ef, org.springframework.boot.test.mock.mockito.ResetMocksTestExecutionListener@67f8f5a6, org.springframework.boot.test.autoconfigure.restdocs.RestDocsTestExecutionListener@141b011a, org.springframework.boot.test.autoconfigure.web.client.MockRestServiceServerResetTestExecutionListener@7976e536, org.springframework.boot.test.autoconfigure.web.servlet.MockMvcPrintOnlyOnFailureTestExecutionListener@670a4738, org.springframework.boot.test.autoconfigure.web.servlet.WebDriverTestExecutionListener@47ffdbba]

  .   ____          _            __ _ _
 /\\ / ___'_ __ _ _(_)_ __  __ _ \ \ \ \
( ( )\___ | '_ | '_| | '_ \/ _` | \ \ \ \
 \\/  ___)| |_)| | | | | || (_| |  ) ) ) )
  '  |____| .__|_| |_|_| |_\__, | / / / /
 =========|_|==============|___/=/_/_/_/
 :: Spring Boot ::        (v2.0.0.RELEASE)

2018-05-30 17:45:39.776  INFO 608 --- [           main] o.k.m.ui.users.UserControllerTest        : Starting UserControllerTest on spirals-vortex.lille.inria.fr with PID 608 (started by root in /root/workspace/ponchofiesta/kitodo-mediaserver/385755653/kitodo-mediaserver-ui)
2018-05-30 17:45:39.778  INFO 608 --- [           main] o.k.m.ui.users.UserControllerTest        : No active profile set, falling back to default profiles: default
2018-05-30 17:45:39.783  INFO 608 --- [           main] o.s.w.c.s.GenericWebApplicationContext   : Refreshing org.springframework.web.context.support.GenericWebApplicationContext@290807e5: startup date [Wed May 30 17:45:39 CEST 2018]; root of context hierarchy
2018-05-30 17:45:40.019  INFO 608 --- [           main] beddedDataSourceBeanFactoryPostProcessor : Replacing 'dataSource' DataSource bean with embedded version
2018-05-30 17:45:40.019  INFO 608 --- [           main] o.s.b.f.s.DefaultListableBeanFactory     : Overriding bean definition for bean 'dataSource' with a different definition: replacing [Root bean: class [null]; scope=; abstract=false; lazyInit=false; autowireMode=3; dependencyCheck=0; autowireCandidate=true; primary=false; factoryBeanName=org.springframework.boot.autoconfigure.jdbc.DataSourceConfiguration$Hikari; factoryMethodName=dataSource; initMethodName=null; destroyMethodName=(inferred); defined in class path resource [org/springframework/boot/autoconfigure/jdbc/DataSourceConfiguration$Hikari.class]] with [Root bean: class [org.springframework.boot.test.autoconfigure.jdbc.TestDatabaseAutoConfiguration$EmbeddedDataSourceFactoryBean]; scope=; abstract=false; lazyInit=false; autowireMode=0; dependencyCheck=0; autowireCandidate=true; primary=false; factoryBeanName=null; factoryMethodName=null; initMethodName=null; destroyMethodName=null]
2018-05-30 17:45:40.168  INFO 608 --- [           main] o.s.j.d.e.EmbeddedDatabaseFactory        : Starting embedded database: url='jdbc:h2:mem:317dfabe-cb55-4ec9-a6cd-5c174a73b578;DB_CLOSE_DELAY=-1;DB_CLOSE_ON_EXIT=false', username='sa'
2018-05-30 17:45:40.193  INFO 608 --- [           main] o.s.jdbc.datasource.init.ScriptUtils     : Executing SQL script from URL [file:/root/workspace/ponchofiesta/kitodo-mediaserver/385755653/kitodo-mediaserver-core/target/classes/schema.sql]
2018-05-30 17:45:40.208  INFO 608 --- [           main] o.s.jdbc.datasource.init.ScriptUtils     : Executed SQL script from URL [file:/root/workspace/ponchofiesta/kitodo-mediaserver/385755653/kitodo-mediaserver-core/target/classes/schema.sql] in 14 ms.
2018-05-30 17:45:40.213  INFO 608 --- [           main] o.s.jdbc.datasource.init.ScriptUtils     : Executing SQL script from URL [file:/root/workspace/ponchofiesta/kitodo-mediaserver/385755653/kitodo-mediaserver-core/target/classes/data.sql]
2018-05-30 17:45:40.213  INFO 608 --- [           main] o.s.jdbc.datasource.init.ScriptUtils     : Executed SQL script from URL [file:/root/workspace/ponchofiesta/kitodo-mediaserver/385755653/kitodo-mediaserver-core/target/classes/data.sql] in 0 ms.
2018-05-30 17:45:40.273  INFO 608 --- [           main] j.LocalContainerEntityManagerFactoryBean : Building JPA container EntityManagerFactory for persistence unit 'default'
2018-05-30 17:45:40.273  INFO 608 --- [           main] o.hibernate.jpa.internal.util.LogHelper  : HHH000204: Processing PersistenceUnitInfo [
	name: default
	...]
2018-05-30 17:45:40.306  INFO 608 --- [           main] org.hibernate.dialect.Dialect            : HHH000400: Using dialect: org.hibernate.dialect.H2Dialect
Hibernate: drop table action_data if exists
Hibernate: drop table identifier if exists
Hibernate: drop table parameter if exists
Hibernate: drop table user if exists
Hibernate: drop table work if exists
Hibernate: create table action_data (id integer generated by default as identity, action_name varchar(255), end_time timestamp, request_time timestamp, start_time timestamp, work_id varchar(255) not null, primary key (id))
Hibernate: create table identifier (identifier varchar(255) not null, type varchar(255), work_id varchar(255) not null, primary key (identifier))
Hibernate: create table parameter (action_data_id integer not null, parameter varchar(255), parameter_key varchar(255) not null, primary key (action_data_id, parameter_key))
Hibernate: create table user (username varchar(255) not null, enabled boolean, name varchar(255), password varchar(60), primary key (username))
Hibernate: create table work (id varchar(255) not null, enabled boolean not null, path varchar(255), title varchar(255), primary key (id))
Hibernate: alter table action_data add constraint FKhauld9xvs8kr1uwnv0hy6ey0i foreign key (work_id) references work
Hibernate: alter table identifier add constraint FK1j790dbcrwm7popfo24ckd3yh foreign key (work_id) references work
Hibernate: alter table parameter add constraint FKit17rdxw4du6a0gh7tn18nq9p foreign key (action_data_id) references action_data
2018-05-30 17:45:40.456  INFO 608 --- [           main] o.h.t.schema.internal.SchemaCreatorImpl  : HHH000476: Executing import script 'org.hibernate.tool.schema.internal.exec.ScriptSourceInputNonExistentImpl@61db86bf'
2018-05-30 17:45:40.459  INFO 608 --- [           main] j.LocalContainerEntityManagerFactoryBean : Initialized JPA EntityManagerFactory for persistence unit 'default'
2018-05-30 17:45:40.777  INFO 608 --- [           main] o.s.s.web.DefaultSecurityFilterChain     : Creating filter chain: org.springframework.security.web.util.matcher.AnyRequestMatcher@1, [org.springframework.security.web.context.request.async.WebAsyncManagerIntegrationFilter@2f262474, org.springframework.security.web.context.SecurityContextPersistenceFilter@1bcb8599, org.springframework.security.web.header.HeaderWriterFilter@3b42b729, org.springframework.security.web.csrf.CsrfFilter@5100c143, org.springframework.security.web.authentication.logout.LogoutFilter@5ba63110, org.springframework.security.web.authentication.UsernamePasswordAuthenticationFilter@7381d6f0, org.springframework.security.web.savedrequest.RequestCacheAwareFilter@b671dda, org.springframework.security.web.servletapi.SecurityContextHolderAwareRequestFilter@25b20860, org.springframework.security.web.authentication.AnonymousAuthenticationFilter@7c03f9d0, org.springframework.security.web.session.SessionManagementFilter@4c164f81, org.springframework.security.web.access.ExceptionTranslationFilter@12404f9d, org.springframework.security.web.access.intercept.FilterSecurityInterceptor@5f5923ef]
2018-05-30 17:45:40.789  WARN 608 --- [           main] aWebConfiguration$JpaWebMvcConfiguration : spring.jpa.open-in-view is enabled by default. Therefore, database queries may be performed during view rendering. Explicitly configure spring.jpa.open-in-view to disable this warning
2018-05-30 17:45:40.811  INFO 608 --- [           main] s.w.s.m.m.a.RequestMappingHandlerMapping : Mapped "{[/]}" onto public java.lang.String org.kitodo.mediaserver.ui.IndexController.index()
2018-05-30 17:45:40.811  INFO 608 --- [           main] s.w.s.m.m.a.RequestMappingHandlerMapping : Mapped "{[/jobs]}" onto public java.lang.String org.kitodo.mediaserver.ui.jobs.JobsController.jobs(org.springframework.ui.Model)
2018-05-30 17:45:40.812  INFO 608 --- [           main] s.w.s.m.m.a.RequestMappingHandlerMapping : Mapped "{[/status]}" onto public java.lang.String org.kitodo.mediaserver.ui.status.StatusController.status(org.springframework.ui.Model)
2018-05-30 17:45:40.817  INFO 608 --- [           main] s.w.s.m.m.a.RequestMappingHandlerMapping : Mapped "{[/users/{username}],methods=[GET]}" onto public java.lang.String org.kitodo.mediaserver.ui.users.UserController.editForm(org.springframework.ui.Model,java.lang.String)
2018-05-30 17:45:40.817  INFO 608 --- [           main] s.w.s.m.m.a.RequestMappingHandlerMapping : Mapped "{[/users/{username}],methods=[POST]}" onto public java.lang.String org.kitodo.mediaserver.ui.users.UserController.editSubmit(org.springframework.ui.Model,java.lang.String,org.kitodo.mediaserver.ui.users.UserDto,org.springframework.validation.BindingResult,java.security.Principal)
2018-05-30 17:45:40.817  INFO 608 --- [           main] s.w.s.m.m.a.RequestMappingHandlerMapping : Mapped "{[/users/{username}/delete],methods=[POST]}" onto public java.lang.String org.kitodo.mediaserver.ui.users.UserController.deleteSubmit(java.lang.String,org.springframework.web.servlet.mvc.support.RedirectAttributes,java.security.Principal)
2018-05-30 17:45:40.817  INFO 608 --- [           main] s.w.s.m.m.a.RequestMappingHandlerMapping : Mapped "{[/users/-new],methods=[GET]}" onto public java.lang.String org.kitodo.mediaserver.ui.users.UserController.createForm(org.springframework.ui.Model)
2018-05-30 17:45:40.817  INFO 608 --- [           main] s.w.s.m.m.a.RequestMappingHandlerMapping : Mapped "{[/users/-new],methods=[POST]}" onto public java.lang.String org.kitodo.mediaserver.ui.users.UserController.createSubmit(org.springframework.ui.Model,org.kitodo.mediaserver.ui.users.UserDto,org.springframework.validation.BindingResult)
2018-05-30 17:45:40.817  INFO 608 --- [           main] s.w.s.m.m.a.RequestMappingHandlerMapping : Mapped "{[/users]}" onto public java.lang.String org.kitodo.mediaserver.ui.users.UserController.list(org.springframework.ui.Model,java.lang.String)
2018-05-30 17:45:40.819  INFO 608 --- [           main] s.w.s.m.m.a.RequestMappingHandlerMapping : Mapped "{[/works/{id}/lockcomment],methods=[GET],produces=[application/json]}" onto public java.util.Map<java.lang.String, java.lang.String> org.kitodo.mediaserver.ui.works.WorkController.getLockComment(java.lang.String) throws org.kitodo.mediaserver.core.exceptions.WorkNotFoundException
2018-05-30 17:45:40.819  INFO 608 --- [           main] s.w.s.m.m.a.RequestMappingHandlerMapping : Mapped "{[/works/{id}],methods=[POST]}" onto public java.lang.String org.kitodo.mediaserver.ui.works.WorkController.edit(java.lang.String,java.lang.String,java.lang.String,org.springframework.web.servlet.mvc.support.RedirectAttributes)
2018-05-30 17:45:40.819  INFO 608 --- [           main] s.w.s.m.m.a.RequestMappingHandlerMapping : Mapped "{[/works/{id}/cache/delete],methods=[POST]}" onto public java.lang.String org.kitodo.mediaserver.ui.works.WorkController.cacheDelete(java.lang.String,org.springframework.web.servlet.mvc.support.RedirectAttributes)
2018-05-30 17:45:40.819  INFO 608 --- [           main] s.w.s.m.m.a.RequestMappingHandlerMapping : Mapped "{[/works]}" onto public java.lang.String org.kitodo.mediaserver.ui.works.WorkController.list(org.springframework.ui.Model,org.springframework.data.domain.Pageable,java.lang.String,java.lang.String)
2018-05-30 17:45:40.834  INFO 608 --- [           main] o.s.w.s.handler.SimpleUrlHandlerMapping  : Mapped URL path [/login] onto handler of type [class org.springframework.web.servlet.mvc.ParameterizableViewController]
2018-05-30 17:45:40.848  INFO 608 --- [           main] o.s.w.s.handler.SimpleUrlHandlerMapping  : Mapped URL path [/static/**] onto handler of type [class org.springframework.web.servlet.resource.ResourceHttpRequestHandler]
2018-05-30 17:45:40.878  INFO 608 --- [           main] s.w.s.m.m.a.RequestMappingHandlerAdapter : Looking for @ControllerAdvice: org.springframework.web.context.support.GenericWebApplicationContext@290807e5: startup date [Wed May 30 17:45:39 CEST 2018]; root of context hierarchy
2018-05-30 17:45:40.910  WARN 608 --- [           main] o.s.w.c.s.GenericWebApplicationContext   : Exception encountered during context initialization - cancelling refresh attempt: org.springframework.beans.factory.UnsatisfiedDependencyException: Error creating bean with name 'workLockAction': Unsatisfied dependency expressed through method 'setMediaServerUtils' parameter 0; nested exception is org.springframework.beans.factory.NoSuchBeanDefinitionException: No qualifying bean of type 'org.kitodo.mediaserver.core.util.MediaServerUtils' available: expected at least 1 bean which qualifies as autowire candidate. Dependency annotations: {}
2018-05-30 17:45:40.911  INFO 608 --- [           main] j.LocalContainerEntityManagerFactoryBean : Closing JPA EntityManagerFactory for persistence unit 'default'
2018-05-30 17:45:40.912  INFO 608 --- [           main] .SchemaDropperImpl$DelayedDropActionImpl : HHH000477: Starting delayed drop of schema as part of SessionFactory shut-down'
Hibernate: drop table action_data if exists
Hibernate: drop table identifier if exists
Hibernate: drop table parameter if exists
Hibernate: drop table user if exists
Hibernate: drop table work if exists
2018-05-30 17:45:40.917  INFO 608 --- [           main] ConditionEvaluationReportLoggingListener : 

Error starting ApplicationContext. To display the conditions report re-run your application with 'debug' enabled.
2018-05-30 17:45:40.934 ERROR 608 --- [           main] o.s.b.d.LoggingFailureAnalysisReporter   : 

***************************
APPLICATION FAILED TO START
***************************

Description:

Parameter 0 of method setMediaServerUtils in org.kitodo.mediaserver.core.actions.WorkLockAction required a bean of type 'org.kitodo.mediaserver.core.util.MediaServerUtils' that could not be found.


Action:

Consider defining a bean of type 'org.kitodo.mediaserver.core.util.MediaServerUtils' in your configuration.

2018-05-30 17:45:40.935 ERROR 608 --- [           main] o.s.test.context.TestContextManager      : Caught exception while allowing TestExecutionListener [org.springframework.test.context.web.ServletTestExecutionListener@8d29719] to prepare test instance [org.kitodo.mediaserver.ui.users.UserControllerTest@de0c402]

java.lang.IllegalStateException: Failed to load ApplicationContext
	at org.springframework.test.context.cache.DefaultCacheAwareContextLoaderDelegate.loadContext(DefaultCacheAwareContextLoaderDelegate.java:125) ~[spring-test-5.0.4.RELEASE.jar:5.0.4.RELEASE]
	at org.springframework.test.context.support.DefaultTestContext.getApplicationContext(DefaultTestContext.java:107) ~[spring-test-5.0.4.RELEASE.jar:5.0.4.RELEASE]
	at org.springframework.test.context.web.ServletTestExecutionListener.setUpRequestContextIfNecessary(ServletTestExecutionListener.java:190) ~[spring-test-5.0.4.RELEASE.jar:5.0.4.RELEASE]
	at org.springframework.test.context.web.ServletTestExecutionListener.prepareTestInstance(ServletTestExecutionListener.java:132) ~[spring-test-5.0.4.RELEASE.jar:5.0.4.RELEASE]
	at org.springframework.test.context.TestContextManager.prepareTestInstance(TestContextManager.java:242) ~[spring-test-5.0.4.RELEASE.jar:5.0.4.RELEASE]
	at org.springframework.test.context.junit4.SpringJUnit4ClassRunner.createTest(SpringJUnit4ClassRunner.java:227) [spring-test-5.0.4.RELEASE.jar:5.0.4.RELEASE]
	at org.springframework.test.context.junit4.SpringJUnit4ClassRunner$1.runReflectiveCall(SpringJUnit4ClassRunner.java:289) [spring-test-5.0.4.RELEASE.jar:5.0.4.RELEASE]
	at org.junit.internal.runners.model.ReflectiveCallable.run(ReflectiveCallable.java:12) [junit-4.12.jar:4.12]
	at org.springframework.test.context.junit4.SpringJUnit4ClassRunner.methodBlock(SpringJUnit4ClassRunner.java:291) [spring-test-5.0.4.RELEASE.jar:5.0.4.RELEASE]
	at org.springframework.test.context.junit4.SpringJUnit4ClassRunner.runChild(SpringJUnit4ClassRunner.java:246) [spring-test-5.0.4.RELEASE.jar:5.0.4.RELEASE]
	at org.springframework.test.context.junit4.SpringJUnit4ClassRunner.runChild(SpringJUnit4ClassRunner.java:97) [spring-test-5.0.4.RELEASE.jar:5.0.4.RELEASE]
	at org.junit.runners.ParentRunner$3.run(ParentRunner.java:290) [junit-4.12.jar:4.12]
	at org.junit.runners.ParentRunner$1.schedule(ParentRunner.java:71) [junit-4.12.jar:4.12]
	at org.junit.runners.ParentRunner.runChildren(ParentRunner.java:288) [junit-4.12.jar:4.12]
	at org.junit.runners.ParentRunner.access$000(ParentRunner.java:58) [junit-4.12.jar:4.12]
	at org.junit.runners.ParentRunner$2.evaluate(ParentRunner.java:268) [junit-4.12.jar:4.12]
	at org.springframework.test.context.junit4.statements.RunBeforeTestClassCallbacks.evaluate(RunBeforeTestClassCallbacks.java:61) [spring-test-5.0.4.RELEASE.jar:5.0.4.RELEASE]
	at org.springframework.test.context.junit4.statements.RunAfterTestClassCallbacks.evaluate(RunAfterTestClassCallbacks.java:70) [spring-test-5.0.4.RELEASE.jar:5.0.4.RELEASE]
	at org.junit.runners.ParentRunner.run(ParentRunner.java:363) [junit-4.12.jar:4.12]
	at org.springframework.test.context.junit4.SpringJUnit4ClassRunner.run(SpringJUnit4ClassRunner.java:190) [spring-test-5.0.4.RELEASE.jar:5.0.4.RELEASE]
	at org.apache.maven.surefire.junit4.JUnit4Provider.execute(JUnit4Provider.java:369) [surefire-junit4-2.20.1.jar:2.20.1]
	at org.apache.maven.surefire.junit4.JUnit4Provider.executeWithRerun(JUnit4Provider.java:275) [surefire-junit4-2.20.1.jar:2.20.1]
	at org.apache.maven.surefire.junit4.JUnit4Provider.executeTestSet(JUnit4Provider.java:239) [surefire-junit4-2.20.1.jar:2.20.1]
	at org.apache.maven.surefire.junit4.JUnit4Provider.invoke(JUnit4Provider.java:160) [surefire-junit4-2.20.1.jar:2.20.1]
	at org.apache.maven.surefire.booter.ForkedBooter.invokeProviderInSameClassLoader(ForkedBooter.java:373) [surefire-booter-2.20.1.jar:2.20.1]
	at org.apache.maven.surefire.booter.ForkedBooter.runSuitesInProcess(ForkedBooter.java:334) [surefire-booter-2.20.1.jar:2.20.1]
	at org.apache.maven.surefire.booter.ForkedBooter.execute(ForkedBooter.java:119) [surefire-booter-2.20.1.jar:2.20.1]
	at org.apache.maven.surefire.booter.ForkedBooter.main(ForkedBooter.java:407) [surefire-booter-2.20.1.jar:2.20.1]
Caused by: org.springframework.beans.factory.UnsatisfiedDependencyException: Error creating bean with name 'workLockAction': Unsatisfied dependency expressed through method 'setMediaServerUtils' parameter 0; nested exception is org.springframework.beans.factory.NoSuchBeanDefinitionException: No qualifying bean of type 'org.kitodo.mediaserver.core.util.MediaServerUtils' available: expected at least 1 bean which qualifies as autowire candidate. Dependency annotations: {}
	at org.springframework.beans.factory.annotation.AutowiredAnnotationBeanPostProcessor$AutowiredMethodElement.inject(AutowiredAnnotationBeanPostProcessor.java:668) ~[spring-beans-5.0.4.RELEASE.jar:5.0.4.RELEASE]
	at org.springframework.beans.factory.annotation.InjectionMetadata.inject(InjectionMetadata.java:91) ~[spring-beans-5.0.4.RELEASE.jar:5.0.4.RELEASE]
	at org.springframework.beans.factory.annotation.AutowiredAnnotationBeanPostProcessor.postProcessPropertyValues(AutowiredAnnotationBeanPostProcessor.java:373) ~[spring-beans-5.0.4.RELEASE.jar:5.0.4.RELEASE]
	at org.springframework.beans.factory.support.AbstractAutowireCapableBeanFactory.populateBean(AbstractAutowireCapableBeanFactory.java:1344) ~[spring-beans-5.0.4.RELEASE.jar:5.0.4.RELEASE]
	at org.springframework.beans.factory.support.AbstractAutowireCapableBeanFactory.doCreateBean(AbstractAutowireCapableBeanFactory.java:582) ~[spring-beans-5.0.4.RELEASE.jar:5.0.4.RELEASE]
	at org.springframework.beans.factory.support.AbstractAutowireCapableBeanFactory.createBean(AbstractAutowireCapableBeanFactory.java:502) ~[spring-beans-5.0.4.RELEASE.jar:5.0.4.RELEASE]
	at org.springframework.beans.factory.support.AbstractBeanFactory.lambda$doGetBean$0(AbstractBeanFactory.java:312) ~[spring-beans-5.0.4.RELEASE.jar:5.0.4.RELEASE]
	at org.springframework.beans.factory.support.DefaultSingletonBeanRegistry.getSingleton(DefaultSingletonBeanRegistry.java:228) ~[spring-beans-5.0.4.RELEASE.jar:5.0.4.RELEASE]
	at org.springframework.beans.factory.support.AbstractBeanFactory.doGetBean(AbstractBeanFactory.java:310) ~[spring-beans-5.0.4.RELEASE.jar:5.0.4.RELEASE]
	at org.springframework.beans.factory.support.AbstractBeanFactory.getBean(AbstractBeanFactory.java:200) ~[spring-beans-5.0.4.RELEASE.jar:5.0.4.RELEASE]
	at org.springframework.beans.factory.support.DefaultListableBeanFactory.preInstantiateSingletons(DefaultListableBeanFactory.java:760) ~[spring-beans-5.0.4.RELEASE.jar:5.0.4.RELEASE]
	at org.springframework.context.support.AbstractApplicationContext.finishBeanFactoryInitialization(AbstractApplicationContext.java:868) ~[spring-context-5.0.4.RELEASE.jar:5.0.4.RELEASE]
	at org.springframework.context.support.AbstractApplicationContext.refresh(AbstractApplicationContext.java:549) ~[spring-context-5.0.4.RELEASE.jar:5.0.4.RELEASE]
	at org.springframework.boot.SpringApplication.refresh(SpringApplication.java:752) ~[spring-boot-2.0.0.RELEASE.jar:2.0.0.RELEASE]
	at org.springframework.boot.SpringApplication.refreshContext(SpringApplication.java:388) ~[spring-boot-2.0.0.RELEASE.jar:2.0.0.RELEASE]
	at org.springframework.boot.SpringApplication.run(SpringApplication.java:327) ~[spring-boot-2.0.0.RELEASE.jar:2.0.0.RELEASE]
	at org.springframework.boot.test.context.SpringBootContextLoader.loadContext(SpringBootContextLoader.java:138) ~[spring-boot-test-2.0.0.RELEASE.jar:2.0.0.RELEASE]
	at org.springframework.test.context.cache.DefaultCacheAwareContextLoaderDelegate.loadContextInternal(DefaultCacheAwareContextLoaderDelegate.java:99) ~[spring-test-5.0.4.RELEASE.jar:5.0.4.RELEASE]
	at org.springframework.test.context.cache.DefaultCacheAwareContextLoaderDelegate.loadContext(DefaultCacheAwareContextLoaderDelegate.java:117) ~[spring-test-5.0.4.RELEASE.jar:5.0.4.RELEASE]
	... 27 common frames omitted
Caused by: org.springframework.beans.factory.NoSuchBeanDefinitionException: No qualifying bean of type 'org.kitodo.mediaserver.core.util.MediaServerUtils' available: expected at least 1 bean which qualifies as autowire candidate. Dependency annotations: {}
	at org.springframework.beans.factory.support.DefaultListableBeanFactory.raiseNoMatchingBeanFound(DefaultListableBeanFactory.java:1509) ~[spring-beans-5.0.4.RELEASE.jar:5.0.4.RELEASE]
	at org.springframework.beans.factory.support.DefaultListableBeanFactory.doResolveDependency(DefaultListableBeanFactory.java:1104) ~[spring-beans-5.0.4.RELEASE.jar:5.0.4.RELEASE]
	at org.springframework.beans.factory.support.DefaultListableBeanFactory.resolveDependency(DefaultListableBeanFactory.java:1065) ~[spring-beans-5.0.4.RELEASE.jar:5.0.4.RELEASE]
	at org.springframework.beans.factory.annotation.AutowiredAnnotationBeanPostProcessor$AutowiredMethodElement.inject(AutowiredAnnotationBeanPostProcessor.java:660) ~[spring-beans-5.0.4.RELEASE.jar:5.0.4.RELEASE]
	... 45 common frames omitted

]]></system-out>
  </testcase>
  <testcase name="testCreateSubmit" classname="org.kitodo.mediaserver.ui.users.UserControllerTest" time="0.001">
    <error message="Failed to load ApplicationContext" type="java.lang.IllegalStateException">java.lang.IllegalStateException: Failed to load ApplicationContext
Caused by: org.springframework.beans.factory.UnsatisfiedDependencyException: Error creating bean with name 'workLockAction': Unsatisfied dependency expressed through method 'setMediaServerUtils' parameter 0; nested exception is org.springframework.beans.factory.NoSuchBeanDefinitionException: No qualifying bean of type 'org.kitodo.mediaserver.core.util.MediaServerUtils' available: expected at least 1 bean which qualifies as autowire candidate. Dependency annotations: {}
Caused by: org.springframework.beans.factory.NoSuchBeanDefinitionException: No qualifying bean of type 'org.kitodo.mediaserver.core.util.MediaServerUtils' available: expected at least 1 bean which qualifies as autowire candidate. Dependency annotations: {}
</error>
    <system-out><![CDATA[
  .   ____          _            __ _ _
 /\\ / ___'_ __ _ _(_)_ __  __ _ \ \ \ \
( ( )\___ | '_ | '_| | '_ \/ _` | \ \ \ \
 \\/  ___)| |_)| | | | | || (_| |  ) ) ) )
  '  |____| .__|_| |_|_| |_\__, | / / / /
 =========|_|==============|___/=/_/_/_/
 :: Spring Boot ::        (v2.0.0.RELEASE)

2018-05-30 17:45:40.971  INFO 608 --- [           main] o.k.m.ui.users.UserControllerTest        : Starting UserControllerTest on spirals-vortex.lille.inria.fr with PID 608 (started by root in /root/workspace/ponchofiesta/kitodo-mediaserver/385755653/kitodo-mediaserver-ui)
2018-05-30 17:45:40.972  INFO 608 --- [           main] o.k.m.ui.users.UserControllerTest        : No active profile set, falling back to default profiles: default
2018-05-30 17:45:40.975  INFO 608 --- [           main] o.s.w.c.s.GenericWebApplicationContext   : Refreshing org.springframework.web.context.support.GenericWebApplicationContext@4ede8888: startup date [Wed May 30 17:45:40 CEST 2018]; root of context hierarchy
2018-05-30 17:45:41.245  INFO 608 --- [           main] beddedDataSourceBeanFactoryPostProcessor : Replacing 'dataSource' DataSource bean with embedded version
2018-05-30 17:45:41.245  INFO 608 --- [           main] o.s.b.f.s.DefaultListableBeanFactory     : Overriding bean definition for bean 'dataSource' with a different definition: replacing [Root bean: class [null]; scope=; abstract=false; lazyInit=false; autowireMode=3; dependencyCheck=0; autowireCandidate=true; primary=false; factoryBeanName=org.springframework.boot.autoconfigure.jdbc.DataSourceConfiguration$Hikari; factoryMethodName=dataSource; initMethodName=null; destroyMethodName=(inferred); defined in class path resource [org/springframework/boot/autoconfigure/jdbc/DataSourceConfiguration$Hikari.class]] with [Root bean: class [org.springframework.boot.test.autoconfigure.jdbc.TestDatabaseAutoConfiguration$EmbeddedDataSourceFactoryBean]; scope=; abstract=false; lazyInit=false; autowireMode=0; dependencyCheck=0; autowireCandidate=true; primary=false; factoryBeanName=null; factoryMethodName=null; initMethodName=null; destroyMethodName=null]
2018-05-30 17:45:41.359  INFO 608 --- [           main] o.s.j.d.e.EmbeddedDatabaseFactory        : Starting embedded database: url='jdbc:h2:mem:4db5d925-1549-4c9e-bb82-e2192f62cce8;DB_CLOSE_DELAY=-1;DB_CLOSE_ON_EXIT=false', username='sa'
2018-05-30 17:45:41.377  INFO 608 --- [           main] o.s.jdbc.datasource.init.ScriptUtils     : Executing SQL script from URL [file:/root/workspace/ponchofiesta/kitodo-mediaserver/385755653/kitodo-mediaserver-core/target/classes/schema.sql]
2018-05-30 17:45:41.386  INFO 608 --- [           main] o.s.jdbc.datasource.init.ScriptUtils     : Executed SQL script from URL [file:/root/workspace/ponchofiesta/kitodo-mediaserver/385755653/kitodo-mediaserver-core/target/classes/schema.sql] in 9 ms.
2018-05-30 17:45:41.390  INFO 608 --- [           main] o.s.jdbc.datasource.init.ScriptUtils     : Executing SQL script from URL [file:/root/workspace/ponchofiesta/kitodo-mediaserver/385755653/kitodo-mediaserver-core/target/classes/data.sql]
2018-05-30 17:45:41.391  INFO 608 --- [           main] o.s.jdbc.datasource.init.ScriptUtils     : Executed SQL script from URL [file:/root/workspace/ponchofiesta/kitodo-mediaserver/385755653/kitodo-mediaserver-core/target/classes/data.sql] in 1 ms.
2018-05-30 17:45:41.437  INFO 608 --- [           main] j.LocalContainerEntityManagerFactoryBean : Building JPA container EntityManagerFactory for persistence unit 'default'
2018-05-30 17:45:41.438  INFO 608 --- [           main] o.hibernate.jpa.internal.util.LogHelper  : HHH000204: Processing PersistenceUnitInfo [
	name: default
	...]
2018-05-30 17:45:41.446  INFO 608 --- [           main] org.hibernate.dialect.Dialect            : HHH000400: Using dialect: org.hibernate.dialect.H2Dialect
Hibernate: drop table action_data if exists
Hibernate: drop table identifier if exists
Hibernate: drop table parameter if exists
Hibernate: drop table user if exists
Hibernate: drop table work if exists
Hibernate: create table action_data (id integer generated by default as identity, action_name varchar(255), end_time timestamp, request_time timestamp, start_time timestamp, work_id varchar(255) not null, primary key (id))
Hibernate: create table identifier (identifier varchar(255) not null, type varchar(255), work_id varchar(255) not null, primary key (identifier))
Hibernate: create table parameter (action_data_id integer not null, parameter varchar(255), parameter_key varchar(255) not null, primary key (action_data_id, parameter_key))
Hibernate: create table user (username varchar(255) not null, enabled boolean, name varchar(255), password varchar(60), primary key (username))
Hibernate: create table work (id varchar(255) not null, enabled boolean not null, path varchar(255), title varchar(255), primary key (id))
Hibernate: alter table action_data add constraint FKhauld9xvs8kr1uwnv0hy6ey0i foreign key (work_id) references work
Hibernate: alter table identifier add constraint FK1j790dbcrwm7popfo24ckd3yh foreign key (work_id) references work
Hibernate: alter table parameter add constraint FKit17rdxw4du6a0gh7tn18nq9p foreign key (action_data_id) references action_data
2018-05-30 17:45:41.520  INFO 608 --- [           main] o.h.t.schema.internal.SchemaCreatorImpl  : HHH000476: Executing import script 'org.hibernate.tool.schema.internal.exec.ScriptSourceInputNonExistentImpl@61db86bf'
2018-05-30 17:45:41.521  INFO 608 --- [           main] j.LocalContainerEntityManagerFactoryBean : Initialized JPA EntityManagerFactory for persistence unit 'default'
2018-05-30 17:45:41.897  INFO 608 --- [           main] o.s.s.web.DefaultSecurityFilterChain     : Creating filter chain: org.springframework.security.web.util.matcher.AnyRequestMatcher@1, [org.springframework.security.web.context.request.async.WebAsyncManagerIntegrationFilter@3f33bb6f, org.springframework.security.web.context.SecurityContextPersistenceFilter@116b0b32, org.springframework.security.web.header.HeaderWriterFilter@f6cde7e, org.springframework.security.web.csrf.CsrfFilter@64af5454, org.springframework.security.web.authentication.logout.LogoutFilter@6e7f29d5, org.springframework.security.web.authentication.UsernamePasswordAuthenticationFilter@2c4eae94, org.springframework.security.web.savedrequest.RequestCacheAwareFilter@4f22fd5d, org.springframework.security.web.servletapi.SecurityContextHolderAwareRequestFilter@26d445e9, org.springframework.security.web.authentication.AnonymousAuthenticationFilter@446cc036, org.springframework.security.web.session.SessionManagementFilter@ff8e36d, org.springframework.security.web.access.ExceptionTranslationFilter@94aeba1, org.springframework.security.web.access.intercept.FilterSecurityInterceptor@4cb773c5]
2018-05-30 17:45:41.910  WARN 608 --- [           main] aWebConfiguration$JpaWebMvcConfiguration : spring.jpa.open-in-view is enabled by default. Therefore, database queries may be performed during view rendering. Explicitly configure spring.jpa.open-in-view to disable this warning
2018-05-30 17:45:41.933  INFO 608 --- [           main] s.w.s.m.m.a.RequestMappingHandlerMapping : Mapped "{[/]}" onto public java.lang.String org.kitodo.mediaserver.ui.IndexController.index()
2018-05-30 17:45:41.938  INFO 608 --- [           main] s.w.s.m.m.a.RequestMappingHandlerMapping : Mapped "{[/jobs]}" onto public java.lang.String org.kitodo.mediaserver.ui.jobs.JobsController.jobs(org.springframework.ui.Model)
2018-05-30 17:45:41.939  INFO 608 --- [           main] s.w.s.m.m.a.RequestMappingHandlerMapping : Mapped "{[/status]}" onto public java.lang.String org.kitodo.mediaserver.ui.status.StatusController.status(org.springframework.ui.Model)
2018-05-30 17:45:41.941  INFO 608 --- [           main] s.w.s.m.m.a.RequestMappingHandlerMapping : Mapped "{[/users/{username}],methods=[GET]}" onto public java.lang.String org.kitodo.mediaserver.ui.users.UserController.editForm(org.springframework.ui.Model,java.lang.String)
2018-05-30 17:45:41.941  INFO 608 --- [           main] s.w.s.m.m.a.RequestMappingHandlerMapping : Mapped "{[/users/{username}],methods=[POST]}" onto public java.lang.String org.kitodo.mediaserver.ui.users.UserController.editSubmit(org.springframework.ui.Model,java.lang.String,org.kitodo.mediaserver.ui.users.UserDto,org.springframework.validation.BindingResult,java.security.Principal)
2018-05-30 17:45:41.942  INFO 608 --- [           main] s.w.s.m.m.a.RequestMappingHandlerMapping : Mapped "{[/users/{username}/delete],methods=[POST]}" onto public java.lang.String org.kitodo.mediaserver.ui.users.UserController.deleteSubmit(java.lang.String,org.springframework.web.servlet.mvc.support.RedirectAttributes,java.security.Principal)
2018-05-30 17:45:41.942  INFO 608 --- [           main] s.w.s.m.m.a.RequestMappingHandlerMapping : Mapped "{[/users/-new],methods=[GET]}" onto public java.lang.String org.kitodo.mediaserver.ui.users.UserController.createForm(org.springframework.ui.Model)
2018-05-30 17:45:41.942  INFO 608 --- [           main] s.w.s.m.m.a.RequestMappingHandlerMapping : Mapped "{[/users/-new],methods=[POST]}" onto public java.lang.String org.kitodo.mediaserver.ui.users.UserController.createSubmit(org.springframework.ui.Model,org.kitodo.mediaserver.ui.users.UserDto,org.springframework.validation.BindingResult)
2018-05-30 17:45:41.943  INFO 608 --- [           main] s.w.s.m.m.a.RequestMappingHandlerMapping : Mapped "{[/users]}" onto public java.lang.String org.kitodo.mediaserver.ui.users.UserController.list(org.springframework.ui.Model,java.lang.String)
2018-05-30 17:45:41.944  INFO 608 --- [           main] s.w.s.m.m.a.RequestMappingHandlerMapping : Mapped "{[/works/{id}/lockcomment],methods=[GET],produces=[application/json]}" onto public java.util.Map<java.lang.String, java.lang.String> org.kitodo.mediaserver.ui.works.WorkController.getLockComment(java.lang.String) throws org.kitodo.mediaserver.core.exceptions.WorkNotFoundException
2018-05-30 17:45:41.945  INFO 608 --- [           main] s.w.s.m.m.a.RequestMappingHandlerMapping : Mapped "{[/works/{id}],methods=[POST]}" onto public java.lang.String org.kitodo.mediaserver.ui.works.WorkController.edit(java.lang.String,java.lang.String,java.lang.String,org.springframework.web.servlet.mvc.support.RedirectAttributes)
2018-05-30 17:45:41.945  INFO 608 --- [           main] s.w.s.m.m.a.RequestMappingHandlerMapping : Mapped "{[/works/{id}/cache/delete],methods=[POST]}" onto public java.lang.String org.kitodo.mediaserver.ui.works.WorkController.cacheDelete(java.lang.String,org.springframework.web.servlet.mvc.support.RedirectAttributes)
2018-05-30 17:45:41.945  INFO 608 --- [           main] s.w.s.m.m.a.RequestMappingHandlerMapping : Mapped "{[/works]}" onto public java.lang.String org.kitodo.mediaserver.ui.works.WorkController.list(org.springframework.ui.Model,org.springframework.data.domain.Pageable,java.lang.String,java.lang.String)
2018-05-30 17:45:41.960  INFO 608 --- [           main] o.s.w.s.handler.SimpleUrlHandlerMapping  : Mapped URL path [/login] onto handler of type [class org.springframework.web.servlet.mvc.ParameterizableViewController]
2018-05-30 17:45:41.975  INFO 608 --- [           main] o.s.w.s.handler.SimpleUrlHandlerMapping  : Mapped URL path [/static/**] onto handler of type [class org.springframework.web.servlet.resource.ResourceHttpRequestHandler]
2018-05-30 17:45:42.012  INFO 608 --- [           main] s.w.s.m.m.a.RequestMappingHandlerAdapter : Looking for @ControllerAdvice: org.springframework.web.context.support.GenericWebApplicationContext@4ede8888: startup date [Wed May 30 17:45:40 CEST 2018]; root of context hierarchy
2018-05-30 17:45:42.048  WARN 608 --- [           main] o.s.w.c.s.GenericWebApplicationContext   : Exception encountered during context initialization - cancelling refresh attempt: org.springframework.beans.factory.UnsatisfiedDependencyException: Error creating bean with name 'workLockAction': Unsatisfied dependency expressed through method 'setMediaServerUtils' parameter 0; nested exception is org.springframework.beans.factory.NoSuchBeanDefinitionException: No qualifying bean of type 'org.kitodo.mediaserver.core.util.MediaServerUtils' available: expected at least 1 bean which qualifies as autowire candidate. Dependency annotations: {}
2018-05-30 17:45:42.049  INFO 608 --- [           main] j.LocalContainerEntityManagerFactoryBean : Closing JPA EntityManagerFactory for persistence unit 'default'
2018-05-30 17:45:42.050  INFO 608 --- [           main] .SchemaDropperImpl$DelayedDropActionImpl : HHH000477: Starting delayed drop of schema as part of SessionFactory shut-down'
Hibernate: drop table action_data if exists
Hibernate: drop table identifier if exists
Hibernate: drop table parameter if exists
Hibernate: drop table user if exists
Hibernate: drop table work if exists
2018-05-30 17:45:42.054  INFO 608 --- [           main] ConditionEvaluationReportLoggingListener : 

Error starting ApplicationContext. To display the conditions report re-run your application with 'debug' enabled.
2018-05-30 17:45:42.075 ERROR 608 --- [           main] o.s.b.d.LoggingFailureAnalysisReporter   : 

***************************
APPLICATION FAILED TO START
***************************

Description:

Parameter 0 of method setMediaServerUtils in org.kitodo.mediaserver.core.actions.WorkLockAction required a bean of type 'org.kitodo.mediaserver.core.util.MediaServerUtils' that could not be found.


Action:

Consider defining a bean of type 'org.kitodo.mediaserver.core.util.MediaServerUtils' in your configuration.

2018-05-30 17:45:42.077 ERROR 608 --- [           main] o.s.test.context.TestContextManager      : Caught exception while allowing TestExecutionListener [org.springframework.test.context.web.ServletTestExecutionListener@8d29719] to prepare test instance [org.kitodo.mediaserver.ui.users.UserControllerTest@31c56721]

java.lang.IllegalStateException: Failed to load ApplicationContext
	at org.springframework.test.context.cache.DefaultCacheAwareContextLoaderDelegate.loadContext(DefaultCacheAwareContextLoaderDelegate.java:125) ~[spring-test-5.0.4.RELEASE.jar:5.0.4.RELEASE]
	at org.springframework.test.context.support.DefaultTestContext.getApplicationContext(DefaultTestContext.java:107) ~[spring-test-5.0.4.RELEASE.jar:5.0.4.RELEASE]
	at org.springframework.test.context.web.ServletTestExecutionListener.setUpRequestContextIfNecessary(ServletTestExecutionListener.java:190) ~[spring-test-5.0.4.RELEASE.jar:5.0.4.RELEASE]
	at org.springframework.test.context.web.ServletTestExecutionListener.prepareTestInstance(ServletTestExecutionListener.java:132) ~[spring-test-5.0.4.RELEASE.jar:5.0.4.RELEASE]
	at org.springframework.test.context.TestContextManager.prepareTestInstance(TestContextManager.java:242) ~[spring-test-5.0.4.RELEASE.jar:5.0.4.RELEASE]
	at org.springframework.test.context.junit4.SpringJUnit4ClassRunner.createTest(SpringJUnit4ClassRunner.java:227) [spring-test-5.0.4.RELEASE.jar:5.0.4.RELEASE]
	at org.springframework.test.context.junit4.SpringJUnit4ClassRunner$1.runReflectiveCall(SpringJUnit4ClassRunner.java:289) [spring-test-5.0.4.RELEASE.jar:5.0.4.RELEASE]
	at org.junit.internal.runners.model.ReflectiveCallable.run(ReflectiveCallable.java:12) [junit-4.12.jar:4.12]
	at org.springframework.test.context.junit4.SpringJUnit4ClassRunner.methodBlock(SpringJUnit4ClassRunner.java:291) [spring-test-5.0.4.RELEASE.jar:5.0.4.RELEASE]
	at org.springframework.test.context.junit4.SpringJUnit4ClassRunner.runChild(SpringJUnit4ClassRunner.java:246) [spring-test-5.0.4.RELEASE.jar:5.0.4.RELEASE]
	at org.springframework.test.context.junit4.SpringJUnit4ClassRunner.runChild(SpringJUnit4ClassRunner.java:97) [spring-test-5.0.4.RELEASE.jar:5.0.4.RELEASE]
	at org.junit.runners.ParentRunner$3.run(ParentRunner.java:290) [junit-4.12.jar:4.12]
	at org.junit.runners.ParentRunner$1.schedule(ParentRunner.java:71) [junit-4.12.jar:4.12]
	at org.junit.runners.ParentRunner.runChildren(ParentRunner.java:288) [junit-4.12.jar:4.12]
	at org.junit.runners.ParentRunner.access$000(ParentRunner.java:58) [junit-4.12.jar:4.12]
	at org.junit.runners.ParentRunner$2.evaluate(ParentRunner.java:268) [junit-4.12.jar:4.12]
	at org.springframework.test.context.junit4.statements.RunBeforeTestClassCallbacks.evaluate(RunBeforeTestClassCallbacks.java:61) [spring-test-5.0.4.RELEASE.jar:5.0.4.RELEASE]
	at org.springframework.test.context.junit4.statements.RunAfterTestClassCallbacks.evaluate(RunAfterTestClassCallbacks.java:70) [spring-test-5.0.4.RELEASE.jar:5.0.4.RELEASE]
	at org.junit.runners.ParentRunner.run(ParentRunner.java:363) [junit-4.12.jar:4.12]
	at org.springframework.test.context.junit4.SpringJUnit4ClassRunner.run(SpringJUnit4ClassRunner.java:190) [spring-test-5.0.4.RELEASE.jar:5.0.4.RELEASE]
	at org.apache.maven.surefire.junit4.JUnit4Provider.execute(JUnit4Provider.java:369) [surefire-junit4-2.20.1.jar:2.20.1]
	at org.apache.maven.surefire.junit4.JUnit4Provider.executeWithRerun(JUnit4Provider.java:275) [surefire-junit4-2.20.1.jar:2.20.1]
	at org.apache.maven.surefire.junit4.JUnit4Provider.executeTestSet(JUnit4Provider.java:239) [surefire-junit4-2.20.1.jar:2.20.1]
	at org.apache.maven.surefire.junit4.JUnit4Provider.invoke(JUnit4Provider.java:160) [surefire-junit4-2.20.1.jar:2.20.1]
	at org.apache.maven.surefire.booter.ForkedBooter.invokeProviderInSameClassLoader(ForkedBooter.java:373) [surefire-booter-2.20.1.jar:2.20.1]
	at org.apache.maven.surefire.booter.ForkedBooter.runSuitesInProcess(ForkedBooter.java:334) [surefire-booter-2.20.1.jar:2.20.1]
	at org.apache.maven.surefire.booter.ForkedBooter.execute(ForkedBooter.java:119) [surefire-booter-2.20.1.jar:2.20.1]
	at org.apache.maven.surefire.booter.ForkedBooter.main(ForkedBooter.java:407) [surefire-booter-2.20.1.jar:2.20.1]
Caused by: org.springframework.beans.factory.UnsatisfiedDependencyException: Error creating bean with name 'workLockAction': Unsatisfied dependency expressed through method 'setMediaServerUtils' parameter 0; nested exception is org.springframework.beans.factory.NoSuchBeanDefinitionException: No qualifying bean of type 'org.kitodo.mediaserver.core.util.MediaServerUtils' available: expected at least 1 bean which qualifies as autowire candidate. Dependency annotations: {}
	at org.springframework.beans.factory.annotation.AutowiredAnnotationBeanPostProcessor$AutowiredMethodElement.inject(AutowiredAnnotationBeanPostProcessor.java:668) ~[spring-beans-5.0.4.RELEASE.jar:5.0.4.RELEASE]
	at org.springframework.beans.factory.annotation.InjectionMetadata.inject(InjectionMetadata.java:91) ~[spring-beans-5.0.4.RELEASE.jar:5.0.4.RELEASE]
	at org.springframework.beans.factory.annotation.AutowiredAnnotationBeanPostProcessor.postProcessPropertyValues(AutowiredAnnotationBeanPostProcessor.java:373) ~[spring-beans-5.0.4.RELEASE.jar:5.0.4.RELEASE]
	at org.springframework.beans.factory.support.AbstractAutowireCapableBeanFactory.populateBean(AbstractAutowireCapableBeanFactory.java:1344) ~[spring-beans-5.0.4.RELEASE.jar:5.0.4.RELEASE]
	at org.springframework.beans.factory.support.AbstractAutowireCapableBeanFactory.doCreateBean(AbstractAutowireCapableBeanFactory.java:582) ~[spring-beans-5.0.4.RELEASE.jar:5.0.4.RELEASE]
	at org.springframework.beans.factory.support.AbstractAutowireCapableBeanFactory.createBean(AbstractAutowireCapableBeanFactory.java:502) ~[spring-beans-5.0.4.RELEASE.jar:5.0.4.RELEASE]
	at org.springframework.beans.factory.support.AbstractBeanFactory.lambda$doGetBean$0(AbstractBeanFactory.java:312) ~[spring-beans-5.0.4.RELEASE.jar:5.0.4.RELEASE]
	at org.springframework.beans.factory.support.DefaultSingletonBeanRegistry.getSingleton(DefaultSingletonBeanRegistry.java:228) ~[spring-beans-5.0.4.RELEASE.jar:5.0.4.RELEASE]
	at org.springframework.beans.factory.support.AbstractBeanFactory.doGetBean(AbstractBeanFactory.java:310) ~[spring-beans-5.0.4.RELEASE.jar:5.0.4.RELEASE]
	at org.springframework.beans.factory.support.AbstractBeanFactory.getBean(AbstractBeanFactory.java:200) ~[spring-beans-5.0.4.RELEASE.jar:5.0.4.RELEASE]
	at org.springframework.beans.factory.support.DefaultListableBeanFactory.preInstantiateSingletons(DefaultListableBeanFactory.java:760) ~[spring-beans-5.0.4.RELEASE.jar:5.0.4.RELEASE]
	at org.springframework.context.support.AbstractApplicationContext.finishBeanFactoryInitialization(AbstractApplicationContext.java:868) ~[spring-context-5.0.4.RELEASE.jar:5.0.4.RELEASE]
	at org.springframework.context.support.AbstractApplicationContext.refresh(AbstractApplicationContext.java:549) ~[spring-context-5.0.4.RELEASE.jar:5.0.4.RELEASE]
	at org.springframework.boot.SpringApplication.refresh(SpringApplication.java:752) ~[spring-boot-2.0.0.RELEASE.jar:2.0.0.RELEASE]
	at org.springframework.boot.SpringApplication.refreshContext(SpringApplication.java:388) ~[spring-boot-2.0.0.RELEASE.jar:2.0.0.RELEASE]
	at org.springframework.boot.SpringApplication.run(SpringApplication.java:327) ~[spring-boot-2.0.0.RELEASE.jar:2.0.0.RELEASE]
	at org.springframework.boot.test.context.SpringBootContextLoader.loadContext(SpringBootContextLoader.java:138) ~[spring-boot-test-2.0.0.RELEASE.jar:2.0.0.RELEASE]
	at org.springframework.test.context.cache.DefaultCacheAwareContextLoaderDelegate.loadContextInternal(DefaultCacheAwareContextLoaderDelegate.java:99) ~[spring-test-5.0.4.RELEASE.jar:5.0.4.RELEASE]
	at org.springframework.test.context.cache.DefaultCacheAwareContextLoaderDelegate.loadContext(DefaultCacheAwareContextLoaderDelegate.java:117) ~[spring-test-5.0.4.RELEASE.jar:5.0.4.RELEASE]
	... 27 common frames omitted
Caused by: org.springframework.beans.factory.NoSuchBeanDefinitionException: No qualifying bean of type 'org.kitodo.mediaserver.core.util.MediaServerUtils' available: expected at least 1 bean which qualifies as autowire candidate. Dependency annotations: {}
	at org.springframework.beans.factory.support.DefaultListableBeanFactory.raiseNoMatchingBeanFound(DefaultListableBeanFactory.java:1509) ~[spring-beans-5.0.4.RELEASE.jar:5.0.4.RELEASE]
	at org.springframework.beans.factory.support.DefaultListableBeanFactory.doResolveDependency(DefaultListableBeanFactory.java:1104) ~[spring-beans-5.0.4.RELEASE.jar:5.0.4.RELEASE]
	at org.springframework.beans.factory.support.DefaultListableBeanFactory.resolveDependency(DefaultListableBeanFactory.java:1065) ~[spring-beans-5.0.4.RELEASE.jar:5.0.4.RELEASE]
	at org.springframework.beans.factory.annotation.AutowiredAnnotationBeanPostProcessor$AutowiredMethodElement.inject(AutowiredAnnotationBeanPostProcessor.java:660) ~[spring-beans-5.0.4.RELEASE.jar:5.0.4.RELEASE]
	... 45 common frames omitted

]]></system-out>
  </testcase>
  <testcase name="testList" classname="org.kitodo.mediaserver.ui.users.UserControllerTest" time="0">
    <error message="Failed to load ApplicationContext" type="java.lang.IllegalStateException">java.lang.IllegalStateException: Failed to load ApplicationContext
Caused by: org.springframework.beans.factory.UnsatisfiedDependencyException: Error creating bean with name 'workLockAction': Unsatisfied dependency expressed through method 'setMediaServerUtils' parameter 0; nested exception is org.springframework.beans.factory.NoSuchBeanDefinitionException: No qualifying bean of type 'org.kitodo.mediaserver.core.util.MediaServerUtils' available: expected at least 1 bean which qualifies as autowire candidate. Dependency annotations: {}
Caused by: org.springframework.beans.factory.NoSuchBeanDefinitionException: No qualifying bean of type 'org.kitodo.mediaserver.core.util.MediaServerUtils' available: expected at least 1 bean which qualifies as autowire candidate. Dependency annotations: {}
</error>
    <system-out><![CDATA[
  .   ____          _            __ _ _
 /\\ / ___'_ __ _ _(_)_ __  __ _ \ \ \ \
( ( )\___ | '_ | '_| | '_ \/ _` | \ \ \ \
 \\/  ___)| |_)| | | | | || (_| |  ) ) ) )
  '  |____| .__|_| |_|_| |_\__, | / / / /
 =========|_|==============|___/=/_/_/_/
 :: Spring Boot ::        (v2.0.0.RELEASE)

2018-05-30 17:45:42.117  INFO 608 --- [           main] o.k.m.ui.users.UserControllerTest        : Starting UserControllerTest on spirals-vortex.lille.inria.fr with PID 608 (started by root in /root/workspace/ponchofiesta/kitodo-mediaserver/385755653/kitodo-mediaserver-ui)
2018-05-30 17:45:42.118  INFO 608 --- [           main] o.k.m.ui.users.UserControllerTest        : No active profile set, falling back to default profiles: default
2018-05-30 17:45:42.123  INFO 608 --- [           main] o.s.w.c.s.GenericWebApplicationContext   : Refreshing org.springframework.web.context.support.GenericWebApplicationContext@1ca0aa40: startup date [Wed May 30 17:45:42 CEST 2018]; root of context hierarchy
2018-05-30 17:45:42.264  INFO 608 --- [           main] beddedDataSourceBeanFactoryPostProcessor : Replacing 'dataSource' DataSource bean with embedded version
2018-05-30 17:45:42.264  INFO 608 --- [           main] o.s.b.f.s.DefaultListableBeanFactory     : Overriding bean definition for bean 'dataSource' with a different definition: replacing [Root bean: class [null]; scope=; abstract=false; lazyInit=false; autowireMode=3; dependencyCheck=0; autowireCandidate=true; primary=false; factoryBeanName=org.springframework.boot.autoconfigure.jdbc.DataSourceConfiguration$Hikari; factoryMethodName=dataSource; initMethodName=null; destroyMethodName=(inferred); defined in class path resource [org/springframework/boot/autoconfigure/jdbc/DataSourceConfiguration$Hikari.class]] with [Root bean: class [org.springframework.boot.test.autoconfigure.jdbc.TestDatabaseAutoConfiguration$EmbeddedDataSourceFactoryBean]; scope=; abstract=false; lazyInit=false; autowireMode=0; dependencyCheck=0; autowireCandidate=true; primary=false; factoryBeanName=null; factoryMethodName=null; initMethodName=null; destroyMethodName=null]
2018-05-30 17:45:42.338  INFO 608 --- [           main] o.s.j.d.e.EmbeddedDatabaseFactory        : Starting embedded database: url='jdbc:h2:mem:0b6846a0-434e-462a-ad6d-89c2bdc0a6a3;DB_CLOSE_DELAY=-1;DB_CLOSE_ON_EXIT=false', username='sa'
2018-05-30 17:45:42.354  INFO 608 --- [           main] o.s.jdbc.datasource.init.ScriptUtils     : Executing SQL script from URL [file:/root/workspace/ponchofiesta/kitodo-mediaserver/385755653/kitodo-mediaserver-core/target/classes/schema.sql]
2018-05-30 17:45:42.364  INFO 608 --- [           main] o.s.jdbc.datasource.init.ScriptUtils     : Executed SQL script from URL [file:/root/workspace/ponchofiesta/kitodo-mediaserver/385755653/kitodo-mediaserver-core/target/classes/schema.sql] in 10 ms.
2018-05-30 17:45:42.369  INFO 608 --- [           main] o.s.jdbc.datasource.init.ScriptUtils     : Executing SQL script from URL [file:/root/workspace/ponchofiesta/kitodo-mediaserver/385755653/kitodo-mediaserver-core/target/classes/data.sql]
2018-05-30 17:45:42.369  INFO 608 --- [           main] o.s.jdbc.datasource.init.ScriptUtils     : Executed SQL script from URL [file:/root/workspace/ponchofiesta/kitodo-mediaserver/385755653/kitodo-mediaserver-core/target/classes/data.sql] in 0 ms.
2018-05-30 17:45:42.419  INFO 608 --- [           main] j.LocalContainerEntityManagerFactoryBean : Building JPA container EntityManagerFactory for persistence unit 'default'
2018-05-30 17:45:42.419  INFO 608 --- [           main] o.hibernate.jpa.internal.util.LogHelper  : HHH000204: Processing PersistenceUnitInfo [
	name: default
	...]
2018-05-30 17:45:42.429  INFO 608 --- [           main] org.hibernate.dialect.Dialect            : HHH000400: Using dialect: org.hibernate.dialect.H2Dialect
Hibernate: drop table action_data if exists
Hibernate: drop table identifier if exists
Hibernate: drop table parameter if exists
Hibernate: drop table user if exists
Hibernate: drop table work if exists
Hibernate: create table action_data (id integer generated by default as identity, action_name varchar(255), end_time timestamp, request_time timestamp, start_time timestamp, work_id varchar(255) not null, primary key (id))
Hibernate: create table identifier (identifier varchar(255) not null, type varchar(255), work_id varchar(255) not null, primary key (identifier))
Hibernate: create table parameter (action_data_id integer not null, parameter varchar(255), parameter_key varchar(255) not null, primary key (action_data_id, parameter_key))
Hibernate: create table user (username varchar(255) not null, enabled boolean, name varchar(255), password varchar(60), primary key (username))
Hibernate: create table work (id varchar(255) not null, enabled boolean not null, path varchar(255), title varchar(255), primary key (id))
Hibernate: alter table action_data add constraint FKhauld9xvs8kr1uwnv0hy6ey0i foreign key (work_id) references work
Hibernate: alter table identifier add constraint FK1j790dbcrwm7popfo24ckd3yh foreign key (work_id) references work
Hibernate: alter table parameter add constraint FKit17rdxw4du6a0gh7tn18nq9p foreign key (action_data_id) references action_data
2018-05-30 17:45:42.500  INFO 608 --- [           main] o.h.t.schema.internal.SchemaCreatorImpl  : HHH000476: Executing import script 'org.hibernate.tool.schema.internal.exec.ScriptSourceInputNonExistentImpl@61db86bf'
2018-05-30 17:45:42.500  INFO 608 --- [           main] j.LocalContainerEntityManagerFactoryBean : Initialized JPA EntityManagerFactory for persistence unit 'default'
2018-05-30 17:45:42.829  INFO 608 --- [           main] o.s.s.web.DefaultSecurityFilterChain     : Creating filter chain: org.springframework.security.web.util.matcher.AnyRequestMatcher@1, [org.springframework.security.web.context.request.async.WebAsyncManagerIntegrationFilter@340c7479, org.springframework.security.web.context.SecurityContextPersistenceFilter@69e8b711, org.springframework.security.web.header.HeaderWriterFilter@58647985, org.springframework.security.web.csrf.CsrfFilter@50f6ecab, org.springframework.security.web.authentication.logout.LogoutFilter@67e1a5fd, org.springframework.security.web.authentication.UsernamePasswordAuthenticationFilter@79e9c14, org.springframework.security.web.savedrequest.RequestCacheAwareFilter@764a3867, org.springframework.security.web.servletapi.SecurityContextHolderAwareRequestFilter@d99df7a, org.springframework.security.web.authentication.AnonymousAuthenticationFilter@575e862c, org.springframework.security.web.session.SessionManagementFilter@e1c91cd, org.springframework.security.web.access.ExceptionTranslationFilter@fc21ff4, org.springframework.security.web.access.intercept.FilterSecurityInterceptor@21bd6fd1]
2018-05-30 17:45:42.840  WARN 608 --- [           main] aWebConfiguration$JpaWebMvcConfiguration : spring.jpa.open-in-view is enabled by default. Therefore, database queries may be performed during view rendering. Explicitly configure spring.jpa.open-in-view to disable this warning
2018-05-30 17:45:42.860  INFO 608 --- [           main] s.w.s.m.m.a.RequestMappingHandlerMapping : Mapped "{[/]}" onto public java.lang.String org.kitodo.mediaserver.ui.IndexController.index()
2018-05-30 17:45:42.861  INFO 608 --- [           main] s.w.s.m.m.a.RequestMappingHandlerMapping : Mapped "{[/jobs]}" onto public java.lang.String org.kitodo.mediaserver.ui.jobs.JobsController.jobs(org.springframework.ui.Model)
2018-05-30 17:45:42.862  INFO 608 --- [           main] s.w.s.m.m.a.RequestMappingHandlerMapping : Mapped "{[/status]}" onto public java.lang.String org.kitodo.mediaserver.ui.status.StatusController.status(org.springframework.ui.Model)
2018-05-30 17:45:42.867  INFO 608 --- [           main] s.w.s.m.m.a.RequestMappingHandlerMapping : Mapped "{[/users/{username}],methods=[GET]}" onto public java.lang.String org.kitodo.mediaserver.ui.users.UserController.editForm(org.springframework.ui.Model,java.lang.String)
2018-05-30 17:45:42.867  INFO 608 --- [           main] s.w.s.m.m.a.RequestMappingHandlerMapping : Mapped "{[/users/{username}],methods=[POST]}" onto public java.lang.String org.kitodo.mediaserver.ui.users.UserController.editSubmit(org.springframework.ui.Model,java.lang.String,org.kitodo.mediaserver.ui.users.UserDto,org.springframework.validation.BindingResult,java.security.Principal)
2018-05-30 17:45:42.867  INFO 608 --- [           main] s.w.s.m.m.a.RequestMappingHandlerMapping : Mapped "{[/users/{username}/delete],methods=[POST]}" onto public java.lang.String org.kitodo.mediaserver.ui.users.UserController.deleteSubmit(java.lang.String,org.springframework.web.servlet.mvc.support.RedirectAttributes,java.security.Principal)
2018-05-30 17:45:42.867  INFO 608 --- [           main] s.w.s.m.m.a.RequestMappingHandlerMapping : Mapped "{[/users/-new],methods=[GET]}" onto public java.lang.String org.kitodo.mediaserver.ui.users.UserController.createForm(org.springframework.ui.Model)
2018-05-30 17:45:42.868  INFO 608 --- [           main] s.w.s.m.m.a.RequestMappingHandlerMapping : Mapped "{[/users/-new],methods=[POST]}" onto public java.lang.String org.kitodo.mediaserver.ui.users.UserController.createSubmit(org.springframework.ui.Model,org.kitodo.mediaserver.ui.users.UserDto,org.springframework.validation.BindingResult)
2018-05-30 17:45:42.868  INFO 608 --- [           main] s.w.s.m.m.a.RequestMappingHandlerMapping : Mapped "{[/users]}" onto public java.lang.String org.kitodo.mediaserver.ui.users.UserController.list(org.springframework.ui.Model,java.lang.String)
2018-05-30 17:45:42.869  INFO 608 --- [           main] s.w.s.m.m.a.RequestMappingHandlerMapping : Mapped "{[/works/{id}/lockcomment],methods=[GET],produces=[application/json]}" onto public java.util.Map<java.lang.String, java.lang.String> org.kitodo.mediaserver.ui.works.WorkController.getLockComment(java.lang.String) throws org.kitodo.mediaserver.core.exceptions.WorkNotFoundException
2018-05-30 17:45:42.869  INFO 608 --- [           main] s.w.s.m.m.a.RequestMappingHandlerMapping : Mapped "{[/works/{id}],methods=[POST]}" onto public java.lang.String org.kitodo.mediaserver.ui.works.WorkController.edit(java.lang.String,java.lang.String,java.lang.String,org.springframework.web.servlet.mvc.support.RedirectAttributes)
2018-05-30 17:45:42.870  INFO 608 --- [           main] s.w.s.m.m.a.RequestMappingHandlerMapping : Mapped "{[/works/{id}/cache/delete],methods=[POST]}" onto public java.lang.String org.kitodo.mediaserver.ui.works.WorkController.cacheDelete(java.lang.String,org.springframework.web.servlet.mvc.support.RedirectAttributes)
2018-05-30 17:45:42.870  INFO 608 --- [           main] s.w.s.m.m.a.RequestMappingHandlerMapping : Mapped "{[/works]}" onto public java.lang.String org.kitodo.mediaserver.ui.works.WorkController.list(org.springframework.ui.Model,org.springframework.data.domain.Pageable,java.lang.String,java.lang.String)
2018-05-30 17:45:42.885  INFO 608 --- [           main] o.s.w.s.handler.SimpleUrlHandlerMapping  : Mapped URL path [/login] onto handler of type [class org.springframework.web.servlet.mvc.ParameterizableViewController]
2018-05-30 17:45:42.900  INFO 608 --- [           main] o.s.w.s.handler.SimpleUrlHandlerMapping  : Mapped URL path [/static/**] onto handler of type [class org.springframework.web.servlet.resource.ResourceHttpRequestHandler]
2018-05-30 17:45:42.931  INFO 608 --- [           main] s.w.s.m.m.a.RequestMappingHandlerAdapter : Looking for @ControllerAdvice: org.springframework.web.context.support.GenericWebApplicationContext@1ca0aa40: startup date [Wed May 30 17:45:42 CEST 2018]; root of context hierarchy
2018-05-30 17:45:42.973  WARN 608 --- [           main] o.s.w.c.s.GenericWebApplicationContext   : Exception encountered during context initialization - cancelling refresh attempt: org.springframework.beans.factory.UnsatisfiedDependencyException: Error creating bean with name 'workLockAction': Unsatisfied dependency expressed through method 'setMediaServerUtils' parameter 0; nested exception is org.springframework.beans.factory.NoSuchBeanDefinitionException: No qualifying bean of type 'org.kitodo.mediaserver.core.util.MediaServerUtils' available: expected at least 1 bean which qualifies as autowire candidate. Dependency annotations: {}
2018-05-30 17:45:42.973  INFO 608 --- [           main] j.LocalContainerEntityManagerFactoryBean : Closing JPA EntityManagerFactory for persistence unit 'default'
2018-05-30 17:45:42.974  INFO 608 --- [           main] .SchemaDropperImpl$DelayedDropActionImpl : HHH000477: Starting delayed drop of schema as part of SessionFactory shut-down'
Hibernate: drop table action_data if exists
Hibernate: drop table identifier if exists
Hibernate: drop table parameter if exists
Hibernate: drop table user if exists
Hibernate: drop table work if exists
2018-05-30 17:45:42.979  INFO 608 --- [           main] ConditionEvaluationReportLoggingListener : 

Error starting ApplicationContext. To display the conditions report re-run your application with 'debug' enabled.
2018-05-30 17:45:43.019 ERROR 608 --- [           main] o.s.b.d.LoggingFailureAnalysisReporter   : 

***************************
APPLICATION FAILED TO START
***************************

Description:

Parameter 0 of method setMediaServerUtils in org.kitodo.mediaserver.core.actions.WorkLockAction required a bean of type 'org.kitodo.mediaserver.core.util.MediaServerUtils' that could not be found.


Action:

Consider defining a bean of type 'org.kitodo.mediaserver.core.util.MediaServerUtils' in your configuration.

2018-05-30 17:45:43.022 ERROR 608 --- [           main] o.s.test.context.TestContextManager      : Caught exception while allowing TestExecutionListener [org.springframework.test.context.web.ServletTestExecutionListener@8d29719] to prepare test instance [org.kitodo.mediaserver.ui.users.UserControllerTest@7f9dbe11]

java.lang.IllegalStateException: Failed to load ApplicationContext
	at org.springframework.test.context.cache.DefaultCacheAwareContextLoaderDelegate.loadContext(DefaultCacheAwareContextLoaderDelegate.java:125) ~[spring-test-5.0.4.RELEASE.jar:5.0.4.RELEASE]
	at org.springframework.test.context.support.DefaultTestContext.getApplicationContext(DefaultTestContext.java:107) ~[spring-test-5.0.4.RELEASE.jar:5.0.4.RELEASE]
	at org.springframework.test.context.web.ServletTestExecutionListener.setUpRequestContextIfNecessary(ServletTestExecutionListener.java:190) ~[spring-test-5.0.4.RELEASE.jar:5.0.4.RELEASE]
	at org.springframework.test.context.web.ServletTestExecutionListener.prepareTestInstance(ServletTestExecutionListener.java:132) ~[spring-test-5.0.4.RELEASE.jar:5.0.4.RELEASE]
	at org.springframework.test.context.TestContextManager.prepareTestInstance(TestContextManager.java:242) ~[spring-test-5.0.4.RELEASE.jar:5.0.4.RELEASE]
	at org.springframework.test.context.junit4.SpringJUnit4ClassRunner.createTest(SpringJUnit4ClassRunner.java:227) [spring-test-5.0.4.RELEASE.jar:5.0.4.RELEASE]
	at org.springframework.test.context.junit4.SpringJUnit4ClassRunner$1.runReflectiveCall(SpringJUnit4ClassRunner.java:289) [spring-test-5.0.4.RELEASE.jar:5.0.4.RELEASE]
	at org.junit.internal.runners.model.ReflectiveCallable.run(ReflectiveCallable.java:12) [junit-4.12.jar:4.12]
	at org.springframework.test.context.junit4.SpringJUnit4ClassRunner.methodBlock(SpringJUnit4ClassRunner.java:291) [spring-test-5.0.4.RELEASE.jar:5.0.4.RELEASE]
	at org.springframework.test.context.junit4.SpringJUnit4ClassRunner.runChild(SpringJUnit4ClassRunner.java:246) [spring-test-5.0.4.RELEASE.jar:5.0.4.RELEASE]
	at org.springframework.test.context.junit4.SpringJUnit4ClassRunner.runChild(SpringJUnit4ClassRunner.java:97) [spring-test-5.0.4.RELEASE.jar:5.0.4.RELEASE]
	at org.junit.runners.ParentRunner$3.run(ParentRunner.java:290) [junit-4.12.jar:4.12]
	at org.junit.runners.ParentRunner$1.schedule(ParentRunner.java:71) [junit-4.12.jar:4.12]
	at org.junit.runners.ParentRunner.runChildren(ParentRunner.java:288) [junit-4.12.jar:4.12]
	at org.junit.runners.ParentRunner.access$000(ParentRunner.java:58) [junit-4.12.jar:4.12]
	at org.junit.runners.ParentRunner$2.evaluate(ParentRunner.java:268) [junit-4.12.jar:4.12]
	at org.springframework.test.context.junit4.statements.RunBeforeTestClassCallbacks.evaluate(RunBeforeTestClassCallbacks.java:61) [spring-test-5.0.4.RELEASE.jar:5.0.4.RELEASE]
	at org.springframework.test.context.junit4.statements.RunAfterTestClassCallbacks.evaluate(RunAfterTestClassCallbacks.java:70) [spring-test-5.0.4.RELEASE.jar:5.0.4.RELEASE]
	at org.junit.runners.ParentRunner.run(ParentRunner.java:363) [junit-4.12.jar:4.12]
	at org.springframework.test.context.junit4.SpringJUnit4ClassRunner.run(SpringJUnit4ClassRunner.java:190) [spring-test-5.0.4.RELEASE.jar:5.0.4.RELEASE]
	at org.apache.maven.surefire.junit4.JUnit4Provider.execute(JUnit4Provider.java:369) [surefire-junit4-2.20.1.jar:2.20.1]
	at org.apache.maven.surefire.junit4.JUnit4Provider.executeWithRerun(JUnit4Provider.java:275) [surefire-junit4-2.20.1.jar:2.20.1]
	at org.apache.maven.surefire.junit4.JUnit4Provider.executeTestSet(JUnit4Provider.java:239) [surefire-junit4-2.20.1.jar:2.20.1]
	at org.apache.maven.surefire.junit4.JUnit4Provider.invoke(JUnit4Provider.java:160) [surefire-junit4-2.20.1.jar:2.20.1]
	at org.apache.maven.surefire.booter.ForkedBooter.invokeProviderInSameClassLoader(ForkedBooter.java:373) [surefire-booter-2.20.1.jar:2.20.1]
	at org.apache.maven.surefire.booter.ForkedBooter.runSuitesInProcess(ForkedBooter.java:334) [surefire-booter-2.20.1.jar:2.20.1]
	at org.apache.maven.surefire.booter.ForkedBooter.execute(ForkedBooter.java:119) [surefire-booter-2.20.1.jar:2.20.1]
	at org.apache.maven.surefire.booter.ForkedBooter.main(ForkedBooter.java:407) [surefire-booter-2.20.1.jar:2.20.1]
Caused by: org.springframework.beans.factory.UnsatisfiedDependencyException: Error creating bean with name 'workLockAction': Unsatisfied dependency expressed through method 'setMediaServerUtils' parameter 0; nested exception is org.springframework.beans.factory.NoSuchBeanDefinitionException: No qualifying bean of type 'org.kitodo.mediaserver.core.util.MediaServerUtils' available: expected at least 1 bean which qualifies as autowire candidate. Dependency annotations: {}
	at org.springframework.beans.factory.annotation.AutowiredAnnotationBeanPostProcessor$AutowiredMethodElement.inject(AutowiredAnnotationBeanPostProcessor.java:668) ~[spring-beans-5.0.4.RELEASE.jar:5.0.4.RELEASE]
	at org.springframework.beans.factory.annotation.InjectionMetadata.inject(InjectionMetadata.java:91) ~[spring-beans-5.0.4.RELEASE.jar:5.0.4.RELEASE]
	at org.springframework.beans.factory.annotation.AutowiredAnnotationBeanPostProcessor.postProcessPropertyValues(AutowiredAnnotationBeanPostProcessor.java:373) ~[spring-beans-5.0.4.RELEASE.jar:5.0.4.RELEASE]
	at org.springframework.beans.factory.support.AbstractAutowireCapableBeanFactory.populateBean(AbstractAutowireCapableBeanFactory.java:1344) ~[spring-beans-5.0.4.RELEASE.jar:5.0.4.RELEASE]
	at org.springframework.beans.factory.support.AbstractAutowireCapableBeanFactory.doCreateBean(AbstractAutowireCapableBeanFactory.java:582) ~[spring-beans-5.0.4.RELEASE.jar:5.0.4.RELEASE]
	at org.springframework.beans.factory.support.AbstractAutowireCapableBeanFactory.createBean(AbstractAutowireCapableBeanFactory.java:502) ~[spring-beans-5.0.4.RELEASE.jar:5.0.4.RELEASE]
	at org.springframework.beans.factory.support.AbstractBeanFactory.lambda$doGetBean$0(AbstractBeanFactory.java:312) ~[spring-beans-5.0.4.RELEASE.jar:5.0.4.RELEASE]
	at org.springframework.beans.factory.support.DefaultSingletonBeanRegistry.getSingleton(DefaultSingletonBeanRegistry.java:228) ~[spring-beans-5.0.4.RELEASE.jar:5.0.4.RELEASE]
	at org.springframework.beans.factory.support.AbstractBeanFactory.doGetBean(AbstractBeanFactory.java:310) ~[spring-beans-5.0.4.RELEASE.jar:5.0.4.RELEASE]
	at org.springframework.beans.factory.support.AbstractBeanFactory.getBean(AbstractBeanFactory.java:200) ~[spring-beans-5.0.4.RELEASE.jar:5.0.4.RELEASE]
	at org.springframework.beans.factory.support.DefaultListableBeanFactory.preInstantiateSingletons(DefaultListableBeanFactory.java:760) ~[spring-beans-5.0.4.RELEASE.jar:5.0.4.RELEASE]
	at org.springframework.context.support.AbstractApplicationContext.finishBeanFactoryInitialization(AbstractApplicationContext.java:868) ~[spring-context-5.0.4.RELEASE.jar:5.0.4.RELEASE]
	at org.springframework.context.support.AbstractApplicationContext.refresh(AbstractApplicationContext.java:549) ~[spring-context-5.0.4.RELEASE.jar:5.0.4.RELEASE]
	at org.springframework.boot.SpringApplication.refresh(SpringApplication.java:752) ~[spring-boot-2.0.0.RELEASE.jar:2.0.0.RELEASE]
	at org.springframework.boot.SpringApplication.refreshContext(SpringApplication.java:388) ~[spring-boot-2.0.0.RELEASE.jar:2.0.0.RELEASE]
	at org.springframework.boot.SpringApplication.run(SpringApplication.java:327) ~[spring-boot-2.0.0.RELEASE.jar:2.0.0.RELEASE]
	at org.springframework.boot.test.context.SpringBootContextLoader.loadContext(SpringBootContextLoader.java:138) ~[spring-boot-test-2.0.0.RELEASE.jar:2.0.0.RELEASE]
	at org.springframework.test.context.cache.DefaultCacheAwareContextLoaderDelegate.loadContextInternal(DefaultCacheAwareContextLoaderDelegate.java:99) ~[spring-test-5.0.4.RELEASE.jar:5.0.4.RELEASE]
	at org.springframework.test.context.cache.DefaultCacheAwareContextLoaderDelegate.loadContext(DefaultCacheAwareContextLoaderDelegate.java:117) ~[spring-test-5.0.4.RELEASE.jar:5.0.4.RELEASE]
	... 27 common frames omitted
Caused by: org.springframework.beans.factory.NoSuchBeanDefinitionException: No qualifying bean of type 'org.kitodo.mediaserver.core.util.MediaServerUtils' available: expected at least 1 bean which qualifies as autowire candidate. Dependency annotations: {}
	at org.springframework.beans.factory.support.DefaultListableBeanFactory.raiseNoMatchingBeanFound(DefaultListableBeanFactory.java:1509) ~[spring-beans-5.0.4.RELEASE.jar:5.0.4.RELEASE]
	at org.springframework.beans.factory.support.DefaultListableBeanFactory.doResolveDependency(DefaultListableBeanFactory.java:1104) ~[spring-beans-5.0.4.RELEASE.jar:5.0.4.RELEASE]
	at org.springframework.beans.factory.support.DefaultListableBeanFactory.resolveDependency(DefaultListableBeanFactory.java:1065) ~[spring-beans-5.0.4.RELEASE.jar:5.0.4.RELEASE]
	at org.springframework.beans.factory.annotation.AutowiredAnnotationBeanPostProcessor$AutowiredMethodElement.inject(AutowiredAnnotationBeanPostProcessor.java:660) ~[spring-beans-5.0.4.RELEASE.jar:5.0.4.RELEASE]
	... 45 common frames omitted

]]></system-out>
  </testcase>
  <testcase name="testEditDisableYourself" classname="org.kitodo.mediaserver.ui.users.UserControllerTest" time="0">
    <error message="Failed to load ApplicationContext" type="java.lang.IllegalStateException">java.lang.IllegalStateException: Failed to load ApplicationContext
Caused by: org.springframework.beans.factory.UnsatisfiedDependencyException: Error creating bean with name 'workLockAction': Unsatisfied dependency expressed through method 'setMediaServerUtils' parameter 0; nested exception is org.springframework.beans.factory.NoSuchBeanDefinitionException: No qualifying bean of type 'org.kitodo.mediaserver.core.util.MediaServerUtils' available: expected at least 1 bean which qualifies as autowire candidate. Dependency annotations: {}
Caused by: org.springframework.beans.factory.NoSuchBeanDefinitionException: No qualifying bean of type 'org.kitodo.mediaserver.core.util.MediaServerUtils' available: expected at least 1 bean which qualifies as autowire candidate. Dependency annotations: {}
</error>
    <system-out><![CDATA[
  .   ____          _            __ _ _
 /\\ / ___'_ __ _ _(_)_ __  __ _ \ \ \ \
( ( )\___ | '_ | '_| | '_ \/ _` | \ \ \ \
 \\/  ___)| |_)| | | | | || (_| |  ) ) ) )
  '  |____| .__|_| |_|_| |_\__, | / / / /
 =========|_|==============|___/=/_/_/_/
 :: Spring Boot ::        (v2.0.0.RELEASE)

2018-05-30 17:45:43.079  INFO 608 --- [           main] o.k.m.ui.users.UserControllerTest        : Starting UserControllerTest on spirals-vortex.lille.inria.fr with PID 608 (started by root in /root/workspace/ponchofiesta/kitodo-mediaserver/385755653/kitodo-mediaserver-ui)
2018-05-30 17:45:43.079  INFO 608 --- [           main] o.k.m.ui.users.UserControllerTest        : No active profile set, falling back to default profiles: default
2018-05-30 17:45:43.082  INFO 608 --- [           main] o.s.w.c.s.GenericWebApplicationContext   : Refreshing org.springframework.web.context.support.GenericWebApplicationContext@3b0c38f2: startup date [Wed May 30 17:45:43 CEST 2018]; root of context hierarchy
2018-05-30 17:45:43.232  INFO 608 --- [           main] beddedDataSourceBeanFactoryPostProcessor : Replacing 'dataSource' DataSource bean with embedded version
2018-05-30 17:45:43.232  INFO 608 --- [           main] o.s.b.f.s.DefaultListableBeanFactory     : Overriding bean definition for bean 'dataSource' with a different definition: replacing [Root bean: class [null]; scope=; abstract=false; lazyInit=false; autowireMode=3; dependencyCheck=0; autowireCandidate=true; primary=false; factoryBeanName=org.springframework.boot.autoconfigure.jdbc.DataSourceConfiguration$Hikari; factoryMethodName=dataSource; initMethodName=null; destroyMethodName=(inferred); defined in class path resource [org/springframework/boot/autoconfigure/jdbc/DataSourceConfiguration$Hikari.class]] with [Root bean: class [org.springframework.boot.test.autoconfigure.jdbc.TestDatabaseAutoConfiguration$EmbeddedDataSourceFactoryBean]; scope=; abstract=false; lazyInit=false; autowireMode=0; dependencyCheck=0; autowireCandidate=true; primary=false; factoryBeanName=null; factoryMethodName=null; initMethodName=null; destroyMethodName=null]
2018-05-30 17:45:43.325  INFO 608 --- [           main] o.s.j.d.e.EmbeddedDatabaseFactory        : Starting embedded database: url='jdbc:h2:mem:bdf5958c-c911-4efa-9ca1-bb30446cae5d;DB_CLOSE_DELAY=-1;DB_CLOSE_ON_EXIT=false', username='sa'
2018-05-30 17:45:43.344  INFO 608 --- [           main] o.s.jdbc.datasource.init.ScriptUtils     : Executing SQL script from URL [file:/root/workspace/ponchofiesta/kitodo-mediaserver/385755653/kitodo-mediaserver-core/target/classes/schema.sql]
2018-05-30 17:45:43.355  INFO 608 --- [           main] o.s.jdbc.datasource.init.ScriptUtils     : Executed SQL script from URL [file:/root/workspace/ponchofiesta/kitodo-mediaserver/385755653/kitodo-mediaserver-core/target/classes/schema.sql] in 11 ms.
2018-05-30 17:45:43.359  INFO 608 --- [           main] o.s.jdbc.datasource.init.ScriptUtils     : Executing SQL script from URL [file:/root/workspace/ponchofiesta/kitodo-mediaserver/385755653/kitodo-mediaserver-core/target/classes/data.sql]
2018-05-30 17:45:43.360  INFO 608 --- [           main] o.s.jdbc.datasource.init.ScriptUtils     : Executed SQL script from URL [file:/root/workspace/ponchofiesta/kitodo-mediaserver/385755653/kitodo-mediaserver-core/target/classes/data.sql] in 1 ms.
2018-05-30 17:45:43.409  INFO 608 --- [           main] j.LocalContainerEntityManagerFactoryBean : Building JPA container EntityManagerFactory for persistence unit 'default'
2018-05-30 17:45:43.409  INFO 608 --- [           main] o.hibernate.jpa.internal.util.LogHelper  : HHH000204: Processing PersistenceUnitInfo [
	name: default
	...]
2018-05-30 17:45:43.431  INFO 608 --- [           main] org.hibernate.dialect.Dialect            : HHH000400: Using dialect: org.hibernate.dialect.H2Dialect
Hibernate: drop table action_data if exists
Hibernate: drop table identifier if exists
Hibernate: drop table parameter if exists
Hibernate: drop table user if exists
Hibernate: drop table work if exists
Hibernate: create table action_data (id integer generated by default as identity, action_name varchar(255), end_time timestamp, request_time timestamp, start_time timestamp, work_id varchar(255) not null, primary key (id))
Hibernate: create table identifier (identifier varchar(255) not null, type varchar(255), work_id varchar(255) not null, primary key (identifier))
Hibernate: create table parameter (action_data_id integer not null, parameter varchar(255), parameter_key varchar(255) not null, primary key (action_data_id, parameter_key))
Hibernate: create table user (username varchar(255) not null, enabled boolean, name varchar(255), password varchar(60), primary key (username))
Hibernate: create table work (id varchar(255) not null, enabled boolean not null, path varchar(255), title varchar(255), primary key (id))
Hibernate: alter table action_data add constraint FKhauld9xvs8kr1uwnv0hy6ey0i foreign key (work_id) references work
Hibernate: alter table identifier add constraint FK1j790dbcrwm7popfo24ckd3yh foreign key (work_id) references work
Hibernate: alter table parameter add constraint FKit17rdxw4du6a0gh7tn18nq9p foreign key (action_data_id) references action_data
2018-05-30 17:45:43.515  INFO 608 --- [           main] o.h.t.schema.internal.SchemaCreatorImpl  : HHH000476: Executing import script 'org.hibernate.tool.schema.internal.exec.ScriptSourceInputNonExistentImpl@61db86bf'
2018-05-30 17:45:43.516  INFO 608 --- [           main] j.LocalContainerEntityManagerFactoryBean : Initialized JPA EntityManagerFactory for persistence unit 'default'
2018-05-30 17:45:43.849  INFO 608 --- [           main] o.s.s.web.DefaultSecurityFilterChain     : Creating filter chain: org.springframework.security.web.util.matcher.AnyRequestMatcher@1, [org.springframework.security.web.context.request.async.WebAsyncManagerIntegrationFilter@477e5b69, org.springframework.security.web.context.SecurityContextPersistenceFilter@628aea61, org.springframework.security.web.header.HeaderWriterFilter@6b286640, org.springframework.security.web.csrf.CsrfFilter@167bae0b, org.springframework.security.web.authentication.logout.LogoutFilter@6792f2c6, org.springframework.security.web.authentication.UsernamePasswordAuthenticationFilter@c931728, org.springframework.security.web.savedrequest.RequestCacheAwareFilter@3606eee9, org.springframework.security.web.servletapi.SecurityContextHolderAwareRequestFilter@1e34840f, org.springframework.security.web.authentication.AnonymousAuthenticationFilter@7da6d695, org.springframework.security.web.session.SessionManagementFilter@294a12b5, org.springframework.security.web.access.ExceptionTranslationFilter@14980819, org.springframework.security.web.access.intercept.FilterSecurityInterceptor@37f7ce20]
2018-05-30 17:45:43.863  WARN 608 --- [           main] aWebConfiguration$JpaWebMvcConfiguration : spring.jpa.open-in-view is enabled by default. Therefore, database queries may be performed during view rendering. Explicitly configure spring.jpa.open-in-view to disable this warning
2018-05-30 17:45:43.885  INFO 608 --- [           main] s.w.s.m.m.a.RequestMappingHandlerMapping : Mapped "{[/]}" onto public java.lang.String org.kitodo.mediaserver.ui.IndexController.index()
2018-05-30 17:45:43.886  INFO 608 --- [           main] s.w.s.m.m.a.RequestMappingHandlerMapping : Mapped "{[/jobs]}" onto public java.lang.String org.kitodo.mediaserver.ui.jobs.JobsController.jobs(org.springframework.ui.Model)
2018-05-30 17:45:43.886  INFO 608 --- [           main] s.w.s.m.m.a.RequestMappingHandlerMapping : Mapped "{[/status]}" onto public java.lang.String org.kitodo.mediaserver.ui.status.StatusController.status(org.springframework.ui.Model)
2018-05-30 17:45:43.888  INFO 608 --- [           main] s.w.s.m.m.a.RequestMappingHandlerMapping : Mapped "{[/users/{username}],methods=[GET]}" onto public java.lang.String org.kitodo.mediaserver.ui.users.UserController.editForm(org.springframework.ui.Model,java.lang.String)
2018-05-30 17:45:43.888  INFO 608 --- [           main] s.w.s.m.m.a.RequestMappingHandlerMapping : Mapped "{[/users/{username}],methods=[POST]}" onto public java.lang.String org.kitodo.mediaserver.ui.users.UserController.editSubmit(org.springframework.ui.Model,java.lang.String,org.kitodo.mediaserver.ui.users.UserDto,org.springframework.validation.BindingResult,java.security.Principal)
2018-05-30 17:45:43.888  INFO 608 --- [           main] s.w.s.m.m.a.RequestMappingHandlerMapping : Mapped "{[/users/{username}/delete],methods=[POST]}" onto public java.lang.String org.kitodo.mediaserver.ui.users.UserController.deleteSubmit(java.lang.String,org.springframework.web.servlet.mvc.support.RedirectAttributes,java.security.Principal)
2018-05-30 17:45:43.888  INFO 608 --- [           main] s.w.s.m.m.a.RequestMappingHandlerMapping : Mapped "{[/users/-new],methods=[GET]}" onto public java.lang.String org.kitodo.mediaserver.ui.users.UserController.createForm(org.springframework.ui.Model)
2018-05-30 17:45:43.888  INFO 608 --- [           main] s.w.s.m.m.a.RequestMappingHandlerMapping : Mapped "{[/users/-new],methods=[POST]}" onto public java.lang.String org.kitodo.mediaserver.ui.users.UserController.createSubmit(org.springframework.ui.Model,org.kitodo.mediaserver.ui.users.UserDto,org.springframework.validation.BindingResult)
2018-05-30 17:45:43.889  INFO 608 --- [           main] s.w.s.m.m.a.RequestMappingHandlerMapping : Mapped "{[/users]}" onto public java.lang.String org.kitodo.mediaserver.ui.users.UserController.list(org.springframework.ui.Model,java.lang.String)
2018-05-30 17:45:43.890  INFO 608 --- [           main] s.w.s.m.m.a.RequestMappingHandlerMapping : Mapped "{[/works/{id}/lockcomment],methods=[GET],produces=[application/json]}" onto public java.util.Map<java.lang.String, java.lang.String> org.kitodo.mediaserver.ui.works.WorkController.getLockComment(java.lang.String) throws org.kitodo.mediaserver.core.exceptions.WorkNotFoundException
2018-05-30 17:45:43.890  INFO 608 --- [           main] s.w.s.m.m.a.RequestMappingHandlerMapping : Mapped "{[/works/{id}],methods=[POST]}" onto public java.lang.String org.kitodo.mediaserver.ui.works.WorkController.edit(java.lang.String,java.lang.String,java.lang.String,org.springframework.web.servlet.mvc.support.RedirectAttributes)
2018-05-30 17:45:43.890  INFO 608 --- [           main] s.w.s.m.m.a.RequestMappingHandlerMapping : Mapped "{[/works/{id}/cache/delete],methods=[POST]}" onto public java.lang.String org.kitodo.mediaserver.ui.works.WorkController.cacheDelete(java.lang.String,org.springframework.web.servlet.mvc.support.RedirectAttributes)
2018-05-30 17:45:43.891  INFO 608 --- [           main] s.w.s.m.m.a.RequestMappingHandlerMapping : Mapped "{[/works]}" onto public java.lang.String org.kitodo.mediaserver.ui.works.WorkController.list(org.springframework.ui.Model,org.springframework.data.domain.Pageable,java.lang.String,java.lang.String)
2018-05-30 17:45:43.905  INFO 608 --- [           main] o.s.w.s.handler.SimpleUrlHandlerMapping  : Mapped URL path [/login] onto handler of type [class org.springframework.web.servlet.mvc.ParameterizableViewController]
2018-05-30 17:45:43.919  INFO 608 --- [           main] o.s.w.s.handler.SimpleUrlHandlerMapping  : Mapped URL path [/static/**] onto handler of type [class org.springframework.web.servlet.resource.ResourceHttpRequestHandler]
2018-05-30 17:45:43.951  INFO 608 --- [           main] s.w.s.m.m.a.RequestMappingHandlerAdapter : Looking for @ControllerAdvice: org.springframework.web.context.support.GenericWebApplicationContext@3b0c38f2: startup date [Wed May 30 17:45:43 CEST 2018]; root of context hierarchy
2018-05-30 17:45:43.985  WARN 608 --- [           main] o.s.w.c.s.GenericWebApplicationContext   : Exception encountered during context initialization - cancelling refresh attempt: org.springframework.beans.factory.UnsatisfiedDependencyException: Error creating bean with name 'workLockAction': Unsatisfied dependency expressed through method 'setMediaServerUtils' parameter 0; nested exception is org.springframework.beans.factory.NoSuchBeanDefinitionException: No qualifying bean of type 'org.kitodo.mediaserver.core.util.MediaServerUtils' available: expected at least 1 bean which qualifies as autowire candidate. Dependency annotations: {}
2018-05-30 17:45:43.986  INFO 608 --- [           main] j.LocalContainerEntityManagerFactoryBean : Closing JPA EntityManagerFactory for persistence unit 'default'
2018-05-30 17:45:43.986  INFO 608 --- [           main] .SchemaDropperImpl$DelayedDropActionImpl : HHH000477: Starting delayed drop of schema as part of SessionFactory shut-down'
Hibernate: drop table action_data if exists
Hibernate: drop table identifier if exists
Hibernate: drop table parameter if exists
Hibernate: drop table user if exists
Hibernate: drop table work if exists
2018-05-30 17:45:43.990  INFO 608 --- [           main] ConditionEvaluationReportLoggingListener : 

Error starting ApplicationContext. To display the conditions report re-run your application with 'debug' enabled.
2018-05-30 17:45:44.008 ERROR 608 --- [           main] o.s.b.d.LoggingFailureAnalysisReporter   : 

***************************
APPLICATION FAILED TO START
***************************

Description:

Parameter 0 of method setMediaServerUtils in org.kitodo.mediaserver.core.actions.WorkLockAction required a bean of type 'org.kitodo.mediaserver.core.util.MediaServerUtils' that could not be found.


Action:

Consider defining a bean of type 'org.kitodo.mediaserver.core.util.MediaServerUtils' in your configuration.

2018-05-30 17:45:44.010 ERROR 608 --- [           main] o.s.test.context.TestContextManager      : Caught exception while allowing TestExecutionListener [org.springframework.test.context.web.ServletTestExecutionListener@8d29719] to prepare test instance [org.kitodo.mediaserver.ui.users.UserControllerTest@579ee82]

java.lang.IllegalStateException: Failed to load ApplicationContext
	at org.springframework.test.context.cache.DefaultCacheAwareContextLoaderDelegate.loadContext(DefaultCacheAwareContextLoaderDelegate.java:125) ~[spring-test-5.0.4.RELEASE.jar:5.0.4.RELEASE]
	at org.springframework.test.context.support.DefaultTestContext.getApplicationContext(DefaultTestContext.java:107) ~[spring-test-5.0.4.RELEASE.jar:5.0.4.RELEASE]
	at org.springframework.test.context.web.ServletTestExecutionListener.setUpRequestContextIfNecessary(ServletTestExecutionListener.java:190) ~[spring-test-5.0.4.RELEASE.jar:5.0.4.RELEASE]
	at org.springframework.test.context.web.ServletTestExecutionListener.prepareTestInstance(ServletTestExecutionListener.java:132) ~[spring-test-5.0.4.RELEASE.jar:5.0.4.RELEASE]
	at org.springframework.test.context.TestContextManager.prepareTestInstance(TestContextManager.java:242) ~[spring-test-5.0.4.RELEASE.jar:5.0.4.RELEASE]
	at org.springframework.test.context.junit4.SpringJUnit4ClassRunner.createTest(SpringJUnit4ClassRunner.java:227) [spring-test-5.0.4.RELEASE.jar:5.0.4.RELEASE]
	at org.springframework.test.context.junit4.SpringJUnit4ClassRunner$1.runReflectiveCall(SpringJUnit4ClassRunner.java:289) [spring-test-5.0.4.RELEASE.jar:5.0.4.RELEASE]
	at org.junit.internal.runners.model.ReflectiveCallable.run(ReflectiveCallable.java:12) [junit-4.12.jar:4.12]
	at org.springframework.test.context.junit4.SpringJUnit4ClassRunner.methodBlock(SpringJUnit4ClassRunner.java:291) [spring-test-5.0.4.RELEASE.jar:5.0.4.RELEASE]
	at org.springframework.test.context.junit4.SpringJUnit4ClassRunner.runChild(SpringJUnit4ClassRunner.java:246) [spring-test-5.0.4.RELEASE.jar:5.0.4.RELEASE]
	at org.springframework.test.context.junit4.SpringJUnit4ClassRunner.runChild(SpringJUnit4ClassRunner.java:97) [spring-test-5.0.4.RELEASE.jar:5.0.4.RELEASE]
	at org.junit.runners.ParentRunner$3.run(ParentRunner.java:290) [junit-4.12.jar:4.12]
	at org.junit.runners.ParentRunner$1.schedule(ParentRunner.java:71) [junit-4.12.jar:4.12]
	at org.junit.runners.ParentRunner.runChildren(ParentRunner.java:288) [junit-4.12.jar:4.12]
	at org.junit.runners.ParentRunner.access$000(ParentRunner.java:58) [junit-4.12.jar:4.12]
	at org.junit.runners.ParentRunner$2.evaluate(ParentRunner.java:268) [junit-4.12.jar:4.12]
	at org.springframework.test.context.junit4.statements.RunBeforeTestClassCallbacks.evaluate(RunBeforeTestClassCallbacks.java:61) [spring-test-5.0.4.RELEASE.jar:5.0.4.RELEASE]
	at org.springframework.test.context.junit4.statements.RunAfterTestClassCallbacks.evaluate(RunAfterTestClassCallbacks.java:70) [spring-test-5.0.4.RELEASE.jar:5.0.4.RELEASE]
	at org.junit.runners.ParentRunner.run(ParentRunner.java:363) [junit-4.12.jar:4.12]
	at org.springframework.test.context.junit4.SpringJUnit4ClassRunner.run(SpringJUnit4ClassRunner.java:190) [spring-test-5.0.4.RELEASE.jar:5.0.4.RELEASE]
	at org.apache.maven.surefire.junit4.JUnit4Provider.execute(JUnit4Provider.java:369) [surefire-junit4-2.20.1.jar:2.20.1]
	at org.apache.maven.surefire.junit4.JUnit4Provider.executeWithRerun(JUnit4Provider.java:275) [surefire-junit4-2.20.1.jar:2.20.1]
	at org.apache.maven.surefire.junit4.JUnit4Provider.executeTestSet(JUnit4Provider.java:239) [surefire-junit4-2.20.1.jar:2.20.1]
	at org.apache.maven.surefire.junit4.JUnit4Provider.invoke(JUnit4Provider.java:160) [surefire-junit4-2.20.1.jar:2.20.1]
	at org.apache.maven.surefire.booter.ForkedBooter.invokeProviderInSameClassLoader(ForkedBooter.java:373) [surefire-booter-2.20.1.jar:2.20.1]
	at org.apache.maven.surefire.booter.ForkedBooter.runSuitesInProcess(ForkedBooter.java:334) [surefire-booter-2.20.1.jar:2.20.1]
	at org.apache.maven.surefire.booter.ForkedBooter.execute(ForkedBooter.java:119) [surefire-booter-2.20.1.jar:2.20.1]
	at org.apache.maven.surefire.booter.ForkedBooter.main(ForkedBooter.java:407) [surefire-booter-2.20.1.jar:2.20.1]
Caused by: org.springframework.beans.factory.UnsatisfiedDependencyException: Error creating bean with name 'workLockAction': Unsatisfied dependency expressed through method 'setMediaServerUtils' parameter 0; nested exception is org.springframework.beans.factory.NoSuchBeanDefinitionException: No qualifying bean of type 'org.kitodo.mediaserver.core.util.MediaServerUtils' available: expected at least 1 bean which qualifies as autowire candidate. Dependency annotations: {}
	at org.springframework.beans.factory.annotation.AutowiredAnnotationBeanPostProcessor$AutowiredMethodElement.inject(AutowiredAnnotationBeanPostProcessor.java:668) ~[spring-beans-5.0.4.RELEASE.jar:5.0.4.RELEASE]
	at org.springframework.beans.factory.annotation.InjectionMetadata.inject(InjectionMetadata.java:91) ~[spring-beans-5.0.4.RELEASE.jar:5.0.4.RELEASE]
	at org.springframework.beans.factory.annotation.AutowiredAnnotationBeanPostProcessor.postProcessPropertyValues(AutowiredAnnotationBeanPostProcessor.java:373) ~[spring-beans-5.0.4.RELEASE.jar:5.0.4.RELEASE]
	at org.springframework.beans.factory.support.AbstractAutowireCapableBeanFactory.populateBean(AbstractAutowireCapableBeanFactory.java:1344) ~[spring-beans-5.0.4.RELEASE.jar:5.0.4.RELEASE]
	at org.springframework.beans.factory.support.AbstractAutowireCapableBeanFactory.doCreateBean(AbstractAutowireCapableBeanFactory.java:582) ~[spring-beans-5.0.4.RELEASE.jar:5.0.4.RELEASE]
	at org.springframework.beans.factory.support.AbstractAutowireCapableBeanFactory.createBean(AbstractAutowireCapableBeanFactory.java:502) ~[spring-beans-5.0.4.RELEASE.jar:5.0.4.RELEASE]
	at org.springframework.beans.factory.support.AbstractBeanFactory.lambda$doGetBean$0(AbstractBeanFactory.java:312) ~[spring-beans-5.0.4.RELEASE.jar:5.0.4.RELEASE]
	at org.springframework.beans.factory.support.DefaultSingletonBeanRegistry.getSingleton(DefaultSingletonBeanRegistry.java:228) ~[spring-beans-5.0.4.RELEASE.jar:5.0.4.RELEASE]
	at org.springframework.beans.factory.support.AbstractBeanFactory.doGetBean(AbstractBeanFactory.java:310) ~[spring-beans-5.0.4.RELEASE.jar:5.0.4.RELEASE]
	at org.springframework.beans.factory.support.AbstractBeanFactory.getBean(AbstractBeanFactory.java:200) ~[spring-beans-5.0.4.RELEASE.jar:5.0.4.RELEASE]
	at org.springframework.beans.factory.support.DefaultListableBeanFactory.preInstantiateSingletons(DefaultListableBeanFactory.java:760) ~[spring-beans-5.0.4.RELEASE.jar:5.0.4.RELEASE]
	at org.springframework.context.support.AbstractApplicationContext.finishBeanFactoryInitialization(AbstractApplicationContext.java:868) ~[spring-context-5.0.4.RELEASE.jar:5.0.4.RELEASE]
	at org.springframework.context.support.AbstractApplicationContext.refresh(AbstractApplicationContext.java:549) ~[spring-context-5.0.4.RELEASE.jar:5.0.4.RELEASE]
	at org.springframework.boot.SpringApplication.refresh(SpringApplication.java:752) ~[spring-boot-2.0.0.RELEASE.jar:2.0.0.RELEASE]
	at org.springframework.boot.SpringApplication.refreshContext(SpringApplication.java:388) ~[spring-boot-2.0.0.RELEASE.jar:2.0.0.RELEASE]
	at org.springframework.boot.SpringApplication.run(SpringApplication.java:327) ~[spring-boot-2.0.0.RELEASE.jar:2.0.0.RELEASE]
	at org.springframework.boot.test.context.SpringBootContextLoader.loadContext(SpringBootContextLoader.java:138) ~[spring-boot-test-2.0.0.RELEASE.jar:2.0.0.RELEASE]
	at org.springframework.test.context.cache.DefaultCacheAwareContextLoaderDelegate.loadContextInternal(DefaultCacheAwareContextLoaderDelegate.java:99) ~[spring-test-5.0.4.RELEASE.jar:5.0.4.RELEASE]
	at org.springframework.test.context.cache.DefaultCacheAwareContextLoaderDelegate.loadContext(DefaultCacheAwareContextLoaderDelegate.java:117) ~[spring-test-5.0.4.RELEASE.jar:5.0.4.RELEASE]
	... 27 common frames omitted
Caused by: org.springframework.beans.factory.NoSuchBeanDefinitionException: No qualifying bean of type 'org.kitodo.mediaserver.core.util.MediaServerUtils' available: expected at least 1 bean which qualifies as autowire candidate. Dependency annotations: {}
	at org.springframework.beans.factory.support.DefaultListableBeanFactory.raiseNoMatchingBeanFound(DefaultListableBeanFactory.java:1509) ~[spring-beans-5.0.4.RELEASE.jar:5.0.4.RELEASE]
	at org.springframework.beans.factory.support.DefaultListableBeanFactory.doResolveDependency(DefaultListableBeanFactory.java:1104) ~[spring-beans-5.0.4.RELEASE.jar:5.0.4.RELEASE]
	at org.springframework.beans.factory.support.DefaultListableBeanFactory.resolveDependency(DefaultListableBeanFactory.java:1065) ~[spring-beans-5.0.4.RELEASE.jar:5.0.4.RELEASE]
	at org.springframework.beans.factory.annotation.AutowiredAnnotationBeanPostProcessor$AutowiredMethodElement.inject(AutowiredAnnotationBeanPostProcessor.java:660) ~[spring-beans-5.0.4.RELEASE.jar:5.0.4.RELEASE]
	... 45 common frames omitted

]]></system-out>
  </testcase>
  <testcase name="testEditSubmit" classname="org.kitodo.mediaserver.ui.users.UserControllerTest" time="0.001">
    <error message="Failed to load ApplicationContext" type="java.lang.IllegalStateException">java.lang.IllegalStateException: Failed to load ApplicationContext
Caused by: org.springframework.beans.factory.UnsatisfiedDependencyException: Error creating bean with name 'workLockAction': Unsatisfied dependency expressed through method 'setMediaServerUtils' parameter 0; nested exception is org.springframework.beans.factory.NoSuchBeanDefinitionException: No qualifying bean of type 'org.kitodo.mediaserver.core.util.MediaServerUtils' available: expected at least 1 bean which qualifies as autowire candidate. Dependency annotations: {}
Caused by: org.springframework.beans.factory.NoSuchBeanDefinitionException: No qualifying bean of type 'org.kitodo.mediaserver.core.util.MediaServerUtils' available: expected at least 1 bean which qualifies as autowire candidate. Dependency annotations: {}
</error>
    <system-out><![CDATA[
  .   ____          _            __ _ _
 /\\ / ___'_ __ _ _(_)_ __  __ _ \ \ \ \
( ( )\___ | '_ | '_| | '_ \/ _` | \ \ \ \
 \\/  ___)| |_)| | | | | || (_| |  ) ) ) )
  '  |____| .__|_| |_|_| |_\__, | / / / /
 =========|_|==============|___/=/_/_/_/
 :: Spring Boot ::        (v2.0.0.RELEASE)

2018-05-30 17:45:44.054  INFO 608 --- [           main] o.k.m.ui.users.UserControllerTest        : Starting UserControllerTest on spirals-vortex.lille.inria.fr with PID 608 (started by root in /root/workspace/ponchofiesta/kitodo-mediaserver/385755653/kitodo-mediaserver-ui)
2018-05-30 17:45:44.055  INFO 608 --- [           main] o.k.m.ui.users.UserControllerTest        : No active profile set, falling back to default profiles: default
2018-05-30 17:45:44.058  INFO 608 --- [           main] o.s.w.c.s.GenericWebApplicationContext   : Refreshing org.springframework.web.context.support.GenericWebApplicationContext@672f69f7: startup date [Wed May 30 17:45:44 CEST 2018]; root of context hierarchy
2018-05-30 17:45:44.235  INFO 608 --- [           main] beddedDataSourceBeanFactoryPostProcessor : Replacing 'dataSource' DataSource bean with embedded version
2018-05-30 17:45:44.235  INFO 608 --- [           main] o.s.b.f.s.DefaultListableBeanFactory     : Overriding bean definition for bean 'dataSource' with a different definition: replacing [Root bean: class [null]; scope=; abstract=false; lazyInit=false; autowireMode=3; dependencyCheck=0; autowireCandidate=true; primary=false; factoryBeanName=org.springframework.boot.autoconfigure.jdbc.DataSourceConfiguration$Hikari; factoryMethodName=dataSource; initMethodName=null; destroyMethodName=(inferred); defined in class path resource [org/springframework/boot/autoconfigure/jdbc/DataSourceConfiguration$Hikari.class]] with [Root bean: class [org.springframework.boot.test.autoconfigure.jdbc.TestDatabaseAutoConfiguration$EmbeddedDataSourceFactoryBean]; scope=; abstract=false; lazyInit=false; autowireMode=0; dependencyCheck=0; autowireCandidate=true; primary=false; factoryBeanName=null; factoryMethodName=null; initMethodName=null; destroyMethodName=null]
2018-05-30 17:45:44.336  INFO 608 --- [           main] o.s.j.d.e.EmbeddedDatabaseFactory        : Starting embedded database: url='jdbc:h2:mem:cc8284aa-a3ae-424a-89ba-951a254bc70b;DB_CLOSE_DELAY=-1;DB_CLOSE_ON_EXIT=false', username='sa'
2018-05-30 17:45:44.355  INFO 608 --- [           main] o.s.jdbc.datasource.init.ScriptUtils     : Executing SQL script from URL [file:/root/workspace/ponchofiesta/kitodo-mediaserver/385755653/kitodo-mediaserver-core/target/classes/schema.sql]
2018-05-30 17:45:44.367  INFO 608 --- [           main] o.s.jdbc.datasource.init.ScriptUtils     : Executed SQL script from URL [file:/root/workspace/ponchofiesta/kitodo-mediaserver/385755653/kitodo-mediaserver-core/target/classes/schema.sql] in 12 ms.
2018-05-30 17:45:44.372  INFO 608 --- [           main] o.s.jdbc.datasource.init.ScriptUtils     : Executing SQL script from URL [file:/root/workspace/ponchofiesta/kitodo-mediaserver/385755653/kitodo-mediaserver-core/target/classes/data.sql]
2018-05-30 17:45:44.373  INFO 608 --- [           main] o.s.jdbc.datasource.init.ScriptUtils     : Executed SQL script from URL [file:/root/workspace/ponchofiesta/kitodo-mediaserver/385755653/kitodo-mediaserver-core/target/classes/data.sql] in 1 ms.
2018-05-30 17:45:44.421  INFO 608 --- [           main] j.LocalContainerEntityManagerFactoryBean : Building JPA container EntityManagerFactory for persistence unit 'default'
2018-05-30 17:45:44.421  INFO 608 --- [           main] o.hibernate.jpa.internal.util.LogHelper  : HHH000204: Processing PersistenceUnitInfo [
	name: default
	...]
2018-05-30 17:45:44.430  INFO 608 --- [           main] org.hibernate.dialect.Dialect            : HHH000400: Using dialect: org.hibernate.dialect.H2Dialect
Hibernate: drop table action_data if exists
Hibernate: drop table identifier if exists
Hibernate: drop table parameter if exists
Hibernate: drop table user if exists
Hibernate: drop table work if exists
Hibernate: create table action_data (id integer generated by default as identity, action_name varchar(255), end_time timestamp, request_time timestamp, start_time timestamp, work_id varchar(255) not null, primary key (id))
Hibernate: create table identifier (identifier varchar(255) not null, type varchar(255), work_id varchar(255) not null, primary key (identifier))
Hibernate: create table parameter (action_data_id integer not null, parameter varchar(255), parameter_key varchar(255) not null, primary key (action_data_id, parameter_key))
Hibernate: create table user (username varchar(255) not null, enabled boolean, name varchar(255), password varchar(60), primary key (username))
Hibernate: create table work (id varchar(255) not null, enabled boolean not null, path varchar(255), title varchar(255), primary key (id))
Hibernate: alter table action_data add constraint FKhauld9xvs8kr1uwnv0hy6ey0i foreign key (work_id) references work
Hibernate: alter table identifier add constraint FK1j790dbcrwm7popfo24ckd3yh foreign key (work_id) references work
Hibernate: alter table parameter add constraint FKit17rdxw4du6a0gh7tn18nq9p foreign key (action_data_id) references action_data
2018-05-30 17:45:44.493  INFO 608 --- [           main] o.h.t.schema.internal.SchemaCreatorImpl  : HHH000476: Executing import script 'org.hibernate.tool.schema.internal.exec.ScriptSourceInputNonExistentImpl@61db86bf'
2018-05-30 17:45:44.493  INFO 608 --- [           main] j.LocalContainerEntityManagerFactoryBean : Initialized JPA EntityManagerFactory for persistence unit 'default'
2018-05-30 17:45:44.762  INFO 608 --- [           main] o.s.s.web.DefaultSecurityFilterChain     : Creating filter chain: org.springframework.security.web.util.matcher.AnyRequestMatcher@1, [org.springframework.security.web.context.request.async.WebAsyncManagerIntegrationFilter@4e9d203e, org.springframework.security.web.context.SecurityContextPersistenceFilter@5f69462f, org.springframework.security.web.header.HeaderWriterFilter@1a22325d, org.springframework.security.web.csrf.CsrfFilter@126e2710, org.springframework.security.web.authentication.logout.LogoutFilter@560c3758, org.springframework.security.web.authentication.UsernamePasswordAuthenticationFilter@1f57fa23, org.springframework.security.web.savedrequest.RequestCacheAwareFilter@432b883, org.springframework.security.web.servletapi.SecurityContextHolderAwareRequestFilter@f09c282, org.springframework.security.web.authentication.AnonymousAuthenticationFilter@39f7cc46, org.springframework.security.web.session.SessionManagementFilter@3c5cb013, org.springframework.security.web.access.ExceptionTranslationFilter@1529d534, org.springframework.security.web.access.intercept.FilterSecurityInterceptor@4d145177]
2018-05-30 17:45:44.772  WARN 608 --- [           main] aWebConfiguration$JpaWebMvcConfiguration : spring.jpa.open-in-view is enabled by default. Therefore, database queries may be performed during view rendering. Explicitly configure spring.jpa.open-in-view to disable this warning
2018-05-30 17:45:44.791  INFO 608 --- [           main] s.w.s.m.m.a.RequestMappingHandlerMapping : Mapped "{[/]}" onto public java.lang.String org.kitodo.mediaserver.ui.IndexController.index()
2018-05-30 17:45:44.792  INFO 608 --- [           main] s.w.s.m.m.a.RequestMappingHandlerMapping : Mapped "{[/jobs]}" onto public java.lang.String org.kitodo.mediaserver.ui.jobs.JobsController.jobs(org.springframework.ui.Model)
2018-05-30 17:45:44.792  INFO 608 --- [           main] s.w.s.m.m.a.RequestMappingHandlerMapping : Mapped "{[/status]}" onto public java.lang.String org.kitodo.mediaserver.ui.status.StatusController.status(org.springframework.ui.Model)
2018-05-30 17:45:44.793  INFO 608 --- [           main] s.w.s.m.m.a.RequestMappingHandlerMapping : Mapped "{[/users/{username}],methods=[GET]}" onto public java.lang.String org.kitodo.mediaserver.ui.users.UserController.editForm(org.springframework.ui.Model,java.lang.String)
2018-05-30 17:45:44.794  INFO 608 --- [           main] s.w.s.m.m.a.RequestMappingHandlerMapping : Mapped "{[/users/{username}],methods=[POST]}" onto public java.lang.String org.kitodo.mediaserver.ui.users.UserController.editSubmit(org.springframework.ui.Model,java.lang.String,org.kitodo.mediaserver.ui.users.UserDto,org.springframework.validation.BindingResult,java.security.Principal)
2018-05-30 17:45:44.794  INFO 608 --- [           main] s.w.s.m.m.a.RequestMappingHandlerMapping : Mapped "{[/users/{username}/delete],methods=[POST]}" onto public java.lang.String org.kitodo.mediaserver.ui.users.UserController.deleteSubmit(java.lang.String,org.springframework.web.servlet.mvc.support.RedirectAttributes,java.security.Principal)
2018-05-30 17:45:44.794  INFO 608 --- [           main] s.w.s.m.m.a.RequestMappingHandlerMapping : Mapped "{[/users/-new],methods=[GET]}" onto public java.lang.String org.kitodo.mediaserver.ui.users.UserController.createForm(org.springframework.ui.Model)
2018-05-30 17:45:44.794  INFO 608 --- [           main] s.w.s.m.m.a.RequestMappingHandlerMapping : Mapped "{[/users/-new],methods=[POST]}" onto public java.lang.String org.kitodo.mediaserver.ui.users.UserController.createSubmit(org.springframework.ui.Model,org.kitodo.mediaserver.ui.users.UserDto,org.springframework.validation.BindingResult)
2018-05-30 17:45:44.794  INFO 608 --- [           main] s.w.s.m.m.a.RequestMappingHandlerMapping : Mapped "{[/users]}" onto public java.lang.String org.kitodo.mediaserver.ui.users.UserController.list(org.springframework.ui.Model,java.lang.String)
2018-05-30 17:45:44.795  INFO 608 --- [           main] s.w.s.m.m.a.RequestMappingHandlerMapping : Mapped "{[/works/{id}/lockcomment],methods=[GET],produces=[application/json]}" onto public java.util.Map<java.lang.String, java.lang.String> org.kitodo.mediaserver.ui.works.WorkController.getLockComment(java.lang.String) throws org.kitodo.mediaserver.core.exceptions.WorkNotFoundException
2018-05-30 17:45:44.795  INFO 608 --- [           main] s.w.s.m.m.a.RequestMappingHandlerMapping : Mapped "{[/works/{id}],methods=[POST]}" onto public java.lang.String org.kitodo.mediaserver.ui.works.WorkController.edit(java.lang.String,java.lang.String,java.lang.String,org.springframework.web.servlet.mvc.support.RedirectAttributes)
2018-05-30 17:45:44.795  INFO 608 --- [           main] s.w.s.m.m.a.RequestMappingHandlerMapping : Mapped "{[/works/{id}/cache/delete],methods=[POST]}" onto public java.lang.String org.kitodo.mediaserver.ui.works.WorkController.cacheDelete(java.lang.String,org.springframework.web.servlet.mvc.support.RedirectAttributes)
2018-05-30 17:45:44.795  INFO 608 --- [           main] s.w.s.m.m.a.RequestMappingHandlerMapping : Mapped "{[/works]}" onto public java.lang.String org.kitodo.mediaserver.ui.works.WorkController.list(org.springframework.ui.Model,org.springframework.data.domain.Pageable,java.lang.String,java.lang.String)
2018-05-30 17:45:44.808  INFO 608 --- [           main] o.s.w.s.handler.SimpleUrlHandlerMapping  : Mapped URL path [/login] onto handler of type [class org.springframework.web.servlet.mvc.ParameterizableViewController]
2018-05-30 17:45:44.819  INFO 608 --- [           main] o.s.w.s.handler.SimpleUrlHandlerMapping  : Mapped URL path [/static/**] onto handler of type [class org.springframework.web.servlet.resource.ResourceHttpRequestHandler]
2018-05-30 17:45:44.846  INFO 608 --- [           main] s.w.s.m.m.a.RequestMappingHandlerAdapter : Looking for @ControllerAdvice: org.springframework.web.context.support.GenericWebApplicationContext@672f69f7: startup date [Wed May 30 17:45:44 CEST 2018]; root of context hierarchy
2018-05-30 17:45:44.874  WARN 608 --- [           main] o.s.w.c.s.GenericWebApplicationContext   : Exception encountered during context initialization - cancelling refresh attempt: org.springframework.beans.factory.UnsatisfiedDependencyException: Error creating bean with name 'workLockAction': Unsatisfied dependency expressed through method 'setMediaServerUtils' parameter 0; nested exception is org.springframework.beans.factory.NoSuchBeanDefinitionException: No qualifying bean of type 'org.kitodo.mediaserver.core.util.MediaServerUtils' available: expected at least 1 bean which qualifies as autowire candidate. Dependency annotations: {}
2018-05-30 17:45:44.875  INFO 608 --- [           main] j.LocalContainerEntityManagerFactoryBean : Closing JPA EntityManagerFactory for persistence unit 'default'
2018-05-30 17:45:44.875  INFO 608 --- [           main] .SchemaDropperImpl$DelayedDropActionImpl : HHH000477: Starting delayed drop of schema as part of SessionFactory shut-down'
Hibernate: drop table action_data if exists
Hibernate: drop table identifier if exists
Hibernate: drop table parameter if exists
Hibernate: drop table user if exists
Hibernate: drop table work if exists
2018-05-30 17:45:44.878  INFO 608 --- [           main] ConditionEvaluationReportLoggingListener : 

Error starting ApplicationContext. To display the conditions report re-run your application with 'debug' enabled.
2018-05-30 17:45:44.895 ERROR 608 --- [           main] o.s.b.d.LoggingFailureAnalysisReporter   : 

***************************
APPLICATION FAILED TO START
***************************

Description:

Parameter 0 of method setMediaServerUtils in org.kitodo.mediaserver.core.actions.WorkLockAction required a bean of type 'org.kitodo.mediaserver.core.util.MediaServerUtils' that could not be found.


Action:

Consider defining a bean of type 'org.kitodo.mediaserver.core.util.MediaServerUtils' in your configuration.

2018-05-30 17:45:44.896 ERROR 608 --- [           main] o.s.test.context.TestContextManager      : Caught exception while allowing TestExecutionListener [org.springframework.test.context.web.ServletTestExecutionListener@8d29719] to prepare test instance [org.kitodo.mediaserver.ui.users.UserControllerTest@29f114e0]

java.lang.IllegalStateException: Failed to load ApplicationContext
	at org.springframework.test.context.cache.DefaultCacheAwareContextLoaderDelegate.loadContext(DefaultCacheAwareContextLoaderDelegate.java:125) ~[spring-test-5.0.4.RELEASE.jar:5.0.4.RELEASE]
	at org.springframework.test.context.support.DefaultTestContext.getApplicationContext(DefaultTestContext.java:107) ~[spring-test-5.0.4.RELEASE.jar:5.0.4.RELEASE]
	at org.springframework.test.context.web.ServletTestExecutionListener.setUpRequestContextIfNecessary(ServletTestExecutionListener.java:190) ~[spring-test-5.0.4.RELEASE.jar:5.0.4.RELEASE]
	at org.springframework.test.context.web.ServletTestExecutionListener.prepareTestInstance(ServletTestExecutionListener.java:132) ~[spring-test-5.0.4.RELEASE.jar:5.0.4.RELEASE]
	at org.springframework.test.context.TestContextManager.prepareTestInstance(TestContextManager.java:242) ~[spring-test-5.0.4.RELEASE.jar:5.0.4.RELEASE]
	at org.springframework.test.context.junit4.SpringJUnit4ClassRunner.createTest(SpringJUnit4ClassRunner.java:227) [spring-test-5.0.4.RELEASE.jar:5.0.4.RELEASE]
	at org.springframework.test.context.junit4.SpringJUnit4ClassRunner$1.runReflectiveCall(SpringJUnit4ClassRunner.java:289) [spring-test-5.0.4.RELEASE.jar:5.0.4.RELEASE]
	at org.junit.internal.runners.model.ReflectiveCallable.run(ReflectiveCallable.java:12) [junit-4.12.jar:4.12]
	at org.springframework.test.context.junit4.SpringJUnit4ClassRunner.methodBlock(SpringJUnit4ClassRunner.java:291) [spring-test-5.0.4.RELEASE.jar:5.0.4.RELEASE]
	at org.springframework.test.context.junit4.SpringJUnit4ClassRunner.runChild(SpringJUnit4ClassRunner.java:246) [spring-test-5.0.4.RELEASE.jar:5.0.4.RELEASE]
	at org.springframework.test.context.junit4.SpringJUnit4ClassRunner.runChild(SpringJUnit4ClassRunner.java:97) [spring-test-5.0.4.RELEASE.jar:5.0.4.RELEASE]
	at org.junit.runners.ParentRunner$3.run(ParentRunner.java:290) [junit-4.12.jar:4.12]
	at org.junit.runners.ParentRunner$1.schedule(ParentRunner.java:71) [junit-4.12.jar:4.12]
	at org.junit.runners.ParentRunner.runChildren(ParentRunner.java:288) [junit-4.12.jar:4.12]
	at org.junit.runners.ParentRunner.access$000(ParentRunner.java:58) [junit-4.12.jar:4.12]
	at org.junit.runners.ParentRunner$2.evaluate(ParentRunner.java:268) [junit-4.12.jar:4.12]
	at org.springframework.test.context.junit4.statements.RunBeforeTestClassCallbacks.evaluate(RunBeforeTestClassCallbacks.java:61) [spring-test-5.0.4.RELEASE.jar:5.0.4.RELEASE]
	at org.springframework.test.context.junit4.statements.RunAfterTestClassCallbacks.evaluate(RunAfterTestClassCallbacks.java:70) [spring-test-5.0.4.RELEASE.jar:5.0.4.RELEASE]
	at org.junit.runners.ParentRunner.run(ParentRunner.java:363) [junit-4.12.jar:4.12]
	at org.springframework.test.context.junit4.SpringJUnit4ClassRunner.run(SpringJUnit4ClassRunner.java:190) [spring-test-5.0.4.RELEASE.jar:5.0.4.RELEASE]
	at org.apache.maven.surefire.junit4.JUnit4Provider.execute(JUnit4Provider.java:369) [surefire-junit4-2.20.1.jar:2.20.1]
	at org.apache.maven.surefire.junit4.JUnit4Provider.executeWithRerun(JUnit4Provider.java:275) [surefire-junit4-2.20.1.jar:2.20.1]
	at org.apache.maven.surefire.junit4.JUnit4Provider.executeTestSet(JUnit4Provider.java:239) [surefire-junit4-2.20.1.jar:2.20.1]
	at org.apache.maven.surefire.junit4.JUnit4Provider.invoke(JUnit4Provider.java:160) [surefire-junit4-2.20.1.jar:2.20.1]
	at org.apache.maven.surefire.booter.ForkedBooter.invokeProviderInSameClassLoader(ForkedBooter.java:373) [surefire-booter-2.20.1.jar:2.20.1]
	at org.apache.maven.surefire.booter.ForkedBooter.runSuitesInProcess(ForkedBooter.java:334) [surefire-booter-2.20.1.jar:2.20.1]
	at org.apache.maven.surefire.booter.ForkedBooter.execute(ForkedBooter.java:119) [surefire-booter-2.20.1.jar:2.20.1]
	at org.apache.maven.surefire.booter.ForkedBooter.main(ForkedBooter.java:407) [surefire-booter-2.20.1.jar:2.20.1]
Caused by: org.springframework.beans.factory.UnsatisfiedDependencyException: Error creating bean with name 'workLockAction': Unsatisfied dependency expressed through method 'setMediaServerUtils' parameter 0; nested exception is org.springframework.beans.factory.NoSuchBeanDefinitionException: No qualifying bean of type 'org.kitodo.mediaserver.core.util.MediaServerUtils' available: expected at least 1 bean which qualifies as autowire candidate. Dependency annotations: {}
	at org.springframework.beans.factory.annotation.AutowiredAnnotationBeanPostProcessor$AutowiredMethodElement.inject(AutowiredAnnotationBeanPostProcessor.java:668) ~[spring-beans-5.0.4.RELEASE.jar:5.0.4.RELEASE]
	at org.springframework.beans.factory.annotation.InjectionMetadata.inject(InjectionMetadata.java:91) ~[spring-beans-5.0.4.RELEASE.jar:5.0.4.RELEASE]
	at org.springframework.beans.factory.annotation.AutowiredAnnotationBeanPostProcessor.postProcessPropertyValues(AutowiredAnnotationBeanPostProcessor.java:373) ~[spring-beans-5.0.4.RELEASE.jar:5.0.4.RELEASE]
	at org.springframework.beans.factory.support.AbstractAutowireCapableBeanFactory.populateBean(AbstractAutowireCapableBeanFactory.java:1344) ~[spring-beans-5.0.4.RELEASE.jar:5.0.4.RELEASE]
	at org.springframework.beans.factory.support.AbstractAutowireCapableBeanFactory.doCreateBean(AbstractAutowireCapableBeanFactory.java:582) ~[spring-beans-5.0.4.RELEASE.jar:5.0.4.RELEASE]
	at org.springframework.beans.factory.support.AbstractAutowireCapableBeanFactory.createBean(AbstractAutowireCapableBeanFactory.java:502) ~[spring-beans-5.0.4.RELEASE.jar:5.0.4.RELEASE]
	at org.springframework.beans.factory.support.AbstractBeanFactory.lambda$doGetBean$0(AbstractBeanFactory.java:312) ~[spring-beans-5.0.4.RELEASE.jar:5.0.4.RELEASE]
	at org.springframework.beans.factory.support.DefaultSingletonBeanRegistry.getSingleton(DefaultSingletonBeanRegistry.java:228) ~[spring-beans-5.0.4.RELEASE.jar:5.0.4.RELEASE]
	at org.springframework.beans.factory.support.AbstractBeanFactory.doGetBean(AbstractBeanFactory.java:310) ~[spring-beans-5.0.4.RELEASE.jar:5.0.4.RELEASE]
	at org.springframework.beans.factory.support.AbstractBeanFactory.getBean(AbstractBeanFactory.java:200) ~[spring-beans-5.0.4.RELEASE.jar:5.0.4.RELEASE]
	at org.springframework.beans.factory.support.DefaultListableBeanFactory.preInstantiateSingletons(DefaultListableBeanFactory.java:760) ~[spring-beans-5.0.4.RELEASE.jar:5.0.4.RELEASE]
	at org.springframework.context.support.AbstractApplicationContext.finishBeanFactoryInitialization(AbstractApplicationContext.java:868) ~[spring-context-5.0.4.RELEASE.jar:5.0.4.RELEASE]
	at org.springframework.context.support.AbstractApplicationContext.refresh(AbstractApplicationContext.java:549) ~[spring-context-5.0.4.RELEASE.jar:5.0.4.RELEASE]
	at org.springframework.boot.SpringApplication.refresh(SpringApplication.java:752) ~[spring-boot-2.0.0.RELEASE.jar:2.0.0.RELEASE]
	at org.springframework.boot.SpringApplication.refreshContext(SpringApplication.java:388) ~[spring-boot-2.0.0.RELEASE.jar:2.0.0.RELEASE]
	at org.springframework.boot.SpringApplication.run(SpringApplication.java:327) ~[spring-boot-2.0.0.RELEASE.jar:2.0.0.RELEASE]
	at org.springframework.boot.test.context.SpringBootContextLoader.loadContext(SpringBootContextLoader.java:138) ~[spring-boot-test-2.0.0.RELEASE.jar:2.0.0.RELEASE]
	at org.springframework.test.context.cache.DefaultCacheAwareContextLoaderDelegate.loadContextInternal(DefaultCacheAwareContextLoaderDelegate.java:99) ~[spring-test-5.0.4.RELEASE.jar:5.0.4.RELEASE]
	at org.springframework.test.context.cache.DefaultCacheAwareContextLoaderDelegate.loadContext(DefaultCacheAwareContextLoaderDelegate.java:117) ~[spring-test-5.0.4.RELEASE.jar:5.0.4.RELEASE]
	... 27 common frames omitted
Caused by: org.springframework.beans.factory.NoSuchBeanDefinitionException: No qualifying bean of type 'org.kitodo.mediaserver.core.util.MediaServerUtils' available: expected at least 1 bean which qualifies as autowire candidate. Dependency annotations: {}
	at org.springframework.beans.factory.support.DefaultListableBeanFactory.raiseNoMatchingBeanFound(DefaultListableBeanFactory.java:1509) ~[spring-beans-5.0.4.RELEASE.jar:5.0.4.RELEASE]
	at org.springframework.beans.factory.support.DefaultListableBeanFactory.doResolveDependency(DefaultListableBeanFactory.java:1104) ~[spring-beans-5.0.4.RELEASE.jar:5.0.4.RELEASE]
	at org.springframework.beans.factory.support.DefaultListableBeanFactory.resolveDependency(DefaultListableBeanFactory.java:1065) ~[spring-beans-5.0.4.RELEASE.jar:5.0.4.RELEASE]
	at org.springframework.beans.factory.annotation.AutowiredAnnotationBeanPostProcessor$AutowiredMethodElement.inject(AutowiredAnnotationBeanPostProcessor.java:660) ~[spring-beans-5.0.4.RELEASE.jar:5.0.4.RELEASE]
	... 45 common frames omitted

]]></system-out>
  </testcase>
  <testcase name="testDelete" classname="org.kitodo.mediaserver.ui.users.UserControllerTest" time="0">
    <error message="Failed to load ApplicationContext" type="java.lang.IllegalStateException">java.lang.IllegalStateException: Failed to load ApplicationContext
Caused by: org.springframework.beans.factory.UnsatisfiedDependencyException: Error creating bean with name 'workLockAction': Unsatisfied dependency expressed through method 'setMediaServerUtils' parameter 0; nested exception is org.springframework.beans.factory.NoSuchBeanDefinitionException: No qualifying bean of type 'org.kitodo.mediaserver.core.util.MediaServerUtils' available: expected at least 1 bean which qualifies as autowire candidate. Dependency annotations: {}
Caused by: org.springframework.beans.factory.NoSuchBeanDefinitionException: No qualifying bean of type 'org.kitodo.mediaserver.core.util.MediaServerUtils' available: expected at least 1 bean which qualifies as autowire candidate. Dependency annotations: {}
</error>
    <system-out><![CDATA[
  .   ____          _            __ _ _
 /\\ / ___'_ __ _ _(_)_ __  __ _ \ \ \ \
( ( )\___ | '_ | '_| | '_ \/ _` | \ \ \ \
 \\/  ___)| |_)| | | | | || (_| |  ) ) ) )
  '  |____| .__|_| |_|_| |_\__, | / / / /
 =========|_|==============|___/=/_/_/_/
 :: Spring Boot ::        (v2.0.0.RELEASE)

2018-05-30 17:45:44.931  INFO 608 --- [           main] o.k.m.ui.users.UserControllerTest        : Starting UserControllerTest on spirals-vortex.lille.inria.fr with PID 608 (started by root in /root/workspace/ponchofiesta/kitodo-mediaserver/385755653/kitodo-mediaserver-ui)
2018-05-30 17:45:44.931  INFO 608 --- [           main] o.k.m.ui.users.UserControllerTest        : No active profile set, falling back to default profiles: default
2018-05-30 17:45:44.934  INFO 608 --- [           main] o.s.w.c.s.GenericWebApplicationContext   : Refreshing org.springframework.web.context.support.GenericWebApplicationContext@669e730d: startup date [Wed May 30 17:45:44 CEST 2018]; root of context hierarchy
2018-05-30 17:45:45.078  INFO 608 --- [           main] beddedDataSourceBeanFactoryPostProcessor : Replacing 'dataSource' DataSource bean with embedded version
2018-05-30 17:45:45.078  INFO 608 --- [           main] o.s.b.f.s.DefaultListableBeanFactory     : Overriding bean definition for bean 'dataSource' with a different definition: replacing [Root bean: class [null]; scope=; abstract=false; lazyInit=false; autowireMode=3; dependencyCheck=0; autowireCandidate=true; primary=false; factoryBeanName=org.springframework.boot.autoconfigure.jdbc.DataSourceConfiguration$Hikari; factoryMethodName=dataSource; initMethodName=null; destroyMethodName=(inferred); defined in class path resource [org/springframework/boot/autoconfigure/jdbc/DataSourceConfiguration$Hikari.class]] with [Root bean: class [org.springframework.boot.test.autoconfigure.jdbc.TestDatabaseAutoConfiguration$EmbeddedDataSourceFactoryBean]; scope=; abstract=false; lazyInit=false; autowireMode=0; dependencyCheck=0; autowireCandidate=true; primary=false; factoryBeanName=null; factoryMethodName=null; initMethodName=null; destroyMethodName=null]
2018-05-30 17:45:45.175  INFO 608 --- [           main] o.s.j.d.e.EmbeddedDatabaseFactory        : Starting embedded database: url='jdbc:h2:mem:01794c23-96c6-4def-a55d-fb360bbfaf75;DB_CLOSE_DELAY=-1;DB_CLOSE_ON_EXIT=false', username='sa'
2018-05-30 17:45:45.192  INFO 608 --- [           main] o.s.jdbc.datasource.init.ScriptUtils     : Executing SQL script from URL [file:/root/workspace/ponchofiesta/kitodo-mediaserver/385755653/kitodo-mediaserver-core/target/classes/schema.sql]
2018-05-30 17:45:45.202  INFO 608 --- [           main] o.s.jdbc.datasource.init.ScriptUtils     : Executed SQL script from URL [file:/root/workspace/ponchofiesta/kitodo-mediaserver/385755653/kitodo-mediaserver-core/target/classes/schema.sql] in 10 ms.
2018-05-30 17:45:45.208  INFO 608 --- [           main] o.s.jdbc.datasource.init.ScriptUtils     : Executing SQL script from URL [file:/root/workspace/ponchofiesta/kitodo-mediaserver/385755653/kitodo-mediaserver-core/target/classes/data.sql]
2018-05-30 17:45:45.209  INFO 608 --- [           main] o.s.jdbc.datasource.init.ScriptUtils     : Executed SQL script from URL [file:/root/workspace/ponchofiesta/kitodo-mediaserver/385755653/kitodo-mediaserver-core/target/classes/data.sql] in 1 ms.
2018-05-30 17:45:45.250  INFO 608 --- [           main] j.LocalContainerEntityManagerFactoryBean : Building JPA container EntityManagerFactory for persistence unit 'default'
2018-05-30 17:45:45.250  INFO 608 --- [           main] o.hibernate.jpa.internal.util.LogHelper  : HHH000204: Processing PersistenceUnitInfo [
	name: default
	...]
2018-05-30 17:45:45.258  INFO 608 --- [           main] org.hibernate.dialect.Dialect            : HHH000400: Using dialect: org.hibernate.dialect.H2Dialect
Hibernate: drop table action_data if exists
Hibernate: drop table identifier if exists
Hibernate: drop table parameter if exists
Hibernate: drop table user if exists
Hibernate: drop table work if exists
Hibernate: create table action_data (id integer generated by default as identity, action_name varchar(255), end_time timestamp, request_time timestamp, start_time timestamp, work_id varchar(255) not null, primary key (id))
Hibernate: create table identifier (identifier varchar(255) not null, type varchar(255), work_id varchar(255) not null, primary key (identifier))
Hibernate: create table parameter (action_data_id integer not null, parameter varchar(255), parameter_key varchar(255) not null, primary key (action_data_id, parameter_key))
Hibernate: create table user (username varchar(255) not null, enabled boolean, name varchar(255), password varchar(60), primary key (username))
Hibernate: create table work (id varchar(255) not null, enabled boolean not null, path varchar(255), title varchar(255), primary key (id))
Hibernate: alter table action_data add constraint FKhauld9xvs8kr1uwnv0hy6ey0i foreign key (work_id) references work
Hibernate: alter table identifier add constraint FK1j790dbcrwm7popfo24ckd3yh foreign key (work_id) references work
Hibernate: alter table parameter add constraint FKit17rdxw4du6a0gh7tn18nq9p foreign key (action_data_id) references action_data
2018-05-30 17:45:45.328  INFO 608 --- [           main] o.h.t.schema.internal.SchemaCreatorImpl  : HHH000476: Executing import script 'org.hibernate.tool.schema.internal.exec.ScriptSourceInputNonExistentImpl@61db86bf'
2018-05-30 17:45:45.328  INFO 608 --- [           main] j.LocalContainerEntityManagerFactoryBean : Initialized JPA EntityManagerFactory for persistence unit 'default'
2018-05-30 17:45:45.617  INFO 608 --- [           main] o.s.s.web.DefaultSecurityFilterChain     : Creating filter chain: org.springframework.security.web.util.matcher.AnyRequestMatcher@1, [org.springframework.security.web.context.request.async.WebAsyncManagerIntegrationFilter@1acd2a14, org.springframework.security.web.context.SecurityContextPersistenceFilter@507187c1, org.springframework.security.web.header.HeaderWriterFilter@5cb4ba80, org.springframework.security.web.csrf.CsrfFilter@34dda1b4, org.springframework.security.web.authentication.logout.LogoutFilter@10b0dd3a, org.springframework.security.web.authentication.UsernamePasswordAuthenticationFilter@601ca994, org.springframework.security.web.savedrequest.RequestCacheAwareFilter@2220c5f7, org.springframework.security.web.servletapi.SecurityContextHolderAwareRequestFilter@5bb90b89, org.springframework.security.web.authentication.AnonymousAuthenticationFilter@5432be12, org.springframework.security.web.session.SessionManagementFilter@978475b, org.springframework.security.web.access.ExceptionTranslationFilter@193d73d3, org.springframework.security.web.access.intercept.FilterSecurityInterceptor@4a561f7d]
2018-05-30 17:45:45.634  WARN 608 --- [           main] aWebConfiguration$JpaWebMvcConfiguration : spring.jpa.open-in-view is enabled by default. Therefore, database queries may be performed during view rendering. Explicitly configure spring.jpa.open-in-view to disable this warning
2018-05-30 17:45:45.660  INFO 608 --- [           main] s.w.s.m.m.a.RequestMappingHandlerMapping : Mapped "{[/]}" onto public java.lang.String org.kitodo.mediaserver.ui.IndexController.index()
2018-05-30 17:45:45.661  INFO 608 --- [           main] s.w.s.m.m.a.RequestMappingHandlerMapping : Mapped "{[/jobs]}" onto public java.lang.String org.kitodo.mediaserver.ui.jobs.JobsController.jobs(org.springframework.ui.Model)
2018-05-30 17:45:45.661  INFO 608 --- [           main] s.w.s.m.m.a.RequestMappingHandlerMapping : Mapped "{[/status]}" onto public java.lang.String org.kitodo.mediaserver.ui.status.StatusController.status(org.springframework.ui.Model)
2018-05-30 17:45:45.663  INFO 608 --- [           main] s.w.s.m.m.a.RequestMappingHandlerMapping : Mapped "{[/users/{username}],methods=[GET]}" onto public java.lang.String org.kitodo.mediaserver.ui.users.UserController.editForm(org.springframework.ui.Model,java.lang.String)
2018-05-30 17:45:45.663  INFO 608 --- [           main] s.w.s.m.m.a.RequestMappingHandlerMapping : Mapped "{[/users/{username}],methods=[POST]}" onto public java.lang.String org.kitodo.mediaserver.ui.users.UserController.editSubmit(org.springframework.ui.Model,java.lang.String,org.kitodo.mediaserver.ui.users.UserDto,org.springframework.validation.BindingResult,java.security.Principal)
2018-05-30 17:45:45.663  INFO 608 --- [           main] s.w.s.m.m.a.RequestMappingHandlerMapping : Mapped "{[/users/{username}/delete],methods=[POST]}" onto public java.lang.String org.kitodo.mediaserver.ui.users.UserController.deleteSubmit(java.lang.String,org.springframework.web.servlet.mvc.support.RedirectAttributes,java.security.Principal)
2018-05-30 17:45:45.663  INFO 608 --- [           main] s.w.s.m.m.a.RequestMappingHandlerMapping : Mapped "{[/users/-new],methods=[GET]}" onto public java.lang.String org.kitodo.mediaserver.ui.users.UserController.createForm(org.springframework.ui.Model)
2018-05-30 17:45:45.663  INFO 608 --- [           main] s.w.s.m.m.a.RequestMappingHandlerMapping : Mapped "{[/users/-new],methods=[POST]}" onto public java.lang.String org.kitodo.mediaserver.ui.users.UserController.createSubmit(org.springframework.ui.Model,org.kitodo.mediaserver.ui.users.UserDto,org.springframework.validation.BindingResult)
2018-05-30 17:45:45.664  INFO 608 --- [           main] s.w.s.m.m.a.RequestMappingHandlerMapping : Mapped "{[/users]}" onto public java.lang.String org.kitodo.mediaserver.ui.users.UserController.list(org.springframework.ui.Model,java.lang.String)
2018-05-30 17:45:45.665  INFO 608 --- [           main] s.w.s.m.m.a.RequestMappingHandlerMapping : Mapped "{[/works/{id}/lockcomment],methods=[GET],produces=[application/json]}" onto public java.util.Map<java.lang.String, java.lang.String> org.kitodo.mediaserver.ui.works.WorkController.getLockComment(java.lang.String) throws org.kitodo.mediaserver.core.exceptions.WorkNotFoundException
2018-05-30 17:45:45.665  INFO 608 --- [           main] s.w.s.m.m.a.RequestMappingHandlerMapping : Mapped "{[/works/{id}],methods=[POST]}" onto public java.lang.String org.kitodo.mediaserver.ui.works.WorkController.edit(java.lang.String,java.lang.String,java.lang.String,org.springframework.web.servlet.mvc.support.RedirectAttributes)
2018-05-30 17:45:45.665  INFO 608 --- [           main] s.w.s.m.m.a.RequestMappingHandlerMapping : Mapped "{[/works/{id}/cache/delete],methods=[POST]}" onto public java.lang.String org.kitodo.mediaserver.ui.works.WorkController.cacheDelete(java.lang.String,org.springframework.web.servlet.mvc.support.RedirectAttributes)
2018-05-30 17:45:45.666  INFO 608 --- [           main] s.w.s.m.m.a.RequestMappingHandlerMapping : Mapped "{[/works]}" onto public java.lang.String org.kitodo.mediaserver.ui.works.WorkController.list(org.springframework.ui.Model,org.springframework.data.domain.Pageable,java.lang.String,java.lang.String)
2018-05-30 17:45:45.681  INFO 608 --- [           main] o.s.w.s.handler.SimpleUrlHandlerMapping  : Mapped URL path [/login] onto handler of type [class org.springframework.web.servlet.mvc.ParameterizableViewController]
2018-05-30 17:45:45.695  INFO 608 --- [           main] o.s.w.s.handler.SimpleUrlHandlerMapping  : Mapped URL path [/static/**] onto handler of type [class org.springframework.web.servlet.resource.ResourceHttpRequestHandler]
2018-05-30 17:45:45.725  INFO 608 --- [           main] s.w.s.m.m.a.RequestMappingHandlerAdapter : Looking for @ControllerAdvice: org.springframework.web.context.support.GenericWebApplicationContext@669e730d: startup date [Wed May 30 17:45:44 CEST 2018]; root of context hierarchy
2018-05-30 17:45:45.754  WARN 608 --- [           main] o.s.w.c.s.GenericWebApplicationContext   : Exception encountered during context initialization - cancelling refresh attempt: org.springframework.beans.factory.UnsatisfiedDependencyException: Error creating bean with name 'workLockAction': Unsatisfied dependency expressed through method 'setMediaServerUtils' parameter 0; nested exception is org.springframework.beans.factory.NoSuchBeanDefinitionException: No qualifying bean of type 'org.kitodo.mediaserver.core.util.MediaServerUtils' available: expected at least 1 bean which qualifies as autowire candidate. Dependency annotations: {}
2018-05-30 17:45:45.755  INFO 608 --- [           main] j.LocalContainerEntityManagerFactoryBean : Closing JPA EntityManagerFactory for persistence unit 'default'
2018-05-30 17:45:45.755  INFO 608 --- [           main] .SchemaDropperImpl$DelayedDropActionImpl : HHH000477: Starting delayed drop of schema as part of SessionFactory shut-down'
Hibernate: drop table action_data if exists
Hibernate: drop table identifier if exists
Hibernate: drop table parameter if exists
Hibernate: drop table user if exists
Hibernate: drop table work if exists
2018-05-30 17:45:45.758  INFO 608 --- [           main] ConditionEvaluationReportLoggingListener : 

Error starting ApplicationContext. To display the conditions report re-run your application with 'debug' enabled.
2018-05-30 17:45:45.774 ERROR 608 --- [           main] o.s.b.d.LoggingFailureAnalysisReporter   : 

***************************
APPLICATION FAILED TO START
***************************

Description:

Parameter 0 of method setMediaServerUtils in org.kitodo.mediaserver.core.actions.WorkLockAction required a bean of type 'org.kitodo.mediaserver.core.util.MediaServerUtils' that could not be found.


Action:

Consider defining a bean of type 'org.kitodo.mediaserver.core.util.MediaServerUtils' in your configuration.

2018-05-30 17:45:45.775 ERROR 608 --- [           main] o.s.test.context.TestContextManager      : Caught exception while allowing TestExecutionListener [org.springframework.test.context.web.ServletTestExecutionListener@8d29719] to prepare test instance [org.kitodo.mediaserver.ui.users.UserControllerTest@2c989d82]

java.lang.IllegalStateException: Failed to load ApplicationContext
	at org.springframework.test.context.cache.DefaultCacheAwareContextLoaderDelegate.loadContext(DefaultCacheAwareContextLoaderDelegate.java:125) ~[spring-test-5.0.4.RELEASE.jar:5.0.4.RELEASE]
	at org.springframework.test.context.support.DefaultTestContext.getApplicationContext(DefaultTestContext.java:107) ~[spring-test-5.0.4.RELEASE.jar:5.0.4.RELEASE]
	at org.springframework.test.context.web.ServletTestExecutionListener.setUpRequestContextIfNecessary(ServletTestExecutionListener.java:190) ~[spring-test-5.0.4.RELEASE.jar:5.0.4.RELEASE]
	at org.springframework.test.context.web.ServletTestExecutionListener.prepareTestInstance(ServletTestExecutionListener.java:132) ~[spring-test-5.0.4.RELEASE.jar:5.0.4.RELEASE]
	at org.springframework.test.context.TestContextManager.prepareTestInstance(TestContextManager.java:242) ~[spring-test-5.0.4.RELEASE.jar:5.0.4.RELEASE]
	at org.springframework.test.context.junit4.SpringJUnit4ClassRunner.createTest(SpringJUnit4ClassRunner.java:227) [spring-test-5.0.4.RELEASE.jar:5.0.4.RELEASE]
	at org.springframework.test.context.junit4.SpringJUnit4ClassRunner$1.runReflectiveCall(SpringJUnit4ClassRunner.java:289) [spring-test-5.0.4.RELEASE.jar:5.0.4.RELEASE]
	at org.junit.internal.runners.model.ReflectiveCallable.run(ReflectiveCallable.java:12) [junit-4.12.jar:4.12]
	at org.springframework.test.context.junit4.SpringJUnit4ClassRunner.methodBlock(SpringJUnit4ClassRunner.java:291) [spring-test-5.0.4.RELEASE.jar:5.0.4.RELEASE]
	at org.springframework.test.context.junit4.SpringJUnit4ClassRunner.runChild(SpringJUnit4ClassRunner.java:246) [spring-test-5.0.4.RELEASE.jar:5.0.4.RELEASE]
	at org.springframework.test.context.junit4.SpringJUnit4ClassRunner.runChild(SpringJUnit4ClassRunner.java:97) [spring-test-5.0.4.RELEASE.jar:5.0.4.RELEASE]
	at org.junit.runners.ParentRunner$3.run(ParentRunner.java:290) [junit-4.12.jar:4.12]
	at org.junit.runners.ParentRunner$1.schedule(ParentRunner.java:71) [junit-4.12.jar:4.12]
	at org.junit.runners.ParentRunner.runChildren(ParentRunner.java:288) [junit-4.12.jar:4.12]
	at org.junit.runners.ParentRunner.access$000(ParentRunner.java:58) [junit-4.12.jar:4.12]
	at org.junit.runners.ParentRunner$2.evaluate(ParentRunner.java:268) [junit-4.12.jar:4.12]
	at org.springframework.test.context.junit4.statements.RunBeforeTestClassCallbacks.evaluate(RunBeforeTestClassCallbacks.java:61) [spring-test-5.0.4.RELEASE.jar:5.0.4.RELEASE]
	at org.springframework.test.context.junit4.statements.RunAfterTestClassCallbacks.evaluate(RunAfterTestClassCallbacks.java:70) [spring-test-5.0.4.RELEASE.jar:5.0.4.RELEASE]
	at org.junit.runners.ParentRunner.run(ParentRunner.java:363) [junit-4.12.jar:4.12]
	at org.springframework.test.context.junit4.SpringJUnit4ClassRunner.run(SpringJUnit4ClassRunner.java:190) [spring-test-5.0.4.RELEASE.jar:5.0.4.RELEASE]
	at org.apache.maven.surefire.junit4.JUnit4Provider.execute(JUnit4Provider.java:369) [surefire-junit4-2.20.1.jar:2.20.1]
	at org.apache.maven.surefire.junit4.JUnit4Provider.executeWithRerun(JUnit4Provider.java:275) [surefire-junit4-2.20.1.jar:2.20.1]
	at org.apache.maven.surefire.junit4.JUnit4Provider.executeTestSet(JUnit4Provider.java:239) [surefire-junit4-2.20.1.jar:2.20.1]
	at org.apache.maven.surefire.junit4.JUnit4Provider.invoke(JUnit4Provider.java:160) [surefire-junit4-2.20.1.jar:2.20.1]
	at org.apache.maven.surefire.booter.ForkedBooter.invokeProviderInSameClassLoader(ForkedBooter.java:373) [surefire-booter-2.20.1.jar:2.20.1]
	at org.apache.maven.surefire.booter.ForkedBooter.runSuitesInProcess(ForkedBooter.java:334) [surefire-booter-2.20.1.jar:2.20.1]
	at org.apache.maven.surefire.booter.ForkedBooter.execute(ForkedBooter.java:119) [surefire-booter-2.20.1.jar:2.20.1]
	at org.apache.maven.surefire.booter.ForkedBooter.main(ForkedBooter.java:407) [surefire-booter-2.20.1.jar:2.20.1]
Caused by: org.springframework.beans.factory.UnsatisfiedDependencyException: Error creating bean with name 'workLockAction': Unsatisfied dependency expressed through method 'setMediaServerUtils' parameter 0; nested exception is org.springframework.beans.factory.NoSuchBeanDefinitionException: No qualifying bean of type 'org.kitodo.mediaserver.core.util.MediaServerUtils' available: expected at least 1 bean which qualifies as autowire candidate. Dependency annotations: {}
	at org.springframework.beans.factory.annotation.AutowiredAnnotationBeanPostProcessor$AutowiredMethodElement.inject(AutowiredAnnotationBeanPostProcessor.java:668) ~[spring-beans-5.0.4.RELEASE.jar:5.0.4.RELEASE]
	at org.springframework.beans.factory.annotation.InjectionMetadata.inject(InjectionMetadata.java:91) ~[spring-beans-5.0.4.RELEASE.jar:5.0.4.RELEASE]
	at org.springframework.beans.factory.annotation.AutowiredAnnotationBeanPostProcessor.postProcessPropertyValues(AutowiredAnnotationBeanPostProcessor.java:373) ~[spring-beans-5.0.4.RELEASE.jar:5.0.4.RELEASE]
	at org.springframework.beans.factory.support.AbstractAutowireCapableBeanFactory.populateBean(AbstractAutowireCapableBeanFactory.java:1344) ~[spring-beans-5.0.4.RELEASE.jar:5.0.4.RELEASE]
	at org.springframework.beans.factory.support.AbstractAutowireCapableBeanFactory.doCreateBean(AbstractAutowireCapableBeanFactory.java:582) ~[spring-beans-5.0.4.RELEASE.jar:5.0.4.RELEASE]
	at org.springframework.beans.factory.support.AbstractAutowireCapableBeanFactory.createBean(AbstractAutowireCapableBeanFactory.java:502) ~[spring-beans-5.0.4.RELEASE.jar:5.0.4.RELEASE]
	at org.springframework.beans.factory.support.AbstractBeanFactory.lambda$doGetBean$0(AbstractBeanFactory.java:312) ~[spring-beans-5.0.4.RELEASE.jar:5.0.4.RELEASE]
	at org.springframework.beans.factory.support.DefaultSingletonBeanRegistry.getSingleton(DefaultSingletonBeanRegistry.java:228) ~[spring-beans-5.0.4.RELEASE.jar:5.0.4.RELEASE]
	at org.springframework.beans.factory.support.AbstractBeanFactory.doGetBean(AbstractBeanFactory.java:310) ~[spring-beans-5.0.4.RELEASE.jar:5.0.4.RELEASE]
	at org.springframework.beans.factory.support.AbstractBeanFactory.getBean(AbstractBeanFactory.java:200) ~[spring-beans-5.0.4.RELEASE.jar:5.0.4.RELEASE]
	at org.springframework.beans.factory.support.DefaultListableBeanFactory.preInstantiateSingletons(DefaultListableBeanFactory.java:760) ~[spring-beans-5.0.4.RELEASE.jar:5.0.4.RELEASE]
	at org.springframework.context.support.AbstractApplicationContext.finishBeanFactoryInitialization(AbstractApplicationContext.java:868) ~[spring-context-5.0.4.RELEASE.jar:5.0.4.RELEASE]
	at org.springframework.context.support.AbstractApplicationContext.refresh(AbstractApplicationContext.java:549) ~[spring-context-5.0.4.RELEASE.jar:5.0.4.RELEASE]
	at org.springframework.boot.SpringApplication.refresh(SpringApplication.java:752) ~[spring-boot-2.0.0.RELEASE.jar:2.0.0.RELEASE]
	at org.springframework.boot.SpringApplication.refreshContext(SpringApplication.java:388) ~[spring-boot-2.0.0.RELEASE.jar:2.0.0.RELEASE]
	at org.springframework.boot.SpringApplication.run(SpringApplication.java:327) ~[spring-boot-2.0.0.RELEASE.jar:2.0.0.RELEASE]
	at org.springframework.boot.test.context.SpringBootContextLoader.loadContext(SpringBootContextLoader.java:138) ~[spring-boot-test-2.0.0.RELEASE.jar:2.0.0.RELEASE]
	at org.springframework.test.context.cache.DefaultCacheAwareContextLoaderDelegate.loadContextInternal(DefaultCacheAwareContextLoaderDelegate.java:99) ~[spring-test-5.0.4.RELEASE.jar:5.0.4.RELEASE]
	at org.springframework.test.context.cache.DefaultCacheAwareContextLoaderDelegate.loadContext(DefaultCacheAwareContextLoaderDelegate.java:117) ~[spring-test-5.0.4.RELEASE.jar:5.0.4.RELEASE]
	... 27 common frames omitted
Caused by: org.springframework.beans.factory.NoSuchBeanDefinitionException: No qualifying bean of type 'org.kitodo.mediaserver.core.util.MediaServerUtils' available: expected at least 1 bean which qualifies as autowire candidate. Dependency annotations: {}
	at org.springframework.beans.factory.support.DefaultListableBeanFactory.raiseNoMatchingBeanFound(DefaultListableBeanFactory.java:1509) ~[spring-beans-5.0.4.RELEASE.jar:5.0.4.RELEASE]
	at org.springframework.beans.factory.support.DefaultListableBeanFactory.doResolveDependency(DefaultListableBeanFactory.java:1104) ~[spring-beans-5.0.4.RELEASE.jar:5.0.4.RELEASE]
	at org.springframework.beans.factory.support.DefaultListableBeanFactory.resolveDependency(DefaultListableBeanFactory.java:1065) ~[spring-beans-5.0.4.RELEASE.jar:5.0.4.RELEASE]
	at org.springframework.beans.factory.annotation.AutowiredAnnotationBeanPostProcessor$AutowiredMethodElement.inject(AutowiredAnnotationBeanPostProcessor.java:660) ~[spring-beans-5.0.4.RELEASE.jar:5.0.4.RELEASE]
	... 45 common frames omitted

]]></system-out>
  </testcase>
  <testcase name="deleteYourself" classname="org.kitodo.mediaserver.ui.users.UserControllerTest" time="0">
    <error message="Failed to load ApplicationContext" type="java.lang.IllegalStateException">java.lang.IllegalStateException: Failed to load ApplicationContext
Caused by: org.springframework.beans.factory.UnsatisfiedDependencyException: Error creating bean with name 'workLockAction': Unsatisfied dependency expressed through method 'setMediaServerUtils' parameter 0; nested exception is org.springframework.beans.factory.NoSuchBeanDefinitionException: No qualifying bean of type 'org.kitodo.mediaserver.core.util.MediaServerUtils' available: expected at least 1 bean which qualifies as autowire candidate. Dependency annotations: {}
Caused by: org.springframework.beans.factory.NoSuchBeanDefinitionException: No qualifying bean of type 'org.kitodo.mediaserver.core.util.MediaServerUtils' available: expected at least 1 bean which qualifies as autowire candidate. Dependency annotations: {}
</error>
    <system-out><![CDATA[
  .   ____          _            __ _ _
 /\\ / ___'_ __ _ _(_)_ __  __ _ \ \ \ \
( ( )\___ | '_ | '_| | '_ \/ _` | \ \ \ \
 \\/  ___)| |_)| | | | | || (_| |  ) ) ) )
  '  |____| .__|_| |_|_| |_\__, | / / / /
 =========|_|==============|___/=/_/_/_/
 :: Spring Boot ::        (v2.0.0.RELEASE)

2018-05-30 17:45:45.806  INFO 608 --- [           main] o.k.m.ui.users.UserControllerTest        : Starting UserControllerTest on spirals-vortex.lille.inria.fr with PID 608 (started by root in /root/workspace/ponchofiesta/kitodo-mediaserver/385755653/kitodo-mediaserver-ui)
2018-05-30 17:45:45.806  INFO 608 --- [           main] o.k.m.ui.users.UserControllerTest        : No active profile set, falling back to default profiles: default
2018-05-30 17:45:45.808  INFO 608 --- [           main] o.s.w.c.s.GenericWebApplicationContext   : Refreshing org.springframework.web.context.support.GenericWebApplicationContext@3f7d73e3: startup date [Wed May 30 17:45:45 CEST 2018]; root of context hierarchy
2018-05-30 17:45:45.969  INFO 608 --- [           main] beddedDataSourceBeanFactoryPostProcessor : Replacing 'dataSource' DataSource bean with embedded version
2018-05-30 17:45:45.969  INFO 608 --- [           main] o.s.b.f.s.DefaultListableBeanFactory     : Overriding bean definition for bean 'dataSource' with a different definition: replacing [Root bean: class [null]; scope=; abstract=false; lazyInit=false; autowireMode=3; dependencyCheck=0; autowireCandidate=true; primary=false; factoryBeanName=org.springframework.boot.autoconfigure.jdbc.DataSourceConfiguration$Hikari; factoryMethodName=dataSource; initMethodName=null; destroyMethodName=(inferred); defined in class path resource [org/springframework/boot/autoconfigure/jdbc/DataSourceConfiguration$Hikari.class]] with [Root bean: class [org.springframework.boot.test.autoconfigure.jdbc.TestDatabaseAutoConfiguration$EmbeddedDataSourceFactoryBean]; scope=; abstract=false; lazyInit=false; autowireMode=0; dependencyCheck=0; autowireCandidate=true; primary=false; factoryBeanName=null; factoryMethodName=null; initMethodName=null; destroyMethodName=null]
2018-05-30 17:45:46.033  INFO 608 --- [           main] o.s.j.d.e.EmbeddedDatabaseFactory        : Starting embedded database: url='jdbc:h2:mem:9fc1bb52-5124-4b69-a8de-beadd1210f6f;DB_CLOSE_DELAY=-1;DB_CLOSE_ON_EXIT=false', username='sa'
2018-05-30 17:45:46.046  INFO 608 --- [           main] o.s.jdbc.datasource.init.ScriptUtils     : Executing SQL script from URL [file:/root/workspace/ponchofiesta/kitodo-mediaserver/385755653/kitodo-mediaserver-core/target/classes/schema.sql]
2018-05-30 17:45:46.054  INFO 608 --- [           main] o.s.jdbc.datasource.init.ScriptUtils     : Executed SQL script from URL [file:/root/workspace/ponchofiesta/kitodo-mediaserver/385755653/kitodo-mediaserver-core/target/classes/schema.sql] in 7 ms.
2018-05-30 17:45:46.059  INFO 608 --- [           main] o.s.jdbc.datasource.init.ScriptUtils     : Executing SQL script from URL [file:/root/workspace/ponchofiesta/kitodo-mediaserver/385755653/kitodo-mediaserver-core/target/classes/data.sql]
2018-05-30 17:45:46.060  INFO 608 --- [           main] o.s.jdbc.datasource.init.ScriptUtils     : Executed SQL script from URL [file:/root/workspace/ponchofiesta/kitodo-mediaserver/385755653/kitodo-mediaserver-core/target/classes/data.sql] in 0 ms.
2018-05-30 17:45:46.102  INFO 608 --- [           main] j.LocalContainerEntityManagerFactoryBean : Building JPA container EntityManagerFactory for persistence unit 'default'
2018-05-30 17:45:46.102  INFO 608 --- [           main] o.hibernate.jpa.internal.util.LogHelper  : HHH000204: Processing PersistenceUnitInfo [
	name: default
	...]
2018-05-30 17:45:46.108  INFO 608 --- [           main] org.hibernate.dialect.Dialect            : HHH000400: Using dialect: org.hibernate.dialect.H2Dialect
Hibernate: drop table action_data if exists
Hibernate: drop table identifier if exists
Hibernate: drop table parameter if exists
Hibernate: drop table user if exists
Hibernate: drop table work if exists
Hibernate: create table action_data (id integer generated by default as identity, action_name varchar(255), end_time timestamp, request_time timestamp, start_time timestamp, work_id varchar(255) not null, primary key (id))
Hibernate: create table identifier (identifier varchar(255) not null, type varchar(255), work_id varchar(255) not null, primary key (identifier))
Hibernate: create table parameter (action_data_id integer not null, parameter varchar(255), parameter_key varchar(255) not null, primary key (action_data_id, parameter_key))
Hibernate: create table user (username varchar(255) not null, enabled boolean, name varchar(255), password varchar(60), primary key (username))
Hibernate: create table work (id varchar(255) not null, enabled boolean not null, path varchar(255), title varchar(255), primary key (id))
Hibernate: alter table action_data add constraint FKhauld9xvs8kr1uwnv0hy6ey0i foreign key (work_id) references work
Hibernate: alter table identifier add constraint FK1j790dbcrwm7popfo24ckd3yh foreign key (work_id) references work
Hibernate: alter table parameter add constraint FKit17rdxw4du6a0gh7tn18nq9p foreign key (action_data_id) references action_data
2018-05-30 17:45:46.159  INFO 608 --- [           main] o.h.t.schema.internal.SchemaCreatorImpl  : HHH000476: Executing import script 'org.hibernate.tool.schema.internal.exec.ScriptSourceInputNonExistentImpl@61db86bf'
2018-05-30 17:45:46.160  INFO 608 --- [           main] j.LocalContainerEntityManagerFactoryBean : Initialized JPA EntityManagerFactory for persistence unit 'default'
2018-05-30 17:45:46.414  INFO 608 --- [           main] o.s.s.web.DefaultSecurityFilterChain     : Creating filter chain: org.springframework.security.web.util.matcher.AnyRequestMatcher@1, [org.springframework.security.web.context.request.async.WebAsyncManagerIntegrationFilter@100d5018, org.springframework.security.web.context.SecurityContextPersistenceFilter@1545ef47, org.springframework.security.web.header.HeaderWriterFilter@17fa25f1, org.springframework.security.web.csrf.CsrfFilter@12faeada, org.springframework.security.web.authentication.logout.LogoutFilter@3dceec83, org.springframework.security.web.authentication.UsernamePasswordAuthenticationFilter@732ae29c, org.springframework.security.web.savedrequest.RequestCacheAwareFilter@48dfce5c, org.springframework.security.web.servletapi.SecurityContextHolderAwareRequestFilter@eccaf1b, org.springframework.security.web.authentication.AnonymousAuthenticationFilter@6a25c9ad, org.springframework.security.web.session.SessionManagementFilter@50ac63b2, org.springframework.security.web.access.ExceptionTranslationFilter@73a5cc47, org.springframework.security.web.access.intercept.FilterSecurityInterceptor@25ee3cd6]
2018-05-30 17:45:46.424  WARN 608 --- [           main] aWebConfiguration$JpaWebMvcConfiguration : spring.jpa.open-in-view is enabled by default. Therefore, database queries may be performed during view rendering. Explicitly configure spring.jpa.open-in-view to disable this warning
2018-05-30 17:45:46.444  INFO 608 --- [           main] s.w.s.m.m.a.RequestMappingHandlerMapping : Mapped "{[/]}" onto public java.lang.String org.kitodo.mediaserver.ui.IndexController.index()
2018-05-30 17:45:46.445  INFO 608 --- [           main] s.w.s.m.m.a.RequestMappingHandlerMapping : Mapped "{[/jobs]}" onto public java.lang.String org.kitodo.mediaserver.ui.jobs.JobsController.jobs(org.springframework.ui.Model)
2018-05-30 17:45:46.445  INFO 608 --- [           main] s.w.s.m.m.a.RequestMappingHandlerMapping : Mapped "{[/status]}" onto public java.lang.String org.kitodo.mediaserver.ui.status.StatusController.status(org.springframework.ui.Model)
2018-05-30 17:45:46.447  INFO 608 --- [           main] s.w.s.m.m.a.RequestMappingHandlerMapping : Mapped "{[/users/{username}],methods=[GET]}" onto public java.lang.String org.kitodo.mediaserver.ui.users.UserController.editForm(org.springframework.ui.Model,java.lang.String)
2018-05-30 17:45:46.448  INFO 608 --- [           main] s.w.s.m.m.a.RequestMappingHandlerMapping : Mapped "{[/users/{username}],methods=[POST]}" onto public java.lang.String org.kitodo.mediaserver.ui.users.UserController.editSubmit(org.springframework.ui.Model,java.lang.String,org.kitodo.mediaserver.ui.users.UserDto,org.springframework.validation.BindingResult,java.security.Principal)
2018-05-30 17:45:46.448  INFO 608 --- [           main] s.w.s.m.m.a.RequestMappingHandlerMapping : Mapped "{[/users/{username}/delete],methods=[POST]}" onto public java.lang.String org.kitodo.mediaserver.ui.users.UserController.deleteSubmit(java.lang.String,org.springframework.web.servlet.mvc.support.RedirectAttributes,java.security.Principal)
2018-05-30 17:45:46.448  INFO 608 --- [           main] s.w.s.m.m.a.RequestMappingHandlerMapping : Mapped "{[/users/-new],methods=[GET]}" onto public java.lang.String org.kitodo.mediaserver.ui.users.UserController.createForm(org.springframework.ui.Model)
2018-05-30 17:45:46.448  INFO 608 --- [           main] s.w.s.m.m.a.RequestMappingHandlerMapping : Mapped "{[/users/-new],methods=[POST]}" onto public java.lang.String org.kitodo.mediaserver.ui.users.UserController.createSubmit(org.springframework.ui.Model,org.kitodo.mediaserver.ui.users.UserDto,org.springframework.validation.BindingResult)
2018-05-30 17:45:46.449  INFO 608 --- [           main] s.w.s.m.m.a.RequestMappingHandlerMapping : Mapped "{[/users]}" onto public java.lang.String org.kitodo.mediaserver.ui.users.UserController.list(org.springframework.ui.Model,java.lang.String)
2018-05-30 17:45:46.451  INFO 608 --- [           main] s.w.s.m.m.a.RequestMappingHandlerMapping : Mapped "{[/works/{id}/lockcomment],methods=[GET],produces=[application/json]}" onto public java.util.Map<java.lang.String, java.lang.String> org.kitodo.mediaserver.ui.works.WorkController.getLockComment(java.lang.String) throws org.kitodo.mediaserver.core.exceptions.WorkNotFoundException
2018-05-30 17:45:46.455  INFO 608 --- [           main] s.w.s.m.m.a.RequestMappingHandlerMapping : Mapped "{[/works/{id}],methods=[POST]}" onto public java.lang.String org.kitodo.mediaserver.ui.works.WorkController.edit(java.lang.String,java.lang.String,java.lang.String,org.springframework.web.servlet.mvc.support.RedirectAttributes)
2018-05-30 17:45:46.456  INFO 608 --- [           main] s.w.s.m.m.a.RequestMappingHandlerMapping : Mapped "{[/works/{id}/cache/delete],methods=[POST]}" onto public java.lang.String org.kitodo.mediaserver.ui.works.WorkController.cacheDelete(java.lang.String,org.springframework.web.servlet.mvc.support.RedirectAttributes)
2018-05-30 17:45:46.456  INFO 608 --- [           main] s.w.s.m.m.a.RequestMappingHandlerMapping : Mapped "{[/works]}" onto public java.lang.String org.kitodo.mediaserver.ui.works.WorkController.list(org.springframework.ui.Model,org.springframework.data.domain.Pageable,java.lang.String,java.lang.String)
2018-05-30 17:45:46.473  INFO 608 --- [           main] o.s.w.s.handler.SimpleUrlHandlerMapping  : Mapped URL path [/login] onto handler of type [class org.springframework.web.servlet.mvc.ParameterizableViewController]
2018-05-30 17:45:46.494  INFO 608 --- [           main] o.s.w.s.handler.SimpleUrlHandlerMapping  : Mapped URL path [/static/**] onto handler of type [class org.springframework.web.servlet.resource.ResourceHttpRequestHandler]
2018-05-30 17:45:46.524  INFO 608 --- [           main] s.w.s.m.m.a.RequestMappingHandlerAdapter : Looking for @ControllerAdvice: org.springframework.web.context.support.GenericWebApplicationContext@3f7d73e3: startup date [Wed May 30 17:45:45 CEST 2018]; root of context hierarchy
2018-05-30 17:45:46.550  WARN 608 --- [           main] o.s.w.c.s.GenericWebApplicationContext   : Exception encountered during context initialization - cancelling refresh attempt: org.springframework.beans.factory.UnsatisfiedDependencyException: Error creating bean with name 'workLockAction': Unsatisfied dependency expressed through method 'setMediaServerUtils' parameter 0; nested exception is org.springframework.beans.factory.NoSuchBeanDefinitionException: No qualifying bean of type 'org.kitodo.mediaserver.core.util.MediaServerUtils' available: expected at least 1 bean which qualifies as autowire candidate. Dependency annotations: {}
2018-05-30 17:45:46.551  INFO 608 --- [           main] j.LocalContainerEntityManagerFactoryBean : Closing JPA EntityManagerFactory for persistence unit 'default'
2018-05-30 17:45:46.551  INFO 608 --- [           main] .SchemaDropperImpl$DelayedDropActionImpl : HHH000477: Starting delayed drop of schema as part of SessionFactory shut-down'
Hibernate: drop table action_data if exists
Hibernate: drop table identifier if exists
Hibernate: drop table parameter if exists
Hibernate: drop table user if exists
Hibernate: drop table work if exists
2018-05-30 17:45:46.554  INFO 608 --- [           main] ConditionEvaluationReportLoggingListener : 

Error starting ApplicationContext. To display the conditions report re-run your application with 'debug' enabled.
2018-05-30 17:45:46.567 ERROR 608 --- [           main] o.s.b.d.LoggingFailureAnalysisReporter   : 

***************************
APPLICATION FAILED TO START
***************************

Description:

Parameter 0 of method setMediaServerUtils in org.kitodo.mediaserver.core.actions.WorkLockAction required a bean of type 'org.kitodo.mediaserver.core.util.MediaServerUtils' that could not be found.


Action:

Consider defining a bean of type 'org.kitodo.mediaserver.core.util.MediaServerUtils' in your configuration.

2018-05-30 17:45:46.568 ERROR 608 --- [           main] o.s.test.context.TestContextManager      : Caught exception while allowing TestExecutionListener [org.springframework.test.context.web.ServletTestExecutionListener@8d29719] to prepare test instance [org.kitodo.mediaserver.ui.users.UserControllerTest@7d619bcb]

java.lang.IllegalStateException: Failed to load ApplicationContext
	at org.springframework.test.context.cache.DefaultCacheAwareContextLoaderDelegate.loadContext(DefaultCacheAwareContextLoaderDelegate.java:125) ~[spring-test-5.0.4.RELEASE.jar:5.0.4.RELEASE]
	at org.springframework.test.context.support.DefaultTestContext.getApplicationContext(DefaultTestContext.java:107) ~[spring-test-5.0.4.RELEASE.jar:5.0.4.RELEASE]
	at org.springframework.test.context.web.ServletTestExecutionListener.setUpRequestContextIfNecessary(ServletTestExecutionListener.java:190) ~[spring-test-5.0.4.RELEASE.jar:5.0.4.RELEASE]
	at org.springframework.test.context.web.ServletTestExecutionListener.prepareTestInstance(ServletTestExecutionListener.java:132) ~[spring-test-5.0.4.RELEASE.jar:5.0.4.RELEASE]
	at org.springframework.test.context.TestContextManager.prepareTestInstance(TestContextManager.java:242) ~[spring-test-5.0.4.RELEASE.jar:5.0.4.RELEASE]
	at org.springframework.test.context.junit4.SpringJUnit4ClassRunner.createTest(SpringJUnit4ClassRunner.java:227) [spring-test-5.0.4.RELEASE.jar:5.0.4.RELEASE]
	at org.springframework.test.context.junit4.SpringJUnit4ClassRunner$1.runReflectiveCall(SpringJUnit4ClassRunner.java:289) [spring-test-5.0.4.RELEASE.jar:5.0.4.RELEASE]
	at org.junit.internal.runners.model.ReflectiveCallable.run(ReflectiveCallable.java:12) [junit-4.12.jar:4.12]
	at org.springframework.test.context.junit4.SpringJUnit4ClassRunner.methodBlock(SpringJUnit4ClassRunner.java:291) [spring-test-5.0.4.RELEASE.jar:5.0.4.RELEASE]
	at org.springframework.test.context.junit4.SpringJUnit4ClassRunner.runChild(SpringJUnit4ClassRunner.java:246) [spring-test-5.0.4.RELEASE.jar:5.0.4.RELEASE]
	at org.springframework.test.context.junit4.SpringJUnit4ClassRunner.runChild(SpringJUnit4ClassRunner.java:97) [spring-test-5.0.4.RELEASE.jar:5.0.4.RELEASE]
	at org.junit.runners.ParentRunner$3.run(ParentRunner.java:290) [junit-4.12.jar:4.12]
	at org.junit.runners.ParentRunner$1.schedule(ParentRunner.java:71) [junit-4.12.jar:4.12]
	at org.junit.runners.ParentRunner.runChildren(ParentRunner.java:288) [junit-4.12.jar:4.12]
	at org.junit.runners.ParentRunner.access$000(ParentRunner.java:58) [junit-4.12.jar:4.12]
	at org.junit.runners.ParentRunner$2.evaluate(ParentRunner.java:268) [junit-4.12.jar:4.12]
	at org.springframework.test.context.junit4.statements.RunBeforeTestClassCallbacks.evaluate(RunBeforeTestClassCallbacks.java:61) [spring-test-5.0.4.RELEASE.jar:5.0.4.RELEASE]
	at org.springframework.test.context.junit4.statements.RunAfterTestClassCallbacks.evaluate(RunAfterTestClassCallbacks.java:70) [spring-test-5.0.4.RELEASE.jar:5.0.4.RELEASE]
	at org.junit.runners.ParentRunner.run(ParentRunner.java:363) [junit-4.12.jar:4.12]
	at org.springframework.test.context.junit4.SpringJUnit4ClassRunner.run(SpringJUnit4ClassRunner.java:190) [spring-test-5.0.4.RELEASE.jar:5.0.4.RELEASE]
	at org.apache.maven.surefire.junit4.JUnit4Provider.execute(JUnit4Provider.java:369) [surefire-junit4-2.20.1.jar:2.20.1]
	at org.apache.maven.surefire.junit4.JUnit4Provider.executeWithRerun(JUnit4Provider.java:275) [surefire-junit4-2.20.1.jar:2.20.1]
	at org.apache.maven.surefire.junit4.JUnit4Provider.executeTestSet(JUnit4Provider.java:239) [surefire-junit4-2.20.1.jar:2.20.1]
	at org.apache.maven.surefire.junit4.JUnit4Provider.invoke(JUnit4Provider.java:160) [surefire-junit4-2.20.1.jar:2.20.1]
	at org.apache.maven.surefire.booter.ForkedBooter.invokeProviderInSameClassLoader(ForkedBooter.java:373) [surefire-booter-2.20.1.jar:2.20.1]
	at org.apache.maven.surefire.booter.ForkedBooter.runSuitesInProcess(ForkedBooter.java:334) [surefire-booter-2.20.1.jar:2.20.1]
	at org.apache.maven.surefire.booter.ForkedBooter.execute(ForkedBooter.java:119) [surefire-booter-2.20.1.jar:2.20.1]
	at org.apache.maven.surefire.booter.ForkedBooter.main(ForkedBooter.java:407) [surefire-booter-2.20.1.jar:2.20.1]
Caused by: org.springframework.beans.factory.UnsatisfiedDependencyException: Error creating bean with name 'workLockAction': Unsatisfied dependency expressed through method 'setMediaServerUtils' parameter 0; nested exception is org.springframework.beans.factory.NoSuchBeanDefinitionException: No qualifying bean of type 'org.kitodo.mediaserver.core.util.MediaServerUtils' available: expected at least 1 bean which qualifies as autowire candidate. Dependency annotations: {}
	at org.springframework.beans.factory.annotation.AutowiredAnnotationBeanPostProcessor$AutowiredMethodElement.inject(AutowiredAnnotationBeanPostProcessor.java:668) ~[spring-beans-5.0.4.RELEASE.jar:5.0.4.RELEASE]
	at org.springframework.beans.factory.annotation.InjectionMetadata.inject(InjectionMetadata.java:91) ~[spring-beans-5.0.4.RELEASE.jar:5.0.4.RELEASE]
	at org.springframework.beans.factory.annotation.AutowiredAnnotationBeanPostProcessor.postProcessPropertyValues(AutowiredAnnotationBeanPostProcessor.java:373) ~[spring-beans-5.0.4.RELEASE.jar:5.0.4.RELEASE]
	at org.springframework.beans.factory.support.AbstractAutowireCapableBeanFactory.populateBean(AbstractAutowireCapableBeanFactory.java:1344) ~[spring-beans-5.0.4.RELEASE.jar:5.0.4.RELEASE]
	at org.springframework.beans.factory.support.AbstractAutowireCapableBeanFactory.doCreateBean(AbstractAutowireCapableBeanFactory.java:582) ~[spring-beans-5.0.4.RELEASE.jar:5.0.4.RELEASE]
	at org.springframework.beans.factory.support.AbstractAutowireCapableBeanFactory.createBean(AbstractAutowireCapableBeanFactory.java:502) ~[spring-beans-5.0.4.RELEASE.jar:5.0.4.RELEASE]
	at org.springframework.beans.factory.support.AbstractBeanFactory.lambda$doGetBean$0(AbstractBeanFactory.java:312) ~[spring-beans-5.0.4.RELEASE.jar:5.0.4.RELEASE]
	at org.springframework.beans.factory.support.DefaultSingletonBeanRegistry.getSingleton(DefaultSingletonBeanRegistry.java:228) ~[spring-beans-5.0.4.RELEASE.jar:5.0.4.RELEASE]
	at org.springframework.beans.factory.support.AbstractBeanFactory.doGetBean(AbstractBeanFactory.java:310) ~[spring-beans-5.0.4.RELEASE.jar:5.0.4.RELEASE]
	at org.springframework.beans.factory.support.AbstractBeanFactory.getBean(AbstractBeanFactory.java:200) ~[spring-beans-5.0.4.RELEASE.jar:5.0.4.RELEASE]
	at org.springframework.beans.factory.support.DefaultListableBeanFactory.preInstantiateSingletons(DefaultListableBeanFactory.java:760) ~[spring-beans-5.0.4.RELEASE.jar:5.0.4.RELEASE]
	at org.springframework.context.support.AbstractApplicationContext.finishBeanFactoryInitialization(AbstractApplicationContext.java:868) ~[spring-context-5.0.4.RELEASE.jar:5.0.4.RELEASE]
	at org.springframework.context.support.AbstractApplicationContext.refresh(AbstractApplicationContext.java:549) ~[spring-context-5.0.4.RELEASE.jar:5.0.4.RELEASE]
	at org.springframework.boot.SpringApplication.refresh(SpringApplication.java:752) ~[spring-boot-2.0.0.RELEASE.jar:2.0.0.RELEASE]
	at org.springframework.boot.SpringApplication.refreshContext(SpringApplication.java:388) ~[spring-boot-2.0.0.RELEASE.jar:2.0.0.RELEASE]
	at org.springframework.boot.SpringApplication.run(SpringApplication.java:327) ~[spring-boot-2.0.0.RELEASE.jar:2.0.0.RELEASE]
	at org.springframework.boot.test.context.SpringBootContextLoader.loadContext(SpringBootContextLoader.java:138) ~[spring-boot-test-2.0.0.RELEASE.jar:2.0.0.RELEASE]
	at org.springframework.test.context.cache.DefaultCacheAwareContextLoaderDelegate.loadContextInternal(DefaultCacheAwareContextLoaderDelegate.java:99) ~[spring-test-5.0.4.RELEASE.jar:5.0.4.RELEASE]
	at org.springframework.test.context.cache.DefaultCacheAwareContextLoaderDelegate.loadContext(DefaultCacheAwareContextLoaderDelegate.java:117) ~[spring-test-5.0.4.RELEASE.jar:5.0.4.RELEASE]
	... 27 common frames omitted
Caused by: org.springframework.beans.factory.NoSuchBeanDefinitionException: No qualifying bean of type 'org.kitodo.mediaserver.core.util.MediaServerUtils' available: expected at least 1 bean which qualifies as autowire candidate. Dependency annotations: {}
	at org.springframework.beans.factory.support.DefaultListableBeanFactory.raiseNoMatchingBeanFound(DefaultListableBeanFactory.java:1509) ~[spring-beans-5.0.4.RELEASE.jar:5.0.4.RELEASE]
	at org.springframework.beans.factory.support.DefaultListableBeanFactory.doResolveDependency(DefaultListableBeanFactory.java:1104) ~[spring-beans-5.0.4.RELEASE.jar:5.0.4.RELEASE]
	at org.springframework.beans.factory.support.DefaultListableBeanFactory.resolveDependency(DefaultListableBeanFactory.java:1065) ~[spring-beans-5.0.4.RELEASE.jar:5.0.4.RELEASE]
	at org.springframework.beans.factory.annotation.AutowiredAnnotationBeanPostProcessor$AutowiredMethodElement.inject(AutowiredAnnotationBeanPostProcessor.java:660) ~[spring-beans-5.0.4.RELEASE.jar:5.0.4.RELEASE]
	... 45 common frames omitted

]]></system-out>
  </testcase>
</testsuite>