<?xml version="1.0" encoding="UTF-8"?>
<testsuite xmlns:xsi="http://www.w3.org/2001/XMLSchema-instance" xsi:noNamespaceSchemaLocation="https://maven.apache.org/surefire/maven-surefire-plugin/xsd/surefire-test-report.xsd" name="org.kitodo.mediaserver.ui.works.WorkControllerTest" time="10.094" tests="3" errors="3" skipped="0" failures="0">
  <properties>
    <property name="awt.toolkit" value="sun.awt.X11.XToolkit"/>
    <property name="file.encoding.pkg" value="sun.io"/>
    <property name="java.specification.version" value="1.8"/>
    <property name="sun.cpu.isalist" value=""/>
    <property name="sun.jnu.encoding" value="UTF-8"/>
    <property name="java.class.path" value="/root/workspace/ponchofiesta/kitodo-mediaserver/385755653/kitodo-mediaserver-ui/target/test-classes:/root/workspace/ponchofiesta/kitodo-mediaserver/385755653/kitodo-mediaserver-ui/target/classes:/root/workspace/ponchofiesta/kitodo-mediaserver/385755653/kitodo-mediaserver-core/target/classes:/root/./workspace/ponchofiesta/kitodo-mediaserver/385755653/.m2/org/springframework/boot/spring-boot-starter-data-jpa/2.0.0.RELEASE/spring-boot-starter-data-jpa-2.0.0.RELEASE.jar:/root/./workspace/ponchofiesta/kitodo-mediaserver/385755653/.m2/org/springframework/boot/spring-boot-starter-aop/2.0.0.RELEASE/spring-boot-starter-aop-2.0.0.RELEASE.jar:/root/./workspace/ponchofiesta/kitodo-mediaserver/385755653/.m2/org/aspectj/aspectjweaver/1.8.13/aspectjweaver-1.8.13.jar:/root/./workspace/ponchofiesta/kitodo-mediaserver/385755653/.m2/org/springframework/boot/spring-boot-starter-jdbc/2.0.0.RELEASE/spring-boot-starter-jdbc-2.0.0.RELEASE.jar:/root/./workspace/ponchofiesta/kitodo-mediaserver/385755653/.m2/com/zaxxer/HikariCP/2.7.8/HikariCP-2.7.8.jar:/root/./workspace/ponchofiesta/kitodo-mediaserver/385755653/.m2/org/springframework/spring-jdbc/5.0.4.RELEASE/spring-jdbc-5.0.4.RELEASE.jar:/root/./workspace/ponchofiesta/kitodo-mediaserver/385755653/.m2/org/hibernate/hibernate-core/5.2.14.Final/hibernate-core-5.2.14.Final.jar:/root/./workspace/ponchofiesta/kitodo-mediaserver/385755653/.m2/org/hibernate/javax/persistence/hibernate-jpa-2.1-api/1.0.0.Final/hibernate-jpa-2.1-api-1.0.0.Final.jar:/root/./workspace/ponchofiesta/kitodo-mediaserver/385755653/.m2/org/javassist/javassist/3.22.0-GA/javassist-3.22.0-GA.jar:/root/./workspace/ponchofiesta/kitodo-mediaserver/385755653/.m2/antlr/antlr/2.7.7/antlr-2.7.7.jar:/root/./workspace/ponchofiesta/kitodo-mediaserver/385755653/.m2/org/jboss/jandex/2.0.3.Final/jandex-2.0.3.Final.jar:/root/./workspace/ponchofiesta/kitodo-mediaserver/385755653/.m2/dom4j/dom4j/1.6.1/dom4j-1.6.1.jar:/root/./workspace/ponchofiesta/kitodo-mediaserver/385755653/.m2/org/hibernate/common/hibernate-commons-annotations/5.0.1.Final/hibernate-commons-annotations-5.0.1.Final.jar:/root/./workspace/ponchofiesta/kitodo-mediaserver/385755653/.m2/javax/transaction/javax.transaction-api/1.2/javax.transaction-api-1.2.jar:/root/./workspace/ponchofiesta/kitodo-mediaserver/385755653/.m2/org/springframework/data/spring-data-jpa/2.0.5.RELEASE/spring-data-jpa-2.0.5.RELEASE.jar:/root/./workspace/ponchofiesta/kitodo-mediaserver/385755653/.m2/org/springframework/data/spring-data-commons/2.0.5.RELEASE/spring-data-commons-2.0.5.RELEASE.jar:/root/./workspace/ponchofiesta/kitodo-mediaserver/385755653/.m2/org/springframework/spring-orm/5.0.4.RELEASE/spring-orm-5.0.4.RELEASE.jar:/root/./workspace/ponchofiesta/kitodo-mediaserver/385755653/.m2/org/springframework/spring-tx/5.0.4.RELEASE/spring-tx-5.0.4.RELEASE.jar:/root/./workspace/ponchofiesta/kitodo-mediaserver/385755653/.m2/org/springframework/spring-aspects/5.0.4.RELEASE/spring-aspects-5.0.4.RELEASE.jar:/root/./workspace/ponchofiesta/kitodo-mediaserver/385755653/.m2/com/h2database/h2/1.4.196/h2-1.4.196.jar:/root/./workspace/ponchofiesta/kitodo-mediaserver/385755653/.m2/mysql/mysql-connector-java/5.1.45/mysql-connector-java-5.1.45.jar:/root/./workspace/ponchofiesta/kitodo-mediaserver/385755653/.m2/org/springframework/spring-web/5.0.4.RELEASE/spring-web-5.0.4.RELEASE.jar:/root/./workspace/ponchofiesta/kitodo-mediaserver/385755653/.m2/org/springframework/spring-beans/5.0.4.RELEASE/spring-beans-5.0.4.RELEASE.jar:/root/./workspace/ponchofiesta/kitodo-mediaserver/385755653/.m2/org/hibernate/validator/hibernate-validator/6.0.7.Final/hibernate-validator-6.0.7.Final.jar:/root/./workspace/ponchofiesta/kitodo-mediaserver/385755653/.m2/javax/validation/validation-api/2.0.1.Final/validation-api-2.0.1.Final.jar:/root/./workspace/ponchofiesta/kitodo-mediaserver/385755653/.m2/org/jboss/logging/jboss-logging/3.3.2.Final/jboss-logging-3.3.2.Final.jar:/root/./workspace/ponchofiesta/kitodo-mediaserver/385755653/.m2/com/fasterxml/classmate/1.3.4/classmate-1.3.4.jar:/root/./workspace/ponchofiesta/kitodo-mediaserver/385755653/.m2/commons-lang/commons-lang/2.6/commons-lang-2.6.jar:/root/./workspace/ponchofiesta/kitodo-mediaserver/385755653/.m2/commons-io/commons-io/2.6/commons-io-2.6.jar:/root/./workspace/ponchofiesta/kitodo-mediaserver/385755653/.m2/org/im4java/im4java/1.4.0/im4java-1.4.0.jar:/root/./workspace/ponchofiesta/kitodo-mediaserver/385755653/.m2/org/springframework/boot/spring-boot-starter-web/2.0.0.RELEASE/spring-boot-starter-web-2.0.0.RELEASE.jar:/root/./workspace/ponchofiesta/kitodo-mediaserver/385755653/.m2/org/springframework/boot/spring-boot-starter/2.0.0.RELEASE/spring-boot-starter-2.0.0.RELEASE.jar:/root/./workspace/ponchofiesta/kitodo-mediaserver/385755653/.m2/org/springframework/boot/spring-boot-starter-logging/2.0.0.RELEASE/spring-boot-starter-logging-2.0.0.RELEASE.jar:/root/./workspace/ponchofiesta/kitodo-mediaserver/385755653/.m2/ch/qos/logback/logback-classic/1.2.3/logback-classic-1.2.3.jar:/root/./workspace/ponchofiesta/kitodo-mediaserver/385755653/.m2/ch/qos/logback/logback-core/1.2.3/logback-core-1.2.3.jar:/root/./workspace/ponchofiesta/kitodo-mediaserver/385755653/.m2/org/apache/logging/log4j/log4j-to-slf4j/2.10.0/log4j-to-slf4j-2.10.0.jar:/root/./workspace/ponchofiesta/kitodo-mediaserver/385755653/.m2/org/apache/logging/log4j/log4j-api/2.10.0/log4j-api-2.10.0.jar:/root/./workspace/ponchofiesta/kitodo-mediaserver/385755653/.m2/org/slf4j/jul-to-slf4j/1.7.25/jul-to-slf4j-1.7.25.jar:/root/./workspace/ponchofiesta/kitodo-mediaserver/385755653/.m2/org/yaml/snakeyaml/1.19/snakeyaml-1.19.jar:/root/./workspace/ponchofiesta/kitodo-mediaserver/385755653/.m2/org/springframework/boot/spring-boot-starter-json/2.0.0.RELEASE/spring-boot-starter-json-2.0.0.RELEASE.jar:/root/./workspace/ponchofiesta/kitodo-mediaserver/385755653/.m2/com/fasterxml/jackson/core/jackson-databind/2.9.4/jackson-databind-2.9.4.jar:/root/./workspace/ponchofiesta/kitodo-mediaserver/385755653/.m2/com/fasterxml/jackson/core/jackson-annotations/2.9.0/jackson-annotations-2.9.0.jar:/root/./workspace/ponchofiesta/kitodo-mediaserver/385755653/.m2/com/fasterxml/jackson/core/jackson-core/2.9.4/jackson-core-2.9.4.jar:/root/./workspace/ponchofiesta/kitodo-mediaserver/385755653/.m2/com/fasterxml/jackson/datatype/jackson-datatype-jdk8/2.9.4/jackson-datatype-jdk8-2.9.4.jar:/root/./workspace/ponchofiesta/kitodo-mediaserver/385755653/.m2/com/fasterxml/jackson/datatype/jackson-datatype-jsr310/2.9.4/jackson-datatype-jsr310-2.9.4.jar:/root/./workspace/ponchofiesta/kitodo-mediaserver/385755653/.m2/com/fasterxml/jackson/module/jackson-module-parameter-names/2.9.4/jackson-module-parameter-names-2.9.4.jar:/root/./workspace/ponchofiesta/kitodo-mediaserver/385755653/.m2/org/springframework/spring-webmvc/5.0.4.RELEASE/spring-webmvc-5.0.4.RELEASE.jar:/root/./workspace/ponchofiesta/kitodo-mediaserver/385755653/.m2/org/springframework/spring-context/5.0.4.RELEASE/spring-context-5.0.4.RELEASE.jar:/root/./workspace/ponchofiesta/kitodo-mediaserver/385755653/.m2/org/springframework/spring-expression/5.0.4.RELEASE/spring-expression-5.0.4.RELEASE.jar:/root/./workspace/ponchofiesta/kitodo-mediaserver/385755653/.m2/org/springframework/boot/spring-boot-starter-tomcat/2.0.0.RELEASE/spring-boot-starter-tomcat-2.0.0.RELEASE.jar:/root/./workspace/ponchofiesta/kitodo-mediaserver/385755653/.m2/javax/annotation/javax.annotation-api/1.3.2/javax.annotation-api-1.3.2.jar:/root/./workspace/ponchofiesta/kitodo-mediaserver/385755653/.m2/org/apache/tomcat/embed/tomcat-embed-core/8.5.28/tomcat-embed-core-8.5.28.jar:/root/./workspace/ponchofiesta/kitodo-mediaserver/385755653/.m2/org/apache/tomcat/embed/tomcat-embed-el/8.5.28/tomcat-embed-el-8.5.28.jar:/root/./workspace/ponchofiesta/kitodo-mediaserver/385755653/.m2/org/apache/tomcat/embed/tomcat-embed-websocket/8.5.28/tomcat-embed-websocket-8.5.28.jar:/root/./workspace/ponchofiesta/kitodo-mediaserver/385755653/.m2/org/springframework/boot/spring-boot-starter-thymeleaf/2.0.0.RELEASE/spring-boot-starter-thymeleaf-2.0.0.RELEASE.jar:/root/./workspace/ponchofiesta/kitodo-mediaserver/385755653/.m2/org/thymeleaf/thymeleaf-spring5/3.0.9.RELEASE/thymeleaf-spring5-3.0.9.RELEASE.jar:/root/./workspace/ponchofiesta/kitodo-mediaserver/385755653/.m2/org/thymeleaf/thymeleaf/3.0.9.RELEASE/thymeleaf-3.0.9.RELEASE.jar:/root/./workspace/ponchofiesta/kitodo-mediaserver/385755653/.m2/org/attoparser/attoparser/2.0.4.RELEASE/attoparser-2.0.4.RELEASE.jar:/root/./workspace/ponchofiesta/kitodo-mediaserver/385755653/.m2/org/unbescape/unbescape/1.1.5.RELEASE/unbescape-1.1.5.RELEASE.jar:/root/./workspace/ponchofiesta/kitodo-mediaserver/385755653/.m2/org/slf4j/slf4j-api/1.7.25/slf4j-api-1.7.25.jar:/root/./workspace/ponchofiesta/kitodo-mediaserver/385755653/.m2/org/thymeleaf/extras/thymeleaf-extras-java8time/3.0.1.RELEASE/thymeleaf-extras-java8time-3.0.1.RELEASE.jar:/root/./workspace/ponchofiesta/kitodo-mediaserver/385755653/.m2/org/springframework/boot/spring-boot-starter-security/2.0.0.RELEASE/spring-boot-starter-security-2.0.0.RELEASE.jar:/root/./workspace/ponchofiesta/kitodo-mediaserver/385755653/.m2/org/springframework/spring-aop/5.0.4.RELEASE/spring-aop-5.0.4.RELEASE.jar:/root/./workspace/ponchofiesta/kitodo-mediaserver/385755653/.m2/org/springframework/security/spring-security-config/5.0.3.RELEASE/spring-security-config-5.0.3.RELEASE.jar:/root/./workspace/ponchofiesta/kitodo-mediaserver/385755653/.m2/org/springframework/security/spring-security-web/5.0.3.RELEASE/spring-security-web-5.0.3.RELEASE.jar:/root/./workspace/ponchofiesta/kitodo-mediaserver/385755653/.m2/org/springframework/boot/spring-boot-devtools/2.0.0.RELEASE/spring-boot-devtools-2.0.0.RELEASE.jar:/root/./workspace/ponchofiesta/kitodo-mediaserver/385755653/.m2/org/springframework/boot/spring-boot/2.0.0.RELEASE/spring-boot-2.0.0.RELEASE.jar:/root/./workspace/ponchofiesta/kitodo-mediaserver/385755653/.m2/org/springframework/boot/spring-boot-autoconfigure/2.0.0.RELEASE/spring-boot-autoconfigure-2.0.0.RELEASE.jar:/root/./workspace/ponchofiesta/kitodo-mediaserver/385755653/.m2/org/springframework/boot/spring-boot-starter-test/2.0.0.RELEASE/spring-boot-starter-test-2.0.0.RELEASE.jar:/root/./workspace/ponchofiesta/kitodo-mediaserver/385755653/.m2/org/springframework/boot/spring-boot-test/2.0.0.RELEASE/spring-boot-test-2.0.0.RELEASE.jar:/root/./workspace/ponchofiesta/kitodo-mediaserver/385755653/.m2/org/springframework/boot/spring-boot-test-autoconfigure/2.0.0.RELEASE/spring-boot-test-autoconfigure-2.0.0.RELEASE.jar:/root/./workspace/ponchofiesta/kitodo-mediaserver/385755653/.m2/com/jayway/jsonpath/json-path/2.4.0/json-path-2.4.0.jar:/root/./workspace/ponchofiesta/kitodo-mediaserver/385755653/.m2/net/minidev/json-smart/2.3/json-smart-2.3.jar:/root/./workspace/ponchofiesta/kitodo-mediaserver/385755653/.m2/net/minidev/accessors-smart/1.2/accessors-smart-1.2.jar:/root/./workspace/ponchofiesta/kitodo-mediaserver/385755653/.m2/org/ow2/asm/asm/5.0.4/asm-5.0.4.jar:/root/./workspace/ponchofiesta/kitodo-mediaserver/385755653/.m2/junit/junit/4.12/junit-4.12.jar:/root/./workspace/ponchofiesta/kitodo-mediaserver/385755653/.m2/org/assertj/assertj-core/3.9.1/assertj-core-3.9.1.jar:/root/./workspace/ponchofiesta/kitodo-mediaserver/385755653/.m2/org/mockito/mockito-core/2.15.0/mockito-core-2.15.0.jar:/root/./workspace/ponchofiesta/kitodo-mediaserver/385755653/.m2/net/bytebuddy/byte-buddy/1.7.10/byte-buddy-1.7.10.jar:/root/./workspace/ponchofiesta/kitodo-mediaserver/385755653/.m2/net/bytebuddy/byte-buddy-agent/1.7.10/byte-buddy-agent-1.7.10.jar:/root/./workspace/ponchofiesta/kitodo-mediaserver/385755653/.m2/org/objenesis/objenesis/2.6/objenesis-2.6.jar:/root/./workspace/ponchofiesta/kitodo-mediaserver/385755653/.m2/org/hamcrest/hamcrest-core/1.3/hamcrest-core-1.3.jar:/root/./workspace/ponchofiesta/kitodo-mediaserver/385755653/.m2/org/hamcrest/hamcrest-library/1.3/hamcrest-library-1.3.jar:/root/./workspace/ponchofiesta/kitodo-mediaserver/385755653/.m2/org/skyscreamer/jsonassert/1.5.0/jsonassert-1.5.0.jar:/root/./workspace/ponchofiesta/kitodo-mediaserver/385755653/.m2/com/vaadin/external/google/android-json/0.0.20131108.vaadin1/android-json-0.0.20131108.vaadin1.jar:/root/./workspace/ponchofiesta/kitodo-mediaserver/385755653/.m2/org/springframework/spring-core/5.0.4.RELEASE/spring-core-5.0.4.RELEASE.jar:/root/./workspace/ponchofiesta/kitodo-mediaserver/385755653/.m2/org/springframework/spring-jcl/5.0.4.RELEASE/spring-jcl-5.0.4.RELEASE.jar:/root/./workspace/ponchofiesta/kitodo-mediaserver/385755653/.m2/org/springframework/spring-test/5.0.4.RELEASE/spring-test-5.0.4.RELEASE.jar:/root/./workspace/ponchofiesta/kitodo-mediaserver/385755653/.m2/org/xmlunit/xmlunit-core/2.5.1/xmlunit-core-2.5.1.jar:/root/./workspace/ponchofiesta/kitodo-mediaserver/385755653/.m2/org/springframework/security/spring-security-test/5.0.3.RELEASE/spring-security-test-5.0.3.RELEASE.jar:/root/./workspace/ponchofiesta/kitodo-mediaserver/385755653/.m2/org/springframework/security/spring-security-core/5.0.3.RELEASE/spring-security-core-5.0.3.RELEASE.jar:"/>
    <property name="java.vm.vendor" value="Oracle Corporation"/>
    <property name="skip.bower" value="true"/>
    <property name="sun.arch.data.model" value="64"/>
    <property name="java.vendor.url" value="http://java.oracle.com/"/>
    <property name="user.timezone" value=""/>
    <property name="java.vm.specification.version" value="1.8"/>
    <property name="os.name" value="Linux"/>
    <property name="rat.skip" value="true"/>
    <property name="gpg.skip" value="true"/>
    <property name="sun.java.launcher" value="SUN_STANDARD"/>
    <property name="sun.boot.library.path" value="/usr/lib/jvm/java-8-openjdk-amd64/jre/lib/amd64"/>
    <property name="skip.gulp" value="true"/>
    <property name="sun.java.command" value="/root/workspace/ponchofiesta/kitodo-mediaserver/385755653/kitodo-mediaserver-ui/target/surefire/surefirebooter3397886136263084733.jar /root/workspace/ponchofiesta/kitodo-mediaserver/385755653/kitodo-mediaserver-ui/target/surefire 2018-05-30T17-45-08_059-jvmRun1 surefire369011844072065186tmp surefire_26995500003304951418tmp"/>
    <property name="dependency-check.skip" value="true"/>
    <property name="surefire.test.class.path" value="/root/workspace/ponchofiesta/kitodo-mediaserver/385755653/kitodo-mediaserver-ui/target/test-classes:/root/workspace/ponchofiesta/kitodo-mediaserver/385755653/kitodo-mediaserver-ui/target/classes:/root/workspace/ponchofiesta/kitodo-mediaserver/385755653/kitodo-mediaserver-core/target/classes:/root/./workspace/ponchofiesta/kitodo-mediaserver/385755653/.m2/org/springframework/boot/spring-boot-starter-data-jpa/2.0.0.RELEASE/spring-boot-starter-data-jpa-2.0.0.RELEASE.jar:/root/./workspace/ponchofiesta/kitodo-mediaserver/385755653/.m2/org/springframework/boot/spring-boot-starter-aop/2.0.0.RELEASE/spring-boot-starter-aop-2.0.0.RELEASE.jar:/root/./workspace/ponchofiesta/kitodo-mediaserver/385755653/.m2/org/aspectj/aspectjweaver/1.8.13/aspectjweaver-1.8.13.jar:/root/./workspace/ponchofiesta/kitodo-mediaserver/385755653/.m2/org/springframework/boot/spring-boot-starter-jdbc/2.0.0.RELEASE/spring-boot-starter-jdbc-2.0.0.RELEASE.jar:/root/./workspace/ponchofiesta/kitodo-mediaserver/385755653/.m2/com/zaxxer/HikariCP/2.7.8/HikariCP-2.7.8.jar:/root/./workspace/ponchofiesta/kitodo-mediaserver/385755653/.m2/org/springframework/spring-jdbc/5.0.4.RELEASE/spring-jdbc-5.0.4.RELEASE.jar:/root/./workspace/ponchofiesta/kitodo-mediaserver/385755653/.m2/org/hibernate/hibernate-core/5.2.14.Final/hibernate-core-5.2.14.Final.jar:/root/./workspace/ponchofiesta/kitodo-mediaserver/385755653/.m2/org/hibernate/javax/persistence/hibernate-jpa-2.1-api/1.0.0.Final/hibernate-jpa-2.1-api-1.0.0.Final.jar:/root/./workspace/ponchofiesta/kitodo-mediaserver/385755653/.m2/org/javassist/javassist/3.22.0-GA/javassist-3.22.0-GA.jar:/root/./workspace/ponchofiesta/kitodo-mediaserver/385755653/.m2/antlr/antlr/2.7.7/antlr-2.7.7.jar:/root/./workspace/ponchofiesta/kitodo-mediaserver/385755653/.m2/org/jboss/jandex/2.0.3.Final/jandex-2.0.3.Final.jar:/root/./workspace/ponchofiesta/kitodo-mediaserver/385755653/.m2/dom4j/dom4j/1.6.1/dom4j-1.6.1.jar:/root/./workspace/ponchofiesta/kitodo-mediaserver/385755653/.m2/org/hibernate/common/hibernate-commons-annotations/5.0.1.Final/hibernate-commons-annotations-5.0.1.Final.jar:/root/./workspace/ponchofiesta/kitodo-mediaserver/385755653/.m2/javax/transaction/javax.transaction-api/1.2/javax.transaction-api-1.2.jar:/root/./workspace/ponchofiesta/kitodo-mediaserver/385755653/.m2/org/springframework/data/spring-data-jpa/2.0.5.RELEASE/spring-data-jpa-2.0.5.RELEASE.jar:/root/./workspace/ponchofiesta/kitodo-mediaserver/385755653/.m2/org/springframework/data/spring-data-commons/2.0.5.RELEASE/spring-data-commons-2.0.5.RELEASE.jar:/root/./workspace/ponchofiesta/kitodo-mediaserver/385755653/.m2/org/springframework/spring-orm/5.0.4.RELEASE/spring-orm-5.0.4.RELEASE.jar:/root/./workspace/ponchofiesta/kitodo-mediaserver/385755653/.m2/org/springframework/spring-tx/5.0.4.RELEASE/spring-tx-5.0.4.RELEASE.jar:/root/./workspace/ponchofiesta/kitodo-mediaserver/385755653/.m2/org/springframework/spring-aspects/5.0.4.RELEASE/spring-aspects-5.0.4.RELEASE.jar:/root/./workspace/ponchofiesta/kitodo-mediaserver/385755653/.m2/com/h2database/h2/1.4.196/h2-1.4.196.jar:/root/./workspace/ponchofiesta/kitodo-mediaserver/385755653/.m2/mysql/mysql-connector-java/5.1.45/mysql-connector-java-5.1.45.jar:/root/./workspace/ponchofiesta/kitodo-mediaserver/385755653/.m2/org/springframework/spring-web/5.0.4.RELEASE/spring-web-5.0.4.RELEASE.jar:/root/./workspace/ponchofiesta/kitodo-mediaserver/385755653/.m2/org/springframework/spring-beans/5.0.4.RELEASE/spring-beans-5.0.4.RELEASE.jar:/root/./workspace/ponchofiesta/kitodo-mediaserver/385755653/.m2/org/hibernate/validator/hibernate-validator/6.0.7.Final/hibernate-validator-6.0.7.Final.jar:/root/./workspace/ponchofiesta/kitodo-mediaserver/385755653/.m2/javax/validation/validation-api/2.0.1.Final/validation-api-2.0.1.Final.jar:/root/./workspace/ponchofiesta/kitodo-mediaserver/385755653/.m2/org/jboss/logging/jboss-logging/3.3.2.Final/jboss-logging-3.3.2.Final.jar:/root/./workspace/ponchofiesta/kitodo-mediaserver/385755653/.m2/com/fasterxml/classmate/1.3.4/classmate-1.3.4.jar:/root/./workspace/ponchofiesta/kitodo-mediaserver/385755653/.m2/commons-lang/commons-lang/2.6/commons-lang-2.6.jar:/root/./workspace/ponchofiesta/kitodo-mediaserver/385755653/.m2/commons-io/commons-io/2.6/commons-io-2.6.jar:/root/./workspace/ponchofiesta/kitodo-mediaserver/385755653/.m2/org/im4java/im4java/1.4.0/im4java-1.4.0.jar:/root/./workspace/ponchofiesta/kitodo-mediaserver/385755653/.m2/org/springframework/boot/spring-boot-starter-web/2.0.0.RELEASE/spring-boot-starter-web-2.0.0.RELEASE.jar:/root/./workspace/ponchofiesta/kitodo-mediaserver/385755653/.m2/org/springframework/boot/spring-boot-starter/2.0.0.RELEASE/spring-boot-starter-2.0.0.RELEASE.jar:/root/./workspace/ponchofiesta/kitodo-mediaserver/385755653/.m2/org/springframework/boot/spring-boot-starter-logging/2.0.0.RELEASE/spring-boot-starter-logging-2.0.0.RELEASE.jar:/root/./workspace/ponchofiesta/kitodo-mediaserver/385755653/.m2/ch/qos/logback/logback-classic/1.2.3/logback-classic-1.2.3.jar:/root/./workspace/ponchofiesta/kitodo-mediaserver/385755653/.m2/ch/qos/logback/logback-core/1.2.3/logback-core-1.2.3.jar:/root/./workspace/ponchofiesta/kitodo-mediaserver/385755653/.m2/org/apache/logging/log4j/log4j-to-slf4j/2.10.0/log4j-to-slf4j-2.10.0.jar:/root/./workspace/ponchofiesta/kitodo-mediaserver/385755653/.m2/org/apache/logging/log4j/log4j-api/2.10.0/log4j-api-2.10.0.jar:/root/./workspace/ponchofiesta/kitodo-mediaserver/385755653/.m2/org/slf4j/jul-to-slf4j/1.7.25/jul-to-slf4j-1.7.25.jar:/root/./workspace/ponchofiesta/kitodo-mediaserver/385755653/.m2/org/yaml/snakeyaml/1.19/snakeyaml-1.19.jar:/root/./workspace/ponchofiesta/kitodo-mediaserver/385755653/.m2/org/springframework/boot/spring-boot-starter-json/2.0.0.RELEASE/spring-boot-starter-json-2.0.0.RELEASE.jar:/root/./workspace/ponchofiesta/kitodo-mediaserver/385755653/.m2/com/fasterxml/jackson/core/jackson-databind/2.9.4/jackson-databind-2.9.4.jar:/root/./workspace/ponchofiesta/kitodo-mediaserver/385755653/.m2/com/fasterxml/jackson/core/jackson-annotations/2.9.0/jackson-annotations-2.9.0.jar:/root/./workspace/ponchofiesta/kitodo-mediaserver/385755653/.m2/com/fasterxml/jackson/core/jackson-core/2.9.4/jackson-core-2.9.4.jar:/root/./workspace/ponchofiesta/kitodo-mediaserver/385755653/.m2/com/fasterxml/jackson/datatype/jackson-datatype-jdk8/2.9.4/jackson-datatype-jdk8-2.9.4.jar:/root/./workspace/ponchofiesta/kitodo-mediaserver/385755653/.m2/com/fasterxml/jackson/datatype/jackson-datatype-jsr310/2.9.4/jackson-datatype-jsr310-2.9.4.jar:/root/./workspace/ponchofiesta/kitodo-mediaserver/385755653/.m2/com/fasterxml/jackson/module/jackson-module-parameter-names/2.9.4/jackson-module-parameter-names-2.9.4.jar:/root/./workspace/ponchofiesta/kitodo-mediaserver/385755653/.m2/org/springframework/spring-webmvc/5.0.4.RELEASE/spring-webmvc-5.0.4.RELEASE.jar:/root/./workspace/ponchofiesta/kitodo-mediaserver/385755653/.m2/org/springframework/spring-context/5.0.4.RELEASE/spring-context-5.0.4.RELEASE.jar:/root/./workspace/ponchofiesta/kitodo-mediaserver/385755653/.m2/org/springframework/spring-expression/5.0.4.RELEASE/spring-expression-5.0.4.RELEASE.jar:/root/./workspace/ponchofiesta/kitodo-mediaserver/385755653/.m2/org/springframework/boot/spring-boot-starter-tomcat/2.0.0.RELEASE/spring-boot-starter-tomcat-2.0.0.RELEASE.jar:/root/./workspace/ponchofiesta/kitodo-mediaserver/385755653/.m2/javax/annotation/javax.annotation-api/1.3.2/javax.annotation-api-1.3.2.jar:/root/./workspace/ponchofiesta/kitodo-mediaserver/385755653/.m2/org/apache/tomcat/embed/tomcat-embed-core/8.5.28/tomcat-embed-core-8.5.28.jar:/root/./workspace/ponchofiesta/kitodo-mediaserver/385755653/.m2/org/apache/tomcat/embed/tomcat-embed-el/8.5.28/tomcat-embed-el-8.5.28.jar:/root/./workspace/ponchofiesta/kitodo-mediaserver/385755653/.m2/org/apache/tomcat/embed/tomcat-embed-websocket/8.5.28/tomcat-embed-websocket-8.5.28.jar:/root/./workspace/ponchofiesta/kitodo-mediaserver/385755653/.m2/org/springframework/boot/spring-boot-starter-thymeleaf/2.0.0.RELEASE/spring-boot-starter-thymeleaf-2.0.0.RELEASE.jar:/root/./workspace/ponchofiesta/kitodo-mediaserver/385755653/.m2/org/thymeleaf/thymeleaf-spring5/3.0.9.RELEASE/thymeleaf-spring5-3.0.9.RELEASE.jar:/root/./workspace/ponchofiesta/kitodo-mediaserver/385755653/.m2/org/thymeleaf/thymeleaf/3.0.9.RELEASE/thymeleaf-3.0.9.RELEASE.jar:/root/./workspace/ponchofiesta/kitodo-mediaserver/385755653/.m2/org/attoparser/attoparser/2.0.4.RELEASE/attoparser-2.0.4.RELEASE.jar:/root/./workspace/ponchofiesta/kitodo-mediaserver/385755653/.m2/org/unbescape/unbescape/1.1.5.RELEASE/unbescape-1.1.5.RELEASE.jar:/root/./workspace/ponchofiesta/kitodo-mediaserver/385755653/.m2/org/slf4j/slf4j-api/1.7.25/slf4j-api-1.7.25.jar:/root/./workspace/ponchofiesta/kitodo-mediaserver/385755653/.m2/org/thymeleaf/extras/thymeleaf-extras-java8time/3.0.1.RELEASE/thymeleaf-extras-java8time-3.0.1.RELEASE.jar:/root/./workspace/ponchofiesta/kitodo-mediaserver/385755653/.m2/org/springframework/boot/spring-boot-starter-security/2.0.0.RELEASE/spring-boot-starter-security-2.0.0.RELEASE.jar:/root/./workspace/ponchofiesta/kitodo-mediaserver/385755653/.m2/org/springframework/spring-aop/5.0.4.RELEASE/spring-aop-5.0.4.RELEASE.jar:/root/./workspace/ponchofiesta/kitodo-mediaserver/385755653/.m2/org/springframework/security/spring-security-config/5.0.3.RELEASE/spring-security-config-5.0.3.RELEASE.jar:/root/./workspace/ponchofiesta/kitodo-mediaserver/385755653/.m2/org/springframework/security/spring-security-web/5.0.3.RELEASE/spring-security-web-5.0.3.RELEASE.jar:/root/./workspace/ponchofiesta/kitodo-mediaserver/385755653/.m2/org/springframework/boot/spring-boot-devtools/2.0.0.RELEASE/spring-boot-devtools-2.0.0.RELEASE.jar:/root/./workspace/ponchofiesta/kitodo-mediaserver/385755653/.m2/org/springframework/boot/spring-boot/2.0.0.RELEASE/spring-boot-2.0.0.RELEASE.jar:/root/./workspace/ponchofiesta/kitodo-mediaserver/385755653/.m2/org/springframework/boot/spring-boot-autoconfigure/2.0.0.RELEASE/spring-boot-autoconfigure-2.0.0.RELEASE.jar:/root/./workspace/ponchofiesta/kitodo-mediaserver/385755653/.m2/org/springframework/boot/spring-boot-starter-test/2.0.0.RELEASE/spring-boot-starter-test-2.0.0.RELEASE.jar:/root/./workspace/ponchofiesta/kitodo-mediaserver/385755653/.m2/org/springframework/boot/spring-boot-test/2.0.0.RELEASE/spring-boot-test-2.0.0.RELEASE.jar:/root/./workspace/ponchofiesta/kitodo-mediaserver/385755653/.m2/org/springframework/boot/spring-boot-test-autoconfigure/2.0.0.RELEASE/spring-boot-test-autoconfigure-2.0.0.RELEASE.jar:/root/./workspace/ponchofiesta/kitodo-mediaserver/385755653/.m2/com/jayway/jsonpath/json-path/2.4.0/json-path-2.4.0.jar:/root/./workspace/ponchofiesta/kitodo-mediaserver/385755653/.m2/net/minidev/json-smart/2.3/json-smart-2.3.jar:/root/./workspace/ponchofiesta/kitodo-mediaserver/385755653/.m2/net/minidev/accessors-smart/1.2/accessors-smart-1.2.jar:/root/./workspace/ponchofiesta/kitodo-mediaserver/385755653/.m2/org/ow2/asm/asm/5.0.4/asm-5.0.4.jar:/root/./workspace/ponchofiesta/kitodo-mediaserver/385755653/.m2/junit/junit/4.12/junit-4.12.jar:/root/./workspace/ponchofiesta/kitodo-mediaserver/385755653/.m2/org/assertj/assertj-core/3.9.1/assertj-core-3.9.1.jar:/root/./workspace/ponchofiesta/kitodo-mediaserver/385755653/.m2/org/mockito/mockito-core/2.15.0/mockito-core-2.15.0.jar:/root/./workspace/ponchofiesta/kitodo-mediaserver/385755653/.m2/net/bytebuddy/byte-buddy/1.7.10/byte-buddy-1.7.10.jar:/root/./workspace/ponchofiesta/kitodo-mediaserver/385755653/.m2/net/bytebuddy/byte-buddy-agent/1.7.10/byte-buddy-agent-1.7.10.jar:/root/./workspace/ponchofiesta/kitodo-mediaserver/385755653/.m2/org/objenesis/objenesis/2.6/objenesis-2.6.jar:/root/./workspace/ponchofiesta/kitodo-mediaserver/385755653/.m2/org/hamcrest/hamcrest-core/1.3/hamcrest-core-1.3.jar:/root/./workspace/ponchofiesta/kitodo-mediaserver/385755653/.m2/org/hamcrest/hamcrest-library/1.3/hamcrest-library-1.3.jar:/root/./workspace/ponchofiesta/kitodo-mediaserver/385755653/.m2/org/skyscreamer/jsonassert/1.5.0/jsonassert-1.5.0.jar:/root/./workspace/ponchofiesta/kitodo-mediaserver/385755653/.m2/com/vaadin/external/google/android-json/0.0.20131108.vaadin1/android-json-0.0.20131108.vaadin1.jar:/root/./workspace/ponchofiesta/kitodo-mediaserver/385755653/.m2/org/springframework/spring-core/5.0.4.RELEASE/spring-core-5.0.4.RELEASE.jar:/root/./workspace/ponchofiesta/kitodo-mediaserver/385755653/.m2/org/springframework/spring-jcl/5.0.4.RELEASE/spring-jcl-5.0.4.RELEASE.jar:/root/./workspace/ponchofiesta/kitodo-mediaserver/385755653/.m2/org/springframework/spring-test/5.0.4.RELEASE/spring-test-5.0.4.RELEASE.jar:/root/./workspace/ponchofiesta/kitodo-mediaserver/385755653/.m2/org/xmlunit/xmlunit-core/2.5.1/xmlunit-core-2.5.1.jar:/root/./workspace/ponchofiesta/kitodo-mediaserver/385755653/.m2/org/springframework/security/spring-security-test/5.0.3.RELEASE/spring-security-test-5.0.3.RELEASE.jar:/root/./workspace/ponchofiesta/kitodo-mediaserver/385755653/.m2/org/springframework/security/spring-security-core/5.0.3.RELEASE/spring-security-core-5.0.3.RELEASE.jar:"/>
    <property name="sun.cpu.endian" value="little"/>
    <property name="user.home" value="/root"/>
    <property name="user.language" value="en"/>
    <property name="java.specification.vendor" value="Oracle Corporation"/>
    <property name="java.home" value="/usr/lib/jvm/java-8-openjdk-amd64/jre"/>
    <property name="basedir" value="/root/workspace/ponchofiesta/kitodo-mediaserver/385755653/kitodo-mediaserver-ui"/>
    <property name="file.separator" value="/"/>
    <property name="checkstyle.skip" value="true"/>
    <property name="line.separator" value="&#10;"/>
    <property name="skip.npm" value="true"/>
    <property name="java.vm.specification.vendor" value="Oracle Corporation"/>
    <property name="java.specification.name" value="Java Platform API Specification"/>
    <property name="java.awt.graphicsenv" value="sun.awt.X11GraphicsEnvironment"/>
    <property name="skipITs" value="true"/>
    <property name="surefire.real.class.path" value="/root/workspace/ponchofiesta/kitodo-mediaserver/385755653/kitodo-mediaserver-ui/target/surefire/surefirebooter3397886136263084733.jar"/>
    <property name="cobertura.skip" value="true"/>
    <property name="sun.boot.class.path" value="/usr/lib/jvm/java-8-openjdk-amd64/jre/lib/resources.jar:/usr/lib/jvm/java-8-openjdk-amd64/jre/lib/rt.jar:/usr/lib/jvm/java-8-openjdk-amd64/jre/lib/sunrsasign.jar:/usr/lib/jvm/java-8-openjdk-amd64/jre/lib/jsse.jar:/usr/lib/jvm/java-8-openjdk-amd64/jre/lib/jce.jar:/usr/lib/jvm/java-8-openjdk-amd64/jre/lib/charsets.jar:/usr/lib/jvm/java-8-openjdk-amd64/jre/lib/jfr.jar:/usr/lib/jvm/java-8-openjdk-amd64/jre/classes"/>
    <property name="sun.management.compiler" value="HotSpot 64-Bit Tiered Compilers"/>
    <property name="java.runtime.version" value="1.8.0_121-8u121-b13-1~bpo8+1-b13"/>
    <property name="user.name" value="root"/>
    <property name="findbugs.skip" value="true"/>
    <property name="path.separator" value=":"/>
    <property name="os.version" value="3.10.0-862.2.3.el7.x86_64"/>
    <property name="java.endorsed.dirs" value="/usr/lib/jvm/java-8-openjdk-amd64/jre/lib/endorsed"/>
    <property name="java.runtime.name" value="OpenJDK Runtime Environment"/>
    <property name="file.encoding" value="UTF-8"/>
    <property name="java.vm.name" value="OpenJDK 64-Bit Server VM"/>
    <property name="localRepository" value="/root/./workspace/ponchofiesta/kitodo-mediaserver/385755653/.m2"/>
    <property name="java.vendor.url.bug" value="http://bugreport.sun.com/bugreport/"/>
    <property name="java.io.tmpdir" value="/tmp"/>
    <property name="java.version" value="1.8.0_121"/>
    <property name="user.dir" value="/root/workspace/ponchofiesta/kitodo-mediaserver/385755653/kitodo-mediaserver-ui"/>
    <property name="os.arch" value="amd64"/>
    <property name="license.skip" value="true"/>
    <property name="java.vm.specification.name" value="Java Virtual Machine Specification"/>
    <property name="java.awt.printerjob" value="sun.print.PSPrinterJob"/>
    <property name="sun.os.patch.level" value="unknown"/>
    <property name="java.library.path" value="/usr/java/packages/lib/amd64:/usr/lib/x86_64-linux-gnu/jni:/lib/x86_64-linux-gnu:/usr/lib/x86_64-linux-gnu:/usr/lib/jni:/lib:/usr/lib"/>
    <property name="java.vm.info" value="mixed mode"/>
    <property name="java.vendor" value="Oracle Corporation"/>
    <property name="java.vm.version" value="25.121-b13"/>
    <property name="java.ext.dirs" value="/usr/lib/jvm/java-8-openjdk-amd64/jre/lib/ext:/usr/java/packages/lib/ext"/>
    <property name="sun.io.unicode.encoding" value="UnicodeLittle"/>
    <property name="maven.repo.local" value="/root/./workspace/ponchofiesta/kitodo-mediaserver/385755653/.m2"/>
    <property name="enforcer.skip" value="true"/>
    <property name="java.class.version" value="52.0"/>
  </properties>
  <testcase name="testLockWork" classname="org.kitodo.mediaserver.ui.works.WorkControllerTest" time="0.01">
    <error message="Failed to load ApplicationContext" type="java.lang.IllegalStateException">java.lang.IllegalStateException: Failed to load ApplicationContext
Caused by: org.springframework.beans.factory.UnsatisfiedDependencyException: Error creating bean with name 'workLockAction': Unsatisfied dependency expressed through method 'setMediaServerUtils' parameter 0; nested exception is org.springframework.beans.factory.NoSuchBeanDefinitionException: No qualifying bean of type 'org.kitodo.mediaserver.core.util.MediaServerUtils' available: expected at least 1 bean which qualifies as autowire candidate. Dependency annotations: {}
Caused by: org.springframework.beans.factory.NoSuchBeanDefinitionException: No qualifying bean of type 'org.kitodo.mediaserver.core.util.MediaServerUtils' available: expected at least 1 bean which qualifies as autowire candidate. Dependency annotations: {}
</error>
    <system-out><![CDATA[17:45:29.699 [main] DEBUG org.springframework.test.context.junit4.SpringJUnit4ClassRunner - SpringJUnit4ClassRunner constructor called with [class org.kitodo.mediaserver.ui.works.WorkControllerTest]
17:45:29.706 [main] DEBUG org.springframework.test.context.BootstrapUtils - Instantiating CacheAwareContextLoaderDelegate from class [org.springframework.test.context.cache.DefaultCacheAwareContextLoaderDelegate]
17:45:29.737 [main] DEBUG org.springframework.test.context.BootstrapUtils - Instantiating BootstrapContext using constructor [public org.springframework.test.context.support.DefaultBootstrapContext(java.lang.Class,org.springframework.test.context.CacheAwareContextLoaderDelegate)]
17:45:29.797 [main] DEBUG org.springframework.test.context.BootstrapUtils - Instantiating TestContextBootstrapper for test class [org.kitodo.mediaserver.ui.works.WorkControllerTest] from class [org.springframework.boot.test.context.SpringBootTestContextBootstrapper]
17:45:29.829 [main] DEBUG org.springframework.test.context.support.AbstractContextLoader - Did not detect default resource location for test class [org.kitodo.mediaserver.ui.works.WorkControllerTest]: class path resource [org/kitodo/mediaserver/ui/works/WorkControllerTest-context.xml] does not exist
17:45:29.831 [main] DEBUG org.springframework.test.context.support.AbstractContextLoader - Did not detect default resource location for test class [org.kitodo.mediaserver.ui.works.WorkControllerTest]: class path resource [org/kitodo/mediaserver/ui/works/WorkControllerTestContext.groovy] does not exist
17:45:29.831 [main] INFO org.springframework.test.context.support.AbstractContextLoader - Could not detect default resource locations for test class [org.kitodo.mediaserver.ui.works.WorkControllerTest]: no resource found for suffixes {-context.xml, Context.groovy}.
17:45:29.945 [main] DEBUG org.springframework.test.context.support.ActiveProfilesUtils - Could not find an 'annotation declaring class' for annotation type [org.springframework.test.context.ActiveProfiles] and class [org.kitodo.mediaserver.ui.works.WorkControllerTest]
17:45:30.138 [main] DEBUG org.springframework.boot.test.context.SpringBootTestContextBootstrapper - @TestExecutionListeners is not present for class [org.kitodo.mediaserver.ui.works.WorkControllerTest]: using defaults.
17:45:30.139 [main] INFO org.springframework.boot.test.context.SpringBootTestContextBootstrapper - Loaded default TestExecutionListener class names from location [META-INF/spring.factories]: [org.springframework.boot.test.mock.mockito.MockitoTestExecutionListener, org.springframework.boot.test.mock.mockito.ResetMocksTestExecutionListener, org.springframework.boot.test.autoconfigure.restdocs.RestDocsTestExecutionListener, org.springframework.boot.test.autoconfigure.web.client.MockRestServiceServerResetTestExecutionListener, org.springframework.boot.test.autoconfigure.web.servlet.MockMvcPrintOnlyOnFailureTestExecutionListener, org.springframework.boot.test.autoconfigure.web.servlet.WebDriverTestExecutionListener, org.springframework.test.context.web.ServletTestExecutionListener, org.springframework.test.context.support.DirtiesContextBeforeModesTestExecutionListener, org.springframework.test.context.support.DependencyInjectionTestExecutionListener, org.springframework.test.context.support.DirtiesContextTestExecutionListener, org.springframework.test.context.transaction.TransactionalTestExecutionListener, org.springframework.test.context.jdbc.SqlScriptsTestExecutionListener, org.springframework.security.test.context.support.WithSecurityContextTestExecutionListener, org.springframework.security.test.context.support.ReactorContextTestExecutionListener]
17:45:30.171 [main] INFO org.springframework.boot.test.context.SpringBootTestContextBootstrapper - Using TestExecutionListeners: [org.springframework.test.context.web.ServletTestExecutionListener@5e5d171f, org.springframework.test.context.support.DirtiesContextBeforeModesTestExecutionListener@24313fcc, org.springframework.boot.test.mock.mockito.MockitoTestExecutionListener@7d20d0b, org.springframework.boot.test.autoconfigure.SpringBootDependencyInjectionTestExecutionListener@77f1baf5, org.springframework.test.context.support.DirtiesContextTestExecutionListener@41a2befb, org.springframework.test.context.transaction.TransactionalTestExecutionListener@6c40365c, org.springframework.test.context.jdbc.SqlScriptsTestExecutionListener@7bedc48a, org.springframework.security.test.context.support.WithSecurityContextTestExecutionListener@131ef10, org.springframework.security.test.context.support.ReactorContextTestExecutionListener@55b0dcab, org.springframework.boot.test.mock.mockito.ResetMocksTestExecutionListener@38afe297, org.springframework.boot.test.autoconfigure.restdocs.RestDocsTestExecutionListener@2df3b89c, org.springframework.boot.test.autoconfigure.web.client.MockRestServiceServerResetTestExecutionListener@23348b5d, org.springframework.boot.test.autoconfigure.web.servlet.MockMvcPrintOnlyOnFailureTestExecutionListener@70325e14, org.springframework.boot.test.autoconfigure.web.servlet.WebDriverTestExecutionListener@37ceb1df]
17:45:30.175 [main] DEBUG org.springframework.test.annotation.ProfileValueUtils - Retrieved @ProfileValueSourceConfiguration [null] for test class [org.kitodo.mediaserver.ui.works.WorkControllerTest]
17:45:30.176 [main] DEBUG org.springframework.test.annotation.ProfileValueUtils - Retrieved ProfileValueSource type [class org.springframework.test.annotation.SystemProfileValueSource] for class [org.kitodo.mediaserver.ui.works.WorkControllerTest]
17:45:30.178 [main] DEBUG org.springframework.test.annotation.ProfileValueUtils - Retrieved @ProfileValueSourceConfiguration [null] for test class [org.kitodo.mediaserver.ui.works.WorkControllerTest]
17:45:30.178 [main] DEBUG org.springframework.test.annotation.ProfileValueUtils - Retrieved ProfileValueSource type [class org.springframework.test.annotation.SystemProfileValueSource] for class [org.kitodo.mediaserver.ui.works.WorkControllerTest]
17:45:30.179 [main] DEBUG org.springframework.test.annotation.ProfileValueUtils - Retrieved @ProfileValueSourceConfiguration [null] for test class [org.kitodo.mediaserver.ui.works.WorkControllerTest]
17:45:30.179 [main] DEBUG org.springframework.test.annotation.ProfileValueUtils - Retrieved ProfileValueSource type [class org.springframework.test.annotation.SystemProfileValueSource] for class [org.kitodo.mediaserver.ui.works.WorkControllerTest]
17:45:30.187 [main] DEBUG org.springframework.test.context.support.AbstractDirtiesContextTestExecutionListener - Before test class: context [DefaultTestContext@7530ad9c testClass = WorkControllerTest, testInstance = [null], testMethod = [null], testException = [null], mergedContextConfiguration = [WebMergedContextConfiguration@58a9760d testClass = WorkControllerTest, locations = '{}', classes = '{class org.kitodo.mediaserver.ui.config.WebMvcConfig}', contextInitializerClasses = '[]', activeProfiles = '{}', propertySourceLocations = '{}', propertySourceProperties = '{org.springframework.boot.test.context.SpringBootTestContextBootstrapper=true}', contextCustomizers = set[[ImportsContextCustomizer@71e9ddb4 key = [@org.springframework.boot.test.autoconfigure.orm.jpa.AutoConfigureDataJpa(), @org.springframework.boot.test.autoconfigure.orm.jpa.AutoConfigureTestEntityManager(), @org.springframework.data.web.config.EnableSpringDataWebSupport(), @org.springframework.boot.test.autoconfigure.properties.PropertyMapping(value=spring.test.mockmvc, skip=NO), @org.springframework.context.annotation.Import(value=[class org.springframework.data.web.config.EnableSpringDataWebSupport$SpringDataWebConfigurationImportSelector, class org.springframework.data.web.config.EnableSpringDataWebSupport$QuerydslActivator]), @org.springframework.boot.test.autoconfigure.orm.jpa.DataJpaTest(excludeAutoConfiguration=[], showSql=true, useDefaultFilters=true, excludeFilters=[], includeFilters=[]), @org.springframework.boot.test.autoconfigure.core.AutoConfigureCache(cacheProvider=NONE), @org.springframework.test.context.ContextConfiguration(inheritInitializers=true, initializers=[], loader=interface org.springframework.test.context.ContextLoader, classes=[class org.kitodo.mediaserver.ui.config.WebMvcConfig], name=, locations=[], value=[], inheritLocations=true), @org.springframework.boot.test.autoconfigure.properties.PropertyMapping(value=spring.test.database, skip=NO), @org.springframework.transaction.annotation.Transactional(propagation=REQUIRED, rollbackForClassName=[], readOnly=false, transactionManager=, isolation=DEFAULT, noRollbackFor=[], noRollbackForClassName=[], value=, timeout=-1, rollbackFor=[]), @org.springframework.test.context.BootstrapWith(value=class org.springframework.boot.test.context.SpringBootTestContextBootstrapper), @org.springframework.boot.test.autoconfigure.web.servlet.AutoConfigureMockMvc(webDriverEnabled=true, print=DEFAULT, webClientEnabled=true, secure=true, addFilters=true, printOnlyOnFailure=true), @org.springframework.boot.test.context.SpringBootTest(webEnvironment=MOCK, value=[], properties=[], classes=[]), @org.springframework.boot.autoconfigure.ImportAutoConfiguration(value=[], exclude=[], classes=[]), @org.springframework.context.annotation.Import(value=[class org.springframework.boot.autoconfigure.ImportAutoConfigurationImportSelector]), @org.springframework.context.annotation.ComponentScan(scopeResolver=class org.springframework.context.annotation.AnnotationScopeMetadataResolver, lazyInit=false, resourcePattern=**/*.class, useDefaultFilters=true, excludeFilters=[], scopedProxy=DEFAULT, basePackageClasses=[], nameGenerator=interface org.springframework.beans.factory.support.BeanNameGenerator, basePackages=[], includeFilters=[], value=[org.kitodo.mediaserver.core.services]), @org.springframework.boot.test.autoconfigure.OverrideAutoConfiguration(enabled=false), @org.springframework.boot.test.autoconfigure.filter.TypeExcludeFilters(value=[class org.springframework.boot.test.autoconfigure.orm.jpa.DataJpaTypeExcludeFilter]), @org.junit.runner.RunWith(value=class org.springframework.test.context.junit4.SpringRunner), @org.springframework.boot.test.autoconfigure.jdbc.AutoConfigureTestDatabase(replace=ANY, connection=NONE)]], org.springframework.boot.test.context.filter.ExcludeFilterContextCustomizer@f0f2775, org.springframework.boot.test.json.DuplicateJsonObjectContextCustomizerFactory$DuplicateJsonObjectContextCustomizer@345965f2, org.springframework.boot.test.mock.mockito.MockitoContextCustomizer@0, org.springframework.boot.test.web.client.TestRestTemplateContextCustomizer@57175e74, org.springframework.boot.test.autoconfigure.OverrideAutoConfigurationContextCustomizerFactory$DisableAutoConfigurationContextCustomizer@1a052a00, org.springframework.boot.test.autoconfigure.filter.TypeExcludeFiltersContextCustomizer@351584c0, org.springframework.boot.test.autoconfigure.properties.PropertyMappingContextCustomizer@5115468a, org.springframework.boot.test.autoconfigure.web.servlet.WebDriverContextCustomizerFactory$Customizer@29f69090], resourceBasePath = 'src/main/webapp', contextLoader = 'org.springframework.boot.test.context.SpringBootContextLoader', parent = [null]], attributes = map['org.springframework.test.context.web.ServletTestExecutionListener.activateListener' -> true]], class annotated with @DirtiesContext [false] with mode [null].
17:45:30.189 [main] DEBUG org.springframework.test.annotation.ProfileValueUtils - Retrieved @ProfileValueSourceConfiguration [null] for test class [org.kitodo.mediaserver.ui.works.WorkControllerTest]
17:45:30.189 [main] DEBUG org.springframework.test.annotation.ProfileValueUtils - Retrieved ProfileValueSource type [class org.springframework.test.annotation.SystemProfileValueSource] for class [org.kitodo.mediaserver.ui.works.WorkControllerTest]
17:45:30.227 [main] DEBUG org.springframework.core.env.StandardEnvironment - Adding PropertySource 'systemProperties' with lowest search precedence
17:45:30.228 [main] DEBUG org.springframework.core.env.StandardEnvironment - Adding PropertySource 'systemEnvironment' with lowest search precedence
17:45:30.229 [main] DEBUG org.springframework.core.env.StandardEnvironment - Initialized StandardEnvironment with PropertySources [MapPropertySource@1810899357 {name='systemProperties', properties={java.runtime.name=OpenJDK Runtime Environment, sun.boot.library.path=/usr/lib/jvm/java-8-openjdk-amd64/jre/lib/amd64, java.vm.version=25.121-b13, java.vm.vendor=Oracle Corporation, java.vendor.url=http://java.oracle.com/, skip.gulp=true, path.separator=:, java.vm.name=OpenJDK 64-Bit Server VM, file.encoding.pkg=sun.io, findbugs.skip=true, sun.java.launcher=SUN_STANDARD, sun.os.patch.level=unknown, java.vm.specification.name=Java Virtual Machine Specification, user.dir=/root/workspace/ponchofiesta/kitodo-mediaserver/385755653/kitodo-mediaserver-ui, checkstyle.skip=true, java.runtime.version=1.8.0_121-8u121-b13-1~bpo8+1-b13, skip.npm=true, basedir=/root/workspace/ponchofiesta/kitodo-mediaserver/385755653/kitodo-mediaserver-ui, java.awt.graphicsenv=sun.awt.X11GraphicsEnvironment, java.endorsed.dirs=/usr/lib/jvm/java-8-openjdk-amd64/jre/lib/endorsed, os.arch=amd64, surefire.real.class.path=/root/workspace/ponchofiesta/kitodo-mediaserver/385755653/kitodo-mediaserver-ui/target/surefire/surefirebooter3397886136263084733.jar, gpg.skip=true, java.io.tmpdir=/tmp, line.separator=
, cobertura.skip=true, java.vm.specification.vendor=Oracle Corporation, os.name=Linux, sun.jnu.encoding=UTF-8, license.skip=true, java.library.path=/usr/java/packages/lib/amd64:/usr/lib/x86_64-linux-gnu/jni:/lib/x86_64-linux-gnu:/usr/lib/x86_64-linux-gnu:/usr/lib/jni:/lib:/usr/lib, surefire.test.class.path=/root/workspace/ponchofiesta/kitodo-mediaserver/385755653/kitodo-mediaserver-ui/target/test-classes:/root/workspace/ponchofiesta/kitodo-mediaserver/385755653/kitodo-mediaserver-ui/target/classes:/root/workspace/ponchofiesta/kitodo-mediaserver/385755653/kitodo-mediaserver-core/target/classes:/root/./workspace/ponchofiesta/kitodo-mediaserver/385755653/.m2/org/springframework/boot/spring-boot-starter-data-jpa/2.0.0.RELEASE/spring-boot-starter-data-jpa-2.0.0.RELEASE.jar:/root/./workspace/ponchofiesta/kitodo-mediaserver/385755653/.m2/org/springframework/boot/spring-boot-starter-aop/2.0.0.RELEASE/spring-boot-starter-aop-2.0.0.RELEASE.jar:/root/./workspace/ponchofiesta/kitodo-mediaserver/385755653/.m2/org/aspectj/aspectjweaver/1.8.13/aspectjweaver-1.8.13.jar:/root/./workspace/ponchofiesta/kitodo-mediaserver/385755653/.m2/org/springframework/boot/spring-boot-starter-jdbc/2.0.0.RELEASE/spring-boot-starter-jdbc-2.0.0.RELEASE.jar:/root/./workspace/ponchofiesta/kitodo-mediaserver/385755653/.m2/com/zaxxer/HikariCP/2.7.8/HikariCP-2.7.8.jar:/root/./workspace/ponchofiesta/kitodo-mediaserver/385755653/.m2/org/springframework/spring-jdbc/5.0.4.RELEASE/spring-jdbc-5.0.4.RELEASE.jar:/root/./workspace/ponchofiesta/kitodo-mediaserver/385755653/.m2/org/hibernate/hibernate-core/5.2.14.Final/hibernate-core-5.2.14.Final.jar:/root/./workspace/ponchofiesta/kitodo-mediaserver/385755653/.m2/org/hibernate/javax/persistence/hibernate-jpa-2.1-api/1.0.0.Final/hibernate-jpa-2.1-api-1.0.0.Final.jar:/root/./workspace/ponchofiesta/kitodo-mediaserver/385755653/.m2/org/javassist/javassist/3.22.0-GA/javassist-3.22.0-GA.jar:/root/./workspace/ponchofiesta/kitodo-mediaserver/385755653/.m2/antlr/antlr/2.7.7/antlr-2.7.7.jar:/root/./workspace/ponchofiesta/kitodo-mediaserver/385755653/.m2/org/jboss/jandex/2.0.3.Final/jandex-2.0.3.Final.jar:/root/./workspace/ponchofiesta/kitodo-mediaserver/385755653/.m2/dom4j/dom4j/1.6.1/dom4j-1.6.1.jar:/root/./workspace/ponchofiesta/kitodo-mediaserver/385755653/.m2/org/hibernate/common/hibernate-commons-annotations/5.0.1.Final/hibernate-commons-annotations-5.0.1.Final.jar:/root/./workspace/ponchofiesta/kitodo-mediaserver/385755653/.m2/javax/transaction/javax.transaction-api/1.2/javax.transaction-api-1.2.jar:/root/./workspace/ponchofiesta/kitodo-mediaserver/385755653/.m2/org/springframework/data/spring-data-jpa/2.0.5.RELEASE/spring-data-jpa-2.0.5.RELEASE.jar:/root/./workspace/ponchofiesta/kitodo-mediaserver/385755653/.m2/org/springframework/data/spring-data-commons/2.0.5.RELEASE/spring-data-commons-2.0.5.RELEASE.jar:/root/./workspace/ponchofiesta/kitodo-mediaserver/385755653/.m2/org/springframework/spring-orm/5.0.4.RELEASE/spring-orm-5.0.4.RELEASE.jar:/root/./workspace/ponchofiesta/kitodo-mediaserver/385755653/.m2/org/springframework/spring-tx/5.0.4.RELEASE/spring-tx-5.0.4.RELEASE.jar:/root/./workspace/ponchofiesta/kitodo-mediaserver/385755653/.m2/org/springframework/spring-aspects/5.0.4.RELEASE/spring-aspects-5.0.4.RELEASE.jar:/root/./workspace/ponchofiesta/kitodo-mediaserver/385755653/.m2/com/h2database/h2/1.4.196/h2-1.4.196.jar:/root/./workspace/ponchofiesta/kitodo-mediaserver/385755653/.m2/mysql/mysql-connector-java/5.1.45/mysql-connector-java-5.1.45.jar:/root/./workspace/ponchofiesta/kitodo-mediaserver/385755653/.m2/org/springframework/spring-web/5.0.4.RELEASE/spring-web-5.0.4.RELEASE.jar:/root/./workspace/ponchofiesta/kitodo-mediaserver/385755653/.m2/org/springframework/spring-beans/5.0.4.RELEASE/spring-beans-5.0.4.RELEASE.jar:/root/./workspace/ponchofiesta/kitodo-mediaserver/385755653/.m2/org/hibernate/validator/hibernate-validator/6.0.7.Final/hibernate-validator-6.0.7.Final.jar:/root/./workspace/ponchofiesta/kitodo-mediaserver/385755653/.m2/javax/validation/validation-api/2.0.1.Final/validation-api-2.0.1.Final.jar:/root/./workspace/ponchofiesta/kitodo-mediaserver/385755653/.m2/org/jboss/logging/jboss-logging/3.3.2.Final/jboss-logging-3.3.2.Final.jar:/root/./workspace/ponchofiesta/kitodo-mediaserver/385755653/.m2/com/fasterxml/classmate/1.3.4/classmate-1.3.4.jar:/root/./workspace/ponchofiesta/kitodo-mediaserver/385755653/.m2/commons-lang/commons-lang/2.6/commons-lang-2.6.jar:/root/./workspace/ponchofiesta/kitodo-mediaserver/385755653/.m2/commons-io/commons-io/2.6/commons-io-2.6.jar:/root/./workspace/ponchofiesta/kitodo-mediaserver/385755653/.m2/org/im4java/im4java/1.4.0/im4java-1.4.0.jar:/root/./workspace/ponchofiesta/kitodo-mediaserver/385755653/.m2/org/springframework/boot/spring-boot-starter-web/2.0.0.RELEASE/spring-boot-starter-web-2.0.0.RELEASE.jar:/root/./workspace/ponchofiesta/kitodo-mediaserver/385755653/.m2/org/springframework/boot/spring-boot-starter/2.0.0.RELEASE/spring-boot-starter-2.0.0.RELEASE.jar:/root/./workspace/ponchofiesta/kitodo-mediaserver/385755653/.m2/org/springframework/boot/spring-boot-starter-logging/2.0.0.RELEASE/spring-boot-starter-logging-2.0.0.RELEASE.jar:/root/./workspace/ponchofiesta/kitodo-mediaserver/385755653/.m2/ch/qos/logback/logback-classic/1.2.3/logback-classic-1.2.3.jar:/root/./workspace/ponchofiesta/kitodo-mediaserver/385755653/.m2/ch/qos/logback/logback-core/1.2.3/logback-core-1.2.3.jar:/root/./workspace/ponchofiesta/kitodo-mediaserver/385755653/.m2/org/apache/logging/log4j/log4j-to-slf4j/2.10.0/log4j-to-slf4j-2.10.0.jar:/root/./workspace/ponchofiesta/kitodo-mediaserver/385755653/.m2/org/apache/logging/log4j/log4j-api/2.10.0/log4j-api-2.10.0.jar:/root/./workspace/ponchofiesta/kitodo-mediaserver/385755653/.m2/org/slf4j/jul-to-slf4j/1.7.25/jul-to-slf4j-1.7.25.jar:/root/./workspace/ponchofiesta/kitodo-mediaserver/385755653/.m2/org/yaml/snakeyaml/1.19/snakeyaml-1.19.jar:/root/./workspace/ponchofiesta/kitodo-mediaserver/385755653/.m2/org/springframework/boot/spring-boot-starter-json/2.0.0.RELEASE/spring-boot-starter-json-2.0.0.RELEASE.jar:/root/./workspace/ponchofiesta/kitodo-mediaserver/385755653/.m2/com/fasterxml/jackson/core/jackson-databind/2.9.4/jackson-databind-2.9.4.jar:/root/./workspace/ponchofiesta/kitodo-mediaserver/385755653/.m2/com/fasterxml/jackson/core/jackson-annotations/2.9.0/jackson-annotations-2.9.0.jar:/root/./workspace/ponchofiesta/kitodo-mediaserver/385755653/.m2/com/fasterxml/jackson/core/jackson-core/2.9.4/jackson-core-2.9.4.jar:/root/./workspace/ponchofiesta/kitodo-mediaserver/385755653/.m2/com/fasterxml/jackson/datatype/jackson-datatype-jdk8/2.9.4/jackson-datatype-jdk8-2.9.4.jar:/root/./workspace/ponchofiesta/kitodo-mediaserver/385755653/.m2/com/fasterxml/jackson/datatype/jackson-datatype-jsr310/2.9.4/jackson-datatype-jsr310-2.9.4.jar:/root/./workspace/ponchofiesta/kitodo-mediaserver/385755653/.m2/com/fasterxml/jackson/module/jackson-module-parameter-names/2.9.4/jackson-module-parameter-names-2.9.4.jar:/root/./workspace/ponchofiesta/kitodo-mediaserver/385755653/.m2/org/springframework/spring-webmvc/5.0.4.RELEASE/spring-webmvc-5.0.4.RELEASE.jar:/root/./workspace/ponchofiesta/kitodo-mediaserver/385755653/.m2/org/springframework/spring-context/5.0.4.RELEASE/spring-context-5.0.4.RELEASE.jar:/root/./workspace/ponchofiesta/kitodo-mediaserver/385755653/.m2/org/springframework/spring-expression/5.0.4.RELEASE/spring-expression-5.0.4.RELEASE.jar:/root/./workspace/ponchofiesta/kitodo-mediaserver/385755653/.m2/org/springframework/boot/spring-boot-starter-tomcat/2.0.0.RELEASE/spring-boot-starter-tomcat-2.0.0.RELEASE.jar:/root/./workspace/ponchofiesta/kitodo-mediaserver/385755653/.m2/javax/annotation/javax.annotation-api/1.3.2/javax.annotation-api-1.3.2.jar:/root/./workspace/ponchofiesta/kitodo-mediaserver/385755653/.m2/org/apache/tomcat/embed/tomcat-embed-core/8.5.28/tomcat-embed-core-8.5.28.jar:/root/./workspace/ponchofiesta/kitodo-mediaserver/385755653/.m2/org/apache/tomcat/embed/tomcat-embed-el/8.5.28/tomcat-embed-el-8.5.28.jar:/root/./workspace/ponchofiesta/kitodo-mediaserver/385755653/.m2/org/apache/tomcat/embed/tomcat-embed-websocket/8.5.28/tomcat-embed-websocket-8.5.28.jar:/root/./workspace/ponchofiesta/kitodo-mediaserver/385755653/.m2/org/springframework/boot/spring-boot-starter-thymeleaf/2.0.0.RELEASE/spring-boot-starter-thymeleaf-2.0.0.RELEASE.jar:/root/./workspace/ponchofiesta/kitodo-mediaserver/385755653/.m2/org/thymeleaf/thymeleaf-spring5/3.0.9.RELEASE/thymeleaf-spring5-3.0.9.RELEASE.jar:/root/./workspace/ponchofiesta/kitodo-mediaserver/385755653/.m2/org/thymeleaf/thymeleaf/3.0.9.RELEASE/thymeleaf-3.0.9.RELEASE.jar:/root/./workspace/ponchofiesta/kitodo-mediaserver/385755653/.m2/org/attoparser/attoparser/2.0.4.RELEASE/attoparser-2.0.4.RELEASE.jar:/root/./workspace/ponchofiesta/kitodo-mediaserver/385755653/.m2/org/unbescape/unbescape/1.1.5.RELEASE/unbescape-1.1.5.RELEASE.jar:/root/./workspace/ponchofiesta/kitodo-mediaserver/385755653/.m2/org/slf4j/slf4j-api/1.7.25/slf4j-api-1.7.25.jar:/root/./workspace/ponchofiesta/kitodo-mediaserver/385755653/.m2/org/thymeleaf/extras/thymeleaf-extras-java8time/3.0.1.RELEASE/thymeleaf-extras-java8time-3.0.1.RELEASE.jar:/root/./workspace/ponchofiesta/kitodo-mediaserver/385755653/.m2/org/springframework/boot/spring-boot-starter-security/2.0.0.RELEASE/spring-boot-starter-security-2.0.0.RELEASE.jar:/root/./workspace/ponchofiesta/kitodo-mediaserver/385755653/.m2/org/springframework/spring-aop/5.0.4.RELEASE/spring-aop-5.0.4.RELEASE.jar:/root/./workspace/ponchofiesta/kitodo-mediaserver/385755653/.m2/org/springframework/security/spring-security-config/5.0.3.RELEASE/spring-security-config-5.0.3.RELEASE.jar:/root/./workspace/ponchofiesta/kitodo-mediaserver/385755653/.m2/org/springframework/security/spring-security-web/5.0.3.RELEASE/spring-security-web-5.0.3.RELEASE.jar:/root/./workspace/ponchofiesta/kitodo-mediaserver/385755653/.m2/org/springframework/boot/spring-boot-devtools/2.0.0.RELEASE/spring-boot-devtools-2.0.0.RELEASE.jar:/root/./workspace/ponchofiesta/kitodo-mediaserver/385755653/.m2/org/springframework/boot/spring-boot/2.0.0.RELEASE/spring-boot-2.0.0.RELEASE.jar:/root/./workspace/ponchofiesta/kitodo-mediaserver/385755653/.m2/org/springframework/boot/spring-boot-autoconfigure/2.0.0.RELEASE/spring-boot-autoconfigure-2.0.0.RELEASE.jar:/root/./workspace/ponchofiesta/kitodo-mediaserver/385755653/.m2/org/springframework/boot/spring-boot-starter-test/2.0.0.RELEASE/spring-boot-starter-test-2.0.0.RELEASE.jar:/root/./workspace/ponchofiesta/kitodo-mediaserver/385755653/.m2/org/springframework/boot/spring-boot-test/2.0.0.RELEASE/spring-boot-test-2.0.0.RELEASE.jar:/root/./workspace/ponchofiesta/kitodo-mediaserver/385755653/.m2/org/springframework/boot/spring-boot-test-autoconfigure/2.0.0.RELEASE/spring-boot-test-autoconfigure-2.0.0.RELEASE.jar:/root/./workspace/ponchofiesta/kitodo-mediaserver/385755653/.m2/com/jayway/jsonpath/json-path/2.4.0/json-path-2.4.0.jar:/root/./workspace/ponchofiesta/kitodo-mediaserver/385755653/.m2/net/minidev/json-smart/2.3/json-smart-2.3.jar:/root/./workspace/ponchofiesta/kitodo-mediaserver/385755653/.m2/net/minidev/accessors-smart/1.2/accessors-smart-1.2.jar:/root/./workspace/ponchofiesta/kitodo-mediaserver/385755653/.m2/org/ow2/asm/asm/5.0.4/asm-5.0.4.jar:/root/./workspace/ponchofiesta/kitodo-mediaserver/385755653/.m2/junit/junit/4.12/junit-4.12.jar:/root/./workspace/ponchofiesta/kitodo-mediaserver/385755653/.m2/org/assertj/assertj-core/3.9.1/assertj-core-3.9.1.jar:/root/./workspace/ponchofiesta/kitodo-mediaserver/385755653/.m2/org/mockito/mockito-core/2.15.0/mockito-core-2.15.0.jar:/root/./workspace/ponchofiesta/kitodo-mediaserver/385755653/.m2/net/bytebuddy/byte-buddy/1.7.10/byte-buddy-1.7.10.jar:/root/./workspace/ponchofiesta/kitodo-mediaserver/385755653/.m2/net/bytebuddy/byte-buddy-agent/1.7.10/byte-buddy-agent-1.7.10.jar:/root/./workspace/ponchofiesta/kitodo-mediaserver/385755653/.m2/org/objenesis/objenesis/2.6/objenesis-2.6.jar:/root/./workspace/ponchofiesta/kitodo-mediaserver/385755653/.m2/org/hamcrest/hamcrest-core/1.3/hamcrest-core-1.3.jar:/root/./workspace/ponchofiesta/kitodo-mediaserver/385755653/.m2/org/hamcrest/hamcrest-library/1.3/hamcrest-library-1.3.jar:/root/./workspace/ponchofiesta/kitodo-mediaserver/385755653/.m2/org/skyscreamer/jsonassert/1.5.0/jsonassert-1.5.0.jar:/root/./workspace/ponchofiesta/kitodo-mediaserver/385755653/.m2/com/vaadin/external/google/android-json/0.0.20131108.vaadin1/android-json-0.0.20131108.vaadin1.jar:/root/./workspace/ponchofiesta/kitodo-mediaserver/385755653/.m2/org/springframework/spring-core/5.0.4.RELEASE/spring-core-5.0.4.RELEASE.jar:/root/./workspace/ponchofiesta/kitodo-mediaserver/385755653/.m2/org/springframework/spring-jcl/5.0.4.RELEASE/spring-jcl-5.0.4.RELEASE.jar:/root/./workspace/ponchofiesta/kitodo-mediaserver/385755653/.m2/org/springframework/spring-test/5.0.4.RELEASE/spring-test-5.0.4.RELEASE.jar:/root/./workspace/ponchofiesta/kitodo-mediaserver/385755653/.m2/org/xmlunit/xmlunit-core/2.5.1/xmlunit-core-2.5.1.jar:/root/./workspace/ponchofiesta/kitodo-mediaserver/385755653/.m2/org/springframework/security/spring-security-test/5.0.3.RELEASE/spring-security-test-5.0.3.RELEASE.jar:/root/./workspace/ponchofiesta/kitodo-mediaserver/385755653/.m2/org/springframework/security/spring-security-core/5.0.3.RELEASE/spring-security-core-5.0.3.RELEASE.jar:, java.specification.name=Java Platform API Specification, java.class.version=52.0, skip.bower=true, sun.management.compiler=HotSpot 64-Bit Tiered Compilers, maven.repo.local=/root/./workspace/ponchofiesta/kitodo-mediaserver/385755653/.m2, os.version=3.10.0-862.2.3.el7.x86_64, user.home=/root, user.timezone=Europe/Paris, java.awt.printerjob=sun.print.PSPrinterJob, file.encoding=UTF-8, java.specification.version=1.8, java.class.path=/root/workspace/ponchofiesta/kitodo-mediaserver/385755653/kitodo-mediaserver-ui/target/test-classes:/root/workspace/ponchofiesta/kitodo-mediaserver/385755653/kitodo-mediaserver-ui/target/classes:/root/workspace/ponchofiesta/kitodo-mediaserver/385755653/kitodo-mediaserver-core/target/classes:/root/./workspace/ponchofiesta/kitodo-mediaserver/385755653/.m2/org/springframework/boot/spring-boot-starter-data-jpa/2.0.0.RELEASE/spring-boot-starter-data-jpa-2.0.0.RELEASE.jar:/root/./workspace/ponchofiesta/kitodo-mediaserver/385755653/.m2/org/springframework/boot/spring-boot-starter-aop/2.0.0.RELEASE/spring-boot-starter-aop-2.0.0.RELEASE.jar:/root/./workspace/ponchofiesta/kitodo-mediaserver/385755653/.m2/org/aspectj/aspectjweaver/1.8.13/aspectjweaver-1.8.13.jar:/root/./workspace/ponchofiesta/kitodo-mediaserver/385755653/.m2/org/springframework/boot/spring-boot-starter-jdbc/2.0.0.RELEASE/spring-boot-starter-jdbc-2.0.0.RELEASE.jar:/root/./workspace/ponchofiesta/kitodo-mediaserver/385755653/.m2/com/zaxxer/HikariCP/2.7.8/HikariCP-2.7.8.jar:/root/./workspace/ponchofiesta/kitodo-mediaserver/385755653/.m2/org/springframework/spring-jdbc/5.0.4.RELEASE/spring-jdbc-5.0.4.RELEASE.jar:/root/./workspace/ponchofiesta/kitodo-mediaserver/385755653/.m2/org/hibernate/hibernate-core/5.2.14.Final/hibernate-core-5.2.14.Final.jar:/root/./workspace/ponchofiesta/kitodo-mediaserver/385755653/.m2/org/hibernate/javax/persistence/hibernate-jpa-2.1-api/1.0.0.Final/hibernate-jpa-2.1-api-1.0.0.Final.jar:/root/./workspace/ponchofiesta/kitodo-mediaserver/385755653/.m2/org/javassist/javassist/3.22.0-GA/javassist-3.22.0-GA.jar:/root/./workspace/ponchofiesta/kitodo-mediaserver/385755653/.m2/antlr/antlr/2.7.7/antlr-2.7.7.jar:/root/./workspace/ponchofiesta/kitodo-mediaserver/385755653/.m2/org/jboss/jandex/2.0.3.Final/jandex-2.0.3.Final.jar:/root/./workspace/ponchofiesta/kitodo-mediaserver/385755653/.m2/dom4j/dom4j/1.6.1/dom4j-1.6.1.jar:/root/./workspace/ponchofiesta/kitodo-mediaserver/385755653/.m2/org/hibernate/common/hibernate-commons-annotations/5.0.1.Final/hibernate-commons-annotations-5.0.1.Final.jar:/root/./workspace/ponchofiesta/kitodo-mediaserver/385755653/.m2/javax/transaction/javax.transaction-api/1.2/javax.transaction-api-1.2.jar:/root/./workspace/ponchofiesta/kitodo-mediaserver/385755653/.m2/org/springframework/data/spring-data-jpa/2.0.5.RELEASE/spring-data-jpa-2.0.5.RELEASE.jar:/root/./workspace/ponchofiesta/kitodo-mediaserver/385755653/.m2/org/springframework/data/spring-data-commons/2.0.5.RELEASE/spring-data-commons-2.0.5.RELEASE.jar:/root/./workspace/ponchofiesta/kitodo-mediaserver/385755653/.m2/org/springframework/spring-orm/5.0.4.RELEASE/spring-orm-5.0.4.RELEASE.jar:/root/./workspace/ponchofiesta/kitodo-mediaserver/385755653/.m2/org/springframework/spring-tx/5.0.4.RELEASE/spring-tx-5.0.4.RELEASE.jar:/root/./workspace/ponchofiesta/kitodo-mediaserver/385755653/.m2/org/springframework/spring-aspects/5.0.4.RELEASE/spring-aspects-5.0.4.RELEASE.jar:/root/./workspace/ponchofiesta/kitodo-mediaserver/385755653/.m2/com/h2database/h2/1.4.196/h2-1.4.196.jar:/root/./workspace/ponchofiesta/kitodo-mediaserver/385755653/.m2/mysql/mysql-connector-java/5.1.45/mysql-connector-java-5.1.45.jar:/root/./workspace/ponchofiesta/kitodo-mediaserver/385755653/.m2/org/springframework/spring-web/5.0.4.RELEASE/spring-web-5.0.4.RELEASE.jar:/root/./workspace/ponchofiesta/kitodo-mediaserver/385755653/.m2/org/springframework/spring-beans/5.0.4.RELEASE/spring-beans-5.0.4.RELEASE.jar:/root/./workspace/ponchofiesta/kitodo-mediaserver/385755653/.m2/org/hibernate/validator/hibernate-validator/6.0.7.Final/hibernate-validator-6.0.7.Final.jar:/root/./workspace/ponchofiesta/kitodo-mediaserver/385755653/.m2/javax/validation/validation-api/2.0.1.Final/validation-api-2.0.1.Final.jar:/root/./workspace/ponchofiesta/kitodo-mediaserver/385755653/.m2/org/jboss/logging/jboss-logging/3.3.2.Final/jboss-logging-3.3.2.Final.jar:/root/./workspace/ponchofiesta/kitodo-mediaserver/385755653/.m2/com/fasterxml/classmate/1.3.4/classmate-1.3.4.jar:/root/./workspace/ponchofiesta/kitodo-mediaserver/385755653/.m2/commons-lang/commons-lang/2.6/commons-lang-2.6.jar:/root/./workspace/ponchofiesta/kitodo-mediaserver/385755653/.m2/commons-io/commons-io/2.6/commons-io-2.6.jar:/root/./workspace/ponchofiesta/kitodo-mediaserver/385755653/.m2/org/im4java/im4java/1.4.0/im4java-1.4.0.jar:/root/./workspace/ponchofiesta/kitodo-mediaserver/385755653/.m2/org/springframework/boot/spring-boot-starter-web/2.0.0.RELEASE/spring-boot-starter-web-2.0.0.RELEASE.jar:/root/./workspace/ponchofiesta/kitodo-mediaserver/385755653/.m2/org/springframework/boot/spring-boot-starter/2.0.0.RELEASE/spring-boot-starter-2.0.0.RELEASE.jar:/root/./workspace/ponchofiesta/kitodo-mediaserver/385755653/.m2/org/springframework/boot/spring-boot-starter-logging/2.0.0.RELEASE/spring-boot-starter-logging-2.0.0.RELEASE.jar:/root/./workspace/ponchofiesta/kitodo-mediaserver/385755653/.m2/ch/qos/logback/logback-classic/1.2.3/logback-classic-1.2.3.jar:/root/./workspace/ponchofiesta/kitodo-mediaserver/385755653/.m2/ch/qos/logback/logback-core/1.2.3/logback-core-1.2.3.jar:/root/./workspace/ponchofiesta/kitodo-mediaserver/385755653/.m2/org/apache/logging/log4j/log4j-to-slf4j/2.10.0/log4j-to-slf4j-2.10.0.jar:/root/./workspace/ponchofiesta/kitodo-mediaserver/385755653/.m2/org/apache/logging/log4j/log4j-api/2.10.0/log4j-api-2.10.0.jar:/root/./workspace/ponchofiesta/kitodo-mediaserver/385755653/.m2/org/slf4j/jul-to-slf4j/1.7.25/jul-to-slf4j-1.7.25.jar:/root/./workspace/ponchofiesta/kitodo-mediaserver/385755653/.m2/org/yaml/snakeyaml/1.19/snakeyaml-1.19.jar:/root/./workspace/ponchofiesta/kitodo-mediaserver/385755653/.m2/org/springframework/boot/spring-boot-starter-json/2.0.0.RELEASE/spring-boot-starter-json-2.0.0.RELEASE.jar:/root/./workspace/ponchofiesta/kitodo-mediaserver/385755653/.m2/com/fasterxml/jackson/core/jackson-databind/2.9.4/jackson-databind-2.9.4.jar:/root/./workspace/ponchofiesta/kitodo-mediaserver/385755653/.m2/com/fasterxml/jackson/core/jackson-annotations/2.9.0/jackson-annotations-2.9.0.jar:/root/./workspace/ponchofiesta/kitodo-mediaserver/385755653/.m2/com/fasterxml/jackson/core/jackson-core/2.9.4/jackson-core-2.9.4.jar:/root/./workspace/ponchofiesta/kitodo-mediaserver/385755653/.m2/com/fasterxml/jackson/datatype/jackson-datatype-jdk8/2.9.4/jackson-datatype-jdk8-2.9.4.jar:/root/./workspace/ponchofiesta/kitodo-mediaserver/385755653/.m2/com/fasterxml/jackson/datatype/jackson-datatype-jsr310/2.9.4/jackson-datatype-jsr310-2.9.4.jar:/root/./workspace/ponchofiesta/kitodo-mediaserver/385755653/.m2/com/fasterxml/jackson/module/jackson-module-parameter-names/2.9.4/jackson-module-parameter-names-2.9.4.jar:/root/./workspace/ponchofiesta/kitodo-mediaserver/385755653/.m2/org/springframework/spring-webmvc/5.0.4.RELEASE/spring-webmvc-5.0.4.RELEASE.jar:/root/./workspace/ponchofiesta/kitodo-mediaserver/385755653/.m2/org/springframework/spring-context/5.0.4.RELEASE/spring-context-5.0.4.RELEASE.jar:/root/./workspace/ponchofiesta/kitodo-mediaserver/385755653/.m2/org/springframework/spring-expression/5.0.4.RELEASE/spring-expression-5.0.4.RELEASE.jar:/root/./workspace/ponchofiesta/kitodo-mediaserver/385755653/.m2/org/springframework/boot/spring-boot-starter-tomcat/2.0.0.RELEASE/spring-boot-starter-tomcat-2.0.0.RELEASE.jar:/root/./workspace/ponchofiesta/kitodo-mediaserver/385755653/.m2/javax/annotation/javax.annotation-api/1.3.2/javax.annotation-api-1.3.2.jar:/root/./workspace/ponchofiesta/kitodo-mediaserver/385755653/.m2/org/apache/tomcat/embed/tomcat-embed-core/8.5.28/tomcat-embed-core-8.5.28.jar:/root/./workspace/ponchofiesta/kitodo-mediaserver/385755653/.m2/org/apache/tomcat/embed/tomcat-embed-el/8.5.28/tomcat-embed-el-8.5.28.jar:/root/./workspace/ponchofiesta/kitodo-mediaserver/385755653/.m2/org/apache/tomcat/embed/tomcat-embed-websocket/8.5.28/tomcat-embed-websocket-8.5.28.jar:/root/./workspace/ponchofiesta/kitodo-mediaserver/385755653/.m2/org/springframework/boot/spring-boot-starter-thymeleaf/2.0.0.RELEASE/spring-boot-starter-thymeleaf-2.0.0.RELEASE.jar:/root/./workspace/ponchofiesta/kitodo-mediaserver/385755653/.m2/org/thymeleaf/thymeleaf-spring5/3.0.9.RELEASE/thymeleaf-spring5-3.0.9.RELEASE.jar:/root/./workspace/ponchofiesta/kitodo-mediaserver/385755653/.m2/org/thymeleaf/thymeleaf/3.0.9.RELEASE/thymeleaf-3.0.9.RELEASE.jar:/root/./workspace/ponchofiesta/kitodo-mediaserver/385755653/.m2/org/attoparser/attoparser/2.0.4.RELEASE/attoparser-2.0.4.RELEASE.jar:/root/./workspace/ponchofiesta/kitodo-mediaserver/385755653/.m2/org/unbescape/unbescape/1.1.5.RELEASE/unbescape-1.1.5.RELEASE.jar:/root/./workspace/ponchofiesta/kitodo-mediaserver/385755653/.m2/org/slf4j/slf4j-api/1.7.25/slf4j-api-1.7.25.jar:/root/./workspace/ponchofiesta/kitodo-mediaserver/385755653/.m2/org/thymeleaf/extras/thymeleaf-extras-java8time/3.0.1.RELEASE/thymeleaf-extras-java8time-3.0.1.RELEASE.jar:/root/./workspace/ponchofiesta/kitodo-mediaserver/385755653/.m2/org/springframework/boot/spring-boot-starter-security/2.0.0.RELEASE/spring-boot-starter-security-2.0.0.RELEASE.jar:/root/./workspace/ponchofiesta/kitodo-mediaserver/385755653/.m2/org/springframework/spring-aop/5.0.4.RELEASE/spring-aop-5.0.4.RELEASE.jar:/root/./workspace/ponchofiesta/kitodo-mediaserver/385755653/.m2/org/springframework/security/spring-security-config/5.0.3.RELEASE/spring-security-config-5.0.3.RELEASE.jar:/root/./workspace/ponchofiesta/kitodo-mediaserver/385755653/.m2/org/springframework/security/spring-security-web/5.0.3.RELEASE/spring-security-web-5.0.3.RELEASE.jar:/root/./workspace/ponchofiesta/kitodo-mediaserver/385755653/.m2/org/springframework/boot/spring-boot-devtools/2.0.0.RELEASE/spring-boot-devtools-2.0.0.RELEASE.jar:/root/./workspace/ponchofiesta/kitodo-mediaserver/385755653/.m2/org/springframework/boot/spring-boot/2.0.0.RELEASE/spring-boot-2.0.0.RELEASE.jar:/root/./workspace/ponchofiesta/kitodo-mediaserver/385755653/.m2/org/springframework/boot/spring-boot-autoconfigure/2.0.0.RELEASE/spring-boot-autoconfigure-2.0.0.RELEASE.jar:/root/./workspace/ponchofiesta/kitodo-mediaserver/385755653/.m2/org/springframework/boot/spring-boot-starter-test/2.0.0.RELEASE/spring-boot-starter-test-2.0.0.RELEASE.jar:/root/./workspace/ponchofiesta/kitodo-mediaserver/385755653/.m2/org/springframework/boot/spring-boot-test/2.0.0.RELEASE/spring-boot-test-2.0.0.RELEASE.jar:/root/./workspace/ponchofiesta/kitodo-mediaserver/385755653/.m2/org/springframework/boot/spring-boot-test-autoconfigure/2.0.0.RELEASE/spring-boot-test-autoconfigure-2.0.0.RELEASE.jar:/root/./workspace/ponchofiesta/kitodo-mediaserver/385755653/.m2/com/jayway/jsonpath/json-path/2.4.0/json-path-2.4.0.jar:/root/./workspace/ponchofiesta/kitodo-mediaserver/385755653/.m2/net/minidev/json-smart/2.3/json-smart-2.3.jar:/root/./workspace/ponchofiesta/kitodo-mediaserver/385755653/.m2/net/minidev/accessors-smart/1.2/accessors-smart-1.2.jar:/root/./workspace/ponchofiesta/kitodo-mediaserver/385755653/.m2/org/ow2/asm/asm/5.0.4/asm-5.0.4.jar:/root/./workspace/ponchofiesta/kitodo-mediaserver/385755653/.m2/junit/junit/4.12/junit-4.12.jar:/root/./workspace/ponchofiesta/kitodo-mediaserver/385755653/.m2/org/assertj/assertj-core/3.9.1/assertj-core-3.9.1.jar:/root/./workspace/ponchofiesta/kitodo-mediaserver/385755653/.m2/org/mockito/mockito-core/2.15.0/mockito-core-2.15.0.jar:/root/./workspace/ponchofiesta/kitodo-mediaserver/385755653/.m2/net/bytebuddy/byte-buddy/1.7.10/byte-buddy-1.7.10.jar:/root/./workspace/ponchofiesta/kitodo-mediaserver/385755653/.m2/net/bytebuddy/byte-buddy-agent/1.7.10/byte-buddy-agent-1.7.10.jar:/root/./workspace/ponchofiesta/kitodo-mediaserver/385755653/.m2/org/objenesis/objenesis/2.6/objenesis-2.6.jar:/root/./workspace/ponchofiesta/kitodo-mediaserver/385755653/.m2/org/hamcrest/hamcrest-core/1.3/hamcrest-core-1.3.jar:/root/./workspace/ponchofiesta/kitodo-mediaserver/385755653/.m2/org/hamcrest/hamcrest-library/1.3/hamcrest-library-1.3.jar:/root/./workspace/ponchofiesta/kitodo-mediaserver/385755653/.m2/org/skyscreamer/jsonassert/1.5.0/jsonassert-1.5.0.jar:/root/./workspace/ponchofiesta/kitodo-mediaserver/385755653/.m2/com/vaadin/external/google/android-json/0.0.20131108.vaadin1/android-json-0.0.20131108.vaadin1.jar:/root/./workspace/ponchofiesta/kitodo-mediaserver/385755653/.m2/org/springframework/spring-core/5.0.4.RELEASE/spring-core-5.0.4.RELEASE.jar:/root/./workspace/ponchofiesta/kitodo-mediaserver/385755653/.m2/org/springframework/spring-jcl/5.0.4.RELEASE/spring-jcl-5.0.4.RELEASE.jar:/root/./workspace/ponchofiesta/kitodo-mediaserver/385755653/.m2/org/springframework/spring-test/5.0.4.RELEASE/spring-test-5.0.4.RELEASE.jar:/root/./workspace/ponchofiesta/kitodo-mediaserver/385755653/.m2/org/xmlunit/xmlunit-core/2.5.1/xmlunit-core-2.5.1.jar:/root/./workspace/ponchofiesta/kitodo-mediaserver/385755653/.m2/org/springframework/security/spring-security-test/5.0.3.RELEASE/spring-security-test-5.0.3.RELEASE.jar:/root/./workspace/ponchofiesta/kitodo-mediaserver/385755653/.m2/org/springframework/security/spring-security-core/5.0.3.RELEASE/spring-security-core-5.0.3.RELEASE.jar:, user.name=root, skipITs=true, java.vm.specification.version=1.8, sun.java.command=/root/workspace/ponchofiesta/kitodo-mediaserver/385755653/kitodo-mediaserver-ui/target/surefire/surefirebooter3397886136263084733.jar /root/workspace/ponchofiesta/kitodo-mediaserver/385755653/kitodo-mediaserver-ui/target/surefire 2018-05-30T17-45-08_059-jvmRun1 surefire369011844072065186tmp surefire_26995500003304951418tmp, java.home=/usr/lib/jvm/java-8-openjdk-amd64/jre, sun.arch.data.model=64, user.language=en, java.specification.vendor=Oracle Corporation, dependency-check.skip=true, awt.toolkit=sun.awt.X11.XToolkit, java.vm.info=mixed mode, java.version=1.8.0_121, java.ext.dirs=/usr/lib/jvm/java-8-openjdk-amd64/jre/lib/ext:/usr/java/packages/lib/ext, sun.boot.class.path=/usr/lib/jvm/java-8-openjdk-amd64/jre/lib/resources.jar:/usr/lib/jvm/java-8-openjdk-amd64/jre/lib/rt.jar:/usr/lib/jvm/java-8-openjdk-amd64/jre/lib/sunrsasign.jar:/usr/lib/jvm/java-8-openjdk-amd64/jre/lib/jsse.jar:/usr/lib/jvm/java-8-openjdk-amd64/jre/lib/jce.jar:/usr/lib/jvm/java-8-openjdk-amd64/jre/lib/charsets.jar:/usr/lib/jvm/java-8-openjdk-amd64/jre/lib/jfr.jar:/usr/lib/jvm/java-8-openjdk-amd64/jre/classes, rat.skip=true, enforcer.skip=true, java.vendor=Oracle Corporation, localRepository=/root/./workspace/ponchofiesta/kitodo-mediaserver/385755653/.m2, file.separator=/, java.vendor.url.bug=http://bugreport.sun.com/bugreport/, sun.io.unicode.encoding=UnicodeLittle, sun.cpu.endian=little, sun.cpu.isalist=}}, SystemEnvironmentPropertySource@231786897 {name='systemEnvironment', properties={PATH=/usr/local/sbin:/usr/local/bin:/usr/sbin:/usr/bin:/sbin:/bin, JAVA_HOME=/usr/lib/jvm/java-8-openjdk-amd64, NOTIFY_TO=, CA_CERTIFICATES_JAVA_VERSION=20161107~bpo8+1, MONGODB_HOST=, BUILD_ID=, LANG=C.UTF-8, MAVEN_HOME=/usr/share/maven, SMTP_SERVER=, MONGODB_NAME=, REPAIR_MODE=repair, PWD=/root/workspace/ponchofiesta/kitodo-mediaserver/385755653/kitodo-mediaserver-ui, JAVA_VERSION=8u121, GITHUB_OAUTH=, MAVEN_CMD_LINE_ARGS=/root/.m2 -B -D enforcer.skip=true -D dependency-check.skip=true -D skipITs=true -D cobertura.skip=true -D maven.repo.local=/root/./workspace/ponchofiesta/kitodo-mediaserver/385755653/.m2 -D rat.skip=true -D findbugs.skip=true -D skip.bower=true -D gpg.skip=true -D checkstyle.skip=true -D skip.gulp=true -D license.skip=true -D skip.npm=true test, _=/usr/bin/java, OUTPUT=, MAVEN_TERMINATE_CMD=on, MAVEN_CONFIG=/root/.m2, MAVEN_PROJECTBASEDIR=/root/workspace/ponchofiesta/kitodo-mediaserver/385755653, OLDPWD=/root/workspace/ponchofiesta/kitodo-mediaserver/385755653/kitodo-mediaserver-ui, LOG_FILENAME=repairnator-pipeline_2018-05-30_1743_385755653_a07f2924-0f98-4c38-b417-359e0862e5f3, RUN_ID=, HOSTNAME=spirals-vortex.lille.inria.fr, JAVA_DEBIAN_VERSION=8u121-b13-1~bpo8+1, M2_HOME=/usr/share/maven, REPAIR_TOOLS=Nopol,AstorJMut,NPEFix, HOME=/root, SHLVL=1, PUSH_URL=}}]
17:45:30.235 [main] DEBUG org.springframework.test.context.support.TestPropertySourceUtils - Adding inlined properties to environment: {spring.jmx.enabled=false, org.springframework.boot.test.context.SpringBootTestContextBootstrapper=true, server.port=-1}
17:45:30.236 [main] DEBUG org.springframework.core.env.StandardEnvironment - Adding PropertySource 'Inlined Test Properties' with highest search precedence

  .   ____          _            __ _ _
 /\\ / ___'_ __ _ _(_)_ __  __ _ \ \ \ \
( ( )\___ | '_ | '_| | '_ \/ _` | \ \ \ \
 \\/  ___)| |_)| | | | | || (_| |  ) ) ) )
  '  |____| .__|_| |_|_| |_\__, | / / / /
 =========|_|==============|___/=/_/_/_/
 :: Spring Boot ::        (v2.0.0.RELEASE)

2018-05-30 17:45:30.773  INFO 608 --- [           main] o.k.m.ui.works.WorkControllerTest        : Starting WorkControllerTest on spirals-vortex.lille.inria.fr with PID 608 (started by root in /root/workspace/ponchofiesta/kitodo-mediaserver/385755653/kitodo-mediaserver-ui)
2018-05-30 17:45:30.777  INFO 608 --- [           main] o.k.m.ui.works.WorkControllerTest        : No active profile set, falling back to default profiles: default
2018-05-30 17:45:30.812  INFO 608 --- [           main] o.s.w.c.s.GenericWebApplicationContext   : Refreshing org.springframework.web.context.support.GenericWebApplicationContext@5d99c6b5: startup date [Wed May 30 17:45:30 CEST 2018]; root of context hierarchy
2018-05-30 17:45:31.850  INFO 608 --- [           main] beddedDataSourceBeanFactoryPostProcessor : Replacing 'dataSource' DataSource bean with embedded version
2018-05-30 17:45:31.852  INFO 608 --- [           main] o.s.b.f.s.DefaultListableBeanFactory     : Overriding bean definition for bean 'dataSource' with a different definition: replacing [Root bean: class [null]; scope=; abstract=false; lazyInit=false; autowireMode=3; dependencyCheck=0; autowireCandidate=true; primary=false; factoryBeanName=org.springframework.boot.autoconfigure.jdbc.DataSourceConfiguration$Hikari; factoryMethodName=dataSource; initMethodName=null; destroyMethodName=(inferred); defined in class path resource [org/springframework/boot/autoconfigure/jdbc/DataSourceConfiguration$Hikari.class]] with [Root bean: class [org.springframework.boot.test.autoconfigure.jdbc.TestDatabaseAutoConfiguration$EmbeddedDataSourceFactoryBean]; scope=; abstract=false; lazyInit=false; autowireMode=0; dependencyCheck=0; autowireCandidate=true; primary=false; factoryBeanName=null; factoryMethodName=null; initMethodName=null; destroyMethodName=null]
2018-05-30 17:45:32.297  INFO 608 --- [           main] trationDelegate$BeanPostProcessorChecker : Bean 'org.springframework.transaction.annotation.ProxyTransactionManagementConfiguration' of type [org.springframework.transaction.annotation.ProxyTransactionManagementConfiguration$$EnhancerBySpringCGLIB$$7bb7d427] is not eligible for getting processed by all BeanPostProcessors (for example: not eligible for auto-proxying)
2018-05-30 17:45:32.442  INFO 608 --- [           main] o.s.j.d.e.EmbeddedDatabaseFactory        : Starting embedded database: url='jdbc:h2:mem:8c8e7510-c98d-4432-88f9-055ac4f1ad68;DB_CLOSE_DELAY=-1;DB_CLOSE_ON_EXIT=false', username='sa'
2018-05-30 17:45:32.708  INFO 608 --- [           main] o.s.jdbc.datasource.init.ScriptUtils     : Executing SQL script from URL [file:/root/workspace/ponchofiesta/kitodo-mediaserver/385755653/kitodo-mediaserver-core/target/classes/schema.sql]
2018-05-30 17:45:32.797  INFO 608 --- [           main] o.s.jdbc.datasource.init.ScriptUtils     : Executed SQL script from URL [file:/root/workspace/ponchofiesta/kitodo-mediaserver/385755653/kitodo-mediaserver-core/target/classes/schema.sql] in 87 ms.
2018-05-30 17:45:32.804  INFO 608 --- [           main] o.s.jdbc.datasource.init.ScriptUtils     : Executing SQL script from URL [file:/root/workspace/ponchofiesta/kitodo-mediaserver/385755653/kitodo-mediaserver-core/target/classes/data.sql]
2018-05-30 17:45:32.806  INFO 608 --- [           main] o.s.jdbc.datasource.init.ScriptUtils     : Executed SQL script from URL [file:/root/workspace/ponchofiesta/kitodo-mediaserver/385755653/kitodo-mediaserver-core/target/classes/data.sql] in 2 ms.
2018-05-30 17:45:33.150  INFO 608 --- [           main] j.LocalContainerEntityManagerFactoryBean : Building JPA container EntityManagerFactory for persistence unit 'default'
2018-05-30 17:45:33.173  INFO 608 --- [           main] o.hibernate.jpa.internal.util.LogHelper  : HHH000204: Processing PersistenceUnitInfo [
	name: default
	...]
2018-05-30 17:45:33.264  INFO 608 --- [           main] org.hibernate.Version                    : HHH000412: Hibernate Core {5.2.14.Final}
2018-05-30 17:45:33.266  INFO 608 --- [           main] org.hibernate.cfg.Environment            : HHH000206: hibernate.properties not found
2018-05-30 17:45:33.318  INFO 608 --- [           main] o.hibernate.annotations.common.Version   : HCANN000001: Hibernate Commons Annotations {5.0.1.Final}
2018-05-30 17:45:33.451  INFO 608 --- [           main] org.hibernate.dialect.Dialect            : HHH000400: Using dialect: org.hibernate.dialect.H2Dialect
Hibernate: drop table action_data if exists
Hibernate: drop table identifier if exists
Hibernate: drop table parameter if exists
Hibernate: drop table user if exists
Hibernate: drop table work if exists
Hibernate: create table action_data (id integer generated by default as identity, action_name varchar(255), end_time timestamp, request_time timestamp, start_time timestamp, work_id varchar(255) not null, primary key (id))
Hibernate: create table identifier (identifier varchar(255) not null, type varchar(255), work_id varchar(255) not null, primary key (identifier))
Hibernate: create table parameter (action_data_id integer not null, parameter varchar(255), parameter_key varchar(255) not null, primary key (action_data_id, parameter_key))
Hibernate: create table user (username varchar(255) not null, enabled boolean, name varchar(255), password varchar(60), primary key (username))
Hibernate: create table work (id varchar(255) not null, enabled boolean not null, path varchar(255), title varchar(255), primary key (id))
Hibernate: alter table action_data add constraint FKhauld9xvs8kr1uwnv0hy6ey0i foreign key (work_id) references work
Hibernate: alter table identifier add constraint FK1j790dbcrwm7popfo24ckd3yh foreign key (work_id) references work
Hibernate: alter table parameter add constraint FKit17rdxw4du6a0gh7tn18nq9p foreign key (action_data_id) references action_data
2018-05-30 17:45:34.342  INFO 608 --- [           main] o.h.t.schema.internal.SchemaCreatorImpl  : HHH000476: Executing import script 'org.hibernate.tool.schema.internal.exec.ScriptSourceInputNonExistentImpl@61db86bf'
2018-05-30 17:45:34.355  INFO 608 --- [           main] j.LocalContainerEntityManagerFactoryBean : Initialized JPA EntityManagerFactory for persistence unit 'default'
2018-05-30 17:45:35.822  INFO 608 --- [           main] o.s.s.web.DefaultSecurityFilterChain     : Creating filter chain: org.springframework.security.web.util.matcher.AnyRequestMatcher@1, [org.springframework.security.web.context.request.async.WebAsyncManagerIntegrationFilter@70be89ec, org.springframework.security.web.context.SecurityContextPersistenceFilter@1e2445f6, org.springframework.security.web.header.HeaderWriterFilter@7b9e25bd, org.springframework.security.web.csrf.CsrfFilter@3e53c4ad, org.springframework.security.web.authentication.logout.LogoutFilter@40c8067, org.springframework.security.web.authentication.UsernamePasswordAuthenticationFilter@241b971f, org.springframework.security.web.savedrequest.RequestCacheAwareFilter@284990de, org.springframework.security.web.servletapi.SecurityContextHolderAwareRequestFilter@477523ba, org.springframework.security.web.authentication.AnonymousAuthenticationFilter@2aee0704, org.springframework.security.web.session.SessionManagementFilter@37e7c4cc, org.springframework.security.web.access.ExceptionTranslationFilter@16681017, org.springframework.security.web.access.intercept.FilterSecurityInterceptor@e3899fd]
2018-05-30 17:45:35.902  WARN 608 --- [           main] aWebConfiguration$JpaWebMvcConfiguration : spring.jpa.open-in-view is enabled by default. Therefore, database queries may be performed during view rendering. Explicitly configure spring.jpa.open-in-view to disable this warning
2018-05-30 17:45:35.991  INFO 608 --- [           main] s.w.s.m.m.a.RequestMappingHandlerMapping : Mapped "{[/]}" onto public java.lang.String org.kitodo.mediaserver.ui.IndexController.index()
2018-05-30 17:45:35.993  INFO 608 --- [           main] s.w.s.m.m.a.RequestMappingHandlerMapping : Mapped "{[/jobs]}" onto public java.lang.String org.kitodo.mediaserver.ui.jobs.JobsController.jobs(org.springframework.ui.Model)
2018-05-30 17:45:35.994  INFO 608 --- [           main] s.w.s.m.m.a.RequestMappingHandlerMapping : Mapped "{[/status]}" onto public java.lang.String org.kitodo.mediaserver.ui.status.StatusController.status(org.springframework.ui.Model)
2018-05-30 17:45:36.001  INFO 608 --- [           main] s.w.s.m.m.a.RequestMappingHandlerMapping : Mapped "{[/users/{username}],methods=[GET]}" onto public java.lang.String org.kitodo.mediaserver.ui.users.UserController.editForm(org.springframework.ui.Model,java.lang.String)
2018-05-30 17:45:36.001  INFO 608 --- [           main] s.w.s.m.m.a.RequestMappingHandlerMapping : Mapped "{[/users/{username}],methods=[POST]}" onto public java.lang.String org.kitodo.mediaserver.ui.users.UserController.editSubmit(org.springframework.ui.Model,java.lang.String,org.kitodo.mediaserver.ui.users.UserDto,org.springframework.validation.BindingResult,java.security.Principal)
2018-05-30 17:45:36.002  INFO 608 --- [           main] s.w.s.m.m.a.RequestMappingHandlerMapping : Mapped "{[/users/{username}/delete],methods=[POST]}" onto public java.lang.String org.kitodo.mediaserver.ui.users.UserController.deleteSubmit(java.lang.String,org.springframework.web.servlet.mvc.support.RedirectAttributes,java.security.Principal)
2018-05-30 17:45:36.003  INFO 608 --- [           main] s.w.s.m.m.a.RequestMappingHandlerMapping : Mapped "{[/users/-new],methods=[GET]}" onto public java.lang.String org.kitodo.mediaserver.ui.users.UserController.createForm(org.springframework.ui.Model)
2018-05-30 17:45:36.003  INFO 608 --- [           main] s.w.s.m.m.a.RequestMappingHandlerMapping : Mapped "{[/users/-new],methods=[POST]}" onto public java.lang.String org.kitodo.mediaserver.ui.users.UserController.createSubmit(org.springframework.ui.Model,org.kitodo.mediaserver.ui.users.UserDto,org.springframework.validation.BindingResult)
2018-05-30 17:45:36.003  INFO 608 --- [           main] s.w.s.m.m.a.RequestMappingHandlerMapping : Mapped "{[/users]}" onto public java.lang.String org.kitodo.mediaserver.ui.users.UserController.list(org.springframework.ui.Model,java.lang.String)
2018-05-30 17:45:36.007  INFO 608 --- [           main] s.w.s.m.m.a.RequestMappingHandlerMapping : Mapped "{[/works/{id}/lockcomment],methods=[GET],produces=[application/json]}" onto public java.util.Map<java.lang.String, java.lang.String> org.kitodo.mediaserver.ui.works.WorkController.getLockComment(java.lang.String) throws org.kitodo.mediaserver.core.exceptions.WorkNotFoundException
2018-05-30 17:45:36.007  INFO 608 --- [           main] s.w.s.m.m.a.RequestMappingHandlerMapping : Mapped "{[/works/{id}],methods=[POST]}" onto public java.lang.String org.kitodo.mediaserver.ui.works.WorkController.edit(java.lang.String,java.lang.String,java.lang.String,org.springframework.web.servlet.mvc.support.RedirectAttributes)
2018-05-30 17:45:36.007  INFO 608 --- [           main] s.w.s.m.m.a.RequestMappingHandlerMapping : Mapped "{[/works/{id}/cache/delete],methods=[POST]}" onto public java.lang.String org.kitodo.mediaserver.ui.works.WorkController.cacheDelete(java.lang.String,org.springframework.web.servlet.mvc.support.RedirectAttributes)
2018-05-30 17:45:36.008  INFO 608 --- [           main] s.w.s.m.m.a.RequestMappingHandlerMapping : Mapped "{[/works]}" onto public java.lang.String org.kitodo.mediaserver.ui.works.WorkController.list(org.springframework.ui.Model,org.springframework.data.domain.Pageable,java.lang.String,java.lang.String)
2018-05-30 17:45:36.079  INFO 608 --- [           main] o.s.w.s.handler.SimpleUrlHandlerMapping  : Mapped URL path [/login] onto handler of type [class org.springframework.web.servlet.mvc.ParameterizableViewController]
2018-05-30 17:45:36.124  INFO 608 --- [           main] o.s.w.s.handler.SimpleUrlHandlerMapping  : Mapped URL path [/static/**] onto handler of type [class org.springframework.web.servlet.resource.ResourceHttpRequestHandler]
2018-05-30 17:45:36.286  INFO 608 --- [           main] s.w.s.m.m.a.RequestMappingHandlerAdapter : Looking for @ControllerAdvice: org.springframework.web.context.support.GenericWebApplicationContext@5d99c6b5: startup date [Wed May 30 17:45:30 CEST 2018]; root of context hierarchy
2018-05-30 17:45:36.446  WARN 608 --- [           main] o.s.w.c.s.GenericWebApplicationContext   : Exception encountered during context initialization - cancelling refresh attempt: org.springframework.beans.factory.UnsatisfiedDependencyException: Error creating bean with name 'workLockAction': Unsatisfied dependency expressed through method 'setMediaServerUtils' parameter 0; nested exception is org.springframework.beans.factory.NoSuchBeanDefinitionException: No qualifying bean of type 'org.kitodo.mediaserver.core.util.MediaServerUtils' available: expected at least 1 bean which qualifies as autowire candidate. Dependency annotations: {}
2018-05-30 17:45:36.449  INFO 608 --- [           main] j.LocalContainerEntityManagerFactoryBean : Closing JPA EntityManagerFactory for persistence unit 'default'
2018-05-30 17:45:36.450  INFO 608 --- [           main] .SchemaDropperImpl$DelayedDropActionImpl : HHH000477: Starting delayed drop of schema as part of SessionFactory shut-down'
Hibernate: drop table action_data if exists
Hibernate: drop table identifier if exists
Hibernate: drop table parameter if exists
Hibernate: drop table user if exists
Hibernate: drop table work if exists
2018-05-30 17:45:36.469  INFO 608 --- [           main] ConditionEvaluationReportLoggingListener : 

Error starting ApplicationContext. To display the conditions report re-run your application with 'debug' enabled.
2018-05-30 17:45:36.534 ERROR 608 --- [           main] o.s.b.d.LoggingFailureAnalysisReporter   : 

***************************
APPLICATION FAILED TO START
***************************

Description:

Parameter 0 of method setMediaServerUtils in org.kitodo.mediaserver.core.actions.WorkLockAction required a bean of type 'org.kitodo.mediaserver.core.util.MediaServerUtils' that could not be found.


Action:

Consider defining a bean of type 'org.kitodo.mediaserver.core.util.MediaServerUtils' in your configuration.

2018-05-30 17:45:36.547 ERROR 608 --- [           main] o.s.test.context.TestContextManager      : Caught exception while allowing TestExecutionListener [org.springframework.test.context.web.ServletTestExecutionListener@5e5d171f] to prepare test instance [org.kitodo.mediaserver.ui.works.WorkControllerTest@6a96d639]

java.lang.IllegalStateException: Failed to load ApplicationContext
	at org.springframework.test.context.cache.DefaultCacheAwareContextLoaderDelegate.loadContext(DefaultCacheAwareContextLoaderDelegate.java:125) ~[spring-test-5.0.4.RELEASE.jar:5.0.4.RELEASE]
	at org.springframework.test.context.support.DefaultTestContext.getApplicationContext(DefaultTestContext.java:107) ~[spring-test-5.0.4.RELEASE.jar:5.0.4.RELEASE]
	at org.springframework.test.context.web.ServletTestExecutionListener.setUpRequestContextIfNecessary(ServletTestExecutionListener.java:190) ~[spring-test-5.0.4.RELEASE.jar:5.0.4.RELEASE]
	at org.springframework.test.context.web.ServletTestExecutionListener.prepareTestInstance(ServletTestExecutionListener.java:132) ~[spring-test-5.0.4.RELEASE.jar:5.0.4.RELEASE]
	at org.springframework.test.context.TestContextManager.prepareTestInstance(TestContextManager.java:242) ~[spring-test-5.0.4.RELEASE.jar:5.0.4.RELEASE]
	at org.springframework.test.context.junit4.SpringJUnit4ClassRunner.createTest(SpringJUnit4ClassRunner.java:227) [spring-test-5.0.4.RELEASE.jar:5.0.4.RELEASE]
	at org.springframework.test.context.junit4.SpringJUnit4ClassRunner$1.runReflectiveCall(SpringJUnit4ClassRunner.java:289) [spring-test-5.0.4.RELEASE.jar:5.0.4.RELEASE]
	at org.junit.internal.runners.model.ReflectiveCallable.run(ReflectiveCallable.java:12) [junit-4.12.jar:4.12]
	at org.springframework.test.context.junit4.SpringJUnit4ClassRunner.methodBlock(SpringJUnit4ClassRunner.java:291) [spring-test-5.0.4.RELEASE.jar:5.0.4.RELEASE]
	at org.springframework.test.context.junit4.SpringJUnit4ClassRunner.runChild(SpringJUnit4ClassRunner.java:246) [spring-test-5.0.4.RELEASE.jar:5.0.4.RELEASE]
	at org.springframework.test.context.junit4.SpringJUnit4ClassRunner.runChild(SpringJUnit4ClassRunner.java:97) [spring-test-5.0.4.RELEASE.jar:5.0.4.RELEASE]
	at org.junit.runners.ParentRunner$3.run(ParentRunner.java:290) [junit-4.12.jar:4.12]
	at org.junit.runners.ParentRunner$1.schedule(ParentRunner.java:71) [junit-4.12.jar:4.12]
	at org.junit.runners.ParentRunner.runChildren(ParentRunner.java:288) [junit-4.12.jar:4.12]
	at org.junit.runners.ParentRunner.access$000(ParentRunner.java:58) [junit-4.12.jar:4.12]
	at org.junit.runners.ParentRunner$2.evaluate(ParentRunner.java:268) [junit-4.12.jar:4.12]
	at org.springframework.test.context.junit4.statements.RunBeforeTestClassCallbacks.evaluate(RunBeforeTestClassCallbacks.java:61) [spring-test-5.0.4.RELEASE.jar:5.0.4.RELEASE]
	at org.springframework.test.context.junit4.statements.RunAfterTestClassCallbacks.evaluate(RunAfterTestClassCallbacks.java:70) [spring-test-5.0.4.RELEASE.jar:5.0.4.RELEASE]
	at org.junit.runners.ParentRunner.run(ParentRunner.java:363) [junit-4.12.jar:4.12]
	at org.springframework.test.context.junit4.SpringJUnit4ClassRunner.run(SpringJUnit4ClassRunner.java:190) [spring-test-5.0.4.RELEASE.jar:5.0.4.RELEASE]
	at org.apache.maven.surefire.junit4.JUnit4Provider.execute(JUnit4Provider.java:369) [surefire-junit4-2.20.1.jar:2.20.1]
	at org.apache.maven.surefire.junit4.JUnit4Provider.executeWithRerun(JUnit4Provider.java:275) [surefire-junit4-2.20.1.jar:2.20.1]
	at org.apache.maven.surefire.junit4.JUnit4Provider.executeTestSet(JUnit4Provider.java:239) [surefire-junit4-2.20.1.jar:2.20.1]
	at org.apache.maven.surefire.junit4.JUnit4Provider.invoke(JUnit4Provider.java:160) [surefire-junit4-2.20.1.jar:2.20.1]
	at org.apache.maven.surefire.booter.ForkedBooter.invokeProviderInSameClassLoader(ForkedBooter.java:373) [surefire-booter-2.20.1.jar:2.20.1]
	at org.apache.maven.surefire.booter.ForkedBooter.runSuitesInProcess(ForkedBooter.java:334) [surefire-booter-2.20.1.jar:2.20.1]
	at org.apache.maven.surefire.booter.ForkedBooter.execute(ForkedBooter.java:119) [surefire-booter-2.20.1.jar:2.20.1]
	at org.apache.maven.surefire.booter.ForkedBooter.main(ForkedBooter.java:407) [surefire-booter-2.20.1.jar:2.20.1]
Caused by: org.springframework.beans.factory.UnsatisfiedDependencyException: Error creating bean with name 'workLockAction': Unsatisfied dependency expressed through method 'setMediaServerUtils' parameter 0; nested exception is org.springframework.beans.factory.NoSuchBeanDefinitionException: No qualifying bean of type 'org.kitodo.mediaserver.core.util.MediaServerUtils' available: expected at least 1 bean which qualifies as autowire candidate. Dependency annotations: {}
	at org.springframework.beans.factory.annotation.AutowiredAnnotationBeanPostProcessor$AutowiredMethodElement.inject(AutowiredAnnotationBeanPostProcessor.java:668) ~[spring-beans-5.0.4.RELEASE.jar:5.0.4.RELEASE]
	at org.springframework.beans.factory.annotation.InjectionMetadata.inject(InjectionMetadata.java:91) ~[spring-beans-5.0.4.RELEASE.jar:5.0.4.RELEASE]
	at org.springframework.beans.factory.annotation.AutowiredAnnotationBeanPostProcessor.postProcessPropertyValues(AutowiredAnnotationBeanPostProcessor.java:373) ~[spring-beans-5.0.4.RELEASE.jar:5.0.4.RELEASE]
	at org.springframework.beans.factory.support.AbstractAutowireCapableBeanFactory.populateBean(AbstractAutowireCapableBeanFactory.java:1344) ~[spring-beans-5.0.4.RELEASE.jar:5.0.4.RELEASE]
	at org.springframework.beans.factory.support.AbstractAutowireCapableBeanFactory.doCreateBean(AbstractAutowireCapableBeanFactory.java:582) ~[spring-beans-5.0.4.RELEASE.jar:5.0.4.RELEASE]
	at org.springframework.beans.factory.support.AbstractAutowireCapableBeanFactory.createBean(AbstractAutowireCapableBeanFactory.java:502) ~[spring-beans-5.0.4.RELEASE.jar:5.0.4.RELEASE]
	at org.springframework.beans.factory.support.AbstractBeanFactory.lambda$doGetBean$0(AbstractBeanFactory.java:312) ~[spring-beans-5.0.4.RELEASE.jar:5.0.4.RELEASE]
	at org.springframework.beans.factory.support.DefaultSingletonBeanRegistry.getSingleton(DefaultSingletonBeanRegistry.java:228) ~[spring-beans-5.0.4.RELEASE.jar:5.0.4.RELEASE]
	at org.springframework.beans.factory.support.AbstractBeanFactory.doGetBean(AbstractBeanFactory.java:310) ~[spring-beans-5.0.4.RELEASE.jar:5.0.4.RELEASE]
	at org.springframework.beans.factory.support.AbstractBeanFactory.getBean(AbstractBeanFactory.java:200) ~[spring-beans-5.0.4.RELEASE.jar:5.0.4.RELEASE]
	at org.springframework.beans.factory.support.DefaultListableBeanFactory.preInstantiateSingletons(DefaultListableBeanFactory.java:760) ~[spring-beans-5.0.4.RELEASE.jar:5.0.4.RELEASE]
	at org.springframework.context.support.AbstractApplicationContext.finishBeanFactoryInitialization(AbstractApplicationContext.java:868) ~[spring-context-5.0.4.RELEASE.jar:5.0.4.RELEASE]
	at org.springframework.context.support.AbstractApplicationContext.refresh(AbstractApplicationContext.java:549) ~[spring-context-5.0.4.RELEASE.jar:5.0.4.RELEASE]
	at org.springframework.boot.SpringApplication.refresh(SpringApplication.java:752) ~[spring-boot-2.0.0.RELEASE.jar:2.0.0.RELEASE]
	at org.springframework.boot.SpringApplication.refreshContext(SpringApplication.java:388) ~[spring-boot-2.0.0.RELEASE.jar:2.0.0.RELEASE]
	at org.springframework.boot.SpringApplication.run(SpringApplication.java:327) ~[spring-boot-2.0.0.RELEASE.jar:2.0.0.RELEASE]
	at org.springframework.boot.test.context.SpringBootContextLoader.loadContext(SpringBootContextLoader.java:138) ~[spring-boot-test-2.0.0.RELEASE.jar:2.0.0.RELEASE]
	at org.springframework.test.context.cache.DefaultCacheAwareContextLoaderDelegate.loadContextInternal(DefaultCacheAwareContextLoaderDelegate.java:99) ~[spring-test-5.0.4.RELEASE.jar:5.0.4.RELEASE]
	at org.springframework.test.context.cache.DefaultCacheAwareContextLoaderDelegate.loadContext(DefaultCacheAwareContextLoaderDelegate.java:117) ~[spring-test-5.0.4.RELEASE.jar:5.0.4.RELEASE]
	... 27 common frames omitted
Caused by: org.springframework.beans.factory.NoSuchBeanDefinitionException: No qualifying bean of type 'org.kitodo.mediaserver.core.util.MediaServerUtils' available: expected at least 1 bean which qualifies as autowire candidate. Dependency annotations: {}
	at org.springframework.beans.factory.support.DefaultListableBeanFactory.raiseNoMatchingBeanFound(DefaultListableBeanFactory.java:1509) ~[spring-beans-5.0.4.RELEASE.jar:5.0.4.RELEASE]
	at org.springframework.beans.factory.support.DefaultListableBeanFactory.doResolveDependency(DefaultListableBeanFactory.java:1104) ~[spring-beans-5.0.4.RELEASE.jar:5.0.4.RELEASE]
	at org.springframework.beans.factory.support.DefaultListableBeanFactory.resolveDependency(DefaultListableBeanFactory.java:1065) ~[spring-beans-5.0.4.RELEASE.jar:5.0.4.RELEASE]
	at org.springframework.beans.factory.annotation.AutowiredAnnotationBeanPostProcessor$AutowiredMethodElement.inject(AutowiredAnnotationBeanPostProcessor.java:660) ~[spring-beans-5.0.4.RELEASE.jar:5.0.4.RELEASE]
	... 45 common frames omitted

]]></system-out>
  </testcase>
  <testcase name="testSearchWork" classname="org.kitodo.mediaserver.ui.works.WorkControllerTest" time="0">
    <error message="Failed to load ApplicationContext" type="java.lang.IllegalStateException">java.lang.IllegalStateException: Failed to load ApplicationContext
Caused by: org.springframework.beans.factory.UnsatisfiedDependencyException: Error creating bean with name 'workLockAction': Unsatisfied dependency expressed through method 'setMediaServerUtils' parameter 0; nested exception is org.springframework.beans.factory.NoSuchBeanDefinitionException: No qualifying bean of type 'org.kitodo.mediaserver.core.util.MediaServerUtils' available: expected at least 1 bean which qualifies as autowire candidate. Dependency annotations: {}
Caused by: org.springframework.beans.factory.NoSuchBeanDefinitionException: No qualifying bean of type 'org.kitodo.mediaserver.core.util.MediaServerUtils' available: expected at least 1 bean which qualifies as autowire candidate. Dependency annotations: {}
</error>
    <system-out><![CDATA[
  .   ____          _            __ _ _
 /\\ / ___'_ __ _ _(_)_ __  __ _ \ \ \ \
( ( )\___ | '_ | '_| | '_ \/ _` | \ \ \ \
 \\/  ___)| |_)| | | | | || (_| |  ) ) ) )
  '  |____| .__|_| |_|_| |_\__, | / / / /
 =========|_|==============|___/=/_/_/_/
 :: Spring Boot ::        (v2.0.0.RELEASE)

2018-05-30 17:45:36.631  INFO 608 --- [           main] o.k.m.ui.works.WorkControllerTest        : Starting WorkControllerTest on spirals-vortex.lille.inria.fr with PID 608 (started by root in /root/workspace/ponchofiesta/kitodo-mediaserver/385755653/kitodo-mediaserver-ui)
2018-05-30 17:45:36.633  INFO 608 --- [           main] o.k.m.ui.works.WorkControllerTest        : No active profile set, falling back to default profiles: default
2018-05-30 17:45:36.639  INFO 608 --- [           main] o.s.w.c.s.GenericWebApplicationContext   : Refreshing org.springframework.web.context.support.GenericWebApplicationContext@23ea8830: startup date [Wed May 30 17:45:36 CEST 2018]; root of context hierarchy
2018-05-30 17:45:36.897  INFO 608 --- [           main] beddedDataSourceBeanFactoryPostProcessor : Replacing 'dataSource' DataSource bean with embedded version
2018-05-30 17:45:36.898  INFO 608 --- [           main] o.s.b.f.s.DefaultListableBeanFactory     : Overriding bean definition for bean 'dataSource' with a different definition: replacing [Root bean: class [null]; scope=; abstract=false; lazyInit=false; autowireMode=3; dependencyCheck=0; autowireCandidate=true; primary=false; factoryBeanName=org.springframework.boot.autoconfigure.jdbc.DataSourceConfiguration$Hikari; factoryMethodName=dataSource; initMethodName=null; destroyMethodName=(inferred); defined in class path resource [org/springframework/boot/autoconfigure/jdbc/DataSourceConfiguration$Hikari.class]] with [Root bean: class [org.springframework.boot.test.autoconfigure.jdbc.TestDatabaseAutoConfiguration$EmbeddedDataSourceFactoryBean]; scope=; abstract=false; lazyInit=false; autowireMode=0; dependencyCheck=0; autowireCandidate=true; primary=false; factoryBeanName=null; factoryMethodName=null; initMethodName=null; destroyMethodName=null]
2018-05-30 17:45:37.137  INFO 608 --- [           main] trationDelegate$BeanPostProcessorChecker : Bean 'org.springframework.transaction.annotation.ProxyTransactionManagementConfiguration' of type [org.springframework.transaction.annotation.ProxyTransactionManagementConfiguration$$EnhancerBySpringCGLIB$$7bb7d427] is not eligible for getting processed by all BeanPostProcessors (for example: not eligible for auto-proxying)
2018-05-30 17:45:37.180  INFO 608 --- [           main] o.s.j.d.e.EmbeddedDatabaseFactory        : Starting embedded database: url='jdbc:h2:mem:6c12272f-c44d-4d3d-9b01-ca23dab4e0b9;DB_CLOSE_DELAY=-1;DB_CLOSE_ON_EXIT=false', username='sa'
2018-05-30 17:45:37.202  INFO 608 --- [           main] o.s.jdbc.datasource.init.ScriptUtils     : Executing SQL script from URL [file:/root/workspace/ponchofiesta/kitodo-mediaserver/385755653/kitodo-mediaserver-core/target/classes/schema.sql]
2018-05-30 17:45:37.216  INFO 608 --- [           main] o.s.jdbc.datasource.init.ScriptUtils     : Executed SQL script from URL [file:/root/workspace/ponchofiesta/kitodo-mediaserver/385755653/kitodo-mediaserver-core/target/classes/schema.sql] in 14 ms.
2018-05-30 17:45:37.220  INFO 608 --- [           main] o.s.jdbc.datasource.init.ScriptUtils     : Executing SQL script from URL [file:/root/workspace/ponchofiesta/kitodo-mediaserver/385755653/kitodo-mediaserver-core/target/classes/data.sql]
2018-05-30 17:45:37.222  INFO 608 --- [           main] o.s.jdbc.datasource.init.ScriptUtils     : Executed SQL script from URL [file:/root/workspace/ponchofiesta/kitodo-mediaserver/385755653/kitodo-mediaserver-core/target/classes/data.sql] in 1 ms.
2018-05-30 17:45:37.271  INFO 608 --- [           main] j.LocalContainerEntityManagerFactoryBean : Building JPA container EntityManagerFactory for persistence unit 'default'
2018-05-30 17:45:37.272  INFO 608 --- [           main] o.hibernate.jpa.internal.util.LogHelper  : HHH000204: Processing PersistenceUnitInfo [
	name: default
	...]
2018-05-30 17:45:37.280  INFO 608 --- [           main] org.hibernate.dialect.Dialect            : HHH000400: Using dialect: org.hibernate.dialect.H2Dialect
Hibernate: drop table action_data if exists
Hibernate: drop table identifier if exists
Hibernate: drop table parameter if exists
Hibernate: drop table user if exists
Hibernate: drop table work if exists
Hibernate: create table action_data (id integer generated by default as identity, action_name varchar(255), end_time timestamp, request_time timestamp, start_time timestamp, work_id varchar(255) not null, primary key (id))
Hibernate: create table identifier (identifier varchar(255) not null, type varchar(255), work_id varchar(255) not null, primary key (identifier))
Hibernate: create table parameter (action_data_id integer not null, parameter varchar(255), parameter_key varchar(255) not null, primary key (action_data_id, parameter_key))
Hibernate: create table user (username varchar(255) not null, enabled boolean, name varchar(255), password varchar(60), primary key (username))
Hibernate: create table work (id varchar(255) not null, enabled boolean not null, path varchar(255), title varchar(255), primary key (id))
Hibernate: alter table action_data add constraint FKhauld9xvs8kr1uwnv0hy6ey0i foreign key (work_id) references work
Hibernate: alter table identifier add constraint FK1j790dbcrwm7popfo24ckd3yh foreign key (work_id) references work
Hibernate: alter table parameter add constraint FKit17rdxw4du6a0gh7tn18nq9p foreign key (action_data_id) references action_data
2018-05-30 17:45:37.372  INFO 608 --- [           main] o.h.t.schema.internal.SchemaCreatorImpl  : HHH000476: Executing import script 'org.hibernate.tool.schema.internal.exec.ScriptSourceInputNonExistentImpl@61db86bf'
2018-05-30 17:45:37.373  INFO 608 --- [           main] j.LocalContainerEntityManagerFactoryBean : Initialized JPA EntityManagerFactory for persistence unit 'default'
2018-05-30 17:45:37.981  INFO 608 --- [           main] o.s.s.web.DefaultSecurityFilterChain     : Creating filter chain: org.springframework.security.web.util.matcher.AnyRequestMatcher@1, [org.springframework.security.web.context.request.async.WebAsyncManagerIntegrationFilter@13234ac9, org.springframework.security.web.context.SecurityContextPersistenceFilter@48ae9e8b, org.springframework.security.web.header.HeaderWriterFilter@4b343b6d, org.springframework.security.web.csrf.CsrfFilter@c6a692e, org.springframework.security.web.authentication.logout.LogoutFilter@6cd2cb2, org.springframework.security.web.authentication.UsernamePasswordAuthenticationFilter@2987d0fa, org.springframework.security.web.savedrequest.RequestCacheAwareFilter@6eaa6b0c, org.springframework.security.web.servletapi.SecurityContextHolderAwareRequestFilter@4afcae7, org.springframework.security.web.authentication.AnonymousAuthenticationFilter@7254838, org.springframework.security.web.session.SessionManagementFilter@17d2b646, org.springframework.security.web.access.ExceptionTranslationFilter@27502e5c, org.springframework.security.web.access.intercept.FilterSecurityInterceptor@42ff9a77]
2018-05-30 17:45:38.002  WARN 608 --- [           main] aWebConfiguration$JpaWebMvcConfiguration : spring.jpa.open-in-view is enabled by default. Therefore, database queries may be performed during view rendering. Explicitly configure spring.jpa.open-in-view to disable this warning
2018-05-30 17:45:38.037  INFO 608 --- [           main] s.w.s.m.m.a.RequestMappingHandlerMapping : Mapped "{[/]}" onto public java.lang.String org.kitodo.mediaserver.ui.IndexController.index()
2018-05-30 17:45:38.038  INFO 608 --- [           main] s.w.s.m.m.a.RequestMappingHandlerMapping : Mapped "{[/jobs]}" onto public java.lang.String org.kitodo.mediaserver.ui.jobs.JobsController.jobs(org.springframework.ui.Model)
2018-05-30 17:45:38.039  INFO 608 --- [           main] s.w.s.m.m.a.RequestMappingHandlerMapping : Mapped "{[/status]}" onto public java.lang.String org.kitodo.mediaserver.ui.status.StatusController.status(org.springframework.ui.Model)
2018-05-30 17:45:38.042  INFO 608 --- [           main] s.w.s.m.m.a.RequestMappingHandlerMapping : Mapped "{[/users/{username}],methods=[GET]}" onto public java.lang.String org.kitodo.mediaserver.ui.users.UserController.editForm(org.springframework.ui.Model,java.lang.String)
2018-05-30 17:45:38.042  INFO 608 --- [           main] s.w.s.m.m.a.RequestMappingHandlerMapping : Mapped "{[/users/{username}],methods=[POST]}" onto public java.lang.String org.kitodo.mediaserver.ui.users.UserController.editSubmit(org.springframework.ui.Model,java.lang.String,org.kitodo.mediaserver.ui.users.UserDto,org.springframework.validation.BindingResult,java.security.Principal)
2018-05-30 17:45:38.043  INFO 608 --- [           main] s.w.s.m.m.a.RequestMappingHandlerMapping : Mapped "{[/users/{username}/delete],methods=[POST]}" onto public java.lang.String org.kitodo.mediaserver.ui.users.UserController.deleteSubmit(java.lang.String,org.springframework.web.servlet.mvc.support.RedirectAttributes,java.security.Principal)
2018-05-30 17:45:38.043  INFO 608 --- [           main] s.w.s.m.m.a.RequestMappingHandlerMapping : Mapped "{[/users/-new],methods=[GET]}" onto public java.lang.String org.kitodo.mediaserver.ui.users.UserController.createForm(org.springframework.ui.Model)
2018-05-30 17:45:38.043  INFO 608 --- [           main] s.w.s.m.m.a.RequestMappingHandlerMapping : Mapped "{[/users/-new],methods=[POST]}" onto public java.lang.String org.kitodo.mediaserver.ui.users.UserController.createSubmit(org.springframework.ui.Model,org.kitodo.mediaserver.ui.users.UserDto,org.springframework.validation.BindingResult)
2018-05-30 17:45:38.044  INFO 608 --- [           main] s.w.s.m.m.a.RequestMappingHandlerMapping : Mapped "{[/users]}" onto public java.lang.String org.kitodo.mediaserver.ui.users.UserController.list(org.springframework.ui.Model,java.lang.String)
2018-05-30 17:45:38.046  INFO 608 --- [           main] s.w.s.m.m.a.RequestMappingHandlerMapping : Mapped "{[/works/{id}/lockcomment],methods=[GET],produces=[application/json]}" onto public java.util.Map<java.lang.String, java.lang.String> org.kitodo.mediaserver.ui.works.WorkController.getLockComment(java.lang.String) throws org.kitodo.mediaserver.core.exceptions.WorkNotFoundException
2018-05-30 17:45:38.048  INFO 608 --- [           main] s.w.s.m.m.a.RequestMappingHandlerMapping : Mapped "{[/works/{id}],methods=[POST]}" onto public java.lang.String org.kitodo.mediaserver.ui.works.WorkController.edit(java.lang.String,java.lang.String,java.lang.String,org.springframework.web.servlet.mvc.support.RedirectAttributes)
2018-05-30 17:45:38.048  INFO 608 --- [           main] s.w.s.m.m.a.RequestMappingHandlerMapping : Mapped "{[/works/{id}/cache/delete],methods=[POST]}" onto public java.lang.String org.kitodo.mediaserver.ui.works.WorkController.cacheDelete(java.lang.String,org.springframework.web.servlet.mvc.support.RedirectAttributes)
2018-05-30 17:45:38.048  INFO 608 --- [           main] s.w.s.m.m.a.RequestMappingHandlerMapping : Mapped "{[/works]}" onto public java.lang.String org.kitodo.mediaserver.ui.works.WorkController.list(org.springframework.ui.Model,org.springframework.data.domain.Pageable,java.lang.String,java.lang.String)
2018-05-30 17:45:38.067  INFO 608 --- [           main] o.s.w.s.handler.SimpleUrlHandlerMapping  : Mapped URL path [/login] onto handler of type [class org.springframework.web.servlet.mvc.ParameterizableViewController]
2018-05-30 17:45:38.084  INFO 608 --- [           main] o.s.w.s.handler.SimpleUrlHandlerMapping  : Mapped URL path [/static/**] onto handler of type [class org.springframework.web.servlet.resource.ResourceHttpRequestHandler]
2018-05-30 17:45:38.124  INFO 608 --- [           main] s.w.s.m.m.a.RequestMappingHandlerAdapter : Looking for @ControllerAdvice: org.springframework.web.context.support.GenericWebApplicationContext@23ea8830: startup date [Wed May 30 17:45:36 CEST 2018]; root of context hierarchy
2018-05-30 17:45:38.171  WARN 608 --- [           main] o.s.w.c.s.GenericWebApplicationContext   : Exception encountered during context initialization - cancelling refresh attempt: org.springframework.beans.factory.UnsatisfiedDependencyException: Error creating bean with name 'workLockAction': Unsatisfied dependency expressed through method 'setMediaServerUtils' parameter 0; nested exception is org.springframework.beans.factory.NoSuchBeanDefinitionException: No qualifying bean of type 'org.kitodo.mediaserver.core.util.MediaServerUtils' available: expected at least 1 bean which qualifies as autowire candidate. Dependency annotations: {}
2018-05-30 17:45:38.172  INFO 608 --- [           main] j.LocalContainerEntityManagerFactoryBean : Closing JPA EntityManagerFactory for persistence unit 'default'
2018-05-30 17:45:38.173  INFO 608 --- [           main] .SchemaDropperImpl$DelayedDropActionImpl : HHH000477: Starting delayed drop of schema as part of SessionFactory shut-down'
Hibernate: drop table action_data if exists
Hibernate: drop table identifier if exists
Hibernate: drop table parameter if exists
Hibernate: drop table user if exists
Hibernate: drop table work if exists
2018-05-30 17:45:38.180  INFO 608 --- [           main] ConditionEvaluationReportLoggingListener : 

Error starting ApplicationContext. To display the conditions report re-run your application with 'debug' enabled.
2018-05-30 17:45:38.222 ERROR 608 --- [           main] o.s.b.d.LoggingFailureAnalysisReporter   : 

***************************
APPLICATION FAILED TO START
***************************

Description:

Parameter 0 of method setMediaServerUtils in org.kitodo.mediaserver.core.actions.WorkLockAction required a bean of type 'org.kitodo.mediaserver.core.util.MediaServerUtils' that could not be found.


Action:

Consider defining a bean of type 'org.kitodo.mediaserver.core.util.MediaServerUtils' in your configuration.

2018-05-30 17:45:38.224 ERROR 608 --- [           main] o.s.test.context.TestContextManager      : Caught exception while allowing TestExecutionListener [org.springframework.test.context.web.ServletTestExecutionListener@5e5d171f] to prepare test instance [org.kitodo.mediaserver.ui.works.WorkControllerTest@75cacb3e]

java.lang.IllegalStateException: Failed to load ApplicationContext
	at org.springframework.test.context.cache.DefaultCacheAwareContextLoaderDelegate.loadContext(DefaultCacheAwareContextLoaderDelegate.java:125) ~[spring-test-5.0.4.RELEASE.jar:5.0.4.RELEASE]
	at org.springframework.test.context.support.DefaultTestContext.getApplicationContext(DefaultTestContext.java:107) ~[spring-test-5.0.4.RELEASE.jar:5.0.4.RELEASE]
	at org.springframework.test.context.web.ServletTestExecutionListener.setUpRequestContextIfNecessary(ServletTestExecutionListener.java:190) ~[spring-test-5.0.4.RELEASE.jar:5.0.4.RELEASE]
	at org.springframework.test.context.web.ServletTestExecutionListener.prepareTestInstance(ServletTestExecutionListener.java:132) ~[spring-test-5.0.4.RELEASE.jar:5.0.4.RELEASE]
	at org.springframework.test.context.TestContextManager.prepareTestInstance(TestContextManager.java:242) ~[spring-test-5.0.4.RELEASE.jar:5.0.4.RELEASE]
	at org.springframework.test.context.junit4.SpringJUnit4ClassRunner.createTest(SpringJUnit4ClassRunner.java:227) [spring-test-5.0.4.RELEASE.jar:5.0.4.RELEASE]
	at org.springframework.test.context.junit4.SpringJUnit4ClassRunner$1.runReflectiveCall(SpringJUnit4ClassRunner.java:289) [spring-test-5.0.4.RELEASE.jar:5.0.4.RELEASE]
	at org.junit.internal.runners.model.ReflectiveCallable.run(ReflectiveCallable.java:12) [junit-4.12.jar:4.12]
	at org.springframework.test.context.junit4.SpringJUnit4ClassRunner.methodBlock(SpringJUnit4ClassRunner.java:291) [spring-test-5.0.4.RELEASE.jar:5.0.4.RELEASE]
	at org.springframework.test.context.junit4.SpringJUnit4ClassRunner.runChild(SpringJUnit4ClassRunner.java:246) [spring-test-5.0.4.RELEASE.jar:5.0.4.RELEASE]
	at org.springframework.test.context.junit4.SpringJUnit4ClassRunner.runChild(SpringJUnit4ClassRunner.java:97) [spring-test-5.0.4.RELEASE.jar:5.0.4.RELEASE]
	at org.junit.runners.ParentRunner$3.run(ParentRunner.java:290) [junit-4.12.jar:4.12]
	at org.junit.runners.ParentRunner$1.schedule(ParentRunner.java:71) [junit-4.12.jar:4.12]
	at org.junit.runners.ParentRunner.runChildren(ParentRunner.java:288) [junit-4.12.jar:4.12]
	at org.junit.runners.ParentRunner.access$000(ParentRunner.java:58) [junit-4.12.jar:4.12]
	at org.junit.runners.ParentRunner$2.evaluate(ParentRunner.java:268) [junit-4.12.jar:4.12]
	at org.springframework.test.context.junit4.statements.RunBeforeTestClassCallbacks.evaluate(RunBeforeTestClassCallbacks.java:61) [spring-test-5.0.4.RELEASE.jar:5.0.4.RELEASE]
	at org.springframework.test.context.junit4.statements.RunAfterTestClassCallbacks.evaluate(RunAfterTestClassCallbacks.java:70) [spring-test-5.0.4.RELEASE.jar:5.0.4.RELEASE]
	at org.junit.runners.ParentRunner.run(ParentRunner.java:363) [junit-4.12.jar:4.12]
	at org.springframework.test.context.junit4.SpringJUnit4ClassRunner.run(SpringJUnit4ClassRunner.java:190) [spring-test-5.0.4.RELEASE.jar:5.0.4.RELEASE]
	at org.apache.maven.surefire.junit4.JUnit4Provider.execute(JUnit4Provider.java:369) [surefire-junit4-2.20.1.jar:2.20.1]
	at org.apache.maven.surefire.junit4.JUnit4Provider.executeWithRerun(JUnit4Provider.java:275) [surefire-junit4-2.20.1.jar:2.20.1]
	at org.apache.maven.surefire.junit4.JUnit4Provider.executeTestSet(JUnit4Provider.java:239) [surefire-junit4-2.20.1.jar:2.20.1]
	at org.apache.maven.surefire.junit4.JUnit4Provider.invoke(JUnit4Provider.java:160) [surefire-junit4-2.20.1.jar:2.20.1]
	at org.apache.maven.surefire.booter.ForkedBooter.invokeProviderInSameClassLoader(ForkedBooter.java:373) [surefire-booter-2.20.1.jar:2.20.1]
	at org.apache.maven.surefire.booter.ForkedBooter.runSuitesInProcess(ForkedBooter.java:334) [surefire-booter-2.20.1.jar:2.20.1]
	at org.apache.maven.surefire.booter.ForkedBooter.execute(ForkedBooter.java:119) [surefire-booter-2.20.1.jar:2.20.1]
	at org.apache.maven.surefire.booter.ForkedBooter.main(ForkedBooter.java:407) [surefire-booter-2.20.1.jar:2.20.1]
Caused by: org.springframework.beans.factory.UnsatisfiedDependencyException: Error creating bean with name 'workLockAction': Unsatisfied dependency expressed through method 'setMediaServerUtils' parameter 0; nested exception is org.springframework.beans.factory.NoSuchBeanDefinitionException: No qualifying bean of type 'org.kitodo.mediaserver.core.util.MediaServerUtils' available: expected at least 1 bean which qualifies as autowire candidate. Dependency annotations: {}
	at org.springframework.beans.factory.annotation.AutowiredAnnotationBeanPostProcessor$AutowiredMethodElement.inject(AutowiredAnnotationBeanPostProcessor.java:668) ~[spring-beans-5.0.4.RELEASE.jar:5.0.4.RELEASE]
	at org.springframework.beans.factory.annotation.InjectionMetadata.inject(InjectionMetadata.java:91) ~[spring-beans-5.0.4.RELEASE.jar:5.0.4.RELEASE]
	at org.springframework.beans.factory.annotation.AutowiredAnnotationBeanPostProcessor.postProcessPropertyValues(AutowiredAnnotationBeanPostProcessor.java:373) ~[spring-beans-5.0.4.RELEASE.jar:5.0.4.RELEASE]
	at org.springframework.beans.factory.support.AbstractAutowireCapableBeanFactory.populateBean(AbstractAutowireCapableBeanFactory.java:1344) ~[spring-beans-5.0.4.RELEASE.jar:5.0.4.RELEASE]
	at org.springframework.beans.factory.support.AbstractAutowireCapableBeanFactory.doCreateBean(AbstractAutowireCapableBeanFactory.java:582) ~[spring-beans-5.0.4.RELEASE.jar:5.0.4.RELEASE]
	at org.springframework.beans.factory.support.AbstractAutowireCapableBeanFactory.createBean(AbstractAutowireCapableBeanFactory.java:502) ~[spring-beans-5.0.4.RELEASE.jar:5.0.4.RELEASE]
	at org.springframework.beans.factory.support.AbstractBeanFactory.lambda$doGetBean$0(AbstractBeanFactory.java:312) ~[spring-beans-5.0.4.RELEASE.jar:5.0.4.RELEASE]
	at org.springframework.beans.factory.support.DefaultSingletonBeanRegistry.getSingleton(DefaultSingletonBeanRegistry.java:228) ~[spring-beans-5.0.4.RELEASE.jar:5.0.4.RELEASE]
	at org.springframework.beans.factory.support.AbstractBeanFactory.doGetBean(AbstractBeanFactory.java:310) ~[spring-beans-5.0.4.RELEASE.jar:5.0.4.RELEASE]
	at org.springframework.beans.factory.support.AbstractBeanFactory.getBean(AbstractBeanFactory.java:200) ~[spring-beans-5.0.4.RELEASE.jar:5.0.4.RELEASE]
	at org.springframework.beans.factory.support.DefaultListableBeanFactory.preInstantiateSingletons(DefaultListableBeanFactory.java:760) ~[spring-beans-5.0.4.RELEASE.jar:5.0.4.RELEASE]
	at org.springframework.context.support.AbstractApplicationContext.finishBeanFactoryInitialization(AbstractApplicationContext.java:868) ~[spring-context-5.0.4.RELEASE.jar:5.0.4.RELEASE]
	at org.springframework.context.support.AbstractApplicationContext.refresh(AbstractApplicationContext.java:549) ~[spring-context-5.0.4.RELEASE.jar:5.0.4.RELEASE]
	at org.springframework.boot.SpringApplication.refresh(SpringApplication.java:752) ~[spring-boot-2.0.0.RELEASE.jar:2.0.0.RELEASE]
	at org.springframework.boot.SpringApplication.refreshContext(SpringApplication.java:388) ~[spring-boot-2.0.0.RELEASE.jar:2.0.0.RELEASE]
	at org.springframework.boot.SpringApplication.run(SpringApplication.java:327) ~[spring-boot-2.0.0.RELEASE.jar:2.0.0.RELEASE]
	at org.springframework.boot.test.context.SpringBootContextLoader.loadContext(SpringBootContextLoader.java:138) ~[spring-boot-test-2.0.0.RELEASE.jar:2.0.0.RELEASE]
	at org.springframework.test.context.cache.DefaultCacheAwareContextLoaderDelegate.loadContextInternal(DefaultCacheAwareContextLoaderDelegate.java:99) ~[spring-test-5.0.4.RELEASE.jar:5.0.4.RELEASE]
	at org.springframework.test.context.cache.DefaultCacheAwareContextLoaderDelegate.loadContext(DefaultCacheAwareContextLoaderDelegate.java:117) ~[spring-test-5.0.4.RELEASE.jar:5.0.4.RELEASE]
	... 27 common frames omitted
Caused by: org.springframework.beans.factory.NoSuchBeanDefinitionException: No qualifying bean of type 'org.kitodo.mediaserver.core.util.MediaServerUtils' available: expected at least 1 bean which qualifies as autowire candidate. Dependency annotations: {}
	at org.springframework.beans.factory.support.DefaultListableBeanFactory.raiseNoMatchingBeanFound(DefaultListableBeanFactory.java:1509) ~[spring-beans-5.0.4.RELEASE.jar:5.0.4.RELEASE]
	at org.springframework.beans.factory.support.DefaultListableBeanFactory.doResolveDependency(DefaultListableBeanFactory.java:1104) ~[spring-beans-5.0.4.RELEASE.jar:5.0.4.RELEASE]
	at org.springframework.beans.factory.support.DefaultListableBeanFactory.resolveDependency(DefaultListableBeanFactory.java:1065) ~[spring-beans-5.0.4.RELEASE.jar:5.0.4.RELEASE]
	at org.springframework.beans.factory.annotation.AutowiredAnnotationBeanPostProcessor$AutowiredMethodElement.inject(AutowiredAnnotationBeanPostProcessor.java:660) ~[spring-beans-5.0.4.RELEASE.jar:5.0.4.RELEASE]
	... 45 common frames omitted

]]></system-out>
  </testcase>
  <testcase name="testList" classname="org.kitodo.mediaserver.ui.works.WorkControllerTest" time="0.001">
    <error message="Failed to load ApplicationContext" type="java.lang.IllegalStateException">java.lang.IllegalStateException: Failed to load ApplicationContext
Caused by: org.springframework.beans.factory.UnsatisfiedDependencyException: Error creating bean with name 'workLockAction': Unsatisfied dependency expressed through method 'setMediaServerUtils' parameter 0; nested exception is org.springframework.beans.factory.NoSuchBeanDefinitionException: No qualifying bean of type 'org.kitodo.mediaserver.core.util.MediaServerUtils' available: expected at least 1 bean which qualifies as autowire candidate. Dependency annotations: {}
Caused by: org.springframework.beans.factory.NoSuchBeanDefinitionException: No qualifying bean of type 'org.kitodo.mediaserver.core.util.MediaServerUtils' available: expected at least 1 bean which qualifies as autowire candidate. Dependency annotations: {}
</error>
    <system-out><![CDATA[
  .   ____          _            __ _ _
 /\\ / ___'_ __ _ _(_)_ __  __ _ \ \ \ \
( ( )\___ | '_ | '_| | '_ \/ _` | \ \ \ \
 \\/  ___)| |_)| | | | | || (_| |  ) ) ) )
  '  |____| .__|_| |_|_| |_\__, | / / / /
 =========|_|==============|___/=/_/_/_/
 :: Spring Boot ::        (v2.0.0.RELEASE)

2018-05-30 17:45:38.281  INFO 608 --- [           main] o.k.m.ui.works.WorkControllerTest        : Starting WorkControllerTest on spirals-vortex.lille.inria.fr with PID 608 (started by root in /root/workspace/ponchofiesta/kitodo-mediaserver/385755653/kitodo-mediaserver-ui)
2018-05-30 17:45:38.282  INFO 608 --- [           main] o.k.m.ui.works.WorkControllerTest        : No active profile set, falling back to default profiles: default
2018-05-30 17:45:38.285  INFO 608 --- [           main] o.s.w.c.s.GenericWebApplicationContext   : Refreshing org.springframework.web.context.support.GenericWebApplicationContext@5db9f51f: startup date [Wed May 30 17:45:38 CEST 2018]; root of context hierarchy
2018-05-30 17:45:38.504  INFO 608 --- [           main] beddedDataSourceBeanFactoryPostProcessor : Replacing 'dataSource' DataSource bean with embedded version
2018-05-30 17:45:38.504  INFO 608 --- [           main] o.s.b.f.s.DefaultListableBeanFactory     : Overriding bean definition for bean 'dataSource' with a different definition: replacing [Root bean: class [null]; scope=; abstract=false; lazyInit=false; autowireMode=3; dependencyCheck=0; autowireCandidate=true; primary=false; factoryBeanName=org.springframework.boot.autoconfigure.jdbc.DataSourceConfiguration$Hikari; factoryMethodName=dataSource; initMethodName=null; destroyMethodName=(inferred); defined in class path resource [org/springframework/boot/autoconfigure/jdbc/DataSourceConfiguration$Hikari.class]] with [Root bean: class [org.springframework.boot.test.autoconfigure.jdbc.TestDatabaseAutoConfiguration$EmbeddedDataSourceFactoryBean]; scope=; abstract=false; lazyInit=false; autowireMode=0; dependencyCheck=0; autowireCandidate=true; primary=false; factoryBeanName=null; factoryMethodName=null; initMethodName=null; destroyMethodName=null]
2018-05-30 17:45:38.611  INFO 608 --- [           main] trationDelegate$BeanPostProcessorChecker : Bean 'org.springframework.transaction.annotation.ProxyTransactionManagementConfiguration' of type [org.springframework.transaction.annotation.ProxyTransactionManagementConfiguration$$EnhancerBySpringCGLIB$$7bb7d427] is not eligible for getting processed by all BeanPostProcessors (for example: not eligible for auto-proxying)
2018-05-30 17:45:38.713  INFO 608 --- [           main] o.s.j.d.e.EmbeddedDatabaseFactory        : Starting embedded database: url='jdbc:h2:mem:45b5556d-59a6-4b5d-9e4c-bf0d5d1bf6f5;DB_CLOSE_DELAY=-1;DB_CLOSE_ON_EXIT=false', username='sa'
2018-05-30 17:45:38.740  INFO 608 --- [           main] o.s.jdbc.datasource.init.ScriptUtils     : Executing SQL script from URL [file:/root/workspace/ponchofiesta/kitodo-mediaserver/385755653/kitodo-mediaserver-core/target/classes/schema.sql]
2018-05-30 17:45:38.760  INFO 608 --- [           main] o.s.jdbc.datasource.init.ScriptUtils     : Executed SQL script from URL [file:/root/workspace/ponchofiesta/kitodo-mediaserver/385755653/kitodo-mediaserver-core/target/classes/schema.sql] in 20 ms.
2018-05-30 17:45:38.765  INFO 608 --- [           main] o.s.jdbc.datasource.init.ScriptUtils     : Executing SQL script from URL [file:/root/workspace/ponchofiesta/kitodo-mediaserver/385755653/kitodo-mediaserver-core/target/classes/data.sql]
2018-05-30 17:45:38.766  INFO 608 --- [           main] o.s.jdbc.datasource.init.ScriptUtils     : Executed SQL script from URL [file:/root/workspace/ponchofiesta/kitodo-mediaserver/385755653/kitodo-mediaserver-core/target/classes/data.sql] in 1 ms.
2018-05-30 17:45:38.824  INFO 608 --- [           main] j.LocalContainerEntityManagerFactoryBean : Building JPA container EntityManagerFactory for persistence unit 'default'
2018-05-30 17:45:38.824  INFO 608 --- [           main] o.hibernate.jpa.internal.util.LogHelper  : HHH000204: Processing PersistenceUnitInfo [
	name: default
	...]
2018-05-30 17:45:38.833  INFO 608 --- [           main] org.hibernate.dialect.Dialect            : HHH000400: Using dialect: org.hibernate.dialect.H2Dialect
Hibernate: drop table action_data if exists
Hibernate: drop table identifier if exists
Hibernate: drop table parameter if exists
Hibernate: drop table user if exists
Hibernate: drop table work if exists
Hibernate: create table action_data (id integer generated by default as identity, action_name varchar(255), end_time timestamp, request_time timestamp, start_time timestamp, work_id varchar(255) not null, primary key (id))
Hibernate: create table identifier (identifier varchar(255) not null, type varchar(255), work_id varchar(255) not null, primary key (identifier))
Hibernate: create table parameter (action_data_id integer not null, parameter varchar(255), parameter_key varchar(255) not null, primary key (action_data_id, parameter_key))
Hibernate: create table user (username varchar(255) not null, enabled boolean, name varchar(255), password varchar(60), primary key (username))
Hibernate: create table work (id varchar(255) not null, enabled boolean not null, path varchar(255), title varchar(255), primary key (id))
Hibernate: alter table action_data add constraint FKhauld9xvs8kr1uwnv0hy6ey0i foreign key (work_id) references work
Hibernate: alter table identifier add constraint FK1j790dbcrwm7popfo24ckd3yh foreign key (work_id) references work
Hibernate: alter table parameter add constraint FKit17rdxw4du6a0gh7tn18nq9p foreign key (action_data_id) references action_data
2018-05-30 17:45:38.918  INFO 608 --- [           main] o.h.t.schema.internal.SchemaCreatorImpl  : HHH000476: Executing import script 'org.hibernate.tool.schema.internal.exec.ScriptSourceInputNonExistentImpl@61db86bf'
2018-05-30 17:45:38.918  INFO 608 --- [           main] j.LocalContainerEntityManagerFactoryBean : Initialized JPA EntityManagerFactory for persistence unit 'default'
2018-05-30 17:45:39.270  INFO 608 --- [           main] o.s.s.web.DefaultSecurityFilterChain     : Creating filter chain: org.springframework.security.web.util.matcher.AnyRequestMatcher@1, [org.springframework.security.web.context.request.async.WebAsyncManagerIntegrationFilter@66863941, org.springframework.security.web.context.SecurityContextPersistenceFilter@2b6b487c, org.springframework.security.web.header.HeaderWriterFilter@6ec3a4c2, org.springframework.security.web.csrf.CsrfFilter@40ac0a56, org.springframework.security.web.authentication.logout.LogoutFilter@7d1cdeb1, org.springframework.security.web.authentication.UsernamePasswordAuthenticationFilter@578b2dec, org.springframework.security.web.savedrequest.RequestCacheAwareFilter@2d73767e, org.springframework.security.web.servletapi.SecurityContextHolderAwareRequestFilter@5e6522a6, org.springframework.security.web.authentication.AnonymousAuthenticationFilter@39f4a7c4, org.springframework.security.web.session.SessionManagementFilter@bb50de6, org.springframework.security.web.access.ExceptionTranslationFilter@25b4754a, org.springframework.security.web.access.intercept.FilterSecurityInterceptor@d512c1]
2018-05-30 17:45:39.284  WARN 608 --- [           main] aWebConfiguration$JpaWebMvcConfiguration : spring.jpa.open-in-view is enabled by default. Therefore, database queries may be performed during view rendering. Explicitly configure spring.jpa.open-in-view to disable this warning
2018-05-30 17:45:39.310  INFO 608 --- [           main] s.w.s.m.m.a.RequestMappingHandlerMapping : Mapped "{[/]}" onto public java.lang.String org.kitodo.mediaserver.ui.IndexController.index()
2018-05-30 17:45:39.311  INFO 608 --- [           main] s.w.s.m.m.a.RequestMappingHandlerMapping : Mapped "{[/jobs]}" onto public java.lang.String org.kitodo.mediaserver.ui.jobs.JobsController.jobs(org.springframework.ui.Model)
2018-05-30 17:45:39.311  INFO 608 --- [           main] s.w.s.m.m.a.RequestMappingHandlerMapping : Mapped "{[/status]}" onto public java.lang.String org.kitodo.mediaserver.ui.status.StatusController.status(org.springframework.ui.Model)
2018-05-30 17:45:39.313  INFO 608 --- [           main] s.w.s.m.m.a.RequestMappingHandlerMapping : Mapped "{[/users/{username}],methods=[GET]}" onto public java.lang.String org.kitodo.mediaserver.ui.users.UserController.editForm(org.springframework.ui.Model,java.lang.String)
2018-05-30 17:45:39.314  INFO 608 --- [           main] s.w.s.m.m.a.RequestMappingHandlerMapping : Mapped "{[/users/{username}],methods=[POST]}" onto public java.lang.String org.kitodo.mediaserver.ui.users.UserController.editSubmit(org.springframework.ui.Model,java.lang.String,org.kitodo.mediaserver.ui.users.UserDto,org.springframework.validation.BindingResult,java.security.Principal)
2018-05-30 17:45:39.314  INFO 608 --- [           main] s.w.s.m.m.a.RequestMappingHandlerMapping : Mapped "{[/users/{username}/delete],methods=[POST]}" onto public java.lang.String org.kitodo.mediaserver.ui.users.UserController.deleteSubmit(java.lang.String,org.springframework.web.servlet.mvc.support.RedirectAttributes,java.security.Principal)
2018-05-30 17:45:39.314  INFO 608 --- [           main] s.w.s.m.m.a.RequestMappingHandlerMapping : Mapped "{[/users/-new],methods=[GET]}" onto public java.lang.String org.kitodo.mediaserver.ui.users.UserController.createForm(org.springframework.ui.Model)
2018-05-30 17:45:39.315  INFO 608 --- [           main] s.w.s.m.m.a.RequestMappingHandlerMapping : Mapped "{[/users/-new],methods=[POST]}" onto public java.lang.String org.kitodo.mediaserver.ui.users.UserController.createSubmit(org.springframework.ui.Model,org.kitodo.mediaserver.ui.users.UserDto,org.springframework.validation.BindingResult)
2018-05-30 17:45:39.315  INFO 608 --- [           main] s.w.s.m.m.a.RequestMappingHandlerMapping : Mapped "{[/users]}" onto public java.lang.String org.kitodo.mediaserver.ui.users.UserController.list(org.springframework.ui.Model,java.lang.String)
2018-05-30 17:45:39.317  INFO 608 --- [           main] s.w.s.m.m.a.RequestMappingHandlerMapping : Mapped "{[/works/{id}/lockcomment],methods=[GET],produces=[application/json]}" onto public java.util.Map<java.lang.String, java.lang.String> org.kitodo.mediaserver.ui.works.WorkController.getLockComment(java.lang.String) throws org.kitodo.mediaserver.core.exceptions.WorkNotFoundException
2018-05-30 17:45:39.317  INFO 608 --- [           main] s.w.s.m.m.a.RequestMappingHandlerMapping : Mapped "{[/works/{id}],methods=[POST]}" onto public java.lang.String org.kitodo.mediaserver.ui.works.WorkController.edit(java.lang.String,java.lang.String,java.lang.String,org.springframework.web.servlet.mvc.support.RedirectAttributes)
2018-05-30 17:45:39.317  INFO 608 --- [           main] s.w.s.m.m.a.RequestMappingHandlerMapping : Mapped "{[/works/{id}/cache/delete],methods=[POST]}" onto public java.lang.String org.kitodo.mediaserver.ui.works.WorkController.cacheDelete(java.lang.String,org.springframework.web.servlet.mvc.support.RedirectAttributes)
2018-05-30 17:45:39.317  INFO 608 --- [           main] s.w.s.m.m.a.RequestMappingHandlerMapping : Mapped "{[/works]}" onto public java.lang.String org.kitodo.mediaserver.ui.works.WorkController.list(org.springframework.ui.Model,org.springframework.data.domain.Pageable,java.lang.String,java.lang.String)
2018-05-30 17:45:39.333  INFO 608 --- [           main] o.s.w.s.handler.SimpleUrlHandlerMapping  : Mapped URL path [/login] onto handler of type [class org.springframework.web.servlet.mvc.ParameterizableViewController]
2018-05-30 17:45:39.349  INFO 608 --- [           main] o.s.w.s.handler.SimpleUrlHandlerMapping  : Mapped URL path [/static/**] onto handler of type [class org.springframework.web.servlet.resource.ResourceHttpRequestHandler]
2018-05-30 17:45:39.384  INFO 608 --- [           main] s.w.s.m.m.a.RequestMappingHandlerAdapter : Looking for @ControllerAdvice: org.springframework.web.context.support.GenericWebApplicationContext@5db9f51f: startup date [Wed May 30 17:45:38 CEST 2018]; root of context hierarchy
2018-05-30 17:45:39.452  WARN 608 --- [           main] o.s.w.c.s.GenericWebApplicationContext   : Exception encountered during context initialization - cancelling refresh attempt: org.springframework.beans.factory.UnsatisfiedDependencyException: Error creating bean with name 'workLockAction': Unsatisfied dependency expressed through method 'setMediaServerUtils' parameter 0; nested exception is org.springframework.beans.factory.NoSuchBeanDefinitionException: No qualifying bean of type 'org.kitodo.mediaserver.core.util.MediaServerUtils' available: expected at least 1 bean which qualifies as autowire candidate. Dependency annotations: {}
2018-05-30 17:45:39.484  INFO 608 --- [           main] j.LocalContainerEntityManagerFactoryBean : Closing JPA EntityManagerFactory for persistence unit 'default'
2018-05-30 17:45:39.484  INFO 608 --- [           main] .SchemaDropperImpl$DelayedDropActionImpl : HHH000477: Starting delayed drop of schema as part of SessionFactory shut-down'
Hibernate: drop table action_data if exists
Hibernate: drop table identifier if exists
Hibernate: drop table parameter if exists
Hibernate: drop table user if exists
Hibernate: drop table work if exists
2018-05-30 17:45:39.502  INFO 608 --- [           main] ConditionEvaluationReportLoggingListener : 

Error starting ApplicationContext. To display the conditions report re-run your application with 'debug' enabled.
2018-05-30 17:45:39.558 ERROR 608 --- [           main] o.s.b.d.LoggingFailureAnalysisReporter   : 

***************************
APPLICATION FAILED TO START
***************************

Description:

Parameter 0 of method setMediaServerUtils in org.kitodo.mediaserver.core.actions.WorkLockAction required a bean of type 'org.kitodo.mediaserver.core.util.MediaServerUtils' that could not be found.


Action:

Consider defining a bean of type 'org.kitodo.mediaserver.core.util.MediaServerUtils' in your configuration.

2018-05-30 17:45:39.560 ERROR 608 --- [           main] o.s.test.context.TestContextManager      : Caught exception while allowing TestExecutionListener [org.springframework.test.context.web.ServletTestExecutionListener@5e5d171f] to prepare test instance [org.kitodo.mediaserver.ui.works.WorkControllerTest@3fe98084]

java.lang.IllegalStateException: Failed to load ApplicationContext
	at org.springframework.test.context.cache.DefaultCacheAwareContextLoaderDelegate.loadContext(DefaultCacheAwareContextLoaderDelegate.java:125) ~[spring-test-5.0.4.RELEASE.jar:5.0.4.RELEASE]
	at org.springframework.test.context.support.DefaultTestContext.getApplicationContext(DefaultTestContext.java:107) ~[spring-test-5.0.4.RELEASE.jar:5.0.4.RELEASE]
	at org.springframework.test.context.web.ServletTestExecutionListener.setUpRequestContextIfNecessary(ServletTestExecutionListener.java:190) ~[spring-test-5.0.4.RELEASE.jar:5.0.4.RELEASE]
	at org.springframework.test.context.web.ServletTestExecutionListener.prepareTestInstance(ServletTestExecutionListener.java:132) ~[spring-test-5.0.4.RELEASE.jar:5.0.4.RELEASE]
	at org.springframework.test.context.TestContextManager.prepareTestInstance(TestContextManager.java:242) ~[spring-test-5.0.4.RELEASE.jar:5.0.4.RELEASE]
	at org.springframework.test.context.junit4.SpringJUnit4ClassRunner.createTest(SpringJUnit4ClassRunner.java:227) [spring-test-5.0.4.RELEASE.jar:5.0.4.RELEASE]
	at org.springframework.test.context.junit4.SpringJUnit4ClassRunner$1.runReflectiveCall(SpringJUnit4ClassRunner.java:289) [spring-test-5.0.4.RELEASE.jar:5.0.4.RELEASE]
	at org.junit.internal.runners.model.ReflectiveCallable.run(ReflectiveCallable.java:12) [junit-4.12.jar:4.12]
	at org.springframework.test.context.junit4.SpringJUnit4ClassRunner.methodBlock(SpringJUnit4ClassRunner.java:291) [spring-test-5.0.4.RELEASE.jar:5.0.4.RELEASE]
	at org.springframework.test.context.junit4.SpringJUnit4ClassRunner.runChild(SpringJUnit4ClassRunner.java:246) [spring-test-5.0.4.RELEASE.jar:5.0.4.RELEASE]
	at org.springframework.test.context.junit4.SpringJUnit4ClassRunner.runChild(SpringJUnit4ClassRunner.java:97) [spring-test-5.0.4.RELEASE.jar:5.0.4.RELEASE]
	at org.junit.runners.ParentRunner$3.run(ParentRunner.java:290) [junit-4.12.jar:4.12]
	at org.junit.runners.ParentRunner$1.schedule(ParentRunner.java:71) [junit-4.12.jar:4.12]
	at org.junit.runners.ParentRunner.runChildren(ParentRunner.java:288) [junit-4.12.jar:4.12]
	at org.junit.runners.ParentRunner.access$000(ParentRunner.java:58) [junit-4.12.jar:4.12]
	at org.junit.runners.ParentRunner$2.evaluate(ParentRunner.java:268) [junit-4.12.jar:4.12]
	at org.springframework.test.context.junit4.statements.RunBeforeTestClassCallbacks.evaluate(RunBeforeTestClassCallbacks.java:61) [spring-test-5.0.4.RELEASE.jar:5.0.4.RELEASE]
	at org.springframework.test.context.junit4.statements.RunAfterTestClassCallbacks.evaluate(RunAfterTestClassCallbacks.java:70) [spring-test-5.0.4.RELEASE.jar:5.0.4.RELEASE]
	at org.junit.runners.ParentRunner.run(ParentRunner.java:363) [junit-4.12.jar:4.12]
	at org.springframework.test.context.junit4.SpringJUnit4ClassRunner.run(SpringJUnit4ClassRunner.java:190) [spring-test-5.0.4.RELEASE.jar:5.0.4.RELEASE]
	at org.apache.maven.surefire.junit4.JUnit4Provider.execute(JUnit4Provider.java:369) [surefire-junit4-2.20.1.jar:2.20.1]
	at org.apache.maven.surefire.junit4.JUnit4Provider.executeWithRerun(JUnit4Provider.java:275) [surefire-junit4-2.20.1.jar:2.20.1]
	at org.apache.maven.surefire.junit4.JUnit4Provider.executeTestSet(JUnit4Provider.java:239) [surefire-junit4-2.20.1.jar:2.20.1]
	at org.apache.maven.surefire.junit4.JUnit4Provider.invoke(JUnit4Provider.java:160) [surefire-junit4-2.20.1.jar:2.20.1]
	at org.apache.maven.surefire.booter.ForkedBooter.invokeProviderInSameClassLoader(ForkedBooter.java:373) [surefire-booter-2.20.1.jar:2.20.1]
	at org.apache.maven.surefire.booter.ForkedBooter.runSuitesInProcess(ForkedBooter.java:334) [surefire-booter-2.20.1.jar:2.20.1]
	at org.apache.maven.surefire.booter.ForkedBooter.execute(ForkedBooter.java:119) [surefire-booter-2.20.1.jar:2.20.1]
	at org.apache.maven.surefire.booter.ForkedBooter.main(ForkedBooter.java:407) [surefire-booter-2.20.1.jar:2.20.1]
Caused by: org.springframework.beans.factory.UnsatisfiedDependencyException: Error creating bean with name 'workLockAction': Unsatisfied dependency expressed through method 'setMediaServerUtils' parameter 0; nested exception is org.springframework.beans.factory.NoSuchBeanDefinitionException: No qualifying bean of type 'org.kitodo.mediaserver.core.util.MediaServerUtils' available: expected at least 1 bean which qualifies as autowire candidate. Dependency annotations: {}
	at org.springframework.beans.factory.annotation.AutowiredAnnotationBeanPostProcessor$AutowiredMethodElement.inject(AutowiredAnnotationBeanPostProcessor.java:668) ~[spring-beans-5.0.4.RELEASE.jar:5.0.4.RELEASE]
	at org.springframework.beans.factory.annotation.InjectionMetadata.inject(InjectionMetadata.java:91) ~[spring-beans-5.0.4.RELEASE.jar:5.0.4.RELEASE]
	at org.springframework.beans.factory.annotation.AutowiredAnnotationBeanPostProcessor.postProcessPropertyValues(AutowiredAnnotationBeanPostProcessor.java:373) ~[spring-beans-5.0.4.RELEASE.jar:5.0.4.RELEASE]
	at org.springframework.beans.factory.support.AbstractAutowireCapableBeanFactory.populateBean(AbstractAutowireCapableBeanFactory.java:1344) ~[spring-beans-5.0.4.RELEASE.jar:5.0.4.RELEASE]
	at org.springframework.beans.factory.support.AbstractAutowireCapableBeanFactory.doCreateBean(AbstractAutowireCapableBeanFactory.java:582) ~[spring-beans-5.0.4.RELEASE.jar:5.0.4.RELEASE]
	at org.springframework.beans.factory.support.AbstractAutowireCapableBeanFactory.createBean(AbstractAutowireCapableBeanFactory.java:502) ~[spring-beans-5.0.4.RELEASE.jar:5.0.4.RELEASE]
	at org.springframework.beans.factory.support.AbstractBeanFactory.lambda$doGetBean$0(AbstractBeanFactory.java:312) ~[spring-beans-5.0.4.RELEASE.jar:5.0.4.RELEASE]
	at org.springframework.beans.factory.support.DefaultSingletonBeanRegistry.getSingleton(DefaultSingletonBeanRegistry.java:228) ~[spring-beans-5.0.4.RELEASE.jar:5.0.4.RELEASE]
	at org.springframework.beans.factory.support.AbstractBeanFactory.doGetBean(AbstractBeanFactory.java:310) ~[spring-beans-5.0.4.RELEASE.jar:5.0.4.RELEASE]
	at org.springframework.beans.factory.support.AbstractBeanFactory.getBean(AbstractBeanFactory.java:200) ~[spring-beans-5.0.4.RELEASE.jar:5.0.4.RELEASE]
	at org.springframework.beans.factory.support.DefaultListableBeanFactory.preInstantiateSingletons(DefaultListableBeanFactory.java:760) ~[spring-beans-5.0.4.RELEASE.jar:5.0.4.RELEASE]
	at org.springframework.context.support.AbstractApplicationContext.finishBeanFactoryInitialization(AbstractApplicationContext.java:868) ~[spring-context-5.0.4.RELEASE.jar:5.0.4.RELEASE]
	at org.springframework.context.support.AbstractApplicationContext.refresh(AbstractApplicationContext.java:549) ~[spring-context-5.0.4.RELEASE.jar:5.0.4.RELEASE]
	at org.springframework.boot.SpringApplication.refresh(SpringApplication.java:752) ~[spring-boot-2.0.0.RELEASE.jar:2.0.0.RELEASE]
	at org.springframework.boot.SpringApplication.refreshContext(SpringApplication.java:388) ~[spring-boot-2.0.0.RELEASE.jar:2.0.0.RELEASE]
	at org.springframework.boot.SpringApplication.run(SpringApplication.java:327) ~[spring-boot-2.0.0.RELEASE.jar:2.0.0.RELEASE]
	at org.springframework.boot.test.context.SpringBootContextLoader.loadContext(SpringBootContextLoader.java:138) ~[spring-boot-test-2.0.0.RELEASE.jar:2.0.0.RELEASE]
	at org.springframework.test.context.cache.DefaultCacheAwareContextLoaderDelegate.loadContextInternal(DefaultCacheAwareContextLoaderDelegate.java:99) ~[spring-test-5.0.4.RELEASE.jar:5.0.4.RELEASE]
	at org.springframework.test.context.cache.DefaultCacheAwareContextLoaderDelegate.loadContext(DefaultCacheAwareContextLoaderDelegate.java:117) ~[spring-test-5.0.4.RELEASE.jar:5.0.4.RELEASE]
	... 27 common frames omitted
Caused by: org.springframework.beans.factory.NoSuchBeanDefinitionException: No qualifying bean of type 'org.kitodo.mediaserver.core.util.MediaServerUtils' available: expected at least 1 bean which qualifies as autowire candidate. Dependency annotations: {}
	at org.springframework.beans.factory.support.DefaultListableBeanFactory.raiseNoMatchingBeanFound(DefaultListableBeanFactory.java:1509) ~[spring-beans-5.0.4.RELEASE.jar:5.0.4.RELEASE]
	at org.springframework.beans.factory.support.DefaultListableBeanFactory.doResolveDependency(DefaultListableBeanFactory.java:1104) ~[spring-beans-5.0.4.RELEASE.jar:5.0.4.RELEASE]
	at org.springframework.beans.factory.support.DefaultListableBeanFactory.resolveDependency(DefaultListableBeanFactory.java:1065) ~[spring-beans-5.0.4.RELEASE.jar:5.0.4.RELEASE]
	at org.springframework.beans.factory.annotation.AutowiredAnnotationBeanPostProcessor$AutowiredMethodElement.inject(AutowiredAnnotationBeanPostProcessor.java:660) ~[spring-beans-5.0.4.RELEASE.jar:5.0.4.RELEASE]
	... 45 common frames omitted

]]></system-out>
  </testcase>
</testsuite>