<?xml version="1.0" encoding="UTF-8"?>
<testsuite xmlns:xsi="http://www.w3.org/2001/XMLSchema-instance" xsi:noNamespaceSchemaLocation="https://maven.apache.org/surefire/maven-surefire-plugin/xsd/surefire-test-report.xsd" name="org.EDM.Transformations.formats.topx.TOPX2EDMTest" time="0.334" tests="10" errors="0" skipped="0" failures="10">
  <properties>
    <property name="awt.toolkit" value="sun.awt.X11.XToolkit"/>
    <property name="file.encoding.pkg" value="sun.io"/>
    <property name="java.specification.version" value="1.8"/>
    <property name="sun.cpu.isalist" value=""/>
    <property name="sun.jnu.encoding" value="UTF-8"/>
    <property name="java.class.path" value="/root/workspace/CSUC/ECHOES-Tools/384796997/EDM-Transformations/target/test-classes:/root/workspace/CSUC/ECHOES-Tools/384796997/EDM-Transformations/target/classes:/root/./workspace/CSUC/ECHOES-Tools/384796997/.m2/junit/junit/4.12/junit-4.12.jar:/root/./workspace/CSUC/ECHOES-Tools/384796997/.m2/org/hamcrest/hamcrest-core/1.3/hamcrest-core-1.3.jar:/root/workspace/CSUC/ECHOES-Tools/384796997/Binding-Core/target/classes:/root/./workspace/CSUC/ECHOES-Tools/384796997/.m2/org/jibx/jibx-schema/1.2.6/jibx-schema-1.2.6.jar:/root/./workspace/CSUC/ECHOES-Tools/384796997/.m2/org/jibx/jibx-bind/1.2.6/jibx-bind-1.2.6.jar:/root/./workspace/CSUC/ECHOES-Tools/384796997/.m2/bcel/bcel/5.1/bcel-5.1.jar:/root/./workspace/CSUC/ECHOES-Tools/384796997/.m2/regexp/regexp/1.2/regexp-1.2.jar:/root/./workspace/CSUC/ECHOES-Tools/384796997/.m2/log4j/log4j/1.2.17/log4j-1.2.17.jar:/root/./workspace/CSUC/ECHOES-Tools/384796997/.m2/com/thoughtworks/qdox/qdox/1.12.1/qdox-1.12.1.jar:/root/workspace/CSUC/ECHOES-Tools/384796997/metadata-schema-definitions/metadata-schema-definitions-oaipmh/target/classes:/root/workspace/CSUC/ECHOES-Tools/384796997/metadata-schema-definitions/metadata-schema-definitions-oaidc/target/classes:/root/workspace/CSUC/ECHOES-Tools/384796997/metadata-schema-definitions/metadata-schema-definitions-a2a/target/classes:/root/workspace/CSUC/ECHOES-Tools/384796997/metadata-schema-definitions/metadata-schema-definitions-ead/target/classes:/root/workspace/CSUC/ECHOES-Tools/384796997/metadata-schema-definitions/metadata-schema-definitions-topx/target/classes:/root/workspace/CSUC/ECHOES-Tools/384796997/metadata-schema-definitions/metadata-schema-definitions-memorix/target/classes:/root/workspace/CSUC/ECHOES-Tools/384796997/corelib/corelib-edm-definitions/target/classes:/root/./workspace/CSUC/ECHOES-Tools/384796997/.m2/org/jibx/jibx-run/1.2.6/jibx-run-1.2.6.jar:/root/./workspace/CSUC/ECHOES-Tools/384796997/.m2/joda-time/joda-time/2.2/joda-time-2.2.jar:/root/./workspace/CSUC/ECHOES-Tools/384796997/.m2/xpp3/xpp3/1.1.3.4.O/xpp3-1.1.3.4.O.jar:/root/./workspace/CSUC/ECHOES-Tools/384796997/.m2/org/jibx/jibx-extras/1.2.6/jibx-extras-1.2.6.jar:/root/./workspace/CSUC/ECHOES-Tools/384796997/.m2/dom4j/dom4j/1.6.1/dom4j-1.6.1.jar:/root/./workspace/CSUC/ECHOES-Tools/384796997/.m2/xml-apis/xml-apis/1.0.b2/xml-apis-1.0.b2.jar:/root/./workspace/CSUC/ECHOES-Tools/384796997/.m2/org/jdom/jdom/1.1.3/jdom-1.1.3.jar:/root/./workspace/CSUC/ECHOES-Tools/384796997/.m2/org/apache/bcel/bcel/6.0/bcel-6.0.jar:/root/./workspace/CSUC/ECHOES-Tools/384796997/.m2/org/apache/logging/log4j/log4j-core/2.10.0/log4j-core-2.10.0.jar:/root/./workspace/CSUC/ECHOES-Tools/384796997/.m2/org/apache/logging/log4j/log4j-1.2-api/2.9.1/log4j-1.2-api-2.9.1.jar:/root/./workspace/CSUC/ECHOES-Tools/384796997/.m2/net/sf/saxon/Saxon-HE/9.8.0-6/Saxon-HE-9.8.0-6.jar:/root/./workspace/CSUC/ECHOES-Tools/384796997/.m2/org/apache/commons/commons-lang3/3.7/commons-lang3-3.7.jar:/root/./workspace/CSUC/ECHOES-Tools/384796997/.m2/org/apache/logging/log4j/log4j-iostreams/2.10.0/log4j-iostreams-2.10.0.jar:/root/./workspace/CSUC/ECHOES-Tools/384796997/.m2/org/apache/logging/log4j/log4j-api/2.10.0/log4j-api-2.10.0.jar:/root/./workspace/CSUC/ECHOES-Tools/384796997/.m2/com/neovisionaries/nv-i18n/1.13/nv-i18n-1.13.jar:"/>
    <property name="java.vm.vendor" value="Oracle Corporation"/>
    <property name="skip.bower" value="true"/>
    <property name="sun.arch.data.model" value="64"/>
    <property name="java.vendor.url" value="http://java.oracle.com/"/>
    <property name="user.timezone" value=""/>
    <property name="java.vm.specification.version" value="1.8"/>
    <property name="os.name" value="Linux"/>
    <property name="rat.skip" value="true"/>
    <property name="gpg.skip" value="true"/>
    <property name="sun.java.launcher" value="SUN_STANDARD"/>
    <property name="sun.boot.library.path" value="/usr/lib/jvm/java-8-openjdk-amd64/jre/lib/amd64"/>
    <property name="skip.gulp" value="true"/>
    <property name="sun.java.command" value="/root/workspace/CSUC/ECHOES-Tools/384796997/EDM-Transformations/target/surefire/surefirebooter8018648996863051104.jar /root/workspace/CSUC/ECHOES-Tools/384796997/EDM-Transformations/target/surefire 2018-05-28T17-43-29_144-jvmRun1 surefire4804551772437518517tmp surefire_5468155703917839740tmp"/>
    <property name="dependency-check.skip" value="true"/>
    <property name="surefire.test.class.path" value="/root/workspace/CSUC/ECHOES-Tools/384796997/EDM-Transformations/target/test-classes:/root/workspace/CSUC/ECHOES-Tools/384796997/EDM-Transformations/target/classes:/root/./workspace/CSUC/ECHOES-Tools/384796997/.m2/junit/junit/4.12/junit-4.12.jar:/root/./workspace/CSUC/ECHOES-Tools/384796997/.m2/org/hamcrest/hamcrest-core/1.3/hamcrest-core-1.3.jar:/root/workspace/CSUC/ECHOES-Tools/384796997/Binding-Core/target/classes:/root/./workspace/CSUC/ECHOES-Tools/384796997/.m2/org/jibx/jibx-schema/1.2.6/jibx-schema-1.2.6.jar:/root/./workspace/CSUC/ECHOES-Tools/384796997/.m2/org/jibx/jibx-bind/1.2.6/jibx-bind-1.2.6.jar:/root/./workspace/CSUC/ECHOES-Tools/384796997/.m2/bcel/bcel/5.1/bcel-5.1.jar:/root/./workspace/CSUC/ECHOES-Tools/384796997/.m2/regexp/regexp/1.2/regexp-1.2.jar:/root/./workspace/CSUC/ECHOES-Tools/384796997/.m2/log4j/log4j/1.2.17/log4j-1.2.17.jar:/root/./workspace/CSUC/ECHOES-Tools/384796997/.m2/com/thoughtworks/qdox/qdox/1.12.1/qdox-1.12.1.jar:/root/workspace/CSUC/ECHOES-Tools/384796997/metadata-schema-definitions/metadata-schema-definitions-oaipmh/target/classes:/root/workspace/CSUC/ECHOES-Tools/384796997/metadata-schema-definitions/metadata-schema-definitions-oaidc/target/classes:/root/workspace/CSUC/ECHOES-Tools/384796997/metadata-schema-definitions/metadata-schema-definitions-a2a/target/classes:/root/workspace/CSUC/ECHOES-Tools/384796997/metadata-schema-definitions/metadata-schema-definitions-ead/target/classes:/root/workspace/CSUC/ECHOES-Tools/384796997/metadata-schema-definitions/metadata-schema-definitions-topx/target/classes:/root/workspace/CSUC/ECHOES-Tools/384796997/metadata-schema-definitions/metadata-schema-definitions-memorix/target/classes:/root/workspace/CSUC/ECHOES-Tools/384796997/corelib/corelib-edm-definitions/target/classes:/root/./workspace/CSUC/ECHOES-Tools/384796997/.m2/org/jibx/jibx-run/1.2.6/jibx-run-1.2.6.jar:/root/./workspace/CSUC/ECHOES-Tools/384796997/.m2/joda-time/joda-time/2.2/joda-time-2.2.jar:/root/./workspace/CSUC/ECHOES-Tools/384796997/.m2/xpp3/xpp3/1.1.3.4.O/xpp3-1.1.3.4.O.jar:/root/./workspace/CSUC/ECHOES-Tools/384796997/.m2/org/jibx/jibx-extras/1.2.6/jibx-extras-1.2.6.jar:/root/./workspace/CSUC/ECHOES-Tools/384796997/.m2/dom4j/dom4j/1.6.1/dom4j-1.6.1.jar:/root/./workspace/CSUC/ECHOES-Tools/384796997/.m2/xml-apis/xml-apis/1.0.b2/xml-apis-1.0.b2.jar:/root/./workspace/CSUC/ECHOES-Tools/384796997/.m2/org/jdom/jdom/1.1.3/jdom-1.1.3.jar:/root/./workspace/CSUC/ECHOES-Tools/384796997/.m2/org/apache/bcel/bcel/6.0/bcel-6.0.jar:/root/./workspace/CSUC/ECHOES-Tools/384796997/.m2/org/apache/logging/log4j/log4j-core/2.10.0/log4j-core-2.10.0.jar:/root/./workspace/CSUC/ECHOES-Tools/384796997/.m2/org/apache/logging/log4j/log4j-1.2-api/2.9.1/log4j-1.2-api-2.9.1.jar:/root/./workspace/CSUC/ECHOES-Tools/384796997/.m2/net/sf/saxon/Saxon-HE/9.8.0-6/Saxon-HE-9.8.0-6.jar:/root/./workspace/CSUC/ECHOES-Tools/384796997/.m2/org/apache/commons/commons-lang3/3.7/commons-lang3-3.7.jar:/root/./workspace/CSUC/ECHOES-Tools/384796997/.m2/org/apache/logging/log4j/log4j-iostreams/2.10.0/log4j-iostreams-2.10.0.jar:/root/./workspace/CSUC/ECHOES-Tools/384796997/.m2/org/apache/logging/log4j/log4j-api/2.10.0/log4j-api-2.10.0.jar:/root/./workspace/CSUC/ECHOES-Tools/384796997/.m2/com/neovisionaries/nv-i18n/1.13/nv-i18n-1.13.jar:"/>
    <property name="sun.cpu.endian" value="little"/>
    <property name="user.home" value="/root"/>
    <property name="user.language" value="en"/>
    <property name="java.specification.vendor" value="Oracle Corporation"/>
    <property name="java.home" value="/usr/lib/jvm/java-8-openjdk-amd64/jre"/>
    <property name="basedir" value="/root/workspace/CSUC/ECHOES-Tools/384796997/EDM-Transformations"/>
    <property name="file.separator" value="/"/>
    <property name="checkstyle.skip" value="true"/>
    <property name="line.separator" value="&#10;"/>
    <property name="skip.npm" value="true"/>
    <property name="java.vm.specification.vendor" value="Oracle Corporation"/>
    <property name="java.specification.name" value="Java Platform API Specification"/>
    <property name="java.awt.graphicsenv" value="sun.awt.X11GraphicsEnvironment"/>
    <property name="skipITs" value="true"/>
    <property name="surefire.real.class.path" value="/root/workspace/CSUC/ECHOES-Tools/384796997/EDM-Transformations/target/surefire/surefirebooter8018648996863051104.jar"/>
    <property name="cobertura.skip" value="true"/>
    <property name="sun.boot.class.path" value="/usr/lib/jvm/java-8-openjdk-amd64/jre/lib/resources.jar:/usr/lib/jvm/java-8-openjdk-amd64/jre/lib/rt.jar:/usr/lib/jvm/java-8-openjdk-amd64/jre/lib/sunrsasign.jar:/usr/lib/jvm/java-8-openjdk-amd64/jre/lib/jsse.jar:/usr/lib/jvm/java-8-openjdk-amd64/jre/lib/jce.jar:/usr/lib/jvm/java-8-openjdk-amd64/jre/lib/charsets.jar:/usr/lib/jvm/java-8-openjdk-amd64/jre/lib/jfr.jar:/usr/lib/jvm/java-8-openjdk-amd64/jre/classes"/>
    <property name="sun.management.compiler" value="HotSpot 64-Bit Tiered Compilers"/>
    <property name="java.runtime.version" value="1.8.0_121-8u121-b13-1~bpo8+1-b13"/>
    <property name="user.name" value="root"/>
    <property name="findbugs.skip" value="true"/>
    <property name="path.separator" value=":"/>
    <property name="os.version" value="3.10.0-862.2.3.el7.x86_64"/>
    <property name="java.endorsed.dirs" value="/usr/lib/jvm/java-8-openjdk-amd64/jre/lib/endorsed"/>
    <property name="java.runtime.name" value="OpenJDK Runtime Environment"/>
    <property name="file.encoding" value="UTF-8"/>
    <property name="java.vm.name" value="OpenJDK 64-Bit Server VM"/>
    <property name="localRepository" value="/root/./workspace/CSUC/ECHOES-Tools/384796997/.m2"/>
    <property name="java.vendor.url.bug" value="http://bugreport.sun.com/bugreport/"/>
    <property name="java.io.tmpdir" value="/tmp"/>
    <property name="java.version" value="1.8.0_121"/>
    <property name="user.dir" value="/root/workspace/CSUC/ECHOES-Tools/384796997/EDM-Transformations"/>
    <property name="os.arch" value="amd64"/>
    <property name="license.skip" value="true"/>
    <property name="java.vm.specification.name" value="Java Virtual Machine Specification"/>
    <property name="java.awt.printerjob" value="sun.print.PSPrinterJob"/>
    <property name="sun.os.patch.level" value="unknown"/>
    <property name="java.library.path" value="/usr/java/packages/lib/amd64:/usr/lib/x86_64-linux-gnu/jni:/lib/x86_64-linux-gnu:/usr/lib/x86_64-linux-gnu:/usr/lib/jni:/lib:/usr/lib"/>
    <property name="java.vm.info" value="mixed mode"/>
    <property name="java.vendor" value="Oracle Corporation"/>
    <property name="java.vm.version" value="25.121-b13"/>
    <property name="java.ext.dirs" value="/usr/lib/jvm/java-8-openjdk-amd64/jre/lib/ext:/usr/java/packages/lib/ext"/>
    <property name="sun.io.unicode.encoding" value="UnicodeLittle"/>
    <property name="maven.repo.local" value="/root/./workspace/CSUC/ECHOES-Tools/384796997/.m2"/>
    <property name="enforcer.skip" value="true"/>
    <property name="java.class.version" value="52.0"/>
  </properties>
  <testcase name="validateSchema1" classname="org.EDM.Transformations.formats.topx.TOPX2EDMTest" time="0.079">
    <failure type="java.lang.AssertionError">java.lang.AssertionError
	at org.EDM.Transformations.formats.topx.TOPX2EDMTest.setUp(TOPX2EDMTest.java:37)
</failure>
    <system-out><![CDATA[17:43:53.597 [main] ERROR org.csuc.deserialize.JaxbUnmarshal - JaxbUnmarshal file com.sun.xml.internal.bind.v2.runtime.IllegalAnnotationsException: 4 counts of IllegalAnnotationExceptions
Two classes have the same XML type name "lang". Use @XmlType.name and @XmlType.namespace to assign different names to them.
	this problem is related to the following location:
		at eu.europeana.corelib.definitions.jibx.LiteralType$Lang
		at public eu.europeana.corelib.definitions.jibx.LiteralType$Lang eu.europeana.corelib.definitions.jibx.LiteralType.getLang()
		at eu.europeana.corelib.definitions.jibx.LiteralType
		at eu.europeana.corelib.definitions.jibx.AltLabel
		at public java.util.List eu.europeana.corelib.definitions.jibx.AgentType.getAltLabelList()
		at eu.europeana.corelib.definitions.jibx.AgentType
		at public eu.europeana.corelib.definitions.jibx.AgentType eu.europeana.corelib.definitions.jibx.RDF$Choice.getAgent()
		at eu.europeana.corelib.definitions.jibx.RDF$Choice
		at public java.util.List eu.europeana.corelib.definitions.jibx.RDF.getChoiceList()
		at eu.europeana.corelib.definitions.jibx.RDF
		at org.EDM.Transformations.formats.topx.TOPX2EDM
	this problem is related to the following location:
		at eu.europeana.corelib.definitions.jibx.ResourceOrLiteralType$Lang
		at public eu.europeana.corelib.definitions.jibx.ResourceOrLiteralType$Lang eu.europeana.corelib.definitions.jibx.ResourceOrLiteralType.getLang()
		at eu.europeana.corelib.definitions.jibx.ResourceOrLiteralType
		at eu.europeana.corelib.definitions.jibx.Date
		at public java.util.List eu.europeana.corelib.definitions.jibx.AgentType.getDateList()
		at eu.europeana.corelib.definitions.jibx.AgentType
		at public eu.europeana.corelib.definitions.jibx.AgentType eu.europeana.corelib.definitions.jibx.RDF$Choice.getAgent()
		at eu.europeana.corelib.definitions.jibx.RDF$Choice
		at public java.util.List eu.europeana.corelib.definitions.jibx.RDF.getChoiceList()
		at eu.europeana.corelib.definitions.jibx.RDF
		at org.EDM.Transformations.formats.topx.TOPX2EDM
Two classes have the same XML type name "date". Use @XmlType.name and @XmlType.namespace to assign different names to them.
	this problem is related to the following location:
		at eu.europeana.corelib.definitions.jibx.Date
		at public java.util.List eu.europeana.corelib.definitions.jibx.AgentType.getDateList()
		at eu.europeana.corelib.definitions.jibx.AgentType
		at public eu.europeana.corelib.definitions.jibx.AgentType eu.europeana.corelib.definitions.jibx.RDF$Choice.getAgent()
		at eu.europeana.corelib.definitions.jibx.RDF$Choice
		at public java.util.List eu.europeana.corelib.definitions.jibx.RDF.getChoiceList()
		at eu.europeana.corelib.definitions.jibx.RDF
		at org.EDM.Transformations.formats.topx.TOPX2EDM
	this problem is related to the following location:
		at java.sql.Date
		at public java.sql.Date eu.europeana.corelib.definitions.jibx.DateType.getDate()
		at eu.europeana.corelib.definitions.jibx.DateType
		at public eu.europeana.corelib.definitions.jibx.DateType eu.europeana.corelib.definitions.jibx.License.getDeprecatedOn()
		at eu.europeana.corelib.definitions.jibx.License
		at public eu.europeana.corelib.definitions.jibx.License eu.europeana.corelib.definitions.jibx.RDF$Choice.getLicense()
		at eu.europeana.corelib.definitions.jibx.RDF$Choice
		at public java.util.List eu.europeana.corelib.definitions.jibx.RDF.getChoiceList()
		at eu.europeana.corelib.definitions.jibx.RDF
		at org.EDM.Transformations.formats.topx.TOPX2EDM
Two classes have the same XML type name "choice". Use @XmlType.name and @XmlType.namespace to assign different names to them.
	this problem is related to the following location:
		at eu.europeana.corelib.definitions.jibx.Concept$Choice
		at public java.util.List eu.europeana.corelib.definitions.jibx.Concept.getChoiceList()
		at eu.europeana.corelib.definitions.jibx.Concept
		at public eu.europeana.corelib.definitions.jibx.Concept eu.europeana.corelib.definitions.jibx.RDF$Choice.getConcept()
		at eu.europeana.corelib.definitions.jibx.RDF$Choice
		at public java.util.List eu.europeana.corelib.definitions.jibx.RDF.getChoiceList()
		at eu.europeana.corelib.definitions.jibx.RDF
		at org.EDM.Transformations.formats.topx.TOPX2EDM
	this problem is related to the following location:
		at eu.europeana.corelib.definitions.jibx.EuropeanaType$Choice
		at public java.util.List eu.europeana.corelib.definitions.jibx.EuropeanaType.getChoiceList()
		at eu.europeana.corelib.definitions.jibx.EuropeanaType
		at eu.europeana.corelib.definitions.jibx.BaseProvidedCHOType
		at eu.europeana.corelib.definitions.jibx.ProvidedCHOType
		at public eu.europeana.corelib.definitions.jibx.ProvidedCHOType eu.europeana.corelib.definitions.jibx.RDF$Choice.getProvidedCHO()
		at eu.europeana.corelib.definitions.jibx.RDF$Choice
		at public java.util.List eu.europeana.corelib.definitions.jibx.RDF.getChoiceList()
		at eu.europeana.corelib.definitions.jibx.RDF
		at org.EDM.Transformations.formats.topx.TOPX2EDM
Two classes have the same XML type name "choice". Use @XmlType.name and @XmlType.namespace to assign different names to them.
	this problem is related to the following location:
		at eu.europeana.corelib.definitions.jibx.EuropeanaType$Choice
		at public java.util.List eu.europeana.corelib.definitions.jibx.EuropeanaType.getChoiceList()
		at eu.europeana.corelib.definitions.jibx.EuropeanaType
		at eu.europeana.corelib.definitions.jibx.BaseProvidedCHOType
		at eu.europeana.corelib.definitions.jibx.ProvidedCHOType
		at public eu.europeana.corelib.definitions.jibx.ProvidedCHOType eu.europeana.corelib.definitions.jibx.RDF$Choice.getProvidedCHO()
		at eu.europeana.corelib.definitions.jibx.RDF$Choice
		at public java.util.List eu.europeana.corelib.definitions.jibx.RDF.getChoiceList()
		at eu.europeana.corelib.definitions.jibx.RDF
		at org.EDM.Transformations.formats.topx.TOPX2EDM
	this problem is related to the following location:
		at eu.europeana.corelib.definitions.jibx.RDF$Choice
		at public java.util.List eu.europeana.corelib.definitions.jibx.RDF.getChoiceList()
		at eu.europeana.corelib.definitions.jibx.RDF
		at org.EDM.Transformations.formats.topx.TOPX2EDM

]]></system-out>
  </testcase>
  <testcase name="validateSchema2" classname="org.EDM.Transformations.formats.topx.TOPX2EDMTest" time="0.027">
    <failure type="java.lang.AssertionError">java.lang.AssertionError
	at org.EDM.Transformations.formats.topx.TOPX2EDMTest.setUp(TOPX2EDMTest.java:37)
</failure>
    <system-out><![CDATA[17:43:53.630 [main] ERROR org.csuc.deserialize.JaxbUnmarshal - JaxbUnmarshal file com.sun.xml.internal.bind.v2.runtime.IllegalAnnotationsException: 4 counts of IllegalAnnotationExceptions
Two classes have the same XML type name "lang". Use @XmlType.name and @XmlType.namespace to assign different names to them.
	this problem is related to the following location:
		at eu.europeana.corelib.definitions.jibx.LiteralType$Lang
		at public eu.europeana.corelib.definitions.jibx.LiteralType$Lang eu.europeana.corelib.definitions.jibx.LiteralType.getLang()
		at eu.europeana.corelib.definitions.jibx.LiteralType
		at eu.europeana.corelib.definitions.jibx.AltLabel
		at public java.util.List eu.europeana.corelib.definitions.jibx.AgentType.getAltLabelList()
		at eu.europeana.corelib.definitions.jibx.AgentType
		at public eu.europeana.corelib.definitions.jibx.AgentType eu.europeana.corelib.definitions.jibx.RDF$Choice.getAgent()
		at eu.europeana.corelib.definitions.jibx.RDF$Choice
		at public java.util.List eu.europeana.corelib.definitions.jibx.RDF.getChoiceList()
		at eu.europeana.corelib.definitions.jibx.RDF
		at org.EDM.Transformations.formats.topx.TOPX2EDM
	this problem is related to the following location:
		at eu.europeana.corelib.definitions.jibx.ResourceOrLiteralType$Lang
		at public eu.europeana.corelib.definitions.jibx.ResourceOrLiteralType$Lang eu.europeana.corelib.definitions.jibx.ResourceOrLiteralType.getLang()
		at eu.europeana.corelib.definitions.jibx.ResourceOrLiteralType
		at eu.europeana.corelib.definitions.jibx.Date
		at public java.util.List eu.europeana.corelib.definitions.jibx.AgentType.getDateList()
		at eu.europeana.corelib.definitions.jibx.AgentType
		at public eu.europeana.corelib.definitions.jibx.AgentType eu.europeana.corelib.definitions.jibx.RDF$Choice.getAgent()
		at eu.europeana.corelib.definitions.jibx.RDF$Choice
		at public java.util.List eu.europeana.corelib.definitions.jibx.RDF.getChoiceList()
		at eu.europeana.corelib.definitions.jibx.RDF
		at org.EDM.Transformations.formats.topx.TOPX2EDM
Two classes have the same XML type name "date". Use @XmlType.name and @XmlType.namespace to assign different names to them.
	this problem is related to the following location:
		at eu.europeana.corelib.definitions.jibx.Date
		at public java.util.List eu.europeana.corelib.definitions.jibx.AgentType.getDateList()
		at eu.europeana.corelib.definitions.jibx.AgentType
		at public eu.europeana.corelib.definitions.jibx.AgentType eu.europeana.corelib.definitions.jibx.RDF$Choice.getAgent()
		at eu.europeana.corelib.definitions.jibx.RDF$Choice
		at public java.util.List eu.europeana.corelib.definitions.jibx.RDF.getChoiceList()
		at eu.europeana.corelib.definitions.jibx.RDF
		at org.EDM.Transformations.formats.topx.TOPX2EDM
	this problem is related to the following location:
		at java.sql.Date
		at public java.sql.Date eu.europeana.corelib.definitions.jibx.DateType.getDate()
		at eu.europeana.corelib.definitions.jibx.DateType
		at public eu.europeana.corelib.definitions.jibx.DateType eu.europeana.corelib.definitions.jibx.License.getDeprecatedOn()
		at eu.europeana.corelib.definitions.jibx.License
		at public eu.europeana.corelib.definitions.jibx.License eu.europeana.corelib.definitions.jibx.RDF$Choice.getLicense()
		at eu.europeana.corelib.definitions.jibx.RDF$Choice
		at public java.util.List eu.europeana.corelib.definitions.jibx.RDF.getChoiceList()
		at eu.europeana.corelib.definitions.jibx.RDF
		at org.EDM.Transformations.formats.topx.TOPX2EDM
Two classes have the same XML type name "choice". Use @XmlType.name and @XmlType.namespace to assign different names to them.
	this problem is related to the following location:
		at eu.europeana.corelib.definitions.jibx.Concept$Choice
		at public java.util.List eu.europeana.corelib.definitions.jibx.Concept.getChoiceList()
		at eu.europeana.corelib.definitions.jibx.Concept
		at public eu.europeana.corelib.definitions.jibx.Concept eu.europeana.corelib.definitions.jibx.RDF$Choice.getConcept()
		at eu.europeana.corelib.definitions.jibx.RDF$Choice
		at public java.util.List eu.europeana.corelib.definitions.jibx.RDF.getChoiceList()
		at eu.europeana.corelib.definitions.jibx.RDF
		at org.EDM.Transformations.formats.topx.TOPX2EDM
	this problem is related to the following location:
		at eu.europeana.corelib.definitions.jibx.EuropeanaType$Choice
		at public java.util.List eu.europeana.corelib.definitions.jibx.EuropeanaType.getChoiceList()
		at eu.europeana.corelib.definitions.jibx.EuropeanaType
		at eu.europeana.corelib.definitions.jibx.BaseProvidedCHOType
		at eu.europeana.corelib.definitions.jibx.ProvidedCHOType
		at public eu.europeana.corelib.definitions.jibx.ProvidedCHOType eu.europeana.corelib.definitions.jibx.RDF$Choice.getProvidedCHO()
		at eu.europeana.corelib.definitions.jibx.RDF$Choice
		at public java.util.List eu.europeana.corelib.definitions.jibx.RDF.getChoiceList()
		at eu.europeana.corelib.definitions.jibx.RDF
		at org.EDM.Transformations.formats.topx.TOPX2EDM
Two classes have the same XML type name "choice". Use @XmlType.name and @XmlType.namespace to assign different names to them.
	this problem is related to the following location:
		at eu.europeana.corelib.definitions.jibx.EuropeanaType$Choice
		at public java.util.List eu.europeana.corelib.definitions.jibx.EuropeanaType.getChoiceList()
		at eu.europeana.corelib.definitions.jibx.EuropeanaType
		at eu.europeana.corelib.definitions.jibx.BaseProvidedCHOType
		at eu.europeana.corelib.definitions.jibx.ProvidedCHOType
		at public eu.europeana.corelib.definitions.jibx.ProvidedCHOType eu.europeana.corelib.definitions.jibx.RDF$Choice.getProvidedCHO()
		at eu.europeana.corelib.definitions.jibx.RDF$Choice
		at public java.util.List eu.europeana.corelib.definitions.jibx.RDF.getChoiceList()
		at eu.europeana.corelib.definitions.jibx.RDF
		at org.EDM.Transformations.formats.topx.TOPX2EDM
	this problem is related to the following location:
		at eu.europeana.corelib.definitions.jibx.RDF$Choice
		at public java.util.List eu.europeana.corelib.definitions.jibx.RDF.getChoiceList()
		at eu.europeana.corelib.definitions.jibx.RDF
		at org.EDM.Transformations.formats.topx.TOPX2EDM

]]></system-out>
  </testcase>
  <testcase name="validateSchema3" classname="org.EDM.Transformations.formats.topx.TOPX2EDMTest" time="0.026">
    <failure type="java.lang.AssertionError">java.lang.AssertionError
	at org.EDM.Transformations.formats.topx.TOPX2EDMTest.setUp(TOPX2EDMTest.java:37)
</failure>
    <system-out><![CDATA[17:43:53.657 [main] ERROR org.csuc.deserialize.JaxbUnmarshal - JaxbUnmarshal file com.sun.xml.internal.bind.v2.runtime.IllegalAnnotationsException: 4 counts of IllegalAnnotationExceptions
Two classes have the same XML type name "lang". Use @XmlType.name and @XmlType.namespace to assign different names to them.
	this problem is related to the following location:
		at eu.europeana.corelib.definitions.jibx.LiteralType$Lang
		at public eu.europeana.corelib.definitions.jibx.LiteralType$Lang eu.europeana.corelib.definitions.jibx.LiteralType.getLang()
		at eu.europeana.corelib.definitions.jibx.LiteralType
		at eu.europeana.corelib.definitions.jibx.AltLabel
		at public java.util.List eu.europeana.corelib.definitions.jibx.AgentType.getAltLabelList()
		at eu.europeana.corelib.definitions.jibx.AgentType
		at public eu.europeana.corelib.definitions.jibx.AgentType eu.europeana.corelib.definitions.jibx.RDF$Choice.getAgent()
		at eu.europeana.corelib.definitions.jibx.RDF$Choice
		at public java.util.List eu.europeana.corelib.definitions.jibx.RDF.getChoiceList()
		at eu.europeana.corelib.definitions.jibx.RDF
		at org.EDM.Transformations.formats.topx.TOPX2EDM
	this problem is related to the following location:
		at eu.europeana.corelib.definitions.jibx.ResourceOrLiteralType$Lang
		at public eu.europeana.corelib.definitions.jibx.ResourceOrLiteralType$Lang eu.europeana.corelib.definitions.jibx.ResourceOrLiteralType.getLang()
		at eu.europeana.corelib.definitions.jibx.ResourceOrLiteralType
		at eu.europeana.corelib.definitions.jibx.Date
		at public java.util.List eu.europeana.corelib.definitions.jibx.AgentType.getDateList()
		at eu.europeana.corelib.definitions.jibx.AgentType
		at public eu.europeana.corelib.definitions.jibx.AgentType eu.europeana.corelib.definitions.jibx.RDF$Choice.getAgent()
		at eu.europeana.corelib.definitions.jibx.RDF$Choice
		at public java.util.List eu.europeana.corelib.definitions.jibx.RDF.getChoiceList()
		at eu.europeana.corelib.definitions.jibx.RDF
		at org.EDM.Transformations.formats.topx.TOPX2EDM
Two classes have the same XML type name "date". Use @XmlType.name and @XmlType.namespace to assign different names to them.
	this problem is related to the following location:
		at eu.europeana.corelib.definitions.jibx.Date
		at public java.util.List eu.europeana.corelib.definitions.jibx.AgentType.getDateList()
		at eu.europeana.corelib.definitions.jibx.AgentType
		at public eu.europeana.corelib.definitions.jibx.AgentType eu.europeana.corelib.definitions.jibx.RDF$Choice.getAgent()
		at eu.europeana.corelib.definitions.jibx.RDF$Choice
		at public java.util.List eu.europeana.corelib.definitions.jibx.RDF.getChoiceList()
		at eu.europeana.corelib.definitions.jibx.RDF
		at org.EDM.Transformations.formats.topx.TOPX2EDM
	this problem is related to the following location:
		at java.sql.Date
		at public java.sql.Date eu.europeana.corelib.definitions.jibx.DateType.getDate()
		at eu.europeana.corelib.definitions.jibx.DateType
		at public eu.europeana.corelib.definitions.jibx.DateType eu.europeana.corelib.definitions.jibx.License.getDeprecatedOn()
		at eu.europeana.corelib.definitions.jibx.License
		at public eu.europeana.corelib.definitions.jibx.License eu.europeana.corelib.definitions.jibx.RDF$Choice.getLicense()
		at eu.europeana.corelib.definitions.jibx.RDF$Choice
		at public java.util.List eu.europeana.corelib.definitions.jibx.RDF.getChoiceList()
		at eu.europeana.corelib.definitions.jibx.RDF
		at org.EDM.Transformations.formats.topx.TOPX2EDM
Two classes have the same XML type name "choice". Use @XmlType.name and @XmlType.namespace to assign different names to them.
	this problem is related to the following location:
		at eu.europeana.corelib.definitions.jibx.Concept$Choice
		at public java.util.List eu.europeana.corelib.definitions.jibx.Concept.getChoiceList()
		at eu.europeana.corelib.definitions.jibx.Concept
		at public eu.europeana.corelib.definitions.jibx.Concept eu.europeana.corelib.definitions.jibx.RDF$Choice.getConcept()
		at eu.europeana.corelib.definitions.jibx.RDF$Choice
		at public java.util.List eu.europeana.corelib.definitions.jibx.RDF.getChoiceList()
		at eu.europeana.corelib.definitions.jibx.RDF
		at org.EDM.Transformations.formats.topx.TOPX2EDM
	this problem is related to the following location:
		at eu.europeana.corelib.definitions.jibx.EuropeanaType$Choice
		at public java.util.List eu.europeana.corelib.definitions.jibx.EuropeanaType.getChoiceList()
		at eu.europeana.corelib.definitions.jibx.EuropeanaType
		at eu.europeana.corelib.definitions.jibx.BaseProvidedCHOType
		at eu.europeana.corelib.definitions.jibx.ProvidedCHOType
		at public eu.europeana.corelib.definitions.jibx.ProvidedCHOType eu.europeana.corelib.definitions.jibx.RDF$Choice.getProvidedCHO()
		at eu.europeana.corelib.definitions.jibx.RDF$Choice
		at public java.util.List eu.europeana.corelib.definitions.jibx.RDF.getChoiceList()
		at eu.europeana.corelib.definitions.jibx.RDF
		at org.EDM.Transformations.formats.topx.TOPX2EDM
Two classes have the same XML type name "choice". Use @XmlType.name and @XmlType.namespace to assign different names to them.
	this problem is related to the following location:
		at eu.europeana.corelib.definitions.jibx.EuropeanaType$Choice
		at public java.util.List eu.europeana.corelib.definitions.jibx.EuropeanaType.getChoiceList()
		at eu.europeana.corelib.definitions.jibx.EuropeanaType
		at eu.europeana.corelib.definitions.jibx.BaseProvidedCHOType
		at eu.europeana.corelib.definitions.jibx.ProvidedCHOType
		at public eu.europeana.corelib.definitions.jibx.ProvidedCHOType eu.europeana.corelib.definitions.jibx.RDF$Choice.getProvidedCHO()
		at eu.europeana.corelib.definitions.jibx.RDF$Choice
		at public java.util.List eu.europeana.corelib.definitions.jibx.RDF.getChoiceList()
		at eu.europeana.corelib.definitions.jibx.RDF
		at org.EDM.Transformations.formats.topx.TOPX2EDM
	this problem is related to the following location:
		at eu.europeana.corelib.definitions.jibx.RDF$Choice
		at public java.util.List eu.europeana.corelib.definitions.jibx.RDF.getChoiceList()
		at eu.europeana.corelib.definitions.jibx.RDF
		at org.EDM.Transformations.formats.topx.TOPX2EDM

]]></system-out>
  </testcase>
  <testcase name="transformation" classname="org.EDM.Transformations.formats.topx.TOPX2EDMTest" time="0.04">
    <failure type="java.lang.AssertionError">java.lang.AssertionError
	at org.EDM.Transformations.formats.topx.TOPX2EDMTest.setUp(TOPX2EDMTest.java:37)
</failure>
    <system-out><![CDATA[17:43:53.695 [main] ERROR org.csuc.deserialize.JaxbUnmarshal - JaxbUnmarshal file com.sun.xml.internal.bind.v2.runtime.IllegalAnnotationsException: 4 counts of IllegalAnnotationExceptions
Two classes have the same XML type name "lang". Use @XmlType.name and @XmlType.namespace to assign different names to them.
	this problem is related to the following location:
		at eu.europeana.corelib.definitions.jibx.LiteralType$Lang
		at public eu.europeana.corelib.definitions.jibx.LiteralType$Lang eu.europeana.corelib.definitions.jibx.LiteralType.getLang()
		at eu.europeana.corelib.definitions.jibx.LiteralType
		at eu.europeana.corelib.definitions.jibx.AltLabel
		at public java.util.List eu.europeana.corelib.definitions.jibx.AgentType.getAltLabelList()
		at eu.europeana.corelib.definitions.jibx.AgentType
		at public eu.europeana.corelib.definitions.jibx.AgentType eu.europeana.corelib.definitions.jibx.RDF$Choice.getAgent()
		at eu.europeana.corelib.definitions.jibx.RDF$Choice
		at public java.util.List eu.europeana.corelib.definitions.jibx.RDF.getChoiceList()
		at eu.europeana.corelib.definitions.jibx.RDF
		at org.EDM.Transformations.formats.topx.TOPX2EDM
	this problem is related to the following location:
		at eu.europeana.corelib.definitions.jibx.ResourceOrLiteralType$Lang
		at public eu.europeana.corelib.definitions.jibx.ResourceOrLiteralType$Lang eu.europeana.corelib.definitions.jibx.ResourceOrLiteralType.getLang()
		at eu.europeana.corelib.definitions.jibx.ResourceOrLiteralType
		at eu.europeana.corelib.definitions.jibx.Date
		at public java.util.List eu.europeana.corelib.definitions.jibx.AgentType.getDateList()
		at eu.europeana.corelib.definitions.jibx.AgentType
		at public eu.europeana.corelib.definitions.jibx.AgentType eu.europeana.corelib.definitions.jibx.RDF$Choice.getAgent()
		at eu.europeana.corelib.definitions.jibx.RDF$Choice
		at public java.util.List eu.europeana.corelib.definitions.jibx.RDF.getChoiceList()
		at eu.europeana.corelib.definitions.jibx.RDF
		at org.EDM.Transformations.formats.topx.TOPX2EDM
Two classes have the same XML type name "date". Use @XmlType.name and @XmlType.namespace to assign different names to them.
	this problem is related to the following location:
		at eu.europeana.corelib.definitions.jibx.Date
		at public java.util.List eu.europeana.corelib.definitions.jibx.AgentType.getDateList()
		at eu.europeana.corelib.definitions.jibx.AgentType
		at public eu.europeana.corelib.definitions.jibx.AgentType eu.europeana.corelib.definitions.jibx.RDF$Choice.getAgent()
		at eu.europeana.corelib.definitions.jibx.RDF$Choice
		at public java.util.List eu.europeana.corelib.definitions.jibx.RDF.getChoiceList()
		at eu.europeana.corelib.definitions.jibx.RDF
		at org.EDM.Transformations.formats.topx.TOPX2EDM
	this problem is related to the following location:
		at java.sql.Date
		at public java.sql.Date eu.europeana.corelib.definitions.jibx.DateType.getDate()
		at eu.europeana.corelib.definitions.jibx.DateType
		at public eu.europeana.corelib.definitions.jibx.DateType eu.europeana.corelib.definitions.jibx.License.getDeprecatedOn()
		at eu.europeana.corelib.definitions.jibx.License
		at public eu.europeana.corelib.definitions.jibx.License eu.europeana.corelib.definitions.jibx.RDF$Choice.getLicense()
		at eu.europeana.corelib.definitions.jibx.RDF$Choice
		at public java.util.List eu.europeana.corelib.definitions.jibx.RDF.getChoiceList()
		at eu.europeana.corelib.definitions.jibx.RDF
		at org.EDM.Transformations.formats.topx.TOPX2EDM
Two classes have the same XML type name "choice". Use @XmlType.name and @XmlType.namespace to assign different names to them.
	this problem is related to the following location:
		at eu.europeana.corelib.definitions.jibx.Concept$Choice
		at public java.util.List eu.europeana.corelib.definitions.jibx.Concept.getChoiceList()
		at eu.europeana.corelib.definitions.jibx.Concept
		at public eu.europeana.corelib.definitions.jibx.Concept eu.europeana.corelib.definitions.jibx.RDF$Choice.getConcept()
		at eu.europeana.corelib.definitions.jibx.RDF$Choice
		at public java.util.List eu.europeana.corelib.definitions.jibx.RDF.getChoiceList()
		at eu.europeana.corelib.definitions.jibx.RDF
		at org.EDM.Transformations.formats.topx.TOPX2EDM
	this problem is related to the following location:
		at eu.europeana.corelib.definitions.jibx.EuropeanaType$Choice
		at public java.util.List eu.europeana.corelib.definitions.jibx.EuropeanaType.getChoiceList()
		at eu.europeana.corelib.definitions.jibx.EuropeanaType
		at eu.europeana.corelib.definitions.jibx.BaseProvidedCHOType
		at eu.europeana.corelib.definitions.jibx.ProvidedCHOType
		at public eu.europeana.corelib.definitions.jibx.ProvidedCHOType eu.europeana.corelib.definitions.jibx.RDF$Choice.getProvidedCHO()
		at eu.europeana.corelib.definitions.jibx.RDF$Choice
		at public java.util.List eu.europeana.corelib.definitions.jibx.RDF.getChoiceList()
		at eu.europeana.corelib.definitions.jibx.RDF
		at org.EDM.Transformations.formats.topx.TOPX2EDM
Two classes have the same XML type name "choice". Use @XmlType.name and @XmlType.namespace to assign different names to them.
	this problem is related to the following location:
		at eu.europeana.corelib.definitions.jibx.EuropeanaType$Choice
		at public java.util.List eu.europeana.corelib.definitions.jibx.EuropeanaType.getChoiceList()
		at eu.europeana.corelib.definitions.jibx.EuropeanaType
		at eu.europeana.corelib.definitions.jibx.BaseProvidedCHOType
		at eu.europeana.corelib.definitions.jibx.ProvidedCHOType
		at public eu.europeana.corelib.definitions.jibx.ProvidedCHOType eu.europeana.corelib.definitions.jibx.RDF$Choice.getProvidedCHO()
		at eu.europeana.corelib.definitions.jibx.RDF$Choice
		at public java.util.List eu.europeana.corelib.definitions.jibx.RDF.getChoiceList()
		at eu.europeana.corelib.definitions.jibx.RDF
		at org.EDM.Transformations.formats.topx.TOPX2EDM
	this problem is related to the following location:
		at eu.europeana.corelib.definitions.jibx.RDF$Choice
		at public java.util.List eu.europeana.corelib.definitions.jibx.RDF.getChoiceList()
		at eu.europeana.corelib.definitions.jibx.RDF
		at org.EDM.Transformations.formats.topx.TOPX2EDM

]]></system-out>
  </testcase>
  <testcase name="modify" classname="org.EDM.Transformations.formats.topx.TOPX2EDMTest" time="0.036">
    <failure type="java.lang.AssertionError">java.lang.AssertionError
	at org.EDM.Transformations.formats.topx.TOPX2EDMTest.setUp(TOPX2EDMTest.java:37)
</failure>
    <system-out><![CDATA[17:43:53.733 [main] ERROR org.csuc.deserialize.JaxbUnmarshal - JaxbUnmarshal file com.sun.xml.internal.bind.v2.runtime.IllegalAnnotationsException: 4 counts of IllegalAnnotationExceptions
Two classes have the same XML type name "lang". Use @XmlType.name and @XmlType.namespace to assign different names to them.
	this problem is related to the following location:
		at eu.europeana.corelib.definitions.jibx.LiteralType$Lang
		at public eu.europeana.corelib.definitions.jibx.LiteralType$Lang eu.europeana.corelib.definitions.jibx.LiteralType.getLang()
		at eu.europeana.corelib.definitions.jibx.LiteralType
		at eu.europeana.corelib.definitions.jibx.AltLabel
		at public java.util.List eu.europeana.corelib.definitions.jibx.AgentType.getAltLabelList()
		at eu.europeana.corelib.definitions.jibx.AgentType
		at public eu.europeana.corelib.definitions.jibx.AgentType eu.europeana.corelib.definitions.jibx.RDF$Choice.getAgent()
		at eu.europeana.corelib.definitions.jibx.RDF$Choice
		at public java.util.List eu.europeana.corelib.definitions.jibx.RDF.getChoiceList()
		at eu.europeana.corelib.definitions.jibx.RDF
		at org.EDM.Transformations.formats.topx.TOPX2EDM
	this problem is related to the following location:
		at eu.europeana.corelib.definitions.jibx.ResourceOrLiteralType$Lang
		at public eu.europeana.corelib.definitions.jibx.ResourceOrLiteralType$Lang eu.europeana.corelib.definitions.jibx.ResourceOrLiteralType.getLang()
		at eu.europeana.corelib.definitions.jibx.ResourceOrLiteralType
		at eu.europeana.corelib.definitions.jibx.Date
		at public java.util.List eu.europeana.corelib.definitions.jibx.AgentType.getDateList()
		at eu.europeana.corelib.definitions.jibx.AgentType
		at public eu.europeana.corelib.definitions.jibx.AgentType eu.europeana.corelib.definitions.jibx.RDF$Choice.getAgent()
		at eu.europeana.corelib.definitions.jibx.RDF$Choice
		at public java.util.List eu.europeana.corelib.definitions.jibx.RDF.getChoiceList()
		at eu.europeana.corelib.definitions.jibx.RDF
		at org.EDM.Transformations.formats.topx.TOPX2EDM
Two classes have the same XML type name "date". Use @XmlType.name and @XmlType.namespace to assign different names to them.
	this problem is related to the following location:
		at eu.europeana.corelib.definitions.jibx.Date
		at public java.util.List eu.europeana.corelib.definitions.jibx.AgentType.getDateList()
		at eu.europeana.corelib.definitions.jibx.AgentType
		at public eu.europeana.corelib.definitions.jibx.AgentType eu.europeana.corelib.definitions.jibx.RDF$Choice.getAgent()
		at eu.europeana.corelib.definitions.jibx.RDF$Choice
		at public java.util.List eu.europeana.corelib.definitions.jibx.RDF.getChoiceList()
		at eu.europeana.corelib.definitions.jibx.RDF
		at org.EDM.Transformations.formats.topx.TOPX2EDM
	this problem is related to the following location:
		at java.sql.Date
		at public java.sql.Date eu.europeana.corelib.definitions.jibx.DateType.getDate()
		at eu.europeana.corelib.definitions.jibx.DateType
		at public eu.europeana.corelib.definitions.jibx.DateType eu.europeana.corelib.definitions.jibx.License.getDeprecatedOn()
		at eu.europeana.corelib.definitions.jibx.License
		at public eu.europeana.corelib.definitions.jibx.License eu.europeana.corelib.definitions.jibx.RDF$Choice.getLicense()
		at eu.europeana.corelib.definitions.jibx.RDF$Choice
		at public java.util.List eu.europeana.corelib.definitions.jibx.RDF.getChoiceList()
		at eu.europeana.corelib.definitions.jibx.RDF
		at org.EDM.Transformations.formats.topx.TOPX2EDM
Two classes have the same XML type name "choice". Use @XmlType.name and @XmlType.namespace to assign different names to them.
	this problem is related to the following location:
		at eu.europeana.corelib.definitions.jibx.Concept$Choice
		at public java.util.List eu.europeana.corelib.definitions.jibx.Concept.getChoiceList()
		at eu.europeana.corelib.definitions.jibx.Concept
		at public eu.europeana.corelib.definitions.jibx.Concept eu.europeana.corelib.definitions.jibx.RDF$Choice.getConcept()
		at eu.europeana.corelib.definitions.jibx.RDF$Choice
		at public java.util.List eu.europeana.corelib.definitions.jibx.RDF.getChoiceList()
		at eu.europeana.corelib.definitions.jibx.RDF
		at org.EDM.Transformations.formats.topx.TOPX2EDM
	this problem is related to the following location:
		at eu.europeana.corelib.definitions.jibx.EuropeanaType$Choice
		at public java.util.List eu.europeana.corelib.definitions.jibx.EuropeanaType.getChoiceList()
		at eu.europeana.corelib.definitions.jibx.EuropeanaType
		at eu.europeana.corelib.definitions.jibx.BaseProvidedCHOType
		at eu.europeana.corelib.definitions.jibx.ProvidedCHOType
		at public eu.europeana.corelib.definitions.jibx.ProvidedCHOType eu.europeana.corelib.definitions.jibx.RDF$Choice.getProvidedCHO()
		at eu.europeana.corelib.definitions.jibx.RDF$Choice
		at public java.util.List eu.europeana.corelib.definitions.jibx.RDF.getChoiceList()
		at eu.europeana.corelib.definitions.jibx.RDF
		at org.EDM.Transformations.formats.topx.TOPX2EDM
Two classes have the same XML type name "choice". Use @XmlType.name and @XmlType.namespace to assign different names to them.
	this problem is related to the following location:
		at eu.europeana.corelib.definitions.jibx.EuropeanaType$Choice
		at public java.util.List eu.europeana.corelib.definitions.jibx.EuropeanaType.getChoiceList()
		at eu.europeana.corelib.definitions.jibx.EuropeanaType
		at eu.europeana.corelib.definitions.jibx.BaseProvidedCHOType
		at eu.europeana.corelib.definitions.jibx.ProvidedCHOType
		at public eu.europeana.corelib.definitions.jibx.ProvidedCHOType eu.europeana.corelib.definitions.jibx.RDF$Choice.getProvidedCHO()
		at eu.europeana.corelib.definitions.jibx.RDF$Choice
		at public java.util.List eu.europeana.corelib.definitions.jibx.RDF.getChoiceList()
		at eu.europeana.corelib.definitions.jibx.RDF
		at org.EDM.Transformations.formats.topx.TOPX2EDM
	this problem is related to the following location:
		at eu.europeana.corelib.definitions.jibx.RDF$Choice
		at public java.util.List eu.europeana.corelib.definitions.jibx.RDF.getChoiceList()
		at eu.europeana.corelib.definitions.jibx.RDF
		at org.EDM.Transformations.formats.topx.TOPX2EDM

]]></system-out>
  </testcase>
  <testcase name="validateSchema" classname="org.EDM.Transformations.formats.topx.TOPX2EDMTest" time="0.028">
    <failure type="java.lang.AssertionError">java.lang.AssertionError
	at org.EDM.Transformations.formats.topx.TOPX2EDMTest.setUp(TOPX2EDMTest.java:37)
</failure>
    <system-out><![CDATA[17:43:53.760 [main] ERROR org.csuc.deserialize.JaxbUnmarshal - JaxbUnmarshal file com.sun.xml.internal.bind.v2.runtime.IllegalAnnotationsException: 4 counts of IllegalAnnotationExceptions
Two classes have the same XML type name "lang". Use @XmlType.name and @XmlType.namespace to assign different names to them.
	this problem is related to the following location:
		at eu.europeana.corelib.definitions.jibx.LiteralType$Lang
		at public eu.europeana.corelib.definitions.jibx.LiteralType$Lang eu.europeana.corelib.definitions.jibx.LiteralType.getLang()
		at eu.europeana.corelib.definitions.jibx.LiteralType
		at eu.europeana.corelib.definitions.jibx.AltLabel
		at public java.util.List eu.europeana.corelib.definitions.jibx.AgentType.getAltLabelList()
		at eu.europeana.corelib.definitions.jibx.AgentType
		at public eu.europeana.corelib.definitions.jibx.AgentType eu.europeana.corelib.definitions.jibx.RDF$Choice.getAgent()
		at eu.europeana.corelib.definitions.jibx.RDF$Choice
		at public java.util.List eu.europeana.corelib.definitions.jibx.RDF.getChoiceList()
		at eu.europeana.corelib.definitions.jibx.RDF
		at org.EDM.Transformations.formats.topx.TOPX2EDM
	this problem is related to the following location:
		at eu.europeana.corelib.definitions.jibx.ResourceOrLiteralType$Lang
		at public eu.europeana.corelib.definitions.jibx.ResourceOrLiteralType$Lang eu.europeana.corelib.definitions.jibx.ResourceOrLiteralType.getLang()
		at eu.europeana.corelib.definitions.jibx.ResourceOrLiteralType
		at eu.europeana.corelib.definitions.jibx.Date
		at public java.util.List eu.europeana.corelib.definitions.jibx.AgentType.getDateList()
		at eu.europeana.corelib.definitions.jibx.AgentType
		at public eu.europeana.corelib.definitions.jibx.AgentType eu.europeana.corelib.definitions.jibx.RDF$Choice.getAgent()
		at eu.europeana.corelib.definitions.jibx.RDF$Choice
		at public java.util.List eu.europeana.corelib.definitions.jibx.RDF.getChoiceList()
		at eu.europeana.corelib.definitions.jibx.RDF
		at org.EDM.Transformations.formats.topx.TOPX2EDM
Two classes have the same XML type name "date". Use @XmlType.name and @XmlType.namespace to assign different names to them.
	this problem is related to the following location:
		at eu.europeana.corelib.definitions.jibx.Date
		at public java.util.List eu.europeana.corelib.definitions.jibx.AgentType.getDateList()
		at eu.europeana.corelib.definitions.jibx.AgentType
		at public eu.europeana.corelib.definitions.jibx.AgentType eu.europeana.corelib.definitions.jibx.RDF$Choice.getAgent()
		at eu.europeana.corelib.definitions.jibx.RDF$Choice
		at public java.util.List eu.europeana.corelib.definitions.jibx.RDF.getChoiceList()
		at eu.europeana.corelib.definitions.jibx.RDF
		at org.EDM.Transformations.formats.topx.TOPX2EDM
	this problem is related to the following location:
		at java.sql.Date
		at public java.sql.Date eu.europeana.corelib.definitions.jibx.DateType.getDate()
		at eu.europeana.corelib.definitions.jibx.DateType
		at public eu.europeana.corelib.definitions.jibx.DateType eu.europeana.corelib.definitions.jibx.License.getDeprecatedOn()
		at eu.europeana.corelib.definitions.jibx.License
		at public eu.europeana.corelib.definitions.jibx.License eu.europeana.corelib.definitions.jibx.RDF$Choice.getLicense()
		at eu.europeana.corelib.definitions.jibx.RDF$Choice
		at public java.util.List eu.europeana.corelib.definitions.jibx.RDF.getChoiceList()
		at eu.europeana.corelib.definitions.jibx.RDF
		at org.EDM.Transformations.formats.topx.TOPX2EDM
Two classes have the same XML type name "choice". Use @XmlType.name and @XmlType.namespace to assign different names to them.
	this problem is related to the following location:
		at eu.europeana.corelib.definitions.jibx.Concept$Choice
		at public java.util.List eu.europeana.corelib.definitions.jibx.Concept.getChoiceList()
		at eu.europeana.corelib.definitions.jibx.Concept
		at public eu.europeana.corelib.definitions.jibx.Concept eu.europeana.corelib.definitions.jibx.RDF$Choice.getConcept()
		at eu.europeana.corelib.definitions.jibx.RDF$Choice
		at public java.util.List eu.europeana.corelib.definitions.jibx.RDF.getChoiceList()
		at eu.europeana.corelib.definitions.jibx.RDF
		at org.EDM.Transformations.formats.topx.TOPX2EDM
	this problem is related to the following location:
		at eu.europeana.corelib.definitions.jibx.EuropeanaType$Choice
		at public java.util.List eu.europeana.corelib.definitions.jibx.EuropeanaType.getChoiceList()
		at eu.europeana.corelib.definitions.jibx.EuropeanaType
		at eu.europeana.corelib.definitions.jibx.BaseProvidedCHOType
		at eu.europeana.corelib.definitions.jibx.ProvidedCHOType
		at public eu.europeana.corelib.definitions.jibx.ProvidedCHOType eu.europeana.corelib.definitions.jibx.RDF$Choice.getProvidedCHO()
		at eu.europeana.corelib.definitions.jibx.RDF$Choice
		at public java.util.List eu.europeana.corelib.definitions.jibx.RDF.getChoiceList()
		at eu.europeana.corelib.definitions.jibx.RDF
		at org.EDM.Transformations.formats.topx.TOPX2EDM
Two classes have the same XML type name "choice". Use @XmlType.name and @XmlType.namespace to assign different names to them.
	this problem is related to the following location:
		at eu.europeana.corelib.definitions.jibx.EuropeanaType$Choice
		at public java.util.List eu.europeana.corelib.definitions.jibx.EuropeanaType.getChoiceList()
		at eu.europeana.corelib.definitions.jibx.EuropeanaType
		at eu.europeana.corelib.definitions.jibx.BaseProvidedCHOType
		at eu.europeana.corelib.definitions.jibx.ProvidedCHOType
		at public eu.europeana.corelib.definitions.jibx.ProvidedCHOType eu.europeana.corelib.definitions.jibx.RDF$Choice.getProvidedCHO()
		at eu.europeana.corelib.definitions.jibx.RDF$Choice
		at public java.util.List eu.europeana.corelib.definitions.jibx.RDF.getChoiceList()
		at eu.europeana.corelib.definitions.jibx.RDF
		at org.EDM.Transformations.formats.topx.TOPX2EDM
	this problem is related to the following location:
		at eu.europeana.corelib.definitions.jibx.RDF$Choice
		at public java.util.List eu.europeana.corelib.definitions.jibx.RDF.getChoiceList()
		at eu.europeana.corelib.definitions.jibx.RDF
		at org.EDM.Transformations.formats.topx.TOPX2EDM

]]></system-out>
  </testcase>
  <testcase name="transformation1" classname="org.EDM.Transformations.formats.topx.TOPX2EDMTest" time="0.032">
    <failure type="java.lang.AssertionError">java.lang.AssertionError
	at org.EDM.Transformations.formats.topx.TOPX2EDMTest.setUp(TOPX2EDMTest.java:37)
</failure>
    <system-out><![CDATA[17:43:53.792 [main] ERROR org.csuc.deserialize.JaxbUnmarshal - JaxbUnmarshal file com.sun.xml.internal.bind.v2.runtime.IllegalAnnotationsException: 4 counts of IllegalAnnotationExceptions
Two classes have the same XML type name "lang". Use @XmlType.name and @XmlType.namespace to assign different names to them.
	this problem is related to the following location:
		at eu.europeana.corelib.definitions.jibx.LiteralType$Lang
		at public eu.europeana.corelib.definitions.jibx.LiteralType$Lang eu.europeana.corelib.definitions.jibx.LiteralType.getLang()
		at eu.europeana.corelib.definitions.jibx.LiteralType
		at eu.europeana.corelib.definitions.jibx.AltLabel
		at public java.util.List eu.europeana.corelib.definitions.jibx.AgentType.getAltLabelList()
		at eu.europeana.corelib.definitions.jibx.AgentType
		at public eu.europeana.corelib.definitions.jibx.AgentType eu.europeana.corelib.definitions.jibx.RDF$Choice.getAgent()
		at eu.europeana.corelib.definitions.jibx.RDF$Choice
		at public java.util.List eu.europeana.corelib.definitions.jibx.RDF.getChoiceList()
		at eu.europeana.corelib.definitions.jibx.RDF
		at org.EDM.Transformations.formats.topx.TOPX2EDM
	this problem is related to the following location:
		at eu.europeana.corelib.definitions.jibx.ResourceOrLiteralType$Lang
		at public eu.europeana.corelib.definitions.jibx.ResourceOrLiteralType$Lang eu.europeana.corelib.definitions.jibx.ResourceOrLiteralType.getLang()
		at eu.europeana.corelib.definitions.jibx.ResourceOrLiteralType
		at eu.europeana.corelib.definitions.jibx.Date
		at public java.util.List eu.europeana.corelib.definitions.jibx.AgentType.getDateList()
		at eu.europeana.corelib.definitions.jibx.AgentType
		at public eu.europeana.corelib.definitions.jibx.AgentType eu.europeana.corelib.definitions.jibx.RDF$Choice.getAgent()
		at eu.europeana.corelib.definitions.jibx.RDF$Choice
		at public java.util.List eu.europeana.corelib.definitions.jibx.RDF.getChoiceList()
		at eu.europeana.corelib.definitions.jibx.RDF
		at org.EDM.Transformations.formats.topx.TOPX2EDM
Two classes have the same XML type name "date". Use @XmlType.name and @XmlType.namespace to assign different names to them.
	this problem is related to the following location:
		at eu.europeana.corelib.definitions.jibx.Date
		at public java.util.List eu.europeana.corelib.definitions.jibx.AgentType.getDateList()
		at eu.europeana.corelib.definitions.jibx.AgentType
		at public eu.europeana.corelib.definitions.jibx.AgentType eu.europeana.corelib.definitions.jibx.RDF$Choice.getAgent()
		at eu.europeana.corelib.definitions.jibx.RDF$Choice
		at public java.util.List eu.europeana.corelib.definitions.jibx.RDF.getChoiceList()
		at eu.europeana.corelib.definitions.jibx.RDF
		at org.EDM.Transformations.formats.topx.TOPX2EDM
	this problem is related to the following location:
		at java.sql.Date
		at public java.sql.Date eu.europeana.corelib.definitions.jibx.DateType.getDate()
		at eu.europeana.corelib.definitions.jibx.DateType
		at public eu.europeana.corelib.definitions.jibx.DateType eu.europeana.corelib.definitions.jibx.License.getDeprecatedOn()
		at eu.europeana.corelib.definitions.jibx.License
		at public eu.europeana.corelib.definitions.jibx.License eu.europeana.corelib.definitions.jibx.RDF$Choice.getLicense()
		at eu.europeana.corelib.definitions.jibx.RDF$Choice
		at public java.util.List eu.europeana.corelib.definitions.jibx.RDF.getChoiceList()
		at eu.europeana.corelib.definitions.jibx.RDF
		at org.EDM.Transformations.formats.topx.TOPX2EDM
Two classes have the same XML type name "choice". Use @XmlType.name and @XmlType.namespace to assign different names to them.
	this problem is related to the following location:
		at eu.europeana.corelib.definitions.jibx.Concept$Choice
		at public java.util.List eu.europeana.corelib.definitions.jibx.Concept.getChoiceList()
		at eu.europeana.corelib.definitions.jibx.Concept
		at public eu.europeana.corelib.definitions.jibx.Concept eu.europeana.corelib.definitions.jibx.RDF$Choice.getConcept()
		at eu.europeana.corelib.definitions.jibx.RDF$Choice
		at public java.util.List eu.europeana.corelib.definitions.jibx.RDF.getChoiceList()
		at eu.europeana.corelib.definitions.jibx.RDF
		at org.EDM.Transformations.formats.topx.TOPX2EDM
	this problem is related to the following location:
		at eu.europeana.corelib.definitions.jibx.EuropeanaType$Choice
		at public java.util.List eu.europeana.corelib.definitions.jibx.EuropeanaType.getChoiceList()
		at eu.europeana.corelib.definitions.jibx.EuropeanaType
		at eu.europeana.corelib.definitions.jibx.BaseProvidedCHOType
		at eu.europeana.corelib.definitions.jibx.ProvidedCHOType
		at public eu.europeana.corelib.definitions.jibx.ProvidedCHOType eu.europeana.corelib.definitions.jibx.RDF$Choice.getProvidedCHO()
		at eu.europeana.corelib.definitions.jibx.RDF$Choice
		at public java.util.List eu.europeana.corelib.definitions.jibx.RDF.getChoiceList()
		at eu.europeana.corelib.definitions.jibx.RDF
		at org.EDM.Transformations.formats.topx.TOPX2EDM
Two classes have the same XML type name "choice". Use @XmlType.name and @XmlType.namespace to assign different names to them.
	this problem is related to the following location:
		at eu.europeana.corelib.definitions.jibx.EuropeanaType$Choice
		at public java.util.List eu.europeana.corelib.definitions.jibx.EuropeanaType.getChoiceList()
		at eu.europeana.corelib.definitions.jibx.EuropeanaType
		at eu.europeana.corelib.definitions.jibx.BaseProvidedCHOType
		at eu.europeana.corelib.definitions.jibx.ProvidedCHOType
		at public eu.europeana.corelib.definitions.jibx.ProvidedCHOType eu.europeana.corelib.definitions.jibx.RDF$Choice.getProvidedCHO()
		at eu.europeana.corelib.definitions.jibx.RDF$Choice
		at public java.util.List eu.europeana.corelib.definitions.jibx.RDF.getChoiceList()
		at eu.europeana.corelib.definitions.jibx.RDF
		at org.EDM.Transformations.formats.topx.TOPX2EDM
	this problem is related to the following location:
		at eu.europeana.corelib.definitions.jibx.RDF$Choice
		at public java.util.List eu.europeana.corelib.definitions.jibx.RDF.getChoiceList()
		at eu.europeana.corelib.definitions.jibx.RDF
		at org.EDM.Transformations.formats.topx.TOPX2EDM

]]></system-out>
  </testcase>
  <testcase name="creation1" classname="org.EDM.Transformations.formats.topx.TOPX2EDMTest" time="0.027">
    <failure type="java.lang.AssertionError">java.lang.AssertionError
	at org.EDM.Transformations.formats.topx.TOPX2EDMTest.setUp(TOPX2EDMTest.java:37)
</failure>
    <system-out><![CDATA[17:43:53.819 [main] ERROR org.csuc.deserialize.JaxbUnmarshal - JaxbUnmarshal file com.sun.xml.internal.bind.v2.runtime.IllegalAnnotationsException: 4 counts of IllegalAnnotationExceptions
Two classes have the same XML type name "lang". Use @XmlType.name and @XmlType.namespace to assign different names to them.
	this problem is related to the following location:
		at eu.europeana.corelib.definitions.jibx.LiteralType$Lang
		at public eu.europeana.corelib.definitions.jibx.LiteralType$Lang eu.europeana.corelib.definitions.jibx.LiteralType.getLang()
		at eu.europeana.corelib.definitions.jibx.LiteralType
		at eu.europeana.corelib.definitions.jibx.AltLabel
		at public java.util.List eu.europeana.corelib.definitions.jibx.AgentType.getAltLabelList()
		at eu.europeana.corelib.definitions.jibx.AgentType
		at public eu.europeana.corelib.definitions.jibx.AgentType eu.europeana.corelib.definitions.jibx.RDF$Choice.getAgent()
		at eu.europeana.corelib.definitions.jibx.RDF$Choice
		at public java.util.List eu.europeana.corelib.definitions.jibx.RDF.getChoiceList()
		at eu.europeana.corelib.definitions.jibx.RDF
		at org.EDM.Transformations.formats.topx.TOPX2EDM
	this problem is related to the following location:
		at eu.europeana.corelib.definitions.jibx.ResourceOrLiteralType$Lang
		at public eu.europeana.corelib.definitions.jibx.ResourceOrLiteralType$Lang eu.europeana.corelib.definitions.jibx.ResourceOrLiteralType.getLang()
		at eu.europeana.corelib.definitions.jibx.ResourceOrLiteralType
		at eu.europeana.corelib.definitions.jibx.Date
		at public java.util.List eu.europeana.corelib.definitions.jibx.AgentType.getDateList()
		at eu.europeana.corelib.definitions.jibx.AgentType
		at public eu.europeana.corelib.definitions.jibx.AgentType eu.europeana.corelib.definitions.jibx.RDF$Choice.getAgent()
		at eu.europeana.corelib.definitions.jibx.RDF$Choice
		at public java.util.List eu.europeana.corelib.definitions.jibx.RDF.getChoiceList()
		at eu.europeana.corelib.definitions.jibx.RDF
		at org.EDM.Transformations.formats.topx.TOPX2EDM
Two classes have the same XML type name "date". Use @XmlType.name and @XmlType.namespace to assign different names to them.
	this problem is related to the following location:
		at eu.europeana.corelib.definitions.jibx.Date
		at public java.util.List eu.europeana.corelib.definitions.jibx.AgentType.getDateList()
		at eu.europeana.corelib.definitions.jibx.AgentType
		at public eu.europeana.corelib.definitions.jibx.AgentType eu.europeana.corelib.definitions.jibx.RDF$Choice.getAgent()
		at eu.europeana.corelib.definitions.jibx.RDF$Choice
		at public java.util.List eu.europeana.corelib.definitions.jibx.RDF.getChoiceList()
		at eu.europeana.corelib.definitions.jibx.RDF
		at org.EDM.Transformations.formats.topx.TOPX2EDM
	this problem is related to the following location:
		at java.sql.Date
		at public java.sql.Date eu.europeana.corelib.definitions.jibx.DateType.getDate()
		at eu.europeana.corelib.definitions.jibx.DateType
		at public eu.europeana.corelib.definitions.jibx.DateType eu.europeana.corelib.definitions.jibx.License.getDeprecatedOn()
		at eu.europeana.corelib.definitions.jibx.License
		at public eu.europeana.corelib.definitions.jibx.License eu.europeana.corelib.definitions.jibx.RDF$Choice.getLicense()
		at eu.europeana.corelib.definitions.jibx.RDF$Choice
		at public java.util.List eu.europeana.corelib.definitions.jibx.RDF.getChoiceList()
		at eu.europeana.corelib.definitions.jibx.RDF
		at org.EDM.Transformations.formats.topx.TOPX2EDM
Two classes have the same XML type name "choice". Use @XmlType.name and @XmlType.namespace to assign different names to them.
	this problem is related to the following location:
		at eu.europeana.corelib.definitions.jibx.Concept$Choice
		at public java.util.List eu.europeana.corelib.definitions.jibx.Concept.getChoiceList()
		at eu.europeana.corelib.definitions.jibx.Concept
		at public eu.europeana.corelib.definitions.jibx.Concept eu.europeana.corelib.definitions.jibx.RDF$Choice.getConcept()
		at eu.europeana.corelib.definitions.jibx.RDF$Choice
		at public java.util.List eu.europeana.corelib.definitions.jibx.RDF.getChoiceList()
		at eu.europeana.corelib.definitions.jibx.RDF
		at org.EDM.Transformations.formats.topx.TOPX2EDM
	this problem is related to the following location:
		at eu.europeana.corelib.definitions.jibx.EuropeanaType$Choice
		at public java.util.List eu.europeana.corelib.definitions.jibx.EuropeanaType.getChoiceList()
		at eu.europeana.corelib.definitions.jibx.EuropeanaType
		at eu.europeana.corelib.definitions.jibx.BaseProvidedCHOType
		at eu.europeana.corelib.definitions.jibx.ProvidedCHOType
		at public eu.europeana.corelib.definitions.jibx.ProvidedCHOType eu.europeana.corelib.definitions.jibx.RDF$Choice.getProvidedCHO()
		at eu.europeana.corelib.definitions.jibx.RDF$Choice
		at public java.util.List eu.europeana.corelib.definitions.jibx.RDF.getChoiceList()
		at eu.europeana.corelib.definitions.jibx.RDF
		at org.EDM.Transformations.formats.topx.TOPX2EDM
Two classes have the same XML type name "choice". Use @XmlType.name and @XmlType.namespace to assign different names to them.
	this problem is related to the following location:
		at eu.europeana.corelib.definitions.jibx.EuropeanaType$Choice
		at public java.util.List eu.europeana.corelib.definitions.jibx.EuropeanaType.getChoiceList()
		at eu.europeana.corelib.definitions.jibx.EuropeanaType
		at eu.europeana.corelib.definitions.jibx.BaseProvidedCHOType
		at eu.europeana.corelib.definitions.jibx.ProvidedCHOType
		at public eu.europeana.corelib.definitions.jibx.ProvidedCHOType eu.europeana.corelib.definitions.jibx.RDF$Choice.getProvidedCHO()
		at eu.europeana.corelib.definitions.jibx.RDF$Choice
		at public java.util.List eu.europeana.corelib.definitions.jibx.RDF.getChoiceList()
		at eu.europeana.corelib.definitions.jibx.RDF
		at org.EDM.Transformations.formats.topx.TOPX2EDM
	this problem is related to the following location:
		at eu.europeana.corelib.definitions.jibx.RDF$Choice
		at public java.util.List eu.europeana.corelib.definitions.jibx.RDF.getChoiceList()
		at eu.europeana.corelib.definitions.jibx.RDF
		at org.EDM.Transformations.formats.topx.TOPX2EDM

]]></system-out>
  </testcase>
  <testcase name="creation2" classname="org.EDM.Transformations.formats.topx.TOPX2EDMTest" time="0.022">
    <failure type="java.lang.AssertionError">java.lang.AssertionError
	at org.EDM.Transformations.formats.topx.TOPX2EDMTest.setUp(TOPX2EDMTest.java:37)
</failure>
    <system-out><![CDATA[17:43:53.841 [main] ERROR org.csuc.deserialize.JaxbUnmarshal - JaxbUnmarshal file com.sun.xml.internal.bind.v2.runtime.IllegalAnnotationsException: 4 counts of IllegalAnnotationExceptions
Two classes have the same XML type name "lang". Use @XmlType.name and @XmlType.namespace to assign different names to them.
	this problem is related to the following location:
		at eu.europeana.corelib.definitions.jibx.LiteralType$Lang
		at public eu.europeana.corelib.definitions.jibx.LiteralType$Lang eu.europeana.corelib.definitions.jibx.LiteralType.getLang()
		at eu.europeana.corelib.definitions.jibx.LiteralType
		at eu.europeana.corelib.definitions.jibx.AltLabel
		at public java.util.List eu.europeana.corelib.definitions.jibx.AgentType.getAltLabelList()
		at eu.europeana.corelib.definitions.jibx.AgentType
		at public eu.europeana.corelib.definitions.jibx.AgentType eu.europeana.corelib.definitions.jibx.RDF$Choice.getAgent()
		at eu.europeana.corelib.definitions.jibx.RDF$Choice
		at public java.util.List eu.europeana.corelib.definitions.jibx.RDF.getChoiceList()
		at eu.europeana.corelib.definitions.jibx.RDF
		at org.EDM.Transformations.formats.topx.TOPX2EDM
	this problem is related to the following location:
		at eu.europeana.corelib.definitions.jibx.ResourceOrLiteralType$Lang
		at public eu.europeana.corelib.definitions.jibx.ResourceOrLiteralType$Lang eu.europeana.corelib.definitions.jibx.ResourceOrLiteralType.getLang()
		at eu.europeana.corelib.definitions.jibx.ResourceOrLiteralType
		at eu.europeana.corelib.definitions.jibx.Date
		at public java.util.List eu.europeana.corelib.definitions.jibx.AgentType.getDateList()
		at eu.europeana.corelib.definitions.jibx.AgentType
		at public eu.europeana.corelib.definitions.jibx.AgentType eu.europeana.corelib.definitions.jibx.RDF$Choice.getAgent()
		at eu.europeana.corelib.definitions.jibx.RDF$Choice
		at public java.util.List eu.europeana.corelib.definitions.jibx.RDF.getChoiceList()
		at eu.europeana.corelib.definitions.jibx.RDF
		at org.EDM.Transformations.formats.topx.TOPX2EDM
Two classes have the same XML type name "date". Use @XmlType.name and @XmlType.namespace to assign different names to them.
	this problem is related to the following location:
		at eu.europeana.corelib.definitions.jibx.Date
		at public java.util.List eu.europeana.corelib.definitions.jibx.AgentType.getDateList()
		at eu.europeana.corelib.definitions.jibx.AgentType
		at public eu.europeana.corelib.definitions.jibx.AgentType eu.europeana.corelib.definitions.jibx.RDF$Choice.getAgent()
		at eu.europeana.corelib.definitions.jibx.RDF$Choice
		at public java.util.List eu.europeana.corelib.definitions.jibx.RDF.getChoiceList()
		at eu.europeana.corelib.definitions.jibx.RDF
		at org.EDM.Transformations.formats.topx.TOPX2EDM
	this problem is related to the following location:
		at java.sql.Date
		at public java.sql.Date eu.europeana.corelib.definitions.jibx.DateType.getDate()
		at eu.europeana.corelib.definitions.jibx.DateType
		at public eu.europeana.corelib.definitions.jibx.DateType eu.europeana.corelib.definitions.jibx.License.getDeprecatedOn()
		at eu.europeana.corelib.definitions.jibx.License
		at public eu.europeana.corelib.definitions.jibx.License eu.europeana.corelib.definitions.jibx.RDF$Choice.getLicense()
		at eu.europeana.corelib.definitions.jibx.RDF$Choice
		at public java.util.List eu.europeana.corelib.definitions.jibx.RDF.getChoiceList()
		at eu.europeana.corelib.definitions.jibx.RDF
		at org.EDM.Transformations.formats.topx.TOPX2EDM
Two classes have the same XML type name "choice". Use @XmlType.name and @XmlType.namespace to assign different names to them.
	this problem is related to the following location:
		at eu.europeana.corelib.definitions.jibx.Concept$Choice
		at public java.util.List eu.europeana.corelib.definitions.jibx.Concept.getChoiceList()
		at eu.europeana.corelib.definitions.jibx.Concept
		at public eu.europeana.corelib.definitions.jibx.Concept eu.europeana.corelib.definitions.jibx.RDF$Choice.getConcept()
		at eu.europeana.corelib.definitions.jibx.RDF$Choice
		at public java.util.List eu.europeana.corelib.definitions.jibx.RDF.getChoiceList()
		at eu.europeana.corelib.definitions.jibx.RDF
		at org.EDM.Transformations.formats.topx.TOPX2EDM
	this problem is related to the following location:
		at eu.europeana.corelib.definitions.jibx.EuropeanaType$Choice
		at public java.util.List eu.europeana.corelib.definitions.jibx.EuropeanaType.getChoiceList()
		at eu.europeana.corelib.definitions.jibx.EuropeanaType
		at eu.europeana.corelib.definitions.jibx.BaseProvidedCHOType
		at eu.europeana.corelib.definitions.jibx.ProvidedCHOType
		at public eu.europeana.corelib.definitions.jibx.ProvidedCHOType eu.europeana.corelib.definitions.jibx.RDF$Choice.getProvidedCHO()
		at eu.europeana.corelib.definitions.jibx.RDF$Choice
		at public java.util.List eu.europeana.corelib.definitions.jibx.RDF.getChoiceList()
		at eu.europeana.corelib.definitions.jibx.RDF
		at org.EDM.Transformations.formats.topx.TOPX2EDM
Two classes have the same XML type name "choice". Use @XmlType.name and @XmlType.namespace to assign different names to them.
	this problem is related to the following location:
		at eu.europeana.corelib.definitions.jibx.EuropeanaType$Choice
		at public java.util.List eu.europeana.corelib.definitions.jibx.EuropeanaType.getChoiceList()
		at eu.europeana.corelib.definitions.jibx.EuropeanaType
		at eu.europeana.corelib.definitions.jibx.BaseProvidedCHOType
		at eu.europeana.corelib.definitions.jibx.ProvidedCHOType
		at public eu.europeana.corelib.definitions.jibx.ProvidedCHOType eu.europeana.corelib.definitions.jibx.RDF$Choice.getProvidedCHO()
		at eu.europeana.corelib.definitions.jibx.RDF$Choice
		at public java.util.List eu.europeana.corelib.definitions.jibx.RDF.getChoiceList()
		at eu.europeana.corelib.definitions.jibx.RDF
		at org.EDM.Transformations.formats.topx.TOPX2EDM
	this problem is related to the following location:
		at eu.europeana.corelib.definitions.jibx.RDF$Choice
		at public java.util.List eu.europeana.corelib.definitions.jibx.RDF.getChoiceList()
		at eu.europeana.corelib.definitions.jibx.RDF
		at org.EDM.Transformations.formats.topx.TOPX2EDM

]]></system-out>
  </testcase>
  <testcase name="creation" classname="org.EDM.Transformations.formats.topx.TOPX2EDMTest" time="0.017">
    <failure type="java.lang.AssertionError">java.lang.AssertionError
	at org.EDM.Transformations.formats.topx.TOPX2EDMTest.setUp(TOPX2EDMTest.java:37)
</failure>
    <system-out><![CDATA[17:43:53.858 [main] ERROR org.csuc.deserialize.JaxbUnmarshal - JaxbUnmarshal file com.sun.xml.internal.bind.v2.runtime.IllegalAnnotationsException: 4 counts of IllegalAnnotationExceptions
Two classes have the same XML type name "lang". Use @XmlType.name and @XmlType.namespace to assign different names to them.
	this problem is related to the following location:
		at eu.europeana.corelib.definitions.jibx.LiteralType$Lang
		at public eu.europeana.corelib.definitions.jibx.LiteralType$Lang eu.europeana.corelib.definitions.jibx.LiteralType.getLang()
		at eu.europeana.corelib.definitions.jibx.LiteralType
		at eu.europeana.corelib.definitions.jibx.AltLabel
		at public java.util.List eu.europeana.corelib.definitions.jibx.AgentType.getAltLabelList()
		at eu.europeana.corelib.definitions.jibx.AgentType
		at public eu.europeana.corelib.definitions.jibx.AgentType eu.europeana.corelib.definitions.jibx.RDF$Choice.getAgent()
		at eu.europeana.corelib.definitions.jibx.RDF$Choice
		at public java.util.List eu.europeana.corelib.definitions.jibx.RDF.getChoiceList()
		at eu.europeana.corelib.definitions.jibx.RDF
		at org.EDM.Transformations.formats.topx.TOPX2EDM
	this problem is related to the following location:
		at eu.europeana.corelib.definitions.jibx.ResourceOrLiteralType$Lang
		at public eu.europeana.corelib.definitions.jibx.ResourceOrLiteralType$Lang eu.europeana.corelib.definitions.jibx.ResourceOrLiteralType.getLang()
		at eu.europeana.corelib.definitions.jibx.ResourceOrLiteralType
		at eu.europeana.corelib.definitions.jibx.Date
		at public java.util.List eu.europeana.corelib.definitions.jibx.AgentType.getDateList()
		at eu.europeana.corelib.definitions.jibx.AgentType
		at public eu.europeana.corelib.definitions.jibx.AgentType eu.europeana.corelib.definitions.jibx.RDF$Choice.getAgent()
		at eu.europeana.corelib.definitions.jibx.RDF$Choice
		at public java.util.List eu.europeana.corelib.definitions.jibx.RDF.getChoiceList()
		at eu.europeana.corelib.definitions.jibx.RDF
		at org.EDM.Transformations.formats.topx.TOPX2EDM
Two classes have the same XML type name "date". Use @XmlType.name and @XmlType.namespace to assign different names to them.
	this problem is related to the following location:
		at eu.europeana.corelib.definitions.jibx.Date
		at public java.util.List eu.europeana.corelib.definitions.jibx.AgentType.getDateList()
		at eu.europeana.corelib.definitions.jibx.AgentType
		at public eu.europeana.corelib.definitions.jibx.AgentType eu.europeana.corelib.definitions.jibx.RDF$Choice.getAgent()
		at eu.europeana.corelib.definitions.jibx.RDF$Choice
		at public java.util.List eu.europeana.corelib.definitions.jibx.RDF.getChoiceList()
		at eu.europeana.corelib.definitions.jibx.RDF
		at org.EDM.Transformations.formats.topx.TOPX2EDM
	this problem is related to the following location:
		at java.sql.Date
		at public java.sql.Date eu.europeana.corelib.definitions.jibx.DateType.getDate()
		at eu.europeana.corelib.definitions.jibx.DateType
		at public eu.europeana.corelib.definitions.jibx.DateType eu.europeana.corelib.definitions.jibx.License.getDeprecatedOn()
		at eu.europeana.corelib.definitions.jibx.License
		at public eu.europeana.corelib.definitions.jibx.License eu.europeana.corelib.definitions.jibx.RDF$Choice.getLicense()
		at eu.europeana.corelib.definitions.jibx.RDF$Choice
		at public java.util.List eu.europeana.corelib.definitions.jibx.RDF.getChoiceList()
		at eu.europeana.corelib.definitions.jibx.RDF
		at org.EDM.Transformations.formats.topx.TOPX2EDM
Two classes have the same XML type name "choice". Use @XmlType.name and @XmlType.namespace to assign different names to them.
	this problem is related to the following location:
		at eu.europeana.corelib.definitions.jibx.Concept$Choice
		at public java.util.List eu.europeana.corelib.definitions.jibx.Concept.getChoiceList()
		at eu.europeana.corelib.definitions.jibx.Concept
		at public eu.europeana.corelib.definitions.jibx.Concept eu.europeana.corelib.definitions.jibx.RDF$Choice.getConcept()
		at eu.europeana.corelib.definitions.jibx.RDF$Choice
		at public java.util.List eu.europeana.corelib.definitions.jibx.RDF.getChoiceList()
		at eu.europeana.corelib.definitions.jibx.RDF
		at org.EDM.Transformations.formats.topx.TOPX2EDM
	this problem is related to the following location:
		at eu.europeana.corelib.definitions.jibx.EuropeanaType$Choice
		at public java.util.List eu.europeana.corelib.definitions.jibx.EuropeanaType.getChoiceList()
		at eu.europeana.corelib.definitions.jibx.EuropeanaType
		at eu.europeana.corelib.definitions.jibx.BaseProvidedCHOType
		at eu.europeana.corelib.definitions.jibx.ProvidedCHOType
		at public eu.europeana.corelib.definitions.jibx.ProvidedCHOType eu.europeana.corelib.definitions.jibx.RDF$Choice.getProvidedCHO()
		at eu.europeana.corelib.definitions.jibx.RDF$Choice
		at public java.util.List eu.europeana.corelib.definitions.jibx.RDF.getChoiceList()
		at eu.europeana.corelib.definitions.jibx.RDF
		at org.EDM.Transformations.formats.topx.TOPX2EDM
Two classes have the same XML type name "choice". Use @XmlType.name and @XmlType.namespace to assign different names to them.
	this problem is related to the following location:
		at eu.europeana.corelib.definitions.jibx.EuropeanaType$Choice
		at public java.util.List eu.europeana.corelib.definitions.jibx.EuropeanaType.getChoiceList()
		at eu.europeana.corelib.definitions.jibx.EuropeanaType
		at eu.europeana.corelib.definitions.jibx.BaseProvidedCHOType
		at eu.europeana.corelib.definitions.jibx.ProvidedCHOType
		at public eu.europeana.corelib.definitions.jibx.ProvidedCHOType eu.europeana.corelib.definitions.jibx.RDF$Choice.getProvidedCHO()
		at eu.europeana.corelib.definitions.jibx.RDF$Choice
		at public java.util.List eu.europeana.corelib.definitions.jibx.RDF.getChoiceList()
		at eu.europeana.corelib.definitions.jibx.RDF
		at org.EDM.Transformations.formats.topx.TOPX2EDM
	this problem is related to the following location:
		at eu.europeana.corelib.definitions.jibx.RDF$Choice
		at public java.util.List eu.europeana.corelib.definitions.jibx.RDF.getChoiceList()
		at eu.europeana.corelib.definitions.jibx.RDF
		at org.EDM.Transformations.formats.topx.TOPX2EDM

]]></system-out>
  </testcase>
</testsuite>