<?xml version="1.0" encoding="UTF-8"?>
<!-- Generated by org.testng.reporters.JUnitReportReporter -->
<testsuite hostname="spirals-vortex.lille.inria.fr" name="org.molgenis.questionnaires.controller.QuestionnaireControllerTest" tests="4" failures="0" timestamp="1 Jun 2018 11:23:57 GMT" time="3.091" errors="0">
  <testcase name="testGetQuestionnaireList" time="0.244" classname="org.molgenis.questionnaires.controller.QuestionnaireControllerTest"/>
  <testcase name="testInit" time="0.037" classname="org.molgenis.questionnaires.controller.QuestionnaireControllerTest"/>
  <testcase name="testStartQuestionnaire" time="0.147" classname="org.molgenis.questionnaires.controller.QuestionnaireControllerTest"/>
  <testcase name="testGetQuestionnaireSubmissionText" time="2.663" classname="org.molgenis.questionnaires.controller.QuestionnaireControllerTest"/>
</testsuite> <!-- org.molgenis.questionnaires.controller.QuestionnaireControllerTest -->
