<?xml version="1.0" encoding="UTF-8"?>
<!-- Generated by org.testng.reporters.JUnitReportReporter -->
<testsuite hostname="spirals-vortex.lille.inria.fr" name="org.molgenis.questionnaires.service.QuestionnaireServiceTest" tests="6" failures="0" timestamp="1 Jun 2018 11:23:57 GMT" time="0.332" errors="0">
  <testcase name="testGetQuestionnaireSubmissionTextDefault" time="0.001" classname="org.molgenis.questionnaires.service.QuestionnaireServiceTest"/>
  <testcase name="testGetQuestionnairesWithNoExistingRow" time="0.003" classname="org.molgenis.questionnaires.service.QuestionnaireServiceTest"/>
  <testcase name="testGetQuestionnaires" time="0.322" classname="org.molgenis.questionnaires.service.QuestionnaireServiceTest"/>
  <testcase name="testStartQuestionnaire" time="0.004" classname="org.molgenis.questionnaires.service.QuestionnaireServiceTest"/>
  <testcase name="testGetQuestionnaireSubmissionText" time="0.000" classname="org.molgenis.questionnaires.service.QuestionnaireServiceTest"/>
  <testcase name="testStartQuestionnaireAlreadyOpen" time="0.002" classname="org.molgenis.questionnaires.service.QuestionnaireServiceTest"/>
</testsuite> <!-- org.molgenis.questionnaires.service.QuestionnaireServiceTest -->
