<?xml version="1.0" encoding="UTF-8"?>
<!-- Generated by org.testng.reporters.JUnitReportReporter -->
<testsuite hostname="spirals-vortex.lille.inria.fr" name="org.molgenis.bootstrap.populate.PermissionRegistryImplTest" tests="1" failures="0" timestamp="1 Jun 2018 11:20:34 GMT" time="0.311" errors="0">
  <testcase name="testGetPermissions" time="0.311" classname="org.molgenis.bootstrap.populate.PermissionRegistryImplTest"/>
</testsuite> <!-- org.molgenis.bootstrap.populate.PermissionRegistryImplTest -->
