<?xml version="1.0" encoding="UTF-8"?>
<!-- Generated by org.testng.reporters.JUnitReportReporter -->
<testsuite hostname="spirals-vortex.lille.inria.fr" name="org.molgenis.bootstrap.populate.PermissionPopulatorTest" tests="2" failures="0" timestamp="30 May 2018 13:33:15 GMT" time="1.267" errors="0">
  <testcase name="testPopulate" time="1.256" classname="org.molgenis.bootstrap.populate.PermissionPopulatorTest"/>
  <testcase name="testPermissionPopulator" time="0.011" classname="org.molgenis.bootstrap.populate.PermissionPopulatorTest"/>
</testsuite> <!-- org.molgenis.bootstrap.populate.PermissionPopulatorTest -->
