<?xml version="1.0" encoding="UTF-8"?>
<!-- Generated by org.testng.reporters.JUnitReportReporter -->
<testsuite hostname="spirals-vortex.lille.inria.fr" name="org.molgenis.bootstrap.populate.PermissionPopulatorTest" tests="2" failures="0" timestamp="1 Jun 2018 11:20:34 GMT" time="1.313" errors="0">
  <testcase name="testPermissionPopulator" time="0.979" classname="org.molgenis.bootstrap.populate.PermissionPopulatorTest"/>
  <testcase name="testPopulate" time="0.334" classname="org.molgenis.bootstrap.populate.PermissionPopulatorTest"/>
</testsuite> <!-- org.molgenis.bootstrap.populate.PermissionPopulatorTest -->
