<?xml version="1.0" encoding="UTF-8"?>
<!-- Generated by org.testng.reporters.JUnitReportReporter -->
<testsuite hostname="spirals-vortex.lille.inria.fr" name="org.molgenis.data.vcf.utils.test.VcfUtilsTest" tests="1" failures="0" timestamp="1 Jun 2018 11:19:58 GMT" time="0.006" errors="0">
  <testcase name="createId" time="0.006" classname="org.molgenis.data.vcf.utils.test.VcfUtilsTest"/>
</testsuite> <!-- org.molgenis.data.vcf.utils.test.VcfUtilsTest -->
