<?xml version="1.0" encoding="UTF-8"?>
<!-- Generated by org.testng.reporters.JUnitReportReporter -->
<testsuite hostname="spirals-vortex.lille.inria.fr" name="org.molgenis.data.vcf.format.VcfToEntityTest" tests="4" failures="0" timestamp="30 May 2018 12:47:14 GMT" time="0.079" errors="0">
  <testcase name="testToEntity" time="0.005" classname="org.molgenis.data.vcf.format.VcfToEntityTest"/>
  <testcase name="testGetEntityType" time="0.066" classname="org.molgenis.data.vcf.format.VcfToEntityTest"/>
  <testcase name="testToEntityAlternativeAlleles" time="0.003" classname="org.molgenis.data.vcf.format.VcfToEntityTest"/>
  <testcase name="testToEntityMissingValues" time="0.005" classname="org.molgenis.data.vcf.format.VcfToEntityTest"/>
</testsuite> <!-- org.molgenis.data.vcf.format.VcfToEntityTest -->
