<?xml version="1.0" encoding="UTF-8"?>
<!-- Generated by org.testng.reporters.JUnitReportReporter -->
<testsuite hostname="spirals-vortex.lille.inria.fr" name="org.molgenis.data.vcf.VcfRepositoryTest" tests="4" failures="0" timestamp="30 May 2018 12:47:14 GMT" time="0.199" errors="0">
  <testcase name="iterator_noValues" time="0.010" classname="org.molgenis.data.vcf.VcfRepositoryTest"/>
  <testcase name="metaData" time="0.006" classname="org.molgenis.data.vcf.VcfRepositoryTest"/>
  <testcase name="iterator" time="0.070" classname="org.molgenis.data.vcf.VcfRepositoryTest"/>
  <testcase name="testGetEntityType" time="0.113" classname="org.molgenis.data.vcf.VcfRepositoryTest"/>
</testsuite> <!-- org.molgenis.data.vcf.VcfRepositoryTest -->
