<?xml version="1.0" encoding="UTF-8"?>
<!-- Generated by org.testng.reporters.JUnitReportReporter -->
<testsuite hostname="spirals-vortex.lille.inria.fr" name="org.molgenis.data.vcf.utils.test.VcfUtilsTest" tests="1" failures="0" timestamp="30 May 2018 12:47:14 GMT" time="0.033" errors="0">
  <testcase name="createId" time="0.033" classname="org.molgenis.data.vcf.utils.test.VcfUtilsTest"/>
</testsuite> <!-- org.molgenis.data.vcf.utils.test.VcfUtilsTest -->
