<?xml version="1.0" encoding="UTF-8"?>
<!-- Generated by org.testng.reporters.JUnitReportReporter -->
<testsuite hostname="spirals-vortex.lille.inria.fr" name="org.molgenis.data.vcf.format.VcfToEntityTest" tests="4" failures="0" timestamp="1 Jun 2018 11:19:58 GMT" time="0.251" errors="0">
  <testcase name="testToEntity" time="0.031" classname="org.molgenis.data.vcf.format.VcfToEntityTest"/>
  <testcase name="testToEntityMissingValues" time="0.010" classname="org.molgenis.data.vcf.format.VcfToEntityTest"/>
  <testcase name="testGetEntityType" time="0.174" classname="org.molgenis.data.vcf.format.VcfToEntityTest"/>
  <testcase name="testToEntityAlternativeAlleles" time="0.036" classname="org.molgenis.data.vcf.format.VcfToEntityTest"/>
</testsuite> <!-- org.molgenis.data.vcf.format.VcfToEntityTest -->
