<?xml version="1.0" encoding="UTF-8"?>
<!-- Generated by org.testng.reporters.JUnitReportReporter -->
<testsuite hostname="spirals-vortex.lille.inria.fr" name="org.molgenis.data.vcf.VcfRepositoryTest" tests="4" failures="0" timestamp="1 Jun 2018 11:19:58 GMT" time="0.103" errors="0">
  <testcase name="iterator_noValues" time="0.005" classname="org.molgenis.data.vcf.VcfRepositoryTest"/>
  <testcase name="iterator" time="0.023" classname="org.molgenis.data.vcf.VcfRepositoryTest"/>
  <testcase name="metaData" time="0.006" classname="org.molgenis.data.vcf.VcfRepositoryTest"/>
  <testcase name="testGetEntityType" time="0.069" classname="org.molgenis.data.vcf.VcfRepositoryTest"/>
</testsuite> <!-- org.molgenis.data.vcf.VcfRepositoryTest -->
