<?xml version="1.0" encoding="UTF-8"?>
<!-- Generated by org.testng.reporters.JUnitReportReporter -->
<testsuite hostname="spirals-vortex.lille.inria.fr" name="org.molgenis.data.vcf.importer.VcfImporterServiceTest" tests="13" failures="0" timestamp="30 May 2018 12:47:14 GMT" time="1.034" errors="0">
  <testcase name="validateImportWithSamplesAlreadyExists" time="0.003" classname="org.molgenis.data.vcf.importer.VcfImporterServiceTest"/>
  <testcase name="canImportVcf" time="0.009" classname="org.molgenis.data.vcf.importer.VcfImporterServiceTest"/>
  <testcase name="doImportUpdate" time="0.001" classname="org.molgenis.data.vcf.importer.VcfImporterServiceTest"/>
  <testcase name="validateImportWithSamples" time="0.088" classname="org.molgenis.data.vcf.importer.VcfImporterServiceTest"/>
  <testcase name="validateImportWithoutSamples" time="0.003" classname="org.molgenis.data.vcf.importer.VcfImporterServiceTest"/>
  <testcase name="canImportXls" time="0.001" classname="org.molgenis.data.vcf.importer.VcfImporterServiceTest"/>
  <testcase name="canImportVcfGz" time="0.002" classname="org.molgenis.data.vcf.importer.VcfImporterServiceTest"/>
  <testcase name="doImportAddUpdateExisting" time="0.002" classname="org.molgenis.data.vcf.importer.VcfImporterServiceTest"/>
  <testcase name="validateImportWithoutSamplesAlreadyExists" time="0.004" classname="org.molgenis.data.vcf.importer.VcfImporterServiceTest"/>
  <testcase name="doImportAlreadyExists" time="0.078" classname="org.molgenis.data.vcf.importer.VcfImporterServiceTest"/>
  <testcase name="doImportAddIgnoreExisting" time="0.002" classname="org.molgenis.data.vcf.importer.VcfImporterServiceTest"/>
  <testcase name="doImportVcfWithSamples" time="0.482" classname="org.molgenis.data.vcf.importer.VcfImporterServiceTest"/>
  <testcase name="doImportVcfWithoutSamples" time="0.359" classname="org.molgenis.data.vcf.importer.VcfImporterServiceTest"/>
</testsuite> <!-- org.molgenis.data.vcf.importer.VcfImporterServiceTest -->
