<?xml version="1.0" encoding="UTF-8"?>
<!-- Generated by org.testng.reporters.JUnitReportReporter -->
<testsuite hostname="spirals-vortex.lille.inria.fr" name="org.molgenis.data.vcf.importer.VcfImporterServiceTest" tests="13" failures="0" timestamp="1 Jun 2018 11:19:58 GMT" time="0.866" errors="0">
  <testcase name="canImportXls" time="0.001" classname="org.molgenis.data.vcf.importer.VcfImporterServiceTest"/>
  <testcase name="doImportAlreadyExists" time="0.061" classname="org.molgenis.data.vcf.importer.VcfImporterServiceTest"/>
  <testcase name="validateImportWithoutSamplesAlreadyExists" time="0.227" classname="org.molgenis.data.vcf.importer.VcfImporterServiceTest"/>
  <testcase name="doImportUpdate" time="0.000" classname="org.molgenis.data.vcf.importer.VcfImporterServiceTest"/>
  <testcase name="validateImportWithSamplesAlreadyExists" time="0.004" classname="org.molgenis.data.vcf.importer.VcfImporterServiceTest"/>
  <testcase name="canImportVcfGz" time="0.003" classname="org.molgenis.data.vcf.importer.VcfImporterServiceTest"/>
  <testcase name="doImportVcfWithoutSamples" time="0.060" classname="org.molgenis.data.vcf.importer.VcfImporterServiceTest"/>
  <testcase name="doImportVcfWithSamples" time="0.431" classname="org.molgenis.data.vcf.importer.VcfImporterServiceTest"/>
  <testcase name="doImportAddUpdateExisting" time="0.000" classname="org.molgenis.data.vcf.importer.VcfImporterServiceTest"/>
  <testcase name="canImportVcf" time="0.002" classname="org.molgenis.data.vcf.importer.VcfImporterServiceTest"/>
  <testcase name="validateImportWithSamples" time="0.073" classname="org.molgenis.data.vcf.importer.VcfImporterServiceTest"/>
  <testcase name="validateImportWithoutSamples" time="0.002" classname="org.molgenis.data.vcf.importer.VcfImporterServiceTest"/>
  <testcase name="doImportAddIgnoreExisting" time="0.002" classname="org.molgenis.data.vcf.importer.VcfImporterServiceTest"/>
</testsuite> <!-- org.molgenis.data.vcf.importer.VcfImporterServiceTest -->
