<?xml version="1.0" encoding="UTF-8"?>
<!-- Generated by org.testng.reporters.JUnitReportReporter -->
<testsuite hostname="spirals-vortex.lille.inria.fr" name="org.molgenis.data.validation.RepositoryValidationDecoratorTest" tests="81" failures="0" timestamp="30 May 2018 12:45:08 GMT" time="0.425" errors="0">
  <testcase name="findOneObjectFetch" time="0.002" classname="org.molgenis.data.validation.RepositoryValidationDecoratorTest"/>
  <testcase name="findAllStream" time="0.003" classname="org.molgenis.data.validation.RepositoryValidationDecoratorTest"/>
  <testcase name="addReferenceMrefDoesNotExistsValidationError" time="0.005" classname="org.molgenis.data.validation.RepositoryValidationDecoratorTest"/>
  <testcase name="updateRequiredMrefValueValidationError" time="0.005" classname="org.molgenis.data.validation.RepositoryValidationDecoratorTest"/>
  <testcase name="addUniqueValueWithExpression" time="0.005" classname="org.molgenis.data.validation.RepositoryValidationDecoratorTest"/>
  <testcase name="addStreamUniqueValueWithExpression" time="0.005" classname="org.molgenis.data.validation.RepositoryValidationDecoratorTest"/>
  <testcase name="addReferenceXrefDoesNotExistsValidationError" time="0.004" classname="org.molgenis.data.validation.RepositoryValidationDecoratorTest"/>
  <testcase name="addStreamReferenceXrefSelfReferenceToSelf" time="0.006" classname="org.molgenis.data.validation.RepositoryValidationDecoratorTest"/>
  <testcase name="addStreamUniqueStringValueExistsInSourceValidationError" time="0.007" classname="org.molgenis.data.validation.RepositoryValidationDecoratorTest"/>
  <testcase name="query" time="0.003" classname="org.molgenis.data.validation.RepositoryValidationDecoratorTest"/>
  <testcase name="addStreamReferenceMrefDoesNotExistsValidationError" time="0.007" classname="org.molgenis.data.validation.RepositoryValidationDecoratorTest"/>
  <testcase name="updateReadOnlyMrefAttr" time="0.008" classname="org.molgenis.data.validation.RepositoryValidationDecoratorTest"/>
  <testcase name="updateReadOnlyStringAttrValidationError" time="0.004" classname="org.molgenis.data.validation.RepositoryValidationDecoratorTest"/>
  <testcase name="addRequiredMrefValueValidationError" time="0.003" classname="org.molgenis.data.validation.RepositoryValidationDecoratorTest"/>
  <testcase name="forEachBatchedFetch" time="0.019" classname="org.molgenis.data.validation.RepositoryValidationDecoratorTest"/>
  <testcase name="updateStreamRequiredValueValidationError" time="0.004" classname="org.molgenis.data.validation.RepositoryValidationDecoratorTest"/>
  <testcase name="updateStreamReferenceXrefSelfReferenceToSelf" time="0.007" classname="org.molgenis.data.validation.RepositoryValidationDecoratorTest"/>
  <testcase name="updateReferenceMrefDoesNotExistsValidationError" time="0.004" classname="org.molgenis.data.validation.RepositoryValidationDecoratorTest"/>
  <testcase name="addStreamUniqueXrefValueExistsInBackendValidationError" time="0.005" classname="org.molgenis.data.validation.RepositoryValidationDecoratorTest"/>
  <testcase name="updateStreamUniqueValueWithExpression" time="0.004" classname="org.molgenis.data.validation.RepositoryValidationDecoratorTest"/>
  <testcase name="updateEntityAttributesValidationError" time="0.004" classname="org.molgenis.data.validation.RepositoryValidationDecoratorTest"/>
  <testcase name="updateReferenceXrefSelfReferenceToPreviouslyAddedEntity" time="0.003" classname="org.molgenis.data.validation.RepositoryValidationDecoratorTest"/>
  <testcase name="testDelete" time="0.003" classname="org.molgenis.data.validation.RepositoryValidationDecoratorTest"/>
  <testcase name="addRequiredValueWithExpression" time="0.003" classname="org.molgenis.data.validation.RepositoryValidationDecoratorTest"/>
  <testcase name="addStreamRequiredValueValidationError" time="0.004" classname="org.molgenis.data.validation.RepositoryValidationDecoratorTest"/>
  <testcase name="testDeleteAllStreamValidationException" time="0.006" classname="org.molgenis.data.validation.RepositoryValidationDecoratorTest"/>
  <testcase name="addStreamReferenceAttrWithExpression" time="0.006" classname="org.molgenis.data.validation.RepositoryValidationDecoratorTest"/>
  <testcase name="updateStreamReadOnlyXrefAttrValidationError" time="0.006" classname="org.molgenis.data.validation.RepositoryValidationDecoratorTest"/>
  <testcase name="updateStreamUniqueXrefValueExistsInBackendValidationError" time="0.004" classname="org.molgenis.data.validation.RepositoryValidationDecoratorTest"/>
  <testcase name="updateReferenceAttrWithExpression" time="0.043" classname="org.molgenis.data.validation.RepositoryValidationDecoratorTest"/>
  <testcase name="testDeleteAllStream" time="0.002" classname="org.molgenis.data.validation.RepositoryValidationDecoratorTest"/>
  <testcase name="updateUniqueValueWithExpression" time="0.003" classname="org.molgenis.data.validation.RepositoryValidationDecoratorTest"/>
  <testcase name="updateStreamEntityAttributesValidationError" time="0.006" classname="org.molgenis.data.validation.RepositoryValidationDecoratorTest"/>
  <testcase name="addStreamReferenceXrefSelfReferenceToPreviouslyAddedEntity" time="0.004" classname="org.molgenis.data.validation.RepositoryValidationDecoratorTest"/>
  <testcase name="updateStreamReferenceMrefDoesNotExistsValidationError" time="0.004" classname="org.molgenis.data.validation.RepositoryValidationDecoratorTest"/>
  <testcase name="addStreamEntityAttributesValidationError" time="0.003" classname="org.molgenis.data.validation.RepositoryValidationDecoratorTest"/>
  <testcase name="updateReadOnlyXrefAttr" time="0.003" classname="org.molgenis.data.validation.RepositoryValidationDecoratorTest"/>
  <testcase name="addEntityCrossRepositoryCollectionReference" time="0.031" classname="org.molgenis.data.validation.RepositoryValidationDecoratorTest"/>
  <testcase name="updateStreamRequiredMrefValueValidationError" time="0.004" classname="org.molgenis.data.validation.RepositoryValidationDecoratorTest"/>
  <testcase name="testDeleteById" time="0.001" classname="org.molgenis.data.validation.RepositoryValidationDecoratorTest"/>
  <testcase name="addStreamRequiredValueWithExpression" time="0.005" classname="org.molgenis.data.validation.RepositoryValidationDecoratorTest"/>
  <testcase name="addStreamRequiredMrefValueValidationError" time="0.004" classname="org.molgenis.data.validation.RepositoryValidationDecoratorTest"/>
  <testcase name="addEntityDoesNotRequireValidationDueToRepoCapabilities" time="0.005" classname="org.molgenis.data.validation.RepositoryValidationDecoratorTest"/>
  <testcase name="updateUniqueXrefValueExistsInBackendValidationError" time="0.003" classname="org.molgenis.data.validation.RepositoryValidationDecoratorTest"/>
  <testcase name="testDeleteStreamValidationException" time="0.002" classname="org.molgenis.data.validation.RepositoryValidationDecoratorTest"/>
  <testcase name="updateStreamReferenceXrefSelfReferenceToPreviouslyAddedEntity" time="0.007" classname="org.molgenis.data.validation.RepositoryValidationDecoratorTest"/>
  <testcase name="updateStream" time="0.003" classname="org.molgenis.data.validation.RepositoryValidationDecoratorTest"/>
  <testcase name="updateStreamUniqueStringValueExistsInBackendValidationError" time="0.004" classname="org.molgenis.data.validation.RepositoryValidationDecoratorTest"/>
  <testcase name="updateStreamRequiredValueWithExpression" time="0.005" classname="org.molgenis.data.validation.RepositoryValidationDecoratorTest"/>
  <testcase name="addRequiredValueValidationError" time="0.005" classname="org.molgenis.data.validation.RepositoryValidationDecoratorTest"/>
  <testcase name="testDeleteValidationException" time="0.001" classname="org.molgenis.data.validation.RepositoryValidationDecoratorTest"/>
  <testcase name="findAllStreamFetch" time="0.002" classname="org.molgenis.data.validation.RepositoryValidationDecoratorTest"/>
  <testcase name="addUniqueXrefValueExistsInBackendValidationError" time="0.004" classname="org.molgenis.data.validation.RepositoryValidationDecoratorTest"/>
  <testcase name="findAll" time="0.002" classname="org.molgenis.data.validation.RepositoryValidationDecoratorTest"/>
  <testcase name="updateStreamReadOnlyMrefAttrValidationError" time="0.004" classname="org.molgenis.data.validation.RepositoryValidationDecoratorTest"/>
  <testcase name="addStreamUniqueStringValueExistsInBackendValidationError" time="0.007" classname="org.molgenis.data.validation.RepositoryValidationDecoratorTest"/>
  <testcase name="updateStreamReadOnlyMrefAttr" time="0.006" classname="org.molgenis.data.validation.RepositoryValidationDecoratorTest"/>
  <testcase name="testDeleteAll" time="0.001" classname="org.molgenis.data.validation.RepositoryValidationDecoratorTest"/>
  <testcase name="updateReadOnlyMrefAttrNull" time="0.005" classname="org.molgenis.data.validation.RepositoryValidationDecoratorTest"/>
  <testcase name="addReferenceAttrWithExpression" time="0.005" classname="org.molgenis.data.validation.RepositoryValidationDecoratorTest"/>
  <testcase name="addStream" time="0.005" classname="org.molgenis.data.validation.RepositoryValidationDecoratorTest"/>
  <testcase name="updateStreamUniqueStringValueExistsInSourceValidationError" time="0.003" classname="org.molgenis.data.validation.RepositoryValidationDecoratorTest"/>
  <testcase name="updateRequiredValueWithExpression" time="0.003" classname="org.molgenis.data.validation.RepositoryValidationDecoratorTest"/>
  <testcase name="addEntityAttributesValidationError" time="0.004" classname="org.molgenis.data.validation.RepositoryValidationDecoratorTest"/>
  <testcase name="updateUniqueStringValueExistsInBackendValidationError" time="0.005" classname="org.molgenis.data.validation.RepositoryValidationDecoratorTest"/>
  <testcase name="updateStreamReferenceXrefDoesNotExistsValidationError" time="0.005" classname="org.molgenis.data.validation.RepositoryValidationDecoratorTest"/>
  <testcase name="testDeleteStream" time="0.001" classname="org.molgenis.data.validation.RepositoryValidationDecoratorTest"/>
  <testcase name="updateReferenceXrefDoesNotExistsValidationError" time="0.004" classname="org.molgenis.data.validation.RepositoryValidationDecoratorTest"/>
  <testcase name="update" time="0.004" classname="org.molgenis.data.validation.RepositoryValidationDecoratorTest"/>
  <testcase name="testDeleteAllValidationException" time="0.002" classname="org.molgenis.data.validation.RepositoryValidationDecoratorTest"/>
  <testcase name="updateStreamReadOnlyStringAttrValidationError" time="0.006" classname="org.molgenis.data.validation.RepositoryValidationDecoratorTest"/>
  <testcase name="addStreamReferenceXrefDoesNotExistsValidationError" time="0.005" classname="org.molgenis.data.validation.RepositoryValidationDecoratorTest"/>
  <testcase name="updateReadOnlyXrefAttrValidationError" time="0.004" classname="org.molgenis.data.validation.RepositoryValidationDecoratorTest"/>
  <testcase name="updateStreamReferenceAttrWithExpression" time="0.004" classname="org.molgenis.data.validation.RepositoryValidationDecoratorTest"/>
  <testcase name="addUniqueStringValueExistsInBackendValidationError" time="0.005" classname="org.molgenis.data.validation.RepositoryValidationDecoratorTest"/>
  <testcase name="updateReadOnlyMrefAttrValidationError" time="0.005" classname="org.molgenis.data.validation.RepositoryValidationDecoratorTest"/>
  <testcase name="add" time="0.014" classname="org.molgenis.data.validation.RepositoryValidationDecoratorTest"/>
  <testcase name="addReferenceXrefSelfReferenceToPreviouslyAddedEntity" time="0.004" classname="org.molgenis.data.validation.RepositoryValidationDecoratorTest"/>
  <testcase name="updateRequiredValueValidationError" time="0.004" classname="org.molgenis.data.validation.RepositoryValidationDecoratorTest"/>
  <testcase name="testDeleteByIdValidationException" time="0.002" classname="org.molgenis.data.validation.RepositoryValidationDecoratorTest"/>
  <testcase name="updateStreamReadOnlyXrefAttr" time="0.003" classname="org.molgenis.data.validation.RepositoryValidationDecoratorTest"/>
</testsuite> <!-- org.molgenis.data.validation.RepositoryValidationDecoratorTest -->
