<?xml version="1.0" encoding="UTF-8"?>
<!-- Generated by org.testng.reporters.JUnitReportReporter -->
<testsuite hostname="spirals-vortex.lille.inria.fr" name="org.molgenis.data.validation.meta.PackageRepositoryValidationDecoratorTest" tests="18" failures="0" timestamp="30 May 2018 12:45:08 GMT" time="0.113" errors="0">
  <testcase name="testDeleteAllValid" time="0.001" classname="org.molgenis.data.validation.meta.PackageRepositoryValidationDecoratorTest"/>
  <testcase name="testDeleteByIdInvalid" time="0.000" classname="org.molgenis.data.validation.meta.PackageRepositoryValidationDecoratorTest"/>
  <testcase name="testUpdateInvalid" time="0.001" classname="org.molgenis.data.validation.meta.PackageRepositoryValidationDecoratorTest"/>
  <testcase name="testUpdateValid" time="0.000" classname="org.molgenis.data.validation.meta.PackageRepositoryValidationDecoratorTest"/>
  <testcase name="testUpdateStreamValid" time="0.000" classname="org.molgenis.data.validation.meta.PackageRepositoryValidationDecoratorTest"/>
  <testcase name="testDeleteAllStreamInvalid" time="0.009" classname="org.molgenis.data.validation.meta.PackageRepositoryValidationDecoratorTest"/>
  <testcase name="testAddStreamInvalid" time="0.002" classname="org.molgenis.data.validation.meta.PackageRepositoryValidationDecoratorTest"/>
  <testcase name="testDeleteStreamInvalid" time="0.001" classname="org.molgenis.data.validation.meta.PackageRepositoryValidationDecoratorTest"/>
  <testcase name="testDeleteAllInvalid" time="0.001" classname="org.molgenis.data.validation.meta.PackageRepositoryValidationDecoratorTest"/>
  <testcase name="testDeleteInvalid" time="0.000" classname="org.molgenis.data.validation.meta.PackageRepositoryValidationDecoratorTest"/>
  <testcase name="testDeleteByIdValid" time="0.000" classname="org.molgenis.data.validation.meta.PackageRepositoryValidationDecoratorTest"/>
  <testcase name="testAddInvalid" time="0.071" classname="org.molgenis.data.validation.meta.PackageRepositoryValidationDecoratorTest"/>
  <testcase name="testAddStreamValid" time="0.001" classname="org.molgenis.data.validation.meta.PackageRepositoryValidationDecoratorTest"/>
  <testcase name="testAddValid" time="0.001" classname="org.molgenis.data.validation.meta.PackageRepositoryValidationDecoratorTest"/>
  <testcase name="testDeleteAllStreamValid" time="0.001" classname="org.molgenis.data.validation.meta.PackageRepositoryValidationDecoratorTest"/>
  <testcase name="testUpdateStreamInvalid" time="0.001" classname="org.molgenis.data.validation.meta.PackageRepositoryValidationDecoratorTest"/>
  <testcase name="testDeleteValid" time="0.001" classname="org.molgenis.data.validation.meta.PackageRepositoryValidationDecoratorTest"/>
  <testcase name="testDeleteStreamValid" time="0.022" classname="org.molgenis.data.validation.meta.PackageRepositoryValidationDecoratorTest"/>
</testsuite> <!-- org.molgenis.data.validation.meta.PackageRepositoryValidationDecoratorTest -->
