<?xml version="1.0" encoding="UTF-8"?>
<!-- Generated by org.testng.reporters.JUnitReportReporter -->
<testsuite hostname="spirals-vortex.lille.inria.fr" name="org.molgenis.data.validation.meta.TagValidatorTest" tests="2" failures="0" timestamp="1 Jun 2018 10:51:17 GMT" time="0.002" errors="0">
  <testcase name="validateValid" time="0.000" classname="org.molgenis.data.validation.meta.TagValidatorTest"/>
  <testcase name="validateInvalid" time="0.002" classname="org.molgenis.data.validation.meta.TagValidatorTest"/>
</testsuite> <!-- org.molgenis.data.validation.meta.TagValidatorTest -->
