<?xml version="1.0" encoding="UTF-8"?>
<!-- Generated by org.testng.reporters.JUnitReportReporter -->
<testsuite hostname="spirals-vortex.lille.inria.fr" name="org.molgenis.data.validation.QueryValidatorTest" tests="219" failures="0" timestamp="30 May 2018 12:45:08 GMT" time="0.066" errors="0">
  <testcase name="testValidateValid" time="0.001" classname="org.molgenis.data.validation.QueryValidatorTest"/>
  <testcase name="testValidateValid" time="0.000" classname="org.molgenis.data.validation.QueryValidatorTest"/>
  <testcase name="testValidateValid" time="0.000" classname="org.molgenis.data.validation.QueryValidatorTest"/>
  <testcase name="testValidateInvalid" time="0.001" classname="org.molgenis.data.validation.QueryValidatorTest"/>
  <testcase name="testValidateValid" time="0.000" classname="org.molgenis.data.validation.QueryValidatorTest"/>
  <testcase name="testValidateValid" time="0.001" classname="org.molgenis.data.validation.QueryValidatorTest"/>
  <testcase name="testValidateInvalid" time="0.001" classname="org.molgenis.data.validation.QueryValidatorTest"/>
  <testcase name="testValidateValid" time="0.000" classname="org.molgenis.data.validation.QueryValidatorTest"/>
  <testcase name="testValidateValid" time="0.001" classname="org.molgenis.data.validation.QueryValidatorTest"/>
  <testcase name="testValidateValid" time="0.001" classname="org.molgenis.data.validation.QueryValidatorTest"/>
  <testcase name="testValidateValid" time="0.000" classname="org.molgenis.data.validation.QueryValidatorTest"/>
  <testcase name="testValidateInvalid" time="0.000" classname="org.molgenis.data.validation.QueryValidatorTest"/>
  <testcase name="testValidateInvalid" time="0.000" classname="org.molgenis.data.validation.QueryValidatorTest"/>
  <testcase name="testValidateValid" time="0.000" classname="org.molgenis.data.validation.QueryValidatorTest"/>
  <testcase name="testValidateValid" time="0.000" classname="org.molgenis.data.validation.QueryValidatorTest"/>
  <testcase name="testValidateValid" time="0.000" classname="org.molgenis.data.validation.QueryValidatorTest"/>
  <testcase name="testValidateValid" time="0.000" classname="org.molgenis.data.validation.QueryValidatorTest"/>
  <testcase name="testValidateValid" time="0.000" classname="org.molgenis.data.validation.QueryValidatorTest"/>
  <testcase name="testValidateValid" time="0.000" classname="org.molgenis.data.validation.QueryValidatorTest"/>
  <testcase name="testValidateValid" time="0.000" classname="org.molgenis.data.validation.QueryValidatorTest"/>
  <testcase name="testValidateValid" time="0.000" classname="org.molgenis.data.validation.QueryValidatorTest"/>
  <testcase name="testValidateValid" time="0.001" classname="org.molgenis.data.validation.QueryValidatorTest"/>
  <testcase name="testValidateValid" time="0.000" classname="org.molgenis.data.validation.QueryValidatorTest"/>
  <testcase name="testValidateInvalid" time="0.000" classname="org.molgenis.data.validation.QueryValidatorTest"/>
  <testcase name="testValidateValid" time="0.000" classname="org.molgenis.data.validation.QueryValidatorTest"/>
  <testcase name="testValidateValid" time="0.000" classname="org.molgenis.data.validation.QueryValidatorTest"/>
  <testcase name="testValidateValid" time="0.000" classname="org.molgenis.data.validation.QueryValidatorTest"/>
  <testcase name="testValidateValid" time="0.000" classname="org.molgenis.data.validation.QueryValidatorTest"/>
  <testcase name="testValidateValid" time="0.000" classname="org.molgenis.data.validation.QueryValidatorTest"/>
  <testcase name="testValidateValid" time="0.000" classname="org.molgenis.data.validation.QueryValidatorTest"/>
  <testcase name="testValidateValid" time="0.001" classname="org.molgenis.data.validation.QueryValidatorTest"/>
  <testcase name="testValidateValid" time="0.000" classname="org.molgenis.data.validation.QueryValidatorTest"/>
  <testcase name="testValidateValid" time="0.000" classname="org.molgenis.data.validation.QueryValidatorTest"/>
  <testcase name="testValidateValid" time="0.000" classname="org.molgenis.data.validation.QueryValidatorTest"/>
  <testcase name="testValidateValid" time="0.000" classname="org.molgenis.data.validation.QueryValidatorTest"/>
  <testcase name="testValidateValid" time="0.000" classname="org.molgenis.data.validation.QueryValidatorTest"/>
  <testcase name="testValidateValid" time="0.000" classname="org.molgenis.data.validation.QueryValidatorTest"/>
  <testcase name="testValidateValid" time="0.000" classname="org.molgenis.data.validation.QueryValidatorTest"/>
  <testcase name="testValidateInvalid" time="0.000" classname="org.molgenis.data.validation.QueryValidatorTest"/>
  <testcase name="testValidateValid" time="0.000" classname="org.molgenis.data.validation.QueryValidatorTest"/>
  <testcase name="testValidateValid" time="0.000" classname="org.molgenis.data.validation.QueryValidatorTest"/>
  <testcase name="testValidateValid" time="0.000" classname="org.molgenis.data.validation.QueryValidatorTest"/>
  <testcase name="testValidateValid" time="0.001" classname="org.molgenis.data.validation.QueryValidatorTest"/>
  <testcase name="testValidateValid" time="0.002" classname="org.molgenis.data.validation.QueryValidatorTest"/>
  <testcase name="testValidateValid" time="0.000" classname="org.molgenis.data.validation.QueryValidatorTest"/>
  <testcase name="testValidateValid" time="0.000" classname="org.molgenis.data.validation.QueryValidatorTest"/>
  <testcase name="testValidateValid" time="0.000" classname="org.molgenis.data.validation.QueryValidatorTest"/>
  <testcase name="testValidateValid" time="0.000" classname="org.molgenis.data.validation.QueryValidatorTest"/>
  <testcase name="testValidateValid" time="0.000" classname="org.molgenis.data.validation.QueryValidatorTest"/>
  <testcase name="testValidateValid" time="0.001" classname="org.molgenis.data.validation.QueryValidatorTest"/>
  <testcase name="testValidateValid" time="0.000" classname="org.molgenis.data.validation.QueryValidatorTest"/>
  <testcase name="testValidateValid" time="0.000" classname="org.molgenis.data.validation.QueryValidatorTest"/>
  <testcase name="testValidateValid" time="0.000" classname="org.molgenis.data.validation.QueryValidatorTest"/>
  <testcase name="testValidateValid" time="0.000" classname="org.molgenis.data.validation.QueryValidatorTest"/>
  <testcase name="testValidateValid" time="0.000" classname="org.molgenis.data.validation.QueryValidatorTest"/>
  <testcase name="testValidateValid" time="0.000" classname="org.molgenis.data.validation.QueryValidatorTest"/>
  <testcase name="testValidateValid" time="0.000" classname="org.molgenis.data.validation.QueryValidatorTest"/>
  <testcase name="testValidateValid" time="0.000" classname="org.molgenis.data.validation.QueryValidatorTest"/>
  <testcase name="testValidateValid" time="0.000" classname="org.molgenis.data.validation.QueryValidatorTest"/>
  <testcase name="testValidateValid" time="0.000" classname="org.molgenis.data.validation.QueryValidatorTest"/>
  <testcase name="testValidateValid" time="0.000" classname="org.molgenis.data.validation.QueryValidatorTest"/>
  <testcase name="testValidateValid" time="0.000" classname="org.molgenis.data.validation.QueryValidatorTest"/>
  <testcase name="testValidateValid" time="0.000" classname="org.molgenis.data.validation.QueryValidatorTest"/>
  <testcase name="testValidateValid" time="0.001" classname="org.molgenis.data.validation.QueryValidatorTest"/>
  <testcase name="testValidateValid" time="0.000" classname="org.molgenis.data.validation.QueryValidatorTest"/>
  <testcase name="testValidateValid" time="0.001" classname="org.molgenis.data.validation.QueryValidatorTest"/>
  <testcase name="testValidateValid" time="0.000" classname="org.molgenis.data.validation.QueryValidatorTest"/>
  <testcase name="testValidateValid" time="0.000" classname="org.molgenis.data.validation.QueryValidatorTest"/>
  <testcase name="testValidateValid" time="0.001" classname="org.molgenis.data.validation.QueryValidatorTest"/>
  <testcase name="testValidateValid" time="0.000" classname="org.molgenis.data.validation.QueryValidatorTest"/>
  <testcase name="testValidateValid" time="0.000" classname="org.molgenis.data.validation.QueryValidatorTest"/>
  <testcase name="testValidateValid" time="0.002" classname="org.molgenis.data.validation.QueryValidatorTest"/>
  <testcase name="testValidateInvalid" time="0.001" classname="org.molgenis.data.validation.QueryValidatorTest"/>
  <testcase name="testValidateValid" time="0.000" classname="org.molgenis.data.validation.QueryValidatorTest"/>
  <testcase name="testValidateValid" time="0.000" classname="org.molgenis.data.validation.QueryValidatorTest"/>
  <testcase name="testValidateValid" time="0.004" classname="org.molgenis.data.validation.QueryValidatorTest"/>
  <testcase name="testValidateValid" time="0.000" classname="org.molgenis.data.validation.QueryValidatorTest"/>
  <testcase name="testValidateValid" time="0.000" classname="org.molgenis.data.validation.QueryValidatorTest"/>
  <testcase name="testValidateInvalid" time="0.000" classname="org.molgenis.data.validation.QueryValidatorTest"/>
  <testcase name="testValidateValid" time="0.000" classname="org.molgenis.data.validation.QueryValidatorTest"/>
  <testcase name="testValidateValid" time="0.001" classname="org.molgenis.data.validation.QueryValidatorTest"/>
  <testcase name="testValidateValid" time="0.000" classname="org.molgenis.data.validation.QueryValidatorTest"/>
  <testcase name="testValidateValid" time="0.001" classname="org.molgenis.data.validation.QueryValidatorTest"/>
  <testcase name="testValidateValid" time="0.000" classname="org.molgenis.data.validation.QueryValidatorTest"/>
  <testcase name="testValidateValid" time="0.001" classname="org.molgenis.data.validation.QueryValidatorTest"/>
  <testcase name="testValidateValid" time="0.000" classname="org.molgenis.data.validation.QueryValidatorTest"/>
  <testcase name="testValidateValid" time="0.000" classname="org.molgenis.data.validation.QueryValidatorTest"/>
  <testcase name="testValidateValid" time="0.000" classname="org.molgenis.data.validation.QueryValidatorTest"/>
  <testcase name="testValidateValid" time="0.000" classname="org.molgenis.data.validation.QueryValidatorTest"/>
  <testcase name="testValidateValid" time="0.000" classname="org.molgenis.data.validation.QueryValidatorTest"/>
  <testcase name="testValidateValid" time="0.000" classname="org.molgenis.data.validation.QueryValidatorTest"/>
  <testcase name="testValidateValid" time="0.000" classname="org.molgenis.data.validation.QueryValidatorTest"/>
  <testcase name="testValidateValid" time="0.000" classname="org.molgenis.data.validation.QueryValidatorTest"/>
  <testcase name="testValidateValid" time="0.001" classname="org.molgenis.data.validation.QueryValidatorTest"/>
  <testcase name="testValidateValid" time="0.001" classname="org.molgenis.data.validation.QueryValidatorTest"/>
  <testcase name="testValidateValid" time="0.000" classname="org.molgenis.data.validation.QueryValidatorTest"/>
  <testcase name="testValidateValid" time="0.000" classname="org.molgenis.data.validation.QueryValidatorTest"/>
  <testcase name="testValidateValid" time="0.000" classname="org.molgenis.data.validation.QueryValidatorTest"/>
  <testcase name="testValidateValid" time="0.001" classname="org.molgenis.data.validation.QueryValidatorTest"/>
  <testcase name="testValidateValid" time="0.001" classname="org.molgenis.data.validation.QueryValidatorTest"/>
  <testcase name="testValidateValid" time="0.001" classname="org.molgenis.data.validation.QueryValidatorTest"/>
  <testcase name="testValidateValid" time="0.000" classname="org.molgenis.data.validation.QueryValidatorTest"/>
  <testcase name="testValidateValid" time="0.000" classname="org.molgenis.data.validation.QueryValidatorTest"/>
  <testcase name="testValidateValid" time="0.000" classname="org.molgenis.data.validation.QueryValidatorTest"/>
  <testcase name="testQueryValidator" time="0.000" classname="org.molgenis.data.validation.QueryValidatorTest"/>
  <testcase name="testValidateValid" time="0.000" classname="org.molgenis.data.validation.QueryValidatorTest"/>
  <testcase name="testValidateValid" time="0.000" classname="org.molgenis.data.validation.QueryValidatorTest"/>
  <testcase name="testValidateValid" time="0.000" classname="org.molgenis.data.validation.QueryValidatorTest"/>
  <testcase name="testValidateValid" time="0.001" classname="org.molgenis.data.validation.QueryValidatorTest"/>
  <testcase name="testValidateValid" time="0.001" classname="org.molgenis.data.validation.QueryValidatorTest"/>
  <testcase name="testValidateValid" time="0.000" classname="org.molgenis.data.validation.QueryValidatorTest"/>
  <testcase name="testValidateValid" time="0.000" classname="org.molgenis.data.validation.QueryValidatorTest"/>
  <testcase name="testValidateValid" time="0.000" classname="org.molgenis.data.validation.QueryValidatorTest"/>
  <testcase name="testValidateInvalid" time="0.000" classname="org.molgenis.data.validation.QueryValidatorTest"/>
  <testcase name="testValidateValid" time="0.000" classname="org.molgenis.data.validation.QueryValidatorTest"/>
  <testcase name="testValidateValid" time="0.000" classname="org.molgenis.data.validation.QueryValidatorTest"/>
  <testcase name="testValidateValid" time="0.000" classname="org.molgenis.data.validation.QueryValidatorTest"/>
  <testcase name="testValidateValid" time="0.000" classname="org.molgenis.data.validation.QueryValidatorTest"/>
  <testcase name="testValidateValid" time="0.000" classname="org.molgenis.data.validation.QueryValidatorTest"/>
  <testcase name="testValidateInvalid" time="0.000" classname="org.molgenis.data.validation.QueryValidatorTest"/>
  <testcase name="testValidateValid" time="0.000" classname="org.molgenis.data.validation.QueryValidatorTest"/>
  <testcase name="testValidateValid" time="0.000" classname="org.molgenis.data.validation.QueryValidatorTest"/>
  <testcase name="testValidateValid" time="0.000" classname="org.molgenis.data.validation.QueryValidatorTest"/>
  <testcase name="testValidateValid" time="0.000" classname="org.molgenis.data.validation.QueryValidatorTest"/>
  <testcase name="testValidateValid" time="0.001" classname="org.molgenis.data.validation.QueryValidatorTest"/>
  <testcase name="testValidateValid" time="0.000" classname="org.molgenis.data.validation.QueryValidatorTest"/>
  <testcase name="testValidateValid" time="0.001" classname="org.molgenis.data.validation.QueryValidatorTest"/>
  <testcase name="testValidateValid" time="0.000" classname="org.molgenis.data.validation.QueryValidatorTest"/>
  <testcase name="testValidateValid" time="0.000" classname="org.molgenis.data.validation.QueryValidatorTest"/>
  <testcase name="testValidateValid" time="0.000" classname="org.molgenis.data.validation.QueryValidatorTest"/>
  <testcase name="testValidateValid" time="0.000" classname="org.molgenis.data.validation.QueryValidatorTest"/>
  <testcase name="testValidateValid" time="0.000" classname="org.molgenis.data.validation.QueryValidatorTest"/>
  <testcase name="testValidateValid" time="0.000" classname="org.molgenis.data.validation.QueryValidatorTest"/>
  <testcase name="testValidateValid" time="0.001" classname="org.molgenis.data.validation.QueryValidatorTest"/>
  <testcase name="testValidateValid" time="0.000" classname="org.molgenis.data.validation.QueryValidatorTest"/>
  <testcase name="testValidateInvalid" time="0.002" classname="org.molgenis.data.validation.QueryValidatorTest"/>
  <testcase name="testValidateValid" time="0.000" classname="org.molgenis.data.validation.QueryValidatorTest"/>
  <testcase name="testValidateInvalid" time="0.002" classname="org.molgenis.data.validation.QueryValidatorTest"/>
  <testcase name="testValidateValid" time="0.000" classname="org.molgenis.data.validation.QueryValidatorTest"/>
  <testcase name="testValidateValid" time="0.000" classname="org.molgenis.data.validation.QueryValidatorTest"/>
  <testcase name="testValidateValid" time="0.000" classname="org.molgenis.data.validation.QueryValidatorTest"/>
  <testcase name="testValidateValid" time="0.000" classname="org.molgenis.data.validation.QueryValidatorTest"/>
  <testcase name="testValidateValid" time="0.001" classname="org.molgenis.data.validation.QueryValidatorTest"/>
  <testcase name="testValidateInvalid" time="0.001" classname="org.molgenis.data.validation.QueryValidatorTest"/>
  <testcase name="testValidateValid" time="0.001" classname="org.molgenis.data.validation.QueryValidatorTest"/>
  <testcase name="testValidateValid" time="0.000" classname="org.molgenis.data.validation.QueryValidatorTest"/>
  <testcase name="testValidateValid" time="0.001" classname="org.molgenis.data.validation.QueryValidatorTest"/>
  <testcase name="testValidateValid" time="0.000" classname="org.molgenis.data.validation.QueryValidatorTest"/>
  <testcase name="testValidateValid" time="0.001" classname="org.molgenis.data.validation.QueryValidatorTest"/>
  <testcase name="testValidateValid" time="0.001" classname="org.molgenis.data.validation.QueryValidatorTest"/>
  <testcase name="testValidateInvalid" time="0.000" classname="org.molgenis.data.validation.QueryValidatorTest"/>
  <testcase name="testValidateValid" time="0.000" classname="org.molgenis.data.validation.QueryValidatorTest"/>
  <testcase name="testValidateInvalid" time="0.001" classname="org.molgenis.data.validation.QueryValidatorTest"/>
  <testcase name="testValidateValid" time="0.000" classname="org.molgenis.data.validation.QueryValidatorTest"/>
  <testcase name="testValidateValid" time="0.000" classname="org.molgenis.data.validation.QueryValidatorTest"/>
  <testcase name="testValidateValid" time="0.000" classname="org.molgenis.data.validation.QueryValidatorTest"/>
  <testcase name="testValidateValid" time="0.000" classname="org.molgenis.data.validation.QueryValidatorTest"/>
  <testcase name="testValidateValid" time="0.000" classname="org.molgenis.data.validation.QueryValidatorTest"/>
  <testcase name="testValidateInvalid" time="0.000" classname="org.molgenis.data.validation.QueryValidatorTest"/>
  <testcase name="testValidateValid" time="0.000" classname="org.molgenis.data.validation.QueryValidatorTest"/>
  <testcase name="testValidateValid" time="0.000" classname="org.molgenis.data.validation.QueryValidatorTest"/>
  <testcase name="testValidateValid" time="0.000" classname="org.molgenis.data.validation.QueryValidatorTest"/>
  <testcase name="testValidateValid" time="0.001" classname="org.molgenis.data.validation.QueryValidatorTest"/>
  <testcase name="testValidateValid" time="0.000" classname="org.molgenis.data.validation.QueryValidatorTest"/>
  <testcase name="testValidateValid" time="0.000" classname="org.molgenis.data.validation.QueryValidatorTest"/>
  <testcase name="testValidateValid" time="0.000" classname="org.molgenis.data.validation.QueryValidatorTest"/>
  <testcase name="testValidateValid" time="0.000" classname="org.molgenis.data.validation.QueryValidatorTest"/>
  <testcase name="testValidateValid" time="0.000" classname="org.molgenis.data.validation.QueryValidatorTest"/>
  <testcase name="testValidateValid" time="0.000" classname="org.molgenis.data.validation.QueryValidatorTest"/>
  <testcase name="testValidateValid" time="0.000" classname="org.molgenis.data.validation.QueryValidatorTest"/>
  <testcase name="testValidateValid" time="0.001" classname="org.molgenis.data.validation.QueryValidatorTest"/>
  <testcase name="testValidateValid" time="0.000" classname="org.molgenis.data.validation.QueryValidatorTest"/>
  <testcase name="testValidateValid" time="0.000" classname="org.molgenis.data.validation.QueryValidatorTest"/>
  <testcase name="testValidateValid" time="0.000" classname="org.molgenis.data.validation.QueryValidatorTest"/>
  <testcase name="testValidateValid" time="0.001" classname="org.molgenis.data.validation.QueryValidatorTest"/>
  <testcase name="testValidateValid" time="0.000" classname="org.molgenis.data.validation.QueryValidatorTest"/>
  <testcase name="testValidateValid" time="0.000" classname="org.molgenis.data.validation.QueryValidatorTest"/>
  <testcase name="testValidateValid" time="0.000" classname="org.molgenis.data.validation.QueryValidatorTest"/>
  <testcase name="testValidateValid" time="0.000" classname="org.molgenis.data.validation.QueryValidatorTest"/>
  <testcase name="testValidateInvalid" time="0.000" classname="org.molgenis.data.validation.QueryValidatorTest"/>
  <testcase name="testValidateValid" time="0.000" classname="org.molgenis.data.validation.QueryValidatorTest"/>
  <testcase name="testValidateValid" time="0.000" classname="org.molgenis.data.validation.QueryValidatorTest"/>
  <testcase name="testValidateValid" time="0.000" classname="org.molgenis.data.validation.QueryValidatorTest"/>
  <testcase name="testValidateValid" time="0.000" classname="org.molgenis.data.validation.QueryValidatorTest"/>
  <testcase name="testValidateValid" time="0.000" classname="org.molgenis.data.validation.QueryValidatorTest"/>
  <testcase name="testValidateInvalid" time="0.001" classname="org.molgenis.data.validation.QueryValidatorTest"/>
  <testcase name="testValidateValid" time="0.000" classname="org.molgenis.data.validation.QueryValidatorTest"/>
  <testcase name="testValidateValid" time="0.001" classname="org.molgenis.data.validation.QueryValidatorTest"/>
  <testcase name="testValidateValid" time="0.000" classname="org.molgenis.data.validation.QueryValidatorTest"/>
  <testcase name="testValidateInvalid" time="0.000" classname="org.molgenis.data.validation.QueryValidatorTest"/>
  <testcase name="testValidateValid" time="0.000" classname="org.molgenis.data.validation.QueryValidatorTest"/>
  <testcase name="testValidateValid" time="0.001" classname="org.molgenis.data.validation.QueryValidatorTest"/>
  <testcase name="testValidateValid" time="0.000" classname="org.molgenis.data.validation.QueryValidatorTest"/>
  <testcase name="testValidateValid" time="0.000" classname="org.molgenis.data.validation.QueryValidatorTest"/>
  <testcase name="testValidateValid" time="0.001" classname="org.molgenis.data.validation.QueryValidatorTest"/>
  <testcase name="testValidateValid" time="0.000" classname="org.molgenis.data.validation.QueryValidatorTest"/>
  <testcase name="testValidateValid" time="0.000" classname="org.molgenis.data.validation.QueryValidatorTest"/>
  <testcase name="testValidateValid" time="0.000" classname="org.molgenis.data.validation.QueryValidatorTest"/>
  <testcase name="testValidateValid" time="0.000" classname="org.molgenis.data.validation.QueryValidatorTest"/>
  <testcase name="testValidateValid" time="0.000" classname="org.molgenis.data.validation.QueryValidatorTest"/>
  <testcase name="testValidateValid" time="0.000" classname="org.molgenis.data.validation.QueryValidatorTest"/>
  <testcase name="testValidateInvalid" time="0.004" classname="org.molgenis.data.validation.QueryValidatorTest"/>
  <testcase name="testValidateValid" time="0.001" classname="org.molgenis.data.validation.QueryValidatorTest"/>
  <testcase name="testValidateValid" time="0.001" classname="org.molgenis.data.validation.QueryValidatorTest"/>
  <testcase name="testValidateValid" time="0.000" classname="org.molgenis.data.validation.QueryValidatorTest"/>
  <testcase name="testValidateValid" time="0.002" classname="org.molgenis.data.validation.QueryValidatorTest"/>
  <testcase name="testValidateValid" time="0.001" classname="org.molgenis.data.validation.QueryValidatorTest"/>
  <testcase name="testValidateValid" time="0.000" classname="org.molgenis.data.validation.QueryValidatorTest"/>
  <testcase name="testValidateValid" time="0.000" classname="org.molgenis.data.validation.QueryValidatorTest"/>
  <testcase name="testValidateValid" time="0.001" classname="org.molgenis.data.validation.QueryValidatorTest"/>
  <testcase name="testValidateValid" time="0.001" classname="org.molgenis.data.validation.QueryValidatorTest"/>
  <testcase name="testValidateValid" time="0.000" classname="org.molgenis.data.validation.QueryValidatorTest"/>
  <testcase name="testValidateValid" time="0.000" classname="org.molgenis.data.validation.QueryValidatorTest"/>
  <testcase name="testValidateValid" time="0.000" classname="org.molgenis.data.validation.QueryValidatorTest"/>
  <testcase name="testValidateValid" time="0.001" classname="org.molgenis.data.validation.QueryValidatorTest"/>
  <testcase name="testValidateValid" time="0.001" classname="org.molgenis.data.validation.QueryValidatorTest"/>
  <testcase name="testValidateValid" time="0.000" classname="org.molgenis.data.validation.QueryValidatorTest"/>
  <testcase name="testValidateValid" time="0.000" classname="org.molgenis.data.validation.QueryValidatorTest"/>
  <testcase name="testValidateValid" time="0.000" classname="org.molgenis.data.validation.QueryValidatorTest"/>
</testsuite> <!-- org.molgenis.data.validation.QueryValidatorTest -->
