<?xml version="1.0" encoding="UTF-8"?>
<!-- Generated by org.testng.reporters.JUnitReportReporter -->
<testsuite hostname="spirals-vortex.lille.inria.fr" name="org.molgenis.data.validation.meta.PackageValidatorTest" tests="6" failures="0" timestamp="30 May 2018 13:30:38 GMT" time="0.982" errors="0">
  <testcase name="testValidatePackageValidName" time="0.916" classname="org.molgenis.data.validation.meta.PackageValidatorTest"/>
  <testcase name="testValidatePackageValidNameNoParent" time="0.000" classname="org.molgenis.data.validation.meta.PackageValidatorTest"/>
  <testcase name="testValidateSystemPackageInRegistry" time="0.003" classname="org.molgenis.data.validation.meta.PackageValidatorTest"/>
  <testcase name="testValidatePackageInvalidName" time="0.002" classname="org.molgenis.data.validation.meta.PackageValidatorTest"/>
  <testcase name="testValidateNonSystemPackage" time="0.022" classname="org.molgenis.data.validation.meta.PackageValidatorTest"/>
  <testcase name="testValidateSystemPackageNotInRegistry" time="0.039" classname="org.molgenis.data.validation.meta.PackageValidatorTest"/>
</testsuite> <!-- org.molgenis.data.validation.meta.PackageValidatorTest -->
