<?xml version="1.0" encoding="UTF-8"?>
<!-- Generated by org.testng.reporters.JUnitReportReporter -->
<testsuite hostname="spirals-vortex.lille.inria.fr" name="org.molgenis.data.validation.JsonValidatorTest" tests="3" failures="0" timestamp="1 Jun 2018 10:51:17 GMT" time="0.075" errors="0">
  <testcase name="testLoadSchemaInvalid" time="0.001" classname="org.molgenis.data.validation.JsonValidatorTest"/>
  <testcase name="testLoadAndValidate" time="0.060" classname="org.molgenis.data.validation.JsonValidatorTest"/>
  <testcase name="testLoadAndValidateInvalid" time="0.014" classname="org.molgenis.data.validation.JsonValidatorTest"/>
</testsuite> <!-- org.molgenis.data.validation.JsonValidatorTest -->
