<?xml version="1.0" encoding="UTF-8"?>
<!-- Generated by org.testng.reporters.JUnitReportReporter -->
<testsuite hostname="spirals-vortex.lille.inria.fr" name="org.molgenis.data.validation.QueryValidatorTest" tests="219" failures="0" timestamp="1 Jun 2018 11:17:22 GMT" time="0.055" errors="0">
  <testcase name="testValidateInvalid" time="0.000" classname="org.molgenis.data.validation.QueryValidatorTest"/>
  <testcase name="testValidateValid" time="0.000" classname="org.molgenis.data.validation.QueryValidatorTest"/>
  <testcase name="testValidateValid" time="0.000" classname="org.molgenis.data.validation.QueryValidatorTest"/>
  <testcase name="testValidateValid" time="0.001" classname="org.molgenis.data.validation.QueryValidatorTest"/>
  <testcase name="testValidateValid" time="0.000" classname="org.molgenis.data.validation.QueryValidatorTest"/>
  <testcase name="testQueryValidator" time="0.001" classname="org.molgenis.data.validation.QueryValidatorTest"/>
  <testcase name="testValidateValid" time="0.001" classname="org.molgenis.data.validation.QueryValidatorTest"/>
  <testcase name="testValidateValid" time="0.000" classname="org.molgenis.data.validation.QueryValidatorTest"/>
  <testcase name="testValidateValid" time="0.001" classname="org.molgenis.data.validation.QueryValidatorTest"/>
  <testcase name="testValidateValid" time="0.000" classname="org.molgenis.data.validation.QueryValidatorTest"/>
  <testcase name="testValidateValid" time="0.000" classname="org.molgenis.data.validation.QueryValidatorTest"/>
  <testcase name="testValidateValid" time="0.000" classname="org.molgenis.data.validation.QueryValidatorTest"/>
  <testcase name="testValidateValid" time="0.000" classname="org.molgenis.data.validation.QueryValidatorTest"/>
  <testcase name="testValidateValid" time="0.000" classname="org.molgenis.data.validation.QueryValidatorTest"/>
  <testcase name="testValidateValid" time="0.000" classname="org.molgenis.data.validation.QueryValidatorTest"/>
  <testcase name="testValidateValid" time="0.000" classname="org.molgenis.data.validation.QueryValidatorTest"/>
  <testcase name="testValidateInvalid" time="0.001" classname="org.molgenis.data.validation.QueryValidatorTest"/>
  <testcase name="testValidateValid" time="0.000" classname="org.molgenis.data.validation.QueryValidatorTest"/>
  <testcase name="testValidateValid" time="0.000" classname="org.molgenis.data.validation.QueryValidatorTest"/>
  <testcase name="testValidateValid" time="0.000" classname="org.molgenis.data.validation.QueryValidatorTest"/>
  <testcase name="testValidateValid" time="0.000" classname="org.molgenis.data.validation.QueryValidatorTest"/>
  <testcase name="testValidateValid" time="0.000" classname="org.molgenis.data.validation.QueryValidatorTest"/>
  <testcase name="testValidateValid" time="0.001" classname="org.molgenis.data.validation.QueryValidatorTest"/>
  <testcase name="testValidateInvalid" time="0.000" classname="org.molgenis.data.validation.QueryValidatorTest"/>
  <testcase name="testValidateValid" time="0.001" classname="org.molgenis.data.validation.QueryValidatorTest"/>
  <testcase name="testValidateInvalid" time="0.001" classname="org.molgenis.data.validation.QueryValidatorTest"/>
  <testcase name="testValidateValid" time="0.000" classname="org.molgenis.data.validation.QueryValidatorTest"/>
  <testcase name="testValidateInvalid" time="0.001" classname="org.molgenis.data.validation.QueryValidatorTest"/>
  <testcase name="testValidateValid" time="0.000" classname="org.molgenis.data.validation.QueryValidatorTest"/>
  <testcase name="testValidateValid" time="0.000" classname="org.molgenis.data.validation.QueryValidatorTest"/>
  <testcase name="testValidateInvalid" time="0.000" classname="org.molgenis.data.validation.QueryValidatorTest"/>
  <testcase name="testValidateValid" time="0.000" classname="org.molgenis.data.validation.QueryValidatorTest"/>
  <testcase name="testValidateValid" time="0.000" classname="org.molgenis.data.validation.QueryValidatorTest"/>
  <testcase name="testValidateValid" time="0.000" classname="org.molgenis.data.validation.QueryValidatorTest"/>
  <testcase name="testValidateValid" time="0.000" classname="org.molgenis.data.validation.QueryValidatorTest"/>
  <testcase name="testValidateValid" time="0.000" classname="org.molgenis.data.validation.QueryValidatorTest"/>
  <testcase name="testValidateValid" time="0.000" classname="org.molgenis.data.validation.QueryValidatorTest"/>
  <testcase name="testValidateValid" time="0.001" classname="org.molgenis.data.validation.QueryValidatorTest"/>
  <testcase name="testValidateValid" time="0.000" classname="org.molgenis.data.validation.QueryValidatorTest"/>
  <testcase name="testValidateValid" time="0.000" classname="org.molgenis.data.validation.QueryValidatorTest"/>
  <testcase name="testValidateInvalid" time="0.001" classname="org.molgenis.data.validation.QueryValidatorTest"/>
  <testcase name="testValidateValid" time="0.000" classname="org.molgenis.data.validation.QueryValidatorTest"/>
  <testcase name="testValidateValid" time="0.000" classname="org.molgenis.data.validation.QueryValidatorTest"/>
  <testcase name="testValidateValid" time="0.001" classname="org.molgenis.data.validation.QueryValidatorTest"/>
  <testcase name="testValidateValid" time="0.000" classname="org.molgenis.data.validation.QueryValidatorTest"/>
  <testcase name="testValidateValid" time="0.001" classname="org.molgenis.data.validation.QueryValidatorTest"/>
  <testcase name="testValidateValid" time="0.000" classname="org.molgenis.data.validation.QueryValidatorTest"/>
  <testcase name="testValidateValid" time="0.000" classname="org.molgenis.data.validation.QueryValidatorTest"/>
  <testcase name="testValidateValid" time="0.001" classname="org.molgenis.data.validation.QueryValidatorTest"/>
  <testcase name="testValidateValid" time="0.000" classname="org.molgenis.data.validation.QueryValidatorTest"/>
  <testcase name="testValidateValid" time="0.001" classname="org.molgenis.data.validation.QueryValidatorTest"/>
  <testcase name="testValidateValid" time="0.000" classname="org.molgenis.data.validation.QueryValidatorTest"/>
  <testcase name="testValidateValid" time="0.000" classname="org.molgenis.data.validation.QueryValidatorTest"/>
  <testcase name="testValidateValid" time="0.000" classname="org.molgenis.data.validation.QueryValidatorTest"/>
  <testcase name="testValidateValid" time="0.000" classname="org.molgenis.data.validation.QueryValidatorTest"/>
  <testcase name="testValidateValid" time="0.000" classname="org.molgenis.data.validation.QueryValidatorTest"/>
  <testcase name="testValidateValid" time="0.000" classname="org.molgenis.data.validation.QueryValidatorTest"/>
  <testcase name="testValidateValid" time="0.000" classname="org.molgenis.data.validation.QueryValidatorTest"/>
  <testcase name="testValidateValid" time="0.001" classname="org.molgenis.data.validation.QueryValidatorTest"/>
  <testcase name="testValidateValid" time="0.000" classname="org.molgenis.data.validation.QueryValidatorTest"/>
  <testcase name="testValidateValid" time="0.000" classname="org.molgenis.data.validation.QueryValidatorTest"/>
  <testcase name="testValidateValid" time="0.000" classname="org.molgenis.data.validation.QueryValidatorTest"/>
  <testcase name="testValidateValid" time="0.000" classname="org.molgenis.data.validation.QueryValidatorTest"/>
  <testcase name="testValidateValid" time="0.001" classname="org.molgenis.data.validation.QueryValidatorTest"/>
  <testcase name="testValidateValid" time="0.000" classname="org.molgenis.data.validation.QueryValidatorTest"/>
  <testcase name="testValidateValid" time="0.000" classname="org.molgenis.data.validation.QueryValidatorTest"/>
  <testcase name="testValidateValid" time="0.000" classname="org.molgenis.data.validation.QueryValidatorTest"/>
  <testcase name="testValidateValid" time="0.000" classname="org.molgenis.data.validation.QueryValidatorTest"/>
  <testcase name="testValidateInvalid" time="0.000" classname="org.molgenis.data.validation.QueryValidatorTest"/>
  <testcase name="testValidateValid" time="0.000" classname="org.molgenis.data.validation.QueryValidatorTest"/>
  <testcase name="testValidateValid" time="0.001" classname="org.molgenis.data.validation.QueryValidatorTest"/>
  <testcase name="testValidateValid" time="0.000" classname="org.molgenis.data.validation.QueryValidatorTest"/>
  <testcase name="testValidateValid" time="0.001" classname="org.molgenis.data.validation.QueryValidatorTest"/>
  <testcase name="testValidateValid" time="0.000" classname="org.molgenis.data.validation.QueryValidatorTest"/>
  <testcase name="testValidateInvalid" time="0.000" classname="org.molgenis.data.validation.QueryValidatorTest"/>
  <testcase name="testValidateValid" time="0.000" classname="org.molgenis.data.validation.QueryValidatorTest"/>
  <testcase name="testValidateValid" time="0.000" classname="org.molgenis.data.validation.QueryValidatorTest"/>
  <testcase name="testValidateValid" time="0.000" classname="org.molgenis.data.validation.QueryValidatorTest"/>
  <testcase name="testValidateValid" time="0.000" classname="org.molgenis.data.validation.QueryValidatorTest"/>
  <testcase name="testValidateValid" time="0.000" classname="org.molgenis.data.validation.QueryValidatorTest"/>
  <testcase name="testValidateInvalid" time="0.000" classname="org.molgenis.data.validation.QueryValidatorTest"/>
  <testcase name="testValidateValid" time="0.000" classname="org.molgenis.data.validation.QueryValidatorTest"/>
  <testcase name="testValidateValid" time="0.001" classname="org.molgenis.data.validation.QueryValidatorTest"/>
  <testcase name="testValidateValid" time="0.000" classname="org.molgenis.data.validation.QueryValidatorTest"/>
  <testcase name="testValidateValid" time="0.000" classname="org.molgenis.data.validation.QueryValidatorTest"/>
  <testcase name="testValidateValid" time="0.000" classname="org.molgenis.data.validation.QueryValidatorTest"/>
  <testcase name="testValidateValid" time="0.001" classname="org.molgenis.data.validation.QueryValidatorTest"/>
  <testcase name="testValidateValid" time="0.001" classname="org.molgenis.data.validation.QueryValidatorTest"/>
  <testcase name="testValidateValid" time="0.001" classname="org.molgenis.data.validation.QueryValidatorTest"/>
  <testcase name="testValidateValid" time="0.000" classname="org.molgenis.data.validation.QueryValidatorTest"/>
  <testcase name="testValidateValid" time="0.000" classname="org.molgenis.data.validation.QueryValidatorTest"/>
  <testcase name="testValidateValid" time="0.000" classname="org.molgenis.data.validation.QueryValidatorTest"/>
  <testcase name="testValidateValid" time="0.001" classname="org.molgenis.data.validation.QueryValidatorTest"/>
  <testcase name="testValidateValid" time="0.000" classname="org.molgenis.data.validation.QueryValidatorTest"/>
  <testcase name="testValidateValid" time="0.000" classname="org.molgenis.data.validation.QueryValidatorTest"/>
  <testcase name="testValidateValid" time="0.000" classname="org.molgenis.data.validation.QueryValidatorTest"/>
  <testcase name="testValidateValid" time="0.000" classname="org.molgenis.data.validation.QueryValidatorTest"/>
  <testcase name="testValidateValid" time="0.001" classname="org.molgenis.data.validation.QueryValidatorTest"/>
  <testcase name="testValidateValid" time="0.000" classname="org.molgenis.data.validation.QueryValidatorTest"/>
  <testcase name="testValidateValid" time="0.000" classname="org.molgenis.data.validation.QueryValidatorTest"/>
  <testcase name="testValidateValid" time="0.000" classname="org.molgenis.data.validation.QueryValidatorTest"/>
  <testcase name="testValidateValid" time="0.000" classname="org.molgenis.data.validation.QueryValidatorTest"/>
  <testcase name="testValidateValid" time="0.000" classname="org.molgenis.data.validation.QueryValidatorTest"/>
  <testcase name="testValidateValid" time="0.001" classname="org.molgenis.data.validation.QueryValidatorTest"/>
  <testcase name="testValidateValid" time="0.000" classname="org.molgenis.data.validation.QueryValidatorTest"/>
  <testcase name="testValidateValid" time="0.000" classname="org.molgenis.data.validation.QueryValidatorTest"/>
  <testcase name="testValidateInvalid" time="0.001" classname="org.molgenis.data.validation.QueryValidatorTest"/>
  <testcase name="testValidateValid" time="0.000" classname="org.molgenis.data.validation.QueryValidatorTest"/>
  <testcase name="testValidateValid" time="0.000" classname="org.molgenis.data.validation.QueryValidatorTest"/>
  <testcase name="testValidateValid" time="0.000" classname="org.molgenis.data.validation.QueryValidatorTest"/>
  <testcase name="testValidateValid" time="0.000" classname="org.molgenis.data.validation.QueryValidatorTest"/>
  <testcase name="testValidateValid" time="0.000" classname="org.molgenis.data.validation.QueryValidatorTest"/>
  <testcase name="testValidateValid" time="0.000" classname="org.molgenis.data.validation.QueryValidatorTest"/>
  <testcase name="testValidateValid" time="0.000" classname="org.molgenis.data.validation.QueryValidatorTest"/>
  <testcase name="testValidateValid" time="0.001" classname="org.molgenis.data.validation.QueryValidatorTest"/>
  <testcase name="testValidateValid" time="0.001" classname="org.molgenis.data.validation.QueryValidatorTest"/>
  <testcase name="testValidateValid" time="0.000" classname="org.molgenis.data.validation.QueryValidatorTest"/>
  <testcase name="testValidateInvalid" time="0.000" classname="org.molgenis.data.validation.QueryValidatorTest"/>
  <testcase name="testValidateValid" time="0.000" classname="org.molgenis.data.validation.QueryValidatorTest"/>
  <testcase name="testValidateValid" time="0.000" classname="org.molgenis.data.validation.QueryValidatorTest"/>
  <testcase name="testValidateValid" time="0.000" classname="org.molgenis.data.validation.QueryValidatorTest"/>
  <testcase name="testValidateValid" time="0.000" classname="org.molgenis.data.validation.QueryValidatorTest"/>
  <testcase name="testValidateValid" time="0.000" classname="org.molgenis.data.validation.QueryValidatorTest"/>
  <testcase name="testValidateInvalid" time="0.000" classname="org.molgenis.data.validation.QueryValidatorTest"/>
  <testcase name="testValidateValid" time="0.000" classname="org.molgenis.data.validation.QueryValidatorTest"/>
  <testcase name="testValidateValid" time="0.000" classname="org.molgenis.data.validation.QueryValidatorTest"/>
  <testcase name="testValidateValid" time="0.000" classname="org.molgenis.data.validation.QueryValidatorTest"/>
  <testcase name="testValidateValid" time="0.000" classname="org.molgenis.data.validation.QueryValidatorTest"/>
  <testcase name="testValidateInvalid" time="0.000" classname="org.molgenis.data.validation.QueryValidatorTest"/>
  <testcase name="testValidateValid" time="0.000" classname="org.molgenis.data.validation.QueryValidatorTest"/>
  <testcase name="testValidateValid" time="0.001" classname="org.molgenis.data.validation.QueryValidatorTest"/>
  <testcase name="testValidateValid" time="0.000" classname="org.molgenis.data.validation.QueryValidatorTest"/>
  <testcase name="testValidateValid" time="0.000" classname="org.molgenis.data.validation.QueryValidatorTest"/>
  <testcase name="testValidateValid" time="0.000" classname="org.molgenis.data.validation.QueryValidatorTest"/>
  <testcase name="testValidateValid" time="0.000" classname="org.molgenis.data.validation.QueryValidatorTest"/>
  <testcase name="testValidateValid" time="0.000" classname="org.molgenis.data.validation.QueryValidatorTest"/>
  <testcase name="testValidateValid" time="0.000" classname="org.molgenis.data.validation.QueryValidatorTest"/>
  <testcase name="testValidateValid" time="0.000" classname="org.molgenis.data.validation.QueryValidatorTest"/>
  <testcase name="testValidateValid" time="0.000" classname="org.molgenis.data.validation.QueryValidatorTest"/>
  <testcase name="testValidateValid" time="0.001" classname="org.molgenis.data.validation.QueryValidatorTest"/>
  <testcase name="testValidateValid" time="0.000" classname="org.molgenis.data.validation.QueryValidatorTest"/>
  <testcase name="testValidateValid" time="0.000" classname="org.molgenis.data.validation.QueryValidatorTest"/>
  <testcase name="testValidateValid" time="0.001" classname="org.molgenis.data.validation.QueryValidatorTest"/>
  <testcase name="testValidateValid" time="0.000" classname="org.molgenis.data.validation.QueryValidatorTest"/>
  <testcase name="testValidateValid" time="0.000" classname="org.molgenis.data.validation.QueryValidatorTest"/>
  <testcase name="testValidateValid" time="0.001" classname="org.molgenis.data.validation.QueryValidatorTest"/>
  <testcase name="testValidateValid" time="0.000" classname="org.molgenis.data.validation.QueryValidatorTest"/>
  <testcase name="testValidateValid" time="0.000" classname="org.molgenis.data.validation.QueryValidatorTest"/>
  <testcase name="testValidateValid" time="0.000" classname="org.molgenis.data.validation.QueryValidatorTest"/>
  <testcase name="testValidateValid" time="0.000" classname="org.molgenis.data.validation.QueryValidatorTest"/>
  <testcase name="testValidateValid" time="0.000" classname="org.molgenis.data.validation.QueryValidatorTest"/>
  <testcase name="testValidateValid" time="0.000" classname="org.molgenis.data.validation.QueryValidatorTest"/>
  <testcase name="testValidateValid" time="0.000" classname="org.molgenis.data.validation.QueryValidatorTest"/>
  <testcase name="testValidateValid" time="0.000" classname="org.molgenis.data.validation.QueryValidatorTest"/>
  <testcase name="testValidateInvalid" time="0.002" classname="org.molgenis.data.validation.QueryValidatorTest"/>
  <testcase name="testValidateValid" time="0.000" classname="org.molgenis.data.validation.QueryValidatorTest"/>
  <testcase name="testValidateValid" time="0.000" classname="org.molgenis.data.validation.QueryValidatorTest"/>
  <testcase name="testValidateValid" time="0.000" classname="org.molgenis.data.validation.QueryValidatorTest"/>
  <testcase name="testValidateInvalid" time="0.000" classname="org.molgenis.data.validation.QueryValidatorTest"/>
  <testcase name="testValidateValid" time="0.001" classname="org.molgenis.data.validation.QueryValidatorTest"/>
  <testcase name="testValidateInvalid" time="0.001" classname="org.molgenis.data.validation.QueryValidatorTest"/>
  <testcase name="testValidateValid" time="0.000" classname="org.molgenis.data.validation.QueryValidatorTest"/>
  <testcase name="testValidateValid" time="0.001" classname="org.molgenis.data.validation.QueryValidatorTest"/>
  <testcase name="testValidateValid" time="0.000" classname="org.molgenis.data.validation.QueryValidatorTest"/>
  <testcase name="testValidateValid" time="0.000" classname="org.molgenis.data.validation.QueryValidatorTest"/>
  <testcase name="testValidateValid" time="0.000" classname="org.molgenis.data.validation.QueryValidatorTest"/>
  <testcase name="testValidateValid" time="0.001" classname="org.molgenis.data.validation.QueryValidatorTest"/>
  <testcase name="testValidateValid" time="0.001" classname="org.molgenis.data.validation.QueryValidatorTest"/>
  <testcase name="testValidateInvalid" time="0.001" classname="org.molgenis.data.validation.QueryValidatorTest"/>
  <testcase name="testValidateValid" time="0.000" classname="org.molgenis.data.validation.QueryValidatorTest"/>
  <testcase name="testValidateValid" time="0.000" classname="org.molgenis.data.validation.QueryValidatorTest"/>
  <testcase name="testValidateValid" time="0.000" classname="org.molgenis.data.validation.QueryValidatorTest"/>
  <testcase name="testValidateValid" time="0.000" classname="org.molgenis.data.validation.QueryValidatorTest"/>
  <testcase name="testValidateValid" time="0.000" classname="org.molgenis.data.validation.QueryValidatorTest"/>
  <testcase name="testValidateValid" time="0.000" classname="org.molgenis.data.validation.QueryValidatorTest"/>
  <testcase name="testValidateValid" time="0.001" classname="org.molgenis.data.validation.QueryValidatorTest"/>
  <testcase name="testValidateValid" time="0.000" classname="org.molgenis.data.validation.QueryValidatorTest"/>
  <testcase name="testValidateValid" time="0.000" classname="org.molgenis.data.validation.QueryValidatorTest"/>
  <testcase name="testValidateValid" time="0.000" classname="org.molgenis.data.validation.QueryValidatorTest"/>
  <testcase name="testValidateValid" time="0.000" classname="org.molgenis.data.validation.QueryValidatorTest"/>
  <testcase name="testValidateValid" time="0.000" classname="org.molgenis.data.validation.QueryValidatorTest"/>
  <testcase name="testValidateValid" time="0.001" classname="org.molgenis.data.validation.QueryValidatorTest"/>
  <testcase name="testValidateValid" time="0.000" classname="org.molgenis.data.validation.QueryValidatorTest"/>
  <testcase name="testValidateValid" time="0.000" classname="org.molgenis.data.validation.QueryValidatorTest"/>
  <testcase name="testValidateValid" time="0.000" classname="org.molgenis.data.validation.QueryValidatorTest"/>
  <testcase name="testValidateValid" time="0.000" classname="org.molgenis.data.validation.QueryValidatorTest"/>
  <testcase name="testValidateInvalid" time="0.003" classname="org.molgenis.data.validation.QueryValidatorTest"/>
  <testcase name="testValidateValid" time="0.000" classname="org.molgenis.data.validation.QueryValidatorTest"/>
  <testcase name="testValidateValid" time="0.000" classname="org.molgenis.data.validation.QueryValidatorTest"/>
  <testcase name="testValidateValid" time="0.001" classname="org.molgenis.data.validation.QueryValidatorTest"/>
  <testcase name="testValidateValid" time="0.001" classname="org.molgenis.data.validation.QueryValidatorTest"/>
  <testcase name="testValidateValid" time="0.000" classname="org.molgenis.data.validation.QueryValidatorTest"/>
  <testcase name="testValidateValid" time="0.001" classname="org.molgenis.data.validation.QueryValidatorTest"/>
  <testcase name="testValidateValid" time="0.000" classname="org.molgenis.data.validation.QueryValidatorTest"/>
  <testcase name="testValidateValid" time="0.000" classname="org.molgenis.data.validation.QueryValidatorTest"/>
  <testcase name="testValidateValid" time="0.000" classname="org.molgenis.data.validation.QueryValidatorTest"/>
  <testcase name="testValidateValid" time="0.001" classname="org.molgenis.data.validation.QueryValidatorTest"/>
  <testcase name="testValidateValid" time="0.000" classname="org.molgenis.data.validation.QueryValidatorTest"/>
  <testcase name="testValidateValid" time="0.001" classname="org.molgenis.data.validation.QueryValidatorTest"/>
  <testcase name="testValidateValid" time="0.000" classname="org.molgenis.data.validation.QueryValidatorTest"/>
  <testcase name="testValidateValid" time="0.000" classname="org.molgenis.data.validation.QueryValidatorTest"/>
  <testcase name="testValidateValid" time="0.001" classname="org.molgenis.data.validation.QueryValidatorTest"/>
  <testcase name="testValidateValid" time="0.000" classname="org.molgenis.data.validation.QueryValidatorTest"/>
  <testcase name="testValidateValid" time="0.000" classname="org.molgenis.data.validation.QueryValidatorTest"/>
  <testcase name="testValidateValid" time="0.000" classname="org.molgenis.data.validation.QueryValidatorTest"/>
  <testcase name="testValidateValid" time="0.002" classname="org.molgenis.data.validation.QueryValidatorTest"/>
  <testcase name="testValidateValid" time="0.000" classname="org.molgenis.data.validation.QueryValidatorTest"/>
  <testcase name="testValidateValid" time="0.000" classname="org.molgenis.data.validation.QueryValidatorTest"/>
  <testcase name="testValidateValid" time="0.000" classname="org.molgenis.data.validation.QueryValidatorTest"/>
  <testcase name="testValidateValid" time="0.000" classname="org.molgenis.data.validation.QueryValidatorTest"/>
  <testcase name="testValidateValid" time="0.000" classname="org.molgenis.data.validation.QueryValidatorTest"/>
  <testcase name="testValidateValid" time="0.000" classname="org.molgenis.data.validation.QueryValidatorTest"/>
  <testcase name="testValidateValid" time="0.000" classname="org.molgenis.data.validation.QueryValidatorTest"/>
  <testcase name="testValidateValid" time="0.000" classname="org.molgenis.data.validation.QueryValidatorTest"/>
  <testcase name="testValidateInvalid" time="0.001" classname="org.molgenis.data.validation.QueryValidatorTest"/>
  <testcase name="testValidateValid" time="0.000" classname="org.molgenis.data.validation.QueryValidatorTest"/>
  <testcase name="testValidateValid" time="0.000" classname="org.molgenis.data.validation.QueryValidatorTest"/>
  <testcase name="testValidateValid" time="0.000" classname="org.molgenis.data.validation.QueryValidatorTest"/>
  <testcase name="testValidateValid" time="0.000" classname="org.molgenis.data.validation.QueryValidatorTest"/>
</testsuite> <!-- org.molgenis.data.validation.QueryValidatorTest -->
