<?xml version="1.0" encoding="UTF-8"?>
<!-- Generated by org.testng.reporters.JUnitReportReporter -->
<testsuite hostname="spirals-vortex.lille.inria.fr" name="org.molgenis.data.validation.meta.EntityTypeRepositoryValidationDecoratorTest" tests="9" failures="0" timestamp="1 Jun 2018 11:17:22 GMT" time="0.015" errors="0">
  <testcase name="updateEntityStreamInvalid" time="0.001" classname="org.molgenis.data.validation.meta.EntityTypeRepositoryValidationDecoratorTest"/>
  <testcase name="EntityTypeRepositoryValidationDecorator" time="0.000" classname="org.molgenis.data.validation.meta.EntityTypeRepositoryValidationDecoratorTest"/>
  <testcase name="addEntityStreamInvalid" time="0.002" classname="org.molgenis.data.validation.meta.EntityTypeRepositoryValidationDecoratorTest"/>
  <testcase name="updateEntityStreamValid" time="0.011" classname="org.molgenis.data.validation.meta.EntityTypeRepositoryValidationDecoratorTest"/>
  <testcase name="addEntityStreamValid" time="0.000" classname="org.molgenis.data.validation.meta.EntityTypeRepositoryValidationDecoratorTest"/>
  <testcase name="addEntityInvalid" time="0.000" classname="org.molgenis.data.validation.meta.EntityTypeRepositoryValidationDecoratorTest"/>
  <testcase name="updateEntityValid" time="0.001" classname="org.molgenis.data.validation.meta.EntityTypeRepositoryValidationDecoratorTest"/>
  <testcase name="addEntityValid" time="0.000" classname="org.molgenis.data.validation.meta.EntityTypeRepositoryValidationDecoratorTest"/>
  <testcase name="updateEntityInvalid" time="0.000" classname="org.molgenis.data.validation.meta.EntityTypeRepositoryValidationDecoratorTest"/>
</testsuite> <!-- org.molgenis.data.validation.meta.EntityTypeRepositoryValidationDecoratorTest -->
