<?xml version="1.0" encoding="UTF-8"?>
<!-- Generated by org.testng.reporters.JUnitReportReporter -->
<testsuite hostname="spirals-vortex.lille.inria.fr" name="org.molgenis.data.validation.meta.TagValidatorTest" tests="2" failures="0" timestamp="30 May 2018 12:45:08 GMT" time="1.121" errors="0">
  <testcase name="validateValid" time="0.001" classname="org.molgenis.data.validation.meta.TagValidatorTest"/>
  <testcase name="validateInvalid" time="1.120" classname="org.molgenis.data.validation.meta.TagValidatorTest"/>
</testsuite> <!-- org.molgenis.data.validation.meta.TagValidatorTest -->
