<?xml version="1.0" encoding="UTF-8"?>
<!-- Generated by org.testng.reporters.JUnitReportReporter -->
<testsuite hostname="spirals-vortex.lille.inria.fr" name="org.molgenis.data.validation.ConstraintViolationTest" tests="2" failures="0" timestamp="1 Jun 2018 11:17:22 GMT" time="0.001" errors="0">
  <testcase name="renumberRowIndexRowNumber" time="0.000" classname="org.molgenis.data.validation.ConstraintViolationTest"/>
  <testcase name="renumberRowIndexNoRowNumber" time="0.001" classname="org.molgenis.data.validation.ConstraintViolationTest"/>
</testsuite> <!-- org.molgenis.data.validation.ConstraintViolationTest -->
