<?xml version="1.0" encoding="UTF-8"?>
<!-- Generated by org.testng.reporters.JUnitReportReporter -->
<testsuite hostname="spirals-vortex.lille.inria.fr" name="org.molgenis.data.validation.ConstraintViolationTest" tests="2" failures="0" timestamp="30 May 2018 13:30:38 GMT" time="0.000" errors="0">
  <testcase name="renumberRowIndexNoRowNumber" time="0.000" classname="org.molgenis.data.validation.ConstraintViolationTest"/>
  <testcase name="renumberRowIndexRowNumber" time="0.000" classname="org.molgenis.data.validation.ConstraintViolationTest"/>
</testsuite> <!-- org.molgenis.data.validation.ConstraintViolationTest -->
