<?xml version="1.0" encoding="UTF-8"?>
<!-- Generated by org.testng.reporters.JUnitReportReporter -->
<testsuite hostname="spirals-vortex.lille.inria.fr" name="org.molgenis.data.validation.meta.AttributeRepositoryValidationDecoratorTest" tests="9" failures="0" timestamp="30 May 2018 13:30:38 GMT" time="0.231" errors="0">
  <testcase name="addEntityStreamInvalid" time="0.002" classname="org.molgenis.data.validation.meta.AttributeRepositoryValidationDecoratorTest"/>
  <testcase name="addEntityStreamValid" time="0.003" classname="org.molgenis.data.validation.meta.AttributeRepositoryValidationDecoratorTest"/>
  <testcase name="attributeRepositoryValidationDecorator" time="0.000" classname="org.molgenis.data.validation.meta.AttributeRepositoryValidationDecoratorTest"/>
  <testcase name="updateEntityStreamValid" time="0.000" classname="org.molgenis.data.validation.meta.AttributeRepositoryValidationDecoratorTest"/>
  <testcase name="updateAttributeValid" time="0.001" classname="org.molgenis.data.validation.meta.AttributeRepositoryValidationDecoratorTest"/>
  <testcase name="addEntityInvalid" time="0.191" classname="org.molgenis.data.validation.meta.AttributeRepositoryValidationDecoratorTest"/>
  <testcase name="updateEntityInvalid" time="0.000" classname="org.molgenis.data.validation.meta.AttributeRepositoryValidationDecoratorTest"/>
  <testcase name="addEntityValid" time="0.033" classname="org.molgenis.data.validation.meta.AttributeRepositoryValidationDecoratorTest"/>
  <testcase name="updateEntityStreamInvalid" time="0.001" classname="org.molgenis.data.validation.meta.AttributeRepositoryValidationDecoratorTest"/>
</testsuite> <!-- org.molgenis.data.validation.meta.AttributeRepositoryValidationDecoratorTest -->
