<?xml version="1.0" encoding="UTF-8"?>
<!-- Generated by org.testng.reporters.JUnitReportReporter -->
<testsuite hostname="spirals-vortex.lille.inria.fr" name="org.molgenis.data.validation.meta.TagRepositoryValidationDecoratorTest" tests="9" failures="0" timestamp="30 May 2018 13:30:38 GMT" time="0.089" errors="0">
  <testcase name="testUpdateStreamValid" time="0.013" classname="org.molgenis.data.validation.meta.TagRepositoryValidationDecoratorTest"/>
  <testcase name="testUpdateValid" time="0.001" classname="org.molgenis.data.validation.meta.TagRepositoryValidationDecoratorTest"/>
  <testcase name="testAddStreamValid" time="0.008" classname="org.molgenis.data.validation.meta.TagRepositoryValidationDecoratorTest"/>
  <testcase name="testAddStreamInvalid" time="0.002" classname="org.molgenis.data.validation.meta.TagRepositoryValidationDecoratorTest"/>
  <testcase name="testUpdateInvalid" time="0.001" classname="org.molgenis.data.validation.meta.TagRepositoryValidationDecoratorTest"/>
  <testcase name="testAddInValid" time="0.061" classname="org.molgenis.data.validation.meta.TagRepositoryValidationDecoratorTest"/>
  <testcase name="tagRepositoryValidationDecorator" time="0.001" classname="org.molgenis.data.validation.meta.TagRepositoryValidationDecoratorTest"/>
  <testcase name="testAddValid" time="0.001" classname="org.molgenis.data.validation.meta.TagRepositoryValidationDecoratorTest"/>
  <testcase name="testUpdateStreamInvalid" time="0.001" classname="org.molgenis.data.validation.meta.TagRepositoryValidationDecoratorTest"/>
</testsuite> <!-- org.molgenis.data.validation.meta.TagRepositoryValidationDecoratorTest -->
