<?xml version="1.0" encoding="UTF-8"?>
<!-- Generated by org.testng.reporters.JUnitReportReporter -->
<testsuite hostname="spirals-vortex.lille.inria.fr" name="org.molgenis.data.validation.DefaultValueReferenceValidatorImplTest" tests="11" failures="0" timestamp="30 May 2018 12:45:08 GMT" time="0.070" errors="0">
  <testcase name="testValidateEntitiesNotReferencedValidationException" time="0.001" classname="org.molgenis.data.validation.DefaultValueReferenceValidatorImplTest"/>
  <testcase name="testValidateEntityNotReferencedByIdValidationException" time="0.001" classname="org.molgenis.data.validation.DefaultValueReferenceValidatorImplTest"/>
  <testcase name="testValidateEntitiesNotReferenced" time="0.055" classname="org.molgenis.data.validation.DefaultValueReferenceValidatorImplTest"/>
  <testcase name="testValidateEntitiesNotReferencedById" time="0.004" classname="org.molgenis.data.validation.DefaultValueReferenceValidatorImplTest"/>
  <testcase name="testValidateEntityTypeNotReferenced" time="0.001" classname="org.molgenis.data.validation.DefaultValueReferenceValidatorImplTest"/>
  <testcase name="testDefaultValueReferenceValidatorImpl" time="0.000" classname="org.molgenis.data.validation.DefaultValueReferenceValidatorImplTest"/>
  <testcase name="testValidateEntitiesNotReferencedByIdValidationException" time="0.004" classname="org.molgenis.data.validation.DefaultValueReferenceValidatorImplTest"/>
  <testcase name="testValidateEntityTypeNotReferencedValidationException" time="0.001" classname="org.molgenis.data.validation.DefaultValueReferenceValidatorImplTest"/>
  <testcase name="testValidateEntityNotReferenced" time="0.001" classname="org.molgenis.data.validation.DefaultValueReferenceValidatorImplTest"/>
  <testcase name="testValidateEntityNotReferencedById" time="0.001" classname="org.molgenis.data.validation.DefaultValueReferenceValidatorImplTest"/>
  <testcase name="testValidateEntityNotReferencedValidationException" time="0.001" classname="org.molgenis.data.validation.DefaultValueReferenceValidatorImplTest"/>
</testsuite> <!-- org.molgenis.data.validation.DefaultValueReferenceValidatorImplTest -->
