<?xml version="1.0" encoding="UTF-8"?>
<!-- Generated by org.testng.reporters.JUnitReportReporter -->
<testsuite hostname="spirals-vortex.lille.inria.fr" name="org.molgenis.data.validation.meta.PackageValidatorTest" tests="6" failures="0" timestamp="30 May 2018 12:45:08 GMT" time="0.026" errors="0">
  <testcase name="testValidatePackageValidNameNoParent" time="0.000" classname="org.molgenis.data.validation.meta.PackageValidatorTest"/>
  <testcase name="testValidateSystemPackageNotInRegistry" time="0.009" classname="org.molgenis.data.validation.meta.PackageValidatorTest"/>
  <testcase name="testValidatePackageInvalidName" time="0.001" classname="org.molgenis.data.validation.meta.PackageValidatorTest"/>
  <testcase name="testValidateNonSystemPackage" time="0.015" classname="org.molgenis.data.validation.meta.PackageValidatorTest"/>
  <testcase name="testValidateSystemPackageInRegistry" time="0.000" classname="org.molgenis.data.validation.meta.PackageValidatorTest"/>
  <testcase name="testValidatePackageValidName" time="0.001" classname="org.molgenis.data.validation.meta.PackageValidatorTest"/>
</testsuite> <!-- org.molgenis.data.validation.meta.PackageValidatorTest -->
