<?xml version="1.0" encoding="UTF-8"?>
<!-- Generated by org.testng.reporters.JUnitReportReporter -->
<testsuite hostname="spirals-vortex.lille.inria.fr" name="org.molgenis.data.validation.EntityAttributesValidatorTest" tests="18" failures="0" timestamp="30 May 2018 12:45:08 GMT" time="0.064" errors="0">
  <testcase name="testGetDataValuesForTypeLong" time="0.003" classname="org.molgenis.data.validation.EntityAttributesValidatorTest"/>
  <testcase name="checkMrefValid" time="0.003" classname="org.molgenis.data.validation.EntityAttributesValidatorTest"/>
  <testcase name="checkXrefEntityWrongType" time="0.002" classname="org.molgenis.data.validation.EntityAttributesValidatorTest"/>
  <testcase name="validateNullableExpression" time="0.009" classname="org.molgenis.data.validation.EntityAttributesValidatorTest"/>
  <testcase name="checkXrefEntityWrongType" time="0.005" classname="org.molgenis.data.validation.EntityAttributesValidatorTest"/>
  <testcase name="checkRangeMaxOnlyInvalid" time="0.005" classname="org.molgenis.data.validation.EntityAttributesValidatorTest"/>
  <testcase name="testGetDataValuesForTypeInt" time="0.004" classname="org.molgenis.data.validation.EntityAttributesValidatorTest"/>
  <testcase name="checkMrefNullValue" time="0.004" classname="org.molgenis.data.validation.EntityAttributesValidatorTest"/>
  <testcase name="checkMrefValid" time="0.003" classname="org.molgenis.data.validation.EntityAttributesValidatorTest"/>
  <testcase name="checkXrefValid" time="0.003" classname="org.molgenis.data.validation.EntityAttributesValidatorTest"/>
  <testcase name="checkXrefValid" time="0.001" classname="org.molgenis.data.validation.EntityAttributesValidatorTest"/>
  <testcase name="testGetDataValuesForTypeDecimal" time="0.003" classname="org.molgenis.data.validation.EntityAttributesValidatorTest"/>
  <testcase name="checkMrefValidWrongType" time="0.001" classname="org.molgenis.data.validation.EntityAttributesValidatorTest"/>
  <testcase name="checkRangeMaxOnly" time="0.005" classname="org.molgenis.data.validation.EntityAttributesValidatorTest"/>
  <testcase name="checkRangeMinOnlyInvalid" time="0.003" classname="org.molgenis.data.validation.EntityAttributesValidatorTest"/>
  <testcase name="checkMrefValidWrongType" time="0.004" classname="org.molgenis.data.validation.EntityAttributesValidatorTest"/>
  <testcase name="checkRangeMinOnly" time="0.003" classname="org.molgenis.data.validation.EntityAttributesValidatorTest"/>
  <testcase name="checkMrefNullValue" time="0.003" classname="org.molgenis.data.validation.EntityAttributesValidatorTest"/>
</testsuite> <!-- org.molgenis.data.validation.EntityAttributesValidatorTest -->
