<?xml version="1.0" encoding="UTF-8"?>
<!-- Generated by org.testng.reporters.JUnitReportReporter -->
<testsuite hostname="spirals-vortex.lille.inria.fr" name="org.molgenis.data.validation.meta.NameValidatorTest" tests="10" failures="0" timestamp="30 May 2018 12:45:08 GMT" time="0.002" errors="0">
  <testcase name="testI18nTooLong" time="0.000" classname="org.molgenis.data.validation.meta.NameValidatorTest"/>
  <testcase name="testUnderscoreAttr" time="0.000" classname="org.molgenis.data.validation.meta.NameValidatorTest"/>
  <testcase name="testI18nName" time="0.000" classname="org.molgenis.data.validation.meta.NameValidatorTest"/>
  <testcase name="testReservedKeyword" time="0.000" classname="org.molgenis.data.validation.meta.NameValidatorTest"/>
  <testcase name="testI18nMissing" time="0.000" classname="org.molgenis.data.validation.meta.NameValidatorTest"/>
  <testcase name="testI18nUpperCase" time="0.001" classname="org.molgenis.data.validation.meta.NameValidatorTest"/>
  <testcase name="testValidateNameStartsWithDigit" time="0.001" classname="org.molgenis.data.validation.meta.NameValidatorTest"/>
  <testcase name="testI18nNumber" time="0.000" classname="org.molgenis.data.validation.meta.NameValidatorTest"/>
  <testcase name="testI18nNameMilti" time="0.000" classname="org.molgenis.data.validation.meta.NameValidatorTest"/>
  <testcase name="testValidateNameInvalidCharacters" time="0.000" classname="org.molgenis.data.validation.meta.NameValidatorTest"/>
</testsuite> <!-- org.molgenis.data.validation.meta.NameValidatorTest -->
