<?xml version="1.0" encoding="UTF-8"?>
<!-- Generated by org.testng.reporters.JUnitReportReporter -->
<testsuite hostname="spirals-vortex.lille.inria.fr" name="org.molgenis.data.validation.meta.EntityTypeValidatorTest" tests="35" failures="0" timestamp="1 Jun 2018 10:51:17 GMT" time="0.591" errors="0">
  <testcase name="testValidateLabelAttributeNullIdAttributeInvisible" time="0.003" classname="org.molgenis.data.validation.meta.EntityTypeValidatorTest"/>
  <testcase name="testValidatePackageNull" time="0.003" classname="org.molgenis.data.validation.meta.EntityTypeValidatorTest"/>
  <testcase name="testValidateOwnLookupAttributesInvisible" time="0.009" classname="org.molgenis.data.validation.meta.EntityTypeValidatorTest"/>
  <testcase name="testValidateOwnLabelAttributeNotInAttributeMap" time="0.004" classname="org.molgenis.data.validation.meta.EntityTypeValidatorTest"/>
  <testcase name="testValidateOwnLookupAttributesNotInAttributeMap" time="0.002" classname="org.molgenis.data.validation.meta.EntityTypeValidatorTest"/>
  <testcase name="testValidateOwnLookupAttributesValid" time="0.002" classname="org.molgenis.data.validation.meta.EntityTypeValidatorTest"/>
  <testcase name="testValidateOwnIdAttributeNullParentIdNull" time="0.002" classname="org.molgenis.data.validation.meta.EntityTypeValidatorTest"/>
  <testcase name="testValidateBackendInvalid" time="0.004" classname="org.molgenis.data.validation.meta.EntityTypeValidatorTest"/>
  <testcase name="testValidateOwnLabelAttributeValid" time="0.001" classname="org.molgenis.data.validation.meta.EntityTypeValidatorTest"/>
  <testcase name="testValidateOwnIdAttributeNullAbstract" time="0.002" classname="org.molgenis.data.validation.meta.EntityTypeValidatorTest"/>
  <testcase name="testValidateEntityIdValid" time="0.003" classname="org.molgenis.data.validation.meta.EntityTypeValidatorTest"/>
  <testcase name="testValidateExtendsValid" time="0.002" classname="org.molgenis.data.validation.meta.EntityTypeValidatorTest"/>
  <testcase name="testValidateLabelIsWhiteSpace" time="0.002" classname="org.molgenis.data.validation.meta.EntityTypeValidatorTest"/>
  <testcase name="testValidateOwnIdAttributeInvalidType" time="0.010" classname="org.molgenis.data.validation.meta.EntityTypeValidatorTest"/>
  <testcase name="testValidateLabelIsValid" time="0.002" classname="org.molgenis.data.validation.meta.EntityTypeValidatorTest"/>
  <testcase name="testValidatePackageNonSystem" time="0.002" classname="org.molgenis.data.validation.meta.EntityTypeValidatorTest"/>
  <testcase name="testValidateOwnLookupAttributesEmpty" time="0.002" classname="org.molgenis.data.validation.meta.EntityTypeValidatorTest"/>
  <testcase name="testValidateOwnIdAttributeNillable" time="0.001" classname="org.molgenis.data.validation.meta.EntityTypeValidatorTest"/>
  <testcase name="testValidateOwnIdAttributeParentHasIdAttribute" time="0.001" classname="org.molgenis.data.validation.meta.EntityTypeValidatorTest"/>
  <testcase name="testValidateSystemPackageInvalid" time="0.003" classname="org.molgenis.data.validation.meta.EntityTypeValidatorTest"/>
  <testcase name="testValidateValid" time="0.004" classname="org.molgenis.data.validation.meta.EntityTypeValidatorTest"/>
  <testcase name="testValidateOwnAttributesNoAttributes" time="0.003" classname="org.molgenis.data.validation.meta.EntityTypeValidatorTest"/>
  <testcase name="testValidateExtendsNonAbstract" time="0.003" classname="org.molgenis.data.validation.meta.EntityTypeValidatorTest"/>
  <testcase name="testValidateEntityIdIsReservedKeyword" time="0.002" classname="org.molgenis.data.validation.meta.EntityTypeValidatorTest"/>
  <testcase name="testValidateSystemPackageValid" time="0.002" classname="org.molgenis.data.validation.meta.EntityTypeValidatorTest"/>
  <testcase name="testValidateLabelAttributeIdHidden" time="0.002" classname="org.molgenis.data.validation.meta.EntityTypeValidatorTest"/>
  <testcase name="testValidateOwnLabelAttributeNullIdAttributeVisible" time="0.002" classname="org.molgenis.data.validation.meta.EntityTypeValidatorTest"/>
  <testcase name="testValidateOwnIdAttributeNotListedInAllAttributes" time="0.002" classname="org.molgenis.data.validation.meta.EntityTypeValidatorTest"/>
  <testcase name="testValidateOwnIdAttributeNotUnique" time="0.453" classname="org.molgenis.data.validation.meta.EntityTypeValidatorTest"/>
  <testcase name="testValidateOwnAttributesAttributesWithSameName" time="0.037" classname="org.molgenis.data.validation.meta.EntityTypeValidatorTest"/>
  <testcase name="testValidateBackendValid" time="0.003" classname="org.molgenis.data.validation.meta.EntityTypeValidatorTest"/>
  <testcase name="testValidateLabelIsEmpty" time="0.002" classname="org.molgenis.data.validation.meta.EntityTypeValidatorTest"/>
  <testcase name="testValidateOwnIdAttributeNull" time="0.011" classname="org.molgenis.data.validation.meta.EntityTypeValidatorTest"/>
  <testcase name="testValidateOwnLabelAttributeAbstractEntity" time="0.001" classname="org.molgenis.data.validation.meta.EntityTypeValidatorTest"/>
  <testcase name="testValidateLabelAttributeHidden" time="0.004" classname="org.molgenis.data.validation.meta.EntityTypeValidatorTest"/>
</testsuite> <!-- org.molgenis.data.validation.meta.EntityTypeValidatorTest -->
