<?xml version="1.0" encoding="UTF-8"?>
<!-- Generated by org.testng.reporters.JUnitReportReporter -->
<testsuite hostname="spirals-vortex.lille.inria.fr" name="org.molgenis.data.validation.QueryValidationRepositoryDecoratorTest" tests="7" failures="0" timestamp="30 May 2018 13:30:38 GMT" time="0.018" errors="0">
  <testcase name="testFindOneQueryValid" time="0.013" classname="org.molgenis.data.validation.QueryValidationRepositoryDecoratorTest"/>
  <testcase name="testFindAllQueryValid" time="0.001" classname="org.molgenis.data.validation.QueryValidationRepositoryDecoratorTest"/>
  <testcase name="testCountQueryInvalid" time="0.002" classname="org.molgenis.data.validation.QueryValidationRepositoryDecoratorTest"/>
  <testcase name="testCountQueryValid" time="0.001" classname="org.molgenis.data.validation.QueryValidationRepositoryDecoratorTest"/>
  <testcase name="testQueryValidationRepositoryDecorator" time="0.001" classname="org.molgenis.data.validation.QueryValidationRepositoryDecoratorTest"/>
  <testcase name="testFindAllQueryInvalid" time="0.000" classname="org.molgenis.data.validation.QueryValidationRepositoryDecoratorTest"/>
  <testcase name="testFindOneQueryInvalid" time="0.000" classname="org.molgenis.data.validation.QueryValidationRepositoryDecoratorTest"/>
</testsuite> <!-- org.molgenis.data.validation.QueryValidationRepositoryDecoratorTest -->
