<?xml version="1.0" encoding="UTF-8"?>
<!-- Generated by org.testng.reporters.JUnitReportReporter -->
<testsuite hostname="spirals-vortex.lille.inria.fr" name="org.molgenis.data.validation.DefaultValueReferenceValidatorImplTest" tests="11" failures="0" timestamp="1 Jun 2018 10:51:17 GMT" time="0.074" errors="0">
  <testcase name="testValidateEntityTypeNotReferencedValidationException" time="0.002" classname="org.molgenis.data.validation.DefaultValueReferenceValidatorImplTest"/>
  <testcase name="testValidateEntityNotReferencedById" time="0.001" classname="org.molgenis.data.validation.DefaultValueReferenceValidatorImplTest"/>
  <testcase name="testDefaultValueReferenceValidatorImpl" time="0.001" classname="org.molgenis.data.validation.DefaultValueReferenceValidatorImplTest"/>
  <testcase name="testValidateEntityNotReferencedValidationException" time="0.001" classname="org.molgenis.data.validation.DefaultValueReferenceValidatorImplTest"/>
  <testcase name="testValidateEntitiesNotReferencedByIdValidationException" time="0.005" classname="org.molgenis.data.validation.DefaultValueReferenceValidatorImplTest"/>
  <testcase name="testValidateEntitiesNotReferencedById" time="0.003" classname="org.molgenis.data.validation.DefaultValueReferenceValidatorImplTest"/>
  <testcase name="testValidateEntityNotReferenced" time="0.002" classname="org.molgenis.data.validation.DefaultValueReferenceValidatorImplTest"/>
  <testcase name="testValidateEntityNotReferencedByIdValidationException" time="0.001" classname="org.molgenis.data.validation.DefaultValueReferenceValidatorImplTest"/>
  <testcase name="testValidateEntitiesNotReferenced" time="0.054" classname="org.molgenis.data.validation.DefaultValueReferenceValidatorImplTest"/>
  <testcase name="testValidateEntitiesNotReferencedValidationException" time="0.003" classname="org.molgenis.data.validation.DefaultValueReferenceValidatorImplTest"/>
  <testcase name="testValidateEntityTypeNotReferenced" time="0.001" classname="org.molgenis.data.validation.DefaultValueReferenceValidatorImplTest"/>
</testsuite> <!-- org.molgenis.data.validation.DefaultValueReferenceValidatorImplTest -->
