<?xml version="1.0" encoding="UTF-8"?>
<!-- Generated by org.testng.reporters.JUnitReportReporter -->
<testsuite hostname="spirals-vortex.lille.inria.fr" name="org.molgenis.data.validation.meta.PackageRepositoryValidationDecoratorTest" tests="18" failures="0" timestamp="1 Jun 2018 10:51:17 GMT" time="0.049" errors="0">
  <testcase name="testDeleteValid" time="0.001" classname="org.molgenis.data.validation.meta.PackageRepositoryValidationDecoratorTest"/>
  <testcase name="testDeleteAllInvalid" time="0.002" classname="org.molgenis.data.validation.meta.PackageRepositoryValidationDecoratorTest"/>
  <testcase name="testDeleteStreamInvalid" time="0.002" classname="org.molgenis.data.validation.meta.PackageRepositoryValidationDecoratorTest"/>
  <testcase name="testDeleteByIdInvalid" time="0.001" classname="org.molgenis.data.validation.meta.PackageRepositoryValidationDecoratorTest"/>
  <testcase name="testAddValid" time="0.000" classname="org.molgenis.data.validation.meta.PackageRepositoryValidationDecoratorTest"/>
  <testcase name="testDeleteAllStreamValid" time="0.001" classname="org.molgenis.data.validation.meta.PackageRepositoryValidationDecoratorTest"/>
  <testcase name="testDeleteInvalid" time="0.000" classname="org.molgenis.data.validation.meta.PackageRepositoryValidationDecoratorTest"/>
  <testcase name="testAddStreamInvalid" time="0.003" classname="org.molgenis.data.validation.meta.PackageRepositoryValidationDecoratorTest"/>
  <testcase name="testDeleteAllStreamInvalid" time="0.012" classname="org.molgenis.data.validation.meta.PackageRepositoryValidationDecoratorTest"/>
  <testcase name="testUpdateStreamValid" time="0.017" classname="org.molgenis.data.validation.meta.PackageRepositoryValidationDecoratorTest"/>
  <testcase name="testUpdateInvalid" time="0.002" classname="org.molgenis.data.validation.meta.PackageRepositoryValidationDecoratorTest"/>
  <testcase name="testAddInvalid" time="0.001" classname="org.molgenis.data.validation.meta.PackageRepositoryValidationDecoratorTest"/>
  <testcase name="testUpdateValid" time="0.000" classname="org.molgenis.data.validation.meta.PackageRepositoryValidationDecoratorTest"/>
  <testcase name="testUpdateStreamInvalid" time="0.004" classname="org.molgenis.data.validation.meta.PackageRepositoryValidationDecoratorTest"/>
  <testcase name="testAddStreamValid" time="0.001" classname="org.molgenis.data.validation.meta.PackageRepositoryValidationDecoratorTest"/>
  <testcase name="testDeleteByIdValid" time="0.001" classname="org.molgenis.data.validation.meta.PackageRepositoryValidationDecoratorTest"/>
  <testcase name="testDeleteAllValid" time="0.001" classname="org.molgenis.data.validation.meta.PackageRepositoryValidationDecoratorTest"/>
  <testcase name="testDeleteStreamValid" time="0.000" classname="org.molgenis.data.validation.meta.PackageRepositoryValidationDecoratorTest"/>
</testsuite> <!-- org.molgenis.data.validation.meta.PackageRepositoryValidationDecoratorTest -->
