<?xml version="1.0" encoding="UTF-8"?>
<!-- Generated by org.testng.reporters.JUnitReportReporter -->
<testsuite hostname="spirals-vortex.lille.inria.fr" name="org.molgenis.data.postgresql.PostgreSqlRepositoryTest" tests="11" failures="0" timestamp="1 Jun 2018 11:20:30 GMT" time="0.218" errors="0">
  <testcase name="testAddEntityNull" time="0.001" classname="org.molgenis.data.postgresql.PostgreSqlRepositoryTest"/>
  <testcase name="testMrefIdRowCallbackHandlerInvalidType" time="0.129" classname="org.molgenis.data.postgresql.PostgreSqlRepositoryTest"/>
  <testcase name="testMrefIdRowCallbackHandlerString" time="0.001" classname="org.molgenis.data.postgresql.PostgreSqlRepositoryTest"/>
  <testcase name="testMrefIdRowCallbackHandlerInvalidType" time="0.001" classname="org.molgenis.data.postgresql.PostgreSqlRepositoryTest"/>
  <testcase name="testUpdateEntitiesExist" time="0.021" classname="org.molgenis.data.postgresql.PostgreSqlRepositoryTest"/>
  <testcase name="testUpdateEntityDoesNotExist" time="0.015" classname="org.molgenis.data.postgresql.PostgreSqlRepositoryTest"/>
  <testcase name="testMrefIdRowCallbackHandlerString" time="0.009" classname="org.molgenis.data.postgresql.PostgreSqlRepositoryTest"/>
  <testcase name="countQueryOneToManyEquals" time="0.004" classname="org.molgenis.data.postgresql.PostgreSqlRepositoryTest"/>
  <testcase name="testMrefIdRowCallbackHandlerString" time="0.000" classname="org.molgenis.data.postgresql.PostgreSqlRepositoryTest"/>
  <testcase name="findAllQueryOneToManyEquals" time="0.028" classname="org.molgenis.data.postgresql.PostgreSqlRepositoryTest"/>
  <testcase name="testMrefValueTooLong" time="0.009" classname="org.molgenis.data.postgresql.PostgreSqlRepositoryTest"/>
</testsuite> <!-- org.molgenis.data.postgresql.PostgreSqlRepositoryTest -->
