<?xml version="1.0" encoding="UTF-8"?>
<!-- Generated by org.testng.reporters.JUnitReportReporter -->
<testsuite hostname="spirals-vortex.lille.inria.fr" name="org.molgenis.data.postgresql.PostgreSqlExceptionTranslatorTest" tests="28" failures="0" timestamp="1 Jun 2018 11:20:30 GMT" time="0.426" errors="0">
  <testcase name="translateValueTooLongViolation" time="0.001" classname="org.molgenis.data.postgresql.PostgreSqlExceptionTranslatorTest"/>
  <testcase name="translateUndefinedColumnException" time="0.001" classname="org.molgenis.data.postgresql.PostgreSqlExceptionTranslatorTest"/>
  <testcase name="translateDependentObjectsStillExistOneDependentTableSingleDependency" time="0.002" classname="org.molgenis.data.postgresql.PostgreSqlExceptionTranslatorTest"/>
  <testcase name="translateNotNullViolationNoDoubleQuotes" time="0.002" classname="org.molgenis.data.postgresql.PostgreSqlExceptionTranslatorTest"/>
  <testcase name="translateForeignKeyViolationBadMessage" time="0.001" classname="org.molgenis.data.postgresql.PostgreSqlExceptionTranslatorTest"/>
  <testcase name="translateUniqueKeyViolationBadMessage" time="0.002" classname="org.molgenis.data.postgresql.PostgreSqlExceptionTranslatorTest"/>
  <testcase name="translateDependentObjectsStillExistMultipleDependentTables" time="0.005" classname="org.molgenis.data.postgresql.PostgreSqlExceptionTranslatorTest"/>
  <testcase name="translateNotNullViolationBadMessage" time="0.000" classname="org.molgenis.data.postgresql.PostgreSqlExceptionTranslatorTest"/>
  <testcase name="translateUniqueKeyViolationKeyIsDuplicatedDoubleQuotes" time="0.000" classname="org.molgenis.data.postgresql.PostgreSqlExceptionTranslatorTest"/>
  <testcase name="translateInvalidIntegerExceptionDouble" time="0.002" classname="org.molgenis.data.postgresql.PostgreSqlExceptionTranslatorTest"/>
  <testcase name="translateInvalidIntegerExceptionInteger" time="0.001" classname="org.molgenis.data.postgresql.PostgreSqlExceptionTranslatorTest"/>
  <testcase name="translateNotNullViolation" time="0.001" classname="org.molgenis.data.postgresql.PostgreSqlExceptionTranslatorTest"/>
  <testcase name="translateUniqueKeyViolationDoubleQuotes" time="0.002" classname="org.molgenis.data.postgresql.PostgreSqlExceptionTranslatorTest"/>
  <testcase name="translateInvalidIntegerExceptionBoolean" time="0.002" classname="org.molgenis.data.postgresql.PostgreSqlExceptionTranslatorTest"/>
  <testcase name="translateInvalidIntegerExceptionDate" time="0.002" classname="org.molgenis.data.postgresql.PostgreSqlExceptionTranslatorTest"/>
  <testcase name="translateForeignKeyViolationNotPresent" time="0.001" classname="org.molgenis.data.postgresql.PostgreSqlExceptionTranslatorTest"/>
  <testcase name="translateInvalidIntegerExceptionDateTime" time="0.001" classname="org.molgenis.data.postgresql.PostgreSqlExceptionTranslatorTest"/>
  <testcase name="PostgreSqlExceptionTranslator" time="0.001" classname="org.molgenis.data.postgresql.PostgreSqlExceptionTranslatorTest"/>
  <testcase name="translateUniqueKeyViolationCompositeKey" time="0.001" classname="org.molgenis.data.postgresql.PostgreSqlExceptionTranslatorTest"/>
  <testcase name="translateReadonlyViolationNoDoubleQuotes" time="0.001" classname="org.molgenis.data.postgresql.PostgreSqlExceptionTranslatorTest"/>
  <testcase name="translateDependentObjectsStillExistOneDependentTableMultipleDependencies" time="0.001" classname="org.molgenis.data.postgresql.PostgreSqlExceptionTranslatorTest"/>
  <testcase name="translateCheckConstraintViolation" time="0.036" classname="org.molgenis.data.postgresql.PostgreSqlExceptionTranslatorTest"/>
  <testcase name="translateForeignKeyViolationStillReferenced" time="0.000" classname="org.molgenis.data.postgresql.PostgreSqlExceptionTranslatorTest"/>
  <testcase name="translateDependentObjectsStillExistNoDoubleQuotes" time="0.354" classname="org.molgenis.data.postgresql.PostgreSqlExceptionTranslatorTest"/>
  <testcase name="translateReadonlyViolation" time="0.000" classname="org.molgenis.data.postgresql.PostgreSqlExceptionTranslatorTest"/>
  <testcase name="translateUniqueKeyViolationKeyIsDuplicated" time="0.001" classname="org.molgenis.data.postgresql.PostgreSqlExceptionTranslatorTest"/>
  <testcase name="translateForeignKeyViolation" time="0.003" classname="org.molgenis.data.postgresql.PostgreSqlExceptionTranslatorTest"/>
  <testcase name="translateUniqueKeyViolation" time="0.002" classname="org.molgenis.data.postgresql.PostgreSqlExceptionTranslatorTest"/>
</testsuite> <!-- org.molgenis.data.postgresql.PostgreSqlExceptionTranslatorTest -->
