<?xml version="1.0" encoding="UTF-8"?>
<!-- Generated by org.testng.reporters.JUnitReportReporter -->
<testsuite hostname="spirals-vortex.lille.inria.fr" name="org.molgenis.data.postgresql.PostgreSqlUtilsTest" tests="106" failures="0" timestamp="30 May 2018 13:33:11 GMT" time="0.020" errors="0">
  <testcase name="getPostgreSqlValueQuery" time="0.000" classname="org.molgenis.data.postgresql.PostgreSqlUtilsTest"/>
  <testcase name="getPostgreSqlValue" time="0.000" classname="org.molgenis.data.postgresql.PostgreSqlUtilsTest"/>
  <testcase name="getPostgreSqlValueQuery" time="0.000" classname="org.molgenis.data.postgresql.PostgreSqlUtilsTest"/>
  <testcase name="getPostgreSqlValueQuery" time="0.000" classname="org.molgenis.data.postgresql.PostgreSqlUtilsTest"/>
  <testcase name="getPostgreSqlValue" time="0.000" classname="org.molgenis.data.postgresql.PostgreSqlUtilsTest"/>
  <testcase name="getPostgreSqlValueQueryException" time="0.000" classname="org.molgenis.data.postgresql.PostgreSqlUtilsTest"/>
  <testcase name="getPostgreSqlValueQuery" time="0.000" classname="org.molgenis.data.postgresql.PostgreSqlUtilsTest"/>
  <testcase name="getPostgreSqlValueQuery" time="0.000" classname="org.molgenis.data.postgresql.PostgreSqlUtilsTest"/>
  <testcase name="getPostgreSqlValue" time="0.000" classname="org.molgenis.data.postgresql.PostgreSqlUtilsTest"/>
  <testcase name="getPostgreSqlValueQueryException" time="0.000" classname="org.molgenis.data.postgresql.PostgreSqlUtilsTest"/>
  <testcase name="getPostgreSqlValueQuery" time="0.001" classname="org.molgenis.data.postgresql.PostgreSqlUtilsTest"/>
  <testcase name="getPostgreSqlValueQuery" time="0.000" classname="org.molgenis.data.postgresql.PostgreSqlUtilsTest"/>
  <testcase name="getPostgreSqlValue" time="0.000" classname="org.molgenis.data.postgresql.PostgreSqlUtilsTest"/>
  <testcase name="getPostgreSqlValueQuery" time="0.000" classname="org.molgenis.data.postgresql.PostgreSqlUtilsTest"/>
  <testcase name="getPostgreSqlValue" time="0.001" classname="org.molgenis.data.postgresql.PostgreSqlUtilsTest"/>
  <testcase name="getPostgreSqlValue" time="0.000" classname="org.molgenis.data.postgresql.PostgreSqlUtilsTest"/>
  <testcase name="getPostgreSqlValue" time="0.000" classname="org.molgenis.data.postgresql.PostgreSqlUtilsTest"/>
  <testcase name="getPostgreSqlValue" time="0.000" classname="org.molgenis.data.postgresql.PostgreSqlUtilsTest"/>
  <testcase name="getPostgreSqlValue" time="0.001" classname="org.molgenis.data.postgresql.PostgreSqlUtilsTest"/>
  <testcase name="getPostgreSqlValue" time="0.000" classname="org.molgenis.data.postgresql.PostgreSqlUtilsTest"/>
  <testcase name="getPostgreSqlValueQuery" time="0.000" classname="org.molgenis.data.postgresql.PostgreSqlUtilsTest"/>
  <testcase name="getPostgreSqlValueQuery" time="0.000" classname="org.molgenis.data.postgresql.PostgreSqlUtilsTest"/>
  <testcase name="getPostgreSqlValueQueryException" time="0.000" classname="org.molgenis.data.postgresql.PostgreSqlUtilsTest"/>
  <testcase name="getPostgreSqlValueQueryException" time="0.000" classname="org.molgenis.data.postgresql.PostgreSqlUtilsTest"/>
  <testcase name="getPostgreSqlValue" time="0.001" classname="org.molgenis.data.postgresql.PostgreSqlUtilsTest"/>
  <testcase name="getPostgreSqlValueCompound" time="0.001" classname="org.molgenis.data.postgresql.PostgreSqlUtilsTest"/>
  <testcase name="getPostgreSqlValueQuery" time="0.000" classname="org.molgenis.data.postgresql.PostgreSqlUtilsTest"/>
  <testcase name="getPostgreSqlValueQueryException" time="0.001" classname="org.molgenis.data.postgresql.PostgreSqlUtilsTest"/>
  <testcase name="getPostgreSqlValueQuery" time="0.000" classname="org.molgenis.data.postgresql.PostgreSqlUtilsTest"/>
  <testcase name="getPostgreSqlValueQuery" time="0.001" classname="org.molgenis.data.postgresql.PostgreSqlUtilsTest"/>
  <testcase name="getPostgreSqlValueQuery" time="0.000" classname="org.molgenis.data.postgresql.PostgreSqlUtilsTest"/>
  <testcase name="getPostgreSqlValueQuery" time="0.000" classname="org.molgenis.data.postgresql.PostgreSqlUtilsTest"/>
  <testcase name="getPostgreSqlValueQueryException" time="0.000" classname="org.molgenis.data.postgresql.PostgreSqlUtilsTest"/>
  <testcase name="getPostgreSqlValue" time="0.000" classname="org.molgenis.data.postgresql.PostgreSqlUtilsTest"/>
  <testcase name="getPostgreSqlValue" time="0.000" classname="org.molgenis.data.postgresql.PostgreSqlUtilsTest"/>
  <testcase name="getPostgreSqlValue" time="0.000" classname="org.molgenis.data.postgresql.PostgreSqlUtilsTest"/>
  <testcase name="getPostgreSqlValueQueryException" time="0.000" classname="org.molgenis.data.postgresql.PostgreSqlUtilsTest"/>
  <testcase name="getPostgreSqlValue" time="0.000" classname="org.molgenis.data.postgresql.PostgreSqlUtilsTest"/>
  <testcase name="getPostgreSqlValueQuery" time="0.001" classname="org.molgenis.data.postgresql.PostgreSqlUtilsTest"/>
  <testcase name="getPostgreSqlValue" time="0.000" classname="org.molgenis.data.postgresql.PostgreSqlUtilsTest"/>
  <testcase name="getPostgreSqlValue" time="0.001" classname="org.molgenis.data.postgresql.PostgreSqlUtilsTest"/>
  <testcase name="getPostgreSqlValue" time="0.000" classname="org.molgenis.data.postgresql.PostgreSqlUtilsTest"/>
  <testcase name="getPostgreSqlValueQuery" time="0.000" classname="org.molgenis.data.postgresql.PostgreSqlUtilsTest"/>
  <testcase name="getPostgreSqlValueQuery" time="0.000" classname="org.molgenis.data.postgresql.PostgreSqlUtilsTest"/>
  <testcase name="getPostgreSqlValueQueryException" time="0.001" classname="org.molgenis.data.postgresql.PostgreSqlUtilsTest"/>
  <testcase name="getPostgreSqlValue" time="0.000" classname="org.molgenis.data.postgresql.PostgreSqlUtilsTest"/>
  <testcase name="getPostgreSqlValueQuery" time="0.000" classname="org.molgenis.data.postgresql.PostgreSqlUtilsTest"/>
  <testcase name="getPostgreSqlValueQueryException" time="0.000" classname="org.molgenis.data.postgresql.PostgreSqlUtilsTest"/>
  <testcase name="getPostgreSqlValue" time="0.001" classname="org.molgenis.data.postgresql.PostgreSqlUtilsTest"/>
  <testcase name="getPostgreSqlValue" time="0.000" classname="org.molgenis.data.postgresql.PostgreSqlUtilsTest"/>
  <testcase name="getPostgreSqlValue" time="0.000" classname="org.molgenis.data.postgresql.PostgreSqlUtilsTest"/>
  <testcase name="getPostgreSqlValueQuery" time="0.000" classname="org.molgenis.data.postgresql.PostgreSqlUtilsTest"/>
  <testcase name="getPostgreSqlValueQuery" time="0.000" classname="org.molgenis.data.postgresql.PostgreSqlUtilsTest"/>
  <testcase name="getPostgreSqlValue" time="0.000" classname="org.molgenis.data.postgresql.PostgreSqlUtilsTest"/>
  <testcase name="getPostgreSqlValueQuery" time="0.001" classname="org.molgenis.data.postgresql.PostgreSqlUtilsTest"/>
  <testcase name="getPostgreSqlValueQuery" time="0.000" classname="org.molgenis.data.postgresql.PostgreSqlUtilsTest"/>
  <testcase name="getPostgreSqlValueQuery" time="0.000" classname="org.molgenis.data.postgresql.PostgreSqlUtilsTest"/>
  <testcase name="getPostgreSqlValue" time="0.000" classname="org.molgenis.data.postgresql.PostgreSqlUtilsTest"/>
  <testcase name="getPostgreSqlValueQueryException" time="0.000" classname="org.molgenis.data.postgresql.PostgreSqlUtilsTest"/>
  <testcase name="getPostgreSqlValueQuery" time="0.000" classname="org.molgenis.data.postgresql.PostgreSqlUtilsTest"/>
  <testcase name="getPostgreSqlValueQueryException" time="0.000" classname="org.molgenis.data.postgresql.PostgreSqlUtilsTest"/>
  <testcase name="getPostgreSqlValueQuery" time="0.000" classname="org.molgenis.data.postgresql.PostgreSqlUtilsTest"/>
  <testcase name="getPostgreSqlValue" time="0.000" classname="org.molgenis.data.postgresql.PostgreSqlUtilsTest"/>
  <testcase name="getPostgreSqlValueQuery" time="0.000" classname="org.molgenis.data.postgresql.PostgreSqlUtilsTest"/>
  <testcase name="getPostgreSqlValueQuery" time="0.001" classname="org.molgenis.data.postgresql.PostgreSqlUtilsTest"/>
  <testcase name="getPostgreSqlValueQuery" time="0.000" classname="org.molgenis.data.postgresql.PostgreSqlUtilsTest"/>
  <testcase name="getPostgreSqlValueQueryException" time="0.000" classname="org.molgenis.data.postgresql.PostgreSqlUtilsTest"/>
  <testcase name="getPostgreSqlValueQuery" time="0.000" classname="org.molgenis.data.postgresql.PostgreSqlUtilsTest"/>
  <testcase name="getPostgreSqlValueQuery" time="0.000" classname="org.molgenis.data.postgresql.PostgreSqlUtilsTest"/>
  <testcase name="getPostgreSqlValueQuery" time="0.000" classname="org.molgenis.data.postgresql.PostgreSqlUtilsTest"/>
  <testcase name="getPostgreSqlValue" time="0.000" classname="org.molgenis.data.postgresql.PostgreSqlUtilsTest"/>
  <testcase name="getPostgreSqlValue" time="0.000" classname="org.molgenis.data.postgresql.PostgreSqlUtilsTest"/>
  <testcase name="getPostgreSqlValueQueryException" time="0.000" classname="org.molgenis.data.postgresql.PostgreSqlUtilsTest"/>
  <testcase name="getPostgreSqlValueQuery" time="0.001" classname="org.molgenis.data.postgresql.PostgreSqlUtilsTest"/>
  <testcase name="getPostgreSqlValue" time="0.001" classname="org.molgenis.data.postgresql.PostgreSqlUtilsTest"/>
  <testcase name="getPostgreSqlValue" time="0.000" classname="org.molgenis.data.postgresql.PostgreSqlUtilsTest"/>
  <testcase name="getPostgreSqlValueQuery" time="0.000" classname="org.molgenis.data.postgresql.PostgreSqlUtilsTest"/>
  <testcase name="getPostgreSqlValueQuery" time="0.000" classname="org.molgenis.data.postgresql.PostgreSqlUtilsTest"/>
  <testcase name="getPostgreSqlValueQuery" time="0.000" classname="org.molgenis.data.postgresql.PostgreSqlUtilsTest"/>
  <testcase name="getPostgreSqlValueQuery" time="0.000" classname="org.molgenis.data.postgresql.PostgreSqlUtilsTest"/>
  <testcase name="getPostgreSqlValueQuery" time="0.000" classname="org.molgenis.data.postgresql.PostgreSqlUtilsTest"/>
  <testcase name="getPostgreSqlValueQueryCompound" time="0.001" classname="org.molgenis.data.postgresql.PostgreSqlUtilsTest"/>
  <testcase name="getPostgreSqlValueQueryException" time="0.000" classname="org.molgenis.data.postgresql.PostgreSqlUtilsTest"/>
  <testcase name="getPostgreSqlValueQueryException" time="0.000" classname="org.molgenis.data.postgresql.PostgreSqlUtilsTest"/>
  <testcase name="getPostgreSqlValueQuery" time="0.000" classname="org.molgenis.data.postgresql.PostgreSqlUtilsTest"/>
  <testcase name="getPostgreSqlValueQueryException" time="0.000" classname="org.molgenis.data.postgresql.PostgreSqlUtilsTest"/>
  <testcase name="getPostgreSqlValue" time="0.000" classname="org.molgenis.data.postgresql.PostgreSqlUtilsTest"/>
  <testcase name="getPostgreSqlValue" time="0.000" classname="org.molgenis.data.postgresql.PostgreSqlUtilsTest"/>
  <testcase name="getPostgreSqlValueQueryException" time="0.000" classname="org.molgenis.data.postgresql.PostgreSqlUtilsTest"/>
  <testcase name="getPostgreSqlValueQueryException" time="0.000" classname="org.molgenis.data.postgresql.PostgreSqlUtilsTest"/>
  <testcase name="getPostgreSqlValue" time="0.000" classname="org.molgenis.data.postgresql.PostgreSqlUtilsTest"/>
  <testcase name="getPostgreSqlValueQueryException" time="0.001" classname="org.molgenis.data.postgresql.PostgreSqlUtilsTest"/>
  <testcase name="getPostgreSqlValueQuery" time="0.000" classname="org.molgenis.data.postgresql.PostgreSqlUtilsTest"/>
  <testcase name="getPostgreSqlValue" time="0.000" classname="org.molgenis.data.postgresql.PostgreSqlUtilsTest"/>
  <testcase name="getPostgreSqlValueQueryException" time="0.000" classname="org.molgenis.data.postgresql.PostgreSqlUtilsTest"/>
  <testcase name="getPostgreSqlValueQueryException" time="0.001" classname="org.molgenis.data.postgresql.PostgreSqlUtilsTest"/>
  <testcase name="getPostgreSqlValueQuery" time="0.000" classname="org.molgenis.data.postgresql.PostgreSqlUtilsTest"/>
  <testcase name="getPostgreSqlValueQuery" time="0.001" classname="org.molgenis.data.postgresql.PostgreSqlUtilsTest"/>
  <testcase name="getPostgreSqlValueQueryException" time="0.000" classname="org.molgenis.data.postgresql.PostgreSqlUtilsTest"/>
  <testcase name="getPostgreSqlValueQuery" time="0.000" classname="org.molgenis.data.postgresql.PostgreSqlUtilsTest"/>
  <testcase name="getPostgreSqlValue" time="0.000" classname="org.molgenis.data.postgresql.PostgreSqlUtilsTest"/>
  <testcase name="getPostgreSqlValueQuery" time="0.000" classname="org.molgenis.data.postgresql.PostgreSqlUtilsTest"/>
  <testcase name="getPostgreSqlValue" time="0.001" classname="org.molgenis.data.postgresql.PostgreSqlUtilsTest"/>
  <testcase name="getPostgreSqlValue" time="0.000" classname="org.molgenis.data.postgresql.PostgreSqlUtilsTest"/>
  <testcase name="getPostgreSqlValue" time="0.000" classname="org.molgenis.data.postgresql.PostgreSqlUtilsTest"/>
  <testcase name="getPostgreSqlValueQueryException" time="0.000" classname="org.molgenis.data.postgresql.PostgreSqlUtilsTest"/>
</testsuite> <!-- org.molgenis.data.postgresql.PostgreSqlUtilsTest -->
