<?xml version="1.0" encoding="UTF-8"?>
<!-- Generated by org.testng.reporters.JUnitReportReporter -->
<testsuite hostname="spirals-vortex.lille.inria.fr" name="org.molgenis.data.postgresql.PostgreSqlRepositoryCollectionDecoratorTest" tests="5" failures="0" timestamp="30 May 2018 13:33:11 GMT" time="0.046" errors="0">
  <testcase name="testUpdateAttribute" time="0.002" classname="org.molgenis.data.postgresql.PostgreSqlRepositoryCollectionDecoratorTest"/>
  <testcase name="testAddAttribute" time="0.005" classname="org.molgenis.data.postgresql.PostgreSqlRepositoryCollectionDecoratorTest"/>
  <testcase name="testDeleteRepository" time="0.001" classname="org.molgenis.data.postgresql.PostgreSqlRepositoryCollectionDecoratorTest"/>
  <testcase name="testDeleteAttribute" time="0.001" classname="org.molgenis.data.postgresql.PostgreSqlRepositoryCollectionDecoratorTest"/>
  <testcase name="testCreateRepository" time="0.037" classname="org.molgenis.data.postgresql.PostgreSqlRepositoryCollectionDecoratorTest"/>
</testsuite> <!-- org.molgenis.data.postgresql.PostgreSqlRepositoryCollectionDecoratorTest -->
