<?xml version="1.0" encoding="UTF-8"?>
<!-- Generated by org.testng.reporters.JUnitReportReporter -->
<testsuite hostname="spirals-vortex.lille.inria.fr" name="org.molgenis.data.postgresql.transaction.PostgreSqlTransactionManagerTest" tests="1" failures="0" timestamp="30 May 2018 13:33:11 GMT" time="0.043" errors="0">
  <testcase name="doGetTransaction" time="0.043" classname="org.molgenis.data.postgresql.transaction.PostgreSqlTransactionManagerTest"/>
</testsuite> <!-- org.molgenis.data.postgresql.transaction.PostgreSqlTransactionManagerTest -->
