<?xml version="1.0" encoding="UTF-8"?>
<!-- Generated by org.testng.reporters.JUnitReportReporter -->
<testsuite hostname="spirals-vortex.lille.inria.fr" name="org.molgenis.data.postgresql.PostgreSqlQueryUtilsTest" tests="44" failures="0" timestamp="30 May 2018 13:33:11 GMT" time="0.022" errors="0">
  <testcase name="getPersistedAttributes" time="0.000" classname="org.molgenis.data.postgresql.PostgreSqlQueryUtilsTest"/>
  <testcase name="getPersistedAttributes" time="0.000" classname="org.molgenis.data.postgresql.PostgreSqlQueryUtilsTest"/>
  <testcase name="getPersistedAttributes" time="0.001" classname="org.molgenis.data.postgresql.PostgreSqlQueryUtilsTest"/>
  <testcase name="getPersistedAttributes" time="0.001" classname="org.molgenis.data.postgresql.PostgreSqlQueryUtilsTest"/>
  <testcase name="getPersistedAttributes" time="0.000" classname="org.molgenis.data.postgresql.PostgreSqlQueryUtilsTest"/>
  <testcase name="isTableAttributeStringAttr" time="0.001" classname="org.molgenis.data.postgresql.PostgreSqlQueryUtilsTest"/>
  <testcase name="getPersistedAttributes" time="0.001" classname="org.molgenis.data.postgresql.PostgreSqlQueryUtilsTest"/>
  <testcase name="getPersistedAttributes" time="0.000" classname="org.molgenis.data.postgresql.PostgreSqlQueryUtilsTest"/>
  <testcase name="getPersistedAttributes" time="0.000" classname="org.molgenis.data.postgresql.PostgreSqlQueryUtilsTest"/>
  <testcase name="getPersistedAttributes" time="0.001" classname="org.molgenis.data.postgresql.PostgreSqlQueryUtilsTest"/>
  <testcase name="getPersistedAttributes" time="0.000" classname="org.molgenis.data.postgresql.PostgreSqlQueryUtilsTest"/>
  <testcase name="getPersistedAttributes" time="0.000" classname="org.molgenis.data.postgresql.PostgreSqlQueryUtilsTest"/>
  <testcase name="getPersistedAttributes" time="0.000" classname="org.molgenis.data.postgresql.PostgreSqlQueryUtilsTest"/>
  <testcase name="getPersistedAttributes" time="0.000" classname="org.molgenis.data.postgresql.PostgreSqlQueryUtilsTest"/>
  <testcase name="getPersistedAttributes" time="0.000" classname="org.molgenis.data.postgresql.PostgreSqlQueryUtilsTest"/>
  <testcase name="getPersistedAttributes" time="0.001" classname="org.molgenis.data.postgresql.PostgreSqlQueryUtilsTest"/>
  <testcase name="getJunctionTableAttributes" time="0.002" classname="org.molgenis.data.postgresql.PostgreSqlQueryUtilsTest"/>
  <testcase name="getPersistedAttributes" time="0.000" classname="org.molgenis.data.postgresql.PostgreSqlQueryUtilsTest"/>
  <testcase name="getPersistedAttributes" time="0.000" classname="org.molgenis.data.postgresql.PostgreSqlQueryUtilsTest"/>
  <testcase name="getPersistedAttributes" time="0.001" classname="org.molgenis.data.postgresql.PostgreSqlQueryUtilsTest"/>
  <testcase name="getPersistedAttributes" time="0.000" classname="org.molgenis.data.postgresql.PostgreSqlQueryUtilsTest"/>
  <testcase name="getPersistedAttributes" time="0.001" classname="org.molgenis.data.postgresql.PostgreSqlQueryUtilsTest"/>
  <testcase name="getPersistedAttributes" time="0.001" classname="org.molgenis.data.postgresql.PostgreSqlQueryUtilsTest"/>
  <testcase name="getPersistedAttributes" time="0.000" classname="org.molgenis.data.postgresql.PostgreSqlQueryUtilsTest"/>
  <testcase name="getPersistedAttributes" time="0.000" classname="org.molgenis.data.postgresql.PostgreSqlQueryUtilsTest"/>
  <testcase name="getPersistedAttributes" time="0.001" classname="org.molgenis.data.postgresql.PostgreSqlQueryUtilsTest"/>
  <testcase name="getPersistedAttributes" time="0.000" classname="org.molgenis.data.postgresql.PostgreSqlQueryUtilsTest"/>
  <testcase name="getPersistedAttributes" time="0.000" classname="org.molgenis.data.postgresql.PostgreSqlQueryUtilsTest"/>
  <testcase name="getPersistedAttributes" time="0.001" classname="org.molgenis.data.postgresql.PostgreSqlQueryUtilsTest"/>
  <testcase name="getPersistedAttributes" time="0.000" classname="org.molgenis.data.postgresql.PostgreSqlQueryUtilsTest"/>
  <testcase name="getPersistedAttributes" time="0.000" classname="org.molgenis.data.postgresql.PostgreSqlQueryUtilsTest"/>
  <testcase name="getPersistedAttributes" time="0.001" classname="org.molgenis.data.postgresql.PostgreSqlQueryUtilsTest"/>
  <testcase name="isTableAttributeMrefAttr" time="0.000" classname="org.molgenis.data.postgresql.PostgreSqlQueryUtilsTest"/>
  <testcase name="getPersistedAttributes" time="0.001" classname="org.molgenis.data.postgresql.PostgreSqlQueryUtilsTest"/>
  <testcase name="getTableAttributes" time="0.001" classname="org.molgenis.data.postgresql.PostgreSqlQueryUtilsTest"/>
  <testcase name="getPersistedAttributes" time="0.001" classname="org.molgenis.data.postgresql.PostgreSqlQueryUtilsTest"/>
  <testcase name="getPersistedAttributes" time="0.001" classname="org.molgenis.data.postgresql.PostgreSqlQueryUtilsTest"/>
  <testcase name="getPersistedAttributes" time="0.001" classname="org.molgenis.data.postgresql.PostgreSqlQueryUtilsTest"/>
  <testcase name="getPersistedAttributes" time="0.001" classname="org.molgenis.data.postgresql.PostgreSqlQueryUtilsTest"/>
  <testcase name="getPersistedAttributes" time="0.001" classname="org.molgenis.data.postgresql.PostgreSqlQueryUtilsTest"/>
  <testcase name="getPersistedAttributes" time="0.000" classname="org.molgenis.data.postgresql.PostgreSqlQueryUtilsTest"/>
  <testcase name="getPersistedAttributes" time="0.001" classname="org.molgenis.data.postgresql.PostgreSqlQueryUtilsTest"/>
  <testcase name="getPersistedAttributes" time="0.000" classname="org.molgenis.data.postgresql.PostgreSqlQueryUtilsTest"/>
  <testcase name="getPersistedAttributes" time="0.000" classname="org.molgenis.data.postgresql.PostgreSqlQueryUtilsTest"/>
</testsuite> <!-- org.molgenis.data.postgresql.PostgreSqlQueryUtilsTest -->
