<?xml version="1.0" encoding="UTF-8"?>
<!-- Generated by org.testng.reporters.JUnitReportReporter -->
<testsuite hostname="spirals-vortex.lille.inria.fr" name="org.molgenis.data.postgresql.PostgreSqlIdGeneratorTest" tests="10" failures="0" timestamp="1 Jun 2018 11:20:30 GMT" time="0.004" errors="0">
  <testcase name="testGenerateIdAttribute" time="0.001" classname="org.molgenis.data.postgresql.PostgreSqlIdGeneratorTest"/>
  <testcase name="testTableIdGenerator" time="0.001" classname="org.molgenis.data.postgresql.PostgreSqlIdGeneratorTest"/>
  <testcase name="testGenerateIdEntityType" time="0.001" classname="org.molgenis.data.postgresql.PostgreSqlIdGeneratorTest"/>
  <testcase name="testGenerateIdAttribute" time="0.000" classname="org.molgenis.data.postgresql.PostgreSqlIdGeneratorTest"/>
  <testcase name="testGenerateIdAttribute" time="0.000" classname="org.molgenis.data.postgresql.PostgreSqlIdGeneratorTest"/>
  <testcase name="testGenerateIdAttribute" time="0.000" classname="org.molgenis.data.postgresql.PostgreSqlIdGeneratorTest"/>
  <testcase name="testGenerateIdAttribute" time="0.000" classname="org.molgenis.data.postgresql.PostgreSqlIdGeneratorTest"/>
  <testcase name="testGenerateIdEntityType" time="0.000" classname="org.molgenis.data.postgresql.PostgreSqlIdGeneratorTest"/>
  <testcase name="testGenerateIdEntityType" time="0.000" classname="org.molgenis.data.postgresql.PostgreSqlIdGeneratorTest"/>
  <testcase name="testGenerateIdEntityType" time="0.001" classname="org.molgenis.data.postgresql.PostgreSqlIdGeneratorTest"/>
</testsuite> <!-- org.molgenis.data.postgresql.PostgreSqlIdGeneratorTest -->
