<?xml version="1.0" encoding="UTF-8"?>
<!-- Generated by org.testng.reporters.JUnitReportReporter -->
<testsuite hostname="spirals-vortex.lille.inria.fr" name="org.molgenis.data.postgresql.PostgreSqlEntityFactoryTest" tests="3" failures="0" timestamp="1 Jun 2018 11:20:30 GMT" time="0.024" errors="0">
  <testcase name="createRowMapperXref" time="0.010" classname="org.molgenis.data.postgresql.PostgreSqlEntityFactoryTest"/>
  <testcase name="createRowMapperOneToManyIntegerIds" time="0.001" classname="org.molgenis.data.postgresql.PostgreSqlEntityFactoryTest"/>
  <testcase name="createRowMapperOneToMany" time="0.013" classname="org.molgenis.data.postgresql.PostgreSqlEntityFactoryTest"/>
</testsuite> <!-- org.molgenis.data.postgresql.PostgreSqlEntityFactoryTest -->
