<?xml version="1.0" encoding="UTF-8"?>
<!-- Generated by org.testng.reporters.JUnitReportReporter -->
<testsuite hostname="spirals-vortex.lille.inria.fr" name="org.molgenis.data.postgresql.PostgreSqlRepositoryCollectionTest" tests="39" failures="0" timestamp="30 May 2018 12:47:46 GMT" time="0.082" errors="0">
  <testcase name="updateAttributeRefEntityMref" time="0.002" classname="org.molgenis.data.postgresql.PostgreSqlRepositoryCollectionTest"/>
  <testcase name="addAttributeWithExpression" time="0.001" classname="org.molgenis.data.postgresql.PostgreSqlRepositoryCollectionTest"/>
  <testcase name="deleteAttribute" time="0.000" classname="org.molgenis.data.postgresql.PostgreSqlRepositoryCollectionTest"/>
  <testcase name="updateAttribute" time="0.001" classname="org.molgenis.data.postgresql.PostgreSqlRepositoryCollectionTest"/>
  <testcase name="updateAttributeUniqueToNotUniqueIdAttr" time="0.002" classname="org.molgenis.data.postgresql.PostgreSqlRepositoryCollectionTest"/>
  <testcase name="addAttributeAlreadyExists" time="0.001" classname="org.molgenis.data.postgresql.PostgreSqlRepositoryCollectionTest"/>
  <testcase name="addAttribute" time="0.002" classname="org.molgenis.data.postgresql.PostgreSqlRepositoryCollectionTest"/>
  <testcase name="updateAttributeMultiRefDataTypeToMultiRefDataType" time="0.001" classname="org.molgenis.data.postgresql.PostgreSqlRepositoryCollectionTest"/>
  <testcase name="updateAttributeRefEntityXrefDifferentIdAttrType" time="0.003" classname="org.molgenis.data.postgresql.PostgreSqlRepositoryCollectionTest"/>
  <testcase name="deleteRepositoryWithReadOnlyAttribute" time="0.003" classname="org.molgenis.data.postgresql.PostgreSqlRepositoryCollectionTest"/>
  <testcase name="updateAttributeNotNillableToNillableIdAttr" time="0.000" classname="org.molgenis.data.postgresql.PostgreSqlRepositoryCollectionTest"/>
  <testcase name="updateAttributeNotUniqueToUnique" time="0.001" classname="org.molgenis.data.postgresql.PostgreSqlRepositoryCollectionTest"/>
  <testcase name="updateAttributeSingleRefDataTypeToSingleRefDataType" time="0.001" classname="org.molgenis.data.postgresql.PostgreSqlRepositoryCollectionTest"/>
  <testcase name="deleteRepositoryWithoutReadOnlyAttribute" time="0.040" classname="org.molgenis.data.postgresql.PostgreSqlRepositoryCollectionTest"/>
  <testcase name="updateAttributeUniqueToNotUnique" time="0.001" classname="org.molgenis.data.postgresql.PostgreSqlRepositoryCollectionTest"/>
  <testcase name="deleteAttributeOneToManyMappedBy" time="0.001" classname="org.molgenis.data.postgresql.PostgreSqlRepositoryCollectionTest"/>
  <testcase name="deleteAttributeMref" time="0.001" classname="org.molgenis.data.postgresql.PostgreSqlRepositoryCollectionTest"/>
  <testcase name="updateAttributeWithExpressionAfter" time="0.001" classname="org.molgenis.data.postgresql.PostgreSqlRepositoryCollectionTest"/>
  <testcase name="updateAttributeWithExpressionBeforeAfter" time="0.000" classname="org.molgenis.data.postgresql.PostgreSqlRepositoryCollectionTest"/>
  <testcase name="deleteAttributeUnknownAttribute" time="0.000" classname="org.molgenis.data.postgresql.PostgreSqlRepositoryCollectionTest"/>
  <testcase name="updateAttributeDataTypeToDataTypeIdAttr" time="0.000" classname="org.molgenis.data.postgresql.PostgreSqlRepositoryCollectionTest"/>
  <testcase name="updateAttributeNotNillableToNillable" time="0.000" classname="org.molgenis.data.postgresql.PostgreSqlRepositoryCollectionTest"/>
  <testcase name="addAttributeUnique" time="0.002" classname="org.molgenis.data.postgresql.PostgreSqlRepositoryCollectionTest"/>
  <testcase name="updateAttributeNillableToNotNillable" time="0.000" classname="org.molgenis.data.postgresql.PostgreSqlRepositoryCollectionTest"/>
  <testcase name="updateAttributeCompoundAfter" time="0.000" classname="org.molgenis.data.postgresql.PostgreSqlRepositoryCollectionTest"/>
  <testcase name="updateAttributeRefEntityXref" time="0.003" classname="org.molgenis.data.postgresql.PostgreSqlRepositoryCollectionTest"/>
  <testcase name="updateAttributeCompoundBefore" time="0.000" classname="org.molgenis.data.postgresql.PostgreSqlRepositoryCollectionTest"/>
  <testcase name="addAttributeOneToManyMappedBy" time="0.001" classname="org.molgenis.data.postgresql.PostgreSqlRepositoryCollectionTest"/>
  <testcase name="updateAttributeCompoundBeforeAfter" time="0.000" classname="org.molgenis.data.postgresql.PostgreSqlRepositoryCollectionTest"/>
  <testcase name="updateAttributeSingleRefDataTypeToDataType" time="0.002" classname="org.molgenis.data.postgresql.PostgreSqlRepositoryCollectionTest"/>
  <testcase name="addAttributeAbstractEntity" time="0.001" classname="org.molgenis.data.postgresql.PostgreSqlRepositoryCollectionTest"/>
  <testcase name="addAttributeDefaultValueString" time="0.003" classname="org.molgenis.data.postgresql.PostgreSqlRepositoryCollectionTest"/>
  <testcase name="addAttributeCompound" time="0.000" classname="org.molgenis.data.postgresql.PostgreSqlRepositoryCollectionTest"/>
  <testcase name="updateAttributeWithExpressionBefore" time="0.002" classname="org.molgenis.data.postgresql.PostgreSqlRepositoryCollectionTest"/>
  <testcase name="deleteAttributeAbstractEntity" time="0.000" classname="org.molgenis.data.postgresql.PostgreSqlRepositoryCollectionTest"/>
  <testcase name="updateAttributeDataTypeToSingleRefDataType" time="0.001" classname="org.molgenis.data.postgresql.PostgreSqlRepositoryCollectionTest"/>
  <testcase name="updateAttributeAbstractEntity" time="0.003" classname="org.molgenis.data.postgresql.PostgreSqlRepositoryCollectionTest"/>
  <testcase name="deleteAttributeWithExpression" time="0.000" classname="org.molgenis.data.postgresql.PostgreSqlRepositoryCollectionTest"/>
  <testcase name="updateAttributeDataTypeToDataType" time="0.002" classname="org.molgenis.data.postgresql.PostgreSqlRepositoryCollectionTest"/>
</testsuite> <!-- org.molgenis.data.postgresql.PostgreSqlRepositoryCollectionTest -->
