<?xml version="1.0" encoding="UTF-8"?>
<!-- Generated by org.testng.reporters.JUnitReportReporter -->
<testsuite hostname="spirals-vortex.lille.inria.fr" name="org.molgenis.data.postgresql.PostgreSqlQueryGeneratorTest" tests="95" failures="0" timestamp="30 May 2018 13:33:11 GMT" time="0.234" errors="0">
  <testcase name="getSqlDropColumnDefault" time="0.001" classname="org.molgenis.data.postgresql.PostgreSqlQueryGeneratorTest"/>
  <testcase name="getSqlAddColumn" time="0.001" classname="org.molgenis.data.postgresql.PostgreSqlQueryGeneratorTest"/>
  <testcase name="getSqlDropForeignKey" time="0.000" classname="org.molgenis.data.postgresql.PostgreSqlQueryGeneratorTest"/>
  <testcase name="getSqlCreateCheckConstraint" time="0.000" classname="org.molgenis.data.postgresql.PostgreSqlQueryGeneratorTest"/>
  <testcase name="getSqlSortSortWithUniqueAttribute" time="0.001" classname="org.molgenis.data.postgresql.PostgreSqlQueryGeneratorTest"/>
  <testcase name="getSqlAddColumn" time="0.001" classname="org.molgenis.data.postgresql.PostgreSqlQueryGeneratorTest"/>
  <testcase name="getSqlCreateTable" time="0.047" classname="org.molgenis.data.postgresql.PostgreSqlQueryGeneratorTest"/>
  <testcase name="getSqlAddColumn" time="0.019" classname="org.molgenis.data.postgresql.PostgreSqlQueryGeneratorTest"/>
  <testcase name="getSqlCreateUniqueKey" time="0.001" classname="org.molgenis.data.postgresql.PostgreSqlQueryGeneratorTest"/>
  <testcase name="getSqlAddColumn" time="0.001" classname="org.molgenis.data.postgresql.PostgreSqlQueryGeneratorTest"/>
  <testcase name="getSqlDropUniqueKey" time="0.000" classname="org.molgenis.data.postgresql.PostgreSqlQueryGeneratorTest"/>
  <testcase name="getSqlCreateFunctionValidateUpdate" time="0.001" classname="org.molgenis.data.postgresql.PostgreSqlQueryGeneratorTest"/>
  <testcase name="getSqlAddColumn" time="0.001" classname="org.molgenis.data.postgresql.PostgreSqlQueryGeneratorTest"/>
  <testcase name="getSqlAddColumn" time="0.001" classname="org.molgenis.data.postgresql.PostgreSqlQueryGeneratorTest"/>
  <testcase name="getSqlAddColumn" time="0.001" classname="org.molgenis.data.postgresql.PostgreSqlQueryGeneratorTest"/>
  <testcase name="getSqlAddColumn" time="0.001" classname="org.molgenis.data.postgresql.PostgreSqlQueryGeneratorTest"/>
  <testcase name="getSqlAddColumn" time="0.001" classname="org.molgenis.data.postgresql.PostgreSqlQueryGeneratorTest"/>
  <testcase name="getSqlAddColumn" time="0.001" classname="org.molgenis.data.postgresql.PostgreSqlQueryGeneratorTest"/>
  <testcase name="getSqlCreateJunctionTableSelfReferencing" time="0.001" classname="org.molgenis.data.postgresql.PostgreSqlQueryGeneratorTest"/>
  <testcase name="getSqlAddColumn" time="0.001" classname="org.molgenis.data.postgresql.PostgreSqlQueryGeneratorTest"/>
  <testcase name="getSqlDropCheckConstraint" time="0.001" classname="org.molgenis.data.postgresql.PostgreSqlQueryGeneratorTest"/>
  <testcase name="getSqlAddColumn" time="0.002" classname="org.molgenis.data.postgresql.PostgreSqlQueryGeneratorTest"/>
  <testcase name="getSqlSelectXrefInversed" time="0.001" classname="org.molgenis.data.postgresql.PostgreSqlQueryGeneratorTest"/>
  <testcase name="getSqlAddColumn" time="0.001" classname="org.molgenis.data.postgresql.PostgreSqlQueryGeneratorTest"/>
  <testcase name="getSqlAddColumn" time="0.001" classname="org.molgenis.data.postgresql.PostgreSqlQueryGeneratorTest"/>
  <testcase name="getSqlAddColumn" time="0.001" classname="org.molgenis.data.postgresql.PostgreSqlQueryGeneratorTest"/>
  <testcase name="getSqlAddColumnInvalidType" time="0.001" classname="org.molgenis.data.postgresql.PostgreSqlQueryGeneratorTest"/>
  <testcase name="getSqlAddColumnInvalidType" time="0.000" classname="org.molgenis.data.postgresql.PostgreSqlQueryGeneratorTest"/>
  <testcase name="getSqlAddColumn" time="0.001" classname="org.molgenis.data.postgresql.PostgreSqlQueryGeneratorTest"/>
  <testcase name="getSqlAddColumn" time="0.003" classname="org.molgenis.data.postgresql.PostgreSqlQueryGeneratorTest"/>
  <testcase name="getSqlAddColumn" time="0.001" classname="org.molgenis.data.postgresql.PostgreSqlQueryGeneratorTest"/>
  <testcase name="getSqlCreateForeignKeySelfReferencing" time="0.000" classname="org.molgenis.data.postgresql.PostgreSqlQueryGeneratorTest"/>
  <testcase name="getSqlAddColumnInvalidType" time="0.000" classname="org.molgenis.data.postgresql.PostgreSqlQueryGeneratorTest"/>
  <testcase name="getSqlSelectOneToManyMappedBy" time="0.001" classname="org.molgenis.data.postgresql.PostgreSqlQueryGeneratorTest"/>
  <testcase name="getSqlSelectXref" time="0.001" classname="org.molgenis.data.postgresql.PostgreSqlQueryGeneratorTest"/>
  <testcase name="getSqlCreateForeignKey" time="0.001" classname="org.molgenis.data.postgresql.PostgreSqlQueryGeneratorTest"/>
  <testcase name="getSqlAddColumnInvalidType" time="0.000" classname="org.molgenis.data.postgresql.PostgreSqlQueryGeneratorTest"/>
  <testcase name="getSqlAddColumn" time="0.000" classname="org.molgenis.data.postgresql.PostgreSqlQueryGeneratorTest"/>
  <testcase name="getSqlAddColumn" time="0.008" classname="org.molgenis.data.postgresql.PostgreSqlQueryGeneratorTest"/>
  <testcase name="getSqlInsertJunction" time="0.000" classname="org.molgenis.data.postgresql.PostgreSqlQueryGeneratorTest"/>
  <testcase name="generateSqlColumnDefaultConstraint" time="0.001" classname="org.molgenis.data.postgresql.PostgreSqlQueryGeneratorTest"/>
  <testcase name="getSqlDropNotNull" time="0.001" classname="org.molgenis.data.postgresql.PostgreSqlQueryGeneratorTest"/>
  <testcase name="getSqlFrom" time="0.061" classname="org.molgenis.data.postgresql.PostgreSqlQueryGeneratorTest"/>
  <testcase name="getSqlAddColumn" time="0.000" classname="org.molgenis.data.postgresql.PostgreSqlQueryGeneratorTest"/>
  <testcase name="generateSqlColumnDefaultConstraint" time="0.000" classname="org.molgenis.data.postgresql.PostgreSqlQueryGeneratorTest"/>
  <testcase name="getSqlWhere" time="0.002" classname="org.molgenis.data.postgresql.PostgreSqlQueryGeneratorTest"/>
  <testcase name="getSqlCreateCheckConstraintWrongDataType" time="0.000" classname="org.molgenis.data.postgresql.PostgreSqlQueryGeneratorTest"/>
  <testcase name="generateSqlColumnDefaultConstraint" time="0.000" classname="org.molgenis.data.postgresql.PostgreSqlQueryGeneratorTest"/>
  <testcase name="getSqlCreateUpdateTrigger" time="0.001" classname="org.molgenis.data.postgresql.PostgreSqlQueryGeneratorTest"/>
  <testcase name="getSqlAddColumn" time="0.001" classname="org.molgenis.data.postgresql.PostgreSqlQueryGeneratorTest"/>
  <testcase name="getSqlAddColumn" time="0.000" classname="org.molgenis.data.postgresql.PostgreSqlQueryGeneratorTest"/>
  <testcase name="getSqlAddColumn" time="0.003" classname="org.molgenis.data.postgresql.PostgreSqlQueryGeneratorTest"/>
  <testcase name="getSqlAddColumnInvalidType" time="0.000" classname="org.molgenis.data.postgresql.PostgreSqlQueryGeneratorTest"/>
  <testcase name="getSqlAddColumn" time="0.001" classname="org.molgenis.data.postgresql.PostgreSqlQueryGeneratorTest"/>
  <testcase name="getSqlAddColumn" time="0.001" classname="org.molgenis.data.postgresql.PostgreSqlQueryGeneratorTest"/>
  <testcase name="getSqlCreateJunctionTableIndex" time="0.000" classname="org.molgenis.data.postgresql.PostgreSqlQueryGeneratorTest"/>
  <testcase name="getSqlAddColumn" time="0.001" classname="org.molgenis.data.postgresql.PostgreSqlQueryGeneratorTest"/>
  <testcase name="getSqlSortOnUnselectedMref" time="0.001" classname="org.molgenis.data.postgresql.PostgreSqlQueryGeneratorTest"/>
  <testcase name="getSqlSortNoSort" time="0.001" classname="org.molgenis.data.postgresql.PostgreSqlQueryGeneratorTest"/>
  <testcase name="getSqlAddColumn" time="0.001" classname="org.molgenis.data.postgresql.PostgreSqlQueryGeneratorTest"/>
  <testcase name="getSqlAddColumn" time="0.001" classname="org.molgenis.data.postgresql.PostgreSqlQueryGeneratorTest"/>
  <testcase name="getSqlAddColumn" time="0.000" classname="org.molgenis.data.postgresql.PostgreSqlQueryGeneratorTest"/>
  <testcase name="getSqlAddColumn" time="0.000" classname="org.molgenis.data.postgresql.PostgreSqlQueryGeneratorTest"/>
  <testcase name="getSqlSetNotNull" time="0.000" classname="org.molgenis.data.postgresql.PostgreSqlQueryGeneratorTest"/>
  <testcase name="getSqlAddColumn" time="0.001" classname="org.molgenis.data.postgresql.PostgreSqlQueryGeneratorTest"/>
  <testcase name="getSqlAddColumn" time="0.001" classname="org.molgenis.data.postgresql.PostgreSqlQueryGeneratorTest"/>
  <testcase name="getSqlAddColumn" time="0.002" classname="org.molgenis.data.postgresql.PostgreSqlQueryGeneratorTest"/>
  <testcase name="getSqlAddColumn" time="0.001" classname="org.molgenis.data.postgresql.PostgreSqlQueryGeneratorTest"/>
  <testcase name="getSqlAddColumn" time="0.001" classname="org.molgenis.data.postgresql.PostgreSqlQueryGeneratorTest"/>
  <testcase name="getSqlAddColumn" time="0.000" classname="org.molgenis.data.postgresql.PostgreSqlQueryGeneratorTest"/>
  <testcase name="getSqlSelectMref" time="0.002" classname="org.molgenis.data.postgresql.PostgreSqlQueryGeneratorTest"/>
  <testcase name="getSqlSortSortWithoutUniqueAttribute" time="0.001" classname="org.molgenis.data.postgresql.PostgreSqlQueryGeneratorTest"/>
  <testcase name="getSqlAddColumn" time="0.001" classname="org.molgenis.data.postgresql.PostgreSqlQueryGeneratorTest"/>
  <testcase name="getSqlInsertJunctionInversedBy" time="0.001" classname="org.molgenis.data.postgresql.PostgreSqlQueryGeneratorTest"/>
  <testcase name="getSqlAddColumn" time="0.000" classname="org.molgenis.data.postgresql.PostgreSqlQueryGeneratorTest"/>
  <testcase name="getSqlAddColumn" time="0.001" classname="org.molgenis.data.postgresql.PostgreSqlQueryGeneratorTest"/>
  <testcase name="getSqlAddColumn" time="0.001" classname="org.molgenis.data.postgresql.PostgreSqlQueryGeneratorTest"/>
  <testcase name="getSqlAddColumn" time="0.002" classname="org.molgenis.data.postgresql.PostgreSqlQueryGeneratorTest"/>
  <testcase name="generateSqlColumnDefaultConstraint" time="0.000" classname="org.molgenis.data.postgresql.PostgreSqlQueryGeneratorTest"/>
  <testcase name="getSqlDropColumn" time="0.000" classname="org.molgenis.data.postgresql.PostgreSqlQueryGeneratorTest"/>
  <testcase name="getSqlAddColumnInvalidType" time="0.001" classname="org.molgenis.data.postgresql.PostgreSqlQueryGeneratorTest"/>
  <testcase name="getSqlSelectOneToManyMappedBy" time="0.002" classname="org.molgenis.data.postgresql.PostgreSqlQueryGeneratorTest"/>
  <testcase name="getSqlAddColumn" time="0.020" classname="org.molgenis.data.postgresql.PostgreSqlQueryGeneratorTest"/>
  <testcase name="getSqlAddColumn" time="0.001" classname="org.molgenis.data.postgresql.PostgreSqlQueryGeneratorTest"/>
  <testcase name="getSqlCreateJunctionTable" time="0.001" classname="org.molgenis.data.postgresql.PostgreSqlQueryGeneratorTest"/>
  <testcase name="getSqlAddColumn" time="0.001" classname="org.molgenis.data.postgresql.PostgreSqlQueryGeneratorTest"/>
  <testcase name="getSqlDropUpdateTrigger" time="0.000" classname="org.molgenis.data.postgresql.PostgreSqlQueryGeneratorTest"/>
  <testcase name="getSqlDropCheckConstraintWrongDataType" time="0.001" classname="org.molgenis.data.postgresql.PostgreSqlQueryGeneratorTest"/>
  <testcase name="getSqlAddColumn" time="0.002" classname="org.molgenis.data.postgresql.PostgreSqlQueryGeneratorTest"/>
  <testcase name="getJunctionTableSelect" time="0.004" classname="org.molgenis.data.postgresql.PostgreSqlQueryGeneratorTest"/>
  <testcase name="getSqlAddColumn" time="0.001" classname="org.molgenis.data.postgresql.PostgreSqlQueryGeneratorTest"/>
  <testcase name="getSqlAddColumn" time="0.001" classname="org.molgenis.data.postgresql.PostgreSqlQueryGeneratorTest"/>
  <testcase name="getSqlSelectOneToManyMappedBy" time="0.001" classname="org.molgenis.data.postgresql.PostgreSqlQueryGeneratorTest"/>
  <testcase name="getSqlDropFunctionValidateUpdate" time="0.000" classname="org.molgenis.data.postgresql.PostgreSqlQueryGeneratorTest"/>
  <testcase name="getSqlAddColumn" time="0.001" classname="org.molgenis.data.postgresql.PostgreSqlQueryGeneratorTest"/>
</testsuite> <!-- org.molgenis.data.postgresql.PostgreSqlQueryGeneratorTest -->
