<?xml version="1.0" encoding="UTF-8"?>
<!-- Generated by org.testng.reporters.JUnitReportReporter -->
<testsuite hostname="spirals-vortex.lille.inria.fr" name="org.molgenis.data.postgresql.PostgreSqlRepositoryCollectionDecoratorTest" tests="5" failures="0" timestamp="1 Jun 2018 11:20:30 GMT" time="0.036" errors="0">
  <testcase name="testDeleteAttribute" time="0.000" classname="org.molgenis.data.postgresql.PostgreSqlRepositoryCollectionDecoratorTest"/>
  <testcase name="testAddAttribute" time="0.003" classname="org.molgenis.data.postgresql.PostgreSqlRepositoryCollectionDecoratorTest"/>
  <testcase name="testDeleteRepository" time="0.003" classname="org.molgenis.data.postgresql.PostgreSqlRepositoryCollectionDecoratorTest"/>
  <testcase name="testUpdateAttribute" time="0.001" classname="org.molgenis.data.postgresql.PostgreSqlRepositoryCollectionDecoratorTest"/>
  <testcase name="testCreateRepository" time="0.029" classname="org.molgenis.data.postgresql.PostgreSqlRepositoryCollectionDecoratorTest"/>
</testsuite> <!-- org.molgenis.data.postgresql.PostgreSqlRepositoryCollectionDecoratorTest -->
