<?xml version="1.0" encoding="UTF-8"?>
<!-- Generated by org.testng.reporters.JUnitReportReporter -->
<testsuite hostname="spirals-vortex.lille.inria.fr" name="org.molgenis.data.postgresql.PostgreSqlRepositoryTest" tests="11" failures="0" timestamp="30 May 2018 13:33:11 GMT" time="2.391" errors="0">
  <testcase name="testMrefIdRowCallbackHandlerInvalidType" time="0.001" classname="org.molgenis.data.postgresql.PostgreSqlRepositoryTest"/>
  <testcase name="testMrefValueTooLong" time="1.731" classname="org.molgenis.data.postgresql.PostgreSqlRepositoryTest"/>
  <testcase name="findAllQueryOneToManyEquals" time="0.122" classname="org.molgenis.data.postgresql.PostgreSqlRepositoryTest"/>
  <testcase name="testMrefIdRowCallbackHandlerString" time="0.010" classname="org.molgenis.data.postgresql.PostgreSqlRepositoryTest"/>
  <testcase name="testMrefIdRowCallbackHandlerString" time="0.000" classname="org.molgenis.data.postgresql.PostgreSqlRepositoryTest"/>
  <testcase name="testUpdateEntitiesExist" time="0.018" classname="org.molgenis.data.postgresql.PostgreSqlRepositoryTest"/>
  <testcase name="testAddEntityNull" time="0.003" classname="org.molgenis.data.postgresql.PostgreSqlRepositoryTest"/>
  <testcase name="countQueryOneToManyEquals" time="0.262" classname="org.molgenis.data.postgresql.PostgreSqlRepositoryTest"/>
  <testcase name="testUpdateEntityDoesNotExist" time="0.040" classname="org.molgenis.data.postgresql.PostgreSqlRepositoryTest"/>
  <testcase name="testMrefIdRowCallbackHandlerInvalidType" time="0.201" classname="org.molgenis.data.postgresql.PostgreSqlRepositoryTest"/>
  <testcase name="testMrefIdRowCallbackHandlerString" time="0.003" classname="org.molgenis.data.postgresql.PostgreSqlRepositoryTest"/>
</testsuite> <!-- org.molgenis.data.postgresql.PostgreSqlRepositoryTest -->
