<?xml version="1.0" encoding="UTF-8"?>
<!-- Generated by org.testng.reporters.JUnitReportReporter -->
<testsuite hostname="spirals-vortex.lille.inria.fr" name="org.molgenis.data.postgresql.PostgreSqlEntityFactoryTest" tests="3" failures="0" timestamp="30 May 2018 12:47:46 GMT" time="0.515" errors="0">
  <testcase name="createRowMapperXref" time="0.202" classname="org.molgenis.data.postgresql.PostgreSqlEntityFactoryTest"/>
  <testcase name="createRowMapperOneToMany" time="0.312" classname="org.molgenis.data.postgresql.PostgreSqlEntityFactoryTest"/>
  <testcase name="createRowMapperOneToManyIntegerIds" time="0.001" classname="org.molgenis.data.postgresql.PostgreSqlEntityFactoryTest"/>
</testsuite> <!-- org.molgenis.data.postgresql.PostgreSqlEntityFactoryTest -->
