<?xml version="1.0" encoding="UTF-8"?>
<testsuite xmlns:xsi="http://www.w3.org/2001/XMLSchema-instance" xsi:schemaLocation="https://maven.apache.org/surefire/maven-surefire-plugin/xsd/surefire-test-report.xsd" name="org.thingsboard.server.dao.NoSqlDaoServiceTestSuite" time="159.367" tests="143" errors="0" skipped="0" failures="0">
  <properties>
    <property name="java.vendor" value="Oracle Corporation"/>
    <property name="sun.java.launcher" value="SUN_STANDARD"/>
    <property name="sun.management.compiler" value="HotSpot 64-Bit Tiered Compilers"/>
    <property name="os.name" value="Linux"/>
    <property name="sun.boot.class.path" value="/usr/lib/jvm/java-8-openjdk-amd64/jre/lib/resources.jar:/usr/lib/jvm/java-8-openjdk-amd64/jre/lib/rt.jar:/usr/lib/jvm/java-8-openjdk-amd64/jre/lib/sunrsasign.jar:/usr/lib/jvm/java-8-openjdk-amd64/jre/lib/jsse.jar:/usr/lib/jvm/java-8-openjdk-amd64/jre/lib/jce.jar:/usr/lib/jvm/java-8-openjdk-amd64/jre/lib/charsets.jar:/usr/lib/jvm/java-8-openjdk-amd64/jre/lib/jfr.jar:/usr/lib/jvm/java-8-openjdk-amd64/jre/classes"/>
    <property name="cobertura.skip" value="true"/>
    <property name="findbugs.skip" value="true"/>
    <property name="java.vm.specification.vendor" value="Oracle Corporation"/>
    <property name="java.runtime.version" value="1.8.0_121-8u121-b13-1~bpo8+1-b13"/>
    <property name="user.name" value="root"/>
    <property name="guice.disable.misplaced.annotation.check" value="true"/>
    <property name="maven.repo.local" value="/root/./workspace/thingsboard/thingsboard/383145706/.m2"/>
    <property name="user.language" value="en"/>
    <property name="sun.boot.library.path" value="/usr/lib/jvm/java-8-openjdk-amd64/jre/lib/amd64"/>
    <property name="classworlds.conf" value="/usr/share/maven/bin/m2.conf"/>
    <property name="java.version" value="1.8.0_121"/>
    <property name="user.timezone" value="Europe/Paris"/>
    <property name="rat.skip" value="true"/>
    <property name="sun.arch.data.model" value="64"/>
    <property name="java.endorsed.dirs" value="/usr/lib/jvm/java-8-openjdk-amd64/jre/lib/endorsed"/>
    <property name="sun.cpu.isalist" value=""/>
    <property name="sun.jnu.encoding" value="UTF-8"/>
    <property name="file.encoding.pkg" value="sun.io"/>
    <property name="file.separator" value="/"/>
    <property name="java.specification.name" value="Java Platform API Specification"/>
    <property name="java.class.version" value="52.0"/>
    <property name="checkstyle.skip" value="true"/>
    <property name="securerandom.source" value="file:/dev/./urandom"/>
    <property name="java.home" value="/usr/lib/jvm/java-8-openjdk-amd64/jre"/>
    <property name="java.vm.info" value="mixed mode"/>
    <property name="os.version" value="3.10.0-862.2.3.el7.x86_64"/>
    <property name="path.separator" value=":"/>
    <property name="java.vm.version" value="25.121-b13"/>
    <property name="gpg.skip" value="true"/>
    <property name="java.awt.printerjob" value="sun.print.PSPrinterJob"/>
    <property name="sun.io.unicode.encoding" value="UnicodeLittle"/>
    <property name="os.detected.version" value="3.10"/>
    <property name="awt.toolkit" value="sun.awt.X11.XToolkit"/>
    <property name="os.detected.release" value="debian"/>
    <property name="user.home" value="/root"/>
    <property name="java.specification.vendor" value="Oracle Corporation"/>
    <property name="java.library.path" value="/usr/java/packages/lib/amd64:/usr/lib/x86_64-linux-gnu/jni:/lib/x86_64-linux-gnu:/usr/lib/x86_64-linux-gnu:/usr/lib/jni:/lib:/usr/lib"/>
    <property name="java.vendor.url" value="http://java.oracle.com/"/>
    <property name="java.vm.vendor" value="Oracle Corporation"/>
    <property name="os.detected.release.like.debian" value="true"/>
    <property name="dependency-check.skip" value="true"/>
    <property name="maven.home" value="/usr/share/maven"/>
    <property name="java.runtime.name" value="OpenJDK Runtime Environment"/>
    <property name="sun.java.command" value="org.codehaus.plexus.classworlds.launcher.Launcher -B -D enforcer.skip=true -D dependency-check.skip=true -D skipITs=true -D cobertura.skip=true -D maven.repo.local=/root/./workspace/thingsboard/thingsboard/383145706/.m2 -D rat.skip=true -D findbugs.skip=true -D skip.bower=true -D gpg.skip=true -D checkstyle.skip=true -D skip.gulp=true -D license.skip=true -D skip.npm=true test"/>
    <property name="java.class.path" value="/usr/share/maven/boot/plexus-classworlds-2.5.2.jar"/>
    <property name="os.detected.arch" value="x86_64"/>
    <property name="java.vm.specification.name" value="Java Virtual Machine Specification"/>
    <property name="java.vm.specification.version" value="1.8"/>
    <property name="sun.cpu.endian" value="little"/>
    <property name="sun.os.patch.level" value="unknown"/>
    <property name="os.detected.classifier" value="linux-x86_64"/>
    <property name="java.io.tmpdir" value="/tmp"/>
    <property name="java.vendor.url.bug" value="http://bugreport.sun.com/bugreport/"/>
    <property name="maven.multiModuleProjectDirectory" value="/root/workspace/thingsboard/thingsboard/383145706"/>
    <property name="os.arch" value="amd64"/>
    <property name="java.awt.graphicsenv" value="sun.awt.X11GraphicsEnvironment"/>
    <property name="java.ext.dirs" value="/usr/lib/jvm/java-8-openjdk-amd64/jre/lib/ext:/usr/java/packages/lib/ext"/>
    <property name="os.detected.release.version" value="8"/>
    <property name="user.dir" value="/root/workspace/thingsboard/thingsboard/383145706"/>
    <property name="skipITs" value="true"/>
    <property name="line.separator" value="&#10;"/>
    <property name="java.vm.name" value="OpenJDK 64-Bit Server VM"/>
    <property name="enforcer.skip" value="true"/>
    <property name="skip.gulp" value="true"/>
    <property name="os.detected.version.major" value="3"/>
    <property name="skip.npm" value="true"/>
    <property name="skip.bower" value="true"/>
    <property name="file.encoding" value="UTF-8"/>
    <property name="os.detected.name" value="linux"/>
    <property name="license.skip" value="true"/>
    <property name="os.detected.version.minor" value="10"/>
    <property name="java.specification.version" value="1.8"/>
  </properties>
  <testcase name="saveMultipleTypeAndFetch" classname="org.thingsboard.server.dao.service.attributes.nosql.AttributesServiceNoSqlTest" time="0.141"/>
  <testcase name="saveAndFetch" classname="org.thingsboard.server.dao.service.attributes.nosql.AttributesServiceNoSqlTest" time="0.004"/>
  <testcase name="findAll" classname="org.thingsboard.server.dao.service.attributes.nosql.AttributesServiceNoSqlTest" time="0.008"/>
  <testcase name="findEventsByTypeAndTimeAscOrder" classname="org.thingsboard.server.dao.service.event.nosql.EventServiceNoSqlTest" time="0.202"/>
  <testcase name="saveEvent" classname="org.thingsboard.server.dao.service.event.nosql.EventServiceNoSqlTest" time="0.007"/>
  <testcase name="saveEventIfNotExists" classname="org.thingsboard.server.dao.service.event.nosql.EventServiceNoSqlTest" time="0.062"/>
  <testcase name="findEventsByTypeAndTimeDescOrder" classname="org.thingsboard.server.dao.service.event.nosql.EventServiceNoSqlTest" time="0.04"/>
  <testcase name="testSaveAdminSettingsWithNonTextValue" classname="org.thingsboard.server.dao.service.nosql.AdminSettingsServiceNoSqlTest" time="0.03"/>
  <testcase name="testSaveAdminSettings" classname="org.thingsboard.server.dao.service.nosql.AdminSettingsServiceNoSqlTest" time="0.101"/>
  <testcase name="testFindAdminSettingsByKey" classname="org.thingsboard.server.dao.service.nosql.AdminSettingsServiceNoSqlTest" time="0.019"/>
  <testcase name="testChangeAdminSettingsKey" classname="org.thingsboard.server.dao.service.nosql.AdminSettingsServiceNoSqlTest" time="0.022"/>
  <testcase name="testSaveAdminSettingsWithEmptyKey" classname="org.thingsboard.server.dao.service.nosql.AdminSettingsServiceNoSqlTest" time="0.004"/>
  <testcase name="testFindAdminSettingsById" classname="org.thingsboard.server.dao.service.nosql.AdminSettingsServiceNoSqlTest" time="0.005"/>
  <testcase name="testSaveAdminSettingsWithNewJsonStructure" classname="org.thingsboard.server.dao.service.nosql.AdminSettingsServiceNoSqlTest" time="0.005"/>
  <testcase name="testFindAlarm" classname="org.thingsboard.server.dao.service.nosql.AlarmServiceNoSqlTest" time="0.354"/>
  <testcase name="testSaveAndFetchAlarm" classname="org.thingsboard.server.dao.service.nosql.AlarmServiceNoSqlTest" time="0.031"/>
  <testcase name="testDeleteAsset" classname="org.thingsboard.server.dao.service.nosql.AssetServiceNoSqlTest" time="0.221"/>
  <testcase name="testFindAssetsByTenantIdCustomerIdAndName" classname="org.thingsboard.server.dao.service.nosql.AssetServiceNoSqlTest" time="6.518"/>
  <testcase name="testFindAssetsByTenantIdCustomerIdAndType" classname="org.thingsboard.server.dao.service.nosql.AssetServiceNoSqlTest" time="3.793"/>
  <testcase name="testFindAssetsByTenantId" classname="org.thingsboard.server.dao.service.nosql.AssetServiceNoSqlTest" time="1.119"/>
  <testcase name="testFindAssetById" classname="org.thingsboard.server.dao.service.nosql.AssetServiceNoSqlTest" time="0.011"/>
  <testcase name="testSaveAssetWithEmptyTenant" classname="org.thingsboard.server.dao.service.nosql.AssetServiceNoSqlTest" time="0.008"/>
  <testcase name="testFindAssetsByTenantIdAndName" classname="org.thingsboard.server.dao.service.nosql.AssetServiceNoSqlTest" time="1.085"/>
  <testcase name="testFindAssetsByTenantIdAndType" classname="org.thingsboard.server.dao.service.nosql.AssetServiceNoSqlTest" time="0.903"/>
  <testcase name="testAssignAssetToNonExistentCustomer" classname="org.thingsboard.server.dao.service.nosql.AssetServiceNoSqlTest" time="0.011"/>
  <testcase name="testSaveAsset" classname="org.thingsboard.server.dao.service.nosql.AssetServiceNoSqlTest" time="0.012"/>
  <testcase name="testSaveAssetWithInvalidTenant" classname="org.thingsboard.server.dao.service.nosql.AssetServiceNoSqlTest" time="0.006"/>
  <testcase name="testAssignAssetToCustomerFromDifferentTenant" classname="org.thingsboard.server.dao.service.nosql.AssetServiceNoSqlTest" time="0.021"/>
  <testcase name="testFindAssetTypesByTenantId" classname="org.thingsboard.server.dao.service.nosql.AssetServiceNoSqlTest" time="0.06"/>
  <testcase name="testFindAssetsByTenantIdAndCustomerId" classname="org.thingsboard.server.dao.service.nosql.AssetServiceNoSqlTest" time="3.769"/>
  <testcase name="testSaveAssetWithEmptyName" classname="org.thingsboard.server.dao.service.nosql.AssetServiceNoSqlTest" time="0.003"/>
  <testcase name="testSaveCustomerWithEmptyTenant" classname="org.thingsboard.server.dao.service.nosql.CustomerServiceNoSqlTest" time="0.015"/>
  <testcase name="testFindCustomerById" classname="org.thingsboard.server.dao.service.nosql.CustomerServiceNoSqlTest" time="0.013"/>
  <testcase name="testFindCustomersByTenantIdAndTitle" classname="org.thingsboard.server.dao.service.nosql.CustomerServiceNoSqlTest" time="4.699"/>
  <testcase name="testFindCustomersByTenantId" classname="org.thingsboard.server.dao.service.nosql.CustomerServiceNoSqlTest" time="0.655"/>
  <testcase name="testSaveCustomerWithInvalidEmail" classname="org.thingsboard.server.dao.service.nosql.CustomerServiceNoSqlTest" time="0.012"/>
  <testcase name="testSaveCustomer" classname="org.thingsboard.server.dao.service.nosql.CustomerServiceNoSqlTest" time="0.012"/>
  <testcase name="testDeleteCustomer" classname="org.thingsboard.server.dao.service.nosql.CustomerServiceNoSqlTest" time="0.008"/>
  <testcase name="testSaveCustomerWithInvalidTenant" classname="org.thingsboard.server.dao.service.nosql.CustomerServiceNoSqlTest" time="0.004"/>
  <testcase name="testSaveCustomerWithEmptyTitle" classname="org.thingsboard.server.dao.service.nosql.CustomerServiceNoSqlTest" time="0.004"/>
  <testcase name="testAssignDashboardToNonExistentCustomer" classname="org.thingsboard.server.dao.service.nosql.DashboardServiceNoSqlTest" time="0.032"/>
  <testcase name="testSaveDashboard" classname="org.thingsboard.server.dao.service.nosql.DashboardServiceNoSqlTest" time="0.011"/>
  <testcase name="testSaveDashboardWithEmptyTenant" classname="org.thingsboard.server.dao.service.nosql.DashboardServiceNoSqlTest" time="0.006"/>
  <testcase name="testAssignDashboardToCustomerFromDifferentTenant" classname="org.thingsboard.server.dao.service.nosql.DashboardServiceNoSqlTest" time="0.019"/>
  <testcase name="testFindDashboardsByTenantId" classname="org.thingsboard.server.dao.service.nosql.DashboardServiceNoSqlTest" time="0.429"/>
  <testcase name="testSaveDashboardWithInvalidTenant" classname="org.thingsboard.server.dao.service.nosql.DashboardServiceNoSqlTest" time="0.007"/>
  <testcase name="testFindDashboardsByTenantIdAndCustomerId" classname="org.thingsboard.server.dao.service.nosql.DashboardServiceNoSqlTest" time="2.349"/>
  <testcase name="testDeleteDashboard" classname="org.thingsboard.server.dao.service.nosql.DashboardServiceNoSqlTest" time="0.008"/>
  <testcase name="testFindDashboardById" classname="org.thingsboard.server.dao.service.nosql.DashboardServiceNoSqlTest" time="0.008"/>
  <testcase name="testFindDashboardsByTenantIdAndTitle" classname="org.thingsboard.server.dao.service.nosql.DashboardServiceNoSqlTest" time="0.792"/>
  <testcase name="testSaveDashboardWithEmptyTitle" classname="org.thingsboard.server.dao.service.nosql.DashboardServiceNoSqlTest" time="0.006"/>
  <testcase name="testSaveDeviceCredentialsWithEmptyDevice" classname="org.thingsboard.server.dao.service.nosql.DeviceCredentialServiceNoSqlTest" time="0.061"/>
  <testcase name="testSaveNonExistentDeviceCredentials" classname="org.thingsboard.server.dao.service.nosql.DeviceCredentialServiceNoSqlTest" time="0.021"/>
  <testcase name="testSaveDeviceCredentialsWithNonExistentDevice" classname="org.thingsboard.server.dao.service.nosql.DeviceCredentialServiceNoSqlTest" time="0.015"/>
  <testcase name="testSaveDeviceCredentialsWithEmptyCredentialsId" classname="org.thingsboard.server.dao.service.nosql.DeviceCredentialServiceNoSqlTest" time="0.014"/>
  <testcase name="testSaveDeviceCredentials" classname="org.thingsboard.server.dao.service.nosql.DeviceCredentialServiceNoSqlTest" time="0.017"/>
  <testcase name="testFindDeviceCredentialsByDeviceId" classname="org.thingsboard.server.dao.service.nosql.DeviceCredentialServiceNoSqlTest" time="0.014"/>
  <testcase name="testCreateDeviceCredentials" classname="org.thingsboard.server.dao.service.nosql.DeviceCredentialServiceNoSqlTest" time="0.006"/>
  <testcase name="testFindDeviceCredentialsByCredentialsId" classname="org.thingsboard.server.dao.service.nosql.DeviceCredentialServiceNoSqlTest" time="0.061"/>
  <testcase name="testSaveDeviceCredentialsWithEmptyCredentialsType" classname="org.thingsboard.server.dao.service.nosql.DeviceCredentialServiceNoSqlTest" time="0.014"/>
  <testcase name="testFindDevicesByTenantId" classname="org.thingsboard.server.dao.service.nosql.DeviceServiceNoSqlTest" time="2.797"/>
  <testcase name="testFindDeviceById" classname="org.thingsboard.server.dao.service.nosql.DeviceServiceNoSqlTest" time="0.013"/>
  <testcase name="testFindDevicesByTenantIdAndCustomerId" classname="org.thingsboard.server.dao.service.nosql.DeviceServiceNoSqlTest" time="2.966"/>
  <testcase name="testFindDeviceTypesByTenantId" classname="org.thingsboard.server.dao.service.nosql.DeviceServiceNoSqlTest" time="0.101"/>
  <testcase name="testAssignDeviceToNonExistentCustomer" classname="org.thingsboard.server.dao.service.nosql.DeviceServiceNoSqlTest" time="0.01"/>
  <testcase name="testDeleteDevice" classname="org.thingsboard.server.dao.service.nosql.DeviceServiceNoSqlTest" time="0.009"/>
  <testcase name="testSaveDevice" classname="org.thingsboard.server.dao.service.nosql.DeviceServiceNoSqlTest" time="0.012"/>
  <testcase name="testSaveDeviceWithInvalidTenant" classname="org.thingsboard.server.dao.service.nosql.DeviceServiceNoSqlTest" time="0.005"/>
  <testcase name="testFindDevicesByTenantIdCustomerIdAndName" classname="org.thingsboard.server.dao.service.nosql.DeviceServiceNoSqlTest" time="3.507"/>
  <testcase name="testFindDevicesByTenantIdCustomerIdAndType" classname="org.thingsboard.server.dao.service.nosql.DeviceServiceNoSqlTest" time="4.137"/>
  <testcase name="testSaveDeviceWithEmptyName" classname="org.thingsboard.server.dao.service.nosql.DeviceServiceNoSqlTest" time="0.007"/>
  <testcase name="testFindDevicesByTenantIdAndName" classname="org.thingsboard.server.dao.service.nosql.DeviceServiceNoSqlTest" time="1.976"/>
  <testcase name="testFindDevicesByTenantIdAndType" classname="org.thingsboard.server.dao.service.nosql.DeviceServiceNoSqlTest" time="1.563"/>
  <testcase name="testSaveDeviceWithEmptyTenant" classname="org.thingsboard.server.dao.service.nosql.DeviceServiceNoSqlTest" time="0.005"/>
  <testcase name="testAssignDeviceToCustomerFromDifferentTenant" classname="org.thingsboard.server.dao.service.nosql.DeviceServiceNoSqlTest" time="0.022"/>
  <testcase name="testSaveRelationWithEmptyTo" classname="org.thingsboard.server.dao.service.nosql.RelationServiceNoSqlTest" time="0.001"/>
  <testcase name="testSaveRelationWithEmptyFrom" classname="org.thingsboard.server.dao.service.nosql.RelationServiceNoSqlTest" time="0.001"/>
  <testcase name="testSaveRelationWithEmptyType" classname="org.thingsboard.server.dao.service.nosql.RelationServiceNoSqlTest" time="0"/>
  <testcase name="testCyclicRecursiveRelation" classname="org.thingsboard.server.dao.service.nosql.RelationServiceNoSqlTest" time="0.009"/>
  <testcase name="testFindFrom" classname="org.thingsboard.server.dao.service.nosql.RelationServiceNoSqlTest" time="0.013"/>
  <testcase name="testRecursiveRelation" classname="org.thingsboard.server.dao.service.nosql.RelationServiceNoSqlTest" time="0.003"/>
  <testcase name="testSaveRelation" classname="org.thingsboard.server.dao.service.nosql.RelationServiceNoSqlTest" time="0.006"/>
  <testcase name="testDeleteEntityRelations" classname="org.thingsboard.server.dao.service.nosql.RelationServiceNoSqlTest" time="0.007"/>
  <testcase name="testDeleteRelation" classname="org.thingsboard.server.dao.service.nosql.RelationServiceNoSqlTest" time="0.004"/>
  <testcase name="testFindTo" classname="org.thingsboard.server.dao.service.nosql.RelationServiceNoSqlTest" time="3.013"/>
  <testcase name="testSaveRuleChainMetaData" classname="org.thingsboard.server.dao.service.nosql.RuleChainServiceNoSqlTest" time="0.07"/>
  <testcase name="testDeleteRuleChain" classname="org.thingsboard.server.dao.service.nosql.RuleChainServiceNoSqlTest" time="0.009"/>
  <testcase name="testFindRuleChainsByTenantIdAndName" classname="org.thingsboard.server.dao.service.nosql.RuleChainServiceNoSqlTest" time="0.97"/>
  <testcase name="testFindRuleChainById" classname="org.thingsboard.server.dao.service.nosql.RuleChainServiceNoSqlTest" time="0.012"/>
  <testcase name="testUpdateRuleChainMetaData" classname="org.thingsboard.server.dao.service.nosql.RuleChainServiceNoSqlTest" time="0.052"/>
  <testcase name="testSaveRuleChainWithEmptyName" classname="org.thingsboard.server.dao.service.nosql.RuleChainServiceNoSqlTest" time="0.006"/>
  <testcase name="testSaveRuleChainWithInvalidTenant" classname="org.thingsboard.server.dao.service.nosql.RuleChainServiceNoSqlTest" time="0.006"/>
  <testcase name="testFindRuleChainsByTenantId" classname="org.thingsboard.server.dao.service.nosql.RuleChainServiceNoSqlTest" time="1.045"/>
  <testcase name="testSaveRuleChain" classname="org.thingsboard.server.dao.service.nosql.RuleChainServiceNoSqlTest" time="0.023"/>
  <testcase name="testFindTenants" classname="org.thingsboard.server.dao.service.nosql.TenantServiceNoSqlTest" time="1.515"/>
  <testcase name="testSaveTenantWithEmptyTitle" classname="org.thingsboard.server.dao.service.nosql.TenantServiceNoSqlTest" time="0.001"/>
  <testcase name="testDeleteTenant" classname="org.thingsboard.server.dao.service.nosql.TenantServiceNoSqlTest" time="0.005"/>
  <testcase name="testSaveTenant" classname="org.thingsboard.server.dao.service.nosql.TenantServiceNoSqlTest" time="0.006"/>
  <testcase name="testFindTenantById" classname="org.thingsboard.server.dao.service.nosql.TenantServiceNoSqlTest" time="0.005"/>
  <testcase name="testFindTenantsByTitle" classname="org.thingsboard.server.dao.service.nosql.TenantServiceNoSqlTest" time="3.653"/>
  <testcase name="testSaveTenantWithInvalidEmail" classname="org.thingsboard.server.dao.service.nosql.TenantServiceNoSqlTest" time="0.001"/>
  <testcase name="testSaveUserWithSameEmail" classname="org.thingsboard.server.dao.service.nosql.UserServiceNoSqlTest" time="0.042"/>
  <testcase name="testFindCustomerUsers" classname="org.thingsboard.server.dao.service.nosql.UserServiceNoSqlTest" time="0.697"/>
  <testcase name="testSaveUser" classname="org.thingsboard.server.dao.service.nosql.UserServiceNoSqlTest" time="0.024"/>
  <testcase name="testFindTenantAdminsByEmail" classname="org.thingsboard.server.dao.service.nosql.UserServiceNoSqlTest" time="0.895"/>
  <testcase name="testSaveUserWithInvalidEmail" classname="org.thingsboard.server.dao.service.nosql.UserServiceNoSqlTest" time="0.017"/>
  <testcase name="testFindTenantAdmins" classname="org.thingsboard.server.dao.service.nosql.UserServiceNoSqlTest" time="0.445"/>
  <testcase name="testSaveUserWithoutTenant" classname="org.thingsboard.server.dao.service.nosql.UserServiceNoSqlTest" time="0.016"/>
  <testcase name="testFindUserById" classname="org.thingsboard.server.dao.service.nosql.UserServiceNoSqlTest" time="0.016"/>
  <testcase name="testFindUserCredentials" classname="org.thingsboard.server.dao.service.nosql.UserServiceNoSqlTest" time="0.016"/>
  <testcase name="testDeleteUser" classname="org.thingsboard.server.dao.service.nosql.UserServiceNoSqlTest" time="0.02"/>
  <testcase name="testFindUserByEmail" classname="org.thingsboard.server.dao.service.nosql.UserServiceNoSqlTest" time="0.016"/>
  <testcase name="testFindCustomerUsersByEmail" classname="org.thingsboard.server.dao.service.nosql.UserServiceNoSqlTest" time="1.053"/>
  <testcase name="testSaveUserWithEmptyEmail" classname="org.thingsboard.server.dao.service.nosql.UserServiceNoSqlTest" time="0.018"/>
  <testcase name="testSaveWidgetTypeWithEmptyBundleAlias" classname="org.thingsboard.server.dao.service.nosql.WidgetTypeServiceNoSqlTest" time="0.026"/>
  <testcase name="testUpdateWidgetTypeTenant" classname="org.thingsboard.server.dao.service.nosql.WidgetTypeServiceNoSqlTest" time="0.039"/>
  <testcase name="testSaveWidgetTypeWithEmptyDescriptor" classname="org.thingsboard.server.dao.service.nosql.WidgetTypeServiceNoSqlTest" time="0.028"/>
  <testcase name="testUpdateWidgetTypeBundleAlias" classname="org.thingsboard.server.dao.service.nosql.WidgetTypeServiceNoSqlTest" time="0.071"/>
  <testcase name="testSaveWidgetTypeWithInvalidBundleAlias" classname="org.thingsboard.server.dao.service.nosql.WidgetTypeServiceNoSqlTest" time="0.016"/>
  <testcase name="testFindWidgetTypeById" classname="org.thingsboard.server.dao.service.nosql.WidgetTypeServiceNoSqlTest" time="0.044"/>
  <testcase name="testUpdateWidgetTypeAlias" classname="org.thingsboard.server.dao.service.nosql.WidgetTypeServiceNoSqlTest" time="0.041"/>
  <testcase name="testSaveWidgetTypeWithInvalidTenant" classname="org.thingsboard.server.dao.service.nosql.WidgetTypeServiceNoSqlTest" time="0.041"/>
  <testcase name="testFindWidgetTypeByTenantIdBundleAliasAndAlias" classname="org.thingsboard.server.dao.service.nosql.WidgetTypeServiceNoSqlTest" time="0.022"/>
  <testcase name="testSaveWidgetType" classname="org.thingsboard.server.dao.service.nosql.WidgetTypeServiceNoSqlTest" time="0.02"/>
  <testcase name="testDeleteWidgetType" classname="org.thingsboard.server.dao.service.nosql.WidgetTypeServiceNoSqlTest" time="0.02"/>
  <testcase name="testSaveWidgetTypeWithEmptyName" classname="org.thingsboard.server.dao.service.nosql.WidgetTypeServiceNoSqlTest" time="0.027"/>
  <testcase name="testFindWidgetTypesByTenantIdAndBundleAlias" classname="org.thingsboard.server.dao.service.nosql.WidgetTypeServiceNoSqlTest" time="0.315"/>
  <testcase name="testFindTenantWidgetsBundlesByTenantId" classname="org.thingsboard.server.dao.service.nosql.WidgetsBundleServiceNoSqlTest" time="0.304"/>
  <testcase name="testFindSystemWidgetsBundlesByPageLink" classname="org.thingsboard.server.dao.service.nosql.WidgetsBundleServiceNoSqlTest" time="0.411"/>
  <testcase name="testFindAllWidgetsBundlesByTenantIdAndPageLink" classname="org.thingsboard.server.dao.service.nosql.WidgetsBundleServiceNoSqlTest" time="0.476"/>
  <testcase name="testDeleteWidgetsBundle" classname="org.thingsboard.server.dao.service.nosql.WidgetsBundleServiceNoSqlTest" time="0.008"/>
  <testcase name="testFindWidgetsBundleByTenantIdAndAlias" classname="org.thingsboard.server.dao.service.nosql.WidgetsBundleServiceNoSqlTest" time="0.008"/>
  <testcase name="testFindSystemWidgetsBundles" classname="org.thingsboard.server.dao.service.nosql.WidgetsBundleServiceNoSqlTest" time="0.247"/>
  <testcase name="testUpdateWidgetsBundleAlias" classname="org.thingsboard.server.dao.service.nosql.WidgetsBundleServiceNoSqlTest" time="0.008"/>
  <testcase name="testSaveWidgetsBundle" classname="org.thingsboard.server.dao.service.nosql.WidgetsBundleServiceNoSqlTest" time="0.007"/>
  <testcase name="testSaveWidgetsBundleWithEmptyTitle" classname="org.thingsboard.server.dao.service.nosql.WidgetsBundleServiceNoSqlTest" time="0.004"/>
  <testcase name="testFindWidgetsBundleById" classname="org.thingsboard.server.dao.service.nosql.WidgetsBundleServiceNoSqlTest" time="0.006"/>
  <testcase name="testUpdateWidgetsBundleTenant" classname="org.thingsboard.server.dao.service.nosql.WidgetsBundleServiceNoSqlTest" time="0.006"/>
  <testcase name="testSaveWidgetsBundleWithInvalidTenant" classname="org.thingsboard.server.dao.service.nosql.WidgetsBundleServiceNoSqlTest" time="0.004"/>
  <testcase name="testFindAllWidgetsBundlesByTenantId" classname="org.thingsboard.server.dao.service.nosql.WidgetsBundleServiceNoSqlTest" time="0.561"/>
  <testcase name="testFindDeviceTsData" classname="org.thingsboard.server.dao.service.timeseries.nosql.TimeseriesServiceNoSqlTest" time="0.089"/>
  <testcase name="testFindLatest" classname="org.thingsboard.server.dao.service.timeseries.nosql.TimeseriesServiceNoSqlTest" time="0.015"/>
  <testcase name="testFindAllLatest" classname="org.thingsboard.server.dao.service.timeseries.nosql.TimeseriesServiceNoSqlTest" time="0.024"/>
</testsuite>