<?xml version="1.0" encoding="UTF-8"?>
<testsuite xmlns:xsi="http://www.w3.org/2001/XMLSchema-instance" xsi:noNamespaceSchemaLocation="https://maven.apache.org/surefire/maven-surefire-plugin/xsd/surefire-test-report.xsd" name="com.gdc.aerodev.dao.test.UserDaoTest" time="3.025" tests="14" errors="14" skipped="0" failures="0">
  <properties>
    <property name="awt.toolkit" value="sun.awt.X11.XToolkit"/>
    <property name="file.encoding.pkg" value="sun.io"/>
    <property name="java.specification.version" value="1.8"/>
    <property name="sun.cpu.isalist" value=""/>
    <property name="sun.jnu.encoding" value="UTF-8"/>
    <property name="java.class.path" value="/root/workspace/DanilYusupov/aero-dev/361159718/dao/target/test-classes:/root/workspace/DanilYusupov/aero-dev/361159718/dao/target/classes:/root/workspace/DanilYusupov/aero-dev/361159718/model/target/classes:/root/./workspace/DanilYusupov/aero-dev/361159718/.m2/org/springframework/boot/spring-boot-starter-jdbc/2.0.0.RELEASE/spring-boot-starter-jdbc-2.0.0.RELEASE.jar:/root/./workspace/DanilYusupov/aero-dev/361159718/.m2/org/springframework/boot/spring-boot-starter/2.0.0.RELEASE/spring-boot-starter-2.0.0.RELEASE.jar:/root/./workspace/DanilYusupov/aero-dev/361159718/.m2/org/springframework/boot/spring-boot/2.0.0.RELEASE/spring-boot-2.0.0.RELEASE.jar:/root/./workspace/DanilYusupov/aero-dev/361159718/.m2/org/springframework/spring-context/5.0.4.RELEASE/spring-context-5.0.4.RELEASE.jar:/root/./workspace/DanilYusupov/aero-dev/361159718/.m2/org/springframework/spring-aop/5.0.4.RELEASE/spring-aop-5.0.4.RELEASE.jar:/root/./workspace/DanilYusupov/aero-dev/361159718/.m2/org/springframework/spring-expression/5.0.4.RELEASE/spring-expression-5.0.4.RELEASE.jar:/root/./workspace/DanilYusupov/aero-dev/361159718/.m2/org/springframework/boot/spring-boot-autoconfigure/2.0.0.RELEASE/spring-boot-autoconfigure-2.0.0.RELEASE.jar:/root/./workspace/DanilYusupov/aero-dev/361159718/.m2/org/springframework/boot/spring-boot-starter-logging/2.0.0.RELEASE/spring-boot-starter-logging-2.0.0.RELEASE.jar:/root/./workspace/DanilYusupov/aero-dev/361159718/.m2/ch/qos/logback/logback-classic/1.2.3/logback-classic-1.2.3.jar:/root/./workspace/DanilYusupov/aero-dev/361159718/.m2/ch/qos/logback/logback-core/1.2.3/logback-core-1.2.3.jar:/root/./workspace/DanilYusupov/aero-dev/361159718/.m2/org/apache/logging/log4j/log4j-to-slf4j/2.10.0/log4j-to-slf4j-2.10.0.jar:/root/./workspace/DanilYusupov/aero-dev/361159718/.m2/org/apache/logging/log4j/log4j-api/2.10.0/log4j-api-2.10.0.jar:/root/./workspace/DanilYusupov/aero-dev/361159718/.m2/org/slf4j/jul-to-slf4j/1.7.25/jul-to-slf4j-1.7.25.jar:/root/./workspace/DanilYusupov/aero-dev/361159718/.m2/javax/annotation/javax.annotation-api/1.3.2/javax.annotation-api-1.3.2.jar:/root/./workspace/DanilYusupov/aero-dev/361159718/.m2/org/yaml/snakeyaml/1.19/snakeyaml-1.19.jar:/root/./workspace/DanilYusupov/aero-dev/361159718/.m2/com/zaxxer/HikariCP/2.7.8/HikariCP-2.7.8.jar:/root/./workspace/DanilYusupov/aero-dev/361159718/.m2/org/springframework/spring-jdbc/5.0.4.RELEASE/spring-jdbc-5.0.4.RELEASE.jar:/root/./workspace/DanilYusupov/aero-dev/361159718/.m2/org/springframework/spring-beans/5.0.4.RELEASE/spring-beans-5.0.4.RELEASE.jar:/root/./workspace/DanilYusupov/aero-dev/361159718/.m2/org/springframework/spring-tx/5.0.4.RELEASE/spring-tx-5.0.4.RELEASE.jar:/root/./workspace/DanilYusupov/aero-dev/361159718/.m2/org/springframework/boot/spring-boot-starter-test/2.0.0.RELEASE/spring-boot-starter-test-2.0.0.RELEASE.jar:/root/./workspace/DanilYusupov/aero-dev/361159718/.m2/org/springframework/boot/spring-boot-test/2.0.0.RELEASE/spring-boot-test-2.0.0.RELEASE.jar:/root/./workspace/DanilYusupov/aero-dev/361159718/.m2/org/springframework/boot/spring-boot-test-autoconfigure/2.0.0.RELEASE/spring-boot-test-autoconfigure-2.0.0.RELEASE.jar:/root/./workspace/DanilYusupov/aero-dev/361159718/.m2/com/jayway/jsonpath/json-path/2.4.0/json-path-2.4.0.jar:/root/./workspace/DanilYusupov/aero-dev/361159718/.m2/net/minidev/json-smart/2.3/json-smart-2.3.jar:/root/./workspace/DanilYusupov/aero-dev/361159718/.m2/net/minidev/accessors-smart/1.2/accessors-smart-1.2.jar:/root/./workspace/DanilYusupov/aero-dev/361159718/.m2/org/ow2/asm/asm/5.0.4/asm-5.0.4.jar:/root/./workspace/DanilYusupov/aero-dev/361159718/.m2/junit/junit/4.12/junit-4.12.jar:/root/./workspace/DanilYusupov/aero-dev/361159718/.m2/org/assertj/assertj-core/3.9.1/assertj-core-3.9.1.jar:/root/./workspace/DanilYusupov/aero-dev/361159718/.m2/org/mockito/mockito-core/2.15.0/mockito-core-2.15.0.jar:/root/./workspace/DanilYusupov/aero-dev/361159718/.m2/net/bytebuddy/byte-buddy/1.7.10/byte-buddy-1.7.10.jar:/root/./workspace/DanilYusupov/aero-dev/361159718/.m2/net/bytebuddy/byte-buddy-agent/1.7.10/byte-buddy-agent-1.7.10.jar:/root/./workspace/DanilYusupov/aero-dev/361159718/.m2/org/objenesis/objenesis/2.6/objenesis-2.6.jar:/root/./workspace/DanilYusupov/aero-dev/361159718/.m2/org/hamcrest/hamcrest-core/1.3/hamcrest-core-1.3.jar:/root/./workspace/DanilYusupov/aero-dev/361159718/.m2/org/hamcrest/hamcrest-library/1.3/hamcrest-library-1.3.jar:/root/./workspace/DanilYusupov/aero-dev/361159718/.m2/org/skyscreamer/jsonassert/1.5.0/jsonassert-1.5.0.jar:/root/./workspace/DanilYusupov/aero-dev/361159718/.m2/com/vaadin/external/google/android-json/0.0.20131108.vaadin1/android-json-0.0.20131108.vaadin1.jar:/root/./workspace/DanilYusupov/aero-dev/361159718/.m2/org/springframework/spring-core/5.0.4.RELEASE/spring-core-5.0.4.RELEASE.jar:/root/./workspace/DanilYusupov/aero-dev/361159718/.m2/org/springframework/spring-jcl/5.0.4.RELEASE/spring-jcl-5.0.4.RELEASE.jar:/root/./workspace/DanilYusupov/aero-dev/361159718/.m2/org/springframework/spring-test/5.0.4.RELEASE/spring-test-5.0.4.RELEASE.jar:/root/./workspace/DanilYusupov/aero-dev/361159718/.m2/org/xmlunit/xmlunit-core/2.5.1/xmlunit-core-2.5.1.jar:/root/./workspace/DanilYusupov/aero-dev/361159718/.m2/org/postgresql/postgresql/42.2.1.jre7/postgresql-42.2.1.jre7.jar:/root/./workspace/DanilYusupov/aero-dev/361159718/.m2/com/opentable/components/otj-pg-embedded/0.11.3/otj-pg-embedded-0.11.3.jar:/root/./workspace/DanilYusupov/aero-dev/361159718/.m2/org/slf4j/slf4j-api/1.7.25/slf4j-api-1.7.25.jar:/root/./workspace/DanilYusupov/aero-dev/361159718/.m2/org/apache/commons/commons-lang3/3.7/commons-lang3-3.7.jar:/root/./workspace/DanilYusupov/aero-dev/361159718/.m2/org/apache/commons/commons-compress/1.11/commons-compress-1.11.jar:/root/./workspace/DanilYusupov/aero-dev/361159718/.m2/org/tukaani/xz/1.5/xz-1.5.jar:/root/./workspace/DanilYusupov/aero-dev/361159718/.m2/commons-io/commons-io/2.6/commons-io-2.6.jar:/root/./workspace/DanilYusupov/aero-dev/361159718/.m2/commons-codec/commons-codec/1.11/commons-codec-1.11.jar:/root/./workspace/DanilYusupov/aero-dev/361159718/.m2/org/slf4j/jcl-over-slf4j/1.7.25/jcl-over-slf4j-1.7.25.jar:/root/./workspace/DanilYusupov/aero-dev/361159718/.m2/org/flywaydb/flyway-core/5.0.7/flyway-core-5.0.7.jar:"/>
    <property name="java.vm.vendor" value="Oracle Corporation"/>
    <property name="skip.bower" value="true"/>
    <property name="sun.arch.data.model" value="64"/>
    <property name="java.vendor.url" value="http://java.oracle.com/"/>
    <property name="user.timezone" value=""/>
    <property name="java.vm.specification.version" value="1.8"/>
    <property name="os.name" value="Linux"/>
    <property name="rat.skip" value="true"/>
    <property name="gpg.skip" value="true"/>
    <property name="sun.java.launcher" value="SUN_STANDARD"/>
    <property name="sun.boot.library.path" value="/usr/lib/jvm/java-8-openjdk-amd64/jre/lib/amd64"/>
    <property name="skip.gulp" value="true"/>
    <property name="sun.java.command" value="/root/workspace/DanilYusupov/aero-dev/361159718/dao/target/surefire/surefirebooter2594777687673439008.jar /root/workspace/DanilYusupov/aero-dev/361159718/dao/target/surefire 2018-04-02T14-28-10_372-jvmRun1 surefire6246978137493126777tmp surefire_05405989920911846446tmp"/>
    <property name="surefire.test.class.path" value="/root/workspace/DanilYusupov/aero-dev/361159718/dao/target/test-classes:/root/workspace/DanilYusupov/aero-dev/361159718/dao/target/classes:/root/workspace/DanilYusupov/aero-dev/361159718/model/target/classes:/root/./workspace/DanilYusupov/aero-dev/361159718/.m2/org/springframework/boot/spring-boot-starter-jdbc/2.0.0.RELEASE/spring-boot-starter-jdbc-2.0.0.RELEASE.jar:/root/./workspace/DanilYusupov/aero-dev/361159718/.m2/org/springframework/boot/spring-boot-starter/2.0.0.RELEASE/spring-boot-starter-2.0.0.RELEASE.jar:/root/./workspace/DanilYusupov/aero-dev/361159718/.m2/org/springframework/boot/spring-boot/2.0.0.RELEASE/spring-boot-2.0.0.RELEASE.jar:/root/./workspace/DanilYusupov/aero-dev/361159718/.m2/org/springframework/spring-context/5.0.4.RELEASE/spring-context-5.0.4.RELEASE.jar:/root/./workspace/DanilYusupov/aero-dev/361159718/.m2/org/springframework/spring-aop/5.0.4.RELEASE/spring-aop-5.0.4.RELEASE.jar:/root/./workspace/DanilYusupov/aero-dev/361159718/.m2/org/springframework/spring-expression/5.0.4.RELEASE/spring-expression-5.0.4.RELEASE.jar:/root/./workspace/DanilYusupov/aero-dev/361159718/.m2/org/springframework/boot/spring-boot-autoconfigure/2.0.0.RELEASE/spring-boot-autoconfigure-2.0.0.RELEASE.jar:/root/./workspace/DanilYusupov/aero-dev/361159718/.m2/org/springframework/boot/spring-boot-starter-logging/2.0.0.RELEASE/spring-boot-starter-logging-2.0.0.RELEASE.jar:/root/./workspace/DanilYusupov/aero-dev/361159718/.m2/ch/qos/logback/logback-classic/1.2.3/logback-classic-1.2.3.jar:/root/./workspace/DanilYusupov/aero-dev/361159718/.m2/ch/qos/logback/logback-core/1.2.3/logback-core-1.2.3.jar:/root/./workspace/DanilYusupov/aero-dev/361159718/.m2/org/apache/logging/log4j/log4j-to-slf4j/2.10.0/log4j-to-slf4j-2.10.0.jar:/root/./workspace/DanilYusupov/aero-dev/361159718/.m2/org/apache/logging/log4j/log4j-api/2.10.0/log4j-api-2.10.0.jar:/root/./workspace/DanilYusupov/aero-dev/361159718/.m2/org/slf4j/jul-to-slf4j/1.7.25/jul-to-slf4j-1.7.25.jar:/root/./workspace/DanilYusupov/aero-dev/361159718/.m2/javax/annotation/javax.annotation-api/1.3.2/javax.annotation-api-1.3.2.jar:/root/./workspace/DanilYusupov/aero-dev/361159718/.m2/org/yaml/snakeyaml/1.19/snakeyaml-1.19.jar:/root/./workspace/DanilYusupov/aero-dev/361159718/.m2/com/zaxxer/HikariCP/2.7.8/HikariCP-2.7.8.jar:/root/./workspace/DanilYusupov/aero-dev/361159718/.m2/org/springframework/spring-jdbc/5.0.4.RELEASE/spring-jdbc-5.0.4.RELEASE.jar:/root/./workspace/DanilYusupov/aero-dev/361159718/.m2/org/springframework/spring-beans/5.0.4.RELEASE/spring-beans-5.0.4.RELEASE.jar:/root/./workspace/DanilYusupov/aero-dev/361159718/.m2/org/springframework/spring-tx/5.0.4.RELEASE/spring-tx-5.0.4.RELEASE.jar:/root/./workspace/DanilYusupov/aero-dev/361159718/.m2/org/springframework/boot/spring-boot-starter-test/2.0.0.RELEASE/spring-boot-starter-test-2.0.0.RELEASE.jar:/root/./workspace/DanilYusupov/aero-dev/361159718/.m2/org/springframework/boot/spring-boot-test/2.0.0.RELEASE/spring-boot-test-2.0.0.RELEASE.jar:/root/./workspace/DanilYusupov/aero-dev/361159718/.m2/org/springframework/boot/spring-boot-test-autoconfigure/2.0.0.RELEASE/spring-boot-test-autoconfigure-2.0.0.RELEASE.jar:/root/./workspace/DanilYusupov/aero-dev/361159718/.m2/com/jayway/jsonpath/json-path/2.4.0/json-path-2.4.0.jar:/root/./workspace/DanilYusupov/aero-dev/361159718/.m2/net/minidev/json-smart/2.3/json-smart-2.3.jar:/root/./workspace/DanilYusupov/aero-dev/361159718/.m2/net/minidev/accessors-smart/1.2/accessors-smart-1.2.jar:/root/./workspace/DanilYusupov/aero-dev/361159718/.m2/org/ow2/asm/asm/5.0.4/asm-5.0.4.jar:/root/./workspace/DanilYusupov/aero-dev/361159718/.m2/junit/junit/4.12/junit-4.12.jar:/root/./workspace/DanilYusupov/aero-dev/361159718/.m2/org/assertj/assertj-core/3.9.1/assertj-core-3.9.1.jar:/root/./workspace/DanilYusupov/aero-dev/361159718/.m2/org/mockito/mockito-core/2.15.0/mockito-core-2.15.0.jar:/root/./workspace/DanilYusupov/aero-dev/361159718/.m2/net/bytebuddy/byte-buddy/1.7.10/byte-buddy-1.7.10.jar:/root/./workspace/DanilYusupov/aero-dev/361159718/.m2/net/bytebuddy/byte-buddy-agent/1.7.10/byte-buddy-agent-1.7.10.jar:/root/./workspace/DanilYusupov/aero-dev/361159718/.m2/org/objenesis/objenesis/2.6/objenesis-2.6.jar:/root/./workspace/DanilYusupov/aero-dev/361159718/.m2/org/hamcrest/hamcrest-core/1.3/hamcrest-core-1.3.jar:/root/./workspace/DanilYusupov/aero-dev/361159718/.m2/org/hamcrest/hamcrest-library/1.3/hamcrest-library-1.3.jar:/root/./workspace/DanilYusupov/aero-dev/361159718/.m2/org/skyscreamer/jsonassert/1.5.0/jsonassert-1.5.0.jar:/root/./workspace/DanilYusupov/aero-dev/361159718/.m2/com/vaadin/external/google/android-json/0.0.20131108.vaadin1/android-json-0.0.20131108.vaadin1.jar:/root/./workspace/DanilYusupov/aero-dev/361159718/.m2/org/springframework/spring-core/5.0.4.RELEASE/spring-core-5.0.4.RELEASE.jar:/root/./workspace/DanilYusupov/aero-dev/361159718/.m2/org/springframework/spring-jcl/5.0.4.RELEASE/spring-jcl-5.0.4.RELEASE.jar:/root/./workspace/DanilYusupov/aero-dev/361159718/.m2/org/springframework/spring-test/5.0.4.RELEASE/spring-test-5.0.4.RELEASE.jar:/root/./workspace/DanilYusupov/aero-dev/361159718/.m2/org/xmlunit/xmlunit-core/2.5.1/xmlunit-core-2.5.1.jar:/root/./workspace/DanilYusupov/aero-dev/361159718/.m2/org/postgresql/postgresql/42.2.1.jre7/postgresql-42.2.1.jre7.jar:/root/./workspace/DanilYusupov/aero-dev/361159718/.m2/com/opentable/components/otj-pg-embedded/0.11.3/otj-pg-embedded-0.11.3.jar:/root/./workspace/DanilYusupov/aero-dev/361159718/.m2/org/slf4j/slf4j-api/1.7.25/slf4j-api-1.7.25.jar:/root/./workspace/DanilYusupov/aero-dev/361159718/.m2/org/apache/commons/commons-lang3/3.7/commons-lang3-3.7.jar:/root/./workspace/DanilYusupov/aero-dev/361159718/.m2/org/apache/commons/commons-compress/1.11/commons-compress-1.11.jar:/root/./workspace/DanilYusupov/aero-dev/361159718/.m2/org/tukaani/xz/1.5/xz-1.5.jar:/root/./workspace/DanilYusupov/aero-dev/361159718/.m2/commons-io/commons-io/2.6/commons-io-2.6.jar:/root/./workspace/DanilYusupov/aero-dev/361159718/.m2/commons-codec/commons-codec/1.11/commons-codec-1.11.jar:/root/./workspace/DanilYusupov/aero-dev/361159718/.m2/org/slf4j/jcl-over-slf4j/1.7.25/jcl-over-slf4j-1.7.25.jar:/root/./workspace/DanilYusupov/aero-dev/361159718/.m2/org/flywaydb/flyway-core/5.0.7/flyway-core-5.0.7.jar:"/>
    <property name="sun.cpu.endian" value="little"/>
    <property name="user.home" value="/root"/>
    <property name="user.language" value="en"/>
    <property name="java.specification.vendor" value="Oracle Corporation"/>
    <property name="java.home" value="/usr/lib/jvm/java-8-openjdk-amd64/jre"/>
    <property name="basedir" value="/root/workspace/DanilYusupov/aero-dev/361159718/dao"/>
    <property name="file.separator" value="/"/>
    <property name="checkstyle.skip" value="true"/>
    <property name="line.separator" value="&#10;"/>
    <property name="skip.npm" value="true"/>
    <property name="java.vm.specification.vendor" value="Oracle Corporation"/>
    <property name="java.specification.name" value="Java Platform API Specification"/>
    <property name="java.awt.graphicsenv" value="sun.awt.X11GraphicsEnvironment"/>
    <property name="skipITs" value="true"/>
    <property name="surefire.real.class.path" value="/root/workspace/DanilYusupov/aero-dev/361159718/dao/target/surefire/surefirebooter2594777687673439008.jar"/>
    <property name="cobertura.skip" value="true"/>
    <property name="sun.boot.class.path" value="/usr/lib/jvm/java-8-openjdk-amd64/jre/lib/resources.jar:/usr/lib/jvm/java-8-openjdk-amd64/jre/lib/rt.jar:/usr/lib/jvm/java-8-openjdk-amd64/jre/lib/sunrsasign.jar:/usr/lib/jvm/java-8-openjdk-amd64/jre/lib/jsse.jar:/usr/lib/jvm/java-8-openjdk-amd64/jre/lib/jce.jar:/usr/lib/jvm/java-8-openjdk-amd64/jre/lib/charsets.jar:/usr/lib/jvm/java-8-openjdk-amd64/jre/lib/jfr.jar:/usr/lib/jvm/java-8-openjdk-amd64/jre/classes"/>
    <property name="sun.management.compiler" value="HotSpot 64-Bit Tiered Compilers"/>
    <property name="java.runtime.version" value="1.8.0_121-8u121-b13-1~bpo8+1-b13"/>
    <property name="user.name" value="root"/>
    <property name="findbugs.skip" value="true"/>
    <property name="path.separator" value=":"/>
    <property name="os.version" value="3.10.0-693.21.1.el7.x86_64"/>
    <property name="java.endorsed.dirs" value="/usr/lib/jvm/java-8-openjdk-amd64/jre/lib/endorsed"/>
    <property name="java.runtime.name" value="OpenJDK Runtime Environment"/>
    <property name="file.encoding" value="UTF-8"/>
    <property name="java.vm.name" value="OpenJDK 64-Bit Server VM"/>
    <property name="localRepository" value="/root/./workspace/DanilYusupov/aero-dev/361159718/.m2"/>
    <property name="java.vendor.url.bug" value="http://bugreport.sun.com/bugreport/"/>
    <property name="java.io.tmpdir" value="/tmp"/>
    <property name="java.version" value="1.8.0_121"/>
    <property name="user.dir" value="/root/workspace/DanilYusupov/aero-dev/361159718/dao"/>
    <property name="os.arch" value="amd64"/>
    <property name="license.skip" value="true"/>
    <property name="java.vm.specification.name" value="Java Virtual Machine Specification"/>
    <property name="java.awt.printerjob" value="sun.print.PSPrinterJob"/>
    <property name="sun.os.patch.level" value="unknown"/>
    <property name="java.library.path" value="/usr/java/packages/lib/amd64:/usr/lib/x86_64-linux-gnu/jni:/lib/x86_64-linux-gnu:/usr/lib/x86_64-linux-gnu:/usr/lib/jni:/lib:/usr/lib"/>
    <property name="java.vm.info" value="mixed mode"/>
    <property name="java.vendor" value="Oracle Corporation"/>
    <property name="java.vm.version" value="25.121-b13"/>
    <property name="java.ext.dirs" value="/usr/lib/jvm/java-8-openjdk-amd64/jre/lib/ext:/usr/java/packages/lib/ext"/>
    <property name="sun.io.unicode.encoding" value="UnicodeLittle"/>
    <property name="maven.repo.local" value="/root/./workspace/DanilYusupov/aero-dev/361159718/.m2"/>
    <property name="enforcer.skip" value="true"/>
    <property name="java.class.version" value="52.0"/>
  </properties>
  <testcase name="testGetByNameNonExistent" classname="com.gdc.aerodev.dao.test.UserDaoTest" time="2.743">
    <error message="Process [/tmp/embedded-pg/PG-d50c36d826396caade3e22e57c7edd67/bin/initdb, -A, trust, -U, postgres, -D, /tmp/epg827082181717414073, -E, UTF-8] failed&#10;" type="java.lang.IllegalStateException">java.lang.IllegalStateException: 
Process [/tmp/embedded-pg/PG-d50c36d826396caade3e22e57c7edd67/bin/initdb, -A, trust, -U, postgres, -D, /tmp/epg827082181717414073, -E, UTF-8] failed

</error>
    <system-out><![CDATA[14:28:11.883 [main] INFO com.opentable.db.postgres.embedded.EmbeddedPostgres - Detected a Linux x86_64 system
14:28:11.992 [main] INFO com.opentable.db.postgres.embedded.EmbeddedPostgres - Extracting Postgres...
14:28:14.570 [main] INFO com.opentable.db.postgres.embedded.EmbeddedPostgres - Postgres binaries at /tmp/embedded-pg/PG-d50c36d826396caade3e22e57c7edd67
]]></system-out>
  </testcase>
  <testcase name="testInsertExistentUserDbSize" classname="com.gdc.aerodev.dao.test.UserDaoTest" time="0.011">
    <error message="Process [/tmp/embedded-pg/PG-d50c36d826396caade3e22e57c7edd67/bin/initdb, -A, trust, -U, postgres, -D, /tmp/epg6978254063556937250, -E, UTF-8] failed&#10;" type="java.lang.IllegalStateException">java.lang.IllegalStateException: 
Process [/tmp/embedded-pg/PG-d50c36d826396caade3e22e57c7edd67/bin/initdb, -A, trust, -U, postgres, -D, /tmp/epg6978254063556937250, -E, UTF-8] failed

</error>
  </testcase>
  <testcase name="testExistentEmail" classname="com.gdc.aerodev.dao.test.UserDaoTest" time="0.015">
    <error message="Process [/tmp/embedded-pg/PG-d50c36d826396caade3e22e57c7edd67/bin/initdb, -A, trust, -U, postgres, -D, /tmp/epg3145938051635871460, -E, UTF-8] failed&#10;" type="java.lang.IllegalStateException">java.lang.IllegalStateException: 
Process [/tmp/embedded-pg/PG-d50c36d826396caade3e22e57c7edd67/bin/initdb, -A, trust, -U, postgres, -D, /tmp/epg3145938051635871460, -E, UTF-8] failed

</error>
  </testcase>
  <testcase name="testCount" classname="com.gdc.aerodev.dao.test.UserDaoTest" time="0.013">
    <error message="Process [/tmp/embedded-pg/PG-d50c36d826396caade3e22e57c7edd67/bin/initdb, -A, trust, -U, postgres, -D, /tmp/epg562931707787502618, -E, UTF-8] failed&#10;" type="java.lang.IllegalStateException">java.lang.IllegalStateException: 
Process [/tmp/embedded-pg/PG-d50c36d826396caade3e22e57c7edd67/bin/initdb, -A, trust, -U, postgres, -D, /tmp/epg562931707787502618, -E, UTF-8] failed

</error>
  </testcase>
  <testcase name="testGetById" classname="com.gdc.aerodev.dao.test.UserDaoTest" time="0.014">
    <error message="Process [/tmp/embedded-pg/PG-d50c36d826396caade3e22e57c7edd67/bin/initdb, -A, trust, -U, postgres, -D, /tmp/epg6330209390638735098, -E, UTF-8] failed&#10;" type="java.lang.IllegalStateException">java.lang.IllegalStateException: 
Process [/tmp/embedded-pg/PG-d50c36d826396caade3e22e57c7edd67/bin/initdb, -A, trust, -U, postgres, -D, /tmp/epg6330209390638735098, -E, UTF-8] failed

</error>
  </testcase>
  <testcase name="testNonExistentEmail" classname="com.gdc.aerodev.dao.test.UserDaoTest" time="0.013">
    <error message="Process [/tmp/embedded-pg/PG-d50c36d826396caade3e22e57c7edd67/bin/initdb, -A, trust, -U, postgres, -D, /tmp/epg6078445968745478832, -E, UTF-8] failed&#10;" type="java.lang.IllegalStateException">java.lang.IllegalStateException: 
Process [/tmp/embedded-pg/PG-d50c36d826396caade3e22e57c7edd67/bin/initdb, -A, trust, -U, postgres, -D, /tmp/epg6078445968745478832, -E, UTF-8] failed

</error>
  </testcase>
  <testcase name="testGetByIdNonExistent" classname="com.gdc.aerodev.dao.test.UserDaoTest" time="0.013">
    <error message="Process [/tmp/embedded-pg/PG-d50c36d826396caade3e22e57c7edd67/bin/initdb, -A, trust, -U, postgres, -D, /tmp/epg4696483032783775081, -E, UTF-8] failed&#10;" type="java.lang.IllegalStateException">java.lang.IllegalStateException: 
Process [/tmp/embedded-pg/PG-d50c36d826396caade3e22e57c7edd67/bin/initdb, -A, trust, -U, postgres, -D, /tmp/epg4696483032783775081, -E, UTF-8] failed

</error>
  </testcase>
  <testcase name="testGetByName" classname="com.gdc.aerodev.dao.test.UserDaoTest" time="0.013">
    <error message="Process [/tmp/embedded-pg/PG-d50c36d826396caade3e22e57c7edd67/bin/initdb, -A, trust, -U, postgres, -D, /tmp/epg7694306559306341701, -E, UTF-8] failed&#10;" type="java.lang.IllegalStateException">java.lang.IllegalStateException: 
Process [/tmp/embedded-pg/PG-d50c36d826396caade3e22e57c7edd67/bin/initdb, -A, trust, -U, postgres, -D, /tmp/epg7694306559306341701, -E, UTF-8] failed

</error>
  </testcase>
  <testcase name="testDelete" classname="com.gdc.aerodev.dao.test.UserDaoTest" time="0.014">
    <error message="Process [/tmp/embedded-pg/PG-d50c36d826396caade3e22e57c7edd67/bin/initdb, -A, trust, -U, postgres, -D, /tmp/epg8912145295317692089, -E, UTF-8] failed&#10;" type="java.lang.IllegalStateException">java.lang.IllegalStateException: 
Process [/tmp/embedded-pg/PG-d50c36d826396caade3e22e57c7edd67/bin/initdb, -A, trust, -U, postgres, -D, /tmp/epg8912145295317692089, -E, UTF-8] failed

</error>
  </testcase>
  <testcase name="testGetAll" classname="com.gdc.aerodev.dao.test.UserDaoTest" time="0.013">
    <error message="Process [/tmp/embedded-pg/PG-d50c36d826396caade3e22e57c7edd67/bin/initdb, -A, trust, -U, postgres, -D, /tmp/epg1327517362281214948, -E, UTF-8] failed&#10;" type="java.lang.IllegalStateException">java.lang.IllegalStateException: 
Process [/tmp/embedded-pg/PG-d50c36d826396caade3e22e57c7edd67/bin/initdb, -A, trust, -U, postgres, -D, /tmp/epg1327517362281214948, -E, UTF-8] failed

</error>
  </testcase>
  <testcase name="testInsert" classname="com.gdc.aerodev.dao.test.UserDaoTest" time="0.015">
    <error message="Process [/tmp/embedded-pg/PG-d50c36d826396caade3e22e57c7edd67/bin/initdb, -A, trust, -U, postgres, -D, /tmp/epg9059096851117598498, -E, UTF-8] failed&#10;" type="java.lang.IllegalStateException">java.lang.IllegalStateException: 
Process [/tmp/embedded-pg/PG-d50c36d826396caade3e22e57c7edd67/bin/initdb, -A, trust, -U, postgres, -D, /tmp/epg9059096851117598498, -E, UTF-8] failed

</error>
  </testcase>
  <testcase name="testDeleteNonExistentUser" classname="com.gdc.aerodev.dao.test.UserDaoTest" time="0.014">
    <error message="Process [/tmp/embedded-pg/PG-d50c36d826396caade3e22e57c7edd67/bin/initdb, -A, trust, -U, postgres, -D, /tmp/epg3267790400726418682, -E, UTF-8] failed&#10;" type="java.lang.IllegalStateException">java.lang.IllegalStateException: 
Process [/tmp/embedded-pg/PG-d50c36d826396caade3e22e57c7edd67/bin/initdb, -A, trust, -U, postgres, -D, /tmp/epg3267790400726418682, -E, UTF-8] failed

</error>
  </testcase>
  <testcase name="testUpdate" classname="com.gdc.aerodev.dao.test.UserDaoTest" time="0.012">
    <error message="Process [/tmp/embedded-pg/PG-d50c36d826396caade3e22e57c7edd67/bin/initdb, -A, trust, -U, postgres, -D, /tmp/epg8242864064387093097, -E, UTF-8] failed&#10;" type="java.lang.IllegalStateException">java.lang.IllegalStateException: 
Process [/tmp/embedded-pg/PG-d50c36d826396caade3e22e57c7edd67/bin/initdb, -A, trust, -U, postgres, -D, /tmp/epg8242864064387093097, -E, UTF-8] failed

</error>
  </testcase>
  <testcase name="testInsertExistentUserException" classname="com.gdc.aerodev.dao.test.UserDaoTest" time="0.014">
    <error message="Process [/tmp/embedded-pg/PG-d50c36d826396caade3e22e57c7edd67/bin/initdb, -A, trust, -U, postgres, -D, /tmp/epg5473977700648781956, -E, UTF-8] failed&#10;" type="java.lang.IllegalStateException">java.lang.IllegalStateException: 
Process [/tmp/embedded-pg/PG-d50c36d826396caade3e22e57c7edd67/bin/initdb, -A, trust, -U, postgres, -D, /tmp/epg5473977700648781956, -E, UTF-8] failed

</error>
  </testcase>
</testsuite>