<?xml version="1.0" encoding="UTF-8"?>
<testsuite name="org.comixed.repositories.ComicRepositoryTest" time="0.946" tests="26" errors="1" skipped="0" failures="0">
  <properties>
    <property name="java.runtime.name" value="OpenJDK Runtime Environment"/>
    <property name="sun.boot.library.path" value="/usr/lib/jvm/java-8-openjdk-amd64/jre/lib/amd64"/>
    <property name="java.vm.version" value="25.121-b13"/>
    <property name="java.vm.vendor" value="Oracle Corporation"/>
    <property name="maven.multiModuleProjectDirectory" value="/root/workspace/mcpierce/comixed/384268215/java-backend"/>
    <property name="java.vendor.url" value="http://java.oracle.com/"/>
    <property name="path.separator" value=":"/>
    <property name="guice.disable.misplaced.annotation.check" value="true"/>
    <property name="skip.gulp" value="true"/>
    <property name="java.vm.name" value="OpenJDK 64-Bit Server VM"/>
    <property name="file.encoding.pkg" value="sun.io"/>
    <property name="sun.java.launcher" value="SUN_STANDARD"/>
    <property name="sun.os.patch.level" value="unknown"/>
    <property name="findbugs.skip" value="true"/>
    <property name="java.vm.specification.name" value="Java Virtual Machine Specification"/>
    <property name="user.dir" value="/root/workspace/mcpierce/comixed/384268215/java-backend"/>
    <property name="checkstyle.skip" value="true"/>
    <property name="java.runtime.version" value="1.8.0_121-8u121-b13-1~bpo8+1-b13"/>
    <property name="java.awt.graphicsenv" value="sun.awt.X11GraphicsEnvironment"/>
    <property name="skip.npm" value="true"/>
    <property name="java.endorsed.dirs" value="/usr/lib/jvm/java-8-openjdk-amd64/jre/lib/endorsed"/>
    <property name="os.arch" value="amd64"/>
    <property name="java.io.tmpdir" value="/tmp"/>
    <property name="gpg.skip" value="true"/>
    <property name="line.separator" value="&#10;"/>
    <property name="java.vm.specification.vendor" value="Oracle Corporation"/>
    <property name="cobertura.skip" value="true"/>
    <property name="os.name" value="Linux"/>
    <property name="classworlds.conf" value="/usr/share/maven/bin/m2.conf"/>
    <property name="sun.jnu.encoding" value="UTF-8"/>
    <property name="java.library.path" value="/usr/java/packages/lib/amd64:/usr/lib/x86_64-linux-gnu/jni:/lib/x86_64-linux-gnu:/usr/lib/x86_64-linux-gnu:/usr/lib/jni:/lib:/usr/lib"/>
    <property name="license.skip" value="true"/>
    <property name="java.specification.name" value="Java Platform API Specification"/>
    <property name="java.class.version" value="52.0"/>
    <property name="sun.management.compiler" value="HotSpot 64-Bit Tiered Compilers"/>
    <property name="skip.bower" value="true"/>
    <property name="maven.repo.local" value="/root/./workspace/mcpierce/comixed/384268215/.m2"/>
    <property name="os.version" value="3.10.0-862.2.3.el7.x86_64"/>
    <property name="user.home" value="/root"/>
    <property name="user.timezone" value="Europe/Paris"/>
    <property name="java.awt.printerjob" value="sun.print.PSPrinterJob"/>
    <property name="java.specification.version" value="1.8"/>
    <property name="file.encoding" value="UTF-8"/>
    <property name="user.name" value="root"/>
    <property name="java.class.path" value="/usr/share/maven/boot/plexus-classworlds-2.5.2.jar"/>
    <property name="skipITs" value="true"/>
    <property name="java.vm.specification.version" value="1.8"/>
    <property name="sun.arch.data.model" value="64"/>
    <property name="java.home" value="/usr/lib/jvm/java-8-openjdk-amd64/jre"/>
    <property name="sun.java.command" value="org.codehaus.plexus.classworlds.launcher.Launcher -B -D enforcer.skip=true -D dependency-check.skip=true -D skipITs=true -D cobertura.skip=true -D maven.repo.local=/root/./workspace/mcpierce/comixed/384268215/.m2 -D rat.skip=true -D findbugs.skip=true -D skip.bower=true -D gpg.skip=true -D checkstyle.skip=true -D skip.gulp=true -D license.skip=true -D skip.npm=true test"/>
    <property name="java.specification.vendor" value="Oracle Corporation"/>
    <property name="user.language" value="en"/>
    <property name="awt.toolkit" value="sun.awt.X11.XToolkit"/>
    <property name="dependency-check.skip" value="true"/>
    <property name="java.vm.info" value="mixed mode"/>
    <property name="java.version" value="1.8.0_121"/>
    <property name="java.ext.dirs" value="/usr/lib/jvm/java-8-openjdk-amd64/jre/lib/ext:/usr/java/packages/lib/ext"/>
    <property name="securerandom.source" value="file:/dev/./urandom"/>
    <property name="sun.boot.class.path" value="/usr/lib/jvm/java-8-openjdk-amd64/jre/lib/resources.jar:/usr/lib/jvm/java-8-openjdk-amd64/jre/lib/rt.jar:/usr/lib/jvm/java-8-openjdk-amd64/jre/lib/sunrsasign.jar:/usr/lib/jvm/java-8-openjdk-amd64/jre/lib/jsse.jar:/usr/lib/jvm/java-8-openjdk-amd64/jre/lib/jce.jar:/usr/lib/jvm/java-8-openjdk-amd64/jre/lib/charsets.jar:/usr/lib/jvm/java-8-openjdk-amd64/jre/lib/jfr.jar:/usr/lib/jvm/java-8-openjdk-amd64/jre/classes"/>
    <property name="java.vendor" value="Oracle Corporation"/>
    <property name="enforcer.skip" value="true"/>
    <property name="rat.skip" value="true"/>
    <property name="maven.home" value="/usr/share/maven"/>
    <property name="file.separator" value="/"/>
    <property name="java.vendor.url.bug" value="http://bugreport.sun.com/bugreport/"/>
    <property name="sun.cpu.endian" value="little"/>
    <property name="sun.io.unicode.encoding" value="UnicodeLittle"/>
    <property name="sun.cpu.isalist" value=""/>
  </properties>
  <testcase name="testSummaryCanBeUpdated" classname="org.comixed.repositories.ComicRepositoryTest" time="0.177"/>
  <testcase name="testStoryArcs" classname="org.comixed.repositories.ComicRepositoryTest" time="0.251"/>
  <testcase name="testVolumeCanBeNull" classname="org.comixed.repositories.ComicRepositoryTest" time="0.039"/>
  <testcase name="testVolumeCanBeUpdated" classname="org.comixed.repositories.ComicRepositoryTest" time="0.033"/>
  <testcase name="testComicVineIdIsNullable" classname="org.comixed.repositories.ComicRepositoryTest" time="0.034"/>
  <testcase name="testTeams" classname="org.comixed.repositories.ComicRepositoryTest" time="0.022"/>
  <testcase name="testFilenameMustBeUnique" classname="org.comixed.repositories.ComicRepositoryTest" time="0.031"/>
  <testcase name="testPagesCanBeAdded" classname="org.comixed.repositories.ComicRepositoryTest" time="0.018">
    <error type="java.lang.NullPointerException:"><![CDATA[java.lang.NullPointerException: null
	at org.comixed.library.model.Page.createHash(Page.java:157)
	at org.comixed.library.model.Page.<init>(Page.java:151)
	at org.comixed.repositories.ComicRepositoryTest.testPagesCanBeAdded(ComicRepositoryTest.java:338)
]]></error>
    <system-out><![CDATA[2018-05-27 05:59:42.732  WARN 249 --- [           main] o.dbunit.dataset.AbstractTableMetaData   : Potential problem found: The configured data type factory 'class org.dbunit.dataset.datatype.DefaultDataTypeFactory' might cause problems with the current database 'H2' (e.g. some datatypes may not be supported properly). In rare cases you might see this message because the list of supported database products is incomplete (list=[derby]). If so please request a java-class update via the forums.If you are using your own IDataTypeFactory extending DefaultDataTypeFactory, ensure that you override getValidDbProducts() to specify the supported database products.
2018-05-27 05:59:42.734  WARN 249 --- [           main] o.dbunit.dataset.AbstractTableMetaData   : Potential problem found: The configured data type factory 'class org.dbunit.dataset.datatype.DefaultDataTypeFactory' might cause problems with the current database 'H2' (e.g. some datatypes may not be supported properly). In rare cases you might see this message because the list of supported database products is incomplete (list=[derby]). If so please request a java-class update via the forums.If you are using your own IDataTypeFactory extending DefaultDataTypeFactory, ensure that you override getValidDbProducts() to specify the supported database products.
2018-05-27 05:59:42.735  WARN 249 --- [           main] o.dbunit.dataset.AbstractTableMetaData   : Potential problem found: The configured data type factory 'class org.dbunit.dataset.datatype.DefaultDataTypeFactory' might cause problems with the current database 'H2' (e.g. some datatypes may not be supported properly). In rare cases you might see this message because the list of supported database products is incomplete (list=[derby]). If so please request a java-class update via the forums.If you are using your own IDataTypeFactory extending DefaultDataTypeFactory, ensure that you override getValidDbProducts() to specify the supported database products.
2018-05-27 05:59:42.736  WARN 249 --- [           main] o.dbunit.dataset.AbstractTableMetaData   : Potential problem found: The configured data type factory 'class org.dbunit.dataset.datatype.DefaultDataTypeFactory' might cause problems with the current database 'H2' (e.g. some datatypes may not be supported properly). In rare cases you might see this message because the list of supported database products is incomplete (list=[derby]). If so please request a java-class update via the forums.If you are using your own IDataTypeFactory extending DefaultDataTypeFactory, ensure that you override getValidDbProducts() to specify the supported database products.
2018-05-27 05:59:42.737  WARN 249 --- [           main] o.dbunit.dataset.AbstractTableMetaData   : Potential problem found: The configured data type factory 'class org.dbunit.dataset.datatype.DefaultDataTypeFactory' might cause problems with the current database 'H2' (e.g. some datatypes may not be supported properly). In rare cases you might see this message because the list of supported database products is incomplete (list=[derby]). If so please request a java-class update via the forums.If you are using your own IDataTypeFactory extending DefaultDataTypeFactory, ensure that you override getValidDbProducts() to specify the supported database products.
2018-05-27 05:59:42.738  WARN 249 --- [           main] o.dbunit.dataset.AbstractTableMetaData   : Potential problem found: The configured data type factory 'class org.dbunit.dataset.datatype.DefaultDataTypeFactory' might cause problems with the current database 'H2' (e.g. some datatypes may not be supported properly). In rare cases you might see this message because the list of supported database products is incomplete (list=[derby]). If so please request a java-class update via the forums.If you are using your own IDataTypeFactory extending DefaultDataTypeFactory, ensure that you override getValidDbProducts() to specify the supported database products.
Hibernate: select comic0_.id as id1_4_0_, comic0_.archive_type as archive_2_4_0_, comic0_.comic_vine_id as comic_vi3_4_0_, comic0_.comic_vine_url as comic_vi4_4_0_, comic0_.cover_date as cover_da5_4_0_, comic0_.added_date as added_da6_4_0_, comic0_.description as descript7_4_0_, comic0_.filename as filename8_4_0_, comic0_.issue_number as issue_nu9_4_0_, comic0_.last_read_date as last_re10_4_0_, comic0_.notes as notes11_4_0_, comic0_.publisher as publish12_4_0_, comic0_.series as series13_4_0_, comic0_.summary as summary14_4_0_, comic0_.title as title15_4_0_, comic0_.volume as volume16_4_0_, pages1_.comic_id as comic_id7_5_1_, pages1_.id as id1_5_1_, pages1_.index as index8_1_, pages1_.id as id1_5_2_, pages1_.comic_id as comic_id7_5_2_, pages1_.deleted as deleted2_5_2_, pages1_.filename as filename3_5_2_, pages1_.hash as hash4_5_2_, pages1_.height as height5_5_2_, pages1_.width as width6_5_2_ from comics comic0_ left outer join pages pages1_ on comic0_.id=pages1_.comic_id where comic0_.id=?
Hibernate: select teams0_.comic_id as comic_id1_3_0_, teams0_.team_name as team_nam2_3_0_ from comic_teams teams0_ where teams0_.comic_id=?
Hibernate: select storyarcs0_.comic_id as comic_id1_2_0_, storyarcs0_.story_arc_name as story_ar2_2_0_ from comic_story_arcs storyarcs0_ where storyarcs0_.comic_id=?
Hibernate: select locations0_.comic_id as comic_id1_1_0_, locations0_.location_name as location2_1_0_ from comic_locations locations0_ where locations0_.comic_id=?
Hibernate: select characters0_.comic_id as comic_id1_0_0_, characters0_.character_name as characte2_0_0_ from comic_characters characters0_ where characters0_.comic_id=?
2018-05-27 05:59:42.744 DEBUG 249 --- [           main] org.comixed.library.model.Page           : Creating page: filename=src/test/example.jpg content.size=1024
2018-05-27 05:59:42.744 DEBUG 249 --- [           main] org.comixed.library.model.Page           : Generating MD5 hash
]]></system-out>
  </testcase>
  <testcase name="testLocations" classname="org.comixed.repositories.ComicRepositoryTest" time="0.017"/>
  <testcase name="testSummaryCanBeNull" classname="org.comixed.repositories.ComicRepositoryTest" time="0.024"/>
  <testcase name="testCoverDateCanBeUpdated" classname="org.comixed.repositories.ComicRepositoryTest" time="0.029"/>
  <testcase name="testIssueNumberCanBeUpdated" classname="org.comixed.repositories.ComicRepositoryTest" time="0.022"/>
  <testcase name="testPagesCanBeDeleted" classname="org.comixed.repositories.ComicRepositoryTest" time="0.022"/>
  <testcase name="testDateAddedCannotBeUpdated" classname="org.comixed.repositories.ComicRepositoryTest" time="0.02"/>
  <testcase name="testDescriptionCanBeNull" classname="org.comixed.repositories.ComicRepositoryTest" time="0.018"/>
  <testcase name="testComicVineIdIsUpdatable" classname="org.comixed.repositories.ComicRepositoryTest" time="0.02"/>
  <testcase name="testCoverDateCanBeNull" classname="org.comixed.repositories.ComicRepositoryTest" time="0.02"/>
  <testcase name="testCharacters" classname="org.comixed.repositories.ComicRepositoryTest" time="0.013"/>
  <testcase name="testComicVineId" classname="org.comixed.repositories.ComicRepositoryTest" time="0.014"/>
  <testcase name="testLastReadDateCanBeNull" classname="org.comixed.repositories.ComicRepositoryTest" time="0.018"/>
  <testcase name="testFilenameIsUpdatable" classname="org.comixed.repositories.ComicRepositoryTest" time="0.017"/>
  <testcase name="testIssueNumberCanBeNull" classname="org.comixed.repositories.ComicRepositoryTest" time="0.02"/>
  <testcase name="testLastReadDateCanBeUpdated" classname="org.comixed.repositories.ComicRepositoryTest" time="0.019"/>
  <testcase name="testDescriptionCanBeUpdated" classname="org.comixed.repositories.ComicRepositoryTest" time="0.017"/>
  <testcase name="testFilenameIsRequired" classname="org.comixed.repositories.ComicRepositoryTest" time="0.017"/>
  <testcase name="testPageCount" classname="org.comixed.repositories.ComicRepositoryTest" time="0.014"/>
</testsuite>