<?xml version="1.0" encoding="UTF-8"?>
<!-- Generated by org.testng.reporters.JUnitReportReporter -->
<testsuite hostname="spirals-vortex.lille.inria.fr" name="org.molgenis.metadata.manager.mapper.AttributeMapperTest" tests="4" failures="0" timestamp="1 Jun 2018 11:26:36 GMT" time="0.518" errors="0">
  <testcase name="testToAttributes" time="0.091" classname="org.molgenis.metadata.manager.mapper.AttributeMapperTest"/>
  <testcase name="testToEditorAttributes" time="0.114" classname="org.molgenis.metadata.manager.mapper.AttributeMapperTest"/>
  <testcase name="testAttributeMapper" time="0.001" classname="org.molgenis.metadata.manager.mapper.AttributeMapperTest"/>
  <testcase name="testCreateEditorAttribute" time="0.312" classname="org.molgenis.metadata.manager.mapper.AttributeMapperTest"/>
</testsuite> <!-- org.molgenis.metadata.manager.mapper.AttributeMapperTest -->
