<?xml version="1.0" encoding="UTF-8"?>
<!-- Generated by org.testng.reporters.JUnitReportReporter -->
<testsuite hostname="spirals-vortex.lille.inria.fr" name="org.molgenis.metadata.manager.service.MetadataManagerServiceTest" tests="6" failures="0" timestamp="1 Jun 2018 11:26:36 GMT" time="0.012" errors="0">
  <testcase name="testGetEditorPackages" time="0.002" classname="org.molgenis.metadata.manager.service.MetadataManagerServiceTest"/>
  <testcase name="testGetNonExistingEditorEntityType" time="0.001" classname="org.molgenis.metadata.manager.service.MetadataManagerServiceTest"/>
  <testcase name="testCreateEditorAttribute" time="0.001" classname="org.molgenis.metadata.manager.service.MetadataManagerServiceTest"/>
  <testcase name="testUpsertEntityType" time="0.002" classname="org.molgenis.metadata.manager.service.MetadataManagerServiceTest"/>
  <testcase name="testGetEditorEntityType" time="0.005" classname="org.molgenis.metadata.manager.service.MetadataManagerServiceTest"/>
  <testcase name="testCreateEditorEntityType" time="0.001" classname="org.molgenis.metadata.manager.service.MetadataManagerServiceTest"/>
</testsuite> <!-- org.molgenis.metadata.manager.service.MetadataManagerServiceTest -->
