<?xml version="1.0" encoding="UTF-8"?>
<!-- Generated by org.testng.reporters.JUnitReportReporter -->
<testsuite hostname="spirals-vortex.lille.inria.fr" name="org.molgenis.metadata.manager.mapper.TagMapperTest" tests="3" failures="0" timestamp="1 Jun 2018 11:26:36 GMT" time="0.171" errors="0">
  <testcase name="testTagMapper" time="0.000" classname="org.molgenis.metadata.manager.mapper.TagMapperTest"/>
  <testcase name="testToTagReferences" time="0.001" classname="org.molgenis.metadata.manager.mapper.TagMapperTest"/>
  <testcase name="testToEditorTags" time="0.170" classname="org.molgenis.metadata.manager.mapper.TagMapperTest"/>
</testsuite> <!-- org.molgenis.metadata.manager.mapper.TagMapperTest -->
