<?xml version="1.0" encoding="UTF-8"?>
<!-- Generated by org.testng.reporters.JUnitReportReporter -->
<testsuite hostname="spirals-vortex.lille.inria.fr" name="org.molgenis.metadata.manager.controller.MetadataManagerControllerTest" tests="6" failures="0" timestamp="1 Jun 2018 11:26:36 GMT" time="1.805" errors="0">
  <testcase name="testUpsertEntityType" time="0.058" classname="org.molgenis.metadata.manager.controller.MetadataManagerControllerTest"/>
  <testcase name="testGetEditorEntityType" time="1.480" classname="org.molgenis.metadata.manager.controller.MetadataManagerControllerTest"/>
  <testcase name="testInit" time="0.049" classname="org.molgenis.metadata.manager.controller.MetadataManagerControllerTest"/>
  <testcase name="testCreateEditorAttribute" time="0.147" classname="org.molgenis.metadata.manager.controller.MetadataManagerControllerTest"/>
  <testcase name="testCreateEditorEntityType" time="0.034" classname="org.molgenis.metadata.manager.controller.MetadataManagerControllerTest"/>
  <testcase name="testGetEditorPackages" time="0.037" classname="org.molgenis.metadata.manager.controller.MetadataManagerControllerTest"/>
</testsuite> <!-- org.molgenis.metadata.manager.controller.MetadataManagerControllerTest -->
