<?xml version="1.0" encoding="UTF-8"?>
<!-- Generated by org.testng.reporters.JUnitReportReporter -->
<testsuite hostname="spirals-vortex.lille.inria.fr" name="org.molgenis.metadata.manager.mapper.EntityTypeParentMapperTest" tests="5" failures="0" timestamp="1 Jun 2018 11:26:36 GMT" time="0.040" errors="0">
  <testcase name="testToEntityTypeReference" time="0.035" classname="org.molgenis.metadata.manager.mapper.EntityTypeParentMapperTest"/>
  <testcase name="testToEntityTypeReferenceNull" time="0.000" classname="org.molgenis.metadata.manager.mapper.EntityTypeParentMapperTest"/>
  <testcase name="testToEditorEntityTypeParent" time="0.003" classname="org.molgenis.metadata.manager.mapper.EntityTypeParentMapperTest"/>
  <testcase name="testEntityTypeParentMapper" time="0.001" classname="org.molgenis.metadata.manager.mapper.EntityTypeParentMapperTest"/>
  <testcase name="testToEditorEntityTypeParentNull" time="0.001" classname="org.molgenis.metadata.manager.mapper.EntityTypeParentMapperTest"/>
</testsuite> <!-- org.molgenis.metadata.manager.mapper.EntityTypeParentMapperTest -->
