<?xml version="1.0" encoding="UTF-8"?>
<!-- Generated by org.testng.reporters.JUnitReportReporter -->
<testsuite hostname="spirals-vortex.lille.inria.fr" name="org.molgenis.metadata.manager.mapper.EntityTypeReferenceMapperTest" tests="5" failures="0" timestamp="1 Jun 2018 11:26:36 GMT" time="1.468" errors="0">
  <testcase name="testToEntityTypeReference" time="0.002" classname="org.molgenis.metadata.manager.mapper.EntityTypeReferenceMapperTest"/>
  <testcase name="testToEditorEntityTypeIdentifier" time="0.183" classname="org.molgenis.metadata.manager.mapper.EntityTypeReferenceMapperTest"/>
  <testcase name="testToEntityTypeReferenceNull" time="1.264" classname="org.molgenis.metadata.manager.mapper.EntityTypeReferenceMapperTest"/>
  <testcase name="testToEditorEntityTypeIdentifierNull" time="0.001" classname="org.molgenis.metadata.manager.mapper.EntityTypeReferenceMapperTest"/>
  <testcase name="testToEditorEntityTypeIdentifiers" time="0.018" classname="org.molgenis.metadata.manager.mapper.EntityTypeReferenceMapperTest"/>
</testsuite> <!-- org.molgenis.metadata.manager.mapper.EntityTypeReferenceMapperTest -->
