<?xml version="1.0" encoding="UTF-8"?>
<!-- Generated by org.testng.reporters.JUnitReportReporter -->
<testsuite hostname="spirals-vortex.lille.inria.fr" name="org.molgenis.metadata.manager.mapper.AttributeReferenceMapperTest" tests="6" failures="0" timestamp="1 Jun 2018 11:26:36 GMT" time="0.107" errors="0">
  <testcase name="testToAttributeReference" time="0.100" classname="org.molgenis.metadata.manager.mapper.AttributeReferenceMapperTest"/>
  <testcase name="testToEditorAttributeIdentifier" time="0.002" classname="org.molgenis.metadata.manager.mapper.AttributeReferenceMapperTest"/>
  <testcase name="testToEditorAttributeIdentifierNull" time="0.000" classname="org.molgenis.metadata.manager.mapper.AttributeReferenceMapperTest"/>
  <testcase name="testToEditorAttributeIdentifiers" time="0.002" classname="org.molgenis.metadata.manager.mapper.AttributeReferenceMapperTest"/>
  <testcase name="testToAttributeReferenceNull" time="0.003" classname="org.molgenis.metadata.manager.mapper.AttributeReferenceMapperTest"/>
  <testcase name="testAttributeReferenceMapper" time="0.000" classname="org.molgenis.metadata.manager.mapper.AttributeReferenceMapperTest"/>
</testsuite> <!-- org.molgenis.metadata.manager.mapper.AttributeReferenceMapperTest -->
