<?xml version="1.0" encoding="UTF-8"?>
<!-- Generated by org.testng.reporters.JUnitReportReporter -->
<testsuite hostname="spirals-vortex.lille.inria.fr" name="org.molgenis.metadata.manager.mapper.EntityTypeMapperTest" tests="6" failures="2" timestamp="1 Jun 2018 11:26:36 GMT" time="0.091" errors="0">
  <testcase name="testCreateEditorEntityType" time="0.008" classname="org.molgenis.metadata.manager.mapper.EntityTypeMapperTest"/>
  <testcase name="testToEntityType" time="0.024" classname="org.molgenis.metadata.manager.mapper.EntityTypeMapperTest"/>
  <testcase name="testEntityTypeMapper" time="0.001" classname="org.molgenis.metadata.manager.mapper.EntityTypeMapperTest"/>
  <testcase name="testToEditorEntityType" time="0.010" classname="org.molgenis.metadata.manager.mapper.EntityTypeMapperTest"/>
  <testcase name="testToEntityTypeWithoutLabelAttribute" time="0.001" classname="org.molgenis.metadata.manager.mapper.EntityTypeMapperTest">
    <failure type="org.testng.TestException" message="
Expected exception org.molgenis.data.MolgenisDataException but got org.testng.TestException: 
Expected exception org.molgenis.data.MolgenisDataException but got java.lang.NullPointerException">
      <![CDATA[org.testng.TestException: 
Expected exception org.molgenis.data.MolgenisDataException but got org.testng.TestException: 
Expected exception org.molgenis.data.MolgenisDataException but got java.lang.NullPointerException
	at org.testng.internal.Invoker.handleInvocationResults(Invoker.java:1497)
	at org.testng.internal.Invoker.invokeTestMethods(Invoker.java:1245)
	at org.testng.internal.TestMethodWorker.invokeTestMethods(TestMethodWorker.java:127)
	at org.testng.internal.TestMethodWorker.run(TestMethodWorker.java:111)
	at org.testng.TestRunner.privateRun(TestRunner.java:767)
	at org.testng.TestRunner.run(TestRunner.java:617)
	at org.testng.SuiteRunner.runTest(SuiteRunner.java:334)
	at org.testng.SuiteRunner.runSequentially(SuiteRunner.java:329)
	at org.testng.SuiteRunner.privateRun(SuiteRunner.java:291)
	at org.testng.SuiteRunner.run(SuiteRunner.java:240)
	at org.testng.SuiteRunnerWorker.runSuite(SuiteRunnerWorker.java:52)
	at org.testng.SuiteRunnerWorker.run(SuiteRunnerWorker.java:86)
	at org.testng.TestNG.runSuitesSequentially(TestNG.java:1198)
	at org.testng.TestNG.runSuitesLocally(TestNG.java:1123)
	at org.testng.TestNG.run(TestNG.java:1031)
	at org.apache.maven.surefire.testng.TestNGExecutor.run(TestNGExecutor.java:135)
	at org.apache.maven.surefire.testng.TestNGDirectoryTestSuite.executeMulti(TestNGDirectoryTestSuite.java:193)
	at org.apache.maven.surefire.testng.TestNGDirectoryTestSuite.execute(TestNGDirectoryTestSuite.java:94)
	at org.apache.maven.surefire.testng.TestNGProvider.invoke(TestNGProvider.java:146)
	at org.apache.maven.surefire.booter.ForkedBooter.invokeProviderInSameClassLoader(ForkedBooter.java:379)
	at org.apache.maven.surefire.booter.ForkedBooter.runSuitesInProcess(ForkedBooter.java:340)
	at org.apache.maven.surefire.booter.ForkedBooter.execute(ForkedBooter.java:125)
	at org.apache.maven.surefire.booter.ForkedBooter.main(ForkedBooter.java:413)
Caused by: org.testng.TestException: 
Expected exception org.molgenis.data.MolgenisDataException but got java.lang.NullPointerException
	at org.testng.internal.Invoker.handleInvocationResults(Invoker.java:1497)
	at org.testng.internal.Invoker.invokeMethod(Invoker.java:754)
	at org.testng.internal.Invoker.invokeTestMethod(Invoker.java:901)
	at org.testng.internal.Invoker.invokeTestMethods(Invoker.java:1231)
	... 21 more
Caused by: java.lang.NullPointerException
	at org.molgenis.metadata.manager.mapper.EntityTypeMapper.toEntityType(EntityTypeMapper.java:85)
	at org.molgenis.metadata.manager.mapper.EntityTypeMapperTest.testToEntityTypeWithoutLabelAttribute(EntityTypeMapperTest.java:156)
	at sun.reflect.NativeMethodAccessorImpl.invoke0(Native Method)
	at sun.reflect.NativeMethodAccessorImpl.invoke(NativeMethodAccessorImpl.java:62)
	at sun.reflect.DelegatingMethodAccessorImpl.invoke(DelegatingMethodAccessorImpl.java:43)
	at java.lang.reflect.Method.invoke(Method.java:498)
	at org.testng.internal.MethodInvocationHelper.invokeMethod(MethodInvocationHelper.java:80)
	at org.testng.internal.Invoker.invokeMethod(Invoker.java:714)
	... 23 more
]]>
    </failure>
  </testcase> <!-- testToEntityTypeWithoutLabelAttribute -->
  <testcase name="testToEntityTypeWithoutIdAttribute" time="0.047" classname="org.molgenis.metadata.manager.mapper.EntityTypeMapperTest">
    <failure type="org.testng.TestException" message="
Expected exception org.molgenis.data.MolgenisDataException but got org.testng.TestException: 
The exception was thrown with the wrong message: expected &quot;ID and Label attribute for EntityType \[test\] can not be null&quot; but got &quot;ID attribute for EntityType [test] can not be null&quot;">
      <![CDATA[org.testng.TestException: 
Expected exception org.molgenis.data.MolgenisDataException but got org.testng.TestException: 
The exception was thrown with the wrong message: expected "ID and Label attribute for EntityType \[test\] can not be null" but got "ID attribute for EntityType [test] can not be null"
	at org.testng.internal.Invoker.handleInvocationResults(Invoker.java:1497)
	at org.testng.internal.Invoker.invokeTestMethods(Invoker.java:1245)
	at org.testng.internal.TestMethodWorker.invokeTestMethods(TestMethodWorker.java:127)
	at org.testng.internal.TestMethodWorker.run(TestMethodWorker.java:111)
	at org.testng.TestRunner.privateRun(TestRunner.java:767)
	at org.testng.TestRunner.run(TestRunner.java:617)
	at org.testng.SuiteRunner.runTest(SuiteRunner.java:334)
	at org.testng.SuiteRunner.runSequentially(SuiteRunner.java:329)
	at org.testng.SuiteRunner.privateRun(SuiteRunner.java:291)
	at org.testng.SuiteRunner.run(SuiteRunner.java:240)
	at org.testng.SuiteRunnerWorker.runSuite(SuiteRunnerWorker.java:52)
	at org.testng.SuiteRunnerWorker.run(SuiteRunnerWorker.java:86)
	at org.testng.TestNG.runSuitesSequentially(TestNG.java:1198)
	at org.testng.TestNG.runSuitesLocally(TestNG.java:1123)
	at org.testng.TestNG.run(TestNG.java:1031)
	at org.apache.maven.surefire.testng.TestNGExecutor.run(TestNGExecutor.java:135)
	at org.apache.maven.surefire.testng.TestNGDirectoryTestSuite.executeMulti(TestNGDirectoryTestSuite.java:193)
	at org.apache.maven.surefire.testng.TestNGDirectoryTestSuite.execute(TestNGDirectoryTestSuite.java:94)
	at org.apache.maven.surefire.testng.TestNGProvider.invoke(TestNGProvider.java:146)
	at org.apache.maven.surefire.booter.ForkedBooter.invokeProviderInSameClassLoader(ForkedBooter.java:379)
	at org.apache.maven.surefire.booter.ForkedBooter.runSuitesInProcess(ForkedBooter.java:340)
	at org.apache.maven.surefire.booter.ForkedBooter.execute(ForkedBooter.java:125)
	at org.apache.maven.surefire.booter.ForkedBooter.main(ForkedBooter.java:413)
Caused by: org.testng.TestException: 
The exception was thrown with the wrong message: expected "ID and Label attribute for EntityType \[test\] can not be null" but got "ID attribute for EntityType [test] can not be null"
	at org.testng.internal.Invoker.handleInvocationResults(Invoker.java:1481)
	at org.testng.internal.Invoker.invokeMethod(Invoker.java:754)
	at org.testng.internal.Invoker.invokeTestMethod(Invoker.java:901)
	at org.testng.internal.Invoker.invokeTestMethods(Invoker.java:1231)
	... 21 more
Caused by: org.molgenis.data.MolgenisDataException: ID attribute for EntityType [test] can not be null
	at org.molgenis.metadata.manager.mapper.EntityTypeMapper.toEntityType(EntityTypeMapper.java:81)
	at org.molgenis.metadata.manager.mapper.EntityTypeMapperTest.testToEntityTypeWithoutIdAttribute(EntityTypeMapperTest.java:146)
	at sun.reflect.NativeMethodAccessorImpl.invoke0(Native Method)
	at sun.reflect.NativeMethodAccessorImpl.invoke(NativeMethodAccessorImpl.java:62)
	at sun.reflect.DelegatingMethodAccessorImpl.invoke(DelegatingMethodAccessorImpl.java:43)
	at java.lang.reflect.Method.invoke(Method.java:498)
	at org.testng.internal.MethodInvocationHelper.invokeMethod(MethodInvocationHelper.java:80)
	at org.testng.internal.Invoker.invokeMethod(Invoker.java:714)
	... 23 more
]]>
    </failure>
  </testcase> <!-- testToEntityTypeWithoutIdAttribute -->
</testsuite> <!-- org.molgenis.metadata.manager.mapper.EntityTypeMapperTest -->
