<?xml version="1.0" encoding="UTF-8"?>
<testsuite xmlns:xsi="http://www.w3.org/2001/XMLSchema-instance" xsi:noNamespaceSchemaLocation="https://maven.apache.org/surefire/maven-surefire-plugin/xsd/surefire-test-report.xsd" name="org.eclipse.ditto.signals.commands.connectivity.modify.CreateConnectionResponseTest" time="0.111" tests="5" errors="0" skipped="0" failures="0">
  <properties>
    <property name="awt.toolkit" value="sun.awt.X11.XToolkit"/>
    <property name="file.encoding.pkg" value="sun.io"/>
    <property name="java.specification.version" value="1.8"/>
    <property name="sun.cpu.isalist" value=""/>
    <property name="sun.jnu.encoding" value="UTF-8"/>
    <property name="java.class.path" value="/root/workspace/eclipse/ditto/383262210/signals/commands/connectivity/target/test-classes:/root/workspace/eclipse/ditto/383262210/signals/commands/connectivity/target/classes:/root/workspace/eclipse/ditto/383262210/signals/commands/base/target/classes:/root/workspace/eclipse/ditto/383262210/model/connectivity/target/classes:/root/workspace/eclipse/ditto/383262210/signals/commands/base/target/test-classes:/root/workspace/eclipse/ditto/383262210/signals/base/target/classes:/root/workspace/eclipse/ditto/383262210/signals/base/target/test-classes:/root/workspace/eclipse/ditto/383262210/json/target/classes:/root/./workspace/eclipse/ditto/383262210/.m2/com/eclipsesource/minimal-json/minimal-json/0.9.5/minimal-json-0.9.5.jar:/root/workspace/eclipse/ditto/383262210/model/base/target/classes:/root/workspace/eclipse/ditto/383262210/utils/jsr305/target/classes:/root/./workspace/eclipse/ditto/383262210/.m2/com/google/code/findbugs/jsr305/3.0.1/jsr305-3.0.1.jar:/root/workspace/eclipse/ditto/383262210/json/target/test-classes:/root/workspace/eclipse/ditto/383262210/model/base/target/test-classes:/root/./workspace/eclipse/ditto/383262210/.m2/junit/junit/4.12/junit-4.12.jar:/root/./workspace/eclipse/ditto/383262210/.m2/org/hamcrest/hamcrest-core/1.3/hamcrest-core-1.3.jar:/root/./workspace/eclipse/ditto/383262210/.m2/org/assertj/assertj-core/3.8.0/assertj-core-3.8.0.jar:/root/./workspace/eclipse/ditto/383262210/.m2/org/mutabilitydetector/MutabilityDetector/0.9.6/MutabilityDetector-0.9.6.jar:/root/./workspace/eclipse/ditto/383262210/.m2/nl/jqno/equalsverifier/equalsverifier/2.3/equalsverifier-2.3.jar:/root/./workspace/eclipse/ditto/383262210/.m2/org/mockito/mockito-core/2.9.0/mockito-core-2.9.0.jar:/root/./workspace/eclipse/ditto/383262210/.m2/net/bytebuddy/byte-buddy/1.7.0/byte-buddy-1.7.0.jar:/root/./workspace/eclipse/ditto/383262210/.m2/net/bytebuddy/byte-buddy-agent/1.7.0/byte-buddy-agent-1.7.0.jar:/root/./workspace/eclipse/ditto/383262210/.m2/org/objenesis/objenesis/2.6/objenesis-2.6.jar:/root/./workspace/eclipse/ditto/383262210/.m2/org/skyscreamer/jsonassert/1.2.3/jsonassert-1.2.3.jar:/root/./workspace/eclipse/ditto/383262210/.m2/org/json/json/20090211/json-20090211.jar:"/>
    <property name="java.vm.vendor" value="Oracle Corporation"/>
    <property name="skip.bower" value="true"/>
    <property name="sun.arch.data.model" value="64"/>
    <property name="java.vendor.url" value="http://java.oracle.com/"/>
    <property name="user.timezone" value=""/>
    <property name="os.name" value="Linux"/>
    <property name="java.vm.specification.version" value="1.8"/>
    <property name="rat.skip" value="true"/>
    <property name="gpg.skip" value="true"/>
    <property name="sun.java.launcher" value="SUN_STANDARD"/>
    <property name="sun.boot.library.path" value="/usr/lib/jvm/java-8-openjdk-amd64/jre/lib/amd64"/>
    <property name="skip.gulp" value="true"/>
    <property name="sun.java.command" value="/root/workspace/eclipse/ditto/383262210/signals/commands/connectivity/target/surefire/surefirebooter6788019634033017496.jar /root/workspace/eclipse/ditto/383262210/signals/commands/connectivity/target/surefire 2018-05-24T18-15-35_494-jvmRun1 surefire1258901549002332191tmp surefire_139148574717388437941tmp"/>
    <property name="dependency-check.skip" value="true"/>
    <property name="surefire.test.class.path" value="/root/workspace/eclipse/ditto/383262210/signals/commands/connectivity/target/test-classes:/root/workspace/eclipse/ditto/383262210/signals/commands/connectivity/target/classes:/root/workspace/eclipse/ditto/383262210/signals/commands/base/target/classes:/root/workspace/eclipse/ditto/383262210/model/connectivity/target/classes:/root/workspace/eclipse/ditto/383262210/signals/commands/base/target/test-classes:/root/workspace/eclipse/ditto/383262210/signals/base/target/classes:/root/workspace/eclipse/ditto/383262210/signals/base/target/test-classes:/root/workspace/eclipse/ditto/383262210/json/target/classes:/root/./workspace/eclipse/ditto/383262210/.m2/com/eclipsesource/minimal-json/minimal-json/0.9.5/minimal-json-0.9.5.jar:/root/workspace/eclipse/ditto/383262210/model/base/target/classes:/root/workspace/eclipse/ditto/383262210/utils/jsr305/target/classes:/root/./workspace/eclipse/ditto/383262210/.m2/com/google/code/findbugs/jsr305/3.0.1/jsr305-3.0.1.jar:/root/workspace/eclipse/ditto/383262210/json/target/test-classes:/root/workspace/eclipse/ditto/383262210/model/base/target/test-classes:/root/./workspace/eclipse/ditto/383262210/.m2/junit/junit/4.12/junit-4.12.jar:/root/./workspace/eclipse/ditto/383262210/.m2/org/hamcrest/hamcrest-core/1.3/hamcrest-core-1.3.jar:/root/./workspace/eclipse/ditto/383262210/.m2/org/assertj/assertj-core/3.8.0/assertj-core-3.8.0.jar:/root/./workspace/eclipse/ditto/383262210/.m2/org/mutabilitydetector/MutabilityDetector/0.9.6/MutabilityDetector-0.9.6.jar:/root/./workspace/eclipse/ditto/383262210/.m2/nl/jqno/equalsverifier/equalsverifier/2.3/equalsverifier-2.3.jar:/root/./workspace/eclipse/ditto/383262210/.m2/org/mockito/mockito-core/2.9.0/mockito-core-2.9.0.jar:/root/./workspace/eclipse/ditto/383262210/.m2/net/bytebuddy/byte-buddy/1.7.0/byte-buddy-1.7.0.jar:/root/./workspace/eclipse/ditto/383262210/.m2/net/bytebuddy/byte-buddy-agent/1.7.0/byte-buddy-agent-1.7.0.jar:/root/./workspace/eclipse/ditto/383262210/.m2/org/objenesis/objenesis/2.6/objenesis-2.6.jar:/root/./workspace/eclipse/ditto/383262210/.m2/org/skyscreamer/jsonassert/1.2.3/jsonassert-1.2.3.jar:/root/./workspace/eclipse/ditto/383262210/.m2/org/json/json/20090211/json-20090211.jar:"/>
    <property name="sun.cpu.endian" value="little"/>
    <property name="user.home" value="/root"/>
    <property name="user.language" value="en"/>
    <property name="java.specification.vendor" value="Oracle Corporation"/>
    <property name="java.home" value="/usr/lib/jvm/java-8-openjdk-amd64/jre"/>
    <property name="kamon.auto-start" value="true"/>
    <property name="basedir" value="/root/workspace/eclipse/ditto/383262210/signals/commands/connectivity"/>
    <property name="file.separator" value="/"/>
    <property name="checkstyle.skip" value="true"/>
    <property name="line.separator" value="&#10;"/>
    <property name="skip.npm" value="true"/>
    <property name="java.vm.specification.vendor" value="Oracle Corporation"/>
    <property name="java.specification.name" value="Java Platform API Specification"/>
    <property name="java.awt.graphicsenv" value="sun.awt.X11GraphicsEnvironment"/>
    <property name="skipITs" value="true"/>
    <property name="surefire.real.class.path" value="/root/workspace/eclipse/ditto/383262210/signals/commands/connectivity/target/surefire/surefirebooter6788019634033017496.jar:/root/./workspace/eclipse/ditto/383262210/.m2/org/jacoco/org.jacoco.agent/0.8.0/org.jacoco.agent-0.8.0-runtime.jar"/>
    <property name="cobertura.skip" value="true"/>
    <property name="sun.boot.class.path" value="/usr/lib/jvm/java-8-openjdk-amd64/jre/lib/resources.jar:/usr/lib/jvm/java-8-openjdk-amd64/jre/lib/rt.jar:/usr/lib/jvm/java-8-openjdk-amd64/jre/lib/sunrsasign.jar:/usr/lib/jvm/java-8-openjdk-amd64/jre/lib/jsse.jar:/usr/lib/jvm/java-8-openjdk-amd64/jre/lib/jce.jar:/usr/lib/jvm/java-8-openjdk-amd64/jre/lib/charsets.jar:/usr/lib/jvm/java-8-openjdk-amd64/jre/lib/jfr.jar:/usr/lib/jvm/java-8-openjdk-amd64/jre/classes"/>
    <property name="sun.management.compiler" value="HotSpot 64-Bit Tiered Compilers"/>
    <property name="java.runtime.version" value="1.8.0_121-8u121-b13-1~bpo8+1-b13"/>
    <property name="user.name" value="root"/>
    <property name="findbugs.skip" value="true"/>
    <property name="path.separator" value=":"/>
    <property name="os.version" value="3.10.0-862.2.3.el7.x86_64"/>
    <property name="java.endorsed.dirs" value="/usr/lib/jvm/java-8-openjdk-amd64/jre/lib/endorsed"/>
    <property name="java.runtime.name" value="OpenJDK Runtime Environment"/>
    <property name="file.encoding" value="UTF-8"/>
    <property name="java.vm.name" value="OpenJDK 64-Bit Server VM"/>
    <property name="localRepository" value="/root/./workspace/eclipse/ditto/383262210/.m2"/>
    <property name="java.vendor.url.bug" value="http://bugreport.sun.com/bugreport/"/>
    <property name="java.io.tmpdir" value="/tmp"/>
    <property name="java.version" value="1.8.0_121"/>
    <property name="user.dir" value="/root/workspace/eclipse/ditto/383262210/signals/commands/connectivity"/>
    <property name="os.arch" value="amd64"/>
    <property name="license.skip" value="true"/>
    <property name="java.vm.specification.name" value="Java Virtual Machine Specification"/>
    <property name="java.awt.printerjob" value="sun.print.PSPrinterJob"/>
    <property name="sun.os.patch.level" value="unknown"/>
    <property name="java.library.path" value="/usr/java/packages/lib/amd64:/usr/lib/x86_64-linux-gnu/jni:/lib/x86_64-linux-gnu:/usr/lib/x86_64-linux-gnu:/usr/lib/jni:/lib:/usr/lib"/>
    <property name="java.vm.info" value="mixed mode"/>
    <property name="java.vendor" value="Oracle Corporation"/>
    <property name="java.vm.version" value="25.121-b13"/>
    <property name="java.ext.dirs" value="/usr/lib/jvm/java-8-openjdk-amd64/jre/lib/ext:/usr/java/packages/lib/ext"/>
    <property name="sun.io.unicode.encoding" value="UnicodeLittle"/>
    <property name="maven.repo.local" value="/root/./workspace/eclipse/ditto/383262210/.m2"/>
    <property name="enforcer.skip" value="true"/>
    <property name="java.class.version" value="52.0"/>
  </properties>
  <testcase name="testHashCodeAndEquals" classname="org.eclipse.ditto.signals.commands.connectivity.modify.CreateConnectionResponseTest" time="0.102"/>
  <testcase name="createInstanceWithNullConnection" classname="org.eclipse.ditto.signals.commands.connectivity.modify.CreateConnectionResponseTest" time="0.001"/>
  <testcase name="toJsonReturnsExpected" classname="org.eclipse.ditto.signals.commands.connectivity.modify.CreateConnectionResponseTest" time="0.001"/>
  <testcase name="fromJsonReturnsExpected" classname="org.eclipse.ditto.signals.commands.connectivity.modify.CreateConnectionResponseTest" time="0.001"/>
  <testcase name="assertImmutability" classname="org.eclipse.ditto.signals.commands.connectivity.modify.CreateConnectionResponseTest" time="0.003"/>
</testsuite>