<?xml version="1.0" encoding="UTF-8"?>
<testsuite name="com.rains.proxy.net.server.support.RedisProxyServerHandlerTest" time="5.047" tests="1" errors="0" skipped="0" failures="1">
  <properties>
    <property name="java.runtime.name" value="OpenJDK Runtime Environment"/>
    <property name="sun.boot.library.path" value="/usr/lib/jvm/java-8-openjdk-amd64/jre/lib/amd64"/>
    <property name="java.vm.version" value="25.121-b13"/>
    <property name="java.vm.vendor" value="Oracle Corporation"/>
    <property name="maven.multiModuleProjectDirectory" value="/root/workspace/hugoDD/rains-redisproxy/391133269"/>
    <property name="java.vendor.url" value="http://java.oracle.com/"/>
    <property name="path.separator" value=":"/>
    <property name="guice.disable.misplaced.annotation.check" value="true"/>
    <property name="skip.gulp" value="true"/>
    <property name="java.vm.name" value="OpenJDK 64-Bit Server VM"/>
    <property name="file.encoding.pkg" value="sun.io"/>
    <property name="sun.java.launcher" value="SUN_STANDARD"/>
    <property name="sun.os.patch.level" value="unknown"/>
    <property name="findbugs.skip" value="true"/>
    <property name="java.vm.specification.name" value="Java Virtual Machine Specification"/>
    <property name="user.dir" value="/root/workspace/hugoDD/rains-redisproxy/391133269"/>
    <property name="checkstyle.skip" value="true"/>
    <property name="java.runtime.version" value="1.8.0_121-8u121-b13-1~bpo8+1-b13"/>
    <property name="java.awt.graphicsenv" value="sun.awt.X11GraphicsEnvironment"/>
    <property name="skip.npm" value="true"/>
    <property name="java.endorsed.dirs" value="/usr/lib/jvm/java-8-openjdk-amd64/jre/lib/endorsed"/>
    <property name="os.arch" value="amd64"/>
    <property name="java.io.tmpdir" value="/tmp"/>
    <property name="gpg.skip" value="true"/>
    <property name="line.separator" value="&#10;"/>
    <property name="java.vm.specification.vendor" value="Oracle Corporation"/>
    <property name="cobertura.skip" value="true"/>
    <property name="os.name" value="Linux"/>
    <property name="classworlds.conf" value="/usr/share/maven/bin/m2.conf"/>
    <property name="sun.jnu.encoding" value="UTF-8"/>
    <property name="java.library.path" value="/usr/java/packages/lib/amd64:/usr/lib/x86_64-linux-gnu/jni:/lib/x86_64-linux-gnu:/usr/lib/x86_64-linux-gnu:/usr/lib/jni:/lib:/usr/lib"/>
    <property name="license.skip" value="true"/>
    <property name="java.specification.name" value="Java Platform API Specification"/>
    <property name="java.class.version" value="52.0"/>
    <property name="sun.management.compiler" value="HotSpot 64-Bit Tiered Compilers"/>
    <property name="skip.bower" value="true"/>
    <property name="maven.repo.local" value="/root/./workspace/hugoDD/rains-redisproxy/391133269/.m2"/>
    <property name="os.version" value="3.10.0-862.2.3.el7.x86_64"/>
    <property name="user.home" value="/root"/>
    <property name="user.timezone" value="Europe/Paris"/>
    <property name="java.awt.printerjob" value="sun.print.PSPrinterJob"/>
    <property name="java.specification.version" value="1.8"/>
    <property name="file.encoding" value="UTF-8"/>
    <property name="user.name" value="root"/>
    <property name="java.class.path" value="/usr/share/maven/boot/plexus-classworlds-2.5.2.jar"/>
    <property name="skipITs" value="true"/>
    <property name="java.vm.specification.version" value="1.8"/>
    <property name="sun.arch.data.model" value="64"/>
    <property name="java.home" value="/usr/lib/jvm/java-8-openjdk-amd64/jre"/>
    <property name="sun.java.command" value="org.codehaus.plexus.classworlds.launcher.Launcher -B -D enforcer.skip=true -D dependency-check.skip=true -D skipITs=true -D cobertura.skip=true -D maven.repo.local=/root/./workspace/hugoDD/rains-redisproxy/391133269/.m2 -D rat.skip=true -D findbugs.skip=true -D skip.bower=true -D gpg.skip=true -D checkstyle.skip=true -D skip.gulp=true -D license.skip=true -D skip.npm=true test"/>
    <property name="java.specification.vendor" value="Oracle Corporation"/>
    <property name="user.language" value="en"/>
    <property name="awt.toolkit" value="sun.awt.X11.XToolkit"/>
    <property name="dependency-check.skip" value="true"/>
    <property name="java.vm.info" value="mixed mode"/>
    <property name="java.version" value="1.8.0_121"/>
    <property name="java.ext.dirs" value="/usr/lib/jvm/java-8-openjdk-amd64/jre/lib/ext:/usr/java/packages/lib/ext"/>
    <property name="securerandom.source" value="file:/dev/./urandom"/>
    <property name="sun.boot.class.path" value="/usr/lib/jvm/java-8-openjdk-amd64/jre/lib/resources.jar:/usr/lib/jvm/java-8-openjdk-amd64/jre/lib/rt.jar:/usr/lib/jvm/java-8-openjdk-amd64/jre/lib/sunrsasign.jar:/usr/lib/jvm/java-8-openjdk-amd64/jre/lib/jsse.jar:/usr/lib/jvm/java-8-openjdk-amd64/jre/lib/jce.jar:/usr/lib/jvm/java-8-openjdk-amd64/jre/lib/charsets.jar:/usr/lib/jvm/java-8-openjdk-amd64/jre/lib/jfr.jar:/usr/lib/jvm/java-8-openjdk-amd64/jre/classes"/>
    <property name="java.vendor" value="Oracle Corporation"/>
    <property name="enforcer.skip" value="true"/>
    <property name="rat.skip" value="true"/>
    <property name="maven.home" value="/usr/share/maven"/>
    <property name="file.separator" value="/"/>
    <property name="java.vendor.url.bug" value="http://bugreport.sun.com/bugreport/"/>
    <property name="sun.cpu.endian" value="little"/>
    <property name="sun.io.unicode.encoding" value="UnicodeLittle"/>
    <property name="sun.cpu.isalist" value=""/>
  </properties>
  <testcase name="handler" classname="com.rains.proxy.net.server.support.RedisProxyServerHandlerTest" time="5.047">
    <failure type="java.lang.AssertionError:">java.lang.AssertionError: null
	at org.junit.Assert.fail(Assert.java:86)
	at org.junit.Assert.assertTrue(Assert.java:41)
	at org.junit.Assert.assertTrue(Assert.java:52)
	at com.rains.proxy.net.server.support.RedisProxyServerHandlerTest.handler(RedisProxyServerHandlerTest.java:56)
</failure>
    <system-out><![CDATA[2018-06-12 09:29:23.708 DEBUG 765 --- [           main] o.s.t.c.junit4.SpringJUnit4ClassRunner   : SpringJUnit4ClassRunner constructor called with [class com.rains.proxy.net.server.support.RedisProxyServerHandlerTest]
2018-06-12 09:29:23.708 DEBUG 765 --- [           main] o.s.test.context.BootstrapUtils          : Instantiating CacheAwareContextLoaderDelegate from class [org.springframework.test.context.cache.DefaultCacheAwareContextLoaderDelegate]
2018-06-12 09:29:23.708 DEBUG 765 --- [           main] o.s.test.context.BootstrapUtils          : Instantiating BootstrapContext using constructor [public org.springframework.test.context.support.DefaultBootstrapContext(java.lang.Class,org.springframework.test.context.CacheAwareContextLoaderDelegate)]
2018-06-12 09:29:23.709 DEBUG 765 --- [           main] o.s.test.context.BootstrapUtils          : Instantiating TestContextBootstrapper for test class [com.rains.proxy.net.server.support.RedisProxyServerHandlerTest] from class [org.springframework.boot.test.context.SpringBootTestContextBootstrapper]
2018-06-12 09:29:23.709  INFO 765 --- [           main] .b.t.c.SpringBootTestContextBootstrapper : Neither @ContextConfiguration nor @ContextHierarchy found for test class [com.rains.proxy.net.server.support.RedisProxyServerHandlerTest], using SpringBootContextLoader
2018-06-12 09:29:23.710 DEBUG 765 --- [           main] o.s.t.c.support.AbstractContextLoader    : Did not detect default resource location for test class [com.rains.proxy.net.server.support.RedisProxyServerHandlerTest]: class path resource [com/rains/proxy/net/server/support/RedisProxyServerHandlerTest-context.xml] does not exist
2018-06-12 09:29:23.710 DEBUG 765 --- [           main] o.s.t.c.support.AbstractContextLoader    : Did not detect default resource location for test class [com.rains.proxy.net.server.support.RedisProxyServerHandlerTest]: class path resource [com/rains/proxy/net/server/support/RedisProxyServerHandlerTestContext.groovy] does not exist
2018-06-12 09:29:23.710  INFO 765 --- [           main] o.s.t.c.support.AbstractContextLoader    : Could not detect default resource locations for test class [com.rains.proxy.net.server.support.RedisProxyServerHandlerTest]: no resource found for suffixes {-context.xml, Context.groovy}.
2018-06-12 09:29:23.715 DEBUG 765 --- [           main] o.s.t.c.support.ActiveProfilesUtils      : Could not find an 'annotation declaring class' for annotation type [org.springframework.test.context.ActiveProfiles] and class [com.rains.proxy.net.server.support.RedisProxyServerHandlerTest]
2018-06-12 09:29:23.716 DEBUG 765 --- [           main] .b.t.c.SpringBootTestContextBootstrapper : @TestExecutionListeners is not present for class [com.rains.proxy.net.server.support.RedisProxyServerHandlerTest]: using defaults.
2018-06-12 09:29:23.718  INFO 765 --- [           main] .b.t.c.SpringBootTestContextBootstrapper : Loaded default TestExecutionListener class names from location [META-INF/spring.factories]: [org.springframework.boot.test.mock.mockito.MockitoTestExecutionListener, org.springframework.boot.test.mock.mockito.ResetMocksTestExecutionListener, org.springframework.boot.test.autoconfigure.restdocs.RestDocsTestExecutionListener, org.springframework.boot.test.autoconfigure.web.client.MockRestServiceServerResetTestExecutionListener, org.springframework.boot.test.autoconfigure.web.servlet.MockMvcPrintOnlyOnFailureTestExecutionListener, org.springframework.boot.test.autoconfigure.web.servlet.WebDriverTestExecutionListener, org.springframework.test.context.web.ServletTestExecutionListener, org.springframework.test.context.support.DirtiesContextBeforeModesTestExecutionListener, org.springframework.test.context.support.DependencyInjectionTestExecutionListener, org.springframework.test.context.support.DirtiesContextTestExecutionListener, org.springframework.test.context.transaction.TransactionalTestExecutionListener, org.springframework.test.context.jdbc.SqlScriptsTestExecutionListener]
2018-06-12 09:29:23.722  INFO 765 --- [           main] .b.t.c.SpringBootTestContextBootstrapper : Could not instantiate TestExecutionListener [org.springframework.test.context.jdbc.SqlScriptsTestExecutionListener]. Specify custom listener classes or make the default listener classes (and their required dependencies) available. Offending class: [org/springframework/transaction/interceptor/TransactionAttribute]
2018-06-12 09:29:23.722  INFO 765 --- [           main] .b.t.c.SpringBootTestContextBootstrapper : Could not instantiate TestExecutionListener [org.springframework.test.context.transaction.TransactionalTestExecutionListener]. Specify custom listener classes or make the default listener classes (and their required dependencies) available. Offending class: [org/springframework/transaction/TransactionDefinition]
2018-06-12 09:29:23.722  INFO 765 --- [           main] .b.t.c.SpringBootTestContextBootstrapper : Using TestExecutionListeners: [org.springframework.test.context.web.ServletTestExecutionListener@2e7ba051, org.springframework.test.context.support.DirtiesContextBeforeModesTestExecutionListener@76d4d6e3, org.springframework.boot.test.autoconfigure.SpringBootDependencyInjectionTestExecutionListener@6f32039f, org.springframework.test.context.support.DirtiesContextTestExecutionListener@2f5004f, org.springframework.boot.test.mock.mockito.MockitoTestExecutionListener@717f5168, org.springframework.boot.test.autoconfigure.web.servlet.WebDriverTestExecutionListener@214ce26a, org.springframework.boot.test.mock.mockito.ResetMocksTestExecutionListener@5e1d2327, org.springframework.boot.test.autoconfigure.web.servlet.MockMvcPrintOnlyOnFailureTestExecutionListener@7440b7d3, org.springframework.boot.test.autoconfigure.web.client.MockRestServiceServerResetTestExecutionListener@7fbf5c22, org.springframework.boot.test.autoconfigure.restdocs.RestDocsTestExecutionListener@3926be0d]
2018-06-12 09:29:23.723 DEBUG 765 --- [           main] o.s.test.annotation.ProfileValueUtils    : Retrieved @ProfileValueSourceConfiguration [null] for test class [com.rains.proxy.net.server.support.RedisProxyServerHandlerTest]
2018-06-12 09:29:23.723 DEBUG 765 --- [           main] o.s.test.annotation.ProfileValueUtils    : Retrieved ProfileValueSource type [class org.springframework.test.annotation.SystemProfileValueSource] for class [com.rains.proxy.net.server.support.RedisProxyServerHandlerTest]
2018-06-12 09:29:23.723 DEBUG 765 --- [           main] o.s.test.annotation.ProfileValueUtils    : Retrieved @ProfileValueSourceConfiguration [null] for test class [com.rains.proxy.net.server.support.RedisProxyServerHandlerTest]
2018-06-12 09:29:23.723 DEBUG 765 --- [           main] o.s.test.annotation.ProfileValueUtils    : Retrieved ProfileValueSource type [class org.springframework.test.annotation.SystemProfileValueSource] for class [com.rains.proxy.net.server.support.RedisProxyServerHandlerTest]
2018-06-12 09:29:23.723 DEBUG 765 --- [           main] tractDirtiesContextTestExecutionListener : Before test class: context [DefaultTestContext@e15b615 testClass = RedisProxyServerHandlerTest, testInstance = [null], testMethod = [null], testException = [null], mergedContextConfiguration = [WebMergedContextConfiguration@7f9a762b testClass = RedisProxyServerHandlerTest, locations = '{}', classes = '{class com.rains.proxy.net.RedisProxyConfigurationTest, class com.rains.proxy.net.RedisProxyConfigurationTest}', contextInitializerClasses = '[]', activeProfiles = '{}', propertySourceLocations = '{}', propertySourceProperties = '{org.springframework.boot.test.context.SpringBootTestContextBootstrapper=true}', contextCustomizers = set[org.springframework.boot.test.context.SpringBootTestContextCustomizer@64d43929, org.springframework.boot.test.context.filter.ExcludeFilterContextCustomizer@2d691f3d, org.springframework.boot.test.json.DuplicateJsonObjectContextCustomizerFactory$DuplicateJsonObjectContextCustomizer@1d8e2eea, org.springframework.boot.test.mock.mockito.MockitoContextCustomizer@0, org.springframework.boot.test.autoconfigure.properties.PropertyMappingContextCustomizer@0, org.springframework.boot.test.autoconfigure.web.servlet.WebDriverContextCustomizerFactory$Customizer@65f00478], resourceBasePath = 'src/main/webapp', contextLoader = 'org.springframework.boot.test.context.SpringBootContextLoader', parent = [null]]], class annotated with @DirtiesContext [false] with mode [null].
2018-06-12 09:29:23.723 DEBUG 765 --- [           main] o.s.test.annotation.ProfileValueUtils    : Retrieved @ProfileValueSourceConfiguration [null] for test class [com.rains.proxy.net.server.support.RedisProxyServerHandlerTest]
2018-06-12 09:29:23.723 DEBUG 765 --- [           main] o.s.test.annotation.ProfileValueUtils    : Retrieved ProfileValueSource type [class org.springframework.test.annotation.SystemProfileValueSource] for class [com.rains.proxy.net.server.support.RedisProxyServerHandlerTest]
2018-06-12 09:29:23.724 DEBUG 765 --- [           main] c.DefaultCacheAwareContextLoaderDelegate : Retrieved ApplicationContext from cache with key [[WebMergedContextConfiguration@7f9a762b testClass = RedisProxyServerHandlerTest, locations = '{}', classes = '{class com.rains.proxy.net.RedisProxyConfigurationTest, class com.rains.proxy.net.RedisProxyConfigurationTest}', contextInitializerClasses = '[]', activeProfiles = '{}', propertySourceLocations = '{}', propertySourceProperties = '{org.springframework.boot.test.context.SpringBootTestContextBootstrapper=true}', contextCustomizers = set[org.springframework.boot.test.context.SpringBootTestContextCustomizer@64d43929, org.springframework.boot.test.context.filter.ExcludeFilterContextCustomizer@2d691f3d, org.springframework.boot.test.json.DuplicateJsonObjectContextCustomizerFactory$DuplicateJsonObjectContextCustomizer@1d8e2eea, org.springframework.boot.test.mock.mockito.MockitoContextCustomizer@0, org.springframework.boot.test.autoconfigure.properties.PropertyMappingContextCustomizer@0, org.springframework.boot.test.autoconfigure.web.servlet.WebDriverContextCustomizerFactory$Customizer@65f00478], resourceBasePath = 'src/main/webapp', contextLoader = 'org.springframework.boot.test.context.SpringBootContextLoader', parent = [null]]]
2018-06-12 09:29:23.724 DEBUG 765 --- [           main] org.springframework.test.context.cache   : Spring test ApplicationContext cache statistics: [DefaultContextCache@10ab6440 size = 1, maxSize = 32, parentContextCount = 0, hitCount = 25, missCount = 1]
2018-06-12 09:29:23.724 DEBUG 765 --- [           main] o.s.t.c.w.ServletTestExecutionListener   : Setting up MockHttpServletRequest, MockHttpServletResponse, ServletWebRequest, and RequestContextHolder for test context [DefaultTestContext@e15b615 testClass = RedisProxyServerHandlerTest, testInstance = com.rains.proxy.net.server.support.RedisProxyServerHandlerTest@7a417bb6, testMethod = [null], testException = [null], mergedContextConfiguration = [WebMergedContextConfiguration@7f9a762b testClass = RedisProxyServerHandlerTest, locations = '{}', classes = '{class com.rains.proxy.net.RedisProxyConfigurationTest, class com.rains.proxy.net.RedisProxyConfigurationTest}', contextInitializerClasses = '[]', activeProfiles = '{}', propertySourceLocations = '{}', propertySourceProperties = '{org.springframework.boot.test.context.SpringBootTestContextBootstrapper=true}', contextCustomizers = set[org.springframework.boot.test.context.SpringBootTestContextCustomizer@64d43929, org.springframework.boot.test.context.filter.ExcludeFilterContextCustomizer@2d691f3d, org.springframework.boot.test.json.DuplicateJsonObjectContextCustomizerFactory$DuplicateJsonObjectContextCustomizer@1d8e2eea, org.springframework.boot.test.mock.mockito.MockitoContextCustomizer@0, org.springframework.boot.test.autoconfigure.properties.PropertyMappingContextCustomizer@0, org.springframework.boot.test.autoconfigure.web.servlet.WebDriverContextCustomizerFactory$Customizer@65f00478], resourceBasePath = 'src/main/webapp', contextLoader = 'org.springframework.boot.test.context.SpringBootContextLoader', parent = [null]]].
2018-06-12 09:29:23.724 DEBUG 765 --- [           main] DependencyInjectionTestExecutionListener : Performing dependency injection for test context [[DefaultTestContext@e15b615 testClass = RedisProxyServerHandlerTest, testInstance = com.rains.proxy.net.server.support.RedisProxyServerHandlerTest@7a417bb6, testMethod = [null], testException = [null], mergedContextConfiguration = [WebMergedContextConfiguration@7f9a762b testClass = RedisProxyServerHandlerTest, locations = '{}', classes = '{class com.rains.proxy.net.RedisProxyConfigurationTest, class com.rains.proxy.net.RedisProxyConfigurationTest}', contextInitializerClasses = '[]', activeProfiles = '{}', propertySourceLocations = '{}', propertySourceProperties = '{org.springframework.boot.test.context.SpringBootTestContextBootstrapper=true}', contextCustomizers = set[org.springframework.boot.test.context.SpringBootTestContextCustomizer@64d43929, org.springframework.boot.test.context.filter.ExcludeFilterContextCustomizer@2d691f3d, org.springframework.boot.test.json.DuplicateJsonObjectContextCustomizerFactory$DuplicateJsonObjectContextCustomizer@1d8e2eea, org.springframework.boot.test.mock.mockito.MockitoContextCustomizer@0, org.springframework.boot.test.autoconfigure.properties.PropertyMappingContextCustomizer@0, org.springframework.boot.test.autoconfigure.web.servlet.WebDriverContextCustomizerFactory$Customizer@65f00478], resourceBasePath = 'src/main/webapp', contextLoader = 'org.springframework.boot.test.context.SpringBootContextLoader', parent = [null]]]].
2018-06-12 09:29:23.725 DEBUG 765 --- [           main] c.DefaultCacheAwareContextLoaderDelegate : Retrieved ApplicationContext from cache with key [[WebMergedContextConfiguration@7f9a762b testClass = RedisProxyServerHandlerTest, locations = '{}', classes = '{class com.rains.proxy.net.RedisProxyConfigurationTest, class com.rains.proxy.net.RedisProxyConfigurationTest}', contextInitializerClasses = '[]', activeProfiles = '{}', propertySourceLocations = '{}', propertySourceProperties = '{org.springframework.boot.test.context.SpringBootTestContextBootstrapper=true}', contextCustomizers = set[org.springframework.boot.test.context.SpringBootTestContextCustomizer@64d43929, org.springframework.boot.test.context.filter.ExcludeFilterContextCustomizer@2d691f3d, org.springframework.boot.test.json.DuplicateJsonObjectContextCustomizerFactory$DuplicateJsonObjectContextCustomizer@1d8e2eea, org.springframework.boot.test.mock.mockito.MockitoContextCustomizer@0, org.springframework.boot.test.autoconfigure.properties.PropertyMappingContextCustomizer@0, org.springframework.boot.test.autoconfigure.web.servlet.WebDriverContextCustomizerFactory$Customizer@65f00478], resourceBasePath = 'src/main/webapp', contextLoader = 'org.springframework.boot.test.context.SpringBootContextLoader', parent = [null]]]
2018-06-12 09:29:23.725 DEBUG 765 --- [           main] org.springframework.test.context.cache   : Spring test ApplicationContext cache statistics: [DefaultContextCache@10ab6440 size = 1, maxSize = 32, parentContextCount = 0, hitCount = 26, missCount = 1]
2018-06-12 09:29:23.729 DEBUG 765 --- [           main] o.s.b.f.annotation.InjectionMetadata     : Processing injected element of bean 'com.rains.proxy.net.server.support.RedisProxyServerHandlerTest': AutowiredFieldElement for private com.rains.proxy.core.bean.RedisServerMasterCluster com.rains.proxy.net.server.support.RedisProxyServerHandlerTest.redisServerMasterCluster
2018-06-12 09:29:23.729 DEBUG 765 --- [           main] o.s.b.f.s.DefaultListableBeanFactory     : Returning cached instance of singleton bean 'redisServerMasterCluster'
2018-06-12 09:29:23.729 DEBUG 765 --- [           main] f.a.AutowiredAnnotationBeanPostProcessor : Autowiring by type from bean name 'com.rains.proxy.net.server.support.RedisProxyServerHandlerTest' to bean named 'redisServerMasterCluster'
2018-06-12 09:29:23.730 DEBUG 765 --- [           main] tractDirtiesContextTestExecutionListener : Before test method: context [DefaultTestContext@e15b615 testClass = RedisProxyServerHandlerTest, testInstance = com.rains.proxy.net.server.support.RedisProxyServerHandlerTest@7a417bb6, testMethod = handler@RedisProxyServerHandlerTest, testException = [null], mergedContextConfiguration = [WebMergedContextConfiguration@7f9a762b testClass = RedisProxyServerHandlerTest, locations = '{}', classes = '{class com.rains.proxy.net.RedisProxyConfigurationTest, class com.rains.proxy.net.RedisProxyConfigurationTest}', contextInitializerClasses = '[]', activeProfiles = '{}', propertySourceLocations = '{}', propertySourceProperties = '{org.springframework.boot.test.context.SpringBootTestContextBootstrapper=true}', contextCustomizers = set[org.springframework.boot.test.context.SpringBootTestContextCustomizer@64d43929, org.springframework.boot.test.context.filter.ExcludeFilterContextCustomizer@2d691f3d, org.springframework.boot.test.json.DuplicateJsonObjectContextCustomizerFactory$DuplicateJsonObjectContextCustomizer@1d8e2eea, org.springframework.boot.test.mock.mockito.MockitoContextCustomizer@0, org.springframework.boot.test.autoconfigure.properties.PropertyMappingContextCustomizer@0, org.springframework.boot.test.autoconfigure.web.servlet.WebDriverContextCustomizerFactory$Customizer@65f00478], resourceBasePath = 'src/main/webapp', contextLoader = 'org.springframework.boot.test.context.SpringBootContextLoader', parent = [null]]], class annotated with @DirtiesContext [false] with mode [null], method annotated with @DirtiesContext [false] with mode [null].
2018-06-12 09:29:23.730 DEBUG 765 --- [           main] c.DefaultCacheAwareContextLoaderDelegate : Retrieved ApplicationContext from cache with key [[WebMergedContextConfiguration@7f9a762b testClass = RedisProxyServerHandlerTest, locations = '{}', classes = '{class com.rains.proxy.net.RedisProxyConfigurationTest, class com.rains.proxy.net.RedisProxyConfigurationTest}', contextInitializerClasses = '[]', activeProfiles = '{}', propertySourceLocations = '{}', propertySourceProperties = '{org.springframework.boot.test.context.SpringBootTestContextBootstrapper=true}', contextCustomizers = set[org.springframework.boot.test.context.SpringBootTestContextCustomizer@64d43929, org.springframework.boot.test.context.filter.ExcludeFilterContextCustomizer@2d691f3d, org.springframework.boot.test.json.DuplicateJsonObjectContextCustomizerFactory$DuplicateJsonObjectContextCustomizer@1d8e2eea, org.springframework.boot.test.mock.mockito.MockitoContextCustomizer@0, org.springframework.boot.test.autoconfigure.properties.PropertyMappingContextCustomizer@0, org.springframework.boot.test.autoconfigure.web.servlet.WebDriverContextCustomizerFactory$Customizer@65f00478], resourceBasePath = 'src/main/webapp', contextLoader = 'org.springframework.boot.test.context.SpringBootContextLoader', parent = [null]]]
2018-06-12 09:29:23.730 DEBUG 765 --- [           main] org.springframework.test.context.cache   : Spring test ApplicationContext cache statistics: [DefaultContextCache@10ab6440 size = 1, maxSize = 32, parentContextCount = 0, hitCount = 27, missCount = 1]
2018-06-12 09:29:23.734 DEBUG 765 --- [           main] o.s.b.f.s.DefaultListableBeanFactory     : Returning cached instance of singleton bean 'org.springframework.boot.test.mock.mockito.MockitoBeans'
2018-06-12 09:29:28.750 ERROR 765 --- [           main] error                                    : initPool fail,reason:com.rains.proxy.core.exception.RedisProxyFrameworkException: error_message: NettyChannel connect to server timeout ,HOST:172.26.223.109,port:16379, cost: 5000, result: false, success: false, connected: true, status: 503, error_code: 20001,r=,message:com.rains.proxy.core.exception.RedisProxyFrameworkException: error_message: NettyChannel connect to server timeout ,HOST:172.26.223.109,port:16379, cost: 5000, result: false, success: false, connected: true, status: 503, error_code: 20001,r=

com.rains.proxy.core.pool.exception.RedisProxyPoolException: com.rains.proxy.core.exception.RedisProxyFrameworkException: error_message: NettyChannel connect to server timeout ,HOST:172.26.223.109,port:16379, cost: 5000, result: false, success: false, connected: true, status: 503, error_code: 20001,r=
	at com.rains.proxy.core.pool.impl.RedisProxyBasicPool.<init>(RedisProxyBasicPool.java:63) ~[classes/:na]
	at com.rains.proxy.core.pool.util.PoolUtils.createPool(PoolUtils.java:53) ~[classes/:na]
	at com.rains.proxy.core.pool.util.PoolUtils.createPool(PoolUtils.java:44) ~[classes/:na]
	at com.rains.proxy.core.client.impl.AbstractPoolClient.initPool(AbstractPoolClient.java:56) ~[classes/:na]
	at com.rains.proxy.net.client.RedisProxyClient.<init>(RedisProxyClient.java:56) [classes/:na]
	at com.rains.proxy.net.server.RedisProxyServer.init(RedisProxyServer.java:89) [classes/:na]
	at com.rains.proxy.net.server.RedisProxyServer.<init>(RedisProxyServer.java:69) [classes/:na]
	at com.rains.proxy.net.server.support.RedisProxyServerHandlerTest.setUp(RedisProxyServerHandlerTest.java:42) [test-classes/:na]
	at sun.reflect.NativeMethodAccessorImpl.invoke0(Native Method) ~[na:1.8.0_121]
	at sun.reflect.NativeMethodAccessorImpl.invoke(NativeMethodAccessorImpl.java:62) ~[na:1.8.0_121]
	at sun.reflect.DelegatingMethodAccessorImpl.invoke(DelegatingMethodAccessorImpl.java:43) ~[na:1.8.0_121]
	at java.lang.reflect.Method.invoke(Method.java:498) ~[na:1.8.0_121]
	at org.junit.runners.model.FrameworkMethod$1.runReflectiveCall(FrameworkMethod.java:50) [junit-4.12.jar:4.12]
	at org.junit.internal.runners.model.ReflectiveCallable.run(ReflectiveCallable.java:12) [junit-4.12.jar:4.12]
	at org.junit.runners.model.FrameworkMethod.invokeExplosively(FrameworkMethod.java:47) [junit-4.12.jar:4.12]
	at org.junit.internal.runners.statements.RunBefores.evaluate(RunBefores.java:24) [junit-4.12.jar:4.12]
	at org.springframework.test.context.junit4.statements.RunBeforeTestMethodCallbacks.evaluate(RunBeforeTestMethodCallbacks.java:75) [spring-test-4.3.9.RELEASE.jar:4.3.9.RELEASE]
	at org.springframework.test.context.junit4.statements.RunAfterTestMethodCallbacks.evaluate(RunAfterTestMethodCallbacks.java:86) [spring-test-4.3.9.RELEASE.jar:4.3.9.RELEASE]
	at org.springframework.test.context.junit4.statements.SpringRepeat.evaluate(SpringRepeat.java:84) [spring-test-4.3.9.RELEASE.jar:4.3.9.RELEASE]
	at org.junit.runners.ParentRunner.runLeaf(ParentRunner.java:325) [junit-4.12.jar:4.12]
	at org.springframework.test.context.junit4.SpringJUnit4ClassRunner.runChild(SpringJUnit4ClassRunner.java:252) [spring-test-4.3.9.RELEASE.jar:4.3.9.RELEASE]
	at org.springframework.test.context.junit4.SpringJUnit4ClassRunner.runChild(SpringJUnit4ClassRunner.java:94) [spring-test-4.3.9.RELEASE.jar:4.3.9.RELEASE]
	at org.junit.runners.ParentRunner$3.run(ParentRunner.java:290) [junit-4.12.jar:4.12]
	at org.junit.runners.ParentRunner$1.schedule(ParentRunner.java:71) [junit-4.12.jar:4.12]
	at org.junit.runners.ParentRunner.runChildren(ParentRunner.java:288) [junit-4.12.jar:4.12]
	at org.junit.runners.ParentRunner.access$000(ParentRunner.java:58) [junit-4.12.jar:4.12]
	at org.junit.runners.ParentRunner$2.evaluate(ParentRunner.java:268) [junit-4.12.jar:4.12]
	at org.springframework.test.context.junit4.statements.RunBeforeTestClassCallbacks.evaluate(RunBeforeTestClassCallbacks.java:61) [spring-test-4.3.9.RELEASE.jar:4.3.9.RELEASE]
	at org.springframework.test.context.junit4.statements.RunAfterTestClassCallbacks.evaluate(RunAfterTestClassCallbacks.java:70) [spring-test-4.3.9.RELEASE.jar:4.3.9.RELEASE]
	at org.junit.runners.ParentRunner.run(ParentRunner.java:363) [junit-4.12.jar:4.12]
	at org.springframework.test.context.junit4.SpringJUnit4ClassRunner.run(SpringJUnit4ClassRunner.java:191) [spring-test-4.3.9.RELEASE.jar:4.3.9.RELEASE]
	at org.apache.maven.surefire.junit4.JUnit4Provider.execute(JUnit4Provider.java:283) [surefire-junit4-2.18.1.jar:2.18.1]
	at org.apache.maven.surefire.junit4.JUnit4Provider.executeWithRerun(JUnit4Provider.java:173) [surefire-junit4-2.18.1.jar:2.18.1]
	at org.apache.maven.surefire.junit4.JUnit4Provider.executeTestSet(JUnit4Provider.java:153) [surefire-junit4-2.18.1.jar:2.18.1]
	at org.apache.maven.surefire.junit4.JUnit4Provider.invoke(JUnit4Provider.java:128) [surefire-junit4-2.18.1.jar:2.18.1]
	at org.apache.maven.surefire.booter.ForkedBooter.invokeProviderInSameClassLoader(ForkedBooter.java:203) [surefire-booter-2.18.1.jar:2.18.1]
	at org.apache.maven.surefire.booter.ForkedBooter.runSuitesInProcess(ForkedBooter.java:155) [surefire-booter-2.18.1.jar:2.18.1]
	at org.apache.maven.surefire.booter.ForkedBooter.main(ForkedBooter.java:103) [surefire-booter-2.18.1.jar:2.18.1]
Caused by: com.rains.proxy.core.exception.RedisProxyFrameworkException: error_message: NettyChannel connect to server timeout ,HOST:172.26.223.109,port:16379, cost: 5000, result: false, success: false, connected: true, status: 503, error_code: 20001,r=
	at com.rains.proxy.net.client.RedisConnection.open(RedisConnection.java:154) ~[classes/:na]
	at com.rains.proxy.net.client.RedisConnection.initClientBootstrap(RedisConnection.java:107) ~[classes/:na]
	at com.rains.proxy.net.client.RedisConnection.<init>(RedisConnection.java:75) ~[classes/:na]
	at com.rains.proxy.net.client.RedisConnectionFactory.createInstance(RedisConnectionFactory.java:50) ~[classes/:na]
	at com.rains.proxy.net.client.RedisConnectionFactory.createInstance(RedisConnectionFactory.java:29) ~[classes/:na]
	at com.rains.proxy.core.pool.impl.PoolBasicEntryFactory.createPoolEntry(PoolBasicEntryFactory.java:51) ~[classes/:na]
	at com.rains.proxy.core.pool.impl.RedisProxyBasicPool.createIdleEntry(RedisProxyBasicPool.java:74) ~[classes/:na]
	at com.rains.proxy.core.pool.impl.RedisProxyBasicPool.<init>(RedisProxyBasicPool.java:61) ~[classes/:na]
	... 37 common frames omitted

2018-06-12 09:29:28.766 DEBUG 765 --- [           main] c.r.p.n.s.support.RedisServerHandler     : handle request command : ping 
2018-06-12 09:29:28.766 DEBUG 765 --- [           main] debug                                    : redis command :ping 
2018-06-12 09:29:28.768 DEBUG 765 --- [           main] c.r.p.n.s.support.RedisServerHandler     : channelReadComplete : RedisServerHandler#0
2018-06-12 09:29:28.769 DEBUG 765 --- [           main] c.DefaultCacheAwareContextLoaderDelegate : Retrieved ApplicationContext from cache with key [[WebMergedContextConfiguration@7f9a762b testClass = RedisProxyServerHandlerTest, locations = '{}', classes = '{class com.rains.proxy.net.RedisProxyConfigurationTest, class com.rains.proxy.net.RedisProxyConfigurationTest}', contextInitializerClasses = '[]', activeProfiles = '{}', propertySourceLocations = '{}', propertySourceProperties = '{org.springframework.boot.test.context.SpringBootTestContextBootstrapper=true}', contextCustomizers = set[org.springframework.boot.test.context.SpringBootTestContextCustomizer@64d43929, org.springframework.boot.test.context.filter.ExcludeFilterContextCustomizer@2d691f3d, org.springframework.boot.test.json.DuplicateJsonObjectContextCustomizerFactory$DuplicateJsonObjectContextCustomizer@1d8e2eea, org.springframework.boot.test.mock.mockito.MockitoContextCustomizer@0, org.springframework.boot.test.autoconfigure.properties.PropertyMappingContextCustomizer@0, org.springframework.boot.test.autoconfigure.web.servlet.WebDriverContextCustomizerFactory$Customizer@65f00478], resourceBasePath = 'src/main/webapp', contextLoader = 'org.springframework.boot.test.context.SpringBootContextLoader', parent = [null]]]
2018-06-12 09:29:28.769 DEBUG 765 --- [           main] org.springframework.test.context.cache   : Spring test ApplicationContext cache statistics: [DefaultContextCache@10ab6440 size = 1, maxSize = 32, parentContextCount = 0, hitCount = 28, missCount = 1]
2018-06-12 09:29:28.773 DEBUG 765 --- [           main] c.DefaultCacheAwareContextLoaderDelegate : Retrieved ApplicationContext from cache with key [[WebMergedContextConfiguration@7f9a762b testClass = RedisProxyServerHandlerTest, locations = '{}', classes = '{class com.rains.proxy.net.RedisProxyConfigurationTest, class com.rains.proxy.net.RedisProxyConfigurationTest}', contextInitializerClasses = '[]', activeProfiles = '{}', propertySourceLocations = '{}', propertySourceProperties = '{org.springframework.boot.test.context.SpringBootTestContextBootstrapper=true}', contextCustomizers = set[org.springframework.boot.test.context.SpringBootTestContextCustomizer@64d43929, org.springframework.boot.test.context.filter.ExcludeFilterContextCustomizer@2d691f3d, org.springframework.boot.test.json.DuplicateJsonObjectContextCustomizerFactory$DuplicateJsonObjectContextCustomizer@1d8e2eea, org.springframework.boot.test.mock.mockito.MockitoContextCustomizer@0, org.springframework.boot.test.autoconfigure.properties.PropertyMappingContextCustomizer@0, org.springframework.boot.test.autoconfigure.web.servlet.WebDriverContextCustomizerFactory$Customizer@65f00478], resourceBasePath = 'src/main/webapp', contextLoader = 'org.springframework.boot.test.context.SpringBootContextLoader', parent = [null]]]
2018-06-12 09:29:28.773 DEBUG 765 --- [           main] org.springframework.test.context.cache   : Spring test ApplicationContext cache statistics: [DefaultContextCache@10ab6440 size = 1, maxSize = 32, parentContextCount = 0, hitCount = 29, missCount = 1]
2018-06-12 09:29:28.773 DEBUG 765 --- [           main] c.DefaultCacheAwareContextLoaderDelegate : Retrieved ApplicationContext from cache with key [[WebMergedContextConfiguration@7f9a762b testClass = RedisProxyServerHandlerTest, locations = '{}', classes = '{class com.rains.proxy.net.RedisProxyConfigurationTest, class com.rains.proxy.net.RedisProxyConfigurationTest}', contextInitializerClasses = '[]', activeProfiles = '{}', propertySourceLocations = '{}', propertySourceProperties = '{org.springframework.boot.test.context.SpringBootTestContextBootstrapper=true}', contextCustomizers = set[org.springframework.boot.test.context.SpringBootTestContextCustomizer@64d43929, org.springframework.boot.test.context.filter.ExcludeFilterContextCustomizer@2d691f3d, org.springframework.boot.test.json.DuplicateJsonObjectContextCustomizerFactory$DuplicateJsonObjectContextCustomizer@1d8e2eea, org.springframework.boot.test.mock.mockito.MockitoContextCustomizer@0, org.springframework.boot.test.autoconfigure.properties.PropertyMappingContextCustomizer@0, org.springframework.boot.test.autoconfigure.web.servlet.WebDriverContextCustomizerFactory$Customizer@65f00478], resourceBasePath = 'src/main/webapp', contextLoader = 'org.springframework.boot.test.context.SpringBootContextLoader', parent = [null]]]
2018-06-12 09:29:28.774 DEBUG 765 --- [           main] org.springframework.test.context.cache   : Spring test ApplicationContext cache statistics: [DefaultContextCache@10ab6440 size = 1, maxSize = 32, parentContextCount = 0, hitCount = 30, missCount = 1]
2018-06-12 09:29:28.775 DEBUG 765 --- [           main] o.s.b.f.s.DefaultListableBeanFactory     : Returning cached instance of singleton bean 'org.springframework.boot.test.mock.mockito.MockitoBeans'
2018-06-12 09:29:28.775 DEBUG 765 --- [           main] c.DefaultCacheAwareContextLoaderDelegate : Retrieved ApplicationContext from cache with key [[WebMergedContextConfiguration@7f9a762b testClass = RedisProxyServerHandlerTest, locations = '{}', classes = '{class com.rains.proxy.net.RedisProxyConfigurationTest, class com.rains.proxy.net.RedisProxyConfigurationTest}', contextInitializerClasses = '[]', activeProfiles = '{}', propertySourceLocations = '{}', propertySourceProperties = '{org.springframework.boot.test.context.SpringBootTestContextBootstrapper=true}', contextCustomizers = set[org.springframework.boot.test.context.SpringBootTestContextCustomizer@64d43929, org.springframework.boot.test.context.filter.ExcludeFilterContextCustomizer@2d691f3d, org.springframework.boot.test.json.DuplicateJsonObjectContextCustomizerFactory$DuplicateJsonObjectContextCustomizer@1d8e2eea, org.springframework.boot.test.mock.mockito.MockitoContextCustomizer@0, org.springframework.boot.test.autoconfigure.properties.PropertyMappingContextCustomizer@0, org.springframework.boot.test.autoconfigure.web.servlet.WebDriverContextCustomizerFactory$Customizer@65f00478], resourceBasePath = 'src/main/webapp', contextLoader = 'org.springframework.boot.test.context.SpringBootContextLoader', parent = [null]]]
2018-06-12 09:29:28.776 DEBUG 765 --- [           main] org.springframework.test.context.cache   : Spring test ApplicationContext cache statistics: [DefaultContextCache@10ab6440 size = 1, maxSize = 32, parentContextCount = 0, hitCount = 31, missCount = 1]
2018-06-12 09:29:28.776 DEBUG 765 --- [           main] tractDirtiesContextTestExecutionListener : After test method: context [DefaultTestContext@e15b615 testClass = RedisProxyServerHandlerTest, testInstance = com.rains.proxy.net.server.support.RedisProxyServerHandlerTest@7a417bb6, testMethod = handler@RedisProxyServerHandlerTest, testException = java.lang.AssertionError, mergedContextConfiguration = [WebMergedContextConfiguration@7f9a762b testClass = RedisProxyServerHandlerTest, locations = '{}', classes = '{class com.rains.proxy.net.RedisProxyConfigurationTest, class com.rains.proxy.net.RedisProxyConfigurationTest}', contextInitializerClasses = '[]', activeProfiles = '{}', propertySourceLocations = '{}', propertySourceProperties = '{org.springframework.boot.test.context.SpringBootTestContextBootstrapper=true}', contextCustomizers = set[org.springframework.boot.test.context.SpringBootTestContextCustomizer@64d43929, org.springframework.boot.test.context.filter.ExcludeFilterContextCustomizer@2d691f3d, org.springframework.boot.test.json.DuplicateJsonObjectContextCustomizerFactory$DuplicateJsonObjectContextCustomizer@1d8e2eea, org.springframework.boot.test.mock.mockito.MockitoContextCustomizer@0, org.springframework.boot.test.autoconfigure.properties.PropertyMappingContextCustomizer@0, org.springframework.boot.test.autoconfigure.web.servlet.WebDriverContextCustomizerFactory$Customizer@65f00478], resourceBasePath = 'src/main/webapp', contextLoader = 'org.springframework.boot.test.context.SpringBootContextLoader', parent = [null]]], class annotated with @DirtiesContext [false] with mode [null], method annotated with @DirtiesContext [false] with mode [null].
2018-06-12 09:29:28.777 DEBUG 765 --- [           main] o.s.t.c.w.ServletTestExecutionListener   : Resetting RequestContextHolder for test context [DefaultTestContext@e15b615 testClass = RedisProxyServerHandlerTest, testInstance = com.rains.proxy.net.server.support.RedisProxyServerHandlerTest@7a417bb6, testMethod = handler@RedisProxyServerHandlerTest, testException = java.lang.AssertionError, mergedContextConfiguration = [WebMergedContextConfiguration@7f9a762b testClass = RedisProxyServerHandlerTest, locations = '{}', classes = '{class com.rains.proxy.net.RedisProxyConfigurationTest, class com.rains.proxy.net.RedisProxyConfigurationTest}', contextInitializerClasses = '[]', activeProfiles = '{}', propertySourceLocations = '{}', propertySourceProperties = '{org.springframework.boot.test.context.SpringBootTestContextBootstrapper=true}', contextCustomizers = set[org.springframework.boot.test.context.SpringBootTestContextCustomizer@64d43929, org.springframework.boot.test.context.filter.ExcludeFilterContextCustomizer@2d691f3d, org.springframework.boot.test.json.DuplicateJsonObjectContextCustomizerFactory$DuplicateJsonObjectContextCustomizer@1d8e2eea, org.springframework.boot.test.mock.mockito.MockitoContextCustomizer@0, org.springframework.boot.test.autoconfigure.properties.PropertyMappingContextCustomizer@0, org.springframework.boot.test.autoconfigure.web.servlet.WebDriverContextCustomizerFactory$Customizer@65f00478], resourceBasePath = 'src/main/webapp', contextLoader = 'org.springframework.boot.test.context.SpringBootContextLoader', parent = [null]]].
]]></system-out>
  </testcase>
</testsuite>