<?xml version="1.0" encoding="UTF-8"?>
<testsuite name="com.rains.proxy.net.ServerConfigurationTest" time="0.074" tests="4" errors="1" skipped="0" failures="0">
  <properties>
    <property name="java.runtime.name" value="OpenJDK Runtime Environment"/>
    <property name="sun.boot.library.path" value="/usr/lib/jvm/java-8-openjdk-amd64/jre/lib/amd64"/>
    <property name="java.vm.version" value="25.121-b13"/>
    <property name="java.vm.vendor" value="Oracle Corporation"/>
    <property name="maven.multiModuleProjectDirectory" value="/root/workspace/hugoDD/rains-redisproxy/391133269"/>
    <property name="java.vendor.url" value="http://java.oracle.com/"/>
    <property name="path.separator" value=":"/>
    <property name="guice.disable.misplaced.annotation.check" value="true"/>
    <property name="skip.gulp" value="true"/>
    <property name="java.vm.name" value="OpenJDK 64-Bit Server VM"/>
    <property name="file.encoding.pkg" value="sun.io"/>
    <property name="sun.java.launcher" value="SUN_STANDARD"/>
    <property name="sun.os.patch.level" value="unknown"/>
    <property name="findbugs.skip" value="true"/>
    <property name="java.vm.specification.name" value="Java Virtual Machine Specification"/>
    <property name="user.dir" value="/root/workspace/hugoDD/rains-redisproxy/391133269"/>
    <property name="checkstyle.skip" value="true"/>
    <property name="java.runtime.version" value="1.8.0_121-8u121-b13-1~bpo8+1-b13"/>
    <property name="java.awt.graphicsenv" value="sun.awt.X11GraphicsEnvironment"/>
    <property name="skip.npm" value="true"/>
    <property name="java.endorsed.dirs" value="/usr/lib/jvm/java-8-openjdk-amd64/jre/lib/endorsed"/>
    <property name="os.arch" value="amd64"/>
    <property name="java.io.tmpdir" value="/tmp"/>
    <property name="gpg.skip" value="true"/>
    <property name="line.separator" value="&#10;"/>
    <property name="java.vm.specification.vendor" value="Oracle Corporation"/>
    <property name="cobertura.skip" value="true"/>
    <property name="os.name" value="Linux"/>
    <property name="classworlds.conf" value="/usr/share/maven/bin/m2.conf"/>
    <property name="sun.jnu.encoding" value="UTF-8"/>
    <property name="java.library.path" value="/usr/java/packages/lib/amd64:/usr/lib/x86_64-linux-gnu/jni:/lib/x86_64-linux-gnu:/usr/lib/x86_64-linux-gnu:/usr/lib/jni:/lib:/usr/lib"/>
    <property name="license.skip" value="true"/>
    <property name="java.specification.name" value="Java Platform API Specification"/>
    <property name="java.class.version" value="52.0"/>
    <property name="sun.management.compiler" value="HotSpot 64-Bit Tiered Compilers"/>
    <property name="skip.bower" value="true"/>
    <property name="maven.repo.local" value="/root/./workspace/hugoDD/rains-redisproxy/391133269/.m2"/>
    <property name="os.version" value="3.10.0-862.2.3.el7.x86_64"/>
    <property name="user.home" value="/root"/>
    <property name="user.timezone" value="Europe/Paris"/>
    <property name="java.awt.printerjob" value="sun.print.PSPrinterJob"/>
    <property name="java.specification.version" value="1.8"/>
    <property name="file.encoding" value="UTF-8"/>
    <property name="user.name" value="root"/>
    <property name="java.class.path" value="/usr/share/maven/boot/plexus-classworlds-2.5.2.jar"/>
    <property name="skipITs" value="true"/>
    <property name="java.vm.specification.version" value="1.8"/>
    <property name="sun.arch.data.model" value="64"/>
    <property name="java.home" value="/usr/lib/jvm/java-8-openjdk-amd64/jre"/>
    <property name="sun.java.command" value="org.codehaus.plexus.classworlds.launcher.Launcher -B -D enforcer.skip=true -D dependency-check.skip=true -D skipITs=true -D cobertura.skip=true -D maven.repo.local=/root/./workspace/hugoDD/rains-redisproxy/391133269/.m2 -D rat.skip=true -D findbugs.skip=true -D skip.bower=true -D gpg.skip=true -D checkstyle.skip=true -D skip.gulp=true -D license.skip=true -D skip.npm=true test"/>
    <property name="java.specification.vendor" value="Oracle Corporation"/>
    <property name="user.language" value="en"/>
    <property name="awt.toolkit" value="sun.awt.X11.XToolkit"/>
    <property name="dependency-check.skip" value="true"/>
    <property name="java.vm.info" value="mixed mode"/>
    <property name="java.version" value="1.8.0_121"/>
    <property name="java.ext.dirs" value="/usr/lib/jvm/java-8-openjdk-amd64/jre/lib/ext:/usr/java/packages/lib/ext"/>
    <property name="securerandom.source" value="file:/dev/./urandom"/>
    <property name="sun.boot.class.path" value="/usr/lib/jvm/java-8-openjdk-amd64/jre/lib/resources.jar:/usr/lib/jvm/java-8-openjdk-amd64/jre/lib/rt.jar:/usr/lib/jvm/java-8-openjdk-amd64/jre/lib/sunrsasign.jar:/usr/lib/jvm/java-8-openjdk-amd64/jre/lib/jsse.jar:/usr/lib/jvm/java-8-openjdk-amd64/jre/lib/jce.jar:/usr/lib/jvm/java-8-openjdk-amd64/jre/lib/charsets.jar:/usr/lib/jvm/java-8-openjdk-amd64/jre/lib/jfr.jar:/usr/lib/jvm/java-8-openjdk-amd64/jre/classes"/>
    <property name="java.vendor" value="Oracle Corporation"/>
    <property name="enforcer.skip" value="true"/>
    <property name="rat.skip" value="true"/>
    <property name="maven.home" value="/usr/share/maven"/>
    <property name="file.separator" value="/"/>
    <property name="java.vendor.url.bug" value="http://bugreport.sun.com/bugreport/"/>
    <property name="sun.cpu.endian" value="little"/>
    <property name="sun.io.unicode.encoding" value="UnicodeLittle"/>
    <property name="sun.cpu.isalist" value=""/>
  </properties>
  <testcase name="server" classname="com.rains.proxy.net.ServerConfigurationTest" time="0.049"/>
  <testcase name="consistentHashLoadBalance" classname="com.rains.proxy.net.ServerConfigurationTest" time="0.004"/>
  <testcase name="redisServerMasterCluster" classname="com.rains.proxy.net.ServerConfigurationTest" time="0.017">
    <error type="java.lang.NullPointerException:">java.lang.NullPointerException: null
	at com.rains.proxy.net.ServerConfigurationTest.redisServerMasterCluster(ServerConfigurationTest.java:65)
</error>
    <system-out><![CDATA[2018-06-12 09:29:23.611 DEBUG 765 --- [           main] o.s.test.annotation.ProfileValueUtils    : Retrieved @ProfileValueSourceConfiguration [null] for test class [com.rains.proxy.net.ServerConfigurationTest]
2018-06-12 09:29:23.611 DEBUG 765 --- [           main] o.s.test.annotation.ProfileValueUtils    : Retrieved ProfileValueSource type [class org.springframework.test.annotation.SystemProfileValueSource] for class [com.rains.proxy.net.ServerConfigurationTest]
2018-06-12 09:29:23.611 DEBUG 765 --- [           main] c.DefaultCacheAwareContextLoaderDelegate : Retrieved ApplicationContext from cache with key [[WebMergedContextConfiguration@1c504e66 testClass = ServerConfigurationTest, locations = '{}', classes = '{class com.rains.proxy.net.RedisProxyConfigurationTest, class com.rains.proxy.net.RedisProxyConfigurationTest}', contextInitializerClasses = '[]', activeProfiles = '{}', propertySourceLocations = '{}', propertySourceProperties = '{org.springframework.boot.test.context.SpringBootTestContextBootstrapper=true}', contextCustomizers = set[org.springframework.boot.test.context.SpringBootTestContextCustomizer@64d43929, org.springframework.boot.test.context.filter.ExcludeFilterContextCustomizer@2d691f3d, org.springframework.boot.test.json.DuplicateJsonObjectContextCustomizerFactory$DuplicateJsonObjectContextCustomizer@1d8e2eea, org.springframework.boot.test.mock.mockito.MockitoContextCustomizer@0, org.springframework.boot.test.autoconfigure.properties.PropertyMappingContextCustomizer@0, org.springframework.boot.test.autoconfigure.web.servlet.WebDriverContextCustomizerFactory$Customizer@65f00478], resourceBasePath = 'src/main/webapp', contextLoader = 'org.springframework.boot.test.context.SpringBootContextLoader', parent = [null]]]
2018-06-12 09:29:23.611 DEBUG 765 --- [           main] org.springframework.test.context.cache   : Spring test ApplicationContext cache statistics: [DefaultContextCache@10ab6440 size = 1, maxSize = 32, parentContextCount = 0, hitCount = 12, missCount = 1]
2018-06-12 09:29:23.612 DEBUG 765 --- [           main] o.s.t.c.w.ServletTestExecutionListener   : Setting up MockHttpServletRequest, MockHttpServletResponse, ServletWebRequest, and RequestContextHolder for test context [DefaultTestContext@17740dae testClass = ServerConfigurationTest, testInstance = com.rains.proxy.net.ServerConfigurationTest@3af3d4b9, testMethod = [null], testException = [null], mergedContextConfiguration = [WebMergedContextConfiguration@1c504e66 testClass = ServerConfigurationTest, locations = '{}', classes = '{class com.rains.proxy.net.RedisProxyConfigurationTest, class com.rains.proxy.net.RedisProxyConfigurationTest}', contextInitializerClasses = '[]', activeProfiles = '{}', propertySourceLocations = '{}', propertySourceProperties = '{org.springframework.boot.test.context.SpringBootTestContextBootstrapper=true}', contextCustomizers = set[org.springframework.boot.test.context.SpringBootTestContextCustomizer@64d43929, org.springframework.boot.test.context.filter.ExcludeFilterContextCustomizer@2d691f3d, org.springframework.boot.test.json.DuplicateJsonObjectContextCustomizerFactory$DuplicateJsonObjectContextCustomizer@1d8e2eea, org.springframework.boot.test.mock.mockito.MockitoContextCustomizer@0, org.springframework.boot.test.autoconfigure.properties.PropertyMappingContextCustomizer@0, org.springframework.boot.test.autoconfigure.web.servlet.WebDriverContextCustomizerFactory$Customizer@65f00478], resourceBasePath = 'src/main/webapp', contextLoader = 'org.springframework.boot.test.context.SpringBootContextLoader', parent = [null]]].
2018-06-12 09:29:23.612 DEBUG 765 --- [           main] DependencyInjectionTestExecutionListener : Performing dependency injection for test context [[DefaultTestContext@17740dae testClass = ServerConfigurationTest, testInstance = com.rains.proxy.net.ServerConfigurationTest@3af3d4b9, testMethod = [null], testException = [null], mergedContextConfiguration = [WebMergedContextConfiguration@1c504e66 testClass = ServerConfigurationTest, locations = '{}', classes = '{class com.rains.proxy.net.RedisProxyConfigurationTest, class com.rains.proxy.net.RedisProxyConfigurationTest}', contextInitializerClasses = '[]', activeProfiles = '{}', propertySourceLocations = '{}', propertySourceProperties = '{org.springframework.boot.test.context.SpringBootTestContextBootstrapper=true}', contextCustomizers = set[org.springframework.boot.test.context.SpringBootTestContextCustomizer@64d43929, org.springframework.boot.test.context.filter.ExcludeFilterContextCustomizer@2d691f3d, org.springframework.boot.test.json.DuplicateJsonObjectContextCustomizerFactory$DuplicateJsonObjectContextCustomizer@1d8e2eea, org.springframework.boot.test.mock.mockito.MockitoContextCustomizer@0, org.springframework.boot.test.autoconfigure.properties.PropertyMappingContextCustomizer@0, org.springframework.boot.test.autoconfigure.web.servlet.WebDriverContextCustomizerFactory$Customizer@65f00478], resourceBasePath = 'src/main/webapp', contextLoader = 'org.springframework.boot.test.context.SpringBootContextLoader', parent = [null]]]].
2018-06-12 09:29:23.612 DEBUG 765 --- [           main] c.DefaultCacheAwareContextLoaderDelegate : Retrieved ApplicationContext from cache with key [[WebMergedContextConfiguration@1c504e66 testClass = ServerConfigurationTest, locations = '{}', classes = '{class com.rains.proxy.net.RedisProxyConfigurationTest, class com.rains.proxy.net.RedisProxyConfigurationTest}', contextInitializerClasses = '[]', activeProfiles = '{}', propertySourceLocations = '{}', propertySourceProperties = '{org.springframework.boot.test.context.SpringBootTestContextBootstrapper=true}', contextCustomizers = set[org.springframework.boot.test.context.SpringBootTestContextCustomizer@64d43929, org.springframework.boot.test.context.filter.ExcludeFilterContextCustomizer@2d691f3d, org.springframework.boot.test.json.DuplicateJsonObjectContextCustomizerFactory$DuplicateJsonObjectContextCustomizer@1d8e2eea, org.springframework.boot.test.mock.mockito.MockitoContextCustomizer@0, org.springframework.boot.test.autoconfigure.properties.PropertyMappingContextCustomizer@0, org.springframework.boot.test.autoconfigure.web.servlet.WebDriverContextCustomizerFactory$Customizer@65f00478], resourceBasePath = 'src/main/webapp', contextLoader = 'org.springframework.boot.test.context.SpringBootContextLoader', parent = [null]]]
2018-06-12 09:29:23.612 DEBUG 765 --- [           main] org.springframework.test.context.cache   : Spring test ApplicationContext cache statistics: [DefaultContextCache@10ab6440 size = 1, maxSize = 32, parentContextCount = 0, hitCount = 13, missCount = 1]
2018-06-12 09:29:23.612 DEBUG 765 --- [           main] o.s.b.f.annotation.InjectionMetadata     : Processing injected element of bean 'com.rains.proxy.net.ServerConfigurationTest': ResourceElement for private com.rains.proxy.core.cluster.LoadBalance com.rains.proxy.net.ServerConfigurationTest.loadMasterBalance
2018-06-12 09:29:23.612 DEBUG 765 --- [           main] o.s.b.f.s.DefaultListableBeanFactory     : Returning cached instance of singleton bean 'loadMasterBalance'
2018-06-12 09:29:23.612 DEBUG 765 --- [           main] o.s.b.f.annotation.InjectionMetadata     : Processing injected element of bean 'com.rains.proxy.net.ServerConfigurationTest': ResourceElement for private com.rains.proxy.core.cluster.LoadBalance com.rains.proxy.net.ServerConfigurationTest.loadSlaveBalance
2018-06-12 09:29:23.612 DEBUG 765 --- [           main] o.s.b.f.s.DefaultListableBeanFactory     : Returning cached instance of singleton bean 'loadSlaveBalance'
2018-06-12 09:29:23.612 DEBUG 765 --- [           main] o.s.b.f.annotation.InjectionMetadata     : Processing injected element of bean 'com.rains.proxy.net.ServerConfigurationTest': AutowiredFieldElement for private com.rains.proxy.net.model.Server com.rains.proxy.net.ServerConfigurationTest.server
2018-06-12 09:29:23.612 DEBUG 765 --- [           main] o.s.b.f.s.DefaultListableBeanFactory     : Returning cached instance of singleton bean 'server'
2018-06-12 09:29:23.612 DEBUG 765 --- [           main] o.s.b.f.annotation.InjectionMetadata     : Processing injected element of bean 'com.rains.proxy.net.ServerConfigurationTest': AutowiredFieldElement for private com.rains.proxy.core.bean.RedisServerMasterCluster com.rains.proxy.net.ServerConfigurationTest.redisServerMasterCluster
2018-06-12 09:29:23.612 DEBUG 765 --- [           main] o.s.b.f.s.DefaultListableBeanFactory     : Returning cached instance of singleton bean 'redisServerMasterCluster'
2018-06-12 09:29:23.613 DEBUG 765 --- [           main] tractDirtiesContextTestExecutionListener : Before test method: context [DefaultTestContext@17740dae testClass = ServerConfigurationTest, testInstance = com.rains.proxy.net.ServerConfigurationTest@3af3d4b9, testMethod = redisServerMasterCluster@ServerConfigurationTest, testException = [null], mergedContextConfiguration = [WebMergedContextConfiguration@1c504e66 testClass = ServerConfigurationTest, locations = '{}', classes = '{class com.rains.proxy.net.RedisProxyConfigurationTest, class com.rains.proxy.net.RedisProxyConfigurationTest}', contextInitializerClasses = '[]', activeProfiles = '{}', propertySourceLocations = '{}', propertySourceProperties = '{org.springframework.boot.test.context.SpringBootTestContextBootstrapper=true}', contextCustomizers = set[org.springframework.boot.test.context.SpringBootTestContextCustomizer@64d43929, org.springframework.boot.test.context.filter.ExcludeFilterContextCustomizer@2d691f3d, org.springframework.boot.test.json.DuplicateJsonObjectContextCustomizerFactory$DuplicateJsonObjectContextCustomizer@1d8e2eea, org.springframework.boot.test.mock.mockito.MockitoContextCustomizer@0, org.springframework.boot.test.autoconfigure.properties.PropertyMappingContextCustomizer@0, org.springframework.boot.test.autoconfigure.web.servlet.WebDriverContextCustomizerFactory$Customizer@65f00478], resourceBasePath = 'src/main/webapp', contextLoader = 'org.springframework.boot.test.context.SpringBootContextLoader', parent = [null]]], class annotated with @DirtiesContext [false] with mode [null], method annotated with @DirtiesContext [false] with mode [null].
2018-06-12 09:29:23.613 DEBUG 765 --- [           main] c.DefaultCacheAwareContextLoaderDelegate : Retrieved ApplicationContext from cache with key [[WebMergedContextConfiguration@1c504e66 testClass = ServerConfigurationTest, locations = '{}', classes = '{class com.rains.proxy.net.RedisProxyConfigurationTest, class com.rains.proxy.net.RedisProxyConfigurationTest}', contextInitializerClasses = '[]', activeProfiles = '{}', propertySourceLocations = '{}', propertySourceProperties = '{org.springframework.boot.test.context.SpringBootTestContextBootstrapper=true}', contextCustomizers = set[org.springframework.boot.test.context.SpringBootTestContextCustomizer@64d43929, org.springframework.boot.test.context.filter.ExcludeFilterContextCustomizer@2d691f3d, org.springframework.boot.test.json.DuplicateJsonObjectContextCustomizerFactory$DuplicateJsonObjectContextCustomizer@1d8e2eea, org.springframework.boot.test.mock.mockito.MockitoContextCustomizer@0, org.springframework.boot.test.autoconfigure.properties.PropertyMappingContextCustomizer@0, org.springframework.boot.test.autoconfigure.web.servlet.WebDriverContextCustomizerFactory$Customizer@65f00478], resourceBasePath = 'src/main/webapp', contextLoader = 'org.springframework.boot.test.context.SpringBootContextLoader', parent = [null]]]
2018-06-12 09:29:23.613 DEBUG 765 --- [           main] org.springframework.test.context.cache   : Spring test ApplicationContext cache statistics: [DefaultContextCache@10ab6440 size = 1, maxSize = 32, parentContextCount = 0, hitCount = 14, missCount = 1]
2018-06-12 09:29:23.614 DEBUG 765 --- [           main] o.s.b.f.s.DefaultListableBeanFactory     : Returning cached instance of singleton bean 'org.springframework.boot.test.mock.mockito.MockitoBeans'
2018-06-12 09:29:23.615 DEBUG 765 --- [           main] c.DefaultCacheAwareContextLoaderDelegate : Retrieved ApplicationContext from cache with key [[WebMergedContextConfiguration@1c504e66 testClass = ServerConfigurationTest, locations = '{}', classes = '{class com.rains.proxy.net.RedisProxyConfigurationTest, class com.rains.proxy.net.RedisProxyConfigurationTest}', contextInitializerClasses = '[]', activeProfiles = '{}', propertySourceLocations = '{}', propertySourceProperties = '{org.springframework.boot.test.context.SpringBootTestContextBootstrapper=true}', contextCustomizers = set[org.springframework.boot.test.context.SpringBootTestContextCustomizer@64d43929, org.springframework.boot.test.context.filter.ExcludeFilterContextCustomizer@2d691f3d, org.springframework.boot.test.json.DuplicateJsonObjectContextCustomizerFactory$DuplicateJsonObjectContextCustomizer@1d8e2eea, org.springframework.boot.test.mock.mockito.MockitoContextCustomizer@0, org.springframework.boot.test.autoconfigure.properties.PropertyMappingContextCustomizer@0, org.springframework.boot.test.autoconfigure.web.servlet.WebDriverContextCustomizerFactory$Customizer@65f00478], resourceBasePath = 'src/main/webapp', contextLoader = 'org.springframework.boot.test.context.SpringBootContextLoader', parent = [null]]]
2018-06-12 09:29:23.615 DEBUG 765 --- [           main] org.springframework.test.context.cache   : Spring test ApplicationContext cache statistics: [DefaultContextCache@10ab6440 size = 1, maxSize = 32, parentContextCount = 0, hitCount = 15, missCount = 1]
2018-06-12 09:29:23.616 DEBUG 765 --- [           main] c.DefaultCacheAwareContextLoaderDelegate : Retrieved ApplicationContext from cache with key [[WebMergedContextConfiguration@1c504e66 testClass = ServerConfigurationTest, locations = '{}', classes = '{class com.rains.proxy.net.RedisProxyConfigurationTest, class com.rains.proxy.net.RedisProxyConfigurationTest}', contextInitializerClasses = '[]', activeProfiles = '{}', propertySourceLocations = '{}', propertySourceProperties = '{org.springframework.boot.test.context.SpringBootTestContextBootstrapper=true}', contextCustomizers = set[org.springframework.boot.test.context.SpringBootTestContextCustomizer@64d43929, org.springframework.boot.test.context.filter.ExcludeFilterContextCustomizer@2d691f3d, org.springframework.boot.test.json.DuplicateJsonObjectContextCustomizerFactory$DuplicateJsonObjectContextCustomizer@1d8e2eea, org.springframework.boot.test.mock.mockito.MockitoContextCustomizer@0, org.springframework.boot.test.autoconfigure.properties.PropertyMappingContextCustomizer@0, org.springframework.boot.test.autoconfigure.web.servlet.WebDriverContextCustomizerFactory$Customizer@65f00478], resourceBasePath = 'src/main/webapp', contextLoader = 'org.springframework.boot.test.context.SpringBootContextLoader', parent = [null]]]
2018-06-12 09:29:23.616 DEBUG 765 --- [           main] org.springframework.test.context.cache   : Spring test ApplicationContext cache statistics: [DefaultContextCache@10ab6440 size = 1, maxSize = 32, parentContextCount = 0, hitCount = 16, missCount = 1]
2018-06-12 09:29:23.617 DEBUG 765 --- [           main] c.DefaultCacheAwareContextLoaderDelegate : Retrieved ApplicationContext from cache with key [[WebMergedContextConfiguration@1c504e66 testClass = ServerConfigurationTest, locations = '{}', classes = '{class com.rains.proxy.net.RedisProxyConfigurationTest, class com.rains.proxy.net.RedisProxyConfigurationTest}', contextInitializerClasses = '[]', activeProfiles = '{}', propertySourceLocations = '{}', propertySourceProperties = '{org.springframework.boot.test.context.SpringBootTestContextBootstrapper=true}', contextCustomizers = set[org.springframework.boot.test.context.SpringBootTestContextCustomizer@64d43929, org.springframework.boot.test.context.filter.ExcludeFilterContextCustomizer@2d691f3d, org.springframework.boot.test.json.DuplicateJsonObjectContextCustomizerFactory$DuplicateJsonObjectContextCustomizer@1d8e2eea, org.springframework.boot.test.mock.mockito.MockitoContextCustomizer@0, org.springframework.boot.test.autoconfigure.properties.PropertyMappingContextCustomizer@0, org.springframework.boot.test.autoconfigure.web.servlet.WebDriverContextCustomizerFactory$Customizer@65f00478], resourceBasePath = 'src/main/webapp', contextLoader = 'org.springframework.boot.test.context.SpringBootContextLoader', parent = [null]]]
2018-06-12 09:29:23.617 DEBUG 765 --- [           main] org.springframework.test.context.cache   : Spring test ApplicationContext cache statistics: [DefaultContextCache@10ab6440 size = 1, maxSize = 32, parentContextCount = 0, hitCount = 17, missCount = 1]
2018-06-12 09:29:23.618 DEBUG 765 --- [           main] o.s.b.f.s.DefaultListableBeanFactory     : Returning cached instance of singleton bean 'org.springframework.boot.test.mock.mockito.MockitoBeans'
2018-06-12 09:29:23.618 DEBUG 765 --- [           main] c.DefaultCacheAwareContextLoaderDelegate : Retrieved ApplicationContext from cache with key [[WebMergedContextConfiguration@1c504e66 testClass = ServerConfigurationTest, locations = '{}', classes = '{class com.rains.proxy.net.RedisProxyConfigurationTest, class com.rains.proxy.net.RedisProxyConfigurationTest}', contextInitializerClasses = '[]', activeProfiles = '{}', propertySourceLocations = '{}', propertySourceProperties = '{org.springframework.boot.test.context.SpringBootTestContextBootstrapper=true}', contextCustomizers = set[org.springframework.boot.test.context.SpringBootTestContextCustomizer@64d43929, org.springframework.boot.test.context.filter.ExcludeFilterContextCustomizer@2d691f3d, org.springframework.boot.test.json.DuplicateJsonObjectContextCustomizerFactory$DuplicateJsonObjectContextCustomizer@1d8e2eea, org.springframework.boot.test.mock.mockito.MockitoContextCustomizer@0, org.springframework.boot.test.autoconfigure.properties.PropertyMappingContextCustomizer@0, org.springframework.boot.test.autoconfigure.web.servlet.WebDriverContextCustomizerFactory$Customizer@65f00478], resourceBasePath = 'src/main/webapp', contextLoader = 'org.springframework.boot.test.context.SpringBootContextLoader', parent = [null]]]
2018-06-12 09:29:23.618 DEBUG 765 --- [           main] org.springframework.test.context.cache   : Spring test ApplicationContext cache statistics: [DefaultContextCache@10ab6440 size = 1, maxSize = 32, parentContextCount = 0, hitCount = 18, missCount = 1]
2018-06-12 09:29:23.619 DEBUG 765 --- [           main] tractDirtiesContextTestExecutionListener : After test method: context [DefaultTestContext@17740dae testClass = ServerConfigurationTest, testInstance = com.rains.proxy.net.ServerConfigurationTest@3af3d4b9, testMethod = redisServerMasterCluster@ServerConfigurationTest, testException = java.lang.NullPointerException, mergedContextConfiguration = [WebMergedContextConfiguration@1c504e66 testClass = ServerConfigurationTest, locations = '{}', classes = '{class com.rains.proxy.net.RedisProxyConfigurationTest, class com.rains.proxy.net.RedisProxyConfigurationTest}', contextInitializerClasses = '[]', activeProfiles = '{}', propertySourceLocations = '{}', propertySourceProperties = '{org.springframework.boot.test.context.SpringBootTestContextBootstrapper=true}', contextCustomizers = set[org.springframework.boot.test.context.SpringBootTestContextCustomizer@64d43929, org.springframework.boot.test.context.filter.ExcludeFilterContextCustomizer@2d691f3d, org.springframework.boot.test.json.DuplicateJsonObjectContextCustomizerFactory$DuplicateJsonObjectContextCustomizer@1d8e2eea, org.springframework.boot.test.mock.mockito.MockitoContextCustomizer@0, org.springframework.boot.test.autoconfigure.properties.PropertyMappingContextCustomizer@0, org.springframework.boot.test.autoconfigure.web.servlet.WebDriverContextCustomizerFactory$Customizer@65f00478], resourceBasePath = 'src/main/webapp', contextLoader = 'org.springframework.boot.test.context.SpringBootContextLoader', parent = [null]]], class annotated with @DirtiesContext [false] with mode [null], method annotated with @DirtiesContext [false] with mode [null].
2018-06-12 09:29:23.619 DEBUG 765 --- [           main] o.s.t.c.w.ServletTestExecutionListener   : Resetting RequestContextHolder for test context [DefaultTestContext@17740dae testClass = ServerConfigurationTest, testInstance = com.rains.proxy.net.ServerConfigurationTest@3af3d4b9, testMethod = redisServerMasterCluster@ServerConfigurationTest, testException = java.lang.NullPointerException, mergedContextConfiguration = [WebMergedContextConfiguration@1c504e66 testClass = ServerConfigurationTest, locations = '{}', classes = '{class com.rains.proxy.net.RedisProxyConfigurationTest, class com.rains.proxy.net.RedisProxyConfigurationTest}', contextInitializerClasses = '[]', activeProfiles = '{}', propertySourceLocations = '{}', propertySourceProperties = '{org.springframework.boot.test.context.SpringBootTestContextBootstrapper=true}', contextCustomizers = set[org.springframework.boot.test.context.SpringBootTestContextCustomizer@64d43929, org.springframework.boot.test.context.filter.ExcludeFilterContextCustomizer@2d691f3d, org.springframework.boot.test.json.DuplicateJsonObjectContextCustomizerFactory$DuplicateJsonObjectContextCustomizer@1d8e2eea, org.springframework.boot.test.mock.mockito.MockitoContextCustomizer@0, org.springframework.boot.test.autoconfigure.properties.PropertyMappingContextCustomizer@0, org.springframework.boot.test.autoconfigure.web.servlet.WebDriverContextCustomizerFactory$Customizer@65f00478], resourceBasePath = 'src/main/webapp', contextLoader = 'org.springframework.boot.test.context.SpringBootContextLoader', parent = [null]]].
]]></system-out>
  </testcase>
  <testcase name="roundRobinLoadBalance" classname="com.rains.proxy.net.ServerConfigurationTest" time="0.004"/>
</testsuite>