<?xml version="1.0" encoding="UTF-8"?>
<testsuite xmlns:xsi="http://www.w3.org/2001/XMLSchema-instance" xsi:schemaLocation="https://maven.apache.org/surefire/maven-surefire-plugin/xsd/surefire-test-report.xsd" name="com.datatorrent.stram.engine.AbstractReservoirTest" time="0.043" tests="25" errors="0" skipped="5" failures="0">
  <properties>
    <property name="java.runtime.name" value="OpenJDK Runtime Environment"/>
    <property name="sun.boot.library.path" value="/usr/lib/jvm/java-8-openjdk-amd64/jre/lib/amd64"/>
    <property name="java.vm.version" value="25.121-b13"/>
    <property name="java.vm.vendor" value="Oracle Corporation"/>
    <property name="maven.multiModuleProjectDirectory" value="/root/workspace/apache/apex-core/385878814"/>
    <property name="java.vendor.url" value="http://java.oracle.com/"/>
    <property name="path.separator" value=":"/>
    <property name="guice.disable.misplaced.annotation.check" value="true"/>
    <property name="skip.gulp" value="true"/>
    <property name="java.vm.name" value="OpenJDK 64-Bit Server VM"/>
    <property name="file.encoding.pkg" value="sun.io"/>
    <property name="sun.java.launcher" value="SUN_STANDARD"/>
    <property name="sun.os.patch.level" value="unknown"/>
    <property name="findbugs.skip" value="true"/>
    <property name="java.vm.specification.name" value="Java Virtual Machine Specification"/>
    <property name="user.dir" value="/root/workspace/apache/apex-core/385878814"/>
    <property name="checkstyle.skip" value="true"/>
    <property name="java.runtime.version" value="1.8.0_121-8u121-b13-1~bpo8+1-b13"/>
    <property name="java.awt.graphicsenv" value="sun.awt.X11GraphicsEnvironment"/>
    <property name="skip.npm" value="true"/>
    <property name="java.endorsed.dirs" value="/usr/lib/jvm/java-8-openjdk-amd64/jre/lib/endorsed"/>
    <property name="os.arch" value="amd64"/>
    <property name="java.io.tmpdir" value="/tmp"/>
    <property name="gpg.skip" value="true"/>
    <property name="line.separator" value="&#10;"/>
    <property name="java.vm.specification.vendor" value="Oracle Corporation"/>
    <property name="cobertura.skip" value="true"/>
    <property name="os.name" value="Linux"/>
    <property name="classworlds.conf" value="/usr/share/maven/bin/m2.conf"/>
    <property name="sun.jnu.encoding" value="UTF-8"/>
    <property name="java.library.path" value="/usr/java/packages/lib/amd64:/usr/lib/x86_64-linux-gnu/jni:/lib/x86_64-linux-gnu:/usr/lib/x86_64-linux-gnu:/usr/lib/jni:/lib:/usr/lib"/>
    <property name="license.skip" value="true"/>
    <property name="java.specification.name" value="Java Platform API Specification"/>
    <property name="java.class.version" value="52.0"/>
    <property name="sun.management.compiler" value="HotSpot 64-Bit Tiered Compilers"/>
    <property name="skip.bower" value="true"/>
    <property name="maven.repo.local" value="/root/./workspace/apache/apex-core/385878814/.m2"/>
    <property name="os.version" value="3.10.0-862.2.3.el7.x86_64"/>
    <property name="user.home" value="/root"/>
    <property name="user.timezone" value="Europe/Paris"/>
    <property name="java.awt.printerjob" value="sun.print.PSPrinterJob"/>
    <property name="java.specification.version" value="1.8"/>
    <property name="file.encoding" value="UTF-8"/>
    <property name="user.name" value="root"/>
    <property name="java.class.path" value="/usr/share/maven/boot/plexus-classworlds-2.5.2.jar"/>
    <property name="skipITs" value="true"/>
    <property name="java.vm.specification.version" value="1.8"/>
    <property name="sun.arch.data.model" value="64"/>
    <property name="java.home" value="/usr/lib/jvm/java-8-openjdk-amd64/jre"/>
    <property name="sun.java.command" value="org.codehaus.plexus.classworlds.launcher.Launcher -B -D enforcer.skip=true -D dependency-check.skip=true -D skipITs=true -D cobertura.skip=true -D maven.repo.local=/root/./workspace/apache/apex-core/385878814/.m2 -D rat.skip=true -D findbugs.skip=true -D skip.bower=true -D gpg.skip=true -D checkstyle.skip=true -D skip.gulp=true -D license.skip=true -D skip.npm=true test"/>
    <property name="java.specification.vendor" value="Oracle Corporation"/>
    <property name="user.language" value="en"/>
    <property name="awt.toolkit" value="sun.awt.X11.XToolkit"/>
    <property name="dependency-check.skip" value="true"/>
    <property name="java.vm.info" value="mixed mode"/>
    <property name="java.version" value="1.8.0_121"/>
    <property name="java.ext.dirs" value="/usr/lib/jvm/java-8-openjdk-amd64/jre/lib/ext:/usr/java/packages/lib/ext"/>
    <property name="securerandom.source" value="file:/dev/./urandom"/>
    <property name="sun.boot.class.path" value="/usr/lib/jvm/java-8-openjdk-amd64/jre/lib/resources.jar:/usr/lib/jvm/java-8-openjdk-amd64/jre/lib/rt.jar:/usr/lib/jvm/java-8-openjdk-amd64/jre/lib/sunrsasign.jar:/usr/lib/jvm/java-8-openjdk-amd64/jre/lib/jsse.jar:/usr/lib/jvm/java-8-openjdk-amd64/jre/lib/jce.jar:/usr/lib/jvm/java-8-openjdk-amd64/jre/lib/charsets.jar:/usr/lib/jvm/java-8-openjdk-amd64/jre/lib/jfr.jar:/usr/lib/jvm/java-8-openjdk-amd64/jre/classes"/>
    <property name="java.vendor" value="Oracle Corporation"/>
    <property name="java.awt.headless" value="true"/>
    <property name="enforcer.skip" value="true"/>
    <property name="rat.skip" value="true"/>
    <property name="maven.home" value="/usr/share/maven"/>
    <property name="file.separator" value="/"/>
    <property name="java.vendor.url.bug" value="http://bugreport.sun.com/bugreport/"/>
    <property name="sun.cpu.endian" value="little"/>
    <property name="sun.io.unicode.encoding" value="UnicodeLittle"/>
    <property name="sun.cpu.isalist" value=""/>
  </properties>
  <testcase name="testCircularBufferPerformance" classname="com.datatorrent.stram.engine.AbstractReservoirTest" time="0">
    <skipped/>
  </testcase>
  <testcase name="testBlockingQueuePerformance" classname="com.datatorrent.stram.engine.AbstractReservoirTest" time="0">
    <skipped/>
  </testcase>
  <testcase name="[0] com.datatorrent.stram.engine.AbstractReservoir$SpscArrayBlockingQueueReservoir@3bd94634{sink=com.datatorrent.stram.engine.AbstractReservoirTest$1@58a90037, id=DefaultReservoir, count=0}, class java.util.NoSuchElementException (testEmpty)" classname="com.datatorrent.stram.engine.AbstractReservoirTest" time="0.009"/>
  <testcase name="[1] com.datatorrent.stram.engine.AbstractReservoir$SpscArrayQueueReservoir@74294adb{sink=com.datatorrent.stram.engine.AbstractReservoirTest$1@70a9f84e, id=com.datatorrent.stram.engine.AbstractReservoir$SpscArrayQueueReservoir, count=0}, class java.util.NoSuchElementException (testEmpty)" classname="com.datatorrent.stram.engine.AbstractReservoirTest" time="0"/>
  <testcase name="[2] com.datatorrent.stram.engine.AbstractReservoir$SpscArrayBlockingQueueReservoir@130f889{sink=com.datatorrent.stram.engine.AbstractReservoirTest$1@1188e820, id=com.datatorrent.stram.engine.AbstractReservoir$SpscArrayBlockingQueueReservoir, count=0}, class java.util.NoSuchElementException (testEmpty)" classname="com.datatorrent.stram.engine.AbstractReservoirTest" time="0"/>
  <testcase name="[3] [], class java.util.NoSuchElementException (testEmpty)" classname="com.datatorrent.stram.engine.AbstractReservoirTest" time="0"/>
  <testcase name="[4] com.datatorrent.stram.engine.AbstractReservoir$CircularBufferReservoir@166fa74d{sink=com.datatorrent.stram.engine.AbstractReservoirTest$1@40f08448, id=com.datatorrent.stram.engine.AbstractReservoir$CircularBufferReservoir, count=0}, class java.lang.IllegalStateException (testEmpty)" classname="com.datatorrent.stram.engine.AbstractReservoirTest" time="0.001"/>
  <testcase name="[0] com.datatorrent.stram.engine.AbstractReservoir$SpscArrayBlockingQueueReservoir@276438c9{sink=com.datatorrent.stram.engine.AbstractReservoirTest$1@588df31b, id=DefaultReservoir, count=0}, class java.util.NoSuchElementException (testFullReservoir)" classname="com.datatorrent.stram.engine.AbstractReservoirTest" time="0"/>
  <testcase name="[1] com.datatorrent.stram.engine.AbstractReservoir$SpscArrayQueueReservoir@33b37288{sink=com.datatorrent.stram.engine.AbstractReservoirTest$1@77a57272, id=com.datatorrent.stram.engine.AbstractReservoir$SpscArrayQueueReservoir, count=0}, class java.util.NoSuchElementException (testFullReservoir)" classname="com.datatorrent.stram.engine.AbstractReservoirTest" time="0"/>
  <testcase name="[2] com.datatorrent.stram.engine.AbstractReservoir$SpscArrayBlockingQueueReservoir@7181ae3f{sink=com.datatorrent.stram.engine.AbstractReservoirTest$1@46238e3f, id=com.datatorrent.stram.engine.AbstractReservoir$SpscArrayBlockingQueueReservoir, count=0}, class java.util.NoSuchElementException (testFullReservoir)" classname="com.datatorrent.stram.engine.AbstractReservoirTest" time="0"/>
  <testcase name="[3] [], class java.util.NoSuchElementException (testFullReservoir)" classname="com.datatorrent.stram.engine.AbstractReservoirTest" time="0.001"/>
  <testcase name="[4] com.datatorrent.stram.engine.AbstractReservoir$CircularBufferReservoir@6e2c9341{sink=com.datatorrent.stram.engine.AbstractReservoirTest$1@32464a14, id=com.datatorrent.stram.engine.AbstractReservoir$CircularBufferReservoir, count=0}, class java.lang.IllegalStateException (testFullReservoir)" classname="com.datatorrent.stram.engine.AbstractReservoirTest" time="0"/>
  <testcase name="testSpscQueuePerformance" classname="com.datatorrent.stram.engine.AbstractReservoirTest" time="0">
    <skipped/>
  </testcase>
  <testcase name="performanceTest" classname="com.datatorrent.stram.engine.AbstractReservoirTest" time="0">
    <skipped/>
  </testcase>
  <testcase name="[0] com.datatorrent.stram.engine.AbstractReservoir$SpscArrayBlockingQueueReservoir@4e4aea35{sink=com.datatorrent.stram.engine.AbstractReservoirTest$1@1442d7b5, id=DefaultReservoir, count=0}, class java.util.NoSuchElementException (testAddAndSweepObject)" classname="com.datatorrent.stram.engine.AbstractReservoirTest" time="0"/>
  <testcase name="[1] com.datatorrent.stram.engine.AbstractReservoir$SpscArrayQueueReservoir@1efee8e7{sink=com.datatorrent.stram.engine.AbstractReservoirTest$1@1ee807c6, id=com.datatorrent.stram.engine.AbstractReservoir$SpscArrayQueueReservoir, count=0}, class java.util.NoSuchElementException (testAddAndSweepObject)" classname="com.datatorrent.stram.engine.AbstractReservoirTest" time="0"/>
  <testcase name="[2] com.datatorrent.stram.engine.AbstractReservoir$SpscArrayBlockingQueueReservoir@76a4d6c{sink=com.datatorrent.stram.engine.AbstractReservoirTest$1@517cd4b, id=com.datatorrent.stram.engine.AbstractReservoir$SpscArrayBlockingQueueReservoir, count=0}, class java.util.NoSuchElementException (testAddAndSweepObject)" classname="com.datatorrent.stram.engine.AbstractReservoirTest" time="0"/>
  <testcase name="[3] [], class java.util.NoSuchElementException (testAddAndSweepObject)" classname="com.datatorrent.stram.engine.AbstractReservoirTest" time="0"/>
  <testcase name="[4] com.datatorrent.stram.engine.AbstractReservoir$CircularBufferReservoir@6cc7b4de{sink=com.datatorrent.stram.engine.AbstractReservoirTest$1@32cf48b7, id=com.datatorrent.stram.engine.AbstractReservoir$CircularBufferReservoir, count=0}, class java.lang.IllegalStateException (testAddAndSweepObject)" classname="com.datatorrent.stram.engine.AbstractReservoirTest" time="0"/>
  <testcase name="testSpscBlockingQueuePerformance" classname="com.datatorrent.stram.engine.AbstractReservoirTest" time="0">
    <skipped/>
  </testcase>
  <testcase name="[0] com.datatorrent.stram.engine.AbstractReservoir$SpscArrayBlockingQueueReservoir@679b62af{sink=com.datatorrent.stram.engine.AbstractReservoirTest$1@5cdd8682, id=DefaultReservoir, count=0}, class java.util.NoSuchElementException (testAddAndSweepTuple)" classname="com.datatorrent.stram.engine.AbstractReservoirTest" time="0"/>
  <testcase name="[1] com.datatorrent.stram.engine.AbstractReservoir$SpscArrayQueueReservoir@d6da883{sink=com.datatorrent.stram.engine.AbstractReservoirTest$1@45afc369, id=com.datatorrent.stram.engine.AbstractReservoir$SpscArrayQueueReservoir, count=0}, class java.util.NoSuchElementException (testAddAndSweepTuple)" classname="com.datatorrent.stram.engine.AbstractReservoirTest" time="0"/>
  <testcase name="[2] com.datatorrent.stram.engine.AbstractReservoir$SpscArrayBlockingQueueReservoir@799d4f69{sink=com.datatorrent.stram.engine.AbstractReservoirTest$1@49c43f4e, id=com.datatorrent.stram.engine.AbstractReservoir$SpscArrayBlockingQueueReservoir, count=0}, class java.util.NoSuchElementException (testAddAndSweepTuple)" classname="com.datatorrent.stram.engine.AbstractReservoirTest" time="0.001"/>
  <testcase name="[3] [], class java.util.NoSuchElementException (testAddAndSweepTuple)" classname="com.datatorrent.stram.engine.AbstractReservoirTest" time="0"/>
  <testcase name="[4] com.datatorrent.stram.engine.AbstractReservoir$CircularBufferReservoir@290dbf45{sink=com.datatorrent.stram.engine.AbstractReservoirTest$1@12028586, id=com.datatorrent.stram.engine.AbstractReservoir$CircularBufferReservoir, count=0}, class java.lang.IllegalStateException (testAddAndSweepTuple)" classname="com.datatorrent.stram.engine.AbstractReservoirTest" time="0"/>
</testsuite>