<?xml version="1.0" encoding="UTF-8"?>
<testsuite xmlns:xsi="http://www.w3.org/2001/XMLSchema-instance" xsi:noNamespaceSchemaLocation="https://maven.apache.org/surefire/maven-surefire-plugin/xsd/surefire-test-report.xsd" name="org.spf4j.jdiff.ApiDiffCmdTest" time="5.997" tests="1" errors="0" skipped="0" failures="0">
  <properties>
    <property name="awt.toolkit" value="sun.awt.X11.XToolkit"/>
    <property name="file.encoding.pkg" value="sun.io"/>
    <property name="java.specification.version" value="1.8"/>
    <property name="sun.cpu.isalist" value=""/>
    <property name="sun.jnu.encoding" value="UTF-8"/>
    <property name="java.class.path" value="/root/workspace/zolyfarkas/spf4j/384914256/spf4j-jdiff-maven-plugin/target/test-classes:/root/workspace/zolyfarkas/spf4j/384914256/spf4j-jdiff-maven-plugin/target/classes:/root/./workspace/zolyfarkas/spf4j/384914256/.m2/com/google/code/findbugs/findbugs-annotations/3.0.1/findbugs-annotations-3.0.1.jar:/root/./workspace/zolyfarkas/spf4j/384914256/.m2/com/google/code/findbugs/jsr305/3.0.2/jsr305-3.0.2.jar:/root/./workspace/zolyfarkas/spf4j/384914256/.m2/org/apache/maven/maven-core/3.3.9/maven-core-3.3.9.jar:/root/./workspace/zolyfarkas/spf4j/384914256/.m2/org/apache/maven/maven-settings/3.3.9/maven-settings-3.3.9.jar:/root/./workspace/zolyfarkas/spf4j/384914256/.m2/org/apache/maven/maven-settings-builder/3.3.9/maven-settings-builder-3.3.9.jar:/root/./workspace/zolyfarkas/spf4j/384914256/.m2/org/apache/maven/maven-builder-support/3.3.9/maven-builder-support-3.3.9.jar:/root/./workspace/zolyfarkas/spf4j/384914256/.m2/org/apache/maven/maven-repository-metadata/3.3.9/maven-repository-metadata-3.3.9.jar:/root/./workspace/zolyfarkas/spf4j/384914256/.m2/org/apache/maven/maven-model-builder/3.3.9/maven-model-builder-3.3.9.jar:/root/./workspace/zolyfarkas/spf4j/384914256/.m2/org/eclipse/aether/aether-api/1.0.2.v20150114/aether-api-1.0.2.v20150114.jar:/root/./workspace/zolyfarkas/spf4j/384914256/.m2/org/eclipse/aether/aether-util/1.0.2.v20150114/aether-util-1.0.2.v20150114.jar:/root/./workspace/zolyfarkas/spf4j/384914256/.m2/org/eclipse/sisu/org.eclipse.sisu.plexus/0.3.2/org.eclipse.sisu.plexus-0.3.2.jar:/root/./workspace/zolyfarkas/spf4j/384914256/.m2/javax/enterprise/cdi-api/1.0/cdi-api-1.0.jar:/root/./workspace/zolyfarkas/spf4j/384914256/.m2/javax/annotation/jsr250-api/1.0/jsr250-api-1.0.jar:/root/./workspace/zolyfarkas/spf4j/384914256/.m2/org/eclipse/sisu/org.eclipse.sisu.inject/0.3.2/org.eclipse.sisu.inject-0.3.2.jar:/root/./workspace/zolyfarkas/spf4j/384914256/.m2/com/google/inject/guice/4.0/guice-4.0-no_aop.jar:/root/./workspace/zolyfarkas/spf4j/384914256/.m2/javax/inject/javax.inject/1/javax.inject-1.jar:/root/./workspace/zolyfarkas/spf4j/384914256/.m2/aopalliance/aopalliance/1.0/aopalliance-1.0.jar:/root/./workspace/zolyfarkas/spf4j/384914256/.m2/org/codehaus/plexus/plexus-interpolation/1.21/plexus-interpolation-1.21.jar:/root/./workspace/zolyfarkas/spf4j/384914256/.m2/org/codehaus/plexus/plexus-utils/3.0.22/plexus-utils-3.0.22.jar:/root/./workspace/zolyfarkas/spf4j/384914256/.m2/org/codehaus/plexus/plexus-classworlds/2.5.2/plexus-classworlds-2.5.2.jar:/root/./workspace/zolyfarkas/spf4j/384914256/.m2/org/codehaus/plexus/plexus-component-annotations/1.6/plexus-component-annotations-1.6.jar:/root/./workspace/zolyfarkas/spf4j/384914256/.m2/org/sonatype/plexus/plexus-sec-dispatcher/1.3/plexus-sec-dispatcher-1.3.jar:/root/./workspace/zolyfarkas/spf4j/384914256/.m2/org/sonatype/plexus/plexus-cipher/1.4/plexus-cipher-1.4.jar:/root/./workspace/zolyfarkas/spf4j/384914256/.m2/org/apache/commons/commons-lang3/3.4/commons-lang3-3.4.jar:/root/./workspace/zolyfarkas/spf4j/384914256/.m2/org/apache/maven/maven-model/3.3.9/maven-model-3.3.9.jar:/root/./workspace/zolyfarkas/spf4j/384914256/.m2/org/apache/maven/maven-artifact/3.3.9/maven-artifact-3.3.9.jar:/root/./workspace/zolyfarkas/spf4j/384914256/.m2/org/apache/maven/maven-plugin-api/3.3.9/maven-plugin-api-3.3.9.jar:/root/./workspace/zolyfarkas/spf4j/384914256/.m2/org/apache/maven/plugin-tools/maven-plugin-annotations/3.4/maven-plugin-annotations-3.4.jar:/root/./workspace/zolyfarkas/spf4j/384914256/.m2/org/apache/maven/reporting/maven-reporting-impl/2.4/maven-reporting-impl-2.4.jar:/root/./workspace/zolyfarkas/spf4j/384914256/.m2/org/apache/maven/reporting/maven-reporting-api/3.0/maven-reporting-api-3.0.jar:/root/./workspace/zolyfarkas/spf4j/384914256/.m2/org/apache/maven/maven-project/2.2.1/maven-project-2.2.1.jar:/root/./workspace/zolyfarkas/spf4j/384914256/.m2/org/apache/maven/maven-profile/2.2.1/maven-profile-2.2.1.jar:/root/./workspace/zolyfarkas/spf4j/384914256/.m2/org/apache/maven/maven-artifact-manager/2.2.1/maven-artifact-manager-2.2.1.jar:/root/./workspace/zolyfarkas/spf4j/384914256/.m2/org/apache/maven/wagon/wagon-provider-api/1.0-beta-6/wagon-provider-api-1.0-beta-6.jar:/root/./workspace/zolyfarkas/spf4j/384914256/.m2/backport-util-concurrent/backport-util-concurrent/3.1/backport-util-concurrent-3.1.jar:/root/./workspace/zolyfarkas/spf4j/384914256/.m2/org/apache/maven/maven-plugin-registry/2.2.1/maven-plugin-registry-2.2.1.jar:/root/./workspace/zolyfarkas/spf4j/384914256/.m2/org/codehaus/plexus/plexus-container-default/1.0-alpha-9-stable-1/plexus-container-default-1.0-alpha-9-stable-1.jar:/root/./workspace/zolyfarkas/spf4j/384914256/.m2/classworlds/classworlds/1.1-alpha-2/classworlds-1.1-alpha-2.jar:/root/./workspace/zolyfarkas/spf4j/384914256/.m2/org/apache/maven/shared/maven-shared-utils/0.6/maven-shared-utils-0.6.jar:/root/./workspace/zolyfarkas/spf4j/384914256/.m2/org/apache/maven/doxia/doxia-sink-api/1.6/doxia-sink-api-1.6.jar:/root/./workspace/zolyfarkas/spf4j/384914256/.m2/org/apache/maven/doxia/doxia-logging-api/1.6/doxia-logging-api-1.6.jar:/root/./workspace/zolyfarkas/spf4j/384914256/.m2/org/apache/maven/doxia/doxia-core/1.6/doxia-core-1.6.jar:/root/./workspace/zolyfarkas/spf4j/384914256/.m2/commons-lang/commons-lang/2.4/commons-lang-2.4.jar:/root/./workspace/zolyfarkas/spf4j/384914256/.m2/xmlunit/xmlunit/1.5/xmlunit-1.5.jar:/root/./workspace/zolyfarkas/spf4j/384914256/.m2/org/apache/maven/doxia/doxia-site-renderer/1.6/doxia-site-renderer-1.6.jar:/root/./workspace/zolyfarkas/spf4j/384914256/.m2/org/apache/maven/doxia/doxia-decoration-model/1.6/doxia-decoration-model-1.6.jar:/root/./workspace/zolyfarkas/spf4j/384914256/.m2/org/apache/maven/doxia/doxia-module-xhtml/1.6/doxia-module-xhtml-1.6.jar:/root/./workspace/zolyfarkas/spf4j/384914256/.m2/org/apache/maven/doxia/doxia-module-fml/1.6/doxia-module-fml-1.6.jar:/root/./workspace/zolyfarkas/spf4j/384914256/.m2/org/codehaus/plexus/plexus-i18n/1.0-beta-7/plexus-i18n-1.0-beta-7.jar:/root/./workspace/zolyfarkas/spf4j/384914256/.m2/org/codehaus/plexus/plexus-velocity/1.1.7/plexus-velocity-1.1.7.jar:/root/./workspace/zolyfarkas/spf4j/384914256/.m2/org/apache/velocity/velocity/1.5/velocity-1.5.jar:/root/./workspace/zolyfarkas/spf4j/384914256/.m2/oro/oro/2.0.8/oro-2.0.8.jar:/root/./workspace/zolyfarkas/spf4j/384914256/.m2/org/apache/velocity/velocity-tools/2.0/velocity-tools-2.0.jar:/root/./workspace/zolyfarkas/spf4j/384914256/.m2/commons-chain/commons-chain/1.1/commons-chain-1.1.jar:/root/./workspace/zolyfarkas/spf4j/384914256/.m2/dom4j/dom4j/1.1/dom4j-1.1.jar:/root/./workspace/zolyfarkas/spf4j/384914256/.m2/sslext/sslext/1.2-0/sslext-1.2-0.jar:/root/./workspace/zolyfarkas/spf4j/384914256/.m2/org/apache/struts/struts-core/1.3.8/struts-core-1.3.8.jar:/root/./workspace/zolyfarkas/spf4j/384914256/.m2/antlr/antlr/2.7.2/antlr-2.7.2.jar:/root/./workspace/zolyfarkas/spf4j/384914256/.m2/org/apache/struts/struts-taglib/1.3.8/struts-taglib-1.3.8.jar:/root/./workspace/zolyfarkas/spf4j/384914256/.m2/org/apache/struts/struts-tiles/1.3.8/struts-tiles-1.3.8.jar:/root/./workspace/zolyfarkas/spf4j/384914256/.m2/commons-collections/commons-collections/3.2.1/commons-collections-3.2.1.jar:/root/./workspace/zolyfarkas/spf4j/384914256/.m2/commons-validator/commons-validator/1.4.1/commons-validator-1.4.1.jar:/root/./workspace/zolyfarkas/spf4j/384914256/.m2/commons-beanutils/commons-beanutils/1.8.3/commons-beanutils-1.8.3.jar:/root/./workspace/zolyfarkas/spf4j/384914256/.m2/commons-digester/commons-digester/1.8.1/commons-digester-1.8.1.jar:/root/./workspace/zolyfarkas/spf4j/384914256/.m2/jdiff/jdiff/1.0.9/jdiff-1.0.9.jar:/root/./workspace/zolyfarkas/spf4j/384914256/.m2/xerces/xercesImpl/2.10.0/xercesImpl-2.10.0.jar:/root/./workspace/zolyfarkas/spf4j/384914256/.m2/xml-apis/xml-apis/1.4.01/xml-apis-1.4.01.jar:/root/./workspace/zolyfarkas/spf4j/384914256/.m2/org/apache/maven/maven-aether-provider/3.3.9/maven-aether-provider-3.3.9.jar:/root/./workspace/zolyfarkas/spf4j/384914256/.m2/org/eclipse/aether/aether-spi/1.0.2.v20150114/aether-spi-1.0.2.v20150114.jar:/root/./workspace/zolyfarkas/spf4j/384914256/.m2/org/eclipse/aether/aether-impl/1.1.0/aether-impl-1.1.0.jar:/root/./workspace/zolyfarkas/spf4j/384914256/.m2/org/eclipse/aether/aether-connector-basic/1.1.0/aether-connector-basic-1.1.0.jar:/root/./workspace/zolyfarkas/spf4j/384914256/.m2/org/eclipse/aether/aether-transport-file/1.1.0/aether-transport-file-1.1.0.jar:/root/./workspace/zolyfarkas/spf4j/384914256/.m2/org/eclipse/aether/aether-transport-http/1.1.0/aether-transport-http-1.1.0.jar:/root/./workspace/zolyfarkas/spf4j/384914256/.m2/org/slf4j/jcl-over-slf4j/1.6.2/jcl-over-slf4j-1.6.2.jar:/root/./workspace/zolyfarkas/spf4j/384914256/.m2/org/apache/httpcomponents/httpclient/4.5.1/httpclient-4.5.1.jar:/root/./workspace/zolyfarkas/spf4j/384914256/.m2/org/apache/httpcomponents/httpcore/4.4.3/httpcore-4.4.3.jar:/root/./workspace/zolyfarkas/spf4j/384914256/.m2/commons-logging/commons-logging/1.2/commons-logging-1.2.jar:/root/./workspace/zolyfarkas/spf4j/384914256/.m2/commons-codec/commons-codec/1.9/commons-codec-1.9.jar:/root/./workspace/zolyfarkas/spf4j/384914256/.m2/args4j/args4j/2.33/args4j-2.33.jar:/root/./workspace/zolyfarkas/spf4j/384914256/.m2/junit/junit/4.12/junit-4.12.jar:/root/./workspace/zolyfarkas/spf4j/384914256/.m2/org/hamcrest/hamcrest-core/1.3/hamcrest-core-1.3.jar:/root/workspace/zolyfarkas/spf4j/384914256/spf4j-slf4j-test/target/classes:/root/./workspace/zolyfarkas/spf4j/384914256/.m2/org/slf4j/slf4j-api/1.7.25/slf4j-api-1.7.25.jar:/root/./workspace/zolyfarkas/spf4j/384914256/.m2/net/sf/trove4j/trove4j/3.0.3/trove4j-3.0.3.jar:/root/./workspace/zolyfarkas/spf4j/384914256/.m2/com/google/guava/guava/23.3-jre/guava-23.3-jre.jar:/root/./workspace/zolyfarkas/spf4j/384914256/.m2/com/google/errorprone/error_prone_annotations/2.0.18/error_prone_annotations-2.0.18.jar:/root/./workspace/zolyfarkas/spf4j/384914256/.m2/com/google/j2objc/j2objc-annotations/1.1/j2objc-annotations-1.1.jar:/root/./workspace/zolyfarkas/spf4j/384914256/.m2/org/codehaus/mojo/animal-sniffer-annotations/1.14/animal-sniffer-annotations-1.14.jar:/root/./workspace/zolyfarkas/spf4j/384914256/.m2/org/hamcrest/hamcrest-library/1.3/hamcrest-library-1.3.jar:"/>
    <property name="java.vm.vendor" value="Oracle Corporation"/>
    <property name="skip.bower" value="true"/>
    <property name="sun.arch.data.model" value="64"/>
    <property name="java.vendor.url" value="http://java.oracle.com/"/>
    <property name="user.timezone" value=""/>
    <property name="is.release" value=""/>
    <property name="os.name" value="Linux"/>
    <property name="java.vm.specification.version" value="1.8"/>
    <property name="rat.skip" value="true"/>
    <property name="gpg.skip" value="true"/>
    <property name="sun.java.launcher" value="SUN_STANDARD"/>
    <property name="sun.boot.library.path" value="/usr/lib/jvm/java-8-openjdk-amd64/jre/lib/amd64"/>
    <property name="skip.gulp" value="true"/>
    <property name="sun.java.command" value="/root/workspace/zolyfarkas/spf4j/384914256/spf4j-jdiff-maven-plugin/target/surefire/surefirebooter9221176099160937994.jar /root/workspace/zolyfarkas/spf4j/384914256/spf4j-jdiff-maven-plugin/target/surefire 2018-05-28T23-41-27_111-jvmRun1 surefire2416850688760435880tmp surefire_53385920249486539122tmp"/>
    <property name="dependency-check.skip" value="true"/>
    <property name="surefire.test.class.path" value="/root/workspace/zolyfarkas/spf4j/384914256/spf4j-jdiff-maven-plugin/target/test-classes:/root/workspace/zolyfarkas/spf4j/384914256/spf4j-jdiff-maven-plugin/target/classes:/root/./workspace/zolyfarkas/spf4j/384914256/.m2/com/google/code/findbugs/findbugs-annotations/3.0.1/findbugs-annotations-3.0.1.jar:/root/./workspace/zolyfarkas/spf4j/384914256/.m2/com/google/code/findbugs/jsr305/3.0.2/jsr305-3.0.2.jar:/root/./workspace/zolyfarkas/spf4j/384914256/.m2/org/apache/maven/maven-core/3.3.9/maven-core-3.3.9.jar:/root/./workspace/zolyfarkas/spf4j/384914256/.m2/org/apache/maven/maven-settings/3.3.9/maven-settings-3.3.9.jar:/root/./workspace/zolyfarkas/spf4j/384914256/.m2/org/apache/maven/maven-settings-builder/3.3.9/maven-settings-builder-3.3.9.jar:/root/./workspace/zolyfarkas/spf4j/384914256/.m2/org/apache/maven/maven-builder-support/3.3.9/maven-builder-support-3.3.9.jar:/root/./workspace/zolyfarkas/spf4j/384914256/.m2/org/apache/maven/maven-repository-metadata/3.3.9/maven-repository-metadata-3.3.9.jar:/root/./workspace/zolyfarkas/spf4j/384914256/.m2/org/apache/maven/maven-model-builder/3.3.9/maven-model-builder-3.3.9.jar:/root/./workspace/zolyfarkas/spf4j/384914256/.m2/org/eclipse/aether/aether-api/1.0.2.v20150114/aether-api-1.0.2.v20150114.jar:/root/./workspace/zolyfarkas/spf4j/384914256/.m2/org/eclipse/aether/aether-util/1.0.2.v20150114/aether-util-1.0.2.v20150114.jar:/root/./workspace/zolyfarkas/spf4j/384914256/.m2/org/eclipse/sisu/org.eclipse.sisu.plexus/0.3.2/org.eclipse.sisu.plexus-0.3.2.jar:/root/./workspace/zolyfarkas/spf4j/384914256/.m2/javax/enterprise/cdi-api/1.0/cdi-api-1.0.jar:/root/./workspace/zolyfarkas/spf4j/384914256/.m2/javax/annotation/jsr250-api/1.0/jsr250-api-1.0.jar:/root/./workspace/zolyfarkas/spf4j/384914256/.m2/org/eclipse/sisu/org.eclipse.sisu.inject/0.3.2/org.eclipse.sisu.inject-0.3.2.jar:/root/./workspace/zolyfarkas/spf4j/384914256/.m2/com/google/inject/guice/4.0/guice-4.0-no_aop.jar:/root/./workspace/zolyfarkas/spf4j/384914256/.m2/javax/inject/javax.inject/1/javax.inject-1.jar:/root/./workspace/zolyfarkas/spf4j/384914256/.m2/aopalliance/aopalliance/1.0/aopalliance-1.0.jar:/root/./workspace/zolyfarkas/spf4j/384914256/.m2/org/codehaus/plexus/plexus-interpolation/1.21/plexus-interpolation-1.21.jar:/root/./workspace/zolyfarkas/spf4j/384914256/.m2/org/codehaus/plexus/plexus-utils/3.0.22/plexus-utils-3.0.22.jar:/root/./workspace/zolyfarkas/spf4j/384914256/.m2/org/codehaus/plexus/plexus-classworlds/2.5.2/plexus-classworlds-2.5.2.jar:/root/./workspace/zolyfarkas/spf4j/384914256/.m2/org/codehaus/plexus/plexus-component-annotations/1.6/plexus-component-annotations-1.6.jar:/root/./workspace/zolyfarkas/spf4j/384914256/.m2/org/sonatype/plexus/plexus-sec-dispatcher/1.3/plexus-sec-dispatcher-1.3.jar:/root/./workspace/zolyfarkas/spf4j/384914256/.m2/org/sonatype/plexus/plexus-cipher/1.4/plexus-cipher-1.4.jar:/root/./workspace/zolyfarkas/spf4j/384914256/.m2/org/apache/commons/commons-lang3/3.4/commons-lang3-3.4.jar:/root/./workspace/zolyfarkas/spf4j/384914256/.m2/org/apache/maven/maven-model/3.3.9/maven-model-3.3.9.jar:/root/./workspace/zolyfarkas/spf4j/384914256/.m2/org/apache/maven/maven-artifact/3.3.9/maven-artifact-3.3.9.jar:/root/./workspace/zolyfarkas/spf4j/384914256/.m2/org/apache/maven/maven-plugin-api/3.3.9/maven-plugin-api-3.3.9.jar:/root/./workspace/zolyfarkas/spf4j/384914256/.m2/org/apache/maven/plugin-tools/maven-plugin-annotations/3.4/maven-plugin-annotations-3.4.jar:/root/./workspace/zolyfarkas/spf4j/384914256/.m2/org/apache/maven/reporting/maven-reporting-impl/2.4/maven-reporting-impl-2.4.jar:/root/./workspace/zolyfarkas/spf4j/384914256/.m2/org/apache/maven/reporting/maven-reporting-api/3.0/maven-reporting-api-3.0.jar:/root/./workspace/zolyfarkas/spf4j/384914256/.m2/org/apache/maven/maven-project/2.2.1/maven-project-2.2.1.jar:/root/./workspace/zolyfarkas/spf4j/384914256/.m2/org/apache/maven/maven-profile/2.2.1/maven-profile-2.2.1.jar:/root/./workspace/zolyfarkas/spf4j/384914256/.m2/org/apache/maven/maven-artifact-manager/2.2.1/maven-artifact-manager-2.2.1.jar:/root/./workspace/zolyfarkas/spf4j/384914256/.m2/org/apache/maven/wagon/wagon-provider-api/1.0-beta-6/wagon-provider-api-1.0-beta-6.jar:/root/./workspace/zolyfarkas/spf4j/384914256/.m2/backport-util-concurrent/backport-util-concurrent/3.1/backport-util-concurrent-3.1.jar:/root/./workspace/zolyfarkas/spf4j/384914256/.m2/org/apache/maven/maven-plugin-registry/2.2.1/maven-plugin-registry-2.2.1.jar:/root/./workspace/zolyfarkas/spf4j/384914256/.m2/org/codehaus/plexus/plexus-container-default/1.0-alpha-9-stable-1/plexus-container-default-1.0-alpha-9-stable-1.jar:/root/./workspace/zolyfarkas/spf4j/384914256/.m2/classworlds/classworlds/1.1-alpha-2/classworlds-1.1-alpha-2.jar:/root/./workspace/zolyfarkas/spf4j/384914256/.m2/org/apache/maven/shared/maven-shared-utils/0.6/maven-shared-utils-0.6.jar:/root/./workspace/zolyfarkas/spf4j/384914256/.m2/org/apache/maven/doxia/doxia-sink-api/1.6/doxia-sink-api-1.6.jar:/root/./workspace/zolyfarkas/spf4j/384914256/.m2/org/apache/maven/doxia/doxia-logging-api/1.6/doxia-logging-api-1.6.jar:/root/./workspace/zolyfarkas/spf4j/384914256/.m2/org/apache/maven/doxia/doxia-core/1.6/doxia-core-1.6.jar:/root/./workspace/zolyfarkas/spf4j/384914256/.m2/commons-lang/commons-lang/2.4/commons-lang-2.4.jar:/root/./workspace/zolyfarkas/spf4j/384914256/.m2/xmlunit/xmlunit/1.5/xmlunit-1.5.jar:/root/./workspace/zolyfarkas/spf4j/384914256/.m2/org/apache/maven/doxia/doxia-site-renderer/1.6/doxia-site-renderer-1.6.jar:/root/./workspace/zolyfarkas/spf4j/384914256/.m2/org/apache/maven/doxia/doxia-decoration-model/1.6/doxia-decoration-model-1.6.jar:/root/./workspace/zolyfarkas/spf4j/384914256/.m2/org/apache/maven/doxia/doxia-module-xhtml/1.6/doxia-module-xhtml-1.6.jar:/root/./workspace/zolyfarkas/spf4j/384914256/.m2/org/apache/maven/doxia/doxia-module-fml/1.6/doxia-module-fml-1.6.jar:/root/./workspace/zolyfarkas/spf4j/384914256/.m2/org/codehaus/plexus/plexus-i18n/1.0-beta-7/plexus-i18n-1.0-beta-7.jar:/root/./workspace/zolyfarkas/spf4j/384914256/.m2/org/codehaus/plexus/plexus-velocity/1.1.7/plexus-velocity-1.1.7.jar:/root/./workspace/zolyfarkas/spf4j/384914256/.m2/org/apache/velocity/velocity/1.5/velocity-1.5.jar:/root/./workspace/zolyfarkas/spf4j/384914256/.m2/oro/oro/2.0.8/oro-2.0.8.jar:/root/./workspace/zolyfarkas/spf4j/384914256/.m2/org/apache/velocity/velocity-tools/2.0/velocity-tools-2.0.jar:/root/./workspace/zolyfarkas/spf4j/384914256/.m2/commons-chain/commons-chain/1.1/commons-chain-1.1.jar:/root/./workspace/zolyfarkas/spf4j/384914256/.m2/dom4j/dom4j/1.1/dom4j-1.1.jar:/root/./workspace/zolyfarkas/spf4j/384914256/.m2/sslext/sslext/1.2-0/sslext-1.2-0.jar:/root/./workspace/zolyfarkas/spf4j/384914256/.m2/org/apache/struts/struts-core/1.3.8/struts-core-1.3.8.jar:/root/./workspace/zolyfarkas/spf4j/384914256/.m2/antlr/antlr/2.7.2/antlr-2.7.2.jar:/root/./workspace/zolyfarkas/spf4j/384914256/.m2/org/apache/struts/struts-taglib/1.3.8/struts-taglib-1.3.8.jar:/root/./workspace/zolyfarkas/spf4j/384914256/.m2/org/apache/struts/struts-tiles/1.3.8/struts-tiles-1.3.8.jar:/root/./workspace/zolyfarkas/spf4j/384914256/.m2/commons-collections/commons-collections/3.2.1/commons-collections-3.2.1.jar:/root/./workspace/zolyfarkas/spf4j/384914256/.m2/commons-validator/commons-validator/1.4.1/commons-validator-1.4.1.jar:/root/./workspace/zolyfarkas/spf4j/384914256/.m2/commons-beanutils/commons-beanutils/1.8.3/commons-beanutils-1.8.3.jar:/root/./workspace/zolyfarkas/spf4j/384914256/.m2/commons-digester/commons-digester/1.8.1/commons-digester-1.8.1.jar:/root/./workspace/zolyfarkas/spf4j/384914256/.m2/jdiff/jdiff/1.0.9/jdiff-1.0.9.jar:/root/./workspace/zolyfarkas/spf4j/384914256/.m2/xerces/xercesImpl/2.10.0/xercesImpl-2.10.0.jar:/root/./workspace/zolyfarkas/spf4j/384914256/.m2/xml-apis/xml-apis/1.4.01/xml-apis-1.4.01.jar:/root/./workspace/zolyfarkas/spf4j/384914256/.m2/org/apache/maven/maven-aether-provider/3.3.9/maven-aether-provider-3.3.9.jar:/root/./workspace/zolyfarkas/spf4j/384914256/.m2/org/eclipse/aether/aether-spi/1.0.2.v20150114/aether-spi-1.0.2.v20150114.jar:/root/./workspace/zolyfarkas/spf4j/384914256/.m2/org/eclipse/aether/aether-impl/1.1.0/aether-impl-1.1.0.jar:/root/./workspace/zolyfarkas/spf4j/384914256/.m2/org/eclipse/aether/aether-connector-basic/1.1.0/aether-connector-basic-1.1.0.jar:/root/./workspace/zolyfarkas/spf4j/384914256/.m2/org/eclipse/aether/aether-transport-file/1.1.0/aether-transport-file-1.1.0.jar:/root/./workspace/zolyfarkas/spf4j/384914256/.m2/org/eclipse/aether/aether-transport-http/1.1.0/aether-transport-http-1.1.0.jar:/root/./workspace/zolyfarkas/spf4j/384914256/.m2/org/slf4j/jcl-over-slf4j/1.6.2/jcl-over-slf4j-1.6.2.jar:/root/./workspace/zolyfarkas/spf4j/384914256/.m2/org/apache/httpcomponents/httpclient/4.5.1/httpclient-4.5.1.jar:/root/./workspace/zolyfarkas/spf4j/384914256/.m2/org/apache/httpcomponents/httpcore/4.4.3/httpcore-4.4.3.jar:/root/./workspace/zolyfarkas/spf4j/384914256/.m2/commons-logging/commons-logging/1.2/commons-logging-1.2.jar:/root/./workspace/zolyfarkas/spf4j/384914256/.m2/commons-codec/commons-codec/1.9/commons-codec-1.9.jar:/root/./workspace/zolyfarkas/spf4j/384914256/.m2/args4j/args4j/2.33/args4j-2.33.jar:/root/./workspace/zolyfarkas/spf4j/384914256/.m2/junit/junit/4.12/junit-4.12.jar:/root/./workspace/zolyfarkas/spf4j/384914256/.m2/org/hamcrest/hamcrest-core/1.3/hamcrest-core-1.3.jar:/root/workspace/zolyfarkas/spf4j/384914256/spf4j-slf4j-test/target/classes:/root/./workspace/zolyfarkas/spf4j/384914256/.m2/org/slf4j/slf4j-api/1.7.25/slf4j-api-1.7.25.jar:/root/./workspace/zolyfarkas/spf4j/384914256/.m2/net/sf/trove4j/trove4j/3.0.3/trove4j-3.0.3.jar:/root/./workspace/zolyfarkas/spf4j/384914256/.m2/com/google/guava/guava/23.3-jre/guava-23.3-jre.jar:/root/./workspace/zolyfarkas/spf4j/384914256/.m2/com/google/errorprone/error_prone_annotations/2.0.18/error_prone_annotations-2.0.18.jar:/root/./workspace/zolyfarkas/spf4j/384914256/.m2/com/google/j2objc/j2objc-annotations/1.1/j2objc-annotations-1.1.jar:/root/./workspace/zolyfarkas/spf4j/384914256/.m2/org/codehaus/mojo/animal-sniffer-annotations/1.14/animal-sniffer-annotations-1.14.jar:/root/./workspace/zolyfarkas/spf4j/384914256/.m2/org/hamcrest/hamcrest-library/1.3/hamcrest-library-1.3.jar:"/>
    <property name="sun.cpu.endian" value="little"/>
    <property name="user.home" value="/root"/>
    <property name="user.language" value="en"/>
    <property name="java.specification.vendor" value="Oracle Corporation"/>
    <property name="java.home" value="/usr/lib/jvm/java-8-openjdk-amd64/jre"/>
    <property name="basedir" value="/root/workspace/zolyfarkas/spf4j/384914256/spf4j-jdiff-maven-plugin"/>
    <property name="file.separator" value="/"/>
    <property name="checkstyle.skip" value="true"/>
    <property name="line.separator" value="&#10;"/>
    <property name="skip.npm" value="true"/>
    <property name="java.vm.specification.vendor" value="Oracle Corporation"/>
    <property name="java.specification.name" value="Java Platform API Specification"/>
    <property name="java.awt.graphicsenv" value="sun.awt.X11GraphicsEnvironment"/>
    <property name="skipITs" value="true"/>
    <property name="surefire.real.class.path" value="/root/workspace/zolyfarkas/spf4j/384914256/spf4j-jdiff-maven-plugin/target/surefire/surefirebooter9221176099160937994.jar:/root/./workspace/zolyfarkas/spf4j/384914256/.m2/org/jacoco/org.jacoco.agent/0.8.0/org.jacoco.agent-0.8.0-runtime.jar"/>
    <property name="cobertura.skip" value="true"/>
    <property name="sun.boot.class.path" value="/usr/lib/jvm/java-8-openjdk-amd64/jre/lib/resources.jar:/usr/lib/jvm/java-8-openjdk-amd64/jre/lib/rt.jar:/usr/lib/jvm/java-8-openjdk-amd64/jre/lib/sunrsasign.jar:/usr/lib/jvm/java-8-openjdk-amd64/jre/lib/jsse.jar:/usr/lib/jvm/java-8-openjdk-amd64/jre/lib/jce.jar:/usr/lib/jvm/java-8-openjdk-amd64/jre/lib/charsets.jar:/usr/lib/jvm/java-8-openjdk-amd64/jre/lib/jfr.jar:/usr/lib/jvm/java-8-openjdk-amd64/jre/classes"/>
    <property name="sun.management.compiler" value="HotSpot 64-Bit Tiered Compilers"/>
    <property name="java.runtime.version" value="1.8.0_121-8u121-b13-1~bpo8+1-b13"/>
    <property name="user.name" value="root"/>
    <property name="findbugs.skip" value="true"/>
    <property name="path.separator" value=":"/>
    <property name="os.version" value="3.10.0-862.2.3.el7.x86_64"/>
    <property name="java.endorsed.dirs" value="/usr/lib/jvm/java-8-openjdk-amd64/jre/lib/endorsed"/>
    <property name="java.runtime.name" value="OpenJDK Runtime Environment"/>
    <property name="file.encoding" value="UTF-8"/>
    <property name="java.vm.name" value="OpenJDK 64-Bit Server VM"/>
    <property name="localRepository" value="/root/./workspace/zolyfarkas/spf4j/384914256/.m2"/>
    <property name="java.vendor.url.bug" value="http://bugreport.sun.com/bugreport/"/>
    <property name="java.io.tmpdir" value="./target"/>
    <property name="java.version" value="1.8.0_121"/>
    <property name="user.dir" value="/root/workspace/zolyfarkas/spf4j/384914256/spf4j-jdiff-maven-plugin"/>
    <property name="os.arch" value="amd64"/>
    <property name="license.skip" value="true"/>
    <property name="java.vm.specification.name" value="Java Virtual Machine Specification"/>
    <property name="java.awt.printerjob" value="sun.print.PSPrinterJob"/>
    <property name="sun.os.patch.level" value="unknown"/>
    <property name="java.library.path" value="/usr/java/packages/lib/amd64:/usr/lib/x86_64-linux-gnu/jni:/lib/x86_64-linux-gnu:/usr/lib/x86_64-linux-gnu:/usr/lib/jni:/lib:/usr/lib"/>
    <property name="java.vm.info" value="mixed mode"/>
    <property name="java.vendor" value="Oracle Corporation"/>
    <property name="java.vm.version" value="25.121-b13"/>
    <property name="java.ext.dirs" value="/usr/lib/jvm/java-8-openjdk-amd64/jre/lib/ext:/usr/java/packages/lib/ext"/>
    <property name="sun.io.unicode.encoding" value="UnicodeLittle"/>
    <property name="maven.repo.local" value="/root/./workspace/zolyfarkas/spf4j/384914256/.m2"/>
    <property name="enforcer.skip" value="true"/>
    <property name="java.class.version" value="52.0"/>
  </properties>
  <testcase name="testCmdLine" classname="org.spf4j.jdiff.ApiDiffCmdTest" time="5.989"/>
</testsuite>