<?xml version="1.0" encoding="UTF-8" ?>
<testsuite tests="4" failures="0" name="ru.skorikov.StartTest" time="1.094" errors="0" skipped="0">
  <properties>
    <property name="java.runtime.name" value="OpenJDK Runtime Environment"/>
    <property name="sun.boot.library.path" value="/usr/lib/jvm/java-8-openjdk-amd64/jre/lib/amd64"/>
    <property name="java.vm.version" value="25.121-b13"/>
    <property name="java.vm.vendor" value="Oracle Corporation"/>
    <property name="java.vendor.url" value="http://java.oracle.com/"/>
    <property name="path.separator" value=":"/>
    <property name="skip.gulp" value="true"/>
    <property name="java.vm.name" value="OpenJDK 64-Bit Server VM"/>
    <property name="file.encoding.pkg" value="sun.io"/>
    <property name="sun.java.launcher" value="SUN_STANDARD"/>
    <property name="sun.os.patch.level" value="unknown"/>
    <property name="findbugs.skip" value="true"/>
    <property name="java.vm.specification.name" value="Java Virtual Machine Specification"/>
    <property name="user.dir" value="/root/workspace/KayzerSoze/java_kurs_standart/354626544/Multithreading/Wait_Notify_NotifyAll/W_N_N_all_1"/>
    <property name="checkstyle.skip" value="true"/>
    <property name="java.runtime.version" value="1.8.0_121-8u121-b13-1~bpo8+1-b13"/>
    <property name="java.awt.graphicsenv" value="sun.awt.X11GraphicsEnvironment"/>
    <property name="basedir" value="/root/workspace/KayzerSoze/java_kurs_standart/354626544/Multithreading/Wait_Notify_NotifyAll/W_N_N_all_1"/>
    <property name="skip.npm" value="true"/>
    <property name="java.endorsed.dirs" value="/usr/lib/jvm/java-8-openjdk-amd64/jre/lib/endorsed"/>
    <property name="os.arch" value="amd64"/>
    <property name="surefire.real.class.path" value="/root/workspace/KayzerSoze/java_kurs_standart/354626544/Multithreading/Wait_Notify_NotifyAll/W_N_N_all_1/target/surefire/surefirebooter5265422058604049322.jar:/root/./workspace/KayzerSoze/java_kurs_standart/354626544/.m2/org/jacoco/org.jacoco.agent/0.7.9/org.jacoco.agent-0.7.9-runtime.jar"/>
    <property name="java.io.tmpdir" value="/tmp"/>
    <property name="gpg.skip" value="true"/>
    <property name="line.separator" value="
"/>
    <property name="java.vm.specification.vendor" value="Oracle Corporation"/>
    <property name="cobertura.skip" value="true"/>
    <property name="os.name" value="Linux"/>
    <property name="sun.jnu.encoding" value="UTF-8"/>
    <property name="java.library.path" value="/usr/java/packages/lib/amd64:/usr/lib/x86_64-linux-gnu/jni:/lib/x86_64-linux-gnu:/usr/lib/x86_64-linux-gnu:/usr/lib/jni:/lib:/usr/lib"/>
    <property name="license.skip" value="true"/>
    <property name="surefire.test.class.path" value="/root/workspace/KayzerSoze/java_kurs_standart/354626544/Multithreading/Wait_Notify_NotifyAll/W_N_N_all_1/target/test-classes:/root/workspace/KayzerSoze/java_kurs_standart/354626544/Multithreading/Wait_Notify_NotifyAll/W_N_N_all_1/target/classes:/root/./workspace/KayzerSoze/java_kurs_standart/354626544/.m2/org/hamcrest/hamcrest-all/1.3/hamcrest-all-1.3.jar:/root/./workspace/KayzerSoze/java_kurs_standart/354626544/.m2/junit/junit/4.12/junit-4.12.jar:/root/./workspace/KayzerSoze/java_kurs_standart/354626544/.m2/org/hamcrest/hamcrest-core/1.3/hamcrest-core-1.3.jar:/root/./workspace/KayzerSoze/java_kurs_standart/354626544/.m2/net/jcip/jcip-annotations/1.0/jcip-annotations-1.0.jar:"/>
    <property name="java.specification.name" value="Java Platform API Specification"/>
    <property name="java.class.version" value="52.0"/>
    <property name="sun.management.compiler" value="HotSpot 64-Bit Tiered Compilers"/>
    <property name="skip.bower" value="true"/>
    <property name="maven.repo.local" value="/root/./workspace/KayzerSoze/java_kurs_standart/354626544/.m2"/>
    <property name="os.version" value="3.10.0-693.21.1.el7.x86_64"/>
    <property name="user.home" value="/root"/>
    <property name="user.timezone" value=""/>
    <property name="java.awt.printerjob" value="sun.print.PSPrinterJob"/>
    <property name="java.specification.version" value="1.8"/>
    <property name="file.encoding" value="UTF-8"/>
    <property name="user.name" value="root"/>
    <property name="java.class.path" value="/root/workspace/KayzerSoze/java_kurs_standart/354626544/Multithreading/Wait_Notify_NotifyAll/W_N_N_all_1/target/test-classes:/root/workspace/KayzerSoze/java_kurs_standart/354626544/Multithreading/Wait_Notify_NotifyAll/W_N_N_all_1/target/classes:/root/./workspace/KayzerSoze/java_kurs_standart/354626544/.m2/org/hamcrest/hamcrest-all/1.3/hamcrest-all-1.3.jar:/root/./workspace/KayzerSoze/java_kurs_standart/354626544/.m2/junit/junit/4.12/junit-4.12.jar:/root/./workspace/KayzerSoze/java_kurs_standart/354626544/.m2/org/hamcrest/hamcrest-core/1.3/hamcrest-core-1.3.jar:/root/./workspace/KayzerSoze/java_kurs_standart/354626544/.m2/net/jcip/jcip-annotations/1.0/jcip-annotations-1.0.jar:"/>
    <property name="skipITs" value="true"/>
    <property name="java.vm.specification.version" value="1.8"/>
    <property name="sun.arch.data.model" value="64"/>
    <property name="java.home" value="/usr/lib/jvm/java-8-openjdk-amd64/jre"/>
    <property name="sun.java.command" value="/root/workspace/KayzerSoze/java_kurs_standart/354626544/Multithreading/Wait_Notify_NotifyAll/W_N_N_all_1/target/surefire/surefirebooter5265422058604049322.jar /root/workspace/KayzerSoze/java_kurs_standart/354626544/Multithreading/Wait_Notify_NotifyAll/W_N_N_all_1/target/surefire/surefire1246756514678948749tmp /root/workspace/KayzerSoze/java_kurs_standart/354626544/Multithreading/Wait_Notify_NotifyAll/W_N_N_all_1/target/surefire/surefire1355119156499681865tmp"/>
    <property name="java.specification.vendor" value="Oracle Corporation"/>
    <property name="user.language" value="en"/>
    <property name="awt.toolkit" value="sun.awt.X11.XToolkit"/>
    <property name="java.vm.info" value="mixed mode"/>
    <property name="java.version" value="1.8.0_121"/>
    <property name="java.ext.dirs" value="/usr/lib/jvm/java-8-openjdk-amd64/jre/lib/ext:/usr/java/packages/lib/ext"/>
    <property name="sun.boot.class.path" value="/usr/lib/jvm/java-8-openjdk-amd64/jre/lib/resources.jar:/usr/lib/jvm/java-8-openjdk-amd64/jre/lib/rt.jar:/usr/lib/jvm/java-8-openjdk-amd64/jre/lib/sunrsasign.jar:/usr/lib/jvm/java-8-openjdk-amd64/jre/lib/jsse.jar:/usr/lib/jvm/java-8-openjdk-amd64/jre/lib/jce.jar:/usr/lib/jvm/java-8-openjdk-amd64/jre/lib/charsets.jar:/usr/lib/jvm/java-8-openjdk-amd64/jre/lib/jfr.jar:/usr/lib/jvm/java-8-openjdk-amd64/jre/classes"/>
    <property name="java.vendor" value="Oracle Corporation"/>
    <property name="enforcer.skip" value="true"/>
    <property name="rat.skip" value="true"/>
    <property name="localRepository" value="/root/./workspace/KayzerSoze/java_kurs_standart/354626544/.m2"/>
    <property name="file.separator" value="/"/>
    <property name="java.vendor.url.bug" value="http://bugreport.sun.com/bugreport/"/>
    <property name="sun.cpu.endian" value="little"/>
    <property name="sun.io.unicode.encoding" value="UnicodeLittle"/>
    <property name="sun.cpu.isalist" value=""/>
  </properties>
  <testcase classname="ru.skorikov.StartTest" name="whenAddToNULLQueue" time="0.007"/>
  <testcase classname="ru.skorikov.StartTest" name="tryGetSomeThingFromQueue" time="0.001"/>
  <testcase classname="ru.skorikov.StartTest" name="tryAddTwoThread" time="1.001"/>
  <testcase classname="ru.skorikov.StartTest" name="whenAddThreadThenReturnThreadName" time="0"/>
</testsuite>