<?xml version="1.0" encoding="UTF-8"?>
<!-- Generated by org.testng.reporters.JUnitReportReporter -->
<testsuite hostname="spirals-vortex.lille.inria.fr" name="org.molgenis.file.ingest.FileIngesterTest" tests="2" failures="0" timestamp="1 Jun 2018 11:24:21 GMT" time="0.288" errors="0">
  <testcase name="ingestError" time="0.011" classname="org.molgenis.file.ingest.FileIngesterTest"/>
  <testcase name="ingest" time="0.277" classname="org.molgenis.file.ingest.FileIngesterTest"/>
</testsuite> <!-- org.molgenis.file.ingest.FileIngesterTest -->
