<?xml version="1.0" encoding="UTF-8"?>
<!-- Generated by org.testng.reporters.JUnitReportReporter -->
<testsuite hostname="spirals-vortex.lille.inria.fr" name="org.molgenis.r.RScriptExecutorTest" tests="2" failures="0" timestamp="1 Jun 2018 11:20:50 GMT" time="1.388" errors="0">
  <testcase name="testExecuteScriptFileOutput" time="1.356" classname="org.molgenis.r.RScriptExecutorTest"/>
  <testcase name="testExecuteScriptValueOutput" time="0.032" classname="org.molgenis.r.RScriptExecutorTest"/>
</testsuite> <!-- org.molgenis.r.RScriptExecutorTest -->
