<?xml version="1.0" encoding="UTF-8"?>
<!-- Generated by org.testng.reporters.JUnitReportReporter -->
<testsuite hostname="spirals-vortex.lille.inria.fr" name="org.molgenis.settings.controller.SettingsControllerTest" tests="1" failures="0" timestamp="1 Jun 2018 11:25:20 GMT" time="3.429" errors="0">
  <testcase name="testInit" time="3.429" classname="org.molgenis.settings.controller.SettingsControllerTest"/>
</testsuite> <!-- org.molgenis.settings.controller.SettingsControllerTest -->
