<?xml version="1.0" encoding="UTF-8"?>
<testsuite xmlns:xsi="http://www.w3.org/2001/XMLSchema-instance" xsi:noNamespaceSchemaLocation="https://maven.apache.org/surefire/maven-surefire-plugin/xsd/surefire-test-report.xsd" name="org.apache.calcite.test.LatticeTest" time="156.988" tests="38" errors="3" skipped="2" failures="0">
  <properties>
    <property name="awt.toolkit" value="sun.awt.X11.XToolkit"/>
    <property name="hsqldb.reconfig_logging" value="false"/>
    <property name="file.encoding.pkg" value="sun.io"/>
    <property name="java.specification.version" value="1.8"/>
    <property name="sun.cpu.isalist" value=""/>
    <property name="sun.jnu.encoding" value="UTF-8"/>
    <property name="java.class.path" value="/root/workspace/apache/calcite/386002995/core/target/test-classes:/root/workspace/apache/calcite/386002995/core/target/classes:/root/./workspace/apache/calcite/386002995/.m2/org/apache/calcite/avatica/avatica-core/1.11.0/avatica-core-1.11.0.jar:/root/./workspace/apache/calcite/386002995/.m2/org/apache/calcite/avatica/avatica-metrics/1.11.0/avatica-metrics-1.11.0.jar:/root/./workspace/apache/calcite/386002995/.m2/com/google/protobuf/protobuf-java/3.3.0/protobuf-java-3.3.0.jar:/root/./workspace/apache/calcite/386002995/.m2/org/apache/httpcomponents/httpclient/4.5.2/httpclient-4.5.2.jar:/root/./workspace/apache/calcite/386002995/.m2/commons-codec/commons-codec/1.9/commons-codec-1.9.jar:/root/./workspace/apache/calcite/386002995/.m2/org/apache/httpcomponents/httpcore/4.4.4/httpcore-4.4.4.jar:/root/workspace/apache/calcite/386002995/linq4j/target/classes:/root/./workspace/apache/calcite/386002995/.m2/org/apache/calcite/avatica/avatica-server/1.11.0/avatica-server-1.11.0.jar:/root/./workspace/apache/calcite/386002995/.m2/javax/servlet/javax.servlet-api/3.0.1/javax.servlet-api-3.0.1.jar:/root/./workspace/apache/calcite/386002995/.m2/org/eclipse/jetty/jetty-http/9.2.19.v20160908/jetty-http-9.2.19.v20160908.jar:/root/./workspace/apache/calcite/386002995/.m2/org/eclipse/jetty/jetty-security/9.2.19.v20160908/jetty-security-9.2.19.v20160908.jar:/root/./workspace/apache/calcite/386002995/.m2/org/eclipse/jetty/jetty-server/9.2.19.v20160908/jetty-server-9.2.19.v20160908.jar:/root/./workspace/apache/calcite/386002995/.m2/org/eclipse/jetty/jetty-io/9.2.19.v20160908/jetty-io-9.2.19.v20160908.jar:/root/./workspace/apache/calcite/386002995/.m2/org/eclipse/jetty/jetty-util/9.2.19.v20160908/jetty-util-9.2.19.v20160908.jar:/root/./workspace/apache/calcite/386002995/.m2/commons-dbcp/commons-dbcp/1.4/commons-dbcp-1.4.jar:/root/./workspace/apache/calcite/386002995/.m2/commons-pool/commons-pool/1.5.4/commons-pool-1.5.4.jar:/root/./workspace/apache/calcite/386002995/.m2/org/apache/commons/commons-lang3/3.2/commons-lang3-3.2.jar:/root/./workspace/apache/calcite/386002995/.m2/com/esri/geometry/esri-geometry-api/2.0.0/esri-geometry-api-2.0.0.jar:/root/./workspace/apache/calcite/386002995/.m2/com/fasterxml/jackson/core/jackson-core/2.9.4/jackson-core-2.9.4.jar:/root/./workspace/apache/calcite/386002995/.m2/com/fasterxml/jackson/core/jackson-annotations/2.9.4/jackson-annotations-2.9.4.jar:/root/./workspace/apache/calcite/386002995/.m2/com/fasterxml/jackson/core/jackson-databind/2.9.4/jackson-databind-2.9.4.jar:/root/./workspace/apache/calcite/386002995/.m2/com/google/code/findbugs/jsr305/3.0.1/jsr305-3.0.1.jar:/root/./workspace/apache/calcite/386002995/.m2/com/google/guava/guava/19.0/guava-19.0.jar:/root/./workspace/apache/calcite/386002995/.m2/com/h2database/h2/1.4.185/h2-1.4.185.jar:/root/./workspace/apache/calcite/386002995/.m2/com/yahoo/datasketches/sketches-core/0.9.0/sketches-core-0.9.0.jar:/root/./workspace/apache/calcite/386002995/.m2/com/yahoo/datasketches/memory/0.9.0/memory-0.9.0.jar:/root/./workspace/apache/calcite/386002995/.m2/junit/junit/4.12/junit-4.12.jar:/root/./workspace/apache/calcite/386002995/.m2/mysql/mysql-connector-java/5.1.20/mysql-connector-java-5.1.20.jar:/root/./workspace/apache/calcite/386002995/.m2/net/hydromatic/aggdesigner-algorithm/6.0/aggdesigner-algorithm-6.0.jar:/root/./workspace/apache/calcite/386002995/.m2/commons-lang/commons-lang/2.4/commons-lang-2.4.jar:/root/./workspace/apache/calcite/386002995/.m2/commons-logging/commons-logging/1.1.3/commons-logging-1.1.3.jar:/root/./workspace/apache/calcite/386002995/.m2/net/hydromatic/foodmart-data-hsqldb/0.3/foodmart-data-hsqldb-0.3.jar:/root/./workspace/apache/calcite/386002995/.m2/net/hydromatic/foodmart-queries/0.4.1/foodmart-queries-0.4.1.jar:/root/./workspace/apache/calcite/386002995/.m2/net/hydromatic/quidem/0.8/quidem-0.8.jar:/root/./workspace/apache/calcite/386002995/.m2/net/hydromatic/scott-data-hsqldb/0.1/scott-data-hsqldb-0.1.jar:/root/./workspace/apache/calcite/386002995/.m2/org/codehaus/janino/janino/2.7.6/janino-2.7.6.jar:/root/./workspace/apache/calcite/386002995/.m2/org/codehaus/janino/commons-compiler/2.7.6/commons-compiler-2.7.6.jar:/root/./workspace/apache/calcite/386002995/.m2/org/hsqldb/hsqldb/2.4.0/hsqldb-2.4.0.jar:/root/./workspace/apache/calcite/386002995/.m2/org/incava/java-diff/1.1.1/java-diff-1.1.1.jar:/root/./workspace/apache/calcite/386002995/.m2/org/hamcrest/hamcrest-core/1.3/hamcrest-core-1.3.jar:/root/./workspace/apache/calcite/386002995/.m2/org/postgresql/postgresql/9.3-1102-jdbc3/postgresql-9.3-1102-jdbc3.jar:/root/./workspace/apache/calcite/386002995/.m2/org/slf4j/slf4j-api/1.7.13/slf4j-api-1.7.13.jar:/root/./workspace/apache/calcite/386002995/.m2/org/slf4j/slf4j-log4j12/1.7.13/slf4j-log4j12-1.7.13.jar:/root/./workspace/apache/calcite/386002995/.m2/log4j/log4j/1.2.17/log4j-1.2.17.jar:/root/./workspace/apache/calcite/386002995/.m2/sqlline/sqlline/1.3.0/sqlline-1.3.0.jar:/root/./workspace/apache/calcite/386002995/.m2/jline/jline/2.14.3/jline-2.14.3.jar:"/>
    <property name="java.vm.vendor" value="Oracle Corporation"/>
    <property name="skip.bower" value="true"/>
    <property name="sun.arch.data.model" value="64"/>
    <property name="java.vendor.url" value="http://java.oracle.com/"/>
    <property name="user.timezone" value="Europe/Paris"/>
    <property name="java.vm.specification.version" value="1.8"/>
    <property name="os.name" value="Linux"/>
    <property name="rat.skip" value="true"/>
    <property name="gpg.skip" value="true"/>
    <property name="sun.java.launcher" value="SUN_STANDARD"/>
    <property name="sun.boot.library.path" value="/usr/lib/jvm/java-8-openjdk-amd64/jre/lib/amd64"/>
    <property name="skip.gulp" value="true"/>
    <property name="sun.java.command" value="/root/workspace/apache/calcite/386002995/core/target/surefire/surefirebooter220881052891823090.jar /root/workspace/apache/calcite/386002995/core/target/surefire 2018-05-31T05-56-18_575-jvmRun1 surefire196516052997870638tmp surefire_18302260804901407808tmp"/>
    <property name="dependency-check.skip" value="true"/>
    <property name="surefire.test.class.path" value="/root/workspace/apache/calcite/386002995/core/target/test-classes:/root/workspace/apache/calcite/386002995/core/target/classes:/root/./workspace/apache/calcite/386002995/.m2/org/apache/calcite/avatica/avatica-core/1.11.0/avatica-core-1.11.0.jar:/root/./workspace/apache/calcite/386002995/.m2/org/apache/calcite/avatica/avatica-metrics/1.11.0/avatica-metrics-1.11.0.jar:/root/./workspace/apache/calcite/386002995/.m2/com/google/protobuf/protobuf-java/3.3.0/protobuf-java-3.3.0.jar:/root/./workspace/apache/calcite/386002995/.m2/org/apache/httpcomponents/httpclient/4.5.2/httpclient-4.5.2.jar:/root/./workspace/apache/calcite/386002995/.m2/commons-codec/commons-codec/1.9/commons-codec-1.9.jar:/root/./workspace/apache/calcite/386002995/.m2/org/apache/httpcomponents/httpcore/4.4.4/httpcore-4.4.4.jar:/root/workspace/apache/calcite/386002995/linq4j/target/classes:/root/./workspace/apache/calcite/386002995/.m2/org/apache/calcite/avatica/avatica-server/1.11.0/avatica-server-1.11.0.jar:/root/./workspace/apache/calcite/386002995/.m2/javax/servlet/javax.servlet-api/3.0.1/javax.servlet-api-3.0.1.jar:/root/./workspace/apache/calcite/386002995/.m2/org/eclipse/jetty/jetty-http/9.2.19.v20160908/jetty-http-9.2.19.v20160908.jar:/root/./workspace/apache/calcite/386002995/.m2/org/eclipse/jetty/jetty-security/9.2.19.v20160908/jetty-security-9.2.19.v20160908.jar:/root/./workspace/apache/calcite/386002995/.m2/org/eclipse/jetty/jetty-server/9.2.19.v20160908/jetty-server-9.2.19.v20160908.jar:/root/./workspace/apache/calcite/386002995/.m2/org/eclipse/jetty/jetty-io/9.2.19.v20160908/jetty-io-9.2.19.v20160908.jar:/root/./workspace/apache/calcite/386002995/.m2/org/eclipse/jetty/jetty-util/9.2.19.v20160908/jetty-util-9.2.19.v20160908.jar:/root/./workspace/apache/calcite/386002995/.m2/commons-dbcp/commons-dbcp/1.4/commons-dbcp-1.4.jar:/root/./workspace/apache/calcite/386002995/.m2/commons-pool/commons-pool/1.5.4/commons-pool-1.5.4.jar:/root/./workspace/apache/calcite/386002995/.m2/org/apache/commons/commons-lang3/3.2/commons-lang3-3.2.jar:/root/./workspace/apache/calcite/386002995/.m2/com/esri/geometry/esri-geometry-api/2.0.0/esri-geometry-api-2.0.0.jar:/root/./workspace/apache/calcite/386002995/.m2/com/fasterxml/jackson/core/jackson-core/2.9.4/jackson-core-2.9.4.jar:/root/./workspace/apache/calcite/386002995/.m2/com/fasterxml/jackson/core/jackson-annotations/2.9.4/jackson-annotations-2.9.4.jar:/root/./workspace/apache/calcite/386002995/.m2/com/fasterxml/jackson/core/jackson-databind/2.9.4/jackson-databind-2.9.4.jar:/root/./workspace/apache/calcite/386002995/.m2/com/google/code/findbugs/jsr305/3.0.1/jsr305-3.0.1.jar:/root/./workspace/apache/calcite/386002995/.m2/com/google/guava/guava/19.0/guava-19.0.jar:/root/./workspace/apache/calcite/386002995/.m2/com/h2database/h2/1.4.185/h2-1.4.185.jar:/root/./workspace/apache/calcite/386002995/.m2/com/yahoo/datasketches/sketches-core/0.9.0/sketches-core-0.9.0.jar:/root/./workspace/apache/calcite/386002995/.m2/com/yahoo/datasketches/memory/0.9.0/memory-0.9.0.jar:/root/./workspace/apache/calcite/386002995/.m2/junit/junit/4.12/junit-4.12.jar:/root/./workspace/apache/calcite/386002995/.m2/mysql/mysql-connector-java/5.1.20/mysql-connector-java-5.1.20.jar:/root/./workspace/apache/calcite/386002995/.m2/net/hydromatic/aggdesigner-algorithm/6.0/aggdesigner-algorithm-6.0.jar:/root/./workspace/apache/calcite/386002995/.m2/commons-lang/commons-lang/2.4/commons-lang-2.4.jar:/root/./workspace/apache/calcite/386002995/.m2/commons-logging/commons-logging/1.1.3/commons-logging-1.1.3.jar:/root/./workspace/apache/calcite/386002995/.m2/net/hydromatic/foodmart-data-hsqldb/0.3/foodmart-data-hsqldb-0.3.jar:/root/./workspace/apache/calcite/386002995/.m2/net/hydromatic/foodmart-queries/0.4.1/foodmart-queries-0.4.1.jar:/root/./workspace/apache/calcite/386002995/.m2/net/hydromatic/quidem/0.8/quidem-0.8.jar:/root/./workspace/apache/calcite/386002995/.m2/net/hydromatic/scott-data-hsqldb/0.1/scott-data-hsqldb-0.1.jar:/root/./workspace/apache/calcite/386002995/.m2/org/codehaus/janino/janino/2.7.6/janino-2.7.6.jar:/root/./workspace/apache/calcite/386002995/.m2/org/codehaus/janino/commons-compiler/2.7.6/commons-compiler-2.7.6.jar:/root/./workspace/apache/calcite/386002995/.m2/org/hsqldb/hsqldb/2.4.0/hsqldb-2.4.0.jar:/root/./workspace/apache/calcite/386002995/.m2/org/incava/java-diff/1.1.1/java-diff-1.1.1.jar:/root/./workspace/apache/calcite/386002995/.m2/org/hamcrest/hamcrest-core/1.3/hamcrest-core-1.3.jar:/root/./workspace/apache/calcite/386002995/.m2/org/postgresql/postgresql/9.3-1102-jdbc3/postgresql-9.3-1102-jdbc3.jar:/root/./workspace/apache/calcite/386002995/.m2/org/slf4j/slf4j-api/1.7.13/slf4j-api-1.7.13.jar:/root/./workspace/apache/calcite/386002995/.m2/org/slf4j/slf4j-log4j12/1.7.13/slf4j-log4j12-1.7.13.jar:/root/./workspace/apache/calcite/386002995/.m2/log4j/log4j/1.2.17/log4j-1.2.17.jar:/root/./workspace/apache/calcite/386002995/.m2/sqlline/sqlline/1.3.0/sqlline-1.3.0.jar:/root/./workspace/apache/calcite/386002995/.m2/jline/jline/2.14.3/jline-2.14.3.jar:"/>
    <property name="sun.cpu.endian" value="little"/>
    <property name="user.home" value="/root"/>
    <property name="user.language" value="en"/>
    <property name="java.specification.vendor" value="Oracle Corporation"/>
    <property name="java.home" value="/usr/lib/jvm/java-8-openjdk-amd64/jre"/>
    <property name="basedir" value="/root/workspace/apache/calcite/386002995/core"/>
    <property name="file.separator" value="/"/>
    <property name="checkstyle.skip" value="true"/>
    <property name="line.separator" value="&#10;"/>
    <property name="skip.npm" value="true"/>
    <property name="java.vm.specification.vendor" value="Oracle Corporation"/>
    <property name="java.specification.name" value="Java Platform API Specification"/>
    <property name="java.awt.graphicsenv" value="sun.awt.X11GraphicsEnvironment"/>
    <property name="skipITs" value="true"/>
    <property name="surefire.real.class.path" value="/root/workspace/apache/calcite/386002995/core/target/surefire/surefirebooter220881052891823090.jar"/>
    <property name="cobertura.skip" value="true"/>
    <property name="sun.boot.class.path" value="/usr/lib/jvm/java-8-openjdk-amd64/jre/lib/resources.jar:/usr/lib/jvm/java-8-openjdk-amd64/jre/lib/rt.jar:/usr/lib/jvm/java-8-openjdk-amd64/jre/lib/sunrsasign.jar:/usr/lib/jvm/java-8-openjdk-amd64/jre/lib/jsse.jar:/usr/lib/jvm/java-8-openjdk-amd64/jre/lib/jce.jar:/usr/lib/jvm/java-8-openjdk-amd64/jre/lib/charsets.jar:/usr/lib/jvm/java-8-openjdk-amd64/jre/lib/jfr.jar:/usr/lib/jvm/java-8-openjdk-amd64/jre/classes"/>
    <property name="sun.management.compiler" value="HotSpot 64-Bit Tiered Compilers"/>
    <property name="java.runtime.version" value="1.8.0_121-8u121-b13-1~bpo8+1-b13"/>
    <property name="user.name" value="root"/>
    <property name="findbugs.skip" value="true"/>
    <property name="path.separator" value=":"/>
    <property name="os.version" value="3.10.0-862.2.3.el7.x86_64"/>
    <property name="java.endorsed.dirs" value="/usr/lib/jvm/java-8-openjdk-amd64/jre/lib/endorsed"/>
    <property name="java.runtime.name" value="OpenJDK Runtime Environment"/>
    <property name="file.encoding" value="UTF-8"/>
    <property name="java.vm.name" value="OpenJDK 64-Bit Server VM"/>
    <property name="localRepository" value="/root/./workspace/apache/calcite/386002995/.m2"/>
    <property name="java.vendor.url.bug" value="http://bugreport.sun.com/bugreport/"/>
    <property name="java.io.tmpdir" value="/tmp"/>
    <property name="java.version" value="1.8.0_121"/>
    <property name="user.dir" value="/root/workspace/apache/calcite/386002995/core"/>
    <property name="os.arch" value="amd64"/>
    <property name="license.skip" value="true"/>
    <property name="java.vm.specification.name" value="Java Virtual Machine Specification"/>
    <property name="java.awt.printerjob" value="sun.print.PSPrinterJob"/>
    <property name="sun.os.patch.level" value="unknown"/>
    <property name="java.library.path" value="/usr/java/packages/lib/amd64:/usr/lib/x86_64-linux-gnu/jni:/lib/x86_64-linux-gnu:/usr/lib/x86_64-linux-gnu:/usr/lib/jni:/lib:/usr/lib"/>
    <property name="java.vm.info" value="mixed mode"/>
    <property name="java.vendor" value="Oracle Corporation"/>
    <property name="java.vm.version" value="25.121-b13"/>
    <property name="java.ext.dirs" value="/usr/lib/jvm/java-8-openjdk-amd64/jre/lib/ext:/usr/java/packages/lib/ext"/>
    <property name="sun.io.unicode.encoding" value="UnicodeLittle"/>
    <property name="maven.repo.local" value="/root/./workspace/apache/calcite/386002995/.m2"/>
    <property name="enforcer.skip" value="true"/>
    <property name="java.class.version" value="52.0"/>
  </properties>
  <testcase name="testMeasureArgIsInvalidColumn" classname="org.apache.calcite.test.LatticeTest" time="0"/>
  <testcase name="testLatticeInvalidSql" classname="org.apache.calcite.test.LatticeTest" time="0.037"/>
  <testcase name="testColumnCount" classname="org.apache.calcite.test.LatticeTest" time="0"/>
  <testcase name="testSum" classname="org.apache.calcite.test.LatticeTest" time="1.112"/>
  <testcase name="testLatticeInvalidSqlFails" classname="org.apache.calcite.test.LatticeTest" time="0.009"/>
  <testcase name="testAllFoodmartQueries" classname="org.apache.calcite.test.LatticeTest" time="0">
    <skipped/>
  </testcase>
  <testcase name="testJG" classname="org.apache.calcite.test.LatticeTest" time="0.556"/>
  <testcase name="testLatticeSql" classname="org.apache.calcite.test.LatticeTest" time="0.038"/>
  <testcase name="testTwoLattices" classname="org.apache.calcite.test.LatticeTest" time="55.918">
    <error message="exception while preparing [select s.&quot;unit_sales&quot;, p.&quot;brand_name&quot;&#10;from &quot;foodmart&quot;.&quot;sales_fact_1997&quot; as s&#10;join &quot;foodmart&quot;.&quot;product&quot; as p using (&quot;product_id&quot;)&#10;]" type="java.lang.RuntimeException">java.lang.RuntimeException: 
exception while preparing [select s."unit_sales", p."brand_name"
from "foodmart"."sales_fact_1997" as s
join "foodmart"."product" as p using ("product_id")
]
	at org.apache.calcite.test.LatticeTest.testTwoLattices(LatticeTest.java:698)
Caused by: java.lang.RuntimeException: 
while executing SQL [SELECT COUNT(*) AS "C"
FROM (SELECT "t0"."product_class_id"
FROM (SELECT "product_id"
FROM "foodmart"."sales_fact_1997") AS "t"
INNER JOIN ((SELECT "product_class_id"
FROM "foodmart"."product_class") AS "t0"
INNER JOIN (SELECT "product_class_id", "product_id"
FROM "foodmart"."product") AS "t1" ON "t0"."product_class_id" = "t1"."product_class_id") ON "t"."product_id" = "t1"."product_id"
GROUP BY "t0"."product_class_id") AS "t2"]
	at org.apache.calcite.test.LatticeTest.testTwoLattices(LatticeTest.java:698)
Caused by: java.sql.SQLTransactionRollbackException: statement execution aborted: timeout reached
	at org.apache.calcite.test.LatticeTest.testTwoLattices(LatticeTest.java:698)
Caused by: org.hsqldb.HsqlException: statement execution aborted: timeout reached
	at org.apache.calcite.test.LatticeTest.testTwoLattices(LatticeTest.java:698)
</error>
  </testcase>
  <testcase name="testLatticeSqlWithGroupByFails" classname="org.apache.calcite.test.LatticeTest" time="0.006"/>
  <testcase name="testLatticeWithSameNameAsTable" classname="org.apache.calcite.test.LatticeTest" time="0.177"/>
  <testcase name="testGroupByEmptyWithPrelude" classname="org.apache.calcite.test.LatticeTest" time="1.794"/>
  <testcase name="testTileAlgorithm2" classname="org.apache.calcite.test.LatticeTest" time="72.13">
    <error message="exception while executing [explain plan for select distinct t.&quot;the_year&quot;, t.&quot;quarter&quot;&#10;from &quot;foodmart&quot;.&quot;sales_fact_1997&quot; as s&#10;join &quot;foodmart&quot;.&quot;time_by_day&quot; as t using (&quot;time_id&quot;)&#10;]" type="java.lang.RuntimeException">java.lang.RuntimeException: 
exception while executing [explain plan for select distinct t."the_year", t."quarter"
from "foodmart"."sales_fact_1997" as s
join "foodmart"."time_by_day" as t using ("time_id")
]
	at org.apache.calcite.test.LatticeTest.checkTileAlgorithm(LatticeTest.java:463)
	at org.apache.calcite.test.LatticeTest.testTileAlgorithm2(LatticeTest.java:435)
Caused by: java.lang.RuntimeException: 
while executing SQL [SELECT COUNT(*) AS "C"
FROM (SELECT "t0"."product_class_id"
FROM (SELECT "product_id"
FROM "foodmart"."sales_fact_1997") AS "t"
INNER JOIN ((SELECT "product_class_id"
FROM "foodmart"."product_class") AS "t0"
INNER JOIN (SELECT "product_class_id", "product_id"
FROM "foodmart"."product") AS "t1" ON "t0"."product_class_id" = "t1"."product_class_id") ON "t"."product_id" = "t1"."product_id"
GROUP BY "t0"."product_class_id") AS "t2"]
	at org.apache.calcite.test.LatticeTest.checkTileAlgorithm(LatticeTest.java:463)
	at org.apache.calcite.test.LatticeTest.testTileAlgorithm2(LatticeTest.java:435)
Caused by: java.sql.SQLTransactionRollbackException: statement execution aborted: timeout reached
	at org.apache.calcite.test.LatticeTest.checkTileAlgorithm(LatticeTest.java:463)
	at org.apache.calcite.test.LatticeTest.testTileAlgorithm2(LatticeTest.java:435)
Caused by: org.hsqldb.HsqlException: statement execution aborted: timeout reached
	at org.apache.calcite.test.LatticeTest.checkTileAlgorithm(LatticeTest.java:463)
	at org.apache.calcite.test.LatticeTest.testTileAlgorithm2(LatticeTest.java:435)
</error>
    <system-err><![CDATA[java.lang.RuntimeException: while executing SQL [SELECT COUNT(*) AS "C"
FROM (SELECT "t0"."product_class_id"
FROM (SELECT "product_id"
FROM "foodmart"."sales_fact_1997") AS "t"
INNER JOIN ((SELECT "product_class_id"
FROM "foodmart"."product_class") AS "t0"
INNER JOIN (SELECT "product_class_id", "product_id"
FROM "foodmart"."product") AS "t1" ON "t0"."product_class_id" = "t1"."product_class_id") ON "t"."product_id" = "t1"."product_id"
GROUP BY "t0"."product_class_id") AS "t2"]
	at org.apache.calcite.runtime.ResultSetEnumerable.enumerator(ResultSetEnumerable.java:153)
	at org.apache.calcite.materialize.MaterializationService$DefaultTableFactory$1.enumerator(MaterializationService.java:394)
	at org.apache.calcite.linq4j.EnumerableDefaults.into(EnumerableDefaults.java:2909)
	at org.apache.calcite.linq4j.DefaultEnumerable.into(DefaultEnumerable.java:343)
	at org.apache.calcite.adapter.clone.ColumnLoader.<init>(ColumnLoader.java:103)
	at org.apache.calcite.adapter.clone.CloneSchema$1.get(CloneSchema.java:121)
	at org.apache.calcite.adapter.clone.CloneSchema$1.get(CloneSchema.java:119)
	at com.google.common.base.Suppliers$MemoizingSupplier.get(Suppliers.java:131)
	at org.apache.calcite.adapter.clone.ArrayTable$1.enumerator(ArrayTable.java:88)
	at org.apache.calcite.linq4j.AbstractEnumerable.iterator(AbstractEnumerable.java:33)
	at com.google.common.collect.Iterables.getOnlyElement(Iterables.java:284)
	at org.apache.calcite.materialize.SqlLatticeStatisticProvider.cardinality(SqlLatticeStatisticProvider.java:71)
	at org.apache.calcite.materialize.SqlLatticeStatisticProvider.cardinality(SqlLatticeStatisticProvider.java:60)
	at org.apache.calcite.materialize.CachingLatticeStatisticProvider$1.load(CachingLatticeStatisticProvider.java:48)
	at org.apache.calcite.materialize.CachingLatticeStatisticProvider$1.load(CachingLatticeStatisticProvider.java:46)
	at com.google.common.cache.LocalCache$LoadingValueReference.loadFuture(LocalCache.java:3542)
	at com.google.common.cache.LocalCache$Segment.loadSync(LocalCache.java:2323)
	at com.google.common.cache.LocalCache$Segment.lockedGetOrLoad(LocalCache.java:2286)
	at com.google.common.cache.LocalCache$Segment.get(LocalCache.java:2201)
	at com.google.common.cache.LocalCache.get(LocalCache.java:3953)
	at com.google.common.cache.LocalCache.getOrLoad(LocalCache.java:3957)
	at com.google.common.cache.LocalCache$LocalLoadingCache.get(LocalCache.java:4875)
	at org.apache.calcite.materialize.CachingLatticeStatisticProvider.cardinality(CachingLatticeStatisticProvider.java:57)
	at org.apache.calcite.materialize.Lattice.getRowCount(Lattice.java:406)
	at org.apache.calcite.materialize.TileSuggester$StatisticsProviderImpl.getRowCount(TileSuggester.java:209)
	at org.pentaho.aggdes.algorithm.impl.AggregateImpl.<init>(AggregateImpl.java:49)
	at org.pentaho.aggdes.algorithm.impl.LatticeImpl.<init>(LatticeImpl.java:71)
	at org.pentaho.aggdes.algorithm.impl.MonteCarloLatticeImpl.<init>(MonteCarloLatticeImpl.java:44)
	at org.pentaho.aggdes.algorithm.impl.MonteCarloAlgorithm.run(MonteCarloAlgorithm.java:51)
	at org.apache.calcite.materialize.TileSuggester.tiles(TileSuggester.java:77)
	at org.apache.calcite.materialize.Lattice.computeTiles(Lattice.java:395)
	at org.apache.calcite.jdbc.CalciteConnectionImpl.init(CalciteConnectionImpl.java:155)
	at org.apache.calcite.jdbc.Driver$1.onConnectionInit(Driver.java:109)
	at org.apache.calcite.avatica.UnregisteredDriver.connect(UnregisteredDriver.java:139)
	at java.sql.DriverManager.getConnection(DriverManager.java:664)
	at java.sql.DriverManager.getConnection(DriverManager.java:208)
	at org.apache.calcite.test.CalciteAssert$MapConnectionFactory.createConnection(CalciteAssert.java:1241)
	at org.apache.calcite.test.CalciteAssert$AssertQuery.createConnection(CalciteAssert.java:1279)
	at org.apache.calcite.test.CalciteAssert$AssertQuery.returns(CalciteAssert.java:1350)
	at org.apache.calcite.test.CalciteAssert$AssertQuery.explainMatches(CalciteAssert.java:1467)
	at org.apache.calcite.test.CalciteAssert$AssertQuery.explainContains(CalciteAssert.java:1462)
	at org.apache.calcite.test.LatticeTest.checkTileAlgorithm(LatticeTest.java:463)
	at org.apache.calcite.test.LatticeTest.testTileAlgorithm2(LatticeTest.java:435)
	at sun.reflect.NativeMethodAccessorImpl.invoke0(Native Method)
	at sun.reflect.NativeMethodAccessorImpl.invoke(NativeMethodAccessorImpl.java:62)
	at sun.reflect.DelegatingMethodAccessorImpl.invoke(DelegatingMethodAccessorImpl.java:43)
	at java.lang.reflect.Method.invoke(Method.java:498)
	at org.junit.runners.model.FrameworkMethod$1.runReflectiveCall(FrameworkMethod.java:50)
	at org.junit.internal.runners.model.ReflectiveCallable.run(ReflectiveCallable.java:12)
	at org.junit.runners.model.FrameworkMethod.invokeExplosively(FrameworkMethod.java:47)
	at org.junit.internal.runners.statements.InvokeMethod.evaluate(InvokeMethod.java:17)
	at org.junit.runners.ParentRunner.runLeaf(ParentRunner.java:325)
	at org.junit.runners.BlockJUnit4ClassRunner.runChild(BlockJUnit4ClassRunner.java:78)
	at org.junit.runners.BlockJUnit4ClassRunner.runChild(BlockJUnit4ClassRunner.java:57)
	at org.junit.runners.ParentRunner$3.run(ParentRunner.java:290)
	at org.apache.maven.surefire.junitcore.pc.Scheduler$1.run(Scheduler.java:410)
	at java.util.concurrent.Executors$RunnableAdapter.call(Executors.java:511)
	at java.util.concurrent.FutureTask.run(FutureTask.java:266)
	at java.util.concurrent.ThreadPoolExecutor.runWorker(ThreadPoolExecutor.java:1142)
	at java.util.concurrent.ThreadPoolExecutor$Worker.run(ThreadPoolExecutor.java:617)
	at java.lang.Thread.run(Thread.java:745)
Caused by: java.sql.SQLTransactionRollbackException: statement execution aborted: timeout reached
	at org.hsqldb.jdbc.JDBCUtil.sqlException(Unknown Source)
	at org.hsqldb.jdbc.JDBCUtil.sqlException(Unknown Source)
	at org.hsqldb.jdbc.JDBCStatement.fetchResult(Unknown Source)
	at org.hsqldb.jdbc.JDBCStatement.execute(Unknown Source)
	at org.apache.commons.dbcp.DelegatingStatement.execute(DelegatingStatement.java:264)
	at org.apache.commons.dbcp.DelegatingStatement.execute(DelegatingStatement.java:264)
	at org.apache.calcite.runtime.ResultSetEnumerable.enumerator(ResultSetEnumerable.java:143)
	... 60 more
Caused by: org.hsqldb.HsqlException: statement execution aborted: timeout reached
	at org.hsqldb.error.Error.error(Unknown Source)
	at org.hsqldb.error.Error.error(Unknown Source)
	at org.hsqldb.RangeVariable$RangeIteratorMain.findNext(Unknown Source)
	at org.hsqldb.RangeVariable$RangeIteratorMain.next(Unknown Source)
	at org.hsqldb.QuerySpecification.buildResult(Unknown Source)
	at org.hsqldb.QuerySpecification.getSingleResult(Unknown Source)
	at org.hsqldb.QuerySpecification.getResult(Unknown Source)
	at org.hsqldb.TableDerived.materialise(Unknown Source)
	at org.hsqldb.QuerySpecification.buildResult(Unknown Source)
	at org.hsqldb.QuerySpecification.getSingleResult(Unknown Source)
	at org.hsqldb.QuerySpecification.getResult(Unknown Source)
	at org.hsqldb.StatementQuery.getResult(Unknown Source)
	at org.hsqldb.StatementDMQL.execute(Unknown Source)
	at org.hsqldb.Session.executeCompiledStatement(Unknown Source)
	at org.hsqldb.Session.executeDirectStatement(Unknown Source)
	at org.hsqldb.Session.execute(Unknown Source)
	... 65 more
]]></system-err>
  </testcase>
  <testcase name="testTileAlgorithm3" classname="org.apache.calcite.test.LatticeTest" time="156.456"/>
  <testcase name="testDistinctCount" classname="org.apache.calcite.test.LatticeTest" time="1.408"/>
  <testcase name="testLatticeRecognizeJoin" classname="org.apache.calcite.test.LatticeTest" time="0.055"/>
  <testcase name="testTwoLatticesWithSameNameFails" classname="org.apache.calcite.test.LatticeTest" time="0.02"/>
  <testcase name="testGroupByEmpty2" classname="org.apache.calcite.test.LatticeTest" time="0.535"/>
  <testcase name="testLatticeInvalidSql2" classname="org.apache.calcite.test.LatticeTest" time="0.039"/>
  <testcase name="testGroupByEmpty3" classname="org.apache.calcite.test.LatticeTest" time="0.714"/>
  <testcase name="testLatticeWithBadRowCountEstimate" classname="org.apache.calcite.test.LatticeTest" time="0">
    <skipped/>
  </testcase>
  <testcase name="testLatticeSqlWithOrderByFails" classname="org.apache.calcite.test.LatticeTest" time="0.006"/>
  <testcase name="testDistinctCount2" classname="org.apache.calcite.test.LatticeTest" time="1.458"/>
  <testcase name="testLatticeWithNoMeasures" classname="org.apache.calcite.test.LatticeTest" time="0"/>
  <testcase name="testLatticeWithPreDefinedTiles" classname="org.apache.calcite.test.LatticeTest" time="1.122"/>
  <testcase name="testLatticeWithPreDefinedTilesFewerMeasures" classname="org.apache.calcite.test.LatticeTest" time="2.666"/>
  <testcase name="testGroupByEmpty" classname="org.apache.calcite.test.LatticeTest" time="0.076"/>
  <testcase name="testMeasureAggIsInvalid" classname="org.apache.calcite.test.LatticeTest" time="0"/>
  <testcase name="testMeasureArgIsNotUniqueAlias" classname="org.apache.calcite.test.LatticeTest" time="0"/>
  <testcase name="testLatticeSqlWithJoin" classname="org.apache.calcite.test.LatticeTest" time="0.052"/>
  <testcase name="testTileAlgorithm" classname="org.apache.calcite.test.LatticeTest" time="58.743">
    <error message="exception while executing [explain plan for select distinct t.&quot;the_year&quot;, t.&quot;quarter&quot;&#10;from &quot;foodmart&quot;.&quot;sales_fact_1997&quot; as s&#10;join &quot;foodmart&quot;.&quot;time_by_day&quot; as t using (&quot;time_id&quot;)&#10;]" type="java.lang.RuntimeException">java.lang.RuntimeException: 
exception while executing [explain plan for select distinct t."the_year", t."quarter"
from "foodmart"."sales_fact_1997" as s
join "foodmart"."time_by_day" as t using ("time_id")
]
	at org.apache.calcite.test.LatticeTest.checkTileAlgorithm(LatticeTest.java:463)
	at org.apache.calcite.test.LatticeTest.testTileAlgorithm(LatticeTest.java:423)
Caused by: java.lang.RuntimeException: While populating materialization [adhoc, m{4, 16, 17, 27, 31, 37}]
	at org.apache.calcite.test.LatticeTest.checkTileAlgorithm(LatticeTest.java:463)
	at org.apache.calcite.test.LatticeTest.testTileAlgorithm(LatticeTest.java:423)
Caused by: java.lang.RuntimeException: 
while executing SQL [SELECT "t"."store_id", "t0"."recyclable_package", "t0"."low_fat", "t1"."the_year", "t1"."quarter", "t2"."product_family", COUNT(*) AS "m0", SUM("t"."store_sales") AS "m1", SUM("t"."unit_sales") AS "m2"
FROM (SELECT "product_id", "time_id", "store_id", "store_sales", "unit_sales"
FROM "foodmart"."sales_fact_1997") AS "t"
INNER JOIN (SELECT "product_class_id", "product_id", "recyclable_package", "low_fat"
FROM "foodmart"."product") AS "t0" ON "t"."product_id" = "t0"."product_id"
INNER JOIN (SELECT "time_id", "the_year", "quarter"
FROM "foodmart"."time_by_day") AS "t1" ON "t"."time_id" = "t1"."time_id"
INNER JOIN (SELECT "product_class_id", "product_family"
FROM "foodmart"."product_class") AS "t2" ON "t0"."product_class_id" = "t2"."product_class_id"
GROUP BY "t"."store_id", "t0"."recyclable_package", "t0"."low_fat", "t1"."the_year", "t1"."quarter", "t2"."product_family"]
	at org.apache.calcite.test.LatticeTest.checkTileAlgorithm(LatticeTest.java:463)
	at org.apache.calcite.test.LatticeTest.testTileAlgorithm(LatticeTest.java:423)
Caused by: java.sql.SQLTransactionRollbackException: statement execution aborted: timeout reached
	at org.apache.calcite.test.LatticeTest.checkTileAlgorithm(LatticeTest.java:463)
	at org.apache.calcite.test.LatticeTest.testTileAlgorithm(LatticeTest.java:423)
Caused by: org.hsqldb.HsqlException: statement execution aborted: timeout reached
	at org.apache.calcite.test.LatticeTest.checkTileAlgorithm(LatticeTest.java:463)
	at org.apache.calcite.test.LatticeTest.testTileAlgorithm(LatticeTest.java:423)
</error>
    <system-err><![CDATA[java.lang.RuntimeException: While populating materialization [adhoc, m{4, 16, 17, 27, 31, 37}]
	at org.apache.calcite.prepare.CalcitePrepareImpl.populateMaterializations(CalcitePrepareImpl.java:1020)
	at org.apache.calcite.prepare.CalcitePrepareImpl$CalcitePreparingStmt.getMaterializations(CalcitePrepareImpl.java:1301)
	at org.apache.calcite.prepare.Prepare.prepareSql(Prepare.java:319)
	at org.apache.calcite.prepare.Prepare.prepareSql(Prepare.java:230)
	at org.apache.calcite.prepare.CalcitePrepareImpl.prepare2_(CalcitePrepareImpl.java:783)
	at org.apache.calcite.prepare.CalcitePrepareImpl.prepare_(CalcitePrepareImpl.java:642)
	at org.apache.calcite.prepare.CalcitePrepareImpl.prepareSql(CalcitePrepareImpl.java:612)
	at org.apache.calcite.schema.Schemas.prepare(Schemas.java:347)
	at org.apache.calcite.materialize.MaterializationService$DefaultTableFactory.createTable(MaterializationService.java:379)
	at org.apache.calcite.materialize.MaterializationService.defineMaterialization(MaterializationService.java:137)
	at org.apache.calcite.materialize.MaterializationService.defineTile(MaterializationService.java:282)
	at org.apache.calcite.materialize.MaterializationService.defineTile(MaterializationService.java:185)
	at org.apache.calcite.jdbc.CalciteConnectionImpl.init(CalciteConnectionImpl.java:156)
	at org.apache.calcite.jdbc.Driver$1.onConnectionInit(Driver.java:109)
	at org.apache.calcite.avatica.UnregisteredDriver.connect(UnregisteredDriver.java:139)
	at java.sql.DriverManager.getConnection(DriverManager.java:664)
	at java.sql.DriverManager.getConnection(DriverManager.java:208)
	at org.apache.calcite.test.CalciteAssert$MapConnectionFactory.createConnection(CalciteAssert.java:1241)
	at org.apache.calcite.test.CalciteAssert$AssertQuery.createConnection(CalciteAssert.java:1279)
	at org.apache.calcite.test.CalciteAssert$AssertQuery.returns(CalciteAssert.java:1350)
	at org.apache.calcite.test.CalciteAssert$AssertQuery.explainMatches(CalciteAssert.java:1467)
	at org.apache.calcite.test.CalciteAssert$AssertQuery.explainContains(CalciteAssert.java:1462)
	at org.apache.calcite.test.LatticeTest.checkTileAlgorithm(LatticeTest.java:463)
	at org.apache.calcite.test.LatticeTest.testTileAlgorithm(LatticeTest.java:423)
	at sun.reflect.NativeMethodAccessorImpl.invoke0(Native Method)
	at sun.reflect.NativeMethodAccessorImpl.invoke(NativeMethodAccessorImpl.java:62)
	at sun.reflect.DelegatingMethodAccessorImpl.invoke(DelegatingMethodAccessorImpl.java:43)
	at java.lang.reflect.Method.invoke(Method.java:498)
	at org.junit.runners.model.FrameworkMethod$1.runReflectiveCall(FrameworkMethod.java:50)
	at org.junit.internal.runners.model.ReflectiveCallable.run(ReflectiveCallable.java:12)
	at org.junit.runners.model.FrameworkMethod.invokeExplosively(FrameworkMethod.java:47)
	at org.junit.internal.runners.statements.InvokeMethod.evaluate(InvokeMethod.java:17)
	at org.junit.runners.ParentRunner.runLeaf(ParentRunner.java:325)
	at org.junit.runners.BlockJUnit4ClassRunner.runChild(BlockJUnit4ClassRunner.java:78)
	at org.junit.runners.BlockJUnit4ClassRunner.runChild(BlockJUnit4ClassRunner.java:57)
	at org.junit.runners.ParentRunner$3.run(ParentRunner.java:290)
	at org.apache.maven.surefire.junitcore.pc.Scheduler$1.run(Scheduler.java:410)
	at java.util.concurrent.Executors$RunnableAdapter.call(Executors.java:511)
	at java.util.concurrent.FutureTask.run(FutureTask.java:266)
	at java.util.concurrent.ThreadPoolExecutor.runWorker(ThreadPoolExecutor.java:1142)
	at java.util.concurrent.ThreadPoolExecutor$Worker.run(ThreadPoolExecutor.java:617)
	at java.lang.Thread.run(Thread.java:745)
Caused by: java.lang.RuntimeException: while executing SQL [SELECT "t"."store_id", "t0"."recyclable_package", "t0"."low_fat", "t1"."the_year", "t1"."quarter", "t2"."product_family", COUNT(*) AS "m0", SUM("t"."store_sales") AS "m1", SUM("t"."unit_sales") AS "m2"
FROM (SELECT "product_id", "time_id", "store_id", "store_sales", "unit_sales"
FROM "foodmart"."sales_fact_1997") AS "t"
INNER JOIN (SELECT "product_class_id", "product_id", "recyclable_package", "low_fat"
FROM "foodmart"."product") AS "t0" ON "t"."product_id" = "t0"."product_id"
INNER JOIN (SELECT "time_id", "the_year", "quarter"
FROM "foodmart"."time_by_day") AS "t1" ON "t"."time_id" = "t1"."time_id"
INNER JOIN (SELECT "product_class_id", "product_family"
FROM "foodmart"."product_class") AS "t2" ON "t0"."product_class_id" = "t2"."product_class_id"
GROUP BY "t"."store_id", "t0"."recyclable_package", "t0"."low_fat", "t1"."the_year", "t1"."quarter", "t2"."product_family"]
	at org.apache.calcite.runtime.ResultSetEnumerable.enumerator(ResultSetEnumerable.java:153)
	at org.apache.calcite.materialize.MaterializationService$DefaultTableFactory$1.enumerator(MaterializationService.java:394)
	at org.apache.calcite.linq4j.EnumerableDefaults.into(EnumerableDefaults.java:2909)
	at org.apache.calcite.linq4j.DefaultEnumerable.into(DefaultEnumerable.java:343)
	at org.apache.calcite.adapter.clone.ColumnLoader.<init>(ColumnLoader.java:103)
	at org.apache.calcite.adapter.clone.CloneSchema$1.get(CloneSchema.java:121)
	at org.apache.calcite.adapter.clone.CloneSchema$1.get(CloneSchema.java:119)
	at com.google.common.base.Suppliers$MemoizingSupplier.get(Suppliers.java:131)
	at org.apache.calcite.adapter.clone.ArrayTable.getStatistic(ArrayTable.java:76)
	at org.apache.calcite.adapter.enumerable.EnumerableTableScan$1.get(EnumerableTableScan.java:83)
	at org.apache.calcite.adapter.enumerable.EnumerableTableScan$1.get(EnumerableTableScan.java:80)
	at org.apache.calcite.plan.RelTraitSet.replaceIfs(RelTraitSet.java:238)
	at org.apache.calcite.adapter.enumerable.EnumerableTableScan.create(EnumerableTableScan.java:79)
	at org.apache.calcite.prepare.RelOptTableImpl.toRel(RelOptTableImpl.java:293)
	at org.apache.calcite.sql2rel.SqlToRelConverter.toRel(SqlToRelConverter.java:3218)
	at org.apache.calcite.prepare.CalciteMaterializer.populate(CalciteMaterializer.java:100)
	at org.apache.calcite.prepare.CalcitePrepareImpl.populateMaterializations(CalcitePrepareImpl.java:1017)
	... 41 more
Caused by: java.sql.SQLTransactionRollbackException: statement execution aborted: timeout reached
	at org.hsqldb.jdbc.JDBCUtil.sqlException(Unknown Source)
	at org.hsqldb.jdbc.JDBCUtil.sqlException(Unknown Source)
	at org.hsqldb.jdbc.JDBCStatement.fetchResult(Unknown Source)
	at org.hsqldb.jdbc.JDBCStatement.execute(Unknown Source)
	at org.apache.commons.dbcp.DelegatingStatement.execute(DelegatingStatement.java:264)
	at org.apache.commons.dbcp.DelegatingStatement.execute(DelegatingStatement.java:264)
	at org.apache.calcite.runtime.ResultSetEnumerable.enumerator(ResultSetEnumerable.java:143)
	... 57 more
Caused by: org.hsqldb.HsqlException: statement execution aborted: timeout reached
	at org.hsqldb.error.Error.error(Unknown Source)
	at org.hsqldb.error.Error.error(Unknown Source)
	at org.hsqldb.RangeVariable$RangeIteratorMain.next(Unknown Source)
	at org.hsqldb.QuerySpecification.buildResult(Unknown Source)
	at org.hsqldb.QuerySpecification.getSingleResult(Unknown Source)
	at org.hsqldb.QuerySpecification.getResult(Unknown Source)
	at org.hsqldb.StatementQuery.getResult(Unknown Source)
	at org.hsqldb.StatementDMQL.execute(Unknown Source)
	at org.hsqldb.Session.executeCompiledStatement(Unknown Source)
	at org.hsqldb.Session.executeDirectStatement(Unknown Source)
	at org.hsqldb.Session.execute(Unknown Source)
	... 62 more
]]></system-err>
  </testcase>
  <testcase name="testLatticeWithPreDefinedTilesRollUp" classname="org.apache.calcite.test.LatticeTest" time="2.382"/>
  <testcase name="testOneLatticeOneMV" classname="org.apache.calcite.test.LatticeTest" time="14.444"/>
  <testcase name="testDimensionIsInvalidColumn" classname="org.apache.calcite.test.LatticeTest" time="0"/>
  <testcase name="testTileWithNoMeasures" classname="org.apache.calcite.test.LatticeTest" time="0"/>
  <testcase name="testLatticeSqlWithUnionFails" classname="org.apache.calcite.test.LatticeTest" time="0.029"/>
  <testcase name="testLatticeRecognizeGroupJoin" classname="org.apache.calcite.test.LatticeTest" time="3.957"/>
  <testcase name="testLatticeStarTable" classname="org.apache.calcite.test.LatticeTest" time="0.023"/>
</testsuite>