<?xml version="1.0" encoding="UTF-8"?>
<testsuite xmlns:xsi="http://www.w3.org/2001/XMLSchema-instance" xsi:noNamespaceSchemaLocation="https://maven.apache.org/surefire/maven-surefire-plugin/xsd/surefire-test-report.xsd" name="org.apache.calcite.test.CalciteSqlOperatorTest" time="44.87" tests="215" errors="0" skipped="1" failures="0">
  <properties>
    <property name="awt.toolkit" value="sun.awt.X11.XToolkit"/>
    <property name="hsqldb.reconfig_logging" value="false"/>
    <property name="file.encoding.pkg" value="sun.io"/>
    <property name="java.specification.version" value="1.8"/>
    <property name="sun.cpu.isalist" value=""/>
    <property name="sun.jnu.encoding" value="UTF-8"/>
    <property name="java.class.path" value="/root/workspace/apache/calcite/385984229/core/target/test-classes:/root/workspace/apache/calcite/385984229/core/target/classes:/root/./workspace/apache/calcite/385984229/.m2/org/apache/calcite/avatica/avatica-core/1.11.0/avatica-core-1.11.0.jar:/root/./workspace/apache/calcite/385984229/.m2/org/apache/calcite/avatica/avatica-metrics/1.11.0/avatica-metrics-1.11.0.jar:/root/./workspace/apache/calcite/385984229/.m2/com/google/protobuf/protobuf-java/3.3.0/protobuf-java-3.3.0.jar:/root/./workspace/apache/calcite/385984229/.m2/org/apache/httpcomponents/httpclient/4.5.2/httpclient-4.5.2.jar:/root/./workspace/apache/calcite/385984229/.m2/commons-codec/commons-codec/1.9/commons-codec-1.9.jar:/root/./workspace/apache/calcite/385984229/.m2/org/apache/httpcomponents/httpcore/4.4.4/httpcore-4.4.4.jar:/root/workspace/apache/calcite/385984229/linq4j/target/classes:/root/./workspace/apache/calcite/385984229/.m2/org/apache/calcite/avatica/avatica-server/1.11.0/avatica-server-1.11.0.jar:/root/./workspace/apache/calcite/385984229/.m2/javax/servlet/javax.servlet-api/3.0.1/javax.servlet-api-3.0.1.jar:/root/./workspace/apache/calcite/385984229/.m2/org/eclipse/jetty/jetty-http/9.2.19.v20160908/jetty-http-9.2.19.v20160908.jar:/root/./workspace/apache/calcite/385984229/.m2/org/eclipse/jetty/jetty-security/9.2.19.v20160908/jetty-security-9.2.19.v20160908.jar:/root/./workspace/apache/calcite/385984229/.m2/org/eclipse/jetty/jetty-server/9.2.19.v20160908/jetty-server-9.2.19.v20160908.jar:/root/./workspace/apache/calcite/385984229/.m2/org/eclipse/jetty/jetty-io/9.2.19.v20160908/jetty-io-9.2.19.v20160908.jar:/root/./workspace/apache/calcite/385984229/.m2/org/eclipse/jetty/jetty-util/9.2.19.v20160908/jetty-util-9.2.19.v20160908.jar:/root/./workspace/apache/calcite/385984229/.m2/commons-dbcp/commons-dbcp/1.4/commons-dbcp-1.4.jar:/root/./workspace/apache/calcite/385984229/.m2/commons-pool/commons-pool/1.5.4/commons-pool-1.5.4.jar:/root/./workspace/apache/calcite/385984229/.m2/org/apache/commons/commons-lang3/3.2/commons-lang3-3.2.jar:/root/./workspace/apache/calcite/385984229/.m2/com/esri/geometry/esri-geometry-api/2.0.0/esri-geometry-api-2.0.0.jar:/root/./workspace/apache/calcite/385984229/.m2/com/fasterxml/jackson/core/jackson-core/2.9.4/jackson-core-2.9.4.jar:/root/./workspace/apache/calcite/385984229/.m2/com/fasterxml/jackson/core/jackson-annotations/2.9.4/jackson-annotations-2.9.4.jar:/root/./workspace/apache/calcite/385984229/.m2/com/fasterxml/jackson/core/jackson-databind/2.9.4/jackson-databind-2.9.4.jar:/root/./workspace/apache/calcite/385984229/.m2/com/google/code/findbugs/jsr305/3.0.1/jsr305-3.0.1.jar:/root/./workspace/apache/calcite/385984229/.m2/com/google/guava/guava/19.0/guava-19.0.jar:/root/./workspace/apache/calcite/385984229/.m2/com/h2database/h2/1.4.185/h2-1.4.185.jar:/root/./workspace/apache/calcite/385984229/.m2/com/yahoo/datasketches/sketches-core/0.9.0/sketches-core-0.9.0.jar:/root/./workspace/apache/calcite/385984229/.m2/com/yahoo/datasketches/memory/0.9.0/memory-0.9.0.jar:/root/./workspace/apache/calcite/385984229/.m2/junit/junit/4.12/junit-4.12.jar:/root/./workspace/apache/calcite/385984229/.m2/mysql/mysql-connector-java/5.1.20/mysql-connector-java-5.1.20.jar:/root/./workspace/apache/calcite/385984229/.m2/net/hydromatic/aggdesigner-algorithm/6.0/aggdesigner-algorithm-6.0.jar:/root/./workspace/apache/calcite/385984229/.m2/commons-lang/commons-lang/2.4/commons-lang-2.4.jar:/root/./workspace/apache/calcite/385984229/.m2/commons-logging/commons-logging/1.1.3/commons-logging-1.1.3.jar:/root/./workspace/apache/calcite/385984229/.m2/net/hydromatic/foodmart-data-hsqldb/0.3/foodmart-data-hsqldb-0.3.jar:/root/./workspace/apache/calcite/385984229/.m2/net/hydromatic/foodmart-queries/0.4.1/foodmart-queries-0.4.1.jar:/root/./workspace/apache/calcite/385984229/.m2/net/hydromatic/quidem/0.8/quidem-0.8.jar:/root/./workspace/apache/calcite/385984229/.m2/net/hydromatic/scott-data-hsqldb/0.1/scott-data-hsqldb-0.1.jar:/root/./workspace/apache/calcite/385984229/.m2/org/codehaus/janino/janino/2.7.6/janino-2.7.6.jar:/root/./workspace/apache/calcite/385984229/.m2/org/codehaus/janino/commons-compiler/2.7.6/commons-compiler-2.7.6.jar:/root/./workspace/apache/calcite/385984229/.m2/org/hsqldb/hsqldb/2.4.0/hsqldb-2.4.0.jar:/root/./workspace/apache/calcite/385984229/.m2/org/incava/java-diff/1.1.1/java-diff-1.1.1.jar:/root/./workspace/apache/calcite/385984229/.m2/org/hamcrest/hamcrest-core/1.3/hamcrest-core-1.3.jar:/root/./workspace/apache/calcite/385984229/.m2/org/postgresql/postgresql/9.3-1102-jdbc3/postgresql-9.3-1102-jdbc3.jar:/root/./workspace/apache/calcite/385984229/.m2/org/slf4j/slf4j-api/1.7.13/slf4j-api-1.7.13.jar:/root/./workspace/apache/calcite/385984229/.m2/org/slf4j/slf4j-log4j12/1.7.13/slf4j-log4j12-1.7.13.jar:/root/./workspace/apache/calcite/385984229/.m2/log4j/log4j/1.2.17/log4j-1.2.17.jar:/root/./workspace/apache/calcite/385984229/.m2/sqlline/sqlline/1.3.0/sqlline-1.3.0.jar:/root/./workspace/apache/calcite/385984229/.m2/jline/jline/2.14.3/jline-2.14.3.jar:"/>
    <property name="java.vm.vendor" value="Oracle Corporation"/>
    <property name="skip.bower" value="true"/>
    <property name="sun.arch.data.model" value="64"/>
    <property name="java.vendor.url" value="http://java.oracle.com/"/>
    <property name="user.timezone" value="Europe/Paris"/>
    <property name="java.vm.specification.version" value="1.8"/>
    <property name="os.name" value="Linux"/>
    <property name="rat.skip" value="true"/>
    <property name="gpg.skip" value="true"/>
    <property name="sun.java.launcher" value="SUN_STANDARD"/>
    <property name="sun.boot.library.path" value="/usr/lib/jvm/java-8-openjdk-amd64/jre/lib/amd64"/>
    <property name="skip.gulp" value="true"/>
    <property name="sun.java.command" value="/root/workspace/apache/calcite/385984229/core/target/surefire/surefirebooter2782016744587048665.jar /root/workspace/apache/calcite/385984229/core/target/surefire 2018-05-31T04-27-51_401-jvmRun1 surefire811472917810045110tmp surefire_16835665988078036631tmp"/>
    <property name="dependency-check.skip" value="true"/>
    <property name="surefire.test.class.path" value="/root/workspace/apache/calcite/385984229/core/target/test-classes:/root/workspace/apache/calcite/385984229/core/target/classes:/root/./workspace/apache/calcite/385984229/.m2/org/apache/calcite/avatica/avatica-core/1.11.0/avatica-core-1.11.0.jar:/root/./workspace/apache/calcite/385984229/.m2/org/apache/calcite/avatica/avatica-metrics/1.11.0/avatica-metrics-1.11.0.jar:/root/./workspace/apache/calcite/385984229/.m2/com/google/protobuf/protobuf-java/3.3.0/protobuf-java-3.3.0.jar:/root/./workspace/apache/calcite/385984229/.m2/org/apache/httpcomponents/httpclient/4.5.2/httpclient-4.5.2.jar:/root/./workspace/apache/calcite/385984229/.m2/commons-codec/commons-codec/1.9/commons-codec-1.9.jar:/root/./workspace/apache/calcite/385984229/.m2/org/apache/httpcomponents/httpcore/4.4.4/httpcore-4.4.4.jar:/root/workspace/apache/calcite/385984229/linq4j/target/classes:/root/./workspace/apache/calcite/385984229/.m2/org/apache/calcite/avatica/avatica-server/1.11.0/avatica-server-1.11.0.jar:/root/./workspace/apache/calcite/385984229/.m2/javax/servlet/javax.servlet-api/3.0.1/javax.servlet-api-3.0.1.jar:/root/./workspace/apache/calcite/385984229/.m2/org/eclipse/jetty/jetty-http/9.2.19.v20160908/jetty-http-9.2.19.v20160908.jar:/root/./workspace/apache/calcite/385984229/.m2/org/eclipse/jetty/jetty-security/9.2.19.v20160908/jetty-security-9.2.19.v20160908.jar:/root/./workspace/apache/calcite/385984229/.m2/org/eclipse/jetty/jetty-server/9.2.19.v20160908/jetty-server-9.2.19.v20160908.jar:/root/./workspace/apache/calcite/385984229/.m2/org/eclipse/jetty/jetty-io/9.2.19.v20160908/jetty-io-9.2.19.v20160908.jar:/root/./workspace/apache/calcite/385984229/.m2/org/eclipse/jetty/jetty-util/9.2.19.v20160908/jetty-util-9.2.19.v20160908.jar:/root/./workspace/apache/calcite/385984229/.m2/commons-dbcp/commons-dbcp/1.4/commons-dbcp-1.4.jar:/root/./workspace/apache/calcite/385984229/.m2/commons-pool/commons-pool/1.5.4/commons-pool-1.5.4.jar:/root/./workspace/apache/calcite/385984229/.m2/org/apache/commons/commons-lang3/3.2/commons-lang3-3.2.jar:/root/./workspace/apache/calcite/385984229/.m2/com/esri/geometry/esri-geometry-api/2.0.0/esri-geometry-api-2.0.0.jar:/root/./workspace/apache/calcite/385984229/.m2/com/fasterxml/jackson/core/jackson-core/2.9.4/jackson-core-2.9.4.jar:/root/./workspace/apache/calcite/385984229/.m2/com/fasterxml/jackson/core/jackson-annotations/2.9.4/jackson-annotations-2.9.4.jar:/root/./workspace/apache/calcite/385984229/.m2/com/fasterxml/jackson/core/jackson-databind/2.9.4/jackson-databind-2.9.4.jar:/root/./workspace/apache/calcite/385984229/.m2/com/google/code/findbugs/jsr305/3.0.1/jsr305-3.0.1.jar:/root/./workspace/apache/calcite/385984229/.m2/com/google/guava/guava/19.0/guava-19.0.jar:/root/./workspace/apache/calcite/385984229/.m2/com/h2database/h2/1.4.185/h2-1.4.185.jar:/root/./workspace/apache/calcite/385984229/.m2/com/yahoo/datasketches/sketches-core/0.9.0/sketches-core-0.9.0.jar:/root/./workspace/apache/calcite/385984229/.m2/com/yahoo/datasketches/memory/0.9.0/memory-0.9.0.jar:/root/./workspace/apache/calcite/385984229/.m2/junit/junit/4.12/junit-4.12.jar:/root/./workspace/apache/calcite/385984229/.m2/mysql/mysql-connector-java/5.1.20/mysql-connector-java-5.1.20.jar:/root/./workspace/apache/calcite/385984229/.m2/net/hydromatic/aggdesigner-algorithm/6.0/aggdesigner-algorithm-6.0.jar:/root/./workspace/apache/calcite/385984229/.m2/commons-lang/commons-lang/2.4/commons-lang-2.4.jar:/root/./workspace/apache/calcite/385984229/.m2/commons-logging/commons-logging/1.1.3/commons-logging-1.1.3.jar:/root/./workspace/apache/calcite/385984229/.m2/net/hydromatic/foodmart-data-hsqldb/0.3/foodmart-data-hsqldb-0.3.jar:/root/./workspace/apache/calcite/385984229/.m2/net/hydromatic/foodmart-queries/0.4.1/foodmart-queries-0.4.1.jar:/root/./workspace/apache/calcite/385984229/.m2/net/hydromatic/quidem/0.8/quidem-0.8.jar:/root/./workspace/apache/calcite/385984229/.m2/net/hydromatic/scott-data-hsqldb/0.1/scott-data-hsqldb-0.1.jar:/root/./workspace/apache/calcite/385984229/.m2/org/codehaus/janino/janino/2.7.6/janino-2.7.6.jar:/root/./workspace/apache/calcite/385984229/.m2/org/codehaus/janino/commons-compiler/2.7.6/commons-compiler-2.7.6.jar:/root/./workspace/apache/calcite/385984229/.m2/org/hsqldb/hsqldb/2.4.0/hsqldb-2.4.0.jar:/root/./workspace/apache/calcite/385984229/.m2/org/incava/java-diff/1.1.1/java-diff-1.1.1.jar:/root/./workspace/apache/calcite/385984229/.m2/org/hamcrest/hamcrest-core/1.3/hamcrest-core-1.3.jar:/root/./workspace/apache/calcite/385984229/.m2/org/postgresql/postgresql/9.3-1102-jdbc3/postgresql-9.3-1102-jdbc3.jar:/root/./workspace/apache/calcite/385984229/.m2/org/slf4j/slf4j-api/1.7.13/slf4j-api-1.7.13.jar:/root/./workspace/apache/calcite/385984229/.m2/org/slf4j/slf4j-log4j12/1.7.13/slf4j-log4j12-1.7.13.jar:/root/./workspace/apache/calcite/385984229/.m2/log4j/log4j/1.2.17/log4j-1.2.17.jar:/root/./workspace/apache/calcite/385984229/.m2/sqlline/sqlline/1.3.0/sqlline-1.3.0.jar:/root/./workspace/apache/calcite/385984229/.m2/jline/jline/2.14.3/jline-2.14.3.jar:"/>
    <property name="sun.cpu.endian" value="little"/>
    <property name="user.home" value="/root"/>
    <property name="user.language" value="en"/>
    <property name="java.specification.vendor" value="Oracle Corporation"/>
    <property name="java.home" value="/usr/lib/jvm/java-8-openjdk-amd64/jre"/>
    <property name="basedir" value="/root/workspace/apache/calcite/385984229/core"/>
    <property name="file.separator" value="/"/>
    <property name="checkstyle.skip" value="true"/>
    <property name="line.separator" value="&#10;"/>
    <property name="skip.npm" value="true"/>
    <property name="java.vm.specification.vendor" value="Oracle Corporation"/>
    <property name="java.specification.name" value="Java Platform API Specification"/>
    <property name="java.awt.graphicsenv" value="sun.awt.X11GraphicsEnvironment"/>
    <property name="skipITs" value="true"/>
    <property name="surefire.real.class.path" value="/root/workspace/apache/calcite/385984229/core/target/surefire/surefirebooter2782016744587048665.jar"/>
    <property name="cobertura.skip" value="true"/>
    <property name="sun.boot.class.path" value="/usr/lib/jvm/java-8-openjdk-amd64/jre/lib/resources.jar:/usr/lib/jvm/java-8-openjdk-amd64/jre/lib/rt.jar:/usr/lib/jvm/java-8-openjdk-amd64/jre/lib/sunrsasign.jar:/usr/lib/jvm/java-8-openjdk-amd64/jre/lib/jsse.jar:/usr/lib/jvm/java-8-openjdk-amd64/jre/lib/jce.jar:/usr/lib/jvm/java-8-openjdk-amd64/jre/lib/charsets.jar:/usr/lib/jvm/java-8-openjdk-amd64/jre/lib/jfr.jar:/usr/lib/jvm/java-8-openjdk-amd64/jre/classes"/>
    <property name="sun.management.compiler" value="HotSpot 64-Bit Tiered Compilers"/>
    <property name="java.runtime.version" value="1.8.0_121-8u121-b13-1~bpo8+1-b13"/>
    <property name="user.name" value="root"/>
    <property name="findbugs.skip" value="true"/>
    <property name="path.separator" value=":"/>
    <property name="os.version" value="3.10.0-862.2.3.el7.x86_64"/>
    <property name="java.endorsed.dirs" value="/usr/lib/jvm/java-8-openjdk-amd64/jre/lib/endorsed"/>
    <property name="java.runtime.name" value="OpenJDK Runtime Environment"/>
    <property name="file.encoding" value="UTF-8"/>
    <property name="java.vm.name" value="OpenJDK 64-Bit Server VM"/>
    <property name="localRepository" value="/root/./workspace/apache/calcite/385984229/.m2"/>
    <property name="java.vendor.url.bug" value="http://bugreport.sun.com/bugreport/"/>
    <property name="java.io.tmpdir" value="/tmp"/>
    <property name="java.version" value="1.8.0_121"/>
    <property name="user.dir" value="/root/workspace/apache/calcite/385984229/core"/>
    <property name="os.arch" value="amd64"/>
    <property name="license.skip" value="true"/>
    <property name="java.vm.specification.name" value="Java Virtual Machine Specification"/>
    <property name="java.awt.printerjob" value="sun.print.PSPrinterJob"/>
    <property name="sun.os.patch.level" value="unknown"/>
    <property name="java.library.path" value="/usr/java/packages/lib/amd64:/usr/lib/x86_64-linux-gnu/jni:/lib/x86_64-linux-gnu:/usr/lib/x86_64-linux-gnu:/usr/lib/jni:/lib:/usr/lib"/>
    <property name="java.vm.info" value="mixed mode"/>
    <property name="java.vendor" value="Oracle Corporation"/>
    <property name="java.vm.version" value="25.121-b13"/>
    <property name="java.ext.dirs" value="/usr/lib/jvm/java-8-openjdk-amd64/jre/lib/ext:/usr/java/packages/lib/ext"/>
    <property name="sun.io.unicode.encoding" value="UnicodeLittle"/>
    <property name="maven.repo.local" value="/root/./workspace/apache/calcite/385984229/.m2"/>
    <property name="enforcer.skip" value="true"/>
    <property name="java.class.version" value="52.0"/>
  </properties>
  <testcase name="testIsNotDistinctFromOperator" classname="org.apache.calcite.test.CalciteSqlOperatorTest" time="1.424"/>
  <testcase name="testGreaterThanOperatorIntervals" classname="org.apache.calcite.test.CalciteSqlOperatorTest" time="1.41"/>
  <testcase name="testCastInvalid" classname="org.apache.calcite.test.CalciteSqlOperatorTest" time="0.133"/>
  <testcase name="testCastToExactNumeric" classname="org.apache.calcite.test.CalciteSqlOperatorTest" time="2.212"/>
  <testcase name="testTrimFunc" classname="org.apache.calcite.test.CalciteSqlOperatorTest" time="0.82"/>
  <testcase name="testLeastFunc" classname="org.apache.calcite.test.CalciteSqlOperatorTest" time="0.389"/>
  <testcase name="testRtrimFunc" classname="org.apache.calcite.test.CalciteSqlOperatorTest" time="0.318"/>
  <testcase name="testVarSampFunc" classname="org.apache.calcite.test.CalciteSqlOperatorTest" time="0.008"/>
  <testcase name="testPercentRankFunc" classname="org.apache.calcite.test.CalciteSqlOperatorTest" time="0"/>
  <testcase name="testTanFunc" classname="org.apache.calcite.test.CalciteSqlOperatorTest" time="0.534"/>
  <testcase name="testCharacterLengthFunc" classname="org.apache.calcite.test.CalciteSqlOperatorTest" time="0.24"/>
  <testcase name="testDecodeFunc" classname="org.apache.calcite.test.CalciteSqlOperatorTest" time="1.107"/>
  <testcase name="testPrefixPlusOperatorIntervals" classname="org.apache.calcite.test.CalciteSqlOperatorTest" time="0.468"/>
  <testcase name="testDayOfMonth" classname="org.apache.calcite.test.CalciteSqlOperatorTest" time="0.32"/>
  <testcase name="testMultiplyOperator" classname="org.apache.calcite.test.CalciteSqlOperatorTest" time="2.046"/>
  <testcase name="testPrefixMinusOperator" classname="org.apache.calcite.test.CalciteSqlOperatorTest" time="0.518"/>
  <testcase name="testPlusOperator" classname="org.apache.calcite.test.CalciteSqlOperatorTest" time="2.477"/>
  <testcase name="testRowNumberFunc" classname="org.apache.calcite.test.CalciteSqlOperatorTest" time="0"/>
  <testcase name="testIsNotFalseOperator" classname="org.apache.calcite.test.CalciteSqlOperatorTest" time="0.418"/>
  <testcase name="testPeriodOperators" classname="org.apache.calcite.test.CalciteSqlOperatorTest" time="43.925"/>
  <testcase name="testCeilFuncDateTime" classname="org.apache.calcite.test.CalciteSqlOperatorTest" time="1.987"/>
  <testcase name="testConvertFunc" classname="org.apache.calcite.test.CalciteSqlOperatorTest" time="0"/>
  <testcase name="testEqualsOperator" classname="org.apache.calcite.test.CalciteSqlOperatorTest" time="3.766"/>
  <testcase name="testTranslateFunc" classname="org.apache.calcite.test.CalciteSqlOperatorTest" time="0"/>
  <testcase name="testExpFunc" classname="org.apache.calcite.test.CalciteSqlOperatorTest" time="0.595"/>
  <testcase name="testExtractFuncFromDateTime" classname="org.apache.calcite.test.CalciteSqlOperatorTest" time="1.074"/>
  <testcase name="testStddevSampFunc" classname="org.apache.calcite.test.CalciteSqlOperatorTest" time="0.183"/>
  <testcase name="testTimestampAdd" classname="org.apache.calcite.test.CalciteSqlOperatorTest" time="3.337"/>
  <testcase name="testCastStringToDecimal" classname="org.apache.calcite.test.CalciteSqlOperatorTest" time="0"/>
  <testcase name="testRandIntegerFunc" classname="org.apache.calcite.test.CalciteSqlOperatorTest" time="18.056"/>
  <testcase name="testLocalTimeFunc" classname="org.apache.calcite.test.CalciteSqlOperatorTest" time="0.401"/>
  <testcase name="testEscapeOperator" classname="org.apache.calcite.test.CalciteSqlOperatorTest" time="0"/>
  <testcase name="testGreaterThanOrEqualOperator" classname="org.apache.calcite.test.CalciteSqlOperatorTest" time="3.143"/>
  <testcase name="testAbsFunc" classname="org.apache.calcite.test.CalciteSqlOperatorTest" time="2.191"/>
  <testcase name="testExplicitTableOperator" classname="org.apache.calcite.test.CalciteSqlOperatorTest" time="0"/>
  <testcase name="testInOperator" classname="org.apache.calcite.test.CalciteSqlOperatorTest" time="0.798"/>
  <testcase name="testCastApproxNumericLimits" classname="org.apache.calcite.test.CalciteSqlOperatorTest" time="0"/>
  <testcase name="testGreaterThanOrEqualOperatorIntervals" classname="org.apache.calcite.test.CalciteSqlOperatorTest" time="1.904"/>
  <testcase name="testRow" classname="org.apache.calcite.test.CalciteSqlOperatorTest" time="0"/>
  <testcase name="testOrOperator" classname="org.apache.calcite.test.CalciteSqlOperatorTest" time="0.61"/>
  <testcase name="testSessionUserFunc" classname="org.apache.calcite.test.CalciteSqlOperatorTest" time="0.061"/>
  <testcase name="testStddevFunc" classname="org.apache.calcite.test.CalciteSqlOperatorTest" time="0.646"/>
  <testcase name="testCovarSampFunc" classname="org.apache.calcite.test.CalciteSqlOperatorTest" time="0.003"/>
  <testcase name="testDummy" classname="org.apache.calcite.test.CalciteSqlOperatorTest" time="0"/>
  <testcase name="testMonth" classname="org.apache.calcite.test.CalciteSqlOperatorTest" time="0.555"/>
  <testcase name="testIsNotUnknownOperator" classname="org.apache.calcite.test.CalciteSqlOperatorTest" time="0.968"/>
  <testcase name="testCastIntervalToNumeric" classname="org.apache.calcite.test.CalciteSqlOperatorTest" time="1.461"/>
  <testcase name="testLocalTimestampFunc" classname="org.apache.calcite.test.CalciteSqlOperatorTest" time="1.267"/>
  <testcase name="testCase" classname="org.apache.calcite.test.CalciteSqlOperatorTest" time="4.293"/>
  <testcase name="testHour" classname="org.apache.calcite.test.CalciteSqlOperatorTest" time="0.378"/>
  <testcase name="testWeek" classname="org.apache.calcite.test.CalciteSqlOperatorTest" time="0.056"/>
  <testcase name="testYear" classname="org.apache.calcite.test.CalciteSqlOperatorTest" time="0.343"/>
  <testcase name="testAcosFunc" classname="org.apache.calcite.test.CalciteSqlOperatorTest" time="0.665"/>
  <testcase name="testOverlayFunc" classname="org.apache.calcite.test.CalciteSqlOperatorTest" time="2.393"/>
  <testcase name="testFloorFunc" classname="org.apache.calcite.test.CalciteSqlOperatorTest" time="1.673"/>
  <testcase name="testNullIfOperatorIntervals" classname="org.apache.calcite.test.CalciteSqlOperatorTest" time="0.679"/>
  <testcase name="testAvgFunc" classname="org.apache.calcite.test.CalciteSqlOperatorTest" time="0.006"/>
  <testcase name="testLessThanOrEqualOperatorInterval" classname="org.apache.calcite.test.CalciteSqlOperatorTest" time="2.36"/>
  <testcase name="testFloorFuncDateTime" classname="org.apache.calcite.test.CalciteSqlOperatorTest" time="1.38"/>
  <testcase name="testCurrentPathFunc" classname="org.apache.calcite.test.CalciteSqlOperatorTest" time="0.122"/>
  <testcase name="testLiteralBeyondLimit" classname="org.apache.calcite.test.CalciteSqlOperatorTest" time="0.059"/>
  <testcase name="testLiteralChain" classname="org.apache.calcite.test.CalciteSqlOperatorTest" time="1.354"/>
  <testcase name="testRandIntegerSeedFunc" classname="org.apache.calcite.test.CalciteSqlOperatorTest" time="0.372"/>
  <testcase name="testCastWithRoundingToScalar" classname="org.apache.calcite.test.CalciteSqlOperatorTest" time="0.329"/>
  <testcase name="testFirstValueFunc" classname="org.apache.calcite.test.CalciteSqlOperatorTest" time="0"/>
  <testcase name="testNotOperator" classname="org.apache.calcite.test.CalciteSqlOperatorTest" time="1.239"/>
  <testcase name="testExtractIntervalDayTime" classname="org.apache.calcite.test.CalciteSqlOperatorTest" time="0.774"/>
  <testcase name="testLastValueFunc" classname="org.apache.calcite.test.CalciteSqlOperatorTest" time="0"/>
  <testcase name="testAbsFuncIntervals" classname="org.apache.calcite.test.CalciteSqlOperatorTest" time="0.727"/>
  <testcase name="testCumeDistFunc" classname="org.apache.calcite.test.CalciteSqlOperatorTest" time="0"/>
  <testcase name="testLikeEscape2" classname="org.apache.calcite.test.CalciteSqlOperatorTest" time="0">
    <skipped message="[CALCITE-525] Exception-handling in built-in functions"/>
  </testcase>
  <testcase name="testBetween" classname="org.apache.calcite.test.CalciteSqlOperatorTest" time="5.807"/>
  <testcase name="testExistsOperator" classname="org.apache.calcite.test.CalciteSqlOperatorTest" time="0"/>
  <testcase name="testMinusDateOperator" classname="org.apache.calcite.test.CalciteSqlOperatorTest" time="2.082"/>
  <testcase name="testDegreesFunc" classname="org.apache.calcite.test.CalciteSqlOperatorTest" time="0.733"/>
  <testcase name="testOrOperatorLazy" classname="org.apache.calcite.test.CalciteSqlOperatorTest" time="0.611"/>
  <testcase name="testModOperatorDivByZero" classname="org.apache.calcite.test.CalciteSqlOperatorTest" time="0.001"/>
  <testcase name="testInitcapFunc" classname="org.apache.calcite.test.CalciteSqlOperatorTest" time="1.27"/>
  <testcase name="testCurrentDateFunc" classname="org.apache.calcite.test.CalciteSqlOperatorTest" time="3.328"/>
  <testcase name="testCharLengthFunc" classname="org.apache.calcite.test.CalciteSqlOperatorTest" time="0.468"/>
  <testcase name="testTimestampDiff" classname="org.apache.calcite.test.CalciteSqlOperatorTest" time="3.674"/>
  <testcase name="testGreatestFunc" classname="org.apache.calcite.test.CalciteSqlOperatorTest" time="0.823"/>
  <testcase name="testCeilFunc" classname="org.apache.calcite.test.CalciteSqlOperatorTest" time="1.48"/>
  <testcase name="testDenseRankFunc" classname="org.apache.calcite.test.CalciteSqlOperatorTest" time="0"/>
  <testcase name="testNullOperand" classname="org.apache.calcite.test.CalciteSqlOperatorTest" time="9.166"/>
  <testcase name="testCastToInterval" classname="org.apache.calcite.test.CalciteSqlOperatorTest" time="1.408"/>
  <testcase name="testReplaceFunc" classname="org.apache.calcite.test.CalciteSqlOperatorTest" time="0.977"/>
  <testcase name="testLikeDot" classname="org.apache.calcite.test.CalciteSqlOperatorTest" time="0.881"/>
  <testcase name="testVarFunc" classname="org.apache.calcite.test.CalciteSqlOperatorTest" time="0.003"/>
  <testcase name="testSqrtFunc" classname="org.apache.calcite.test.CalciteSqlOperatorTest" time="1.086"/>
  <testcase name="testLessThanOrEqualOperator" classname="org.apache.calcite.test.CalciteSqlOperatorTest" time="5.148"/>
  <testcase name="testModOperator" classname="org.apache.calcite.test.CalciteSqlOperatorTest" time="1.719"/>
  <testcase name="testCastExactNumericLimits" classname="org.apache.calcite.test.CalciteSqlOperatorTest" time="22.725"/>
  <testcase name="testDatePlusInterval" classname="org.apache.calcite.test.CalciteSqlOperatorTest" time="0.494"/>
  <testcase name="testDayOfWeek" classname="org.apache.calcite.test.CalciteSqlOperatorTest" time="0.001"/>
  <testcase name="testDayOfYear" classname="org.apache.calcite.test.CalciteSqlOperatorTest" time="0.001"/>
  <testcase name="testCastDateTime" classname="org.apache.calcite.test.CalciteSqlOperatorTest" time="3.672"/>
  <testcase name="testLogFunc" classname="org.apache.calcite.test.CalciteSqlOperatorTest" time="1.475"/>
  <testcase name="testModPrecedence" classname="org.apache.calcite.test.CalciteSqlOperatorTest" time="0.441"/>
  <testcase name="testNotInOperator" classname="org.apache.calcite.test.CalciteSqlOperatorTest" time="0.448"/>
  <testcase name="testCurrentTimeFunc" classname="org.apache.calcite.test.CalciteSqlOperatorTest" time="1.251"/>
  <testcase name="testConcatOperator" classname="org.apache.calcite.test.CalciteSqlOperatorTest" time="2.854"/>
  <testcase name="testElementFunc" classname="org.apache.calcite.test.CalciteSqlOperatorTest" time="0"/>
  <testcase name="testCastTruncates" classname="org.apache.calcite.test.CalciteSqlOperatorTest" time="2.001"/>
  <testcase name="testModFuncDivByZero" classname="org.apache.calcite.test.CalciteSqlOperatorTest" time="0.001"/>
  <testcase name="testAsinFunc" classname="org.apache.calcite.test.CalciteSqlOperatorTest" time="0.86"/>
  <testcase name="testLowerFunc" classname="org.apache.calcite.test.CalciteSqlOperatorTest" time="1.723"/>
  <testcase name="testRadiansFunc" classname="org.apache.calcite.test.CalciteSqlOperatorTest" time="1.362"/>
  <testcase name="testAndOperator" classname="org.apache.calcite.test.CalciteSqlOperatorTest" time="1.753"/>
  <testcase name="testCardinalityFunc" classname="org.apache.calcite.test.CalciteSqlOperatorTest" time="0"/>
  <testcase name="testLikeOperator" classname="org.apache.calcite.test.CalciteSqlOperatorTest" time="4.7"/>
  <testcase name="testFusionFunc" classname="org.apache.calcite.test.CalciteSqlOperatorTest" time="0"/>
  <testcase name="testLessThanOperatorInterval" classname="org.apache.calcite.test.CalciteSqlOperatorTest" time="0"/>
  <testcase name="testLtrimFunc" classname="org.apache.calcite.test.CalciteSqlOperatorTest" time="0.654"/>
  <testcase name="testQuarter" classname="org.apache.calcite.test.CalciteSqlOperatorTest" time="3.277"/>
  <testcase name="testLiteralAtLimit" classname="org.apache.calcite.test.CalciteSqlOperatorTest" time="0.001"/>
  <testcase name="testSqlOperatorOverloading" classname="org.apache.calcite.test.CalciteSqlOperatorTest" time="0"/>
  <testcase name="testCastDecimalToDoubleToInteger" classname="org.apache.calcite.test.CalciteSqlOperatorTest" time="0.425"/>
  <testcase name="testExtractTimestamp" classname="org.apache.calcite.test.CalciteSqlOperatorTest" time="3.261"/>
  <testcase name="testUserFunc" classname="org.apache.calcite.test.CalciteSqlOperatorTest" time="0.343"/>
  <testcase name="testMaxFunc" classname="org.apache.calcite.test.CalciteSqlOperatorTest" time="0.017"/>
  <testcase name="testCovarPopFunc" classname="org.apache.calcite.test.CalciteSqlOperatorTest" time="0.005"/>
  <testcase name="testApproxCountDistinctFunc" classname="org.apache.calcite.test.CalciteSqlOperatorTest" time="1.437"/>
  <testcase name="testMapValueConstructor" classname="org.apache.calcite.test.CalciteSqlOperatorTest" time="0.224"/>
  <testcase name="testPrefixPlusOperator" classname="org.apache.calcite.test.CalciteSqlOperatorTest" time="0.885"/>
  <testcase name="testCosFunc" classname="org.apache.calcite.test.CalciteSqlOperatorTest" time="0.991"/>
  <testcase name="testCotFunc" classname="org.apache.calcite.test.CalciteSqlOperatorTest" time="0.987"/>
  <testcase name="testIsNotTrueOperator" classname="org.apache.calcite.test.CalciteSqlOperatorTest" time="0.64"/>
  <testcase name="testRoundFunc" classname="org.apache.calcite.test.CalciteSqlOperatorTest" time="2.246"/>
  <testcase name="testPrefixMinusOperatorIntervals" classname="org.apache.calcite.test.CalciteSqlOperatorTest" time="0.616"/>
  <testcase name="testCastToString" classname="org.apache.calcite.test.CalciteSqlOperatorTest" time="26.081"/>
  <testcase name="testMinFunc" classname="org.apache.calcite.test.CalciteSqlOperatorTest" time="0.004"/>
  <testcase name="testLessThanOperator" classname="org.apache.calcite.test.CalciteSqlOperatorTest" time="4.049"/>
  <testcase name="testAtanFunc" classname="org.apache.calcite.test.CalciteSqlOperatorTest" time="0.584"/>
  <testcase name="testVarPopFunc" classname="org.apache.calcite.test.CalciteSqlOperatorTest" time="0.026"/>
  <testcase name="testCaseNull" classname="org.apache.calcite.test.CalciteSqlOperatorTest" time="0.408"/>
  <testcase name="testCaseType" classname="org.apache.calcite.test.CalciteSqlOperatorTest" time="0.006"/>
  <testcase name="testCastNull" classname="org.apache.calcite.test.CalciteSqlOperatorTest" time="2.43"/>
  <testcase name="testIsNotNullOperator" classname="org.apache.calcite.test.CalciteSqlOperatorTest" time="0.3"/>
  <testcase name="testNotSimilarToOperator" classname="org.apache.calcite.test.CalciteSqlOperatorTest" time="1.85"/>
  <testcase name="testIsASetOperator" classname="org.apache.calcite.test.CalciteSqlOperatorTest" time="0"/>
  <testcase name="testCurrentCatalogFunc" classname="org.apache.calcite.test.CalciteSqlOperatorTest" time="0.337"/>
  <testcase name="testSubstringFunction" classname="org.apache.calcite.test.CalciteSqlOperatorTest" time="1.252"/>
  <testcase name="testNotEqualsOperatorIntervals" classname="org.apache.calcite.test.CalciteSqlOperatorTest" time="1.318"/>
  <testcase name="testModFunc" classname="org.apache.calcite.test.CalciteSqlOperatorTest" time="1.345"/>
  <testcase name="testAtan2Func" classname="org.apache.calcite.test.CalciteSqlOperatorTest" time="0.764"/>
  <testcase name="testDivideOperator" classname="org.apache.calcite.test.CalciteSqlOperatorTest" time="1.709"/>
  <testcase name="testUpperFunc" classname="org.apache.calcite.test.CalciteSqlOperatorTest" time="0.925"/>
  <testcase name="testRandSeedFunc" classname="org.apache.calcite.test.CalciteSqlOperatorTest" time="0.463"/>
  <testcase name="testMultiplyIntervals" classname="org.apache.calcite.test.CalciteSqlOperatorTest" time="0.78"/>
  <testcase name="testRandFunc" classname="org.apache.calcite.test.CalciteSqlOperatorTest" time="16.145"/>
  <testcase name="testRankFunc" classname="org.apache.calcite.test.CalciteSqlOperatorTest" time="0"/>
  <testcase name="testArgumentBounds" classname="org.apache.calcite.test.CalciteSqlOperatorTest" time="0"/>
  <testcase name="testCastToApproxNumeric" classname="org.apache.calcite.test.CalciteSqlOperatorTest" time="1.434"/>
  <testcase name="testSignFunc" classname="org.apache.calcite.test.CalciteSqlOperatorTest" time="0.925"/>
  <testcase name="testAndOperatorLazy" classname="org.apache.calcite.test.CalciteSqlOperatorTest" time="0.115"/>
  <testcase name="testPositionFunc" classname="org.apache.calcite.test.CalciteSqlOperatorTest" time="3.899"/>
  <testcase name="testDivideOperatorIntervals" classname="org.apache.calcite.test.CalciteSqlOperatorTest" time="1.031"/>
  <testcase name="testCastIntervalToInterval" classname="org.apache.calcite.test.CalciteSqlOperatorTest" time="0.891"/>
  <testcase name="testCastToBoolean" classname="org.apache.calcite.test.CalciteSqlOperatorTest" time="1.742"/>
  <testcase name="testExtractDate" classname="org.apache.calcite.test.CalciteSqlOperatorTest" time="4.161"/>
  <testcase name="testExtractFunc" classname="org.apache.calcite.test.CalciteSqlOperatorTest" time="1.094"/>
  <testcase name="testPlusIntervalOperator" classname="org.apache.calcite.test.CalciteSqlOperatorTest" time="3.309"/>
  <testcase name="testCollectFunc" classname="org.apache.calcite.test.CalciteSqlOperatorTest" time="0.176"/>
  <testcase name="testMinusOperator" classname="org.apache.calcite.test.CalciteSqlOperatorTest" time="2.076"/>
  <testcase name="testCurrentTimestampFunc" classname="org.apache.calcite.test.CalciteSqlOperatorTest" time="1.146"/>
  <testcase name="testSystemUserFunc" classname="org.apache.calcite.test.CalciteSqlOperatorTest" time="0.116"/>
  <testcase name="testMinusIntervalOperator" classname="org.apache.calcite.test.CalciteSqlOperatorTest" time="3.895"/>
  <testcase name="testNotEqualsOperator" classname="org.apache.calcite.test.CalciteSqlOperatorTest" time="1.333"/>
  <testcase name="testCeilFuncInterval" classname="org.apache.calcite.test.CalciteSqlOperatorTest" time="0"/>
  <testcase name="testSimilarToOperator" classname="org.apache.calcite.test.CalciteSqlOperatorTest" time="15.82"/>
  <testcase name="testEqualsOperatorInterval" classname="org.apache.calcite.test.CalciteSqlOperatorTest" time="0.924"/>
  <testcase name="testCoalesceFunc" classname="org.apache.calcite.test.CalciteSqlOperatorTest" time="0.364"/>
  <testcase name="testArrayValueConstructor" classname="org.apache.calcite.test.CalciteSqlOperatorTest" time="0.286"/>
  <testcase name="testStddevPopFunc" classname="org.apache.calcite.test.CalciteSqlOperatorTest" time="0.427"/>
  <testcase name="testItemOp" classname="org.apache.calcite.test.CalciteSqlOperatorTest" time="2.128"/>
  <testcase name="testModOperatorNull" classname="org.apache.calcite.test.CalciteSqlOperatorTest" time="0.345"/>
  <testcase name="testJdbcFn" classname="org.apache.calcite.test.CalciteSqlOperatorTest" time="8.669"/>
  <testcase name="testOverlapsOperator" classname="org.apache.calcite.test.CalciteSqlOperatorTest" time="2.6"/>
  <testcase name="testCastStringToDateTime" classname="org.apache.calcite.test.CalciteSqlOperatorTest" time="5.84"/>
  <testcase name="testPowerFunc" classname="org.apache.calcite.test.CalciteSqlOperatorTest" time="0.369"/>
  <testcase name="testLnFunc" classname="org.apache.calcite.test.CalciteSqlOperatorTest" time="0.276"/>
  <testcase name="testIsFalseOperator" classname="org.apache.calcite.test.CalciteSqlOperatorTest" time="0.316"/>
  <testcase name="testMinute" classname="org.apache.calcite.test.CalciteSqlOperatorTest" time="0.255"/>
  <testcase name="testIsTrueOperator" classname="org.apache.calcite.test.CalciteSqlOperatorTest" time="0.445"/>
  <testcase name="testValuesOperator" classname="org.apache.calcite.test.CalciteSqlOperatorTest" time="0.06"/>
  <testcase name="testPiFunc" classname="org.apache.calcite.test.CalciteSqlOperatorTest" time="0.244"/>
  <testcase name="testIsNullOperator" classname="org.apache.calcite.test.CalciteSqlOperatorTest" time="0.264"/>
  <testcase name="testSinFunc" classname="org.apache.calcite.test.CalciteSqlOperatorTest" time="1.103"/>
  <testcase name="testTruncateFunc" classname="org.apache.calcite.test.CalciteSqlOperatorTest" time="2.159"/>
  <testcase name="testSecond" classname="org.apache.calcite.test.CalciteSqlOperatorTest" time="0.838"/>
  <testcase name="testSelect" classname="org.apache.calcite.test.CalciteSqlOperatorTest" time="0.635"/>
  <testcase name="testGreaterThanOperator" classname="org.apache.calcite.test.CalciteSqlOperatorTest" time="2.981"/>
  <testcase name="testAndOperator2" classname="org.apache.calcite.test.CalciteSqlOperatorTest" time="0.198"/>
  <testcase name="testModFuncNull" classname="org.apache.calcite.test.CalciteSqlOperatorTest" time="0.142"/>
  <testcase name="testRegrSxxFunc" classname="org.apache.calcite.test.CalciteSqlOperatorTest" time="0.009"/>
  <testcase name="testCurrentRoleFunc" classname="org.apache.calcite.test.CalciteSqlOperatorTest" time="0.086"/>
  <testcase name="testCurrentUserFunc" classname="org.apache.calcite.test.CalciteSqlOperatorTest" time="0.083"/>
  <testcase name="testMemberOfOperator" classname="org.apache.calcite.test.CalciteSqlOperatorTest" time="0"/>
  <testcase name="testWindow" classname="org.apache.calcite.test.CalciteSqlOperatorTest" time="0"/>
  <testcase name="testRegrSyyFunc" classname="org.apache.calcite.test.CalciteSqlOperatorTest" time="0.003"/>
  <testcase name="testNullifFunc" classname="org.apache.calcite.test.CalciteSqlOperatorTest" time="1.979"/>
  <testcase name="testNotLikeOperator" classname="org.apache.calcite.test.CalciteSqlOperatorTest" time="0.482"/>
  <testcase name="testExtractIntervalYearMonth" classname="org.apache.calcite.test.CalciteSqlOperatorTest" time="0.78"/>
  <testcase name="testPlusOperatorAny" classname="org.apache.calcite.test.CalciteSqlOperatorTest" time="0.147"/>
  <testcase name="testNvlFunc" classname="org.apache.calcite.test.CalciteSqlOperatorTest" time="0.999"/>
  <testcase name="testTranslate3Func" classname="org.apache.calcite.test.CalciteSqlOperatorTest" time="1.096"/>
  <testcase name="testCountFunc" classname="org.apache.calcite.test.CalciteSqlOperatorTest" time="1.069"/>
  <testcase name="testSumFunc" classname="org.apache.calcite.test.CalciteSqlOperatorTest" time="0.214"/>
  <testcase name="testIsDistinctFromOperator" classname="org.apache.calcite.test.CalciteSqlOperatorTest" time="1.813"/>
  <testcase name="testLikeEscape" classname="org.apache.calcite.test.CalciteSqlOperatorTest" time="1.13"/>
  <testcase name="testDescendingOperator" classname="org.apache.calcite.test.CalciteSqlOperatorTest" time="0"/>
  <testcase name="testFloorFuncInterval" classname="org.apache.calcite.test.CalciteSqlOperatorTest" time="0"/>
  <testcase name="testIsUnknownOperator" classname="org.apache.calcite.test.CalciteSqlOperatorTest" time="0.381"/>
  <testcase name="testNotBetween" classname="org.apache.calcite.test.CalciteSqlOperatorTest" time="1.042"/>
</testsuite>