<?xml version="1.0" encoding="UTF-8"?>
<testsuite xmlns:xsi="http://www.w3.org/2001/XMLSchema-instance" xsi:noNamespaceSchemaLocation="https://maven.apache.org/surefire/maven-surefire-plugin/xsd/surefire-test-report.xsd" name="org.apache.calcite.test.SqlToRelConverterExtendedTest" time="84.759" tests="332" errors="0" skipped="4" failures="0">
  <properties>
    <property name="awt.toolkit" value="sun.awt.X11.XToolkit"/>
    <property name="hsqldb.reconfig_logging" value="false"/>
    <property name="file.encoding.pkg" value="sun.io"/>
    <property name="java.specification.version" value="1.8"/>
    <property name="sun.cpu.isalist" value=""/>
    <property name="sun.jnu.encoding" value="UTF-8"/>
    <property name="java.class.path" value="/root/workspace/apache/calcite/386209091/core/target/test-classes:/root/workspace/apache/calcite/386209091/core/target/classes:/root/./workspace/apache/calcite/386209091/.m2/org/apache/calcite/avatica/avatica-core/1.11.0/avatica-core-1.11.0.jar:/root/./workspace/apache/calcite/386209091/.m2/org/apache/calcite/avatica/avatica-metrics/1.11.0/avatica-metrics-1.11.0.jar:/root/./workspace/apache/calcite/386209091/.m2/com/google/protobuf/protobuf-java/3.3.0/protobuf-java-3.3.0.jar:/root/./workspace/apache/calcite/386209091/.m2/org/apache/httpcomponents/httpclient/4.5.2/httpclient-4.5.2.jar:/root/./workspace/apache/calcite/386209091/.m2/commons-codec/commons-codec/1.9/commons-codec-1.9.jar:/root/./workspace/apache/calcite/386209091/.m2/org/apache/httpcomponents/httpcore/4.4.4/httpcore-4.4.4.jar:/root/workspace/apache/calcite/386209091/linq4j/target/classes:/root/./workspace/apache/calcite/386209091/.m2/org/apache/calcite/avatica/avatica-server/1.11.0/avatica-server-1.11.0.jar:/root/./workspace/apache/calcite/386209091/.m2/javax/servlet/javax.servlet-api/3.0.1/javax.servlet-api-3.0.1.jar:/root/./workspace/apache/calcite/386209091/.m2/org/eclipse/jetty/jetty-http/9.2.19.v20160908/jetty-http-9.2.19.v20160908.jar:/root/./workspace/apache/calcite/386209091/.m2/org/eclipse/jetty/jetty-security/9.2.19.v20160908/jetty-security-9.2.19.v20160908.jar:/root/./workspace/apache/calcite/386209091/.m2/org/eclipse/jetty/jetty-server/9.2.19.v20160908/jetty-server-9.2.19.v20160908.jar:/root/./workspace/apache/calcite/386209091/.m2/org/eclipse/jetty/jetty-io/9.2.19.v20160908/jetty-io-9.2.19.v20160908.jar:/root/./workspace/apache/calcite/386209091/.m2/org/eclipse/jetty/jetty-util/9.2.19.v20160908/jetty-util-9.2.19.v20160908.jar:/root/./workspace/apache/calcite/386209091/.m2/commons-dbcp/commons-dbcp/1.4/commons-dbcp-1.4.jar:/root/./workspace/apache/calcite/386209091/.m2/commons-pool/commons-pool/1.5.4/commons-pool-1.5.4.jar:/root/./workspace/apache/calcite/386209091/.m2/org/apache/commons/commons-lang3/3.2/commons-lang3-3.2.jar:/root/./workspace/apache/calcite/386209091/.m2/com/esri/geometry/esri-geometry-api/2.0.0/esri-geometry-api-2.0.0.jar:/root/./workspace/apache/calcite/386209091/.m2/com/fasterxml/jackson/core/jackson-core/2.9.4/jackson-core-2.9.4.jar:/root/./workspace/apache/calcite/386209091/.m2/com/fasterxml/jackson/core/jackson-annotations/2.9.4/jackson-annotations-2.9.4.jar:/root/./workspace/apache/calcite/386209091/.m2/com/fasterxml/jackson/core/jackson-databind/2.9.4/jackson-databind-2.9.4.jar:/root/./workspace/apache/calcite/386209091/.m2/com/google/code/findbugs/jsr305/3.0.1/jsr305-3.0.1.jar:/root/./workspace/apache/calcite/386209091/.m2/com/google/guava/guava/19.0/guava-19.0.jar:/root/./workspace/apache/calcite/386209091/.m2/com/h2database/h2/1.4.185/h2-1.4.185.jar:/root/./workspace/apache/calcite/386209091/.m2/com/yahoo/datasketches/sketches-core/0.9.0/sketches-core-0.9.0.jar:/root/./workspace/apache/calcite/386209091/.m2/com/yahoo/datasketches/memory/0.9.0/memory-0.9.0.jar:/root/./workspace/apache/calcite/386209091/.m2/junit/junit/4.12/junit-4.12.jar:/root/./workspace/apache/calcite/386209091/.m2/mysql/mysql-connector-java/5.1.20/mysql-connector-java-5.1.20.jar:/root/./workspace/apache/calcite/386209091/.m2/net/hydromatic/aggdesigner-algorithm/6.0/aggdesigner-algorithm-6.0.jar:/root/./workspace/apache/calcite/386209091/.m2/commons-lang/commons-lang/2.4/commons-lang-2.4.jar:/root/./workspace/apache/calcite/386209091/.m2/commons-logging/commons-logging/1.1.3/commons-logging-1.1.3.jar:/root/./workspace/apache/calcite/386209091/.m2/net/hydromatic/foodmart-data-hsqldb/0.3/foodmart-data-hsqldb-0.3.jar:/root/./workspace/apache/calcite/386209091/.m2/net/hydromatic/foodmart-queries/0.4.1/foodmart-queries-0.4.1.jar:/root/./workspace/apache/calcite/386209091/.m2/net/hydromatic/quidem/0.8/quidem-0.8.jar:/root/./workspace/apache/calcite/386209091/.m2/net/hydromatic/scott-data-hsqldb/0.1/scott-data-hsqldb-0.1.jar:/root/./workspace/apache/calcite/386209091/.m2/org/codehaus/janino/janino/2.7.6/janino-2.7.6.jar:/root/./workspace/apache/calcite/386209091/.m2/org/codehaus/janino/commons-compiler/2.7.6/commons-compiler-2.7.6.jar:/root/./workspace/apache/calcite/386209091/.m2/org/hsqldb/hsqldb/2.4.0/hsqldb-2.4.0.jar:/root/./workspace/apache/calcite/386209091/.m2/org/incava/java-diff/1.1.1/java-diff-1.1.1.jar:/root/./workspace/apache/calcite/386209091/.m2/org/hamcrest/hamcrest-core/1.3/hamcrest-core-1.3.jar:/root/./workspace/apache/calcite/386209091/.m2/org/postgresql/postgresql/9.3-1102-jdbc3/postgresql-9.3-1102-jdbc3.jar:/root/./workspace/apache/calcite/386209091/.m2/org/slf4j/slf4j-api/1.7.13/slf4j-api-1.7.13.jar:/root/./workspace/apache/calcite/386209091/.m2/org/slf4j/slf4j-log4j12/1.7.13/slf4j-log4j12-1.7.13.jar:/root/./workspace/apache/calcite/386209091/.m2/log4j/log4j/1.2.17/log4j-1.2.17.jar:/root/./workspace/apache/calcite/386209091/.m2/sqlline/sqlline/1.3.0/sqlline-1.3.0.jar:/root/./workspace/apache/calcite/386209091/.m2/jline/jline/2.14.3/jline-2.14.3.jar:"/>
    <property name="java.vm.vendor" value="Oracle Corporation"/>
    <property name="skip.bower" value="true"/>
    <property name="sun.arch.data.model" value="64"/>
    <property name="java.vendor.url" value="http://java.oracle.com/"/>
    <property name="user.timezone" value="Europe/Paris"/>
    <property name="java.vm.specification.version" value="1.8"/>
    <property name="os.name" value="Linux"/>
    <property name="rat.skip" value="true"/>
    <property name="gpg.skip" value="true"/>
    <property name="sun.java.launcher" value="SUN_STANDARD"/>
    <property name="sun.boot.library.path" value="/usr/lib/jvm/java-8-openjdk-amd64/jre/lib/amd64"/>
    <property name="skip.gulp" value="true"/>
    <property name="sun.java.command" value="/root/workspace/apache/calcite/386209091/core/target/surefire/surefirebooter1052492846064607863.jar /root/workspace/apache/calcite/386209091/core/target/surefire 2018-05-31T17-01-39_644-jvmRun1 surefire290119410908603678tmp surefire_13866106014220440718tmp"/>
    <property name="dependency-check.skip" value="true"/>
    <property name="surefire.test.class.path" value="/root/workspace/apache/calcite/386209091/core/target/test-classes:/root/workspace/apache/calcite/386209091/core/target/classes:/root/./workspace/apache/calcite/386209091/.m2/org/apache/calcite/avatica/avatica-core/1.11.0/avatica-core-1.11.0.jar:/root/./workspace/apache/calcite/386209091/.m2/org/apache/calcite/avatica/avatica-metrics/1.11.0/avatica-metrics-1.11.0.jar:/root/./workspace/apache/calcite/386209091/.m2/com/google/protobuf/protobuf-java/3.3.0/protobuf-java-3.3.0.jar:/root/./workspace/apache/calcite/386209091/.m2/org/apache/httpcomponents/httpclient/4.5.2/httpclient-4.5.2.jar:/root/./workspace/apache/calcite/386209091/.m2/commons-codec/commons-codec/1.9/commons-codec-1.9.jar:/root/./workspace/apache/calcite/386209091/.m2/org/apache/httpcomponents/httpcore/4.4.4/httpcore-4.4.4.jar:/root/workspace/apache/calcite/386209091/linq4j/target/classes:/root/./workspace/apache/calcite/386209091/.m2/org/apache/calcite/avatica/avatica-server/1.11.0/avatica-server-1.11.0.jar:/root/./workspace/apache/calcite/386209091/.m2/javax/servlet/javax.servlet-api/3.0.1/javax.servlet-api-3.0.1.jar:/root/./workspace/apache/calcite/386209091/.m2/org/eclipse/jetty/jetty-http/9.2.19.v20160908/jetty-http-9.2.19.v20160908.jar:/root/./workspace/apache/calcite/386209091/.m2/org/eclipse/jetty/jetty-security/9.2.19.v20160908/jetty-security-9.2.19.v20160908.jar:/root/./workspace/apache/calcite/386209091/.m2/org/eclipse/jetty/jetty-server/9.2.19.v20160908/jetty-server-9.2.19.v20160908.jar:/root/./workspace/apache/calcite/386209091/.m2/org/eclipse/jetty/jetty-io/9.2.19.v20160908/jetty-io-9.2.19.v20160908.jar:/root/./workspace/apache/calcite/386209091/.m2/org/eclipse/jetty/jetty-util/9.2.19.v20160908/jetty-util-9.2.19.v20160908.jar:/root/./workspace/apache/calcite/386209091/.m2/commons-dbcp/commons-dbcp/1.4/commons-dbcp-1.4.jar:/root/./workspace/apache/calcite/386209091/.m2/commons-pool/commons-pool/1.5.4/commons-pool-1.5.4.jar:/root/./workspace/apache/calcite/386209091/.m2/org/apache/commons/commons-lang3/3.2/commons-lang3-3.2.jar:/root/./workspace/apache/calcite/386209091/.m2/com/esri/geometry/esri-geometry-api/2.0.0/esri-geometry-api-2.0.0.jar:/root/./workspace/apache/calcite/386209091/.m2/com/fasterxml/jackson/core/jackson-core/2.9.4/jackson-core-2.9.4.jar:/root/./workspace/apache/calcite/386209091/.m2/com/fasterxml/jackson/core/jackson-annotations/2.9.4/jackson-annotations-2.9.4.jar:/root/./workspace/apache/calcite/386209091/.m2/com/fasterxml/jackson/core/jackson-databind/2.9.4/jackson-databind-2.9.4.jar:/root/./workspace/apache/calcite/386209091/.m2/com/google/code/findbugs/jsr305/3.0.1/jsr305-3.0.1.jar:/root/./workspace/apache/calcite/386209091/.m2/com/google/guava/guava/19.0/guava-19.0.jar:/root/./workspace/apache/calcite/386209091/.m2/com/h2database/h2/1.4.185/h2-1.4.185.jar:/root/./workspace/apache/calcite/386209091/.m2/com/yahoo/datasketches/sketches-core/0.9.0/sketches-core-0.9.0.jar:/root/./workspace/apache/calcite/386209091/.m2/com/yahoo/datasketches/memory/0.9.0/memory-0.9.0.jar:/root/./workspace/apache/calcite/386209091/.m2/junit/junit/4.12/junit-4.12.jar:/root/./workspace/apache/calcite/386209091/.m2/mysql/mysql-connector-java/5.1.20/mysql-connector-java-5.1.20.jar:/root/./workspace/apache/calcite/386209091/.m2/net/hydromatic/aggdesigner-algorithm/6.0/aggdesigner-algorithm-6.0.jar:/root/./workspace/apache/calcite/386209091/.m2/commons-lang/commons-lang/2.4/commons-lang-2.4.jar:/root/./workspace/apache/calcite/386209091/.m2/commons-logging/commons-logging/1.1.3/commons-logging-1.1.3.jar:/root/./workspace/apache/calcite/386209091/.m2/net/hydromatic/foodmart-data-hsqldb/0.3/foodmart-data-hsqldb-0.3.jar:/root/./workspace/apache/calcite/386209091/.m2/net/hydromatic/foodmart-queries/0.4.1/foodmart-queries-0.4.1.jar:/root/./workspace/apache/calcite/386209091/.m2/net/hydromatic/quidem/0.8/quidem-0.8.jar:/root/./workspace/apache/calcite/386209091/.m2/net/hydromatic/scott-data-hsqldb/0.1/scott-data-hsqldb-0.1.jar:/root/./workspace/apache/calcite/386209091/.m2/org/codehaus/janino/janino/2.7.6/janino-2.7.6.jar:/root/./workspace/apache/calcite/386209091/.m2/org/codehaus/janino/commons-compiler/2.7.6/commons-compiler-2.7.6.jar:/root/./workspace/apache/calcite/386209091/.m2/org/hsqldb/hsqldb/2.4.0/hsqldb-2.4.0.jar:/root/./workspace/apache/calcite/386209091/.m2/org/incava/java-diff/1.1.1/java-diff-1.1.1.jar:/root/./workspace/apache/calcite/386209091/.m2/org/hamcrest/hamcrest-core/1.3/hamcrest-core-1.3.jar:/root/./workspace/apache/calcite/386209091/.m2/org/postgresql/postgresql/9.3-1102-jdbc3/postgresql-9.3-1102-jdbc3.jar:/root/./workspace/apache/calcite/386209091/.m2/org/slf4j/slf4j-api/1.7.13/slf4j-api-1.7.13.jar:/root/./workspace/apache/calcite/386209091/.m2/org/slf4j/slf4j-log4j12/1.7.13/slf4j-log4j12-1.7.13.jar:/root/./workspace/apache/calcite/386209091/.m2/log4j/log4j/1.2.17/log4j-1.2.17.jar:/root/./workspace/apache/calcite/386209091/.m2/sqlline/sqlline/1.3.0/sqlline-1.3.0.jar:/root/./workspace/apache/calcite/386209091/.m2/jline/jline/2.14.3/jline-2.14.3.jar:"/>
    <property name="sun.cpu.endian" value="little"/>
    <property name="user.home" value="/root"/>
    <property name="user.language" value="en"/>
    <property name="java.specification.vendor" value="Oracle Corporation"/>
    <property name="java.home" value="/usr/lib/jvm/java-8-openjdk-amd64/jre"/>
    <property name="basedir" value="/root/workspace/apache/calcite/386209091/core"/>
    <property name="file.separator" value="/"/>
    <property name="checkstyle.skip" value="true"/>
    <property name="line.separator" value="&#10;"/>
    <property name="skip.npm" value="true"/>
    <property name="java.vm.specification.vendor" value="Oracle Corporation"/>
    <property name="java.specification.name" value="Java Platform API Specification"/>
    <property name="java.awt.graphicsenv" value="sun.awt.X11GraphicsEnvironment"/>
    <property name="skipITs" value="true"/>
    <property name="surefire.real.class.path" value="/root/workspace/apache/calcite/386209091/core/target/surefire/surefirebooter1052492846064607863.jar"/>
    <property name="cobertura.skip" value="true"/>
    <property name="sun.boot.class.path" value="/usr/lib/jvm/java-8-openjdk-amd64/jre/lib/resources.jar:/usr/lib/jvm/java-8-openjdk-amd64/jre/lib/rt.jar:/usr/lib/jvm/java-8-openjdk-amd64/jre/lib/sunrsasign.jar:/usr/lib/jvm/java-8-openjdk-amd64/jre/lib/jsse.jar:/usr/lib/jvm/java-8-openjdk-amd64/jre/lib/jce.jar:/usr/lib/jvm/java-8-openjdk-amd64/jre/lib/charsets.jar:/usr/lib/jvm/java-8-openjdk-amd64/jre/lib/jfr.jar:/usr/lib/jvm/java-8-openjdk-amd64/jre/classes"/>
    <property name="sun.management.compiler" value="HotSpot 64-Bit Tiered Compilers"/>
    <property name="java.runtime.version" value="1.8.0_121-8u121-b13-1~bpo8+1-b13"/>
    <property name="user.name" value="root"/>
    <property name="findbugs.skip" value="true"/>
    <property name="path.separator" value=":"/>
    <property name="os.version" value="3.10.0-862.2.3.el7.x86_64"/>
    <property name="java.endorsed.dirs" value="/usr/lib/jvm/java-8-openjdk-amd64/jre/lib/endorsed"/>
    <property name="java.runtime.name" value="OpenJDK Runtime Environment"/>
    <property name="file.encoding" value="UTF-8"/>
    <property name="java.vm.name" value="OpenJDK 64-Bit Server VM"/>
    <property name="localRepository" value="/root/./workspace/apache/calcite/386209091/.m2"/>
    <property name="java.vendor.url.bug" value="http://bugreport.sun.com/bugreport/"/>
    <property name="java.io.tmpdir" value="/tmp"/>
    <property name="java.version" value="1.8.0_121"/>
    <property name="user.dir" value="/root/workspace/apache/calcite/386209091/core"/>
    <property name="os.arch" value="amd64"/>
    <property name="license.skip" value="true"/>
    <property name="java.vm.specification.name" value="Java Virtual Machine Specification"/>
    <property name="java.awt.printerjob" value="sun.print.PSPrinterJob"/>
    <property name="sun.os.patch.level" value="unknown"/>
    <property name="java.library.path" value="/usr/java/packages/lib/amd64:/usr/lib/x86_64-linux-gnu/jni:/lib/x86_64-linux-gnu:/usr/lib/x86_64-linux-gnu:/usr/lib/jni:/lib:/usr/lib"/>
    <property name="java.vm.info" value="mixed mode"/>
    <property name="java.vendor" value="Oracle Corporation"/>
    <property name="java.vm.version" value="25.121-b13"/>
    <property name="java.ext.dirs" value="/usr/lib/jvm/java-8-openjdk-amd64/jre/lib/ext:/usr/java/packages/lib/ext"/>
    <property name="sun.io.unicode.encoding" value="UnicodeLittle"/>
    <property name="maven.repo.local" value="/root/./workspace/apache/calcite/386209091/.m2"/>
    <property name="enforcer.skip" value="true"/>
    <property name="java.class.version" value="52.0"/>
  </properties>
  <testcase name="testWithInsideWhereExistsRex" classname="org.apache.calcite.test.SqlToRelConverterExtendedTest" time="1.558"/>
  <testcase name="testSampleBernoulliQuery" classname="org.apache.calcite.test.SqlToRelConverterExtendedTest" time="1.614"/>
  <testcase name="testOrderByAlias" classname="org.apache.calcite.test.SqlToRelConverterExtendedTest" time="0.081"/>
  <testcase name="testElement" classname="org.apache.calcite.test.SqlToRelConverterExtendedTest" time="0.059"/>
  <testcase name="testAggCaseInSubQuery" classname="org.apache.calcite.test.SqlToRelConverterExtendedTest" time="3.337"/>
  <testcase name="testCustomColumnResolvingWithSelectFieldNameDotStar" classname="org.apache.calcite.test.SqlToRelConverterExtendedTest" time="3.34"/>
  <testcase name="testAliasList" classname="org.apache.calcite.test.SqlToRelConverterExtendedTest" time="0.062"/>
  <testcase name="testNotNotIn" classname="org.apache.calcite.test.SqlToRelConverterExtendedTest" time="3.281"/>
  <testcase name="testIntegerLiteral" classname="org.apache.calcite.test.SqlToRelConverterExtendedTest" time="3.29"/>
  <testcase name="testInsertSubsetView" classname="org.apache.calcite.test.SqlToRelConverterExtendedTest" time="0.067"/>
  <testcase name="testOrderBySameExpr" classname="org.apache.calcite.test.SqlToRelConverterExtendedTest" time="0.051"/>
  <testcase name="testSampleBernoulli" classname="org.apache.calcite.test.SqlToRelConverterExtendedTest" time="3.213"/>
  <testcase name="testOffset0" classname="org.apache.calcite.test.SqlToRelConverterExtendedTest" time="3.234"/>
  <testcase name="testIsDistinctFrom" classname="org.apache.calcite.test.SqlToRelConverterExtendedTest" time="0.066"/>
  <testcase name="testUpdateExtendedColumnCaseSensitiveCollision" classname="org.apache.calcite.test.SqlToRelConverterExtendedTest" time="0.051"/>
  <testcase name="testDuplicateGroupingSets" classname="org.apache.calcite.test.SqlToRelConverterExtendedTest" time="3.17"/>
  <testcase name="testGroupingFunctionWithGroupBy" classname="org.apache.calcite.test.SqlToRelConverterExtendedTest" time="6.257"/>
  <testcase name="testIdenticalExpressionInSubQuery" classname="org.apache.calcite.test.SqlToRelConverterExtendedTest" time="3.112"/>
  <testcase name="testOffsetFetchWithDynamicParameter" classname="org.apache.calcite.test.SqlToRelConverterExtendedTest" time="3.118"/>
  <testcase name="testNotExistsCorrelated" classname="org.apache.calcite.test.SqlToRelConverterExtendedTest" time="3.09"/>
  <testcase name="testReferDynamicStarInSelectOB" classname="org.apache.calcite.test.SqlToRelConverterExtendedTest" time="0.079"/>
  <testcase name="testNotInUncorrelatedSubQueryInSelectMayBeNull" classname="org.apache.calcite.test.SqlToRelConverterExtendedTest" time="3.695"/>
  <testcase name="testNestedCorrelations" classname="org.apache.calcite.test.SqlToRelConverterExtendedTest" time="0.079"/>
  <testcase name="testLateralDecorrelateRex" classname="org.apache.calcite.test.SqlToRelConverterExtendedTest" time="6.443"/>
  <testcase name="testNestedCorrelationsDecorrelated" classname="org.apache.calcite.test.SqlToRelConverterExtendedTest" time="3.573"/>
  <testcase name="testDeleteWhere" classname="org.apache.calcite.test.SqlToRelConverterExtendedTest" time="8.237"/>
  <testcase name="testCorrelatedSubQueryInJoin" classname="org.apache.calcite.test.SqlToRelConverterExtendedTest" time="2.805"/>
  <testcase name="testInsertBindExtendedColumnModifiableView" classname="org.apache.calcite.test.SqlToRelConverterExtendedTest" time="2.843"/>
  <testcase name="testNestedAggregates" classname="org.apache.calcite.test.SqlToRelConverterExtendedTest" time="7.458"/>
  <testcase name="testTableExpression" classname="org.apache.calcite.test.SqlToRelConverterExtendedTest" time="2.825"/>
  <testcase name="testJoinNaturalMultipleCommonColumn" classname="org.apache.calcite.test.SqlToRelConverterExtendedTest" time="4.749"/>
  <testcase name="testGroupingSetsCartesianProduct" classname="org.apache.calcite.test.SqlToRelConverterExtendedTest" time="1.87"/>
  <testcase name="testLateralDecorrelate" classname="org.apache.calcite.test.SqlToRelConverterExtendedTest" time="4.593"/>
  <testcase name="testHavingAggrFunctionIn" classname="org.apache.calcite.test.SqlToRelConverterExtendedTest" time="4.575"/>
  <testcase name="testWindowAverageWithGroupBy" classname="org.apache.calcite.test.SqlToRelConverterExtendedTest" time="7.828"/>
  <testcase name="testExistsCorrelatedDecorrelateRex" classname="org.apache.calcite.test.SqlToRelConverterExtendedTest" time="2.795"/>
  <testcase name="testWithUnionOrder" classname="org.apache.calcite.test.SqlToRelConverterExtendedTest" time="7.267"/>
  <testcase name="testStreamGroupBy" classname="org.apache.calcite.test.SqlToRelConverterExtendedTest" time="3.285"/>
  <testcase name="testGroupingSetsCartesianProduct2" classname="org.apache.calcite.test.SqlToRelConverterExtendedTest" time="3.256"/>
  <testcase name="testCorrelationNotExistsAndFilter" classname="org.apache.calcite.test.SqlToRelConverterExtendedTest" time="3.238"/>
  <testcase name="testMultisetOfColumns" classname="org.apache.calcite.test.SqlToRelConverterExtendedTest" time="4.561"/>
  <testcase name="testUpdateExtendedColumnModifiableViewCollision" classname="org.apache.calcite.test.SqlToRelConverterExtendedTest" time="3.214"/>
  <testcase name="testSubQueryOr" classname="org.apache.calcite.test.SqlToRelConverterExtendedTest" time="2.871"/>
  <testcase name="testJoinOnExpression" classname="org.apache.calcite.test.SqlToRelConverterExtendedTest" time="1.297"/>
  <testcase name="testWhereInCorrelated" classname="org.apache.calcite.test.SqlToRelConverterExtendedTest" time="0.047"/>
  <testcase name="testInsertBindExtendedColumn" classname="org.apache.calcite.test.SqlToRelConverterExtendedTest" time="1.322"/>
  <testcase name="testMatchRecognizeMeasures1" classname="org.apache.calcite.test.SqlToRelConverterExtendedTest" time="3.616"/>
  <testcase name="testMatchRecognizeMeasures2" classname="org.apache.calcite.test.SqlToRelConverterExtendedTest" time="2.743"/>
  <testcase name="testMatchRecognizeMeasures3" classname="org.apache.calcite.test.SqlToRelConverterExtendedTest" time="2.74"/>
  <testcase name="testOverAvg" classname="org.apache.calcite.test.SqlToRelConverterExtendedTest" time="1.531"/>
  <testcase name="testOrderByAliasOverrides" classname="org.apache.calcite.test.SqlToRelConverterExtendedTest" time="3.88"/>
  <testcase name="testJoinNatural" classname="org.apache.calcite.test.SqlToRelConverterExtendedTest" time="1.541"/>
  <testcase name="testInsertBindModifiableView" classname="org.apache.calcite.test.SqlToRelConverterExtendedTest" time="2.34"/>
  <testcase name="testCorrelationMultiScalarAggregate" classname="org.apache.calcite.test.SqlToRelConverterExtendedTest" time="3.603"/>
  <testcase name="testCollectionTableWithCursorParam" classname="org.apache.calcite.test.SqlToRelConverterExtendedTest" time="2.342"/>
  <testcase name="testDynamicStarInTableJoin" classname="org.apache.calcite.test.SqlToRelConverterExtendedTest" time="2.343"/>
  <testcase name="testOrderByOrdinalDesc" classname="org.apache.calcite.test.SqlToRelConverterExtendedTest" time="3.55"/>
  <testcase name="testModifiableViewDdlExtend" classname="org.apache.calcite.test.SqlToRelConverterExtendedTest" time="3.611"/>
  <testcase name="testUserDefinedOrderByOver" classname="org.apache.calcite.test.SqlToRelConverterExtendedTest" time="1.471"/>
  <testcase name="testCorrelationExistsAndFilter" classname="org.apache.calcite.test.SqlToRelConverterExtendedTest" time="1.536"/>
  <testcase name="testUpdateBind2" classname="org.apache.calcite.test.SqlToRelConverterExtendedTest" time="2.448"/>
  <testcase name="testUpdateExtendedColumnModifiableViewUnderlyingCollision" classname="org.apache.calcite.test.SqlToRelConverterExtendedTest" time="1.324"/>
  <testcase name="testUpdateWhere" classname="org.apache.calcite.test.SqlToRelConverterExtendedTest" time="1.324"/>
  <testcase name="testOverCountStar" classname="org.apache.calcite.test.SqlToRelConverterExtendedTest" time="1.281"/>
  <testcase name="testUpdateBindExtendedColumn" classname="org.apache.calcite.test.SqlToRelConverterExtendedTest" time="0">
    <skipped message="CALCITE-1708"/>
  </testcase>
  <testcase name="testFetch" classname="org.apache.calcite.test.SqlToRelConverterExtendedTest" time="3.541"/>
  <testcase name="testGroup" classname="org.apache.calcite.test.SqlToRelConverterExtendedTest" time="0.103"/>
  <testcase name="testLarge" classname="org.apache.calcite.test.SqlToRelConverterExtendedTest" time="4.315"/>
  <testcase name="testMerge" classname="org.apache.calcite.test.SqlToRelConverterExtendedTest" time="0">
    <skipped message="CALCITE-985"/>
  </testcase>
  <testcase name="testOrder" classname="org.apache.calcite.test.SqlToRelConverterExtendedTest" time="4.034"/>
  <testcase name="testValuesUsing" classname="org.apache.calcite.test.SqlToRelConverterExtendedTest" time="2.345"/>
  <testcase name="testInsertViewWithCustomColumnResolving" classname="org.apache.calcite.test.SqlToRelConverterExtendedTest" time="1.201"/>
  <testcase name="testUnion" classname="org.apache.calcite.test.SqlToRelConverterExtendedTest" time="1.184"/>
  <testcase name="testCorrelationExistsAndFilterThetaRex" classname="org.apache.calcite.test.SqlToRelConverterExtendedTest" time="3.777"/>
  <testcase name="testSelectDynamicStarOrderBy" classname="org.apache.calcite.test.SqlToRelConverterExtendedTest" time="1.188"/>
  <testcase name="testOrderByAliasDoesNotOverride" classname="org.apache.calcite.test.SqlToRelConverterExtendedTest" time="0"/>
  <testcase name="testCase" classname="org.apache.calcite.test.SqlToRelConverterExtendedTest" time="2.553"/>
  <testcase name="testCube" classname="org.apache.calcite.test.SqlToRelConverterExtendedTest" time="2.553"/>
  <testcase name="testSome" classname="org.apache.calcite.test.SqlToRelConverterExtendedTest" time="1.504"/>
  <testcase name="testWith" classname="org.apache.calcite.test.SqlToRelConverterExtendedTest" time="1.68"/>
  <testcase name="testCorrelatedSubQueryInAggregate" classname="org.apache.calcite.test.SqlToRelConverterExtendedTest" time="1.496"/>
  <testcase name="testGrpByColFromStarInSubQuery" classname="org.apache.calcite.test.SqlToRelConverterExtendedTest" time="0.126"/>
  <testcase name="testUpdateExtendedColumnModifiableViewExtendedCollision" classname="org.apache.calcite.test.SqlToRelConverterExtendedTest" time="0.303"/>
  <testcase name="testExistsCorrelated" classname="org.apache.calcite.test.SqlToRelConverterExtendedTest" time="0.139"/>
  <testcase name="testNotInUncorrelatedSubQueryInSelectRex" classname="org.apache.calcite.test.SqlToRelConverterExtendedTest" time="0.134"/>
  <testcase name="testUpdateBind" classname="org.apache.calcite.test.SqlToRelConverterExtendedTest" time="0.307"/>
  <testcase name="testSelectViewExtendedColumnExtendedCollision" classname="org.apache.calcite.test.SqlToRelConverterExtendedTest" time="0.438"/>
  <testcase name="testOverMultiple" classname="org.apache.calcite.test.SqlToRelConverterExtendedTest" time="0.314"/>
  <testcase name="testGroupingSetsWithRollupCube" classname="org.apache.calcite.test.SqlToRelConverterExtendedTest" time="0.156"/>
  <testcase name="testIntervalLiteralYearToMonth" classname="org.apache.calcite.test.SqlToRelConverterExtendedTest" time="0.135"/>
  <testcase name="testWindowOnDynamicStar" classname="org.apache.calcite.test.SqlToRelConverterExtendedTest" time="0.138"/>
  <testcase name="testDynamicSchemaUnnest" classname="org.apache.calcite.test.SqlToRelConverterExtendedTest" time="0.16"/>
  <testcase name="testSelectViewExtendedColumnCollision" classname="org.apache.calcite.test.SqlToRelConverterExtendedTest" time="0.698"/>
  <testcase name="testCorrelationJoin" classname="org.apache.calcite.test.SqlToRelConverterExtendedTest" time="0.15"/>
  <testcase name="testNotInUncorrelatedSubQueryRex" classname="org.apache.calcite.test.SqlToRelConverterExtendedTest" time="0.146"/>
  <testcase name="testInsertBindSubsetModifiableView" classname="org.apache.calcite.test.SqlToRelConverterExtendedTest" time="0.3"/>
  <testcase name="testJoinUsingCompound" classname="org.apache.calcite.test.SqlToRelConverterExtendedTest" time="0.138"/>
  <testcase name="testPrevClassifier" classname="org.apache.calcite.test.SqlToRelConverterExtendedTest" time="0.131"/>
  <testcase name="testInsertWithCustomInitializerExpressionFactory" classname="org.apache.calcite.test.SqlToRelConverterExtendedTest" time="0.142"/>
  <testcase name="testStreamWindowedAggregation" classname="org.apache.calcite.test.SqlToRelConverterExtendedTest" time="0.251"/>
  <testcase name="testExistsCorrelatedLimit" classname="org.apache.calcite.test.SqlToRelConverterExtendedTest" time="0.121"/>
  <testcase name="testTableExtend" classname="org.apache.calcite.test.SqlToRelConverterExtendedTest" time="0.139"/>
  <testcase name="testIntervalLiteralHourToMinute" classname="org.apache.calcite.test.SqlToRelConverterExtendedTest" time="0.338"/>
  <testcase name="testExplicitTable" classname="org.apache.calcite.test.SqlToRelConverterExtendedTest" time="0.121"/>
  <testcase name="testInsertExtendedColumnModifiableView" classname="org.apache.calcite.test.SqlToRelConverterExtendedTest" time="0.123"/>
  <testcase name="testNestedCorrelationsDecorrelatedRex" classname="org.apache.calcite.test.SqlToRelConverterExtendedTest" time="0.236"/>
  <testcase name="testSelectStreamPartitionDistinct" classname="org.apache.calcite.test.SqlToRelConverterExtendedTest" time="0.195"/>
  <testcase name="testUncorrelatedScalarSubQueryInGroupOrderRex" classname="org.apache.calcite.test.SqlToRelConverterExtendedTest" time="0.193"/>
  <testcase name="testJoinOnIn" classname="org.apache.calcite.test.SqlToRelConverterExtendedTest" time="0.36"/>
  <testcase name="testUncorrelatedScalarSubQueryInOrderRex" classname="org.apache.calcite.test.SqlToRelConverterExtendedTest" time="0.198"/>
  <testcase name="testOrderOffsetFetchWithDynamicParameter" classname="org.apache.calcite.test.SqlToRelConverterExtendedTest" time="0.207"/>
  <testcase name="testModifiableViewExtend" classname="org.apache.calcite.test.SqlToRelConverterExtendedTest" time="0.15"/>
  <testcase name="testGroupingFunction" classname="org.apache.calcite.test.SqlToRelConverterExtendedTest" time="0.196"/>
  <testcase name="testTumbleTable" classname="org.apache.calcite.test.SqlToRelConverterExtendedTest" time="0.334"/>
  <testcase name="testJoinUnnestRex" classname="org.apache.calcite.test.SqlToRelConverterExtendedTest" time="0.164"/>
  <testcase name="testTableExtendExpression" classname="org.apache.calcite.test.SqlToRelConverterExtendedTest" time="0.152"/>
  <testcase name="testSelectStarFromDynamicTable" classname="org.apache.calcite.test.SqlToRelConverterExtendedTest" time="0.145"/>
  <testcase name="testGroupingSetsWith" classname="org.apache.calcite.test.SqlToRelConverterExtendedTest" time="0.374"/>
  <testcase name="testGroupByContainsLiterals" classname="org.apache.calcite.test.SqlToRelConverterExtendedTest" time="0.138"/>
  <testcase name="testConditionOffByOneReversed" classname="org.apache.calcite.test.SqlToRelConverterExtendedTest" time="0.137"/>
  <testcase name="testGroupByWithDuplicates" classname="org.apache.calcite.test.SqlToRelConverterExtendedTest" time="0.139"/>
  <testcase name="testSampleQuery" classname="org.apache.calcite.test.SqlToRelConverterExtendedTest" time="0.392"/>
  <testcase name="testMatchRecognizePrevDown" classname="org.apache.calcite.test.SqlToRelConverterExtendedTest" time="0.191"/>
  <testcase name="testMatchRecognizePrevLast" classname="org.apache.calcite.test.SqlToRelConverterExtendedTest" time="0.228"/>
  <testcase name="testArrayOfRecord" classname="org.apache.calcite.test.SqlToRelConverterExtendedTest" time="0.207"/>
  <testcase name="testLateral" classname="org.apache.calcite.test.SqlToRelConverterExtendedTest" time="0.22"/>
  <testcase name="testAggFilter" classname="org.apache.calcite.test.SqlToRelConverterExtendedTest" time="0.451"/>
  <testcase name="testMatchRecognize1" classname="org.apache.calcite.test.SqlToRelConverterExtendedTest" time="0.235"/>
  <testcase name="testTableSubset" classname="org.apache.calcite.test.SqlToRelConverterExtendedTest" time="0.218"/>
  <testcase name="testGroupBug281" classname="org.apache.calcite.test.SqlToRelConverterExtendedTest" time="0.187"/>
  <testcase name="testElementInValues" classname="org.apache.calcite.test.SqlToRelConverterExtendedTest" time="0.415"/>
  <testcase name="testNotInWithLiteral" classname="org.apache.calcite.test.SqlToRelConverterExtendedTest" time="0.128"/>
  <testcase name="testSubQueryAggregateFunctionFollowedBySimpleOperation" classname="org.apache.calcite.test.SqlToRelConverterExtendedTest" time="0.173"/>
  <testcase name="testUnnestSubQuery" classname="org.apache.calcite.test.SqlToRelConverterExtendedTest" time="0.167"/>
  <testcase name="testNotInUncorrelatedSubQuery" classname="org.apache.calcite.test.SqlToRelConverterExtendedTest" time="0.224"/>
  <testcase name="testDeleteBindExtendedColumnModifiableView" classname="org.apache.calcite.test.SqlToRelConverterExtendedTest" time="0.446"/>
  <testcase name="testOrderByOrdinalInExpr" classname="org.apache.calcite.test.SqlToRelConverterExtendedTest" time="0.179"/>
  <testcase name="testOrderDistinct" classname="org.apache.calcite.test.SqlToRelConverterExtendedTest" time="0.18"/>
  <testcase name="testSampleSystemQuery" classname="org.apache.calcite.test.SqlToRelConverterExtendedTest" time="0.228"/>
  <testcase name="testDynamicStarInJoinAndSubQ" classname="org.apache.calcite.test.SqlToRelConverterExtendedTest" time="0.206"/>
  <testcase name="testNotInUncorrelatedSubQueryInSelect" classname="org.apache.calcite.test.SqlToRelConverterExtendedTest" time="0.479"/>
  <testcase name="testUpdateExtendedColumnModifiableView" classname="org.apache.calcite.test.SqlToRelConverterExtendedTest" time="0.205"/>
  <testcase name="testUnionInFrom" classname="org.apache.calcite.test.SqlToRelConverterExtendedTest" time="0.146"/>
  <testcase name="testCollectionTableWithLateral2" classname="org.apache.calcite.test.SqlToRelConverterExtendedTest" time="0.225"/>
  <testcase name="testCollectionTableWithLateral3" classname="org.apache.calcite.test.SqlToRelConverterExtendedTest" time="0.52"/>
  <testcase name="testInsertWithCustomColumnResolving2" classname="org.apache.calcite.test.SqlToRelConverterExtendedTest" time="0.231"/>
  <testcase name="testWindowAggWithGroupByAndJoin" classname="org.apache.calcite.test.SqlToRelConverterExtendedTest" time="0.223"/>
  <testcase name="testInsertSubsetWithCustomInitializerExpressionFactory" classname="org.apache.calcite.test.SqlToRelConverterExtendedTest" time="0.239"/>
  <testcase name="testOrderByNegativeOrdinal" classname="org.apache.calcite.test.SqlToRelConverterExtendedTest" time="0.219"/>
  <testcase name="testOffsetWithDynamicParameter" classname="org.apache.calcite.test.SqlToRelConverterExtendedTest" time="0.514"/>
  <testcase name="testUnionSubQuery" classname="org.apache.calcite.test.SqlToRelConverterExtendedTest" time="0.26"/>
  <testcase name="testCharLength" classname="org.apache.calcite.test.SqlToRelConverterExtendedTest" time="0.218"/>
  <testcase name="testSomeValueList" classname="org.apache.calcite.test.SqlToRelConverterExtendedTest" time="0.244"/>
  <testcase name="testStarJoinStaticDynTable" classname="org.apache.calcite.test.SqlToRelConverterExtendedTest" time="0.525"/>
  <testcase name="testInValueListShort" classname="org.apache.calcite.test.SqlToRelConverterExtendedTest" time="0.697"/>
  <testcase name="testGroupingSetsWithRollup" classname="org.apache.calcite.test.SqlToRelConverterExtendedTest" time="0.127"/>
  <testcase name="testUpdateBindExtendedColumnModifiableView" classname="org.apache.calcite.test.SqlToRelConverterExtendedTest" time="0">
    <skipped message="CALCITE-1708"/>
  </testcase>
  <testcase name="testSelectDistinct" classname="org.apache.calcite.test.SqlToRelConverterExtendedTest" time="0.255"/>
  <testcase name="testOrderGroup" classname="org.apache.calcite.test.SqlToRelConverterExtendedTest" time="0.233"/>
  <testcase name="testOrderUnion" classname="org.apache.calcite.test.SqlToRelConverterExtendedTest" time="0.485"/>
  <testcase name="testSelectModifiableViewConstraint" classname="org.apache.calcite.test.SqlToRelConverterExtendedTest" time="0.163"/>
  <testcase name="testOrderOffsetFetch" classname="org.apache.calcite.test.SqlToRelConverterExtendedTest" time="0.212"/>
  <testcase name="testAggregateNoGroup" classname="org.apache.calcite.test.SqlToRelConverterExtendedTest" time="0.206"/>
  <testcase name="testInsertBindSubset" classname="org.apache.calcite.test.SqlToRelConverterExtendedTest" time="0.203"/>
  <testcase name="testSortWithTrim" classname="org.apache.calcite.test.SqlToRelConverterExtendedTest" time="0.23"/>
  <testcase name="testRollupSimple" classname="org.apache.calcite.test.SqlToRelConverterExtendedTest" time="0.209"/>
  <testcase name="testWithInsideWhereExists" classname="org.apache.calcite.test.SqlToRelConverterExtendedTest" time="0.223"/>
  <testcase name="testJoinUsing" classname="org.apache.calcite.test.SqlToRelConverterExtendedTest" time="0.195"/>
  <testcase name="testAggCaseSubQuery" classname="org.apache.calcite.test.SqlToRelConverterExtendedTest" time="0.476"/>
  <testcase name="testRollupTuples" classname="org.apache.calcite.test.SqlToRelConverterExtendedTest" time="0.197"/>
  <testcase name="testUpdateExtendedColumnCollision" classname="org.apache.calcite.test.SqlToRelConverterExtendedTest" time="0.171"/>
  <testcase name="testUnionValues" classname="org.apache.calcite.test.SqlToRelConverterExtendedTest" time="0.159"/>
  <testcase name="testUpdateExtendedColumnModifiableViewExtendedCaseSensitiveCollision" classname="org.apache.calcite.test.SqlToRelConverterExtendedTest" time="3.778"/>
  <testcase name="testSelectViewExtendedColumnUnderlyingCollision" classname="org.apache.calcite.test.SqlToRelConverterExtendedTest" time="0.204"/>
  <testcase name="testOverOrderFollowingWindow" classname="org.apache.calcite.test.SqlToRelConverterExtendedTest" time="3.782"/>
  <testcase name="testInsertBind" classname="org.apache.calcite.test.SqlToRelConverterExtendedTest" time="0.265"/>
  <testcase name="testInsertView" classname="org.apache.calcite.test.SqlToRelConverterExtendedTest" time="0.216"/>
  <testcase name="testGroupByAliasEqualToColumnName" classname="org.apache.calcite.test.SqlToRelConverterExtendedTest" time="6.321"/>
  <testcase name="testCorrelationScalarAggAndFilterRex" classname="org.apache.calcite.test.SqlToRelConverterExtendedTest" time="0.29"/>
  <testcase name="testCollectionTableWithLateral" classname="org.apache.calcite.test.SqlToRelConverterExtendedTest" time="0.279"/>
  <testcase name="testModifiableViewExtendSubset" classname="org.apache.calcite.test.SqlToRelConverterExtendedTest" time="0.24"/>
  <testcase name="testInUncorrelatedSubQueryRex" classname="org.apache.calcite.test.SqlToRelConverterExtendedTest" time="11.43"/>
  <testcase name="testHopTable" classname="org.apache.calcite.test.SqlToRelConverterExtendedTest" time="0.128"/>
  <testcase name="testWithInsideWhereExistsDecorrelate" classname="org.apache.calcite.test.SqlToRelConverterExtendedTest" time="3.539"/>
  <testcase name="testCountNoGroup" classname="org.apache.calcite.test.SqlToRelConverterExtendedTest" time="0.068"/>
  <testcase name="testOrderUnionOrdinal" classname="org.apache.calcite.test.SqlToRelConverterExtendedTest" time="5.969"/>
  <testcase name="testSessionTable" classname="org.apache.calcite.test.SqlToRelConverterExtendedTest" time="13.937"/>
  <testcase name="testMatchRecognizePatternSkip1" classname="org.apache.calcite.test.SqlToRelConverterExtendedTest" time="6.013"/>
  <testcase name="testUnionAll" classname="org.apache.calcite.test.SqlToRelConverterExtendedTest" time="8.635"/>
  <testcase name="testHavingInSubQueryWithAggrFunction" classname="org.apache.calcite.test.SqlToRelConverterExtendedTest" time="8.621"/>
  <testcase name="testUnnestArray" classname="org.apache.calcite.test.SqlToRelConverterExtendedTest" time="5.327"/>
  <testcase name="testNotInUncorrelatedSubQueryInSelectDeduceNotNull" classname="org.apache.calcite.test.SqlToRelConverterExtendedTest" time="13.575"/>
  <testcase name="testFetchWithDynamicParameter" classname="org.apache.calcite.test.SqlToRelConverterExtendedTest" time="7.839"/>
  <testcase name="testOrderByOver" classname="org.apache.calcite.test.SqlToRelConverterExtendedTest" time="5.328"/>
  <testcase name="testInToSemiJoin" classname="org.apache.calcite.test.SqlToRelConverterExtendedTest" time="13.591"/>
  <testcase name="testOrderUnionExprs" classname="org.apache.calcite.test.SqlToRelConverterExtendedTest" time="13.598"/>
  <testcase name="testGroupAlias" classname="org.apache.calcite.test.SqlToRelConverterExtendedTest" time="5.253"/>
  <testcase name="testGroupEmpty" classname="org.apache.calcite.test.SqlToRelConverterExtendedTest" time="5.308"/>
  <testcase name="testAggregateAndScalarSubQueryInHaving" classname="org.apache.calcite.test.SqlToRelConverterExtendedTest" time="8.197"/>
  <testcase name="testOffsetFetch" classname="org.apache.calcite.test.SqlToRelConverterExtendedTest" time="5.707"/>
  <testcase name="testUnnestArrayPlanAs" classname="org.apache.calcite.test.SqlToRelConverterExtendedTest" time="10.647"/>
  <testcase name="testAliasInHaving" classname="org.apache.calcite.test.SqlToRelConverterExtendedTest" time="8.292"/>
  <testcase name="testConditionOffByOne" classname="org.apache.calcite.test.SqlToRelConverterExtendedTest" time="5.708"/>
  <testcase name="testJoinNaturalNoCommonColumn" classname="org.apache.calcite.test.SqlToRelConverterExtendedTest" time="5.682"/>
  <testcase name="testGroupByCaseIn" classname="org.apache.calcite.test.SqlToRelConverterExtendedTest" time="10.895"/>
  <testcase name="testExistsCorrelatedLimitDecorrelateRex" classname="org.apache.calcite.test.SqlToRelConverterExtendedTest" time="2.741"/>
  <testcase name="testJoinOnExists" classname="org.apache.calcite.test.SqlToRelConverterExtendedTest" time="4.918"/>
  <testcase name="testFlattenRecords" classname="org.apache.calcite.test.SqlToRelConverterExtendedTest" time="4.918"/>
  <testcase name="testSelectFromDynamicTable" classname="org.apache.calcite.test.SqlToRelConverterExtendedTest" time="11.253"/>
  <testcase name="testWithInsideWhereExistsDecorrelateRex" classname="org.apache.calcite.test.SqlToRelConverterExtendedTest" time="2.334"/>
  <testcase name="testExistsCorrelatedDecorrelate" classname="org.apache.calcite.test.SqlToRelConverterExtendedTest" time="5.162"/>
  <testcase name="testInValueListLong" classname="org.apache.calcite.test.SqlToRelConverterExtendedTest" time="5.192"/>
  <testcase name="testSelectViewExtendedColumnCaseSensitiveCollision" classname="org.apache.calcite.test.SqlToRelConverterExtendedTest" time="5.178"/>
  <testcase name="testDeleteBindExtendedColumn" classname="org.apache.calcite.test.SqlToRelConverterExtendedTest" time="14.005"/>
  <testcase name="testWindowAggWithGroupByAndHaving" classname="org.apache.calcite.test.SqlToRelConverterExtendedTest" time="6.095"/>
  <testcase name="testJoinUnnest" classname="org.apache.calcite.test.SqlToRelConverterExtendedTest" time="6.083"/>
  <testcase name="testCustomColumnResolving" classname="org.apache.calcite.test.SqlToRelConverterExtendedTest" time="6.098"/>
  <testcase name="testSelectViewExtendedColumnCaseSensitiveUnderlyingCollision" classname="org.apache.calcite.test.SqlToRelConverterExtendedTest" time="13.165"/>
  <testcase name="testAggregateAndScalarSubQueryInSelect" classname="org.apache.calcite.test.SqlToRelConverterExtendedTest" time="11.653"/>
  <testcase name="testCollectionTable" classname="org.apache.calcite.test.SqlToRelConverterExtendedTest" time="11.63"/>
  <testcase name="testNotInUncorrelatedSubQueryInSelectNotNull" classname="org.apache.calcite.test.SqlToRelConverterExtendedTest" time="8.807"/>
  <testcase name="testDeleteBindModifiableView" classname="org.apache.calcite.test.SqlToRelConverterExtendedTest" time="8.808"/>
  <testcase name="testGroupBug281b" classname="org.apache.calcite.test.SqlToRelConverterExtendedTest" time="3.175"/>
  <testcase name="testTableExtendSubset" classname="org.apache.calcite.test.SqlToRelConverterExtendedTest" time="8.783"/>
  <testcase name="testUnnestWithOrdinality" classname="org.apache.calcite.test.SqlToRelConverterExtendedTest" time="8.754"/>
  <testcase name="testCorrelationScalarAggAndFilter" classname="org.apache.calcite.test.SqlToRelConverterExtendedTest" time="8.528"/>
  <testcase name="testGroupingSets" classname="org.apache.calcite.test.SqlToRelConverterExtendedTest" time="5.679"/>
  <testcase name="testInsertExtendedColumn" classname="org.apache.calcite.test.SqlToRelConverterExtendedTest" time="5.697"/>
  <testcase name="testGroupByAlias" classname="org.apache.calcite.test.SqlToRelConverterExtendedTest" time="5.666"/>
  <testcase name="testSubQueryValues" classname="org.apache.calcite.test.SqlToRelConverterExtendedTest" time="4.196"/>
  <testcase name="testCustomColumnResolving2" classname="org.apache.calcite.test.SqlToRelConverterExtendedTest" time="4.219"/>
  <testcase name="testCustomColumnResolving3" classname="org.apache.calcite.test.SqlToRelConverterExtendedTest" time="1.527"/>
  <testcase name="testCustomColumnResolving4" classname="org.apache.calcite.test.SqlToRelConverterExtendedTest" time="1.54"/>
  <testcase name="testCustomColumnResolving5" classname="org.apache.calcite.test.SqlToRelConverterExtendedTest" time="1.539"/>
  <testcase name="testInsertModifiableView" classname="org.apache.calcite.test.SqlToRelConverterExtendedTest" time="1.54"/>
  <testcase name="testDynamicNestedColumn" classname="org.apache.calcite.test.SqlToRelConverterExtendedTest" time="1.519"/>
  <testcase name="testDeleteBind" classname="org.apache.calcite.test.SqlToRelConverterExtendedTest" time="2.81"/>
  <testcase name="testUnnestSelectRex" classname="org.apache.calcite.test.SqlToRelConverterExtendedTest" time="4.184"/>
  <testcase name="testWithExists" classname="org.apache.calcite.test.SqlToRelConverterExtendedTest" time="2.828"/>
  <testcase name="testJoinWithUnion" classname="org.apache.calcite.test.SqlToRelConverterExtendedTest" time="2.843"/>
  <testcase name="testSelectOverDistinct" classname="org.apache.calcite.test.SqlToRelConverterExtendedTest" time="1.49"/>
  <testcase name="testLateralDecorrelateThetaRex" classname="org.apache.calcite.test.SqlToRelConverterExtendedTest" time="2.577"/>
  <testcase name="testAggScalarSubQuery" classname="org.apache.calcite.test.SqlToRelConverterExtendedTest" time="2.775"/>
  <testcase name="testInUncorrelatedSubQuery" classname="org.apache.calcite.test.SqlToRelConverterExtendedTest" time="2.656"/>
  <testcase name="testWindowAggWithGroupBy" classname="org.apache.calcite.test.SqlToRelConverterExtendedTest" time="2.657"/>
  <testcase name="testSelectViewExtendedColumnCaseSensitiveExtendedCollision" classname="org.apache.calcite.test.SqlToRelConverterExtendedTest" time="2.656"/>
  <testcase name="testSampleSystem" classname="org.apache.calcite.test.SqlToRelConverterExtendedTest" time="2.656"/>
  <testcase name="testAggNoDuplicateColumnNames" classname="org.apache.calcite.test.SqlToRelConverterExtendedTest" time="1.329"/>
  <testcase name="testJoinUsingThreeWay" classname="org.apache.calcite.test.SqlToRelConverterExtendedTest" time="1.309"/>
  <testcase name="testNotInUncorrelatedSubQueryInSelectNotNullRex" classname="org.apache.calcite.test.SqlToRelConverterExtendedTest" time="1.613"/>
  <testcase name="testDynStarInExistSubQ" classname="org.apache.calcite.test.SqlToRelConverterExtendedTest" time="1.279"/>
  <testcase name="testAggDistinct" classname="org.apache.calcite.test.SqlToRelConverterExtendedTest" time="1.337"/>
  <testcase name="testInsertWithCustomColumnResolving" classname="org.apache.calcite.test.SqlToRelConverterExtendedTest" time="0.196"/>
  <testcase name="testOverAvg2" classname="org.apache.calcite.test.SqlToRelConverterExtendedTest" time="0.442"/>
  <testcase name="testOrderByIdenticalExpr" classname="org.apache.calcite.test.SqlToRelConverterExtendedTest" time="0.23"/>
  <testcase name="testWithInsideScalarSubQuery" classname="org.apache.calcite.test.SqlToRelConverterExtendedTest" time="0.229"/>
  <testcase name="testDelete" classname="org.apache.calcite.test.SqlToRelConverterExtendedTest" time="0.243"/>
  <testcase name="testInterval" classname="org.apache.calcite.test.SqlToRelConverterExtendedTest" time="0"/>
  <testcase name="testExplainAsXml" classname="org.apache.calcite.test.SqlToRelConverterExtendedTest" time="0.001"/>
  <testcase name="testGroupingSetsProduct" classname="org.apache.calcite.test.SqlToRelConverterExtendedTest" time="0.243"/>
  <testcase name="testTumbleTableRowtimeNotFirstColumn" classname="org.apache.calcite.test.SqlToRelConverterExtendedTest" time="0.268"/>
  <testcase name="testExists" classname="org.apache.calcite.test.SqlToRelConverterExtendedTest" time="0.072"/>
  <testcase name="testUnnestArrayPlan" classname="org.apache.calcite.test.SqlToRelConverterExtendedTest" time="0.255"/>
  <testcase name="testAllValueList" classname="org.apache.calcite.test.SqlToRelConverterExtendedTest" time="0.231"/>
  <testcase name="testSelectDistinctDup" classname="org.apache.calcite.test.SqlToRelConverterExtendedTest" time="0.513"/>
  <testcase name="testGroupByExpression" classname="org.apache.calcite.test.SqlToRelConverterExtendedTest" time="0.262"/>
  <testcase name="testMultiAnd" classname="org.apache.calcite.test.SqlToRelConverterExtendedTest" time="0.282"/>
  <testcase name="testMultiset" classname="org.apache.calcite.test.SqlToRelConverterExtendedTest" time="0.264"/>
  <testcase name="testInUncorrelatedSubQueryInSelectRex" classname="org.apache.calcite.test.SqlToRelConverterExtendedTest" time="0.197"/>
  <testcase name="testCorrelationExistsAndFilterRex" classname="org.apache.calcite.test.SqlToRelConverterExtendedTest" time="0.553"/>
  <testcase name="testHaving" classname="org.apache.calcite.test.SqlToRelConverterExtendedTest" time="0.14"/>
  <testcase name="testGroupJustOneAgg" classname="org.apache.calcite.test.SqlToRelConverterExtendedTest" time="0.213"/>
  <testcase name="testIsNotDistinctFrom" classname="org.apache.calcite.test.SqlToRelConverterExtendedTest" time="0.227"/>
  <testcase name="testInsert" classname="org.apache.calcite.test.SqlToRelConverterExtendedTest" time="0.24"/>
  <testcase name="testFakeStar" classname="org.apache.calcite.test.SqlToRelConverterExtendedTest" time="0.219"/>
  <testcase name="testOrderByAliasInExpr" classname="org.apache.calcite.test.SqlToRelConverterExtendedTest" time="0.19"/>
  <testcase name="testJoinOn" classname="org.apache.calcite.test.SqlToRelConverterExtendedTest" time="0.585"/>
  <testcase name="testCorrelationJoinRex" classname="org.apache.calcite.test.SqlToRelConverterExtendedTest" time="0.235"/>
  <testcase name="testOverOrderWindow" classname="org.apache.calcite.test.SqlToRelConverterExtendedTest" time="0.518"/>
  <testcase name="testModifiableViewExtendExpression" classname="org.apache.calcite.test.SqlToRelConverterExtendedTest" time="0.305"/>
  <testcase name="testCustomColumnResolvingWithSelectStar" classname="org.apache.calcite.test.SqlToRelConverterExtendedTest" time="0.302"/>
  <testcase name="testOrderDescNullsLast" classname="org.apache.calcite.test.SqlToRelConverterExtendedTest" time="0.316"/>
  <testcase name="testWithAlias" classname="org.apache.calcite.test.SqlToRelConverterExtendedTest" time="0.645"/>
  <testcase name="testMultisetSubQuery" classname="org.apache.calcite.test.SqlToRelConverterExtendedTest" time="0.3"/>
  <testcase name="testExistsCorrelatedLimitDecorrelate" classname="org.apache.calcite.test.SqlToRelConverterExtendedTest" time="0.321"/>
  <testcase name="testWithOrder" classname="org.apache.calcite.test.SqlToRelConverterExtendedTest" time="0.342"/>
  <testcase name="testNotInUncorrelatedSubQueryInSelectDeduceNotNull2" classname="org.apache.calcite.test.SqlToRelConverterExtendedTest" time="0.328"/>
  <testcase name="testNotInUncorrelatedSubQueryInSelectDeduceNotNull3" classname="org.apache.calcite.test.SqlToRelConverterExtendedTest" time="0.351"/>
  <testcase name="testSingletonGroupingSet" classname="org.apache.calcite.test.SqlToRelConverterExtendedTest" time="0.351"/>
  <testcase name="testWithUnion" classname="org.apache.calcite.test.SqlToRelConverterExtendedTest" time="0.348"/>
  <testcase name="testSelectWithoutFrom" classname="org.apache.calcite.test.SqlToRelConverterExtendedTest" time="0.661"/>
  <testcase name="testOffset" classname="org.apache.calcite.test.SqlToRelConverterExtendedTest" time="0.292"/>
  <testcase name="testAliasList2" classname="org.apache.calcite.test.SqlToRelConverterExtendedTest" time="0.268"/>
  <testcase name="testInsertBindWithCustomInitializerExpressionFactory" classname="org.apache.calcite.test.SqlToRelConverterExtendedTest" time="0.314"/>
  <testcase name="testWithInsideScalarSubQueryRex" classname="org.apache.calcite.test.SqlToRelConverterExtendedTest" time="0.304"/>
  <testcase name="testInsertSubsetModifiableView" classname="org.apache.calcite.test.SqlToRelConverterExtendedTest" time="0.695"/>
  <testcase name="testRollup" classname="org.apache.calcite.test.SqlToRelConverterExtendedTest" time="0.283"/>
  <testcase name="testSample" classname="org.apache.calcite.test.SqlToRelConverterExtendedTest" time="0.22"/>
  <testcase name="testStream" classname="org.apache.calcite.test.SqlToRelConverterExtendedTest" time="0.278"/>
  <testcase name="testReferDynamicStarInSelectWhereGB" classname="org.apache.calcite.test.SqlToRelConverterExtendedTest" time="0.268"/>
  <testcase name="testNotLike" classname="org.apache.calcite.test.SqlToRelConverterExtendedTest" time="0.326"/>
  <testcase name="testAggFilterWithIn" classname="org.apache.calcite.test.SqlToRelConverterExtendedTest" time="0.317"/>
  <testcase name="testOrderBasedRepeatFields" classname="org.apache.calcite.test.SqlToRelConverterExtendedTest" time="0.027"/>
  <testcase name="testUnnestSelect" classname="org.apache.calcite.test.SqlToRelConverterExtendedTest" time="0.285"/>
  <testcase name="testTumble" classname="org.apache.calcite.test.SqlToRelConverterExtendedTest" time="0.314"/>
  <testcase name="testUpdateExtendedColumn" classname="org.apache.calcite.test.SqlToRelConverterExtendedTest" time="0.331"/>
  <testcase name="testGroupingSetsWithCube" classname="org.apache.calcite.test.SqlToRelConverterExtendedTest" time="0.741"/>
  <testcase name="testUpdateExtendedColumnModifiableViewCaseSensitiveCollision" classname="org.apache.calcite.test.SqlToRelConverterExtendedTest" time="0.328"/>
  <testcase name="testInUncorrelatedSubQueryInSelect" classname="org.apache.calcite.test.SqlToRelConverterExtendedTest" time="0.344"/>
  <testcase name="testUnnest" classname="org.apache.calcite.test.SqlToRelConverterExtendedTest" time="0.288"/>
  <testcase name="testUpdate" classname="org.apache.calcite.test.SqlToRelConverterExtendedTest" time="0.379"/>
  <testcase name="testInsertSubset" classname="org.apache.calcite.test.SqlToRelConverterExtendedTest" time="0.365"/>
  <testcase name="testInUncorrelatedSubQueryInHavingRex" classname="org.apache.calcite.test.SqlToRelConverterExtendedTest" time="0.37"/>
  <testcase name="testGroupByCaseSubQuery" classname="org.apache.calcite.test.SqlToRelConverterExtendedTest" time="0.597"/>
  <testcase name="testUpdateSubQuery" classname="org.apache.calcite.test.SqlToRelConverterExtendedTest" time="0">
    <skipped message="CALCITE-1527"/>
  </testcase>
  <testcase name="testUpdateModifiableView" classname="org.apache.calcite.test.SqlToRelConverterExtendedTest" time="0.377"/>
  <testcase name="testUpdateWithCustomColumnResolving" classname="org.apache.calcite.test.SqlToRelConverterExtendedTest" time="0.364"/>
  <testcase name="testSelectDistinctGroup" classname="org.apache.calcite.test.SqlToRelConverterExtendedTest" time="0.398"/>
  <testcase name="testCompositeInUncorrelatedSubQueryRex" classname="org.apache.calcite.test.SqlToRelConverterExtendedTest" time="0.155"/>
  <testcase name="testSelectView" classname="org.apache.calcite.test.SqlToRelConverterExtendedTest" time="0.445"/>
  <testcase name="testGroupByAliasOfSubExpressionsInProject" classname="org.apache.calcite.test.SqlToRelConverterExtendedTest" time="0.402"/>
  <testcase name="testInsertBindSubsetWithCustomInitializerExpressionFactory" classname="org.apache.calcite.test.SqlToRelConverterExtendedTest" time="0.422"/>
  <testcase name="testUncorrelatedScalarSubQueryInAggregateRex" classname="org.apache.calcite.test.SqlToRelConverterExtendedTest" time="0.422"/>
  <testcase name="testGroupExpressionsInsideAndOut" classname="org.apache.calcite.test.SqlToRelConverterExtendedTest" time="0.402"/>
  <testcase name="testDuplicateColumnsInSubQuery" classname="org.apache.calcite.test.SqlToRelConverterExtendedTest" time="0.37"/>
  <testcase name="testMatchRecognizeSubset1" classname="org.apache.calcite.test.SqlToRelConverterExtendedTest" time="0.29"/>
  <testcase name="testUnnestArrayAggPlan" classname="org.apache.calcite.test.SqlToRelConverterExtendedTest" time="0.35"/>
  <testcase name="testGroupByOrdinal" classname="org.apache.calcite.test.SqlToRelConverterExtendedTest" time="0.259"/>
  <testcase name="testMultisetOfColumnsRex" classname="org.apache.calcite.test.SqlToRelConverterExtendedTest" time="0.259"/>
  <testcase name="testJoinOnInSubQuery" classname="org.apache.calcite.test.SqlToRelConverterExtendedTest" time="0.249"/>
  <testcase name="testSubQueryLimitOne" classname="org.apache.calcite.test.SqlToRelConverterExtendedTest" time="0.25"/>
  <testcase name="testWindowAggInSubQueryJoin" classname="org.apache.calcite.test.SqlToRelConverterExtendedTest" time="0.24"/>
</testsuite>