<?xml version="1.0" encoding="UTF-8"?>
<testsuite xmlns:xsi="http://www.w3.org/2001/XMLSchema-instance" xsi:noNamespaceSchemaLocation="https://maven.apache.org/surefire/maven-surefire-plugin/xsd/surefire-test-report.xsd" name="org.apache.calcite.test.SqlToRelConverterExtendedTest" time="84.204" tests="332" errors="0" skipped="4" failures="0">
  <properties>
    <property name="awt.toolkit" value="sun.awt.X11.XToolkit"/>
    <property name="hsqldb.reconfig_logging" value="false"/>
    <property name="file.encoding.pkg" value="sun.io"/>
    <property name="java.specification.version" value="1.8"/>
    <property name="sun.cpu.isalist" value=""/>
    <property name="sun.jnu.encoding" value="UTF-8"/>
    <property name="java.class.path" value="/root/workspace/apache/calcite/385430900/core/target/test-classes:/root/workspace/apache/calcite/385430900/core/target/classes:/root/./workspace/apache/calcite/385430900/.m2/org/apache/calcite/avatica/avatica-core/1.11.0/avatica-core-1.11.0.jar:/root/./workspace/apache/calcite/385430900/.m2/org/apache/calcite/avatica/avatica-metrics/1.11.0/avatica-metrics-1.11.0.jar:/root/./workspace/apache/calcite/385430900/.m2/com/google/protobuf/protobuf-java/3.3.0/protobuf-java-3.3.0.jar:/root/./workspace/apache/calcite/385430900/.m2/org/apache/httpcomponents/httpclient/4.5.2/httpclient-4.5.2.jar:/root/./workspace/apache/calcite/385430900/.m2/commons-codec/commons-codec/1.9/commons-codec-1.9.jar:/root/./workspace/apache/calcite/385430900/.m2/org/apache/httpcomponents/httpcore/4.4.4/httpcore-4.4.4.jar:/root/workspace/apache/calcite/385430900/linq4j/target/classes:/root/./workspace/apache/calcite/385430900/.m2/org/apache/calcite/avatica/avatica-server/1.11.0/avatica-server-1.11.0.jar:/root/./workspace/apache/calcite/385430900/.m2/javax/servlet/javax.servlet-api/3.0.1/javax.servlet-api-3.0.1.jar:/root/./workspace/apache/calcite/385430900/.m2/org/eclipse/jetty/jetty-http/9.2.19.v20160908/jetty-http-9.2.19.v20160908.jar:/root/./workspace/apache/calcite/385430900/.m2/org/eclipse/jetty/jetty-security/9.2.19.v20160908/jetty-security-9.2.19.v20160908.jar:/root/./workspace/apache/calcite/385430900/.m2/org/eclipse/jetty/jetty-server/9.2.19.v20160908/jetty-server-9.2.19.v20160908.jar:/root/./workspace/apache/calcite/385430900/.m2/org/eclipse/jetty/jetty-io/9.2.19.v20160908/jetty-io-9.2.19.v20160908.jar:/root/./workspace/apache/calcite/385430900/.m2/org/eclipse/jetty/jetty-util/9.2.19.v20160908/jetty-util-9.2.19.v20160908.jar:/root/./workspace/apache/calcite/385430900/.m2/commons-dbcp/commons-dbcp/1.4/commons-dbcp-1.4.jar:/root/./workspace/apache/calcite/385430900/.m2/commons-pool/commons-pool/1.5.4/commons-pool-1.5.4.jar:/root/./workspace/apache/calcite/385430900/.m2/org/apache/commons/commons-lang3/3.2/commons-lang3-3.2.jar:/root/./workspace/apache/calcite/385430900/.m2/com/esri/geometry/esri-geometry-api/2.0.0/esri-geometry-api-2.0.0.jar:/root/./workspace/apache/calcite/385430900/.m2/com/fasterxml/jackson/core/jackson-core/2.9.4/jackson-core-2.9.4.jar:/root/./workspace/apache/calcite/385430900/.m2/com/fasterxml/jackson/core/jackson-annotations/2.9.4/jackson-annotations-2.9.4.jar:/root/./workspace/apache/calcite/385430900/.m2/com/fasterxml/jackson/core/jackson-databind/2.9.4/jackson-databind-2.9.4.jar:/root/./workspace/apache/calcite/385430900/.m2/com/google/code/findbugs/jsr305/3.0.1/jsr305-3.0.1.jar:/root/./workspace/apache/calcite/385430900/.m2/com/google/guava/guava/19.0/guava-19.0.jar:/root/./workspace/apache/calcite/385430900/.m2/com/h2database/h2/1.4.185/h2-1.4.185.jar:/root/./workspace/apache/calcite/385430900/.m2/com/yahoo/datasketches/sketches-core/0.9.0/sketches-core-0.9.0.jar:/root/./workspace/apache/calcite/385430900/.m2/com/yahoo/datasketches/memory/0.9.0/memory-0.9.0.jar:/root/./workspace/apache/calcite/385430900/.m2/junit/junit/4.12/junit-4.12.jar:/root/./workspace/apache/calcite/385430900/.m2/mysql/mysql-connector-java/5.1.20/mysql-connector-java-5.1.20.jar:/root/./workspace/apache/calcite/385430900/.m2/net/hydromatic/aggdesigner-algorithm/6.0/aggdesigner-algorithm-6.0.jar:/root/./workspace/apache/calcite/385430900/.m2/commons-lang/commons-lang/2.4/commons-lang-2.4.jar:/root/./workspace/apache/calcite/385430900/.m2/commons-logging/commons-logging/1.1.3/commons-logging-1.1.3.jar:/root/./workspace/apache/calcite/385430900/.m2/net/hydromatic/foodmart-data-hsqldb/0.3/foodmart-data-hsqldb-0.3.jar:/root/./workspace/apache/calcite/385430900/.m2/net/hydromatic/foodmart-queries/0.4.1/foodmart-queries-0.4.1.jar:/root/./workspace/apache/calcite/385430900/.m2/net/hydromatic/quidem/0.8/quidem-0.8.jar:/root/./workspace/apache/calcite/385430900/.m2/net/hydromatic/scott-data-hsqldb/0.1/scott-data-hsqldb-0.1.jar:/root/./workspace/apache/calcite/385430900/.m2/org/codehaus/janino/janino/2.7.6/janino-2.7.6.jar:/root/./workspace/apache/calcite/385430900/.m2/org/codehaus/janino/commons-compiler/2.7.6/commons-compiler-2.7.6.jar:/root/./workspace/apache/calcite/385430900/.m2/org/hsqldb/hsqldb/2.4.0/hsqldb-2.4.0.jar:/root/./workspace/apache/calcite/385430900/.m2/org/incava/java-diff/1.1.1/java-diff-1.1.1.jar:/root/./workspace/apache/calcite/385430900/.m2/org/hamcrest/hamcrest-core/1.3/hamcrest-core-1.3.jar:/root/./workspace/apache/calcite/385430900/.m2/org/postgresql/postgresql/9.3-1102-jdbc3/postgresql-9.3-1102-jdbc3.jar:/root/./workspace/apache/calcite/385430900/.m2/org/slf4j/slf4j-api/1.7.13/slf4j-api-1.7.13.jar:/root/./workspace/apache/calcite/385430900/.m2/org/slf4j/slf4j-log4j12/1.7.13/slf4j-log4j12-1.7.13.jar:/root/./workspace/apache/calcite/385430900/.m2/log4j/log4j/1.2.17/log4j-1.2.17.jar:/root/./workspace/apache/calcite/385430900/.m2/sqlline/sqlline/1.3.0/sqlline-1.3.0.jar:/root/./workspace/apache/calcite/385430900/.m2/jline/jline/2.14.3/jline-2.14.3.jar:"/>
    <property name="java.vm.vendor" value="Oracle Corporation"/>
    <property name="skip.bower" value="true"/>
    <property name="sun.arch.data.model" value="64"/>
    <property name="java.vendor.url" value="http://java.oracle.com/"/>
    <property name="user.timezone" value="Europe/Paris"/>
    <property name="java.vm.specification.version" value="1.8"/>
    <property name="os.name" value="Linux"/>
    <property name="rat.skip" value="true"/>
    <property name="gpg.skip" value="true"/>
    <property name="sun.java.launcher" value="SUN_STANDARD"/>
    <property name="sun.boot.library.path" value="/usr/lib/jvm/java-8-openjdk-amd64/jre/lib/amd64"/>
    <property name="skip.gulp" value="true"/>
    <property name="sun.java.command" value="/root/workspace/apache/calcite/385430900/core/target/surefire/surefirebooter5090689912799047580.jar /root/workspace/apache/calcite/385430900/core/target/surefire 2018-05-30T01-07-36_467-jvmRun1 surefire4566524749646682849tmp surefire_17670011316976113562tmp"/>
    <property name="dependency-check.skip" value="true"/>
    <property name="surefire.test.class.path" value="/root/workspace/apache/calcite/385430900/core/target/test-classes:/root/workspace/apache/calcite/385430900/core/target/classes:/root/./workspace/apache/calcite/385430900/.m2/org/apache/calcite/avatica/avatica-core/1.11.0/avatica-core-1.11.0.jar:/root/./workspace/apache/calcite/385430900/.m2/org/apache/calcite/avatica/avatica-metrics/1.11.0/avatica-metrics-1.11.0.jar:/root/./workspace/apache/calcite/385430900/.m2/com/google/protobuf/protobuf-java/3.3.0/protobuf-java-3.3.0.jar:/root/./workspace/apache/calcite/385430900/.m2/org/apache/httpcomponents/httpclient/4.5.2/httpclient-4.5.2.jar:/root/./workspace/apache/calcite/385430900/.m2/commons-codec/commons-codec/1.9/commons-codec-1.9.jar:/root/./workspace/apache/calcite/385430900/.m2/org/apache/httpcomponents/httpcore/4.4.4/httpcore-4.4.4.jar:/root/workspace/apache/calcite/385430900/linq4j/target/classes:/root/./workspace/apache/calcite/385430900/.m2/org/apache/calcite/avatica/avatica-server/1.11.0/avatica-server-1.11.0.jar:/root/./workspace/apache/calcite/385430900/.m2/javax/servlet/javax.servlet-api/3.0.1/javax.servlet-api-3.0.1.jar:/root/./workspace/apache/calcite/385430900/.m2/org/eclipse/jetty/jetty-http/9.2.19.v20160908/jetty-http-9.2.19.v20160908.jar:/root/./workspace/apache/calcite/385430900/.m2/org/eclipse/jetty/jetty-security/9.2.19.v20160908/jetty-security-9.2.19.v20160908.jar:/root/./workspace/apache/calcite/385430900/.m2/org/eclipse/jetty/jetty-server/9.2.19.v20160908/jetty-server-9.2.19.v20160908.jar:/root/./workspace/apache/calcite/385430900/.m2/org/eclipse/jetty/jetty-io/9.2.19.v20160908/jetty-io-9.2.19.v20160908.jar:/root/./workspace/apache/calcite/385430900/.m2/org/eclipse/jetty/jetty-util/9.2.19.v20160908/jetty-util-9.2.19.v20160908.jar:/root/./workspace/apache/calcite/385430900/.m2/commons-dbcp/commons-dbcp/1.4/commons-dbcp-1.4.jar:/root/./workspace/apache/calcite/385430900/.m2/commons-pool/commons-pool/1.5.4/commons-pool-1.5.4.jar:/root/./workspace/apache/calcite/385430900/.m2/org/apache/commons/commons-lang3/3.2/commons-lang3-3.2.jar:/root/./workspace/apache/calcite/385430900/.m2/com/esri/geometry/esri-geometry-api/2.0.0/esri-geometry-api-2.0.0.jar:/root/./workspace/apache/calcite/385430900/.m2/com/fasterxml/jackson/core/jackson-core/2.9.4/jackson-core-2.9.4.jar:/root/./workspace/apache/calcite/385430900/.m2/com/fasterxml/jackson/core/jackson-annotations/2.9.4/jackson-annotations-2.9.4.jar:/root/./workspace/apache/calcite/385430900/.m2/com/fasterxml/jackson/core/jackson-databind/2.9.4/jackson-databind-2.9.4.jar:/root/./workspace/apache/calcite/385430900/.m2/com/google/code/findbugs/jsr305/3.0.1/jsr305-3.0.1.jar:/root/./workspace/apache/calcite/385430900/.m2/com/google/guava/guava/19.0/guava-19.0.jar:/root/./workspace/apache/calcite/385430900/.m2/com/h2database/h2/1.4.185/h2-1.4.185.jar:/root/./workspace/apache/calcite/385430900/.m2/com/yahoo/datasketches/sketches-core/0.9.0/sketches-core-0.9.0.jar:/root/./workspace/apache/calcite/385430900/.m2/com/yahoo/datasketches/memory/0.9.0/memory-0.9.0.jar:/root/./workspace/apache/calcite/385430900/.m2/junit/junit/4.12/junit-4.12.jar:/root/./workspace/apache/calcite/385430900/.m2/mysql/mysql-connector-java/5.1.20/mysql-connector-java-5.1.20.jar:/root/./workspace/apache/calcite/385430900/.m2/net/hydromatic/aggdesigner-algorithm/6.0/aggdesigner-algorithm-6.0.jar:/root/./workspace/apache/calcite/385430900/.m2/commons-lang/commons-lang/2.4/commons-lang-2.4.jar:/root/./workspace/apache/calcite/385430900/.m2/commons-logging/commons-logging/1.1.3/commons-logging-1.1.3.jar:/root/./workspace/apache/calcite/385430900/.m2/net/hydromatic/foodmart-data-hsqldb/0.3/foodmart-data-hsqldb-0.3.jar:/root/./workspace/apache/calcite/385430900/.m2/net/hydromatic/foodmart-queries/0.4.1/foodmart-queries-0.4.1.jar:/root/./workspace/apache/calcite/385430900/.m2/net/hydromatic/quidem/0.8/quidem-0.8.jar:/root/./workspace/apache/calcite/385430900/.m2/net/hydromatic/scott-data-hsqldb/0.1/scott-data-hsqldb-0.1.jar:/root/./workspace/apache/calcite/385430900/.m2/org/codehaus/janino/janino/2.7.6/janino-2.7.6.jar:/root/./workspace/apache/calcite/385430900/.m2/org/codehaus/janino/commons-compiler/2.7.6/commons-compiler-2.7.6.jar:/root/./workspace/apache/calcite/385430900/.m2/org/hsqldb/hsqldb/2.4.0/hsqldb-2.4.0.jar:/root/./workspace/apache/calcite/385430900/.m2/org/incava/java-diff/1.1.1/java-diff-1.1.1.jar:/root/./workspace/apache/calcite/385430900/.m2/org/hamcrest/hamcrest-core/1.3/hamcrest-core-1.3.jar:/root/./workspace/apache/calcite/385430900/.m2/org/postgresql/postgresql/9.3-1102-jdbc3/postgresql-9.3-1102-jdbc3.jar:/root/./workspace/apache/calcite/385430900/.m2/org/slf4j/slf4j-api/1.7.13/slf4j-api-1.7.13.jar:/root/./workspace/apache/calcite/385430900/.m2/org/slf4j/slf4j-log4j12/1.7.13/slf4j-log4j12-1.7.13.jar:/root/./workspace/apache/calcite/385430900/.m2/log4j/log4j/1.2.17/log4j-1.2.17.jar:/root/./workspace/apache/calcite/385430900/.m2/sqlline/sqlline/1.3.0/sqlline-1.3.0.jar:/root/./workspace/apache/calcite/385430900/.m2/jline/jline/2.14.3/jline-2.14.3.jar:"/>
    <property name="sun.cpu.endian" value="little"/>
    <property name="user.home" value="/root"/>
    <property name="user.language" value="en"/>
    <property name="java.specification.vendor" value="Oracle Corporation"/>
    <property name="java.home" value="/usr/lib/jvm/java-8-openjdk-amd64/jre"/>
    <property name="basedir" value="/root/workspace/apache/calcite/385430900/core"/>
    <property name="file.separator" value="/"/>
    <property name="checkstyle.skip" value="true"/>
    <property name="line.separator" value="&#10;"/>
    <property name="skip.npm" value="true"/>
    <property name="java.vm.specification.vendor" value="Oracle Corporation"/>
    <property name="java.specification.name" value="Java Platform API Specification"/>
    <property name="java.awt.graphicsenv" value="sun.awt.X11GraphicsEnvironment"/>
    <property name="skipITs" value="true"/>
    <property name="surefire.real.class.path" value="/root/workspace/apache/calcite/385430900/core/target/surefire/surefirebooter5090689912799047580.jar"/>
    <property name="cobertura.skip" value="true"/>
    <property name="sun.boot.class.path" value="/usr/lib/jvm/java-8-openjdk-amd64/jre/lib/resources.jar:/usr/lib/jvm/java-8-openjdk-amd64/jre/lib/rt.jar:/usr/lib/jvm/java-8-openjdk-amd64/jre/lib/sunrsasign.jar:/usr/lib/jvm/java-8-openjdk-amd64/jre/lib/jsse.jar:/usr/lib/jvm/java-8-openjdk-amd64/jre/lib/jce.jar:/usr/lib/jvm/java-8-openjdk-amd64/jre/lib/charsets.jar:/usr/lib/jvm/java-8-openjdk-amd64/jre/lib/jfr.jar:/usr/lib/jvm/java-8-openjdk-amd64/jre/classes"/>
    <property name="sun.management.compiler" value="HotSpot 64-Bit Tiered Compilers"/>
    <property name="java.runtime.version" value="1.8.0_121-8u121-b13-1~bpo8+1-b13"/>
    <property name="user.name" value="root"/>
    <property name="findbugs.skip" value="true"/>
    <property name="path.separator" value=":"/>
    <property name="os.version" value="3.10.0-862.2.3.el7.x86_64"/>
    <property name="java.endorsed.dirs" value="/usr/lib/jvm/java-8-openjdk-amd64/jre/lib/endorsed"/>
    <property name="java.runtime.name" value="OpenJDK Runtime Environment"/>
    <property name="file.encoding" value="UTF-8"/>
    <property name="java.vm.name" value="OpenJDK 64-Bit Server VM"/>
    <property name="localRepository" value="/root/./workspace/apache/calcite/385430900/.m2"/>
    <property name="java.vendor.url.bug" value="http://bugreport.sun.com/bugreport/"/>
    <property name="java.io.tmpdir" value="/tmp"/>
    <property name="java.version" value="1.8.0_121"/>
    <property name="user.dir" value="/root/workspace/apache/calcite/385430900/core"/>
    <property name="os.arch" value="amd64"/>
    <property name="license.skip" value="true"/>
    <property name="java.vm.specification.name" value="Java Virtual Machine Specification"/>
    <property name="java.awt.printerjob" value="sun.print.PSPrinterJob"/>
    <property name="sun.os.patch.level" value="unknown"/>
    <property name="java.library.path" value="/usr/java/packages/lib/amd64:/usr/lib/x86_64-linux-gnu/jni:/lib/x86_64-linux-gnu:/usr/lib/x86_64-linux-gnu:/usr/lib/jni:/lib:/usr/lib"/>
    <property name="java.vm.info" value="mixed mode"/>
    <property name="java.vendor" value="Oracle Corporation"/>
    <property name="java.vm.version" value="25.121-b13"/>
    <property name="java.ext.dirs" value="/usr/lib/jvm/java-8-openjdk-amd64/jre/lib/ext:/usr/java/packages/lib/ext"/>
    <property name="sun.io.unicode.encoding" value="UnicodeLittle"/>
    <property name="maven.repo.local" value="/root/./workspace/apache/calcite/385430900/.m2"/>
    <property name="enforcer.skip" value="true"/>
    <property name="java.class.version" value="52.0"/>
  </properties>
  <testcase name="testWithInsideWhereExistsRex" classname="org.apache.calcite.test.SqlToRelConverterExtendedTest" time="0.18"/>
  <testcase name="testSampleBernoulliQuery" classname="org.apache.calcite.test.SqlToRelConverterExtendedTest" time="0.178"/>
  <testcase name="testOrderByAlias" classname="org.apache.calcite.test.SqlToRelConverterExtendedTest" time="0.202"/>
  <testcase name="testElement" classname="org.apache.calcite.test.SqlToRelConverterExtendedTest" time="0.058"/>
  <testcase name="testAggCaseInSubQuery" classname="org.apache.calcite.test.SqlToRelConverterExtendedTest" time="0.084"/>
  <testcase name="testCustomColumnResolvingWithSelectFieldNameDotStar" classname="org.apache.calcite.test.SqlToRelConverterExtendedTest" time="0.091"/>
  <testcase name="testAliasList" classname="org.apache.calcite.test.SqlToRelConverterExtendedTest" time="0.113"/>
  <testcase name="testNotNotIn" classname="org.apache.calcite.test.SqlToRelConverterExtendedTest" time="0.114"/>
  <testcase name="testIntegerLiteral" classname="org.apache.calcite.test.SqlToRelConverterExtendedTest" time="0.136"/>
  <testcase name="testInsertSubsetView" classname="org.apache.calcite.test.SqlToRelConverterExtendedTest" time="0.124"/>
  <testcase name="testOrderBySameExpr" classname="org.apache.calcite.test.SqlToRelConverterExtendedTest" time="0.054"/>
  <testcase name="testSampleBernoulli" classname="org.apache.calcite.test.SqlToRelConverterExtendedTest" time="0.133"/>
  <testcase name="testOffset0" classname="org.apache.calcite.test.SqlToRelConverterExtendedTest" time="0.158"/>
  <testcase name="testIsDistinctFrom" classname="org.apache.calcite.test.SqlToRelConverterExtendedTest" time="0.091"/>
  <testcase name="testUpdateExtendedColumnCaseSensitiveCollision" classname="org.apache.calcite.test.SqlToRelConverterExtendedTest" time="0.048"/>
  <testcase name="testDuplicateGroupingSets" classname="org.apache.calcite.test.SqlToRelConverterExtendedTest" time="0.235"/>
  <testcase name="testGroupingFunctionWithGroupBy" classname="org.apache.calcite.test.SqlToRelConverterExtendedTest" time="0.232"/>
  <testcase name="testIdenticalExpressionInSubQuery" classname="org.apache.calcite.test.SqlToRelConverterExtendedTest" time="0.187"/>
  <testcase name="testNotExistsCorrelated" classname="org.apache.calcite.test.SqlToRelConverterExtendedTest" time="0.197"/>
  <testcase name="testOffsetFetchWithDynamicParameter" classname="org.apache.calcite.test.SqlToRelConverterExtendedTest" time="0.161"/>
  <testcase name="testReferDynamicStarInSelectOB" classname="org.apache.calcite.test.SqlToRelConverterExtendedTest" time="0.035"/>
  <testcase name="testNotInUncorrelatedSubQueryInSelectMayBeNull" classname="org.apache.calcite.test.SqlToRelConverterExtendedTest" time="0.246"/>
  <testcase name="testNestedCorrelations" classname="org.apache.calcite.test.SqlToRelConverterExtendedTest" time="0.129"/>
  <testcase name="testLateralDecorrelateRex" classname="org.apache.calcite.test.SqlToRelConverterExtendedTest" time="0.101"/>
  <testcase name="testNestedCorrelationsDecorrelated" classname="org.apache.calcite.test.SqlToRelConverterExtendedTest" time="0.252"/>
  <testcase name="testDeleteWhere" classname="org.apache.calcite.test.SqlToRelConverterExtendedTest" time="0.114"/>
  <testcase name="testCorrelatedSubQueryInJoin" classname="org.apache.calcite.test.SqlToRelConverterExtendedTest" time="0.205"/>
  <testcase name="testInsertBindExtendedColumnModifiableView" classname="org.apache.calcite.test.SqlToRelConverterExtendedTest" time="0.115"/>
  <testcase name="testNestedAggregates" classname="org.apache.calcite.test.SqlToRelConverterExtendedTest" time="0.237"/>
  <testcase name="testTableExpression" classname="org.apache.calcite.test.SqlToRelConverterExtendedTest" time="0.06"/>
  <testcase name="testJoinNaturalMultipleCommonColumn" classname="org.apache.calcite.test.SqlToRelConverterExtendedTest" time="0.313"/>
  <testcase name="testGroupingSetsCartesianProduct" classname="org.apache.calcite.test.SqlToRelConverterExtendedTest" time="0.1"/>
  <testcase name="testLateralDecorrelate" classname="org.apache.calcite.test.SqlToRelConverterExtendedTest" time="0.332"/>
  <testcase name="testHavingAggrFunctionIn" classname="org.apache.calcite.test.SqlToRelConverterExtendedTest" time="0.115"/>
  <testcase name="testWindowAverageWithGroupBy" classname="org.apache.calcite.test.SqlToRelConverterExtendedTest" time="0.335"/>
  <testcase name="testExistsCorrelatedDecorrelateRex" classname="org.apache.calcite.test.SqlToRelConverterExtendedTest" time="0.236"/>
  <testcase name="testWithUnionOrder" classname="org.apache.calcite.test.SqlToRelConverterExtendedTest" time="0.236"/>
  <testcase name="testStreamGroupBy" classname="org.apache.calcite.test.SqlToRelConverterExtendedTest" time="0.034"/>
  <testcase name="testGroupingSetsCartesianProduct2" classname="org.apache.calcite.test.SqlToRelConverterExtendedTest" time="0.196"/>
  <testcase name="testCorrelationNotExistsAndFilter" classname="org.apache.calcite.test.SqlToRelConverterExtendedTest" time="0.427"/>
  <testcase name="testMultisetOfColumns" classname="org.apache.calcite.test.SqlToRelConverterExtendedTest" time="0.058"/>
  <testcase name="testUpdateExtendedColumnModifiableViewCollision" classname="org.apache.calcite.test.SqlToRelConverterExtendedTest" time="0.352"/>
  <testcase name="testSubQueryOr" classname="org.apache.calcite.test.SqlToRelConverterExtendedTest" time="0.213"/>
  <testcase name="testJoinOnExpression" classname="org.apache.calcite.test.SqlToRelConverterExtendedTest" time="0.213"/>
  <testcase name="testWhereInCorrelated" classname="org.apache.calcite.test.SqlToRelConverterExtendedTest" time="0.23"/>
  <testcase name="testInsertBindExtendedColumn" classname="org.apache.calcite.test.SqlToRelConverterExtendedTest" time="0.23"/>
  <testcase name="testMatchRecognizeMeasures1" classname="org.apache.calcite.test.SqlToRelConverterExtendedTest" time="0.359"/>
  <testcase name="testMatchRecognizeMeasures2" classname="org.apache.calcite.test.SqlToRelConverterExtendedTest" time="0.04"/>
  <testcase name="testMatchRecognizeMeasures3" classname="org.apache.calcite.test.SqlToRelConverterExtendedTest" time="0.35"/>
  <testcase name="testOverAvg" classname="org.apache.calcite.test.SqlToRelConverterExtendedTest" time="0.188"/>
  <testcase name="testOrderByAliasOverrides" classname="org.apache.calcite.test.SqlToRelConverterExtendedTest" time="0.188"/>
  <testcase name="testJoinNatural" classname="org.apache.calcite.test.SqlToRelConverterExtendedTest" time="0.212"/>
  <testcase name="testInsertBindModifiableView" classname="org.apache.calcite.test.SqlToRelConverterExtendedTest" time="0.367"/>
  <testcase name="testCorrelationMultiScalarAggregate" classname="org.apache.calcite.test.SqlToRelConverterExtendedTest" time="0.067"/>
  <testcase name="testCollectionTableWithCursorParam" classname="org.apache.calcite.test.SqlToRelConverterExtendedTest" time="0.327"/>
  <testcase name="testDynamicStarInTableJoin" classname="org.apache.calcite.test.SqlToRelConverterExtendedTest" time="0.187"/>
  <testcase name="testOrderByOrdinalDesc" classname="org.apache.calcite.test.SqlToRelConverterExtendedTest" time="0.424"/>
  <testcase name="testModifiableViewDdlExtend" classname="org.apache.calcite.test.SqlToRelConverterExtendedTest" time="0.163"/>
  <testcase name="testUserDefinedOrderByOver" classname="org.apache.calcite.test.SqlToRelConverterExtendedTest" time="0.177"/>
  <testcase name="testCorrelationExistsAndFilter" classname="org.apache.calcite.test.SqlToRelConverterExtendedTest" time="0.161"/>
  <testcase name="testUpdateBind2" classname="org.apache.calcite.test.SqlToRelConverterExtendedTest" time="0.281"/>
  <testcase name="testUpdateExtendedColumnModifiableViewUnderlyingCollision" classname="org.apache.calcite.test.SqlToRelConverterExtendedTest" time="0.236"/>
  <testcase name="testUpdateWhere" classname="org.apache.calcite.test.SqlToRelConverterExtendedTest" time="0.222"/>
  <testcase name="testOverCountStar" classname="org.apache.calcite.test.SqlToRelConverterExtendedTest" time="0.104"/>
  <testcase name="testUpdateBindExtendedColumn" classname="org.apache.calcite.test.SqlToRelConverterExtendedTest" time="0">
    <skipped message="CALCITE-1708"/>
  </testcase>
  <testcase name="testGroup" classname="org.apache.calcite.test.SqlToRelConverterExtendedTest" time="0.308"/>
  <testcase name="testFetch" classname="org.apache.calcite.test.SqlToRelConverterExtendedTest" time="0.162"/>
  <testcase name="testLarge" classname="org.apache.calcite.test.SqlToRelConverterExtendedTest" time="0.926"/>
  <testcase name="testMerge" classname="org.apache.calcite.test.SqlToRelConverterExtendedTest" time="0">
    <skipped message="CALCITE-985"/>
  </testcase>
  <testcase name="testValuesUsing" classname="org.apache.calcite.test.SqlToRelConverterExtendedTest" time="0.254"/>
  <testcase name="testOrder" classname="org.apache.calcite.test.SqlToRelConverterExtendedTest" time="0.674"/>
  <testcase name="testInsertViewWithCustomColumnResolving" classname="org.apache.calcite.test.SqlToRelConverterExtendedTest" time="0.19"/>
  <testcase name="testUnion" classname="org.apache.calcite.test.SqlToRelConverterExtendedTest" time="0.146"/>
  <testcase name="testCorrelationExistsAndFilterThetaRex" classname="org.apache.calcite.test.SqlToRelConverterExtendedTest" time="0.298"/>
  <testcase name="testSelectDynamicStarOrderBy" classname="org.apache.calcite.test.SqlToRelConverterExtendedTest" time="0.152"/>
  <testcase name="testOrderByAliasDoesNotOverride" classname="org.apache.calcite.test.SqlToRelConverterExtendedTest" time="0"/>
  <testcase name="testCase" classname="org.apache.calcite.test.SqlToRelConverterExtendedTest" time="0.152"/>
  <testcase name="testCube" classname="org.apache.calcite.test.SqlToRelConverterExtendedTest" time="0.064"/>
  <testcase name="testSome" classname="org.apache.calcite.test.SqlToRelConverterExtendedTest" time="0.248"/>
  <testcase name="testWith" classname="org.apache.calcite.test.SqlToRelConverterExtendedTest" time="0.157"/>
  <testcase name="testCorrelatedSubQueryInAggregate" classname="org.apache.calcite.test.SqlToRelConverterExtendedTest" time="0.265"/>
  <testcase name="testGrpByColFromStarInSubQuery" classname="org.apache.calcite.test.SqlToRelConverterExtendedTest" time="0.16"/>
  <testcase name="testUpdateExtendedColumnModifiableViewExtendedCollision" classname="org.apache.calcite.test.SqlToRelConverterExtendedTest" time="0.16"/>
  <testcase name="testExistsCorrelated" classname="org.apache.calcite.test.SqlToRelConverterExtendedTest" time="0.147"/>
  <testcase name="testNotInUncorrelatedSubQueryInSelectRex" classname="org.apache.calcite.test.SqlToRelConverterExtendedTest" time="0.238"/>
  <testcase name="testUpdateBind" classname="org.apache.calcite.test.SqlToRelConverterExtendedTest" time="0.056"/>
  <testcase name="testSelectViewExtendedColumnExtendedCollision" classname="org.apache.calcite.test.SqlToRelConverterExtendedTest" time="0.384"/>
  <testcase name="testOverMultiple" classname="org.apache.calcite.test.SqlToRelConverterExtendedTest" time="0.267"/>
  <testcase name="testGroupingSetsWithRollupCube" classname="org.apache.calcite.test.SqlToRelConverterExtendedTest" time="0.09"/>
  <testcase name="testIntervalLiteralYearToMonth" classname="org.apache.calcite.test.SqlToRelConverterExtendedTest" time="0.111"/>
  <testcase name="testWindowOnDynamicStar" classname="org.apache.calcite.test.SqlToRelConverterExtendedTest" time="0.135"/>
  <testcase name="testDynamicSchemaUnnest" classname="org.apache.calcite.test.SqlToRelConverterExtendedTest" time="0.109"/>
  <testcase name="testSelectViewExtendedColumnCollision" classname="org.apache.calcite.test.SqlToRelConverterExtendedTest" time="0.583"/>
  <testcase name="testCorrelationJoin" classname="org.apache.calcite.test.SqlToRelConverterExtendedTest" time="0.123"/>
  <testcase name="testNotInUncorrelatedSubQueryRex" classname="org.apache.calcite.test.SqlToRelConverterExtendedTest" time="0.224"/>
  <testcase name="testInsertBindSubsetModifiableView" classname="org.apache.calcite.test.SqlToRelConverterExtendedTest" time="0.167"/>
  <testcase name="testJoinUsingCompound" classname="org.apache.calcite.test.SqlToRelConverterExtendedTest" time="0.126"/>
  <testcase name="testPrevClassifier" classname="org.apache.calcite.test.SqlToRelConverterExtendedTest" time="0.136"/>
  <testcase name="testInsertWithCustomInitializerExpressionFactory" classname="org.apache.calcite.test.SqlToRelConverterExtendedTest" time="0.242"/>
  <testcase name="testStreamWindowedAggregation" classname="org.apache.calcite.test.SqlToRelConverterExtendedTest" time="0.101"/>
  <testcase name="testExistsCorrelatedLimit" classname="org.apache.calcite.test.SqlToRelConverterExtendedTest" time="0.272"/>
  <testcase name="testTableExtend" classname="org.apache.calcite.test.SqlToRelConverterExtendedTest" time="0.115"/>
  <testcase name="testIntervalLiteralHourToMinute" classname="org.apache.calcite.test.SqlToRelConverterExtendedTest" time="0.101"/>
  <testcase name="testExplicitTable" classname="org.apache.calcite.test.SqlToRelConverterExtendedTest" time="0.2"/>
  <testcase name="testInsertExtendedColumnModifiableView" classname="org.apache.calcite.test.SqlToRelConverterExtendedTest" time="0.18"/>
  <testcase name="testNestedCorrelationsDecorrelatedRex" classname="org.apache.calcite.test.SqlToRelConverterExtendedTest" time="0.157"/>
  <testcase name="testSelectStreamPartitionDistinct" classname="org.apache.calcite.test.SqlToRelConverterExtendedTest" time="0.301"/>
  <testcase name="testUncorrelatedScalarSubQueryInGroupOrderRex" classname="org.apache.calcite.test.SqlToRelConverterExtendedTest" time="0.174"/>
  <testcase name="testJoinOnIn" classname="org.apache.calcite.test.SqlToRelConverterExtendedTest" time="0.113"/>
  <testcase name="testUncorrelatedScalarSubQueryInOrderRex" classname="org.apache.calcite.test.SqlToRelConverterExtendedTest" time="0.244"/>
  <testcase name="testOrderOffsetFetchWithDynamicParameter" classname="org.apache.calcite.test.SqlToRelConverterExtendedTest" time="0.056"/>
  <testcase name="testModifiableViewExtend" classname="org.apache.calcite.test.SqlToRelConverterExtendedTest" time="0.093"/>
  <testcase name="testGroupingFunction" classname="org.apache.calcite.test.SqlToRelConverterExtendedTest" time="0.236"/>
  <testcase name="testTumbleTable" classname="org.apache.calcite.test.SqlToRelConverterExtendedTest" time="0.134"/>
  <testcase name="testJoinUnnestRex" classname="org.apache.calcite.test.SqlToRelConverterExtendedTest" time="0.113"/>
  <testcase name="testTableExtendExpression" classname="org.apache.calcite.test.SqlToRelConverterExtendedTest" time="0.13"/>
  <testcase name="testSelectStarFromDynamicTable" classname="org.apache.calcite.test.SqlToRelConverterExtendedTest" time="0.251"/>
  <testcase name="testGroupingSetsWith" classname="org.apache.calcite.test.SqlToRelConverterExtendedTest" time="0.077"/>
  <testcase name="testGroupByContainsLiterals" classname="org.apache.calcite.test.SqlToRelConverterExtendedTest" time="0.237"/>
  <testcase name="testConditionOffByOneReversed" classname="org.apache.calcite.test.SqlToRelConverterExtendedTest" time="0.139"/>
  <testcase name="testGroupByWithDuplicates" classname="org.apache.calcite.test.SqlToRelConverterExtendedTest" time="0.121"/>
  <testcase name="testSampleQuery" classname="org.apache.calcite.test.SqlToRelConverterExtendedTest" time="0.136"/>
  <testcase name="testMatchRecognizePrevDown" classname="org.apache.calcite.test.SqlToRelConverterExtendedTest" time="0.286"/>
  <testcase name="testMatchRecognizePrevLast" classname="org.apache.calcite.test.SqlToRelConverterExtendedTest" time="0.096"/>
  <testcase name="testArrayOfRecord" classname="org.apache.calcite.test.SqlToRelConverterExtendedTest" time="0.224"/>
  <testcase name="testLateral" classname="org.apache.calcite.test.SqlToRelConverterExtendedTest" time="0.164"/>
  <testcase name="testAggFilter" classname="org.apache.calcite.test.SqlToRelConverterExtendedTest" time="0.149"/>
  <testcase name="testMatchRecognize1" classname="org.apache.calcite.test.SqlToRelConverterExtendedTest" time="0.164"/>
  <testcase name="testTableSubset" classname="org.apache.calcite.test.SqlToRelConverterExtendedTest" time="0.273"/>
  <testcase name="testGroupBug281" classname="org.apache.calcite.test.SqlToRelConverterExtendedTest" time="0.096"/>
  <testcase name="testElementInValues" classname="org.apache.calcite.test.SqlToRelConverterExtendedTest" time="0.263"/>
  <testcase name="testNotInWithLiteral" classname="org.apache.calcite.test.SqlToRelConverterExtendedTest" time="0.097"/>
  <testcase name="testSubQueryAggregateFunctionFollowedBySimpleOperation" classname="org.apache.calcite.test.SqlToRelConverterExtendedTest" time="0.082"/>
  <testcase name="testUnnestSubQuery" classname="org.apache.calcite.test.SqlToRelConverterExtendedTest" time="0.153"/>
  <testcase name="testNotInUncorrelatedSubQuery" classname="org.apache.calcite.test.SqlToRelConverterExtendedTest" time="0.285"/>
  <testcase name="testDeleteBindExtendedColumnModifiableView" classname="org.apache.calcite.test.SqlToRelConverterExtendedTest" time="0.129"/>
  <testcase name="testOrderByOrdinalInExpr" classname="org.apache.calcite.test.SqlToRelConverterExtendedTest" time="0.166"/>
  <testcase name="testOrderDistinct" classname="org.apache.calcite.test.SqlToRelConverterExtendedTest" time="0.304"/>
  <testcase name="testSampleSystemQuery" classname="org.apache.calcite.test.SqlToRelConverterExtendedTest" time="0.115"/>
  <testcase name="testDynamicStarInJoinAndSubQ" classname="org.apache.calcite.test.SqlToRelConverterExtendedTest" time="0.147"/>
  <testcase name="testNotInUncorrelatedSubQueryInSelect" classname="org.apache.calcite.test.SqlToRelConverterExtendedTest" time="0.275"/>
  <testcase name="testUpdateExtendedColumnModifiableView" classname="org.apache.calcite.test.SqlToRelConverterExtendedTest" time="0.073"/>
  <testcase name="testUnionInFrom" classname="org.apache.calcite.test.SqlToRelConverterExtendedTest" time="0.138"/>
  <testcase name="testCollectionTableWithLateral2" classname="org.apache.calcite.test.SqlToRelConverterExtendedTest" time="0.27"/>
  <testcase name="testInsertWithCustomColumnResolving2" classname="org.apache.calcite.test.SqlToRelConverterExtendedTest" time="0.108"/>
  <testcase name="testCollectionTableWithLateral3" classname="org.apache.calcite.test.SqlToRelConverterExtendedTest" time="0.149"/>
  <testcase name="testWindowAggWithGroupByAndJoin" classname="org.apache.calcite.test.SqlToRelConverterExtendedTest" time="0.284"/>
  <testcase name="testInsertSubsetWithCustomInitializerExpressionFactory" classname="org.apache.calcite.test.SqlToRelConverterExtendedTest" time="0.078"/>
  <testcase name="testOrderByNegativeOrdinal" classname="org.apache.calcite.test.SqlToRelConverterExtendedTest" time="0.153"/>
  <testcase name="testOffsetWithDynamicParameter" classname="org.apache.calcite.test.SqlToRelConverterExtendedTest" time="0.271"/>
  <testcase name="testUnionSubQuery" classname="org.apache.calcite.test.SqlToRelConverterExtendedTest" time="0.109"/>
  <testcase name="testCharLength" classname="org.apache.calcite.test.SqlToRelConverterExtendedTest" time="0.156"/>
  <testcase name="testSomeValueList" classname="org.apache.calcite.test.SqlToRelConverterExtendedTest" time="0.334"/>
  <testcase name="testStarJoinStaticDynTable" classname="org.apache.calcite.test.SqlToRelConverterExtendedTest" time="0.085"/>
  <testcase name="testInValueListShort" classname="org.apache.calcite.test.SqlToRelConverterExtendedTest" time="0.286"/>
  <testcase name="testGroupingSetsWithRollup" classname="org.apache.calcite.test.SqlToRelConverterExtendedTest" time="0.281"/>
  <testcase name="testUpdateBindExtendedColumnModifiableView" classname="org.apache.calcite.test.SqlToRelConverterExtendedTest" time="0">
    <skipped message="CALCITE-1708"/>
  </testcase>
  <testcase name="testSelectDistinct" classname="org.apache.calcite.test.SqlToRelConverterExtendedTest" time="0.096"/>
  <testcase name="testOrderGroup" classname="org.apache.calcite.test.SqlToRelConverterExtendedTest" time="0.141"/>
  <testcase name="testOrderUnion" classname="org.apache.calcite.test.SqlToRelConverterExtendedTest" time="0.335"/>
  <testcase name="testSelectModifiableViewConstraint" classname="org.apache.calcite.test.SqlToRelConverterExtendedTest" time="0.153"/>
  <testcase name="testOrderOffsetFetch" classname="org.apache.calcite.test.SqlToRelConverterExtendedTest" time="0.16"/>
  <testcase name="testAggregateNoGroup" classname="org.apache.calcite.test.SqlToRelConverterExtendedTest" time="0.16"/>
  <testcase name="testInsertBindSubset" classname="org.apache.calcite.test.SqlToRelConverterExtendedTest" time="0.327"/>
  <testcase name="testSortWithTrim" classname="org.apache.calcite.test.SqlToRelConverterExtendedTest" time="0.115"/>
  <testcase name="testRollupSimple" classname="org.apache.calcite.test.SqlToRelConverterExtendedTest" time="0.132"/>
  <testcase name="testWithInsideWhereExists" classname="org.apache.calcite.test.SqlToRelConverterExtendedTest" time="0.327"/>
  <testcase name="testJoinUsing" classname="org.apache.calcite.test.SqlToRelConverterExtendedTest" time="0.175"/>
  <testcase name="testAggCaseSubQuery" classname="org.apache.calcite.test.SqlToRelConverterExtendedTest" time="0.189"/>
  <testcase name="testRollupTuples" classname="org.apache.calcite.test.SqlToRelConverterExtendedTest" time="0.175"/>
  <testcase name="testUpdateExtendedColumnCollision" classname="org.apache.calcite.test.SqlToRelConverterExtendedTest" time="0.188"/>
  <testcase name="testUnionValues" classname="org.apache.calcite.test.SqlToRelConverterExtendedTest" time="0.367"/>
  <testcase name="testUpdateExtendedColumnModifiableViewExtendedCaseSensitiveCollision" classname="org.apache.calcite.test.SqlToRelConverterExtendedTest" time="0.165"/>
  <testcase name="testSelectViewExtendedColumnUnderlyingCollision" classname="org.apache.calcite.test.SqlToRelConverterExtendedTest" time="0.15"/>
  <testcase name="testOverOrderFollowingWindow" classname="org.apache.calcite.test.SqlToRelConverterExtendedTest" time="0.48"/>
  <testcase name="testInsertBind" classname="org.apache.calcite.test.SqlToRelConverterExtendedTest" time="0.14"/>
  <testcase name="testInsertView" classname="org.apache.calcite.test.SqlToRelConverterExtendedTest" time="0.155"/>
  <testcase name="testGroupByAliasEqualToColumnName" classname="org.apache.calcite.test.SqlToRelConverterExtendedTest" time="0.067"/>
  <testcase name="testCorrelationScalarAggAndFilterRex" classname="org.apache.calcite.test.SqlToRelConverterExtendedTest" time="0.141"/>
  <testcase name="testCollectionTableWithLateral" classname="org.apache.calcite.test.SqlToRelConverterExtendedTest" time="0.317"/>
  <testcase name="testModifiableViewExtendSubset" classname="org.apache.calcite.test.SqlToRelConverterExtendedTest" time="0.169"/>
  <testcase name="testInUncorrelatedSubQueryRex" classname="org.apache.calcite.test.SqlToRelConverterExtendedTest" time="0.155"/>
  <testcase name="testHopTable" classname="org.apache.calcite.test.SqlToRelConverterExtendedTest" time="0.19"/>
  <testcase name="testWithInsideWhereExistsDecorrelate" classname="org.apache.calcite.test.SqlToRelConverterExtendedTest" time="0.373"/>
  <testcase name="testCountNoGroup" classname="org.apache.calcite.test.SqlToRelConverterExtendedTest" time="0.111"/>
  <testcase name="testOrderUnionOrdinal" classname="org.apache.calcite.test.SqlToRelConverterExtendedTest" time="0.192"/>
  <testcase name="testSessionTable" classname="org.apache.calcite.test.SqlToRelConverterExtendedTest" time="0.159"/>
  <testcase name="testMatchRecognizePatternSkip1" classname="org.apache.calcite.test.SqlToRelConverterExtendedTest" time="0.392"/>
  <testcase name="testUnionAll" classname="org.apache.calcite.test.SqlToRelConverterExtendedTest" time="0.183"/>
  <testcase name="testHavingInSubQueryWithAggrFunction" classname="org.apache.calcite.test.SqlToRelConverterExtendedTest" time="0.095"/>
  <testcase name="testUnnestArray" classname="org.apache.calcite.test.SqlToRelConverterExtendedTest" time="0.119"/>
  <testcase name="testNotInUncorrelatedSubQueryInSelectDeduceNotNull" classname="org.apache.calcite.test.SqlToRelConverterExtendedTest" time="0.456"/>
  <testcase name="testFetchWithDynamicParameter" classname="org.apache.calcite.test.SqlToRelConverterExtendedTest" time="0.186"/>
  <testcase name="testOrderByOver" classname="org.apache.calcite.test.SqlToRelConverterExtendedTest" time="0.183"/>
  <testcase name="testInToSemiJoin" classname="org.apache.calcite.test.SqlToRelConverterExtendedTest" time="0.435"/>
  <testcase name="testOrderUnionExprs" classname="org.apache.calcite.test.SqlToRelConverterExtendedTest" time="0.4"/>
  <testcase name="testGroupAlias" classname="org.apache.calcite.test.SqlToRelConverterExtendedTest" time="0.241"/>
  <testcase name="testGroupEmpty" classname="org.apache.calcite.test.SqlToRelConverterExtendedTest" time="0.207"/>
  <testcase name="testAggregateAndScalarSubQueryInHaving" classname="org.apache.calcite.test.SqlToRelConverterExtendedTest" time="0.274"/>
  <testcase name="testOffsetFetch" classname="org.apache.calcite.test.SqlToRelConverterExtendedTest" time="0.415"/>
  <testcase name="testUnnestArrayPlanAs" classname="org.apache.calcite.test.SqlToRelConverterExtendedTest" time="0.212"/>
  <testcase name="testAliasInHaving" classname="org.apache.calcite.test.SqlToRelConverterExtendedTest" time="0.191"/>
  <testcase name="testConditionOffByOne" classname="org.apache.calcite.test.SqlToRelConverterExtendedTest" time="4.945"/>
  <testcase name="testJoinNaturalNoCommonColumn" classname="org.apache.calcite.test.SqlToRelConverterExtendedTest" time="0.195"/>
  <testcase name="testGroupByCaseIn" classname="org.apache.calcite.test.SqlToRelConverterExtendedTest" time="0.063"/>
  <testcase name="testExistsCorrelatedLimitDecorrelateRex" classname="org.apache.calcite.test.SqlToRelConverterExtendedTest" time="0.028"/>
  <testcase name="testJoinOnExists" classname="org.apache.calcite.test.SqlToRelConverterExtendedTest" time="0.067"/>
  <testcase name="testFlattenRecords" classname="org.apache.calcite.test.SqlToRelConverterExtendedTest" time="7.874"/>
  <testcase name="testSelectFromDynamicTable" classname="org.apache.calcite.test.SqlToRelConverterExtendedTest" time="4.766"/>
  <testcase name="testWithInsideWhereExistsDecorrelateRex" classname="org.apache.calcite.test.SqlToRelConverterExtendedTest" time="4.786"/>
  <testcase name="testExistsCorrelatedDecorrelate" classname="org.apache.calcite.test.SqlToRelConverterExtendedTest" time="4.785"/>
  <testcase name="testInValueListLong" classname="org.apache.calcite.test.SqlToRelConverterExtendedTest" time="4.786"/>
  <testcase name="testSelectViewExtendedColumnCaseSensitiveCollision" classname="org.apache.calcite.test.SqlToRelConverterExtendedTest" time="7.859"/>
  <testcase name="testDeleteBindExtendedColumn" classname="org.apache.calcite.test.SqlToRelConverterExtendedTest" time="4.812"/>
  <testcase name="testWindowAggWithGroupByAndHaving" classname="org.apache.calcite.test.SqlToRelConverterExtendedTest" time="4.72"/>
  <testcase name="testJoinUnnest" classname="org.apache.calcite.test.SqlToRelConverterExtendedTest" time="8.473"/>
  <testcase name="testCustomColumnResolving" classname="org.apache.calcite.test.SqlToRelConverterExtendedTest" time="3.087"/>
  <testcase name="testSelectViewExtendedColumnCaseSensitiveUnderlyingCollision" classname="org.apache.calcite.test.SqlToRelConverterExtendedTest" time="0.063"/>
  <testcase name="testAggregateAndScalarSubQueryInSelect" classname="org.apache.calcite.test.SqlToRelConverterExtendedTest" time="3.109"/>
  <testcase name="testCollectionTable" classname="org.apache.calcite.test.SqlToRelConverterExtendedTest" time="3.109"/>
  <testcase name="testNotInUncorrelatedSubQueryInSelectNotNull" classname="org.apache.calcite.test.SqlToRelConverterExtendedTest" time="8.44"/>
  <testcase name="testDeleteBindModifiableView" classname="org.apache.calcite.test.SqlToRelConverterExtendedTest" time="5.669"/>
  <testcase name="testGroupBug281b" classname="org.apache.calcite.test.SqlToRelConverterExtendedTest" time="5.669"/>
  <testcase name="testTableExtendSubset" classname="org.apache.calcite.test.SqlToRelConverterExtendedTest" time="2.662"/>
  <testcase name="testUnnestWithOrdinality" classname="org.apache.calcite.test.SqlToRelConverterExtendedTest" time="10.081"/>
  <testcase name="testCorrelationScalarAggAndFilter" classname="org.apache.calcite.test.SqlToRelConverterExtendedTest" time="5.374"/>
  <testcase name="testGroupingSets" classname="org.apache.calcite.test.SqlToRelConverterExtendedTest" time="5.394"/>
  <testcase name="testInsertExtendedColumn" classname="org.apache.calcite.test.SqlToRelConverterExtendedTest" time="5.393"/>
  <testcase name="testGroupByAlias" classname="org.apache.calcite.test.SqlToRelConverterExtendedTest" time="5.101"/>
  <testcase name="testSubQueryValues" classname="org.apache.calcite.test.SqlToRelConverterExtendedTest" time="10.266"/>
  <testcase name="testCustomColumnResolving2" classname="org.apache.calcite.test.SqlToRelConverterExtendedTest" time="5.101"/>
  <testcase name="testCustomColumnResolving3" classname="org.apache.calcite.test.SqlToRelConverterExtendedTest" time="2.409"/>
  <testcase name="testCustomColumnResolving4" classname="org.apache.calcite.test.SqlToRelConverterExtendedTest" time="7.597"/>
  <testcase name="testCustomColumnResolving5" classname="org.apache.calcite.test.SqlToRelConverterExtendedTest" time="4.699"/>
  <testcase name="testInsertModifiableView" classname="org.apache.calcite.test.SqlToRelConverterExtendedTest" time="2.358"/>
  <testcase name="testDynamicNestedColumn" classname="org.apache.calcite.test.SqlToRelConverterExtendedTest" time="4.716"/>
  <testcase name="testDeleteBind" classname="org.apache.calcite.test.SqlToRelConverterExtendedTest" time="2.385"/>
  <testcase name="testUnnestSelectRex" classname="org.apache.calcite.test.SqlToRelConverterExtendedTest" time="10.749"/>
  <testcase name="testWithExists" classname="org.apache.calcite.test.SqlToRelConverterExtendedTest" time="5.157"/>
  <testcase name="testJoinWithUnion" classname="org.apache.calcite.test.SqlToRelConverterExtendedTest" time="5.172"/>
  <testcase name="testSelectOverDistinct" classname="org.apache.calcite.test.SqlToRelConverterExtendedTest" time="2.866"/>
  <testcase name="testLateralDecorrelateThetaRex" classname="org.apache.calcite.test.SqlToRelConverterExtendedTest" time="11.442"/>
  <testcase name="testAggScalarSubQuery" classname="org.apache.calcite.test.SqlToRelConverterExtendedTest" time="5.337"/>
  <testcase name="testInUncorrelatedSubQuery" classname="org.apache.calcite.test.SqlToRelConverterExtendedTest" time="5.379"/>
  <testcase name="testWindowAggWithGroupBy" classname="org.apache.calcite.test.SqlToRelConverterExtendedTest" time="2.598"/>
  <testcase name="testSampleSystem" classname="org.apache.calcite.test.SqlToRelConverterExtendedTest" time="13.467"/>
  <testcase name="testSelectViewExtendedColumnCaseSensitiveExtendedCollision" classname="org.apache.calcite.test.SqlToRelConverterExtendedTest" time="5.574"/>
  <testcase name="testAggNoDuplicateColumnNames" classname="org.apache.calcite.test.SqlToRelConverterExtendedTest" time="5.6"/>
  <testcase name="testJoinUsingThreeWay" classname="org.apache.calcite.test.SqlToRelConverterExtendedTest" time="5.553"/>
  <testcase name="testNotInUncorrelatedSubQueryInSelectNotNullRex" classname="org.apache.calcite.test.SqlToRelConverterExtendedTest" time="13.525"/>
  <testcase name="testDynStarInExistSubQ" classname="org.apache.calcite.test.SqlToRelConverterExtendedTest" time="6.071"/>
  <testcase name="testAggDistinct" classname="org.apache.calcite.test.SqlToRelConverterExtendedTest" time="6.098"/>
  <testcase name="testInsertWithCustomColumnResolving" classname="org.apache.calcite.test.SqlToRelConverterExtendedTest" time="3.144"/>
  <testcase name="testOverAvg2" classname="org.apache.calcite.test.SqlToRelConverterExtendedTest" time="15.634"/>
  <testcase name="testOrderByIdenticalExpr" classname="org.apache.calcite.test.SqlToRelConverterExtendedTest" time="7.882"/>
  <testcase name="testWithInsideScalarSubQuery" classname="org.apache.calcite.test.SqlToRelConverterExtendedTest" time="7.906"/>
  <testcase name="testDelete" classname="org.apache.calcite.test.SqlToRelConverterExtendedTest" time="7.889"/>
  <testcase name="testInterval" classname="org.apache.calcite.test.SqlToRelConverterExtendedTest" time="0.003"/>
  <testcase name="testExplainAsXml" classname="org.apache.calcite.test.SqlToRelConverterExtendedTest" time="0.013"/>
  <testcase name="testGroupingSetsProduct" classname="org.apache.calcite.test.SqlToRelConverterExtendedTest" time="7.439"/>
  <testcase name="testTumbleTableRowtimeNotFirstColumn" classname="org.apache.calcite.test.SqlToRelConverterExtendedTest" time="7.417"/>
  <testcase name="testExists" classname="org.apache.calcite.test.SqlToRelConverterExtendedTest" time="13.381"/>
  <testcase name="testUnnestArrayPlan" classname="org.apache.calcite.test.SqlToRelConverterExtendedTest" time="7.41"/>
  <testcase name="testAllValueList" classname="org.apache.calcite.test.SqlToRelConverterExtendedTest" time="7.399"/>
  <testcase name="testSelectDistinctDup" classname="org.apache.calcite.test.SqlToRelConverterExtendedTest" time="5.189"/>
  <testcase name="testGroupByExpression" classname="org.apache.calcite.test.SqlToRelConverterExtendedTest" time="9.93"/>
  <testcase name="testMultiAnd" classname="org.apache.calcite.test.SqlToRelConverterExtendedTest" time="7.729"/>
  <testcase name="testMultiset" classname="org.apache.calcite.test.SqlToRelConverterExtendedTest" time="7.745"/>
  <testcase name="testInUncorrelatedSubQueryInSelectRex" classname="org.apache.calcite.test.SqlToRelConverterExtendedTest" time="5.246"/>
  <testcase name="testCorrelationExistsAndFilterRex" classname="org.apache.calcite.test.SqlToRelConverterExtendedTest" time="5.951"/>
  <testcase name="testHaving" classname="org.apache.calcite.test.SqlToRelConverterExtendedTest" time="5.931"/>
  <testcase name="testGroupJustOneAgg" classname="org.apache.calcite.test.SqlToRelConverterExtendedTest" time="10.6"/>
  <testcase name="testIsNotDistinctFrom" classname="org.apache.calcite.test.SqlToRelConverterExtendedTest" time="5.938"/>
  <testcase name="testInsert" classname="org.apache.calcite.test.SqlToRelConverterExtendedTest" time="3.415"/>
  <testcase name="testFakeStar" classname="org.apache.calcite.test.SqlToRelConverterExtendedTest" time="2.204"/>
  <testcase name="testOrderByAliasInExpr" classname="org.apache.calcite.test.SqlToRelConverterExtendedTest" time="8.297"/>
  <testcase name="testJoinOn" classname="org.apache.calcite.test.SqlToRelConverterExtendedTest" time="2.134"/>
  <testcase name="testCorrelationJoinRex" classname="org.apache.calcite.test.SqlToRelConverterExtendedTest" time="5.31"/>
  <testcase name="testOverOrderWindow" classname="org.apache.calcite.test.SqlToRelConverterExtendedTest" time="10.911"/>
  <testcase name="testModifiableViewExtendExpression" classname="org.apache.calcite.test.SqlToRelConverterExtendedTest" time="4.673"/>
  <testcase name="testCustomColumnResolvingWithSelectStar" classname="org.apache.calcite.test.SqlToRelConverterExtendedTest" time="4.635"/>
  <testcase name="testOrderDescNullsLast" classname="org.apache.calcite.test.SqlToRelConverterExtendedTest" time="14.062"/>
  <testcase name="testWithAlias" classname="org.apache.calcite.test.SqlToRelConverterExtendedTest" time="7.392"/>
  <testcase name="testMultisetSubQuery" classname="org.apache.calcite.test.SqlToRelConverterExtendedTest" time="6.08"/>
  <testcase name="testExistsCorrelatedLimitDecorrelate" classname="org.apache.calcite.test.SqlToRelConverterExtendedTest" time="3.172"/>
  <testcase name="testWithOrder" classname="org.apache.calcite.test.SqlToRelConverterExtendedTest" time="6.103"/>
  <testcase name="testNotInUncorrelatedSubQueryInSelectDeduceNotNull2" classname="org.apache.calcite.test.SqlToRelConverterExtendedTest" time="10.943"/>
  <testcase name="testNotInUncorrelatedSubQueryInSelectDeduceNotNull3" classname="org.apache.calcite.test.SqlToRelConverterExtendedTest" time="6.281"/>
  <testcase name="testSingletonGroupingSet" classname="org.apache.calcite.test.SqlToRelConverterExtendedTest" time="9.415"/>
  <testcase name="testWithUnion" classname="org.apache.calcite.test.SqlToRelConverterExtendedTest" time="9.387"/>
  <testcase name="testSelectWithoutFrom" classname="org.apache.calcite.test.SqlToRelConverterExtendedTest" time="9.394"/>
  <testcase name="testOffset" classname="org.apache.calcite.test.SqlToRelConverterExtendedTest" time="11.727"/>
  <testcase name="testAliasList2" classname="org.apache.calcite.test.SqlToRelConverterExtendedTest" time="6.648"/>
  <testcase name="testInsertBindWithCustomInitializerExpressionFactory" classname="org.apache.calcite.test.SqlToRelConverterExtendedTest" time="6.624"/>
  <testcase name="testWithInsideScalarSubQueryRex" classname="org.apache.calcite.test.SqlToRelConverterExtendedTest" time="6.607"/>
  <testcase name="testInsertSubsetModifiableView" classname="org.apache.calcite.test.SqlToRelConverterExtendedTest" time="4.641"/>
  <testcase name="testRollup" classname="org.apache.calcite.test.SqlToRelConverterExtendedTest" time="4.616"/>
  <testcase name="testSample" classname="org.apache.calcite.test.SqlToRelConverterExtendedTest" time="1.486"/>
  <testcase name="testStream" classname="org.apache.calcite.test.SqlToRelConverterExtendedTest" time="5.035"/>
  <testcase name="testReferDynamicStarInSelectWhereGB" classname="org.apache.calcite.test.SqlToRelConverterExtendedTest" time="5.022"/>
  <testcase name="testNotLike" classname="org.apache.calcite.test.SqlToRelConverterExtendedTest" time="5.021"/>
  <testcase name="testAggFilterWithIn" classname="org.apache.calcite.test.SqlToRelConverterExtendedTest" time="4.995"/>
  <testcase name="testOrderBasedRepeatFields" classname="org.apache.calcite.test.SqlToRelConverterExtendedTest" time="13.314"/>
  <testcase name="testUnnestSelect" classname="org.apache.calcite.test.SqlToRelConverterExtendedTest" time="5.064"/>
  <testcase name="testTumble" classname="org.apache.calcite.test.SqlToRelConverterExtendedTest" time="8.328"/>
  <testcase name="testUpdateExtendedColumn" classname="org.apache.calcite.test.SqlToRelConverterExtendedTest" time="8.241"/>
  <testcase name="testGroupingSetsWithCube" classname="org.apache.calcite.test.SqlToRelConverterExtendedTest" time="6.962"/>
  <testcase name="testUpdateExtendedColumnModifiableViewCaseSensitiveCollision" classname="org.apache.calcite.test.SqlToRelConverterExtendedTest" time="8.26"/>
  <testcase name="testInUncorrelatedSubQueryInSelect" classname="org.apache.calcite.test.SqlToRelConverterExtendedTest" time="13.184"/>
  <testcase name="testUnnest" classname="org.apache.calcite.test.SqlToRelConverterExtendedTest" time="4.737"/>
  <testcase name="testUpdate" classname="org.apache.calcite.test.SqlToRelConverterExtendedTest" time="4.721"/>
  <testcase name="testInsertSubset" classname="org.apache.calcite.test.SqlToRelConverterExtendedTest" time="4.698"/>
  <testcase name="testInUncorrelatedSubQueryInHavingRex" classname="org.apache.calcite.test.SqlToRelConverterExtendedTest" time="4.722"/>
  <testcase name="testGroupByCaseSubQuery" classname="org.apache.calcite.test.SqlToRelConverterExtendedTest" time="4.65"/>
  <testcase name="testUpdateSubQuery" classname="org.apache.calcite.test.SqlToRelConverterExtendedTest" time="0">
    <skipped message="CALCITE-1527"/>
  </testcase>
  <testcase name="testUpdateModifiableView" classname="org.apache.calcite.test.SqlToRelConverterExtendedTest" time="12.929"/>
  <testcase name="testUpdateWithCustomColumnResolving" classname="org.apache.calcite.test.SqlToRelConverterExtendedTest" time="4.992"/>
  <testcase name="testSelectDistinctGroup" classname="org.apache.calcite.test.SqlToRelConverterExtendedTest" time="5.036"/>
  <testcase name="testCompositeInUncorrelatedSubQueryRex" classname="org.apache.calcite.test.SqlToRelConverterExtendedTest" time="4.941"/>
  <testcase name="testSelectView" classname="org.apache.calcite.test.SqlToRelConverterExtendedTest" time="8.367"/>
  <testcase name="testGroupByAliasOfSubExpressionsInProject" classname="org.apache.calcite.test.SqlToRelConverterExtendedTest" time="4.97"/>
  <testcase name="testInsertBindSubsetWithCustomInitializerExpressionFactory" classname="org.apache.calcite.test.SqlToRelConverterExtendedTest" time="3.693"/>
  <testcase name="testUncorrelatedScalarSubQueryInAggregateRex" classname="org.apache.calcite.test.SqlToRelConverterExtendedTest" time="4.948"/>
  <testcase name="testGroupExpressionsInsideAndOut" classname="org.apache.calcite.test.SqlToRelConverterExtendedTest" time="8.226"/>
  <testcase name="testDuplicateColumnsInSubQuery" classname="org.apache.calcite.test.SqlToRelConverterExtendedTest" time="8.254"/>
  <testcase name="testMatchRecognizeSubset1" classname="org.apache.calcite.test.SqlToRelConverterExtendedTest" time="4.652"/>
  <testcase name="testUnnestArrayAggPlan" classname="org.apache.calcite.test.SqlToRelConverterExtendedTest" time="8.04"/>
  <testcase name="testGroupByOrdinal" classname="org.apache.calcite.test.SqlToRelConverterExtendedTest" time="4.649"/>
  <testcase name="testMultisetOfColumnsRex" classname="org.apache.calcite.test.SqlToRelConverterExtendedTest" time="4.649"/>
  <testcase name="testJoinOnInSubQuery" classname="org.apache.calcite.test.SqlToRelConverterExtendedTest" time="3.465"/>
  <testcase name="testSubQueryLimitOne" classname="org.apache.calcite.test.SqlToRelConverterExtendedTest" time="3.443"/>
  <testcase name="testWindowAggInSubQueryJoin" classname="org.apache.calcite.test.SqlToRelConverterExtendedTest" time="6.769"/>
</testsuite>