<?xml version="1.0" encoding="UTF-8"?>
<testsuite xmlns:xsi="http://www.w3.org/2001/XMLSchema-instance" xsi:noNamespaceSchemaLocation="https://maven.apache.org/surefire/maven-surefire-plugin/xsd/surefire-test-report.xsd" name="org.apache.calcite.sql.parser.SqlParserTest" time="0.704" tests="315" errors="0" skipped="4" failures="0">
  <properties>
    <property name="awt.toolkit" value="sun.awt.X11.XToolkit"/>
    <property name="hsqldb.reconfig_logging" value="false"/>
    <property name="file.encoding.pkg" value="sun.io"/>
    <property name="java.specification.version" value="1.8"/>
    <property name="sun.cpu.isalist" value=""/>
    <property name="sun.jnu.encoding" value="UTF-8"/>
    <property name="java.class.path" value="/root/workspace/apache/calcite/386002995/core/target/test-classes:/root/workspace/apache/calcite/386002995/core/target/classes:/root/./workspace/apache/calcite/386002995/.m2/org/apache/calcite/avatica/avatica-core/1.11.0/avatica-core-1.11.0.jar:/root/./workspace/apache/calcite/386002995/.m2/org/apache/calcite/avatica/avatica-metrics/1.11.0/avatica-metrics-1.11.0.jar:/root/./workspace/apache/calcite/386002995/.m2/com/google/protobuf/protobuf-java/3.3.0/protobuf-java-3.3.0.jar:/root/./workspace/apache/calcite/386002995/.m2/org/apache/httpcomponents/httpclient/4.5.2/httpclient-4.5.2.jar:/root/./workspace/apache/calcite/386002995/.m2/commons-codec/commons-codec/1.9/commons-codec-1.9.jar:/root/./workspace/apache/calcite/386002995/.m2/org/apache/httpcomponents/httpcore/4.4.4/httpcore-4.4.4.jar:/root/workspace/apache/calcite/386002995/linq4j/target/classes:/root/./workspace/apache/calcite/386002995/.m2/org/apache/calcite/avatica/avatica-server/1.11.0/avatica-server-1.11.0.jar:/root/./workspace/apache/calcite/386002995/.m2/javax/servlet/javax.servlet-api/3.0.1/javax.servlet-api-3.0.1.jar:/root/./workspace/apache/calcite/386002995/.m2/org/eclipse/jetty/jetty-http/9.2.19.v20160908/jetty-http-9.2.19.v20160908.jar:/root/./workspace/apache/calcite/386002995/.m2/org/eclipse/jetty/jetty-security/9.2.19.v20160908/jetty-security-9.2.19.v20160908.jar:/root/./workspace/apache/calcite/386002995/.m2/org/eclipse/jetty/jetty-server/9.2.19.v20160908/jetty-server-9.2.19.v20160908.jar:/root/./workspace/apache/calcite/386002995/.m2/org/eclipse/jetty/jetty-io/9.2.19.v20160908/jetty-io-9.2.19.v20160908.jar:/root/./workspace/apache/calcite/386002995/.m2/org/eclipse/jetty/jetty-util/9.2.19.v20160908/jetty-util-9.2.19.v20160908.jar:/root/./workspace/apache/calcite/386002995/.m2/commons-dbcp/commons-dbcp/1.4/commons-dbcp-1.4.jar:/root/./workspace/apache/calcite/386002995/.m2/commons-pool/commons-pool/1.5.4/commons-pool-1.5.4.jar:/root/./workspace/apache/calcite/386002995/.m2/org/apache/commons/commons-lang3/3.2/commons-lang3-3.2.jar:/root/./workspace/apache/calcite/386002995/.m2/com/esri/geometry/esri-geometry-api/2.0.0/esri-geometry-api-2.0.0.jar:/root/./workspace/apache/calcite/386002995/.m2/com/fasterxml/jackson/core/jackson-core/2.9.4/jackson-core-2.9.4.jar:/root/./workspace/apache/calcite/386002995/.m2/com/fasterxml/jackson/core/jackson-annotations/2.9.4/jackson-annotations-2.9.4.jar:/root/./workspace/apache/calcite/386002995/.m2/com/fasterxml/jackson/core/jackson-databind/2.9.4/jackson-databind-2.9.4.jar:/root/./workspace/apache/calcite/386002995/.m2/com/google/code/findbugs/jsr305/3.0.1/jsr305-3.0.1.jar:/root/./workspace/apache/calcite/386002995/.m2/com/google/guava/guava/19.0/guava-19.0.jar:/root/./workspace/apache/calcite/386002995/.m2/com/h2database/h2/1.4.185/h2-1.4.185.jar:/root/./workspace/apache/calcite/386002995/.m2/com/yahoo/datasketches/sketches-core/0.9.0/sketches-core-0.9.0.jar:/root/./workspace/apache/calcite/386002995/.m2/com/yahoo/datasketches/memory/0.9.0/memory-0.9.0.jar:/root/./workspace/apache/calcite/386002995/.m2/junit/junit/4.12/junit-4.12.jar:/root/./workspace/apache/calcite/386002995/.m2/mysql/mysql-connector-java/5.1.20/mysql-connector-java-5.1.20.jar:/root/./workspace/apache/calcite/386002995/.m2/net/hydromatic/aggdesigner-algorithm/6.0/aggdesigner-algorithm-6.0.jar:/root/./workspace/apache/calcite/386002995/.m2/commons-lang/commons-lang/2.4/commons-lang-2.4.jar:/root/./workspace/apache/calcite/386002995/.m2/commons-logging/commons-logging/1.1.3/commons-logging-1.1.3.jar:/root/./workspace/apache/calcite/386002995/.m2/net/hydromatic/foodmart-data-hsqldb/0.3/foodmart-data-hsqldb-0.3.jar:/root/./workspace/apache/calcite/386002995/.m2/net/hydromatic/foodmart-queries/0.4.1/foodmart-queries-0.4.1.jar:/root/./workspace/apache/calcite/386002995/.m2/net/hydromatic/quidem/0.8/quidem-0.8.jar:/root/./workspace/apache/calcite/386002995/.m2/net/hydromatic/scott-data-hsqldb/0.1/scott-data-hsqldb-0.1.jar:/root/./workspace/apache/calcite/386002995/.m2/org/codehaus/janino/janino/2.7.6/janino-2.7.6.jar:/root/./workspace/apache/calcite/386002995/.m2/org/codehaus/janino/commons-compiler/2.7.6/commons-compiler-2.7.6.jar:/root/./workspace/apache/calcite/386002995/.m2/org/hsqldb/hsqldb/2.4.0/hsqldb-2.4.0.jar:/root/./workspace/apache/calcite/386002995/.m2/org/incava/java-diff/1.1.1/java-diff-1.1.1.jar:/root/./workspace/apache/calcite/386002995/.m2/org/hamcrest/hamcrest-core/1.3/hamcrest-core-1.3.jar:/root/./workspace/apache/calcite/386002995/.m2/org/postgresql/postgresql/9.3-1102-jdbc3/postgresql-9.3-1102-jdbc3.jar:/root/./workspace/apache/calcite/386002995/.m2/org/slf4j/slf4j-api/1.7.13/slf4j-api-1.7.13.jar:/root/./workspace/apache/calcite/386002995/.m2/org/slf4j/slf4j-log4j12/1.7.13/slf4j-log4j12-1.7.13.jar:/root/./workspace/apache/calcite/386002995/.m2/log4j/log4j/1.2.17/log4j-1.2.17.jar:/root/./workspace/apache/calcite/386002995/.m2/sqlline/sqlline/1.3.0/sqlline-1.3.0.jar:/root/./workspace/apache/calcite/386002995/.m2/jline/jline/2.14.3/jline-2.14.3.jar:"/>
    <property name="java.vm.vendor" value="Oracle Corporation"/>
    <property name="skip.bower" value="true"/>
    <property name="sun.arch.data.model" value="64"/>
    <property name="java.vendor.url" value="http://java.oracle.com/"/>
    <property name="user.timezone" value="Europe/Paris"/>
    <property name="java.vm.specification.version" value="1.8"/>
    <property name="os.name" value="Linux"/>
    <property name="rat.skip" value="true"/>
    <property name="gpg.skip" value="true"/>
    <property name="sun.java.launcher" value="SUN_STANDARD"/>
    <property name="sun.boot.library.path" value="/usr/lib/jvm/java-8-openjdk-amd64/jre/lib/amd64"/>
    <property name="skip.gulp" value="true"/>
    <property name="sun.java.command" value="/root/workspace/apache/calcite/386002995/core/target/surefire/surefirebooter220881052891823090.jar /root/workspace/apache/calcite/386002995/core/target/surefire 2018-05-31T05-56-18_575-jvmRun1 surefire196516052997870638tmp surefire_18302260804901407808tmp"/>
    <property name="dependency-check.skip" value="true"/>
    <property name="surefire.test.class.path" value="/root/workspace/apache/calcite/386002995/core/target/test-classes:/root/workspace/apache/calcite/386002995/core/target/classes:/root/./workspace/apache/calcite/386002995/.m2/org/apache/calcite/avatica/avatica-core/1.11.0/avatica-core-1.11.0.jar:/root/./workspace/apache/calcite/386002995/.m2/org/apache/calcite/avatica/avatica-metrics/1.11.0/avatica-metrics-1.11.0.jar:/root/./workspace/apache/calcite/386002995/.m2/com/google/protobuf/protobuf-java/3.3.0/protobuf-java-3.3.0.jar:/root/./workspace/apache/calcite/386002995/.m2/org/apache/httpcomponents/httpclient/4.5.2/httpclient-4.5.2.jar:/root/./workspace/apache/calcite/386002995/.m2/commons-codec/commons-codec/1.9/commons-codec-1.9.jar:/root/./workspace/apache/calcite/386002995/.m2/org/apache/httpcomponents/httpcore/4.4.4/httpcore-4.4.4.jar:/root/workspace/apache/calcite/386002995/linq4j/target/classes:/root/./workspace/apache/calcite/386002995/.m2/org/apache/calcite/avatica/avatica-server/1.11.0/avatica-server-1.11.0.jar:/root/./workspace/apache/calcite/386002995/.m2/javax/servlet/javax.servlet-api/3.0.1/javax.servlet-api-3.0.1.jar:/root/./workspace/apache/calcite/386002995/.m2/org/eclipse/jetty/jetty-http/9.2.19.v20160908/jetty-http-9.2.19.v20160908.jar:/root/./workspace/apache/calcite/386002995/.m2/org/eclipse/jetty/jetty-security/9.2.19.v20160908/jetty-security-9.2.19.v20160908.jar:/root/./workspace/apache/calcite/386002995/.m2/org/eclipse/jetty/jetty-server/9.2.19.v20160908/jetty-server-9.2.19.v20160908.jar:/root/./workspace/apache/calcite/386002995/.m2/org/eclipse/jetty/jetty-io/9.2.19.v20160908/jetty-io-9.2.19.v20160908.jar:/root/./workspace/apache/calcite/386002995/.m2/org/eclipse/jetty/jetty-util/9.2.19.v20160908/jetty-util-9.2.19.v20160908.jar:/root/./workspace/apache/calcite/386002995/.m2/commons-dbcp/commons-dbcp/1.4/commons-dbcp-1.4.jar:/root/./workspace/apache/calcite/386002995/.m2/commons-pool/commons-pool/1.5.4/commons-pool-1.5.4.jar:/root/./workspace/apache/calcite/386002995/.m2/org/apache/commons/commons-lang3/3.2/commons-lang3-3.2.jar:/root/./workspace/apache/calcite/386002995/.m2/com/esri/geometry/esri-geometry-api/2.0.0/esri-geometry-api-2.0.0.jar:/root/./workspace/apache/calcite/386002995/.m2/com/fasterxml/jackson/core/jackson-core/2.9.4/jackson-core-2.9.4.jar:/root/./workspace/apache/calcite/386002995/.m2/com/fasterxml/jackson/core/jackson-annotations/2.9.4/jackson-annotations-2.9.4.jar:/root/./workspace/apache/calcite/386002995/.m2/com/fasterxml/jackson/core/jackson-databind/2.9.4/jackson-databind-2.9.4.jar:/root/./workspace/apache/calcite/386002995/.m2/com/google/code/findbugs/jsr305/3.0.1/jsr305-3.0.1.jar:/root/./workspace/apache/calcite/386002995/.m2/com/google/guava/guava/19.0/guava-19.0.jar:/root/./workspace/apache/calcite/386002995/.m2/com/h2database/h2/1.4.185/h2-1.4.185.jar:/root/./workspace/apache/calcite/386002995/.m2/com/yahoo/datasketches/sketches-core/0.9.0/sketches-core-0.9.0.jar:/root/./workspace/apache/calcite/386002995/.m2/com/yahoo/datasketches/memory/0.9.0/memory-0.9.0.jar:/root/./workspace/apache/calcite/386002995/.m2/junit/junit/4.12/junit-4.12.jar:/root/./workspace/apache/calcite/386002995/.m2/mysql/mysql-connector-java/5.1.20/mysql-connector-java-5.1.20.jar:/root/./workspace/apache/calcite/386002995/.m2/net/hydromatic/aggdesigner-algorithm/6.0/aggdesigner-algorithm-6.0.jar:/root/./workspace/apache/calcite/386002995/.m2/commons-lang/commons-lang/2.4/commons-lang-2.4.jar:/root/./workspace/apache/calcite/386002995/.m2/commons-logging/commons-logging/1.1.3/commons-logging-1.1.3.jar:/root/./workspace/apache/calcite/386002995/.m2/net/hydromatic/foodmart-data-hsqldb/0.3/foodmart-data-hsqldb-0.3.jar:/root/./workspace/apache/calcite/386002995/.m2/net/hydromatic/foodmart-queries/0.4.1/foodmart-queries-0.4.1.jar:/root/./workspace/apache/calcite/386002995/.m2/net/hydromatic/quidem/0.8/quidem-0.8.jar:/root/./workspace/apache/calcite/386002995/.m2/net/hydromatic/scott-data-hsqldb/0.1/scott-data-hsqldb-0.1.jar:/root/./workspace/apache/calcite/386002995/.m2/org/codehaus/janino/janino/2.7.6/janino-2.7.6.jar:/root/./workspace/apache/calcite/386002995/.m2/org/codehaus/janino/commons-compiler/2.7.6/commons-compiler-2.7.6.jar:/root/./workspace/apache/calcite/386002995/.m2/org/hsqldb/hsqldb/2.4.0/hsqldb-2.4.0.jar:/root/./workspace/apache/calcite/386002995/.m2/org/incava/java-diff/1.1.1/java-diff-1.1.1.jar:/root/./workspace/apache/calcite/386002995/.m2/org/hamcrest/hamcrest-core/1.3/hamcrest-core-1.3.jar:/root/./workspace/apache/calcite/386002995/.m2/org/postgresql/postgresql/9.3-1102-jdbc3/postgresql-9.3-1102-jdbc3.jar:/root/./workspace/apache/calcite/386002995/.m2/org/slf4j/slf4j-api/1.7.13/slf4j-api-1.7.13.jar:/root/./workspace/apache/calcite/386002995/.m2/org/slf4j/slf4j-log4j12/1.7.13/slf4j-log4j12-1.7.13.jar:/root/./workspace/apache/calcite/386002995/.m2/log4j/log4j/1.2.17/log4j-1.2.17.jar:/root/./workspace/apache/calcite/386002995/.m2/sqlline/sqlline/1.3.0/sqlline-1.3.0.jar:/root/./workspace/apache/calcite/386002995/.m2/jline/jline/2.14.3/jline-2.14.3.jar:"/>
    <property name="sun.cpu.endian" value="little"/>
    <property name="user.home" value="/root"/>
    <property name="user.language" value="en"/>
    <property name="java.specification.vendor" value="Oracle Corporation"/>
    <property name="java.home" value="/usr/lib/jvm/java-8-openjdk-amd64/jre"/>
    <property name="basedir" value="/root/workspace/apache/calcite/386002995/core"/>
    <property name="file.separator" value="/"/>
    <property name="checkstyle.skip" value="true"/>
    <property name="line.separator" value="&#10;"/>
    <property name="skip.npm" value="true"/>
    <property name="java.vm.specification.vendor" value="Oracle Corporation"/>
    <property name="java.specification.name" value="Java Platform API Specification"/>
    <property name="java.awt.graphicsenv" value="sun.awt.X11GraphicsEnvironment"/>
    <property name="skipITs" value="true"/>
    <property name="surefire.real.class.path" value="/root/workspace/apache/calcite/386002995/core/target/surefire/surefirebooter220881052891823090.jar"/>
    <property name="cobertura.skip" value="true"/>
    <property name="sun.boot.class.path" value="/usr/lib/jvm/java-8-openjdk-amd64/jre/lib/resources.jar:/usr/lib/jvm/java-8-openjdk-amd64/jre/lib/rt.jar:/usr/lib/jvm/java-8-openjdk-amd64/jre/lib/sunrsasign.jar:/usr/lib/jvm/java-8-openjdk-amd64/jre/lib/jsse.jar:/usr/lib/jvm/java-8-openjdk-amd64/jre/lib/jce.jar:/usr/lib/jvm/java-8-openjdk-amd64/jre/lib/charsets.jar:/usr/lib/jvm/java-8-openjdk-amd64/jre/lib/jfr.jar:/usr/lib/jvm/java-8-openjdk-amd64/jre/classes"/>
    <property name="sun.management.compiler" value="HotSpot 64-Bit Tiered Compilers"/>
    <property name="java.runtime.version" value="1.8.0_121-8u121-b13-1~bpo8+1-b13"/>
    <property name="user.name" value="root"/>
    <property name="findbugs.skip" value="true"/>
    <property name="path.separator" value=":"/>
    <property name="os.version" value="3.10.0-862.2.3.el7.x86_64"/>
    <property name="java.endorsed.dirs" value="/usr/lib/jvm/java-8-openjdk-amd64/jre/lib/endorsed"/>
    <property name="java.runtime.name" value="OpenJDK Runtime Environment"/>
    <property name="file.encoding" value="UTF-8"/>
    <property name="java.vm.name" value="OpenJDK 64-Bit Server VM"/>
    <property name="localRepository" value="/root/./workspace/apache/calcite/386002995/.m2"/>
    <property name="java.vendor.url.bug" value="http://bugreport.sun.com/bugreport/"/>
    <property name="java.io.tmpdir" value="/tmp"/>
    <property name="java.version" value="1.8.0_121"/>
    <property name="user.dir" value="/root/workspace/apache/calcite/386002995/core"/>
    <property name="os.arch" value="amd64"/>
    <property name="license.skip" value="true"/>
    <property name="java.vm.specification.name" value="Java Virtual Machine Specification"/>
    <property name="java.awt.printerjob" value="sun.print.PSPrinterJob"/>
    <property name="sun.os.patch.level" value="unknown"/>
    <property name="java.library.path" value="/usr/java/packages/lib/amd64:/usr/lib/x86_64-linux-gnu/jni:/lib/x86_64-linux-gnu:/usr/lib/x86_64-linux-gnu:/usr/lib/jni:/lib:/usr/lib"/>
    <property name="java.vm.info" value="mixed mode"/>
    <property name="java.vendor" value="Oracle Corporation"/>
    <property name="java.vm.version" value="25.121-b13"/>
    <property name="java.ext.dirs" value="/usr/lib/jvm/java-8-openjdk-amd64/jre/lib/ext:/usr/java/packages/lib/ext"/>
    <property name="sun.io.unicode.encoding" value="UnicodeLittle"/>
    <property name="maven.repo.local" value="/root/./workspace/apache/calcite/386002995/.m2"/>
    <property name="enforcer.skip" value="true"/>
    <property name="java.class.version" value="52.0"/>
  </properties>
  <testcase name="testUnparseableIntervalQualifiers" classname="org.apache.calcite.sql.parser.SqlParserTest" time="0.375"/>
  <testcase name="testTabStop" classname="org.apache.calcite.sql.parser.SqlParserTest" time="0.081"/>
  <testcase name="testWithNestedFails" classname="org.apache.calcite.sql.parser.SqlParserTest" time="0.079"/>
  <testcase name="testOuterApplyFunctionFails" classname="org.apache.calcite.sql.parser.SqlParserTest" time="0.076"/>
  <testcase name="testIllegalUnicodeEscape" classname="org.apache.calcite.sql.parser.SqlParserTest" time="0.016"/>
  <testcase name="testArrayElement" classname="org.apache.calcite.sql.parser.SqlParserTest" time="0.035"/>
  <testcase name="testValuesExplicitRow" classname="org.apache.calcite.sql.parser.SqlParserTest" time="0.02"/>
  <testcase name="testUnionOfNonQueryFails" classname="org.apache.calcite.sql.parser.SqlParserTest" time="0.017"/>
  <testcase name="testExplicitTableOrdered" classname="org.apache.calcite.sql.parser.SqlParserTest" time="0.004"/>
  <testcase name="testStringLiteral" classname="org.apache.calcite.sql.parser.SqlParserTest" time="0.017"/>
  <testcase name="testIsDistinctFrom" classname="org.apache.calcite.sql.parser.SqlParserTest" time="0.042"/>
  <testcase name="testDerivedColumnListInJoin" classname="org.apache.calcite.sql.parser.SqlParserTest" time="0.013"/>
  <testcase name="testBooleanPrecedenceAndAssociativity" classname="org.apache.calcite.sql.parser.SqlParserTest" time="0.032"/>
  <testcase name="testSchemaTableStar" classname="org.apache.calcite.sql.parser.SqlParserTest" time="0.003"/>
  <testcase name="testDescribeTable" classname="org.apache.calcite.sql.parser.SqlParserTest" time="0.066"/>
  <testcase name="testJoinOnParenthesesPlus" classname="org.apache.calcite.sql.parser.SqlParserTest" time="0"/>
  <testcase name="testGeometry" classname="org.apache.calcite.sql.parser.SqlParserTest" time="0.001"/>
  <testcase name="testDeleteWhere" classname="org.apache.calcite.sql.parser.SqlParserTest" time="0.001"/>
  <testcase name="testExplain" classname="org.apache.calcite.sql.parser.SqlParserTest" time="0.003"/>
  <testcase name="testExtract" classname="org.apache.calcite.sql.parser.SqlParserTest" time="0.032"/>
  <testcase name="testMergeTableRefSource" classname="org.apache.calcite.sql.parser.SqlParserTest" time="0.026"/>
  <testcase name="testFunctionDefaultArgument" classname="org.apache.calcite.sql.parser.SqlParserTest" time="0.068"/>
  <testcase name="testTimestampAdd" classname="org.apache.calcite.sql.parser.SqlParserTest" time="0.032"/>
  <testcase name="testLimitWithoutOrder" classname="org.apache.calcite.sql.parser.SqlParserTest" time="0.021"/>
  <testcase name="testNewSpecification" classname="org.apache.calcite.sql.parser.SqlParserTest" time="0.025"/>
  <testcase name="testEmbeddedCall" classname="org.apache.calcite.sql.parser.SqlParserTest" time="0">
    <skipped/>
  </testcase>
  <testcase name="testEmbeddedDate" classname="org.apache.calcite.sql.parser.SqlParserTest" time="0.002"/>
  <testcase name="testEmbeddedTime" classname="org.apache.calcite.sql.parser.SqlParserTest" time="0.001"/>
  <testcase name="testCompoundStar" classname="org.apache.calcite.sql.parser.SqlParserTest" time="0.042"/>
  <testcase name="testExistsInWhere" classname="org.apache.calcite.sql.parser.SqlParserTest" time="0.003"/>
  <testcase name="testMatchRecognizeMeasures1" classname="org.apache.calcite.sql.parser.SqlParserTest" time="0.008"/>
  <testcase name="testMatchRecognizeMeasures2" classname="org.apache.calcite.sql.parser.SqlParserTest" time="0.008"/>
  <testcase name="testMatchRecognizeMeasures3" classname="org.apache.calcite.sql.parser.SqlParserTest" time="0.008"/>
  <testcase name="testMatchRecognizeMeasures4" classname="org.apache.calcite.sql.parser.SqlParserTest" time="0.042"/>
  <testcase name="testMatchRecognizeMeasures5" classname="org.apache.calcite.sql.parser.SqlParserTest" time="0.005"/>
  <testcase name="testMatchRecognizeMeasures6" classname="org.apache.calcite.sql.parser.SqlParserTest" time="0.006"/>
  <testcase name="testFunctionInFunction" classname="org.apache.calcite.sql.parser.SqlParserTest" time="0.002"/>
  <testcase name="testOverlay" classname="org.apache.calcite.sql.parser.SqlParserTest" time="0.001"/>
  <testcase name="testParseNumber" classname="org.apache.calcite.sql.parser.SqlParserTest" time="0.048"/>
  <testcase name="testIsBooleanPrecedenceAndAssociativity" classname="org.apache.calcite.sql.parser.SqlParserTest" time="0.031"/>
  <testcase name="testSubMultisetrOf" classname="org.apache.calcite.sql.parser.SqlParserTest" time="0"/>
  <testcase name="testSqlInlineComment" classname="org.apache.calcite.sql.parser.SqlParserTest" time="0.024"/>
  <testcase name="testAll" classname="org.apache.calcite.sql.parser.SqlParserTest" time="0.006"/>
  <testcase name="testFoo" classname="org.apache.calcite.sql.parser.SqlParserTest" time="0"/>
  <testcase name="testNot" classname="org.apache.calcite.sql.parser.SqlParserTest" time="0.004"/>
  <testcase name="testRow" classname="org.apache.calcite.sql.parser.SqlParserTest" time="0.117"/>
  <testcase name="testEmbeddedTimestamp" classname="org.apache.calcite.sql.parser.SqlParserTest" time="0.001"/>
  <testcase name="testOuterApplySubQuery" classname="org.apache.calcite.sql.parser.SqlParserTest" time="0.009"/>
  <testcase name="testCaseExpression" classname="org.apache.calcite.sql.parser.SqlParserTest" time="0.042"/>
  <testcase name="testCollectionTableWithCursorParam" classname="org.apache.calcite.sql.parser.SqlParserTest" time="0.022"/>
  <testcase name="testTimeDate" classname="org.apache.calcite.sql.parser.SqlParserTest" time="0.073"/>
  <testcase name="testAllList" classname="org.apache.calcite.sql.parser.SqlParserTest" time="0.025"/>
  <testcase name="testMultilineComment" classname="org.apache.calcite.sql.parser.SqlParserTest" time="0.04"/>
  <testcase name="testDerivedColumnListNoAs" classname="org.apache.calcite.sql.parser.SqlParserTest" time="0">
    <skipped/>
  </testcase>
  <testcase name="testPrecedenceSetOps" classname="org.apache.calcite.sql.parser.SqlParserTest" time="0.005"/>
  <testcase name="testCatalogSchemaTableStar" classname="org.apache.calcite.sql.parser.SqlParserTest" time="0.002"/>
  <testcase name="testSelectStream" classname="org.apache.calcite.sql.parser.SqlParserTest" time="0.001"/>
  <testcase name="testApply" classname="org.apache.calcite.sql.parser.SqlParserTest" time="0.034"/>
  <testcase name="testArrayElementWithDot" classname="org.apache.calcite.sql.parser.SqlParserTest" time="0.004"/>
  <testcase name="testFloor" classname="org.apache.calcite.sql.parser.SqlParserTest" time="0.09"/>
  <testcase name="testGroup" classname="org.apache.calcite.sql.parser.SqlParserTest" time="0.004"/>
  <testcase name="testLimit" classname="org.apache.calcite.sql.parser.SqlParserTest" time="0.016"/>
  <testcase name="testOrder" classname="org.apache.calcite.sql.parser.SqlParserTest" time="0.004"/>
  <testcase name="testUnion" classname="org.apache.calcite.sql.parser.SqlParserTest" time="0.005"/>
  <testcase name="testWhere" classname="org.apache.calcite.sql.parser.SqlParserTest" time="0.007"/>
  <testcase name="testWith2" classname="org.apache.calcite.sql.parser.SqlParserTest" time="0.005"/>
  <testcase name="testCast" classname="org.apache.calcite.sql.parser.SqlParserTest" time="0.026"/>
  <testcase name="testCeil" classname="org.apache.calcite.sql.parser.SqlParserTest" time="0.086"/>
  <testcase name="testOver" classname="org.apache.calcite.sql.parser.SqlParserTest" time="0.073"/>
  <testcase name="testSome" classname="org.apache.calcite.sql.parser.SqlParserTest" time="0.092"/>
  <testcase name="testStar" classname="org.apache.calcite.sql.parser.SqlParserTest" time="0.007"/>
  <testcase name="testTrim" classname="org.apache.calcite.sql.parser.SqlParserTest" time="0.082"/>
  <testcase name="testWith" classname="org.apache.calcite.sql.parser.SqlParserTest" time="0.003"/>
  <testcase name="testDerivedColumnList" classname="org.apache.calcite.sql.parser.SqlParserTest" time="0.004"/>
  <testcase name="testSelectAll" classname="org.apache.calcite.sql.parser.SqlParserTest" time="0.002"/>
  <testcase name="testFullOuterJoin" classname="org.apache.calcite.sql.parser.SqlParserTest" time="0.013"/>
  <testcase name="testFunctionWithDistinct" classname="org.apache.calcite.sql.parser.SqlParserTest" time="0.032"/>
  <testcase name="testNaturalCrossJoin" classname="org.apache.calcite.sql.parser.SqlParserTest" time="0.014"/>
  <testcase name="testBitStringNotImplemented" classname="org.apache.calcite.sql.parser.SqlParserTest" time="0.016"/>
  <testcase name="testLimitStartCount" classname="org.apache.calcite.sql.parser.SqlParserTest" time="0.077"/>
  <testcase name="testNoUnintendedNewReservedKeywords" classname="org.apache.calcite.sql.parser.SqlParserTest" time="0.011"/>
  <testcase name="testSelectFromBareExplicitTableFails" classname="org.apache.calcite.sql.parser.SqlParserTest" time="0.059"/>
  <testcase name="testSelectStreamDistinct" classname="org.apache.calcite.sql.parser.SqlParserTest" time="0.003"/>
  <testcase name="testInsertExtendedColumnList" classname="org.apache.calcite.sql.parser.SqlParserTest" time="0.045"/>
  <testcase name="testBackTickQuery" classname="org.apache.calcite.sql.parser.SqlParserTest" time="0.005"/>
  <testcase name="testAs" classname="org.apache.calcite.sql.parser.SqlParserTest" time="0.071"/>
  <testcase name="testParseNumberFails" classname="org.apache.calcite.sql.parser.SqlParserTest" time="0.014"/>
  <testcase name="testColumnAliasWithoutAs" classname="org.apache.calcite.sql.parser.SqlParserTest" time="0.003"/>
  <testcase name="testTableExtend" classname="org.apache.calcite.sql.parser.SqlParserTest" time="0.063"/>
  <testcase name="testInsertUnion" classname="org.apache.calcite.sql.parser.SqlParserTest" time="0.052"/>
  <testcase name="testExplicitTable" classname="org.apache.calcite.sql.parser.SqlParserTest" time="0.043"/>
  <testcase name="testCollectionTableWithColumnListParam" classname="org.apache.calcite.sql.parser.SqlParserTest" time="0.002"/>
  <testcase name="testIntervalLiterals" classname="org.apache.calcite.sql.parser.SqlParserTest" time="0.573"/>
  <testcase name="testInQueryWithComma" classname="org.apache.calcite.sql.parser.SqlParserTest" time="0.028"/>
  <testcase name="testMultisetExcept" classname="org.apache.calcite.sql.parser.SqlParserTest" time="0.03"/>
  <testcase name="testSelectIsNotDdl" classname="org.apache.calcite.sql.parser.SqlParserTest" time="0.002"/>
  <testcase name="testQuotedFunction" classname="org.apache.calcite.sql.parser.SqlParserTest" time="0.012"/>
  <testcase name="testBetween" classname="org.apache.calcite.sql.parser.SqlParserTest" time="0.036"/>
  <testcase name="testExceptionCleanup" classname="org.apache.calcite.sql.parser.SqlParserTest" time="0.001"/>
  <testcase name="testUpdateExtendedColumnList" classname="org.apache.calcite.sql.parser.SqlParserTest" time="0.002"/>
  <testcase name="testColumnAliasWithAs" classname="org.apache.calcite.sql.parser.SqlParserTest" time="0.004"/>
  <testcase name="testMultisetCast" classname="org.apache.calcite.sql.parser.SqlParserTest" time="0.001"/>
  <testcase name="testSelectWithoutFromWhereFails" classname="org.apache.calcite.sql.parser.SqlParserTest" time="0.001"/>
  <testcase name="testScalarQueryInSelect" classname="org.apache.calcite.sql.parser.SqlParserTest" time="0.002"/>
  <testcase name="testUpdateCaseSensitiveExtendedColumnList" classname="org.apache.calcite.sql.parser.SqlParserTest" time="0.007"/>
  <testcase name="testDescribeSchema" classname="org.apache.calcite.sql.parser.SqlParserTest" time="0.007"/>
  <testcase name="testSelectList3" classname="org.apache.calcite.sql.parser.SqlParserTest" time="0.002"/>
  <testcase name="testLimitOffsetWithoutOrder" classname="org.apache.calcite.sql.parser.SqlParserTest" time="0.001"/>
  <testcase name="testSelectList4" classname="org.apache.calcite.sql.parser.SqlParserTest" time="0.004"/>
  <testcase name="testLateral" classname="org.apache.calcite.sql.parser.SqlParserTest" time="0.02"/>
  <testcase name="testIllegalCursors" classname="org.apache.calcite.sql.parser.SqlParserTest" time="0.006"/>
  <testcase name="testInListEmptyFails" classname="org.apache.calcite.sql.parser.SqlParserTest" time="0.005"/>
  <testcase name="testMatchRecognize1" classname="org.apache.calcite.sql.parser.SqlParserTest" time="0.003"/>
  <testcase name="testTableSample" classname="org.apache.calcite.sql.parser.SqlParserTest" time="0.006"/>
  <testcase name="testMatchRecognize2" classname="org.apache.calcite.sql.parser.SqlParserTest" time="0.003"/>
  <testcase name="testMatchRecognize3" classname="org.apache.calcite.sql.parser.SqlParserTest" time="0.003"/>
  <testcase name="testMatchRecognize4" classname="org.apache.calcite.sql.parser.SqlParserTest" time="0.002"/>
  <testcase name="testMatchRecognize5" classname="org.apache.calcite.sql.parser.SqlParserTest" time="0.002"/>
  <testcase name="testMatchRecognize6" classname="org.apache.calcite.sql.parser.SqlParserTest" time="0.002"/>
  <testcase name="testMatchRecognize7" classname="org.apache.calcite.sql.parser.SqlParserTest" time="0.002"/>
  <testcase name="testMatchRecognize8" classname="org.apache.calcite.sql.parser.SqlParserTest" time="0.001"/>
  <testcase name="testMatchRecognize9" classname="org.apache.calcite.sql.parser.SqlParserTest" time="0.003"/>
  <testcase name="testSelectFromExplicitTable" classname="org.apache.calcite.sql.parser.SqlParserTest" time="0.002"/>
  <testcase name="testGroupByCube" classname="org.apache.calcite.sql.parser.SqlParserTest" time="0.002"/>
  <testcase name="testCrossOuterApply" classname="org.apache.calcite.sql.parser.SqlParserTest" time="0.002"/>
  <testcase name="testAggregateFilter" classname="org.apache.calcite.sql.parser.SqlParserTest" time="0.004"/>
  <testcase name="testTimestampDiff" classname="org.apache.calcite.sql.parser.SqlParserTest" time="0.002"/>
  <testcase name="testFullInnerJoinFails" classname="org.apache.calcite.sql.parser.SqlParserTest" time="0.002"/>
  <testcase name="testUpsertSelect" classname="org.apache.calcite.sql.parser.SqlParserTest" time="0.002"/>
  <testcase name="testSqlOptions" classname="org.apache.calcite.sql.parser.SqlParserTest" time="0.05"/>
  <testcase name="testCastToInterval" classname="org.apache.calcite.sql.parser.SqlParserTest" time="0.031"/>
  <testcase name="testMinusIsReserved" classname="org.apache.calcite.sql.parser.SqlParserTest" time="0.012"/>
  <testcase name="testCoalesce" classname="org.apache.calcite.sql.parser.SqlParserTest" time="0.003"/>
  <testcase name="testJdbcFunctionCall" classname="org.apache.calcite.sql.parser.SqlParserTest" time="0.063"/>
  <testcase name="testLiteral" classname="org.apache.calcite.sql.parser.SqlParserTest" time="0.015"/>
  <testcase name="testAliasedStar" classname="org.apache.calcite.sql.parser.SqlParserTest" time="0.001"/>
  <testcase name="testUpsertValues" classname="org.apache.calcite.sql.parser.SqlParserTest" time="0.002"/>
  <testcase name="testMatchRecognizeRowsPerMatch1" classname="org.apache.calcite.sql.parser.SqlParserTest" time="0.007"/>
  <testcase name="testMatchRecognizeRowsPerMatch2" classname="org.apache.calcite.sql.parser.SqlParserTest" time="0.006"/>
  <testcase name="testOuterJoinNoiseWord" classname="org.apache.calcite.sql.parser.SqlParserTest" time="0.006"/>
  <testcase name="testCollectionTableWithLateral2" classname="org.apache.calcite.sql.parser.SqlParserTest" time="0.001"/>
  <testcase name="testCollectionTableWithLateral3" classname="org.apache.calcite.sql.parser.SqlParserTest" time="0.001"/>
  <testcase name="testReverseSolidus" classname="org.apache.calcite.sql.parser.SqlParserTest" time="0"/>
  <testcase name="testTimestampAddAndDiff" classname="org.apache.calcite.sql.parser.SqlParserTest" time="0.05"/>
  <testcase name="testLikeAndSimilar" classname="org.apache.calcite.sql.parser.SqlParserTest" time="0.102"/>
  <testcase name="testMiscIntervalQualifier" classname="org.apache.calcite.sql.parser.SqlParserTest" time="0.003"/>
  <testcase name="testPrecedence2b" classname="org.apache.calcite.sql.parser.SqlParserTest" time="0.001"/>
  <testcase name="testCharLength" classname="org.apache.calcite.sql.parser.SqlParserTest" time="0.004"/>
  <testcase name="testSelectDistinct" classname="org.apache.calcite.sql.parser.SqlParserTest" time="0.003"/>
  <testcase name="testExplainWithImpl" classname="org.apache.calcite.sql.parser.SqlParserTest" time="0.001"/>
  <testcase name="testExplainWithType" classname="org.apache.calcite.sql.parser.SqlParserTest" time="0.001"/>
  <testcase name="testOrderInternal" classname="org.apache.calcite.sql.parser.SqlParserTest" time="0.004"/>
  <testcase name="testPrecedence0" classname="org.apache.calcite.sql.parser.SqlParserTest" time="0.001"/>
  <testcase name="testPrecedence1" classname="org.apache.calcite.sql.parser.SqlParserTest" time="0.002"/>
  <testcase name="testPrecedence2" classname="org.apache.calcite.sql.parser.SqlParserTest" time="0.001"/>
  <testcase name="testPrecedence3" classname="org.apache.calcite.sql.parser.SqlParserTest" time="0.001"/>
  <testcase name="testPrecedence4" classname="org.apache.calcite.sql.parser.SqlParserTest" time="0"/>
  <testcase name="testPrecedence5" classname="org.apache.calcite.sql.parser.SqlParserTest" time="0.002"/>
  <testcase name="testMatchRecognizeDefineClause" classname="org.apache.calcite.sql.parser.SqlParserTest" time="0.003"/>
  <testcase name="testOrderUnion" classname="org.apache.calcite.sql.parser.SqlParserTest" time="0.003"/>
  <testcase name="testElementFunc" classname="org.apache.calcite.sql.parser.SqlParserTest" time="0.001"/>
  <testcase name="testOrderOffsetFetch" classname="org.apache.calcite.sql.parser.SqlParserTest" time="0.018"/>
  <testcase name="testMapItemPrecedence" classname="org.apache.calcite.sql.parser.SqlParserTest" time="0.021"/>
  <testcase name="testArithmeticOperators" classname="org.apache.calcite.sql.parser.SqlParserTest" time="0.017"/>
  <testcase name="testMemberOf" classname="org.apache.calcite.sql.parser.SqlParserTest" time="0.003"/>
  <testcase name="testUnicodeEscapedLiteral" classname="org.apache.calcite.sql.parser.SqlParserTest" time="0.041"/>
  <testcase name="testInsertCaseSensitiveExtendedColumnList" classname="org.apache.calcite.sql.parser.SqlParserTest" time="0.018"/>
  <testcase name="testJoinCross" classname="org.apache.calcite.sql.parser.SqlParserTest" time="0.01"/>
  <testcase name="testJoinQuery" classname="org.apache.calcite.sql.parser.SqlParserTest" time="0.005"/>
  <testcase name="testJoinUsing" classname="org.apache.calcite.sql.parser.SqlParserTest" time="0.002"/>
  <testcase name="testAddCarets" classname="org.apache.calcite.sql.parser.SqlParserTest" time="0"/>
  <testcase name="testSelectWithoutFromHavingFails" classname="org.apache.calcite.sql.parser.SqlParserTest" time="0.003"/>
  <testcase name="testCardinalityFunc" classname="org.apache.calcite.sql.parser.SqlParserTest" time="0.002"/>
  <testcase name="testMatchRecognize10" classname="org.apache.calcite.sql.parser.SqlParserTest" time="0.004"/>
  <testcase name="testMatchRecognize11" classname="org.apache.calcite.sql.parser.SqlParserTest" time="0.001"/>
  <testcase name="testSelectWithoutFromGroupByFails" classname="org.apache.calcite.sql.parser.SqlParserTest" time="0.001"/>
  <testcase name="testMatchRecognizeDefineClause2" classname="org.apache.calcite.sql.parser.SqlParserTest" time="0.001"/>
  <testcase name="testMatchRecognizeDefineClause3" classname="org.apache.calcite.sql.parser.SqlParserTest" time="0.003"/>
  <testcase name="testMatchRecognizeDefineClause4" classname="org.apache.calcite.sql.parser.SqlParserTest" time="0.002"/>
  <testcase name="testSelectDistinctWithoutFrom" classname="org.apache.calcite.sql.parser.SqlParserTest" time="0.002"/>
  <testcase name="testMetadata" classname="org.apache.calcite.sql.parser.SqlParserTest" time="0.001"/>
  <testcase name="testCollectionTableWithLateral" classname="org.apache.calcite.sql.parser.SqlParserTest" time="0.001"/>
  <testcase name="testStarAsFails" classname="org.apache.calcite.sql.parser.SqlParserTest" time="0.002"/>
  <testcase name="testMatchRecognizePatternSkip1" classname="org.apache.calcite.sql.parser.SqlParserTest" time="0.004"/>
  <testcase name="testMatchRecognizePatternSkip2" classname="org.apache.calcite.sql.parser.SqlParserTest" time="0.011"/>
  <testcase name="testMatchRecognizePatternSkip3" classname="org.apache.calcite.sql.parser.SqlParserTest" time="0.001"/>
  <testcase name="testMatchRecognizePatternSkip4" classname="org.apache.calcite.sql.parser.SqlParserTest" time="0.002"/>
  <testcase name="testMatchRecognizePatternSkip5" classname="org.apache.calcite.sql.parser.SqlParserTest" time="0.002"/>
  <testcase name="testLongIdentifiers" classname="org.apache.calcite.sql.parser.SqlParserTest" time="0.007"/>
  <testcase name="testHexAndBinaryString" classname="org.apache.calcite.sql.parser.SqlParserTest" time="0.005"/>
  <testcase name="testScalarQueryInWhere" classname="org.apache.calcite.sql.parser.SqlParserTest" time="0.002"/>
  <testcase name="testCaseExpressionFails" classname="org.apache.calcite.sql.parser.SqlParserTest" time="0.002"/>
  <testcase name="testMapItem" classname="org.apache.calcite.sql.parser.SqlParserTest" time="0.005"/>
  <testcase name="testOrderIllegalInExpression" classname="org.apache.calcite.sql.parser.SqlParserTest" time="0.003"/>
  <testcase name="testQueryInIllegalContext" classname="org.apache.calcite.sql.parser.SqlParserTest" time="0.004"/>
  <testcase name="testDateMinusDate" classname="org.apache.calcite.sql.parser.SqlParserTest" time="0.009"/>
  <testcase name="testMapValueConstructor" classname="org.apache.calcite.sql.parser.SqlParserTest" time="0.011"/>
  <testcase name="testIsBooleans" classname="org.apache.calcite.sql.parser.SqlParserTest" time="0.013"/>
  <testcase name="testJoinOnParentheses" classname="org.apache.calcite.sql.parser.SqlParserTest" time="0"/>
  <testcase name="testGroupEmpty" classname="org.apache.calcite.sql.parser.SqlParserTest" time="0.019"/>
  <testcase name="testOperateOnColumn" classname="org.apache.calcite.sql.parser.SqlParserTest" time="0.004"/>
  <testcase name="testOrderNullsFirst" classname="org.apache.calcite.sql.parser.SqlParserTest" time="0.001"/>
  <testcase name="testQuotesInString" classname="org.apache.calcite.sql.parser.SqlParserTest" time="0.008"/>
  <testcase name="testWindowInSubQuery" classname="org.apache.calcite.sql.parser.SqlParserTest" time="0.021"/>
  <testcase name="testEmptyValues" classname="org.apache.calcite.sql.parser.SqlParserTest" time="0.01"/>
  <testcase name="testSubQueryInJoin" classname="org.apache.calcite.sql.parser.SqlParserTest" time="0"/>
  <testcase name="testInnerOuterJoinFails" classname="org.apache.calcite.sql.parser.SqlParserTest" time="0.003"/>
  <testcase name="testMultisetMixed" classname="org.apache.calcite.sql.parser.SqlParserTest" time="0.003"/>
  <testcase name="testMultisetUnion" classname="org.apache.calcite.sql.parser.SqlParserTest" time="0.005"/>
  <testcase name="testReplace" classname="org.apache.calcite.sql.parser.SqlParserTest" time="0.002"/>
  <testcase name="testAsAliases" classname="org.apache.calcite.sql.parser.SqlParserTest" time="0.013"/>
  <testcase name="testConvertAndTranslate" classname="org.apache.calcite.sql.parser.SqlParserTest" time="0.001"/>
  <testcase name="testInsertCaseSensitiveColumnList" classname="org.apache.calcite.sql.parser.SqlParserTest" time="0.004"/>
  <testcase name="testJoinAssociativity" classname="org.apache.calcite.sql.parser.SqlParserTest" time="0">
    <skipped/>
  </testcase>
  <testcase name="testExplainWithoutImpl" classname="org.apache.calcite.sql.parser.SqlParserTest" time="0.002"/>
  <testcase name="testCollectionTable" classname="org.apache.calcite.sql.parser.SqlParserTest" time="0.002"/>
  <testcase name="testParensInFrom" classname="org.apache.calcite.sql.parser.SqlParserTest" time="0.012"/>
  <testcase name="testUnnestWithOrdinality" classname="org.apache.calcite.sql.parser.SqlParserTest" time="0.006"/>
  <testcase name="testGroupingSets" classname="org.apache.calcite.sql.parser.SqlParserTest" time="0.009"/>
  <testcase name="testWindowReference" classname="org.apache.calcite.sql.parser.SqlParserTest" time="0.003"/>
  <testcase name="testGroupByCube2" classname="org.apache.calcite.sql.parser.SqlParserTest" time="0.006"/>
  <testcase name="testMatchRecognizeWithin" classname="org.apache.calcite.sql.parser.SqlParserTest" time="0.003"/>
  <testcase name="testOuterApply" classname="org.apache.calcite.sql.parser.SqlParserTest" time="0.002"/>
  <testcase name="testExplicitTableInJoin" classname="org.apache.calcite.sql.parser.SqlParserTest" time="0.001"/>
  <testcase name="testMinusPrefixInExpression" classname="org.apache.calcite.sql.parser.SqlParserTest" time="0.001"/>
  <testcase name="testLessThanAssociativity" classname="org.apache.calcite.sql.parser.SqlParserTest" time="0.026"/>
  <testcase name="testGroupByRollup" classname="org.apache.calcite.sql.parser.SqlParserTest" time="0.027"/>
  <testcase name="testWindowSpec" classname="org.apache.calcite.sql.parser.SqlParserTest" time="0.076"/>
  <testcase name="testDefault" classname="org.apache.calcite.sql.parser.SqlParserTest" time="0.085"/>
  <testcase name="testIntersect" classname="org.apache.calcite.sql.parser.SqlParserTest" time="0.005"/>
  <testcase name="testTableStarColumnFails" classname="org.apache.calcite.sql.parser.SqlParserTest" time="0.006"/>
  <testcase name="testIsNotDistinct" classname="org.apache.calcite.sql.parser.SqlParserTest" time="0.003"/>
  <testcase name="testGenerateKeyWords" classname="org.apache.calcite.sql.parser.SqlParserTest" time="0.074"/>
  <testcase name="testSubstring" classname="org.apache.calcite.sql.parser.SqlParserTest" time="0.009"/>
  <testcase name="testProcedureCall" classname="org.apache.calcite.sql.parser.SqlParserTest" time="0.003"/>
  <testcase name="testGrouping" classname="org.apache.calcite.sql.parser.SqlParserTest" time="0.002"/>
  <testcase name="testOverlaps" classname="org.apache.calcite.sql.parser.SqlParserTest" time="0.2"/>
  <testcase name="testConcat" classname="org.apache.calcite.sql.parser.SqlParserTest" time="0.036"/>
  <testcase name="testDelete" classname="org.apache.calcite.sql.parser.SqlParserTest" time="0.008"/>
  <testcase name="testExplainAsXml" classname="org.apache.calcite.sql.parser.SqlParserTest" time="0.033"/>
  <testcase name="testBangEqualIsBad" classname="org.apache.calcite.sql.parser.SqlParserTest" time="0.003"/>
  <testcase name="testCastToVarchar" classname="org.apache.calcite.sql.parser.SqlParserTest" time="0.003"/>
  <testcase name="testExcept" classname="org.apache.calcite.sql.parser.SqlParserTest" time="0.01"/>
  <testcase name="testExists" classname="org.apache.calcite.sql.parser.SqlParserTest" time="0.001"/>
  <testcase name="testFunctionNamedArgument" classname="org.apache.calcite.sql.parser.SqlParserTest" time="0.003"/>
  <testcase name="testMergeSelectSource" classname="org.apache.calcite.sql.parser.SqlParserTest" time="0.005"/>
  <testcase name="testInsertColumnList" classname="org.apache.calcite.sql.parser.SqlParserTest" time="0.001"/>
  <testcase name="testMultiset" classname="org.apache.calcite.sql.parser.SqlParserTest" time="0.01"/>
  <testcase name="testWithNestedInSubQuery" classname="org.apache.calcite.sql.parser.SqlParserTest" time="0.003"/>
  <testcase name="testInList" classname="org.apache.calcite.sql.parser.SqlParserTest" time="0.002"/>
  <testcase name="testArrayValueConstructor" classname="org.apache.calcite.sql.parser.SqlParserTest" time="0.005"/>
  <testcase name="testIsASet" classname="org.apache.calcite.sql.parser.SqlParserTest" time="0.017"/>
  <testcase name="testWindowSpecPartial" classname="org.apache.calcite.sql.parser.SqlParserTest" time="0.011"/>
  <testcase name="testPosition" classname="org.apache.calcite.sql.parser.SqlParserTest" time="0.001"/>
  <testcase name="testJoinOn" classname="org.apache.calcite.sql.parser.SqlParserTest" time="0.004"/>
  <testcase name="testFromValues" classname="org.apache.calcite.sql.parser.SqlParserTest" time="0.002"/>
  <testcase name="testStringLiteralChain" classname="org.apache.calcite.sql.parser.SqlParserTest" time="0.005"/>
  <testcase name="testStringLiteralFails" classname="org.apache.calcite.sql.parser.SqlParserTest" time="0.008"/>
  <testcase name="testInQuery" classname="org.apache.calcite.sql.parser.SqlParserTest" time="0.002"/>
  <testcase name="testInSetop" classname="org.apache.calcite.sql.parser.SqlParserTest" time="0.003"/>
  <testcase name="testWithValues" classname="org.apache.calcite.sql.parser.SqlParserTest" time="0.002"/>
  <testcase name="testInvalidToken" classname="org.apache.calcite.sql.parser.SqlParserTest" time="0.001"/>
  <testcase name="testFromWithAs" classname="org.apache.calcite.sql.parser.SqlParserTest" time="0.001"/>
  <testcase name="testContinuedLiteral" classname="org.apache.calcite.sql.parser.SqlParserTest" time="0.007"/>
  <testcase name="testNotExists" classname="org.apache.calcite.sql.parser.SqlParserTest" time="0.004"/>
  <testcase name="testWithFails" classname="org.apache.calcite.sql.parser.SqlParserTest" time="0.002"/>
  <testcase name="testExplainAsJson" classname="org.apache.calcite.sql.parser.SqlParserTest" time="0.003"/>
  <testcase name="testWithUnion" classname="org.apache.calcite.sql.parser.SqlParserTest" time="0.004"/>
  <testcase name="testSelectWithoutFrom" classname="org.apache.calcite.sql.parser.SqlParserTest" time="0.002"/>
  <testcase name="testNullIf" classname="org.apache.calcite.sql.parser.SqlParserTest" time="0.006"/>
  <testcase name="testFromValuesWithoutParens" classname="org.apache.calcite.sql.parser.SqlParserTest" time="0.004"/>
  <testcase name="testInsertValuesRawDefault" classname="org.apache.calcite.sql.parser.SqlParserTest" time="0.015"/>
  <testcase name="testEmbeddedFunction" classname="org.apache.calcite.sql.parser.SqlParserTest" time="0">
    <skipped/>
  </testcase>
  <testcase name="testExplainInsert" classname="org.apache.calcite.sql.parser.SqlParserTest" time="0.002"/>
  <testcase name="testPeriod" classname="org.apache.calcite.sql.parser.SqlParserTest" time="0.002"/>
  <testcase name="testSelectWithoutFrom2" classname="org.apache.calcite.sql.parser.SqlParserTest" time="0.002"/>
  <testcase name="testDateTimeCast" classname="org.apache.calcite.sql.parser.SqlParserTest" time="0.01"/>
  <testcase name="testMixedFrom" classname="org.apache.calcite.sql.parser.SqlParserTest" time="0.001"/>
  <testcase name="testMixedStar" classname="org.apache.calcite.sql.parser.SqlParserTest" time="0.002"/>
  <testcase name="testIntervalOperators" classname="org.apache.calcite.sql.parser.SqlParserTest" time="0.011"/>
  <testcase name="testCastFails" classname="org.apache.calcite.sql.parser.SqlParserTest" time="0"/>
  <testcase name="testHavingBeforeGroupFails" classname="org.apache.calcite.sql.parser.SqlParserTest" time="0.001"/>
  <testcase name="testUnicodeLiteral" classname="org.apache.calcite.sql.parser.SqlParserTest" time="0.005"/>
  <testcase name="testHavingAfterGroup" classname="org.apache.calcite.sql.parser.SqlParserTest" time="0.005"/>
  <testcase name="testInsertSelect" classname="org.apache.calcite.sql.parser.SqlParserTest" time="0.004"/>
  <testcase name="testDescribeStatement" classname="org.apache.calcite.sql.parser.SqlParserTest" time="0.034"/>
  <testcase name="testUnnest" classname="org.apache.calcite.sql.parser.SqlParserTest" time="0.021"/>
  <testcase name="testUpdate" classname="org.apache.calcite.sql.parser.SqlParserTest" time="0.001"/>
  <testcase name="testValues" classname="org.apache.calcite.sql.parser.SqlParserTest" time="0.003"/>
  <testcase name="testInsertValuesDefault" classname="org.apache.calcite.sql.parser.SqlParserTest" time="0.006"/>
  <testcase name="testIntervalArithmetics" classname="org.apache.calcite.sql.parser.SqlParserTest" time="0.016"/>
  <testcase name="testLimitUnion" classname="org.apache.calcite.sql.parser.SqlParserTest" time="0.004"/>
  <testcase name="testInsertValues" classname="org.apache.calcite.sql.parser.SqlParserTest" time="0.005"/>
  <testcase name="testTranslate3" classname="org.apache.calcite.sql.parser.SqlParserTest" time="0.003"/>
  <testcase name="testNestedSelect" classname="org.apache.calcite.sql.parser.SqlParserTest" time="0.002"/>
  <testcase name="testBackTickIdentifier" classname="org.apache.calcite.sql.parser.SqlParserTest" time="0.014"/>
  <testcase name="testSelectList" classname="org.apache.calcite.sql.parser.SqlParserTest" time="0.01"/>
  <testcase name="testLiteralCollate" classname="org.apache.calcite.sql.parser.SqlParserTest" time="0"/>
  <testcase name="testExplainUpsert" classname="org.apache.calcite.sql.parser.SqlParserTest" time="0.007"/>
  <testcase name="testHavingNoGroup" classname="org.apache.calcite.sql.parser.SqlParserTest" time="0.006"/>
  <testcase name="testIdentifier" classname="org.apache.calcite.sql.parser.SqlParserTest" time="0.006"/>
  <testcase name="testMultisetIntersect" classname="org.apache.calcite.sql.parser.SqlParserTest" time="0.021"/>
  <testcase name="testOuterApplyValues" classname="org.apache.calcite.sql.parser.SqlParserTest" time="0.002"/>
  <testcase name="testBracketIdentifier" classname="org.apache.calcite.sql.parser.SqlParserTest" time="0.024"/>
  <testcase name="testMatchRecognizeSubset1" classname="org.apache.calcite.sql.parser.SqlParserTest" time="0.002"/>
  <testcase name="testMatchRecognizeSubset2" classname="org.apache.calcite.sql.parser.SqlParserTest" time="0.003"/>
  <testcase name="testMatchRecognizeSubset3" classname="org.apache.calcite.sql.parser.SqlParserTest" time="0.002"/>
  <testcase name="testHexAndBinaryStringFails" classname="org.apache.calcite.sql.parser.SqlParserTest" time="0.005"/>
  <testcase name="testEqualNotEqual" classname="org.apache.calcite.sql.parser.SqlParserTest" time="0.025"/>
  <testcase name="testSequence" classname="org.apache.calcite.sql.parser.SqlParserTest" time="0.024"/>
  <testcase name="testUnionOrder" classname="org.apache.calcite.sql.parser.SqlParserTest" time="0.003"/>
  <testcase name="testQueryInFrom" classname="org.apache.calcite.sql.parser.SqlParserTest" time="0.002"/>
  <testcase name="testFunction" classname="org.apache.calcite.sql.parser.SqlParserTest" time="0.004"/>
  <testcase name="testSetMinus" classname="org.apache.calcite.sql.parser.SqlParserTest" time="0.005"/>
  <testcase name="testIntervalCompare" classname="org.apache.calcite.sql.parser.SqlParserTest" time="0.005"/>
</testsuite>