<?xml version="1.0" encoding="UTF-8"?>
<testsuite xmlns:xsi="http://www.w3.org/2001/XMLSchema-instance" xsi:noNamespaceSchemaLocation="https://maven.apache.org/surefire/maven-surefire-plugin/xsd/surefire-test-report.xsd" name="org.apache.calcite.test.RelMetadataTest" time="12.907" tests="140" errors="0" skipped="6" failures="0">
  <properties>
    <property name="awt.toolkit" value="sun.awt.X11.XToolkit"/>
    <property name="hsqldb.reconfig_logging" value="false"/>
    <property name="file.encoding.pkg" value="sun.io"/>
    <property name="java.specification.version" value="1.8"/>
    <property name="sun.cpu.isalist" value=""/>
    <property name="sun.jnu.encoding" value="UTF-8"/>
    <property name="java.class.path" value="/root/workspace/apache/calcite/385450262/core/target/test-classes:/root/workspace/apache/calcite/385450262/core/target/classes:/root/./workspace/apache/calcite/385450262/.m2/org/apache/calcite/avatica/avatica-core/1.11.0/avatica-core-1.11.0.jar:/root/./workspace/apache/calcite/385450262/.m2/org/apache/calcite/avatica/avatica-metrics/1.11.0/avatica-metrics-1.11.0.jar:/root/./workspace/apache/calcite/385450262/.m2/com/google/protobuf/protobuf-java/3.3.0/protobuf-java-3.3.0.jar:/root/./workspace/apache/calcite/385450262/.m2/org/apache/httpcomponents/httpclient/4.5.2/httpclient-4.5.2.jar:/root/./workspace/apache/calcite/385450262/.m2/commons-codec/commons-codec/1.9/commons-codec-1.9.jar:/root/./workspace/apache/calcite/385450262/.m2/org/apache/httpcomponents/httpcore/4.4.4/httpcore-4.4.4.jar:/root/workspace/apache/calcite/385450262/linq4j/target/classes:/root/./workspace/apache/calcite/385450262/.m2/org/apache/calcite/avatica/avatica-server/1.11.0/avatica-server-1.11.0.jar:/root/./workspace/apache/calcite/385450262/.m2/javax/servlet/javax.servlet-api/3.0.1/javax.servlet-api-3.0.1.jar:/root/./workspace/apache/calcite/385450262/.m2/org/eclipse/jetty/jetty-http/9.2.19.v20160908/jetty-http-9.2.19.v20160908.jar:/root/./workspace/apache/calcite/385450262/.m2/org/eclipse/jetty/jetty-security/9.2.19.v20160908/jetty-security-9.2.19.v20160908.jar:/root/./workspace/apache/calcite/385450262/.m2/org/eclipse/jetty/jetty-server/9.2.19.v20160908/jetty-server-9.2.19.v20160908.jar:/root/./workspace/apache/calcite/385450262/.m2/org/eclipse/jetty/jetty-io/9.2.19.v20160908/jetty-io-9.2.19.v20160908.jar:/root/./workspace/apache/calcite/385450262/.m2/org/eclipse/jetty/jetty-util/9.2.19.v20160908/jetty-util-9.2.19.v20160908.jar:/root/./workspace/apache/calcite/385450262/.m2/commons-dbcp/commons-dbcp/1.4/commons-dbcp-1.4.jar:/root/./workspace/apache/calcite/385450262/.m2/commons-pool/commons-pool/1.5.4/commons-pool-1.5.4.jar:/root/./workspace/apache/calcite/385450262/.m2/org/apache/commons/commons-lang3/3.2/commons-lang3-3.2.jar:/root/./workspace/apache/calcite/385450262/.m2/com/esri/geometry/esri-geometry-api/2.0.0/esri-geometry-api-2.0.0.jar:/root/./workspace/apache/calcite/385450262/.m2/com/fasterxml/jackson/core/jackson-core/2.9.4/jackson-core-2.9.4.jar:/root/./workspace/apache/calcite/385450262/.m2/com/fasterxml/jackson/core/jackson-annotations/2.9.4/jackson-annotations-2.9.4.jar:/root/./workspace/apache/calcite/385450262/.m2/com/fasterxml/jackson/core/jackson-databind/2.9.4/jackson-databind-2.9.4.jar:/root/./workspace/apache/calcite/385450262/.m2/com/google/code/findbugs/jsr305/3.0.1/jsr305-3.0.1.jar:/root/./workspace/apache/calcite/385450262/.m2/com/google/guava/guava/19.0/guava-19.0.jar:/root/./workspace/apache/calcite/385450262/.m2/com/h2database/h2/1.4.185/h2-1.4.185.jar:/root/./workspace/apache/calcite/385450262/.m2/com/yahoo/datasketches/sketches-core/0.9.0/sketches-core-0.9.0.jar:/root/./workspace/apache/calcite/385450262/.m2/com/yahoo/datasketches/memory/0.9.0/memory-0.9.0.jar:/root/./workspace/apache/calcite/385450262/.m2/junit/junit/4.12/junit-4.12.jar:/root/./workspace/apache/calcite/385450262/.m2/mysql/mysql-connector-java/5.1.20/mysql-connector-java-5.1.20.jar:/root/./workspace/apache/calcite/385450262/.m2/net/hydromatic/aggdesigner-algorithm/6.0/aggdesigner-algorithm-6.0.jar:/root/./workspace/apache/calcite/385450262/.m2/commons-lang/commons-lang/2.4/commons-lang-2.4.jar:/root/./workspace/apache/calcite/385450262/.m2/commons-logging/commons-logging/1.1.3/commons-logging-1.1.3.jar:/root/./workspace/apache/calcite/385450262/.m2/net/hydromatic/foodmart-data-hsqldb/0.3/foodmart-data-hsqldb-0.3.jar:/root/./workspace/apache/calcite/385450262/.m2/net/hydromatic/foodmart-queries/0.4.1/foodmart-queries-0.4.1.jar:/root/./workspace/apache/calcite/385450262/.m2/net/hydromatic/quidem/0.8/quidem-0.8.jar:/root/./workspace/apache/calcite/385450262/.m2/net/hydromatic/scott-data-hsqldb/0.1/scott-data-hsqldb-0.1.jar:/root/./workspace/apache/calcite/385450262/.m2/org/codehaus/janino/janino/2.7.6/janino-2.7.6.jar:/root/./workspace/apache/calcite/385450262/.m2/org/codehaus/janino/commons-compiler/2.7.6/commons-compiler-2.7.6.jar:/root/./workspace/apache/calcite/385450262/.m2/org/hsqldb/hsqldb/2.4.0/hsqldb-2.4.0.jar:/root/./workspace/apache/calcite/385450262/.m2/org/incava/java-diff/1.1.1/java-diff-1.1.1.jar:/root/./workspace/apache/calcite/385450262/.m2/org/hamcrest/hamcrest-core/1.3/hamcrest-core-1.3.jar:/root/./workspace/apache/calcite/385450262/.m2/org/postgresql/postgresql/9.3-1102-jdbc3/postgresql-9.3-1102-jdbc3.jar:/root/./workspace/apache/calcite/385450262/.m2/org/slf4j/slf4j-api/1.7.13/slf4j-api-1.7.13.jar:/root/./workspace/apache/calcite/385450262/.m2/org/slf4j/slf4j-log4j12/1.7.13/slf4j-log4j12-1.7.13.jar:/root/./workspace/apache/calcite/385450262/.m2/log4j/log4j/1.2.17/log4j-1.2.17.jar:/root/./workspace/apache/calcite/385450262/.m2/sqlline/sqlline/1.3.0/sqlline-1.3.0.jar:/root/./workspace/apache/calcite/385450262/.m2/jline/jline/2.14.3/jline-2.14.3.jar:"/>
    <property name="java.vm.vendor" value="Oracle Corporation"/>
    <property name="skip.bower" value="true"/>
    <property name="sun.arch.data.model" value="64"/>
    <property name="java.vendor.url" value="http://java.oracle.com/"/>
    <property name="user.timezone" value="Europe/Paris"/>
    <property name="java.vm.specification.version" value="1.8"/>
    <property name="os.name" value="Linux"/>
    <property name="rat.skip" value="true"/>
    <property name="gpg.skip" value="true"/>
    <property name="sun.java.launcher" value="SUN_STANDARD"/>
    <property name="sun.boot.library.path" value="/usr/lib/jvm/java-8-openjdk-amd64/jre/lib/amd64"/>
    <property name="skip.gulp" value="true"/>
    <property name="sun.java.command" value="/root/workspace/apache/calcite/385450262/core/target/surefire/surefirebooter2742729045839944414.jar /root/workspace/apache/calcite/385450262/core/target/surefire 2018-05-30T02-12-30_256-jvmRun1 surefire2123392062510111076tmp surefire_12017067023920722943tmp"/>
    <property name="dependency-check.skip" value="true"/>
    <property name="surefire.test.class.path" value="/root/workspace/apache/calcite/385450262/core/target/test-classes:/root/workspace/apache/calcite/385450262/core/target/classes:/root/./workspace/apache/calcite/385450262/.m2/org/apache/calcite/avatica/avatica-core/1.11.0/avatica-core-1.11.0.jar:/root/./workspace/apache/calcite/385450262/.m2/org/apache/calcite/avatica/avatica-metrics/1.11.0/avatica-metrics-1.11.0.jar:/root/./workspace/apache/calcite/385450262/.m2/com/google/protobuf/protobuf-java/3.3.0/protobuf-java-3.3.0.jar:/root/./workspace/apache/calcite/385450262/.m2/org/apache/httpcomponents/httpclient/4.5.2/httpclient-4.5.2.jar:/root/./workspace/apache/calcite/385450262/.m2/commons-codec/commons-codec/1.9/commons-codec-1.9.jar:/root/./workspace/apache/calcite/385450262/.m2/org/apache/httpcomponents/httpcore/4.4.4/httpcore-4.4.4.jar:/root/workspace/apache/calcite/385450262/linq4j/target/classes:/root/./workspace/apache/calcite/385450262/.m2/org/apache/calcite/avatica/avatica-server/1.11.0/avatica-server-1.11.0.jar:/root/./workspace/apache/calcite/385450262/.m2/javax/servlet/javax.servlet-api/3.0.1/javax.servlet-api-3.0.1.jar:/root/./workspace/apache/calcite/385450262/.m2/org/eclipse/jetty/jetty-http/9.2.19.v20160908/jetty-http-9.2.19.v20160908.jar:/root/./workspace/apache/calcite/385450262/.m2/org/eclipse/jetty/jetty-security/9.2.19.v20160908/jetty-security-9.2.19.v20160908.jar:/root/./workspace/apache/calcite/385450262/.m2/org/eclipse/jetty/jetty-server/9.2.19.v20160908/jetty-server-9.2.19.v20160908.jar:/root/./workspace/apache/calcite/385450262/.m2/org/eclipse/jetty/jetty-io/9.2.19.v20160908/jetty-io-9.2.19.v20160908.jar:/root/./workspace/apache/calcite/385450262/.m2/org/eclipse/jetty/jetty-util/9.2.19.v20160908/jetty-util-9.2.19.v20160908.jar:/root/./workspace/apache/calcite/385450262/.m2/commons-dbcp/commons-dbcp/1.4/commons-dbcp-1.4.jar:/root/./workspace/apache/calcite/385450262/.m2/commons-pool/commons-pool/1.5.4/commons-pool-1.5.4.jar:/root/./workspace/apache/calcite/385450262/.m2/org/apache/commons/commons-lang3/3.2/commons-lang3-3.2.jar:/root/./workspace/apache/calcite/385450262/.m2/com/esri/geometry/esri-geometry-api/2.0.0/esri-geometry-api-2.0.0.jar:/root/./workspace/apache/calcite/385450262/.m2/com/fasterxml/jackson/core/jackson-core/2.9.4/jackson-core-2.9.4.jar:/root/./workspace/apache/calcite/385450262/.m2/com/fasterxml/jackson/core/jackson-annotations/2.9.4/jackson-annotations-2.9.4.jar:/root/./workspace/apache/calcite/385450262/.m2/com/fasterxml/jackson/core/jackson-databind/2.9.4/jackson-databind-2.9.4.jar:/root/./workspace/apache/calcite/385450262/.m2/com/google/code/findbugs/jsr305/3.0.1/jsr305-3.0.1.jar:/root/./workspace/apache/calcite/385450262/.m2/com/google/guava/guava/19.0/guava-19.0.jar:/root/./workspace/apache/calcite/385450262/.m2/com/h2database/h2/1.4.185/h2-1.4.185.jar:/root/./workspace/apache/calcite/385450262/.m2/com/yahoo/datasketches/sketches-core/0.9.0/sketches-core-0.9.0.jar:/root/./workspace/apache/calcite/385450262/.m2/com/yahoo/datasketches/memory/0.9.0/memory-0.9.0.jar:/root/./workspace/apache/calcite/385450262/.m2/junit/junit/4.12/junit-4.12.jar:/root/./workspace/apache/calcite/385450262/.m2/mysql/mysql-connector-java/5.1.20/mysql-connector-java-5.1.20.jar:/root/./workspace/apache/calcite/385450262/.m2/net/hydromatic/aggdesigner-algorithm/6.0/aggdesigner-algorithm-6.0.jar:/root/./workspace/apache/calcite/385450262/.m2/commons-lang/commons-lang/2.4/commons-lang-2.4.jar:/root/./workspace/apache/calcite/385450262/.m2/commons-logging/commons-logging/1.1.3/commons-logging-1.1.3.jar:/root/./workspace/apache/calcite/385450262/.m2/net/hydromatic/foodmart-data-hsqldb/0.3/foodmart-data-hsqldb-0.3.jar:/root/./workspace/apache/calcite/385450262/.m2/net/hydromatic/foodmart-queries/0.4.1/foodmart-queries-0.4.1.jar:/root/./workspace/apache/calcite/385450262/.m2/net/hydromatic/quidem/0.8/quidem-0.8.jar:/root/./workspace/apache/calcite/385450262/.m2/net/hydromatic/scott-data-hsqldb/0.1/scott-data-hsqldb-0.1.jar:/root/./workspace/apache/calcite/385450262/.m2/org/codehaus/janino/janino/2.7.6/janino-2.7.6.jar:/root/./workspace/apache/calcite/385450262/.m2/org/codehaus/janino/commons-compiler/2.7.6/commons-compiler-2.7.6.jar:/root/./workspace/apache/calcite/385450262/.m2/org/hsqldb/hsqldb/2.4.0/hsqldb-2.4.0.jar:/root/./workspace/apache/calcite/385450262/.m2/org/incava/java-diff/1.1.1/java-diff-1.1.1.jar:/root/./workspace/apache/calcite/385450262/.m2/org/hamcrest/hamcrest-core/1.3/hamcrest-core-1.3.jar:/root/./workspace/apache/calcite/385450262/.m2/org/postgresql/postgresql/9.3-1102-jdbc3/postgresql-9.3-1102-jdbc3.jar:/root/./workspace/apache/calcite/385450262/.m2/org/slf4j/slf4j-api/1.7.13/slf4j-api-1.7.13.jar:/root/./workspace/apache/calcite/385450262/.m2/org/slf4j/slf4j-log4j12/1.7.13/slf4j-log4j12-1.7.13.jar:/root/./workspace/apache/calcite/385450262/.m2/log4j/log4j/1.2.17/log4j-1.2.17.jar:/root/./workspace/apache/calcite/385450262/.m2/sqlline/sqlline/1.3.0/sqlline-1.3.0.jar:/root/./workspace/apache/calcite/385450262/.m2/jline/jline/2.14.3/jline-2.14.3.jar:"/>
    <property name="sun.cpu.endian" value="little"/>
    <property name="user.home" value="/root"/>
    <property name="user.language" value="en"/>
    <property name="java.specification.vendor" value="Oracle Corporation"/>
    <property name="java.home" value="/usr/lib/jvm/java-8-openjdk-amd64/jre"/>
    <property name="basedir" value="/root/workspace/apache/calcite/385450262/core"/>
    <property name="file.separator" value="/"/>
    <property name="checkstyle.skip" value="true"/>
    <property name="line.separator" value="&#10;"/>
    <property name="skip.npm" value="true"/>
    <property name="java.vm.specification.vendor" value="Oracle Corporation"/>
    <property name="java.specification.name" value="Java Platform API Specification"/>
    <property name="java.awt.graphicsenv" value="sun.awt.X11GraphicsEnvironment"/>
    <property name="skipITs" value="true"/>
    <property name="surefire.real.class.path" value="/root/workspace/apache/calcite/385450262/core/target/surefire/surefirebooter2742729045839944414.jar"/>
    <property name="cobertura.skip" value="true"/>
    <property name="sun.boot.class.path" value="/usr/lib/jvm/java-8-openjdk-amd64/jre/lib/resources.jar:/usr/lib/jvm/java-8-openjdk-amd64/jre/lib/rt.jar:/usr/lib/jvm/java-8-openjdk-amd64/jre/lib/sunrsasign.jar:/usr/lib/jvm/java-8-openjdk-amd64/jre/lib/jsse.jar:/usr/lib/jvm/java-8-openjdk-amd64/jre/lib/jce.jar:/usr/lib/jvm/java-8-openjdk-amd64/jre/lib/charsets.jar:/usr/lib/jvm/java-8-openjdk-amd64/jre/lib/jfr.jar:/usr/lib/jvm/java-8-openjdk-amd64/jre/classes"/>
    <property name="sun.management.compiler" value="HotSpot 64-Bit Tiered Compilers"/>
    <property name="java.runtime.version" value="1.8.0_121-8u121-b13-1~bpo8+1-b13"/>
    <property name="user.name" value="root"/>
    <property name="findbugs.skip" value="true"/>
    <property name="path.separator" value=":"/>
    <property name="os.version" value="3.10.0-862.2.3.el7.x86_64"/>
    <property name="java.endorsed.dirs" value="/usr/lib/jvm/java-8-openjdk-amd64/jre/lib/endorsed"/>
    <property name="java.runtime.name" value="OpenJDK Runtime Environment"/>
    <property name="file.encoding" value="UTF-8"/>
    <property name="java.vm.name" value="OpenJDK 64-Bit Server VM"/>
    <property name="localRepository" value="/root/./workspace/apache/calcite/385450262/.m2"/>
    <property name="java.vendor.url.bug" value="http://bugreport.sun.com/bugreport/"/>
    <property name="java.io.tmpdir" value="/tmp"/>
    <property name="java.version" value="1.8.0_121"/>
    <property name="user.dir" value="/root/workspace/apache/calcite/385450262/core"/>
    <property name="os.arch" value="amd64"/>
    <property name="license.skip" value="true"/>
    <property name="java.vm.specification.name" value="Java Virtual Machine Specification"/>
    <property name="java.awt.printerjob" value="sun.print.PSPrinterJob"/>
    <property name="sun.os.patch.level" value="unknown"/>
    <property name="java.library.path" value="/usr/java/packages/lib/amd64:/usr/lib/x86_64-linux-gnu/jni:/lib/x86_64-linux-gnu:/usr/lib/x86_64-linux-gnu:/usr/lib/jni:/lib:/usr/lib"/>
    <property name="java.vm.info" value="mixed mode"/>
    <property name="java.vendor" value="Oracle Corporation"/>
    <property name="java.vm.version" value="25.121-b13"/>
    <property name="java.ext.dirs" value="/usr/lib/jvm/java-8-openjdk-amd64/jre/lib/ext:/usr/java/packages/lib/ext"/>
    <property name="sun.io.unicode.encoding" value="UnicodeLittle"/>
    <property name="maven.repo.local" value="/root/./workspace/apache/calcite/385450262/.m2"/>
    <property name="enforcer.skip" value="true"/>
    <property name="java.class.version" value="52.0"/>
  </properties>
  <testcase name="testPercentageOriginalRowsUnionNoFilter" classname="org.apache.calcite.test.RelMetadataTest" time="0.026"/>
  <testcase name="testPercentageOriginalRowsTableOnly" classname="org.apache.calcite.test.RelMetadataTest" time="0.025"/>
  <testcase name="testRowCountMinusOnFinite" classname="org.apache.calcite.test.RelMetadataTest" time="0.039"/>
  <testcase name="testNodeTypeCountSortLimitOffsetOnFinite" classname="org.apache.calcite.test.RelMetadataTest" time="0.011"/>
  <testcase name="testNodeTypeCountAggregateEmptyKeyOnEmptyTable" classname="org.apache.calcite.test.RelMetadataTest" time="0.007"/>
  <testcase name="testSelectivityJoin" classname="org.apache.calcite.test.RelMetadataTest" time="0.025"/>
  <testcase name="testSelectivitySort" classname="org.apache.calcite.test.RelMetadataTest" time="0.025"/>
  <testcase name="testRowCountDept" classname="org.apache.calcite.test.RelMetadataTest" time="0.03"/>
  <testcase name="testRowCountJoin" classname="org.apache.calcite.test.RelMetadataTest" time="0.022"/>
  <testcase name="testRowCountSort" classname="org.apache.calcite.test.RelMetadataTest" time="0.024"/>
  <testcase name="testDistributionHash" classname="org.apache.calcite.test.RelMetadataTest" time="0.011"/>
  <testcase name="testRowCountLeftJoinEmptyFinite" classname="org.apache.calcite.test.RelMetadataTest" time="0.016"/>
  <testcase name="testRowCountFilterOnFinite" classname="org.apache.calcite.test.RelMetadataTest" time="0.018"/>
  <testcase name="testNodeTypeCountSortLimitOffset" classname="org.apache.calcite.test.RelMetadataTest" time="0.005"/>
  <testcase name="testCollation" classname="org.apache.calcite.test.RelMetadataTest" time="0.014"/>
  <testcase name="testColumnOriginsJoinFullOuter" classname="org.apache.calcite.test.RelMetadataTest" time="0.023"/>
  <testcase name="testRowCountSortLimitOffsetOnFinite" classname="org.apache.calcite.test.RelMetadataTest" time="0.008"/>
  <testcase name="testAllPredicates" classname="org.apache.calcite.test.RelMetadataTest" time="0.063"/>
  <testcase name="testExpressionLineageOuterJoin" classname="org.apache.calcite.test.RelMetadataTest" time="0.021"/>
  <testcase name="testNodeTypeCountAggregateGroupingSets" classname="org.apache.calcite.test.RelMetadataTest" time="0.004"/>
  <testcase name="testRowCountUnionOnFinite" classname="org.apache.calcite.test.RelMetadataTest" time="0.008"/>
  <testcase name="testSelectivityAgg" classname="org.apache.calcite.test.RelMetadataTest" time="0.006"/>
  <testcase name="testSelectivityAndFilter" classname="org.apache.calcite.test.RelMetadataTest" time="0.007"/>
  <testcase name="testRowCountJoinFiniteEmpty" classname="org.apache.calcite.test.RelMetadataTest" time="0.012"/>
  <testcase name="testRowCountJoinEmptyEmpty" classname="org.apache.calcite.test.RelMetadataTest" time="0.011"/>
  <testcase name="testCorrelateUniqueKeys" classname="org.apache.calcite.test.RelMetadataTest" time="0.027"/>
  <testcase name="testColumnOriginsTableOnly" classname="org.apache.calcite.test.RelMetadataTest" time="0.011"/>
  <testcase name="testColumnOriginsAggCountStar" classname="org.apache.calcite.test.RelMetadataTest" time="0.014"/>
  <testcase name="testSelectivityRedundantFilter" classname="org.apache.calcite.test.RelMetadataTest" time="0.005"/>
  <testcase name="testDistinctRowCountTable" classname="org.apache.calcite.test.RelMetadataTest" time="0.056"/>
  <testcase name="testGetPredicatesForJoin" classname="org.apache.calcite.test.RelMetadataTest" time="0.065"/>
  <testcase name="testExpressionLineageTwoColumnsSwapped" classname="org.apache.calcite.test.RelMetadataTest" time="0.018"/>
  <testcase name="testExpressionLineageSelfJoin" classname="org.apache.calcite.test.RelMetadataTest" time="0.022"/>
  <testcase name="testPercentageOriginalRowsAgg" classname="org.apache.calcite.test.RelMetadataTest" time="0.005"/>
  <testcase name="testUnion" classname="org.apache.calcite.test.RelMetadataTest" time="0.049"/>
  <testcase name="testColumnOriginsSelfUnion" classname="org.apache.calcite.test.RelMetadataTest" time="0.004"/>
  <testcase name="testRowCountSortHighOffsetLimit" classname="org.apache.calcite.test.RelMetadataTest" time="0.006"/>
  <testcase name="testGroupByEmptyUniqueKeys" classname="org.apache.calcite.test.RelMetadataTest" time="0.048"/>
  <testcase name="testDistributionSimple" classname="org.apache.calcite.test.RelMetadataTest" time="0.048"/>
  <testcase name="testColumnOriginsJoinLeft" classname="org.apache.calcite.test.RelMetadataTest" time="0.002"/>
  <testcase name="testDistributionHashEmpty" classname="org.apache.calcite.test.RelMetadataTest" time="0.004"/>
  <testcase name="testNodeTypeCountUnion" classname="org.apache.calcite.test.RelMetadataTest" time="0.005"/>
  <testcase name="testAllPredicatesAggregate1" classname="org.apache.calcite.test.RelMetadataTest" time="0.006"/>
  <testcase name="testAllPredicatesAggregate2" classname="org.apache.calcite.test.RelMetadataTest" time="0.006"/>
  <testcase name="testAllPredicatesAggregate3" classname="org.apache.calcite.test.RelMetadataTest" time="0.006"/>
  <testcase name="testNodeTypeCountJoinEmptyFinite" classname="org.apache.calcite.test.RelMetadataTest" time="0.009"/>
  <testcase name="testNodeTypeCountMinusOnFinite" classname="org.apache.calcite.test.RelMetadataTest" time="0.007"/>
  <testcase name="testSelectivityIsNotNullFilter" classname="org.apache.calcite.test.RelMetadataTest" time="0.006"/>
  <testcase name="testExpressionLineageStar" classname="org.apache.calcite.test.RelMetadataTest" time="0.005"/>
  <testcase name="testCustomProvider" classname="org.apache.calcite.test.RelMetadataTest" time="0.036"/>
  <testcase name="testNodeTypeCountSortLimit" classname="org.apache.calcite.test.RelMetadataTest" time="0.006"/>
  <testcase name="testRowCountAggregateEmptyKeyOnEmptyTable" classname="org.apache.calcite.test.RelMetadataTest" time="0.005"/>
  <testcase name="testSelectivityComparisonFilter" classname="org.apache.calcite.test.RelMetadataTest" time="0.004"/>
  <testcase name="testExpressionLineageFilter" classname="org.apache.calcite.test.RelMetadataTest" time="0.032"/>
  <testcase name="testColumnOriginsAggKey" classname="org.apache.calcite.test.RelMetadataTest" time="0.003"/>
  <testcase name="testNodeTypeCountUnionOnFinite" classname="org.apache.calcite.test.RelMetadataTest" time="0.031"/>
  <testcase name="testMetadataHandlerCacheLimit" classname="org.apache.calcite.test.RelMetadataTest" time="12.835"/>
  <testcase name="testNodeTypeCountAggregate" classname="org.apache.calcite.test.RelMetadataTest" time="0.003"/>
  <testcase name="testPercentageOriginalRowsUnionLittleFilter" classname="org.apache.calcite.test.RelMetadataTest" time="0">
    <skipped/>
  </testcase>
  <testcase name="testNodeTypeCountCartesian" classname="org.apache.calcite.test.RelMetadataTest" time="0.03"/>
  <testcase name="testGroupByEmptyHavingUniqueKeys" classname="org.apache.calcite.test.RelMetadataTest" time="0.029"/>
  <testcase name="testColumnOriginsFilter" classname="org.apache.calcite.test.RelMetadataTest" time="0.028"/>
  <testcase name="testPullUpPredicatesOnNullableConstant" classname="org.apache.calcite.test.RelMetadataTest" time="0.028"/>
  <testcase name="testExpressionLineageInnerJoinRight" classname="org.apache.calcite.test.RelMetadataTest" time="0.027"/>
  <testcase name="testExpressionLineageTwoColumns" classname="org.apache.calcite.test.RelMetadataTest" time="0.028"/>
  <testcase name="testExpressionLineageValues" classname="org.apache.calcite.test.RelMetadataTest" time="0.005"/>
  <testcase name="testColumnOriginsConstant" classname="org.apache.calcite.test.RelMetadataTest" time="0.003"/>
  <testcase name="testGetPredicatesForFilter" classname="org.apache.calcite.test.RelMetadataTest" time="0.07"/>
  <testcase name="testGroupBy" classname="org.apache.calcite.test.RelMetadataTest" time="0.023"/>
  <testcase name="testSelectivityOrFilter" classname="org.apache.calcite.test.RelMetadataTest" time="0.005"/>
  <testcase name="testColumnOriginsValues" classname="org.apache.calcite.test.RelMetadataTest" time="0.003"/>
  <testcase name="testColumnOriginsJoinOuter" classname="org.apache.calcite.test.RelMetadataTest" time="0.005"/>
  <testcase name="testColumnOriginsJoinRight" classname="org.apache.calcite.test.RelMetadataTest" time="0.006"/>
  <testcase name="testRowCountEmp" classname="org.apache.calcite.test.RelMetadataTest" time="0.004"/>
  <testcase name="testRowCountFilter" classname="org.apache.calcite.test.RelMetadataTest" time="0.005"/>
  <testcase name="testAllPredicatesAndTableUnion" classname="org.apache.calcite.test.RelMetadataTest" time="0.043"/>
  <testcase name="testAllPredicatesAndTablesJoin" classname="org.apache.calcite.test.RelMetadataTest" time="0.041"/>
  <testcase name="testPercentageOriginalRowsUnionBigFilter" classname="org.apache.calcite.test.RelMetadataTest" time="0">
    <skipped/>
  </testcase>
  <testcase name="testNodeTypeCountFilter" classname="org.apache.calcite.test.RelMetadataTest" time="0.004"/>
  <testcase name="testNodeTypeCountJoinFiniteEmpty" classname="org.apache.calcite.test.RelMetadataTest" time="0.009"/>
  <testcase name="testPredicates" classname="org.apache.calcite.test.RelMetadataTest" time="0.055"/>
  <testcase name="testRowCountSortHighLimit" classname="org.apache.calcite.test.RelMetadataTest" time="0.005"/>
  <testcase name="testAllPredicatesUnionMultiTable" classname="org.apache.calcite.test.RelMetadataTest" time="0.012"/>
  <testcase name="testPercentageOriginalRowsTwoFilters" classname="org.apache.calcite.test.RelMetadataTest" time="0">
    <skipped/>
  </testcase>
  <testcase name="testColumnOriginsUnion" classname="org.apache.calcite.test.RelMetadataTest" time="0.004"/>
  <testcase name="testRowCountValues" classname="org.apache.calcite.test.RelMetadataTest" time="0.004"/>
  <testcase name="testRowCountSortLimit" classname="org.apache.calcite.test.RelMetadataTest" time="0.006"/>
  <testcase name="testRowCountSortLimitOffset" classname="org.apache.calcite.test.RelMetadataTest" time="0.005"/>
  <testcase name="testRowCountJoinFinite" classname="org.apache.calcite.test.RelMetadataTest" time="0.008"/>
  <testcase name="testExpressionLineageMultiUnion" classname="org.apache.calcite.test.RelMetadataTest" time="0.022"/>
  <testcase name="testNodeTypeCountJoinFinite" classname="org.apache.calcite.test.RelMetadataTest" time="0.009"/>
  <testcase name="testNodeTypeCountEmp" classname="org.apache.calcite.test.RelMetadataTest" time="0.003"/>
  <testcase name="testNodeTypeCountJoinEmptyEmpty" classname="org.apache.calcite.test.RelMetadataTest" time="0.008"/>
  <testcase name="testNodeTypeCountValues" classname="org.apache.calcite.test.RelMetadataTest" time="0.002"/>
  <testcase name="testPercentageOriginalRowsJoin" classname="org.apache.calcite.test.RelMetadataTest" time="0.007"/>
  <testcase name="testRowCountAggregate" classname="org.apache.calcite.test.RelMetadataTest" time="0.004"/>
  <testcase name="testNodeTypeCountRightJoinEmptyFinite" classname="org.apache.calcite.test.RelMetadataTest" time="0.01"/>
  <testcase name="testRowCountCartesian" classname="org.apache.calcite.test.RelMetadataTest" time="0.005"/>
  <testcase name="testSelectivityIsNotNullFilterOnNotNullColumn" classname="org.apache.calcite.test.RelMetadataTest" time="0.012"/>
  <testcase name="testPullUpPredicatesForExprsItr" classname="org.apache.calcite.test.RelMetadataTest" time="10.422"/>
  <testcase name="testPercentageOriginalRowsOneFilter" classname="org.apache.calcite.test.RelMetadataTest" time="0">
    <skipped/>
  </testcase>
  <testcase name="testRowCountFilterFalse" classname="org.apache.calcite.test.RelMetadataTest" time="0.003"/>
  <testcase name="testAllPredicatesCrossJoinMultiTable" classname="org.apache.calcite.test.RelMetadataTest" time="0.009"/>
  <testcase name="testNodeTypeCountFilterAggregateEmptyKey" classname="org.apache.calcite.test.RelMetadataTest" time="0.002"/>
  <testcase name="testSelectivityUnion" classname="org.apache.calcite.test.RelMetadataTest" time="0.045"/>
  <testcase name="testColumnUniquenessForValues" classname="org.apache.calcite.test.RelMetadataTest" time="0.004"/>
  <testcase name="testColumnOriginsAggCountNullable" classname="org.apache.calcite.test.RelMetadataTest" time="0.003"/>
  <testcase name="testRowCountAggregateGroupingSets" classname="org.apache.calcite.test.RelMetadataTest" time="0.004"/>
  <testcase name="testBrokenCustomProvider" classname="org.apache.calcite.test.RelMetadataTest" time="0.011"/>
  <testcase name="testPullUpPredicatesFromAggregation" classname="org.apache.calcite.test.RelMetadataTest" time="0.004"/>
  <testcase name="testRowCountFilterAggregateEmptyKey" classname="org.apache.calcite.test.RelMetadataTest" time="0.002"/>
  <testcase name="testRowCountJoinEmptyFinite" classname="org.apache.calcite.test.RelMetadataTest" time="0.075"/>
  <testcase name="testNodeTypeCountDept" classname="org.apache.calcite.test.RelMetadataTest" time="0.002"/>
  <testcase name="testNodeTypeCountJoin" classname="org.apache.calcite.test.RelMetadataTest" time="0.03"/>
  <testcase name="testNodeTypeCountSort" classname="org.apache.calcite.test.RelMetadataTest" time="0.028"/>
  <testcase name="testRowCountRightJoinEmptyFinite" classname="org.apache.calcite.test.RelMetadataTest" time="0.074"/>
  <testcase name="testLinear" classname="org.apache.calcite.test.RelMetadataTest" time="0"/>
  <testcase name="testDistributionSingleton" classname="org.apache.calcite.test.RelMetadataTest" time="0.007"/>
  <testcase name="testJoinUniqueKeys" classname="org.apache.calcite.test.RelMetadataTest" time="0.114"/>
  <testcase name="testColumnOriginsExpression" classname="org.apache.calcite.test.RelMetadataTest" time="0.02"/>
  <testcase name="testPullUpPredicatesOnConstant" classname="org.apache.calcite.test.RelMetadataTest" time="0.02"/>
  <testcase name="testSelectivityAggCached" classname="org.apache.calcite.test.RelMetadataTest" time="0.032"/>
  <testcase name="testColumnOriginsDyadicExpression" classname="org.apache.calcite.test.RelMetadataTest" time="0.015"/>
  <testcase name="testExpressionLineageAggregateAggColumn" classname="org.apache.calcite.test.RelMetadataTest" time="0.029"/>
  <testcase name="testRowCountUnion" classname="org.apache.calcite.test.RelMetadataTest" time="0.053"/>
  <testcase name="testRowCountAggregateGroupingSetsOneEmpty" classname="org.apache.calcite.test.RelMetadataTest" time="0.053"/>
  <testcase name="testColumnOriginsAggReduced" classname="org.apache.calcite.test.RelMetadataTest" time="0.006"/>
  <testcase name="testPercentageOriginalRowsJoinTwoFilters" classname="org.apache.calcite.test.RelMetadataTest" time="0">
    <skipped/>
  </testcase>
  <testcase name="testRowCountSortLimit0" classname="org.apache.calcite.test.RelMetadataTest" time="0.052"/>
  <testcase name="testExpressionLineageAggregateGroupColumn" classname="org.apache.calcite.test.RelMetadataTest" time="0.014"/>
  <testcase name="testExpressionLineageInnerJoinLeft" classname="org.apache.calcite.test.RelMetadataTest" time="0.01"/>
  <testcase name="testExpressionLineageUnion" classname="org.apache.calcite.test.RelMetadataTest" time="0.017"/>
  <testcase name="testRowCountAggregateEmptyKey" classname="org.apache.calcite.test.RelMetadataTest" time="0.044"/>
  <testcase name="testExpressionLineageCombineTwoColumns" classname="org.apache.calcite.test.RelMetadataTest" time="0.002"/>
  <testcase name="testNodeTypeCountLeftJoinEmptyFinite" classname="org.apache.calcite.test.RelMetadataTest" time="0.008"/>
  <testcase name="testAverageRowSize" classname="org.apache.calcite.test.RelMetadataTest" time="0.072"/>
  <testcase name="testRowCountIntersectOnFinite" classname="org.apache.calcite.test.RelMetadataTest" time="0.034"/>
  <testcase name="testPercentageOriginalRowsRedundantFilter" classname="org.apache.calcite.test.RelMetadataTest" time="0">
    <skipped/>
  </testcase>
  <testcase name="testRowCountSortHighOffset" classname="org.apache.calcite.test.RelMetadataTest" time="0.035"/>
  <testcase name="testDistinctRowCountTableEmptyKey" classname="org.apache.calcite.test.RelMetadataTest" time="0.021"/>
</testsuite>