<?xml version="1.0" encoding="UTF-8"?>
<testsuite xmlns:xsi="http://www.w3.org/2001/XMLSchema-instance" xsi:noNamespaceSchemaLocation="https://maven.apache.org/surefire/maven-surefire-plugin/xsd/surefire-test-report.xsd" name="org.apache.calcite.test.JdbcTest" time="42.506" tests="277" errors="0" skipped="18" failures="0">
  <properties>
    <property name="awt.toolkit" value="sun.awt.X11.XToolkit"/>
    <property name="hsqldb.reconfig_logging" value="false"/>
    <property name="file.encoding.pkg" value="sun.io"/>
    <property name="java.specification.version" value="1.8"/>
    <property name="sun.cpu.isalist" value=""/>
    <property name="sun.jnu.encoding" value="UTF-8"/>
    <property name="java.class.path" value="/root/workspace/apache/calcite/385984229/core/target/test-classes:/root/workspace/apache/calcite/385984229/core/target/classes:/root/./workspace/apache/calcite/385984229/.m2/org/apache/calcite/avatica/avatica-core/1.11.0/avatica-core-1.11.0.jar:/root/./workspace/apache/calcite/385984229/.m2/org/apache/calcite/avatica/avatica-metrics/1.11.0/avatica-metrics-1.11.0.jar:/root/./workspace/apache/calcite/385984229/.m2/com/google/protobuf/protobuf-java/3.3.0/protobuf-java-3.3.0.jar:/root/./workspace/apache/calcite/385984229/.m2/org/apache/httpcomponents/httpclient/4.5.2/httpclient-4.5.2.jar:/root/./workspace/apache/calcite/385984229/.m2/commons-codec/commons-codec/1.9/commons-codec-1.9.jar:/root/./workspace/apache/calcite/385984229/.m2/org/apache/httpcomponents/httpcore/4.4.4/httpcore-4.4.4.jar:/root/workspace/apache/calcite/385984229/linq4j/target/classes:/root/./workspace/apache/calcite/385984229/.m2/org/apache/calcite/avatica/avatica-server/1.11.0/avatica-server-1.11.0.jar:/root/./workspace/apache/calcite/385984229/.m2/javax/servlet/javax.servlet-api/3.0.1/javax.servlet-api-3.0.1.jar:/root/./workspace/apache/calcite/385984229/.m2/org/eclipse/jetty/jetty-http/9.2.19.v20160908/jetty-http-9.2.19.v20160908.jar:/root/./workspace/apache/calcite/385984229/.m2/org/eclipse/jetty/jetty-security/9.2.19.v20160908/jetty-security-9.2.19.v20160908.jar:/root/./workspace/apache/calcite/385984229/.m2/org/eclipse/jetty/jetty-server/9.2.19.v20160908/jetty-server-9.2.19.v20160908.jar:/root/./workspace/apache/calcite/385984229/.m2/org/eclipse/jetty/jetty-io/9.2.19.v20160908/jetty-io-9.2.19.v20160908.jar:/root/./workspace/apache/calcite/385984229/.m2/org/eclipse/jetty/jetty-util/9.2.19.v20160908/jetty-util-9.2.19.v20160908.jar:/root/./workspace/apache/calcite/385984229/.m2/commons-dbcp/commons-dbcp/1.4/commons-dbcp-1.4.jar:/root/./workspace/apache/calcite/385984229/.m2/commons-pool/commons-pool/1.5.4/commons-pool-1.5.4.jar:/root/./workspace/apache/calcite/385984229/.m2/org/apache/commons/commons-lang3/3.2/commons-lang3-3.2.jar:/root/./workspace/apache/calcite/385984229/.m2/com/esri/geometry/esri-geometry-api/2.0.0/esri-geometry-api-2.0.0.jar:/root/./workspace/apache/calcite/385984229/.m2/com/fasterxml/jackson/core/jackson-core/2.9.4/jackson-core-2.9.4.jar:/root/./workspace/apache/calcite/385984229/.m2/com/fasterxml/jackson/core/jackson-annotations/2.9.4/jackson-annotations-2.9.4.jar:/root/./workspace/apache/calcite/385984229/.m2/com/fasterxml/jackson/core/jackson-databind/2.9.4/jackson-databind-2.9.4.jar:/root/./workspace/apache/calcite/385984229/.m2/com/google/code/findbugs/jsr305/3.0.1/jsr305-3.0.1.jar:/root/./workspace/apache/calcite/385984229/.m2/com/google/guava/guava/19.0/guava-19.0.jar:/root/./workspace/apache/calcite/385984229/.m2/com/h2database/h2/1.4.185/h2-1.4.185.jar:/root/./workspace/apache/calcite/385984229/.m2/com/yahoo/datasketches/sketches-core/0.9.0/sketches-core-0.9.0.jar:/root/./workspace/apache/calcite/385984229/.m2/com/yahoo/datasketches/memory/0.9.0/memory-0.9.0.jar:/root/./workspace/apache/calcite/385984229/.m2/junit/junit/4.12/junit-4.12.jar:/root/./workspace/apache/calcite/385984229/.m2/mysql/mysql-connector-java/5.1.20/mysql-connector-java-5.1.20.jar:/root/./workspace/apache/calcite/385984229/.m2/net/hydromatic/aggdesigner-algorithm/6.0/aggdesigner-algorithm-6.0.jar:/root/./workspace/apache/calcite/385984229/.m2/commons-lang/commons-lang/2.4/commons-lang-2.4.jar:/root/./workspace/apache/calcite/385984229/.m2/commons-logging/commons-logging/1.1.3/commons-logging-1.1.3.jar:/root/./workspace/apache/calcite/385984229/.m2/net/hydromatic/foodmart-data-hsqldb/0.3/foodmart-data-hsqldb-0.3.jar:/root/./workspace/apache/calcite/385984229/.m2/net/hydromatic/foodmart-queries/0.4.1/foodmart-queries-0.4.1.jar:/root/./workspace/apache/calcite/385984229/.m2/net/hydromatic/quidem/0.8/quidem-0.8.jar:/root/./workspace/apache/calcite/385984229/.m2/net/hydromatic/scott-data-hsqldb/0.1/scott-data-hsqldb-0.1.jar:/root/./workspace/apache/calcite/385984229/.m2/org/codehaus/janino/janino/2.7.6/janino-2.7.6.jar:/root/./workspace/apache/calcite/385984229/.m2/org/codehaus/janino/commons-compiler/2.7.6/commons-compiler-2.7.6.jar:/root/./workspace/apache/calcite/385984229/.m2/org/hsqldb/hsqldb/2.4.0/hsqldb-2.4.0.jar:/root/./workspace/apache/calcite/385984229/.m2/org/incava/java-diff/1.1.1/java-diff-1.1.1.jar:/root/./workspace/apache/calcite/385984229/.m2/org/hamcrest/hamcrest-core/1.3/hamcrest-core-1.3.jar:/root/./workspace/apache/calcite/385984229/.m2/org/postgresql/postgresql/9.3-1102-jdbc3/postgresql-9.3-1102-jdbc3.jar:/root/./workspace/apache/calcite/385984229/.m2/org/slf4j/slf4j-api/1.7.13/slf4j-api-1.7.13.jar:/root/./workspace/apache/calcite/385984229/.m2/org/slf4j/slf4j-log4j12/1.7.13/slf4j-log4j12-1.7.13.jar:/root/./workspace/apache/calcite/385984229/.m2/log4j/log4j/1.2.17/log4j-1.2.17.jar:/root/./workspace/apache/calcite/385984229/.m2/sqlline/sqlline/1.3.0/sqlline-1.3.0.jar:/root/./workspace/apache/calcite/385984229/.m2/jline/jline/2.14.3/jline-2.14.3.jar:"/>
    <property name="java.vm.vendor" value="Oracle Corporation"/>
    <property name="skip.bower" value="true"/>
    <property name="sun.arch.data.model" value="64"/>
    <property name="java.vendor.url" value="http://java.oracle.com/"/>
    <property name="user.timezone" value="Europe/Paris"/>
    <property name="java.vm.specification.version" value="1.8"/>
    <property name="os.name" value="Linux"/>
    <property name="rat.skip" value="true"/>
    <property name="gpg.skip" value="true"/>
    <property name="sun.java.launcher" value="SUN_STANDARD"/>
    <property name="sun.boot.library.path" value="/usr/lib/jvm/java-8-openjdk-amd64/jre/lib/amd64"/>
    <property name="skip.gulp" value="true"/>
    <property name="sun.java.command" value="/root/workspace/apache/calcite/385984229/core/target/surefire/surefirebooter2782016744587048665.jar /root/workspace/apache/calcite/385984229/core/target/surefire 2018-05-31T04-27-51_401-jvmRun1 surefire811472917810045110tmp surefire_16835665988078036631tmp"/>
    <property name="dependency-check.skip" value="true"/>
    <property name="surefire.test.class.path" value="/root/workspace/apache/calcite/385984229/core/target/test-classes:/root/workspace/apache/calcite/385984229/core/target/classes:/root/./workspace/apache/calcite/385984229/.m2/org/apache/calcite/avatica/avatica-core/1.11.0/avatica-core-1.11.0.jar:/root/./workspace/apache/calcite/385984229/.m2/org/apache/calcite/avatica/avatica-metrics/1.11.0/avatica-metrics-1.11.0.jar:/root/./workspace/apache/calcite/385984229/.m2/com/google/protobuf/protobuf-java/3.3.0/protobuf-java-3.3.0.jar:/root/./workspace/apache/calcite/385984229/.m2/org/apache/httpcomponents/httpclient/4.5.2/httpclient-4.5.2.jar:/root/./workspace/apache/calcite/385984229/.m2/commons-codec/commons-codec/1.9/commons-codec-1.9.jar:/root/./workspace/apache/calcite/385984229/.m2/org/apache/httpcomponents/httpcore/4.4.4/httpcore-4.4.4.jar:/root/workspace/apache/calcite/385984229/linq4j/target/classes:/root/./workspace/apache/calcite/385984229/.m2/org/apache/calcite/avatica/avatica-server/1.11.0/avatica-server-1.11.0.jar:/root/./workspace/apache/calcite/385984229/.m2/javax/servlet/javax.servlet-api/3.0.1/javax.servlet-api-3.0.1.jar:/root/./workspace/apache/calcite/385984229/.m2/org/eclipse/jetty/jetty-http/9.2.19.v20160908/jetty-http-9.2.19.v20160908.jar:/root/./workspace/apache/calcite/385984229/.m2/org/eclipse/jetty/jetty-security/9.2.19.v20160908/jetty-security-9.2.19.v20160908.jar:/root/./workspace/apache/calcite/385984229/.m2/org/eclipse/jetty/jetty-server/9.2.19.v20160908/jetty-server-9.2.19.v20160908.jar:/root/./workspace/apache/calcite/385984229/.m2/org/eclipse/jetty/jetty-io/9.2.19.v20160908/jetty-io-9.2.19.v20160908.jar:/root/./workspace/apache/calcite/385984229/.m2/org/eclipse/jetty/jetty-util/9.2.19.v20160908/jetty-util-9.2.19.v20160908.jar:/root/./workspace/apache/calcite/385984229/.m2/commons-dbcp/commons-dbcp/1.4/commons-dbcp-1.4.jar:/root/./workspace/apache/calcite/385984229/.m2/commons-pool/commons-pool/1.5.4/commons-pool-1.5.4.jar:/root/./workspace/apache/calcite/385984229/.m2/org/apache/commons/commons-lang3/3.2/commons-lang3-3.2.jar:/root/./workspace/apache/calcite/385984229/.m2/com/esri/geometry/esri-geometry-api/2.0.0/esri-geometry-api-2.0.0.jar:/root/./workspace/apache/calcite/385984229/.m2/com/fasterxml/jackson/core/jackson-core/2.9.4/jackson-core-2.9.4.jar:/root/./workspace/apache/calcite/385984229/.m2/com/fasterxml/jackson/core/jackson-annotations/2.9.4/jackson-annotations-2.9.4.jar:/root/./workspace/apache/calcite/385984229/.m2/com/fasterxml/jackson/core/jackson-databind/2.9.4/jackson-databind-2.9.4.jar:/root/./workspace/apache/calcite/385984229/.m2/com/google/code/findbugs/jsr305/3.0.1/jsr305-3.0.1.jar:/root/./workspace/apache/calcite/385984229/.m2/com/google/guava/guava/19.0/guava-19.0.jar:/root/./workspace/apache/calcite/385984229/.m2/com/h2database/h2/1.4.185/h2-1.4.185.jar:/root/./workspace/apache/calcite/385984229/.m2/com/yahoo/datasketches/sketches-core/0.9.0/sketches-core-0.9.0.jar:/root/./workspace/apache/calcite/385984229/.m2/com/yahoo/datasketches/memory/0.9.0/memory-0.9.0.jar:/root/./workspace/apache/calcite/385984229/.m2/junit/junit/4.12/junit-4.12.jar:/root/./workspace/apache/calcite/385984229/.m2/mysql/mysql-connector-java/5.1.20/mysql-connector-java-5.1.20.jar:/root/./workspace/apache/calcite/385984229/.m2/net/hydromatic/aggdesigner-algorithm/6.0/aggdesigner-algorithm-6.0.jar:/root/./workspace/apache/calcite/385984229/.m2/commons-lang/commons-lang/2.4/commons-lang-2.4.jar:/root/./workspace/apache/calcite/385984229/.m2/commons-logging/commons-logging/1.1.3/commons-logging-1.1.3.jar:/root/./workspace/apache/calcite/385984229/.m2/net/hydromatic/foodmart-data-hsqldb/0.3/foodmart-data-hsqldb-0.3.jar:/root/./workspace/apache/calcite/385984229/.m2/net/hydromatic/foodmart-queries/0.4.1/foodmart-queries-0.4.1.jar:/root/./workspace/apache/calcite/385984229/.m2/net/hydromatic/quidem/0.8/quidem-0.8.jar:/root/./workspace/apache/calcite/385984229/.m2/net/hydromatic/scott-data-hsqldb/0.1/scott-data-hsqldb-0.1.jar:/root/./workspace/apache/calcite/385984229/.m2/org/codehaus/janino/janino/2.7.6/janino-2.7.6.jar:/root/./workspace/apache/calcite/385984229/.m2/org/codehaus/janino/commons-compiler/2.7.6/commons-compiler-2.7.6.jar:/root/./workspace/apache/calcite/385984229/.m2/org/hsqldb/hsqldb/2.4.0/hsqldb-2.4.0.jar:/root/./workspace/apache/calcite/385984229/.m2/org/incava/java-diff/1.1.1/java-diff-1.1.1.jar:/root/./workspace/apache/calcite/385984229/.m2/org/hamcrest/hamcrest-core/1.3/hamcrest-core-1.3.jar:/root/./workspace/apache/calcite/385984229/.m2/org/postgresql/postgresql/9.3-1102-jdbc3/postgresql-9.3-1102-jdbc3.jar:/root/./workspace/apache/calcite/385984229/.m2/org/slf4j/slf4j-api/1.7.13/slf4j-api-1.7.13.jar:/root/./workspace/apache/calcite/385984229/.m2/org/slf4j/slf4j-log4j12/1.7.13/slf4j-log4j12-1.7.13.jar:/root/./workspace/apache/calcite/385984229/.m2/log4j/log4j/1.2.17/log4j-1.2.17.jar:/root/./workspace/apache/calcite/385984229/.m2/sqlline/sqlline/1.3.0/sqlline-1.3.0.jar:/root/./workspace/apache/calcite/385984229/.m2/jline/jline/2.14.3/jline-2.14.3.jar:"/>
    <property name="sun.cpu.endian" value="little"/>
    <property name="user.home" value="/root"/>
    <property name="user.language" value="en"/>
    <property name="java.specification.vendor" value="Oracle Corporation"/>
    <property name="java.home" value="/usr/lib/jvm/java-8-openjdk-amd64/jre"/>
    <property name="basedir" value="/root/workspace/apache/calcite/385984229/core"/>
    <property name="file.separator" value="/"/>
    <property name="checkstyle.skip" value="true"/>
    <property name="line.separator" value="&#10;"/>
    <property name="skip.npm" value="true"/>
    <property name="java.vm.specification.vendor" value="Oracle Corporation"/>
    <property name="java.specification.name" value="Java Platform API Specification"/>
    <property name="java.awt.graphicsenv" value="sun.awt.X11GraphicsEnvironment"/>
    <property name="skipITs" value="true"/>
    <property name="surefire.real.class.path" value="/root/workspace/apache/calcite/385984229/core/target/surefire/surefirebooter2782016744587048665.jar"/>
    <property name="cobertura.skip" value="true"/>
    <property name="sun.boot.class.path" value="/usr/lib/jvm/java-8-openjdk-amd64/jre/lib/resources.jar:/usr/lib/jvm/java-8-openjdk-amd64/jre/lib/rt.jar:/usr/lib/jvm/java-8-openjdk-amd64/jre/lib/sunrsasign.jar:/usr/lib/jvm/java-8-openjdk-amd64/jre/lib/jsse.jar:/usr/lib/jvm/java-8-openjdk-amd64/jre/lib/jce.jar:/usr/lib/jvm/java-8-openjdk-amd64/jre/lib/charsets.jar:/usr/lib/jvm/java-8-openjdk-amd64/jre/lib/jfr.jar:/usr/lib/jvm/java-8-openjdk-amd64/jre/classes"/>
    <property name="sun.management.compiler" value="HotSpot 64-Bit Tiered Compilers"/>
    <property name="java.runtime.version" value="1.8.0_121-8u121-b13-1~bpo8+1-b13"/>
    <property name="user.name" value="root"/>
    <property name="findbugs.skip" value="true"/>
    <property name="path.separator" value=":"/>
    <property name="os.version" value="3.10.0-862.2.3.el7.x86_64"/>
    <property name="java.endorsed.dirs" value="/usr/lib/jvm/java-8-openjdk-amd64/jre/lib/endorsed"/>
    <property name="java.runtime.name" value="OpenJDK Runtime Environment"/>
    <property name="file.encoding" value="UTF-8"/>
    <property name="java.vm.name" value="OpenJDK 64-Bit Server VM"/>
    <property name="localRepository" value="/root/./workspace/apache/calcite/385984229/.m2"/>
    <property name="java.vendor.url.bug" value="http://bugreport.sun.com/bugreport/"/>
    <property name="java.io.tmpdir" value="/tmp"/>
    <property name="java.version" value="1.8.0_121"/>
    <property name="user.dir" value="/root/workspace/apache/calcite/385984229/core"/>
    <property name="os.arch" value="amd64"/>
    <property name="license.skip" value="true"/>
    <property name="java.vm.specification.name" value="Java Virtual Machine Specification"/>
    <property name="java.awt.printerjob" value="sun.print.PSPrinterJob"/>
    <property name="sun.os.patch.level" value="unknown"/>
    <property name="java.library.path" value="/usr/java/packages/lib/amd64:/usr/lib/x86_64-linux-gnu/jni:/lib/x86_64-linux-gnu:/usr/lib/x86_64-linux-gnu:/usr/lib/jni:/lib:/usr/lib"/>
    <property name="java.vm.info" value="mixed mode"/>
    <property name="java.vendor" value="Oracle Corporation"/>
    <property name="java.vm.version" value="25.121-b13"/>
    <property name="java.ext.dirs" value="/usr/lib/jvm/java-8-openjdk-amd64/jre/lib/ext:/usr/java/packages/lib/ext"/>
    <property name="sun.io.unicode.encoding" value="UnicodeLittle"/>
    <property name="maven.repo.local" value="/root/./workspace/apache/calcite/385984229/.m2"/>
    <property name="enforcer.skip" value="true"/>
    <property name="java.class.version" value="52.0"/>
  </properties>
  <testcase name="testSumOverUnboundedPreceding" classname="org.apache.calcite.test.JdbcTest" time="0.456"/>
  <testcase name="testWinAggFirstValue" classname="org.apache.calcite.test.JdbcTest" time="0.334"/>
  <testcase name="testUnquotedCaseSensitiveSubQuerySqlServer" classname="org.apache.calcite.test.JdbcTest" time="0.016"/>
  <testcase name="testLexOracleAsJava" classname="org.apache.calcite.test.JdbcTest" time="0.001"/>
  <testcase name="testReuseExpressionWhenNullChecking" classname="org.apache.calcite.test.JdbcTest" time="0.087"/>
  <testcase name="testJdbcDate" classname="org.apache.calcite.test.JdbcTest" time="0.467"/>
  <testcase name="testOrderByOnSortedTable2" classname="org.apache.calcite.test.JdbcTest" time="0.468"/>
  <testcase name="testOrderByFetch" classname="org.apache.calcite.test.JdbcTest" time="0.495"/>
  <testcase name="testModelWithModifiableView" classname="org.apache.calcite.test.JdbcTest" time="0.356"/>
  <testcase name="testOrderByNulls" classname="org.apache.calcite.test.JdbcTest" time="2.519"/>
  <testcase name="testOrderUnionStarByExpr" classname="org.apache.calcite.test.JdbcTest" time="0.25"/>
  <testcase name="testWinRowNumber" classname="org.apache.calcite.test.JdbcTest" time="0.53"/>
  <testcase name="testArrayElement" classname="org.apache.calcite.test.JdbcTest" time="0.207"/>
  <testcase name="testInnerJoinValues" classname="org.apache.calcite.test.JdbcTest" time="0.305"/>
  <testcase name="testSelfJoinDifferentColumns" classname="org.apache.calcite.test.JdbcTest" time="0.412"/>
  <testcase name="testWinAggScalarNonNullPhysType" classname="org.apache.calcite.test.JdbcTest" time="0.378"/>
  <testcase name="testPrimitiveColumnsWithNullValues" classname="org.apache.calcite.test.JdbcTest" time="0.257"/>
  <testcase name="testMergeJoin" classname="org.apache.calcite.test.JdbcTest" time="0.241"/>
  <testcase name="testNotExistsCorrelated2" classname="org.apache.calcite.test.JdbcTest" time="0.584"/>
  <testcase name="testLimitOnQueryableTable" classname="org.apache.calcite.test.JdbcTest" time="0.353"/>
  <testcase name="testFoodmartLattice" classname="org.apache.calcite.test.JdbcTest" time="0">
    <skipped/>
  </testcase>
  <testcase name="testLexSqlServer" classname="org.apache.calcite.test.JdbcTest" time="0.001"/>
  <testcase name="testExplainJoin" classname="org.apache.calcite.test.JdbcTest" time="0">
    <skipped/>
  </testcase>
  <testcase name="testUnnestMultiset" classname="org.apache.calcite.test.JdbcTest" time="0.333"/>
  <testcase name="testLimitStar" classname="org.apache.calcite.test.JdbcTest" time="0.236"/>
  <testcase name="testLimitZero" classname="org.apache.calcite.test.JdbcTest" time="0.235"/>
  <testcase name="testNotExistsCorrelated" classname="org.apache.calcite.test.JdbcTest" time="0.368"/>
  <testcase name="testLeftJoin" classname="org.apache.calcite.test.JdbcTest" time="0.161"/>
  <testcase name="testQuotedCaseSensitiveSubQuerySqlServer" classname="org.apache.calcite.test.JdbcTest" time="0.016"/>
  <testcase name="testModelCustomSchema" classname="org.apache.calcite.test.JdbcTest" time="0.196"/>
  <testcase name="testMetaDataColumns" classname="org.apache.calcite.test.JdbcTest" time="0.007"/>
  <testcase name="testModelCustomTable2" classname="org.apache.calcite.test.JdbcTest" time="0.059"/>
  <testcase name="testSimpleCalciteSchemaWithView" classname="org.apache.calcite.test.JdbcTest" time="0.022"/>
  <testcase name="testHavingNot2" classname="org.apache.calcite.test.JdbcTest" time="0.174"/>
  <testcase name="testNoCalcBetweenJoins" classname="org.apache.calcite.test.JdbcTest" time="0">
    <skipped/>
  </testcase>
  <testcase name="testNtileConstantArgs" classname="org.apache.calcite.test.JdbcTest" time="0">
    <skipped message="Have no idea how to validate that expression is constant"/>
  </testcase>
  <testcase name="testExplain" classname="org.apache.calcite.test.JdbcTest" time="0.008"/>
  <testcase name="testExtract" classname="org.apache.calcite.test.JdbcTest" time="0.17"/>
  <testcase name="testIntersectMismatchedVarchar" classname="org.apache.calcite.test.JdbcTest" time="0.756"/>
  <testcase name="testSimpleCalciteSchema" classname="org.apache.calcite.test.JdbcTest" time="0.028"/>
  <testcase name="testScalarSubQueryInCase2" classname="org.apache.calcite.test.JdbcTest" time="0.42"/>
  <testcase name="testOrderBy" classname="org.apache.calcite.test.JdbcTest" time="0.321"/>
  <testcase name="testOverNoOrder" classname="org.apache.calcite.test.JdbcTest" time="0.473"/>
  <testcase name="testIsNotDistinctInFilter" classname="org.apache.calcite.test.JdbcTest" time="0.249"/>
  <testcase name="testWhereNot" classname="org.apache.calcite.test.JdbcTest" time="0.23"/>
  <testcase name="testOrderOnSortedTable" classname="org.apache.calcite.test.JdbcTest" time="0.204"/>
  <testcase name="testExtractOnNullDateField" classname="org.apache.calcite.test.JdbcTest" time="1.1"/>
  <testcase name="testGetDateAsString" classname="org.apache.calcite.test.JdbcTest" time="0.08"/>
  <testcase name="testUnnestItemsInMap" classname="org.apache.calcite.test.JdbcTest" time="0.199"/>
  <testcase name="testUnnestArrayWithOrdinality" classname="org.apache.calcite.test.JdbcTest" time="0.059"/>
  <testcase name="testLexMySQL" classname="org.apache.calcite.test.JdbcTest" time="0"/>
  <testcase name="testModelView" classname="org.apache.calcite.test.JdbcTest" time="0.202"/>
  <testcase name="testCorrelatedScalarSubQuery" classname="org.apache.calcite.test.JdbcTest" time="0">
    <skipped message="[CALCITE-685]"/>
  </testcase>
  <testcase name="testEquiThetaJoin" classname="org.apache.calcite.test.JdbcTest" time="0.217"/>
  <testcase name="testOrderByOffsetFetch" classname="org.apache.calcite.test.JdbcTest" time="0.204"/>
  <testcase name="testCaseSensitiveSubQueryOracle" classname="org.apache.calcite.test.JdbcTest" time="0.106"/>
  <testcase name="testAggregateEmpty" classname="org.apache.calcite.test.JdbcTest" time="0.157"/>
  <testcase name="testVarcharEquals" classname="org.apache.calcite.test.JdbcTest" time="0.953"/>
  <testcase name="testCustomSchemaInFileInPwd" classname="org.apache.calcite.test.JdbcTest" time="0.041"/>
  <testcase name="testValuesAlias" classname="org.apache.calcite.test.JdbcTest" time="0.039"/>
  <testcase name="testArray" classname="org.apache.calcite.test.JdbcTest" time="0.924"/>
  <testcase name="testBushy" classname="org.apache.calcite.test.JdbcTest" time="0">
    <skipped message="extremely slow - a bit better if you disable ProjectMergeRule"/>
  </testcase>
  <testcase name="testValuesMinus" classname="org.apache.calcite.test.JdbcTest" time="0.034"/>
  <testcase name="testFetch" classname="org.apache.calcite.test.JdbcTest" time="0.219"/>
  <testcase name="testValuesComposite" classname="org.apache.calcite.test.JdbcTest" time="0.041"/>
  <testcase name="testModel" classname="org.apache.calcite.test.JdbcTest" time="0.188"/>
  <testcase name="testNotIn" classname="org.apache.calcite.test.JdbcTest" time="3.209"/>
  <testcase name="testSetMaxRows" classname="org.apache.calcite.test.JdbcTest" time="0.163"/>
  <testcase name="testUnion" classname="org.apache.calcite.test.JdbcTest" time="0.21"/>
  <testcase name="testWinAggDenseRankValuesDesc" classname="org.apache.calcite.test.JdbcTest" time="0.614"/>
  <testcase name="testWinAggRankValuesDesc" classname="org.apache.calcite.test.JdbcTest" time="0.515"/>
  <testcase name="testAnd3" classname="org.apache.calcite.test.JdbcTest" time="0.166"/>
  <testcase name="testHook" classname="org.apache.calcite.test.JdbcTest" time="0.506"/>
  <testcase name="testLike" classname="org.apache.calcite.test.JdbcTest" time="0.385"/>
  <testcase name="testTrim" classname="org.apache.calcite.test.JdbcTest" time="0.302"/>
  <testcase name="testTrue" classname="org.apache.calcite.test.JdbcTest" time="0.288"/>
  <testcase name="testNtileDecimalArg" classname="org.apache.calcite.test.JdbcTest" time="0.002"/>
  <testcase name="testNullableTimestamp2" classname="org.apache.calcite.test.JdbcTest" time="0.051"/>
  <testcase name="testWithOrderBy" classname="org.apache.calcite.test.JdbcTest" time="0.106"/>
  <testcase name="testFloorDate" classname="org.apache.calcite.test.JdbcTest" time="0.121"/>
  <testcase name="testExistsCorrelated" classname="org.apache.calcite.test.JdbcTest" time="0.243"/>
  <testcase name="testUpdateBind" classname="org.apache.calcite.test.JdbcTest" time="0.201"/>
  <testcase name="testNullableNumericColumnInCloneSchema" classname="org.apache.calcite.test.JdbcTest" time="0.102"/>
  <testcase name="testOrderStarByExpr" classname="org.apache.calcite.test.JdbcTest" time="0.189"/>
  <testcase name="testRightJoin" classname="org.apache.calcite.test.JdbcTest" time="0.226"/>
  <testcase name="testIn" classname="org.apache.calcite.test.JdbcTest" time="0">
    <skipped/>
  </testcase>
  <testcase name="testVariousOuter" classname="org.apache.calcite.test.JdbcTest" time="0.182"/>
  <testcase name="testUnnestItemsInMapWithNoAliasAndAdditionalArgument" classname="org.apache.calcite.test.JdbcTest" time="0.067"/>
  <testcase name="testModelCustomTableIntegerRowSingleColumn" classname="org.apache.calcite.test.JdbcTest" time="0.132"/>
  <testcase name="testWinAggDenseRankValues" classname="org.apache.calcite.test.JdbcTest" time="0.397"/>
  <testcase name="testSelectDistinctStar" classname="org.apache.calcite.test.JdbcTest" time="0.262"/>
  <testcase name="testExplicitImplicitSchemaSameName" classname="org.apache.calcite.test.JdbcTest" time="0.005"/>
  <testcase name="testQuotedCaseSensitiveSubQueryMySql" classname="org.apache.calcite.test.JdbcTest" time="0.389"/>
  <testcase name="testResultSetMetaData" classname="org.apache.calcite.test.JdbcTest" time="0.367"/>
  <testcase name="testJoinJoin" classname="org.apache.calcite.test.JdbcTest" time="0">
    <skipped/>
  </testcase>
  <testcase name="testUnicode" classname="org.apache.calcite.test.JdbcTest" time="1.517"/>
  <testcase name="testWinAggRankValues" classname="org.apache.calcite.test.JdbcTest" time="0.373"/>
  <testcase name="testArrayConstructor" classname="org.apache.calcite.test.JdbcTest" time="0.185"/>
  <testcase name="testCloneSchema" classname="org.apache.calcite.test.JdbcTest" time="0.534"/>
  <testcase name="testHavingNot" classname="org.apache.calcite.test.JdbcTest" time="9.509"/>
  <testcase name="testGroupByNoAggregates" classname="org.apache.calcite.test.JdbcTest" time="0.097"/>
  <testcase name="testUnnestArrayScalarArray" classname="org.apache.calcite.test.JdbcTest" time="0.201"/>
  <testcase name="testFetchStar" classname="org.apache.calcite.test.JdbcTest" time="0.051"/>
  <testcase name="testGetDate" classname="org.apache.calcite.test.JdbcTest" time="0.245"/>
  <testcase name="testLateral" classname="org.apache.calcite.test.JdbcTest" time="0.15"/>
  <testcase name="testLexCaseInsensitive" classname="org.apache.calcite.test.JdbcTest" time="1.206"/>
  <testcase name="testSelectDistinctComposite" classname="org.apache.calcite.test.JdbcTest" time="0.218"/>
  <testcase name="testGroupByNull" classname="org.apache.calcite.test.JdbcTest" time="0.075"/>
  <testcase name="testAggregateFilter" classname="org.apache.calcite.test.JdbcTest" time="1.018"/>
  <testcase name="testUnnestItemsInMapWithOrdinality" classname="org.apache.calcite.test.JdbcTest" time="0.017"/>
  <testcase name="testLexCaseInsensitiveTableAlias" classname="org.apache.calcite.test.JdbcTest" time="0.844"/>
  <testcase name="testStartOfGroupLeadStep1" classname="org.apache.calcite.test.JdbcTest" time="1.195"/>
  <testcase name="testStartOfGroupLeadStep3" classname="org.apache.calcite.test.JdbcTest" time="1.864"/>
  <testcase name="testAutomaticTemporaryTable" classname="org.apache.calcite.test.JdbcTest" time="0.898"/>
  <testcase name="testLexJava" classname="org.apache.calcite.test.JdbcTest" time="0.002"/>
  <testcase name="testLikeToRegex" classname="org.apache.calcite.test.JdbcTest" time="0"/>
  <testcase name="testWhereInOr" classname="org.apache.calcite.test.JdbcTest" time="0.697"/>
  <testcase name="testLexCaseInsensitiveFindsNonexistentTable" classname="org.apache.calcite.test.JdbcTest" time="0.248"/>
  <testcase name="testCustomSchemaDirectConnection" classname="org.apache.calcite.test.JdbcTest" time="0.67"/>
  <testcase name="testTableMacroMap" classname="org.apache.calcite.test.JdbcTest" time="0.107"/>
  <testcase name="testExtractFromInterval" classname="org.apache.calcite.test.JdbcTest" time="0.196"/>
  <testcase name="testSqlAdvisorGetHintsFunction" classname="org.apache.calcite.test.JdbcTest" time="0.45"/>
  <testcase name="testNotInEmptyQuery" classname="org.apache.calcite.test.JdbcTest" time="0.389"/>
  <testcase name="testCloneGroupBy2Plan" classname="org.apache.calcite.test.JdbcTest" time="0">
    <skipped message="The actual and expected plan differ"/>
  </testcase>
  <testcase name="testWinAggRank" classname="org.apache.calcite.test.JdbcTest" time="0.638"/>
  <testcase name="testAggMultipleMeasures" classname="org.apache.calcite.test.JdbcTest" time="3.54"/>
  <testcase name="testFunOracle" classname="org.apache.calcite.test.JdbcTest" time="0.034"/>
  <testcase name="testVersion" classname="org.apache.calcite.test.JdbcTest" time="0.001"/>
  <testcase name="testNotInQuery" classname="org.apache.calcite.test.JdbcTest" time="0.265"/>
  <testcase name="testSelectDistinct" classname="org.apache.calcite.test.JdbcTest" time="0.047"/>
  <testcase name="testConnectionProperties" classname="org.apache.calcite.test.JdbcTest" time="0"/>
  <testcase name="testLeadDefaultValue" classname="org.apache.calcite.test.JdbcTest" time="0.239"/>
  <testcase name="testJoinMismatchedVarchar" classname="org.apache.calcite.test.JdbcTest" time="0.264"/>
  <testcase name="testValuesCompositeRenamed" classname="org.apache.calcite.test.JdbcTest" time="0.144"/>
  <testcase name="testSql92JoinParenthesized" classname="org.apache.calcite.test.JdbcTest" time="0"/>
  <testcase name="testReuseExpressionWhenNullChecking2" classname="org.apache.calcite.test.JdbcTest" time="0.214"/>
  <testcase name="testReuseExpressionWhenNullChecking3" classname="org.apache.calcite.test.JdbcTest" time="0.065"/>
  <testcase name="testReuseExpressionWhenNullChecking4" classname="org.apache.calcite.test.JdbcTest" time="0.254"/>
  <testcase name="testReuseExpressionWhenNullChecking5" classname="org.apache.calcite.test.JdbcTest" time="0.199"/>
  <testcase name="testWithInsideWhereExists" classname="org.apache.calcite.test.JdbcTest" time="0.091"/>
  <testcase name="testWhereNullable" classname="org.apache.calcite.test.JdbcTest" time="0.016"/>
  <testcase name="testCurrentTimestamp" classname="org.apache.calcite.test.JdbcTest" time="1.018"/>
  <testcase name="testStartOfGroupLeadValueStep2" classname="org.apache.calcite.test.JdbcTest" time="0.376"/>
  <testcase name="testLexOracle" classname="org.apache.calcite.test.JdbcTest" time="0.001"/>
  <testcase name="testMetaTables" classname="org.apache.calcite.test.JdbcTest" time="0.18"/>
  <testcase name="testModelImmutableSchemaCannotContainView" classname="org.apache.calcite.test.JdbcTest" time="0.008"/>
  <testcase name="testDistinctCount" classname="org.apache.calcite.test.JdbcTest" time="7.048"/>
  <testcase name="testPreparedOffsetFetch" classname="org.apache.calcite.test.JdbcTest" time="0.316"/>
  <testcase name="testLagExpressionOffset" classname="org.apache.calcite.test.JdbcTest" time="0.206"/>
  <testcase name="testAlmostBushy" classname="org.apache.calcite.test.JdbcTest" time="3.05"/>
  <testcase name="testDistinctCountComposite" classname="org.apache.calcite.test.JdbcTest" time="3.043"/>
  <testcase name="testJoinFiveWay" classname="org.apache.calcite.test.JdbcTest" time="0">
    <skipped/>
  </testcase>
  <testcase name="testUnnestArrayColumn" classname="org.apache.calcite.test.JdbcTest" time="0.082"/>
  <testcase name="testWinAggPartitionByConstant" classname="org.apache.calcite.test.JdbcTest" time="0.023"/>
  <testcase name="testLexCaseInsensitiveSubQueryField" classname="org.apache.calcite.test.JdbcTest" time="0.011"/>
  <testcase name="testModelCustomTableArrayRowSingleColumn" classname="org.apache.calcite.test.JdbcTest" time="0.028"/>
  <testcase name="testCloneGroupBy2" classname="org.apache.calcite.test.JdbcTest" time="0">
    <skipped message="The test returns expected results. Not sure why it is disabled"/>
  </testcase>
  <testcase name="testModelWithMaterializedView" classname="org.apache.calcite.test.JdbcTest" time="0">
    <skipped message="until JdbcSchema can define materialized views"/>
  </testcase>
  <testcase name="testTableMacroWithNamedParameters" classname="org.apache.calcite.test.JdbcTest" time="0.211"/>
  <testcase name="testUnionAll" classname="org.apache.calcite.test.JdbcTest" time="0.047"/>
  <testcase name="testCloneGroupBy" classname="org.apache.calcite.test.JdbcTest" time="0.199"/>
  <testcase name="testUnnestArray" classname="org.apache.calcite.test.JdbcTest" time="0.175"/>
  <testcase name="testModelWithInvalidModifiableView" classname="org.apache.calcite.test.JdbcTest" time="0.65"/>
  <testcase name="testStatementCloseOnCompletion" classname="org.apache.calcite.test.JdbcTest" time="0.099"/>
  <testcase name="testOrderByCase" classname="org.apache.calcite.test.JdbcTest" time="0.263"/>
  <testcase name="testOrderByCast" classname="org.apache.calcite.test.JdbcTest" time="1.071"/>
  <testcase name="testOrderByDesc" classname="org.apache.calcite.test.JdbcTest" time="0.203"/>
  <testcase name="testOrderByExpr" classname="org.apache.calcite.test.JdbcTest" time="0.139"/>
  <testcase name="testOrderByView" classname="org.apache.calcite.test.JdbcTest" time="0.42"/>
  <testcase name="testSelfJoinCount" classname="org.apache.calcite.test.JdbcTest" time="0.266"/>
  <testcase name="testGetTimestampObject" classname="org.apache.calcite.test.JdbcTest" time="0.134"/>
  <testcase name="testCartesianJoin" classname="org.apache.calcite.test.JdbcTest" time="0.093"/>
  <testcase name="testModelWithComment" classname="org.apache.calcite.test.JdbcTest" time="0.05"/>
  <testcase name="testExplainJoinOrderingWithOr" classname="org.apache.calcite.test.JdbcTest" time="0">
    <skipped/>
  </testcase>
  <testcase name="testLexMySQLANSI" classname="org.apache.calcite.test.JdbcTest" time="0"/>
  <testcase name="testWinAggOrderByConstant" classname="org.apache.calcite.test.JdbcTest" time="0.299"/>
  <testcase name="testWinAggFirstValueEmptyWindow" classname="org.apache.calcite.test.JdbcTest" time="0.448"/>
  <testcase name="testNtileNegativeArg" classname="org.apache.calcite.test.JdbcTest" time="0.004"/>
  <testcase name="testWhereOrAndNullable" classname="org.apache.calcite.test.JdbcTest" time="0.291"/>
  <testcase name="testJdbcTimestamp" classname="org.apache.calcite.test.JdbcTest" time="0.254"/>
  <testcase name="testOrderByVarious" classname="org.apache.calcite.test.JdbcTest" time="8.353"/>
  <testcase name="testStartOfGroupLastValueStep1" classname="org.apache.calcite.test.JdbcTest" time="0.405"/>
  <testcase name="testStartOfGroupLastValueStep2" classname="org.apache.calcite.test.JdbcTest" time="0.346"/>
  <testcase name="testStartOfGroupLastValueStep3" classname="org.apache.calcite.test.JdbcTest" time="1.675"/>
  <testcase name="testMultisetQuery" classname="org.apache.calcite.test.JdbcTest" time="0.295"/>
  <testcase name="testTrivialSort" classname="org.apache.calcite.test.JdbcTest" time="0.134"/>
  <testcase name="testCountUnionAll" classname="org.apache.calcite.test.JdbcTest" time="0.029"/>
  <testcase name="testUnquotedCaseSensitiveSubQueryMySql" classname="org.apache.calcite.test.JdbcTest" time="1.262"/>
  <testcase name="testWinAggScalarNonNullPhysTypePlusOne" classname="org.apache.calcite.test.JdbcTest" time="1.344"/>
  <testcase name="testTrimFields" classname="org.apache.calcite.test.JdbcTest" time="0.084"/>
  <testcase name="testMixedEqualAndIsNotDistinctJoin" classname="org.apache.calcite.test.JdbcTest" time="1.189"/>
  <testcase name="testMultisetConstructor" classname="org.apache.calcite.test.JdbcTest" time="0.075"/>
  <testcase name="testComparingIntAndString" classname="org.apache.calcite.test.JdbcTest" time="0">
    <skipped message="Fails with org.codehaus.commons.compiler.CompileException: Line 16, Column 112: Cannot compare types &quot;int&quot; and &quot;java.lang.String&quot;&#10;"/>
  </testcase>
  <testcase name="testCloneQueries" classname="org.apache.calcite.test.JdbcTest" time="0">
    <skipped/>
  </testcase>
  <testcase name="testMapSchemaDirectConnection" classname="org.apache.calcite.test.JdbcTest" time="0.03"/>
  <testcase name="testMockDdl" classname="org.apache.calcite.test.JdbcTest" time="0.063"/>
  <testcase name="testThetaJoin" classname="org.apache.calcite.test.JdbcTest" time="1.059"/>
  <testcase name="testDistinctCount2" classname="org.apache.calcite.test.JdbcTest" time="6.038"/>
  <testcase name="testStartOfGroupLagValueStep2" classname="org.apache.calcite.test.JdbcTest" time="1.228"/>
  <testcase name="testStaticTableMacroInModel" classname="org.apache.calcite.test.JdbcTest" time="0.089"/>
  <testcase name="testWinAgg2" classname="org.apache.calcite.test.JdbcTest" time="1.914"/>
  <testcase name="testGroupingSets" classname="org.apache.calcite.test.JdbcTest" time="0.143"/>
  <testcase name="testOrderSorted" classname="org.apache.calcite.test.JdbcTest" time="0.175"/>
  <testcase name="testGroupBy1Max1" classname="org.apache.calcite.test.JdbcTest" time="0.127"/>
  <testcase name="testArrayIndexing" classname="org.apache.calcite.test.JdbcTest" time="0.107"/>
  <testcase name="testGetByName" classname="org.apache.calcite.test.JdbcTest" time="0.054"/>
  <testcase name="testJoinCorrelatedScalarSubQuery" classname="org.apache.calcite.test.JdbcTest" time="1.836"/>
  <testcase name="testSelfReferentialView" classname="org.apache.calcite.test.JdbcTest" time="0.015"/>
  <testcase name="testGetTimestamp" classname="org.apache.calcite.test.JdbcTest" time="0.041"/>
  <testcase name="testScalarSubQuery" classname="org.apache.calcite.test.JdbcTest" time="0.199"/>
  <testcase name="testJdbcSchemaDirectConnection" classname="org.apache.calcite.test.JdbcTest" time="0.214"/>
  <testcase name="testGroupByMax1IsNull" classname="org.apache.calcite.test.JdbcTest" time="0.129"/>
  <testcase name="testIntersect" classname="org.apache.calcite.test.JdbcTest" time="0.169"/>
  <testcase name="testSimpleIn" classname="org.apache.calcite.test.JdbcTest" time="1.748"/>
  <testcase name="testUnnestArrayScalarArrayWithOrdinal" classname="org.apache.calcite.test.JdbcTest" time="1.441"/>
  <testcase name="testArray2" classname="org.apache.calcite.test.JdbcTest" time="0.109"/>
  <testcase name="testStaticTableFunctionInModel" classname="org.apache.calcite.test.JdbcTest" time="1.446"/>
  <testcase name="testDialect" classname="org.apache.calcite.test.JdbcTest" time="1.357"/>
  <testcase name="testLagDefaultValue" classname="org.apache.calcite.test.JdbcTest" time="1.463"/>
  <testcase name="testExplainJoin2" classname="org.apache.calcite.test.JdbcTest" time="0">
    <skipped/>
  </testcase>
  <testcase name="testExplainJoin3" classname="org.apache.calcite.test.JdbcTest" time="0">
    <skipped/>
  </testcase>
  <testcase name="testExplainJoin4" classname="org.apache.calcite.test.JdbcTest" time="0">
    <skipped/>
  </testcase>
  <testcase name="testOnConnectionClose" classname="org.apache.calcite.test.JdbcTest" time="0.056"/>
  <testcase name="testModelCustomTable" classname="org.apache.calcite.test.JdbcTest" time="1.396"/>
  <testcase name="testExcept" classname="org.apache.calcite.test.JdbcTest" time="1.339"/>
  <testcase name="testNotInQueryWithNull" classname="org.apache.calcite.test.JdbcTest" time="0.393"/>
  <testcase name="testJoinInCorrelatedSubQuery" classname="org.apache.calcite.test.JdbcTest" time="0.255"/>
  <testcase name="testReduceCompositeCountNotNullable" classname="org.apache.calcite.test.JdbcTest" time="0.04"/>
  <testcase name="testDifferentTypesSameFields" classname="org.apache.calcite.test.JdbcTest" time="0.039"/>
  <testcase name="testExtractMonthFromTimestamp" classname="org.apache.calcite.test.JdbcTest" time="0.052"/>
  <testcase name="testJanino169" classname="org.apache.calcite.test.JdbcTest" time="0.115"/>
  <testcase name="testUnnestMultiset2" classname="org.apache.calcite.test.JdbcTest" time="0.082"/>
  <testcase name="testMultisetQueryWithSingleColumn" classname="org.apache.calcite.test.JdbcTest" time="0.156"/>
  <testcase name="testSelectWithoutFrom" classname="org.apache.calcite.test.JdbcTest" time="0.101"/>
  <testcase name="testNtile1" classname="org.apache.calcite.test.JdbcTest" time="0.113"/>
  <testcase name="testNtile2" classname="org.apache.calcite.test.JdbcTest" time="0.134"/>
  <testcase name="testMetaDataPrimaryKeys" classname="org.apache.calcite.test.JdbcTest" time="0.001"/>
  <testcase name="testWinIntervalFrame" classname="org.apache.calcite.test.JdbcTest" time="0.247"/>
  <testcase name="testScalarSubQueryUncorrelated" classname="org.apache.calcite.test.JdbcTest" time="0.169"/>
  <testcase name="testOverUnboundedPreceding" classname="org.apache.calcite.test.JdbcTest" time="0.075"/>
  <testcase name="testTableMacroInModel" classname="org.apache.calcite.test.JdbcTest" time="0.027"/>
  <testcase name="testUnionWithSameColumnNames" classname="org.apache.calcite.test.JdbcTest" time="0.139"/>
  <testcase name="testReadme" classname="org.apache.calcite.test.JdbcTest" time="0.162"/>
  <testcase name="testRollup" classname="org.apache.calcite.test.JdbcTest" time="0.181"/>
  <testcase name="testSimple" classname="org.apache.calcite.test.JdbcTest" time="0.001"/>
  <testcase name="testOrderByOnSortedTable" classname="org.apache.calcite.test.JdbcTest" time="0.234"/>
  <testcase name="testSqlAdvisorSchemaNames" classname="org.apache.calcite.test.JdbcTest" time="0.11"/>
  <testcase name="testWinAggFirstValueDesc" classname="org.apache.calcite.test.JdbcTest" time="0.341"/>
  <testcase name="testNullableTimestamp" classname="org.apache.calcite.test.JdbcTest" time="0.169"/>
  <testcase name="testSelfReferentialView2" classname="org.apache.calcite.test.JdbcTest" time="0.091"/>
  <testcase name="testValues" classname="org.apache.calcite.test.JdbcTest" time="0.005"/>
  <testcase name="testTrimFieldsOver" classname="org.apache.calcite.test.JdbcTest" time="0.058"/>
  <testcase name="testSumOverPossiblyEmptyWindow" classname="org.apache.calcite.test.JdbcTest" time="0.283"/>
  <testcase name="testWinAgg" classname="org.apache.calcite.test.JdbcTest" time="2.036"/>
  <testcase name="testPreparedStatement" classname="org.apache.calcite.test.JdbcTest" time="0.085"/>
  <testcase name="testNestedArray" classname="org.apache.calcite.test.JdbcTest" time="0.058"/>
  <testcase name="testSchemaCaching" classname="org.apache.calcite.test.JdbcTest" time="0.013"/>
  <testcase name="testReduceCountNotNullable" classname="org.apache.calcite.test.JdbcTest" time="0.159"/>
  <testcase name="testScalarSubQueryInCase" classname="org.apache.calcite.test.JdbcTest" time="0.325"/>
  <testcase name="testSelfJoin" classname="org.apache.calcite.test.JdbcTest" time="0.287"/>
  <testcase name="testJoinManyWay" classname="org.apache.calcite.test.JdbcTest" time="31.322"/>
  <testcase name="testLagInvalidOffsetArgument" classname="org.apache.calcite.test.JdbcTest" time="0.002"/>
  <testcase name="testExtractYearFromTimestamp" classname="org.apache.calcite.test.JdbcTest" time="0.13"/>
  <testcase name="testWinAggConstant" classname="org.apache.calcite.test.JdbcTest" time="0.13"/>
  <testcase name="testValuesCompositeRenamedSameNames" classname="org.apache.calcite.test.JdbcTest" time="0.078"/>
  <testcase name="testStartOfGroupLagStep1" classname="org.apache.calcite.test.JdbcTest" time="0.263"/>
  <testcase name="testStartOfGroupLagStep3" classname="org.apache.calcite.test.JdbcTest" time="1.949"/>
  <testcase name="testRowComparison" classname="org.apache.calcite.test.JdbcTest" time="0.049"/>
  <testcase name="testCountStar" classname="org.apache.calcite.test.JdbcTest" time="0.147"/>
  <testcase name="testGroupByNoAggregatesAllColumns" classname="org.apache.calcite.test.JdbcTest" time="0.215"/>
  <testcase name="testFullJoin" classname="org.apache.calcite.test.JdbcTest" time="0.14"/>
  <testcase name="testDistinctCountSimple" classname="org.apache.calcite.test.JdbcTest" time="3.933"/>
  <testcase name="testTableMacro" classname="org.apache.calcite.test.JdbcTest" time="0.034"/>
  <testcase name="testFunSpatial" classname="org.apache.calcite.test.JdbcTest" time="1.899"/>
  <testcase name="testTableFunctionInModel" classname="org.apache.calcite.test.JdbcTest" time="0.058"/>
  <testcase name="testUnnestArrayScalarArrayAliased" classname="org.apache.calcite.test.JdbcTest" time="0.087"/>
  <testcase name="testWinAggConstantMultipleConstants" classname="org.apache.calcite.test.JdbcTest" time="1.646"/>
</testsuite>