<?xml version="1.0" encoding="UTF-8"?>
<testsuite xmlns:xsi="http://www.w3.org/2001/XMLSchema-instance" xsi:noNamespaceSchemaLocation="https://maven.apache.org/surefire/maven-surefire-plugin/xsd/surefire-test-report.xsd" name="org.apache.calcite.rel.rel2sql.RelToSqlConverterTest" time="2.494" tests="134" errors="0" skipped="0" failures="0">
  <properties>
    <property name="awt.toolkit" value="sun.awt.X11.XToolkit"/>
    <property name="hsqldb.reconfig_logging" value="false"/>
    <property name="file.encoding.pkg" value="sun.io"/>
    <property name="java.specification.version" value="1.8"/>
    <property name="sun.cpu.isalist" value=""/>
    <property name="sun.jnu.encoding" value="UTF-8"/>
    <property name="java.class.path" value="/root/workspace/apache/calcite/386224403/core/target/test-classes:/root/workspace/apache/calcite/386224403/core/target/classes:/root/./workspace/apache/calcite/386224403/.m2/org/apache/calcite/avatica/avatica-core/1.11.0/avatica-core-1.11.0.jar:/root/./workspace/apache/calcite/386224403/.m2/org/apache/calcite/avatica/avatica-metrics/1.11.0/avatica-metrics-1.11.0.jar:/root/./workspace/apache/calcite/386224403/.m2/com/google/protobuf/protobuf-java/3.3.0/protobuf-java-3.3.0.jar:/root/./workspace/apache/calcite/386224403/.m2/org/apache/httpcomponents/httpclient/4.5.2/httpclient-4.5.2.jar:/root/./workspace/apache/calcite/386224403/.m2/commons-codec/commons-codec/1.9/commons-codec-1.9.jar:/root/./workspace/apache/calcite/386224403/.m2/org/apache/httpcomponents/httpcore/4.4.4/httpcore-4.4.4.jar:/root/workspace/apache/calcite/386224403/linq4j/target/classes:/root/./workspace/apache/calcite/386224403/.m2/org/apache/calcite/avatica/avatica-server/1.11.0/avatica-server-1.11.0.jar:/root/./workspace/apache/calcite/386224403/.m2/javax/servlet/javax.servlet-api/3.0.1/javax.servlet-api-3.0.1.jar:/root/./workspace/apache/calcite/386224403/.m2/org/eclipse/jetty/jetty-http/9.2.19.v20160908/jetty-http-9.2.19.v20160908.jar:/root/./workspace/apache/calcite/386224403/.m2/org/eclipse/jetty/jetty-security/9.2.19.v20160908/jetty-security-9.2.19.v20160908.jar:/root/./workspace/apache/calcite/386224403/.m2/org/eclipse/jetty/jetty-server/9.2.19.v20160908/jetty-server-9.2.19.v20160908.jar:/root/./workspace/apache/calcite/386224403/.m2/org/eclipse/jetty/jetty-io/9.2.19.v20160908/jetty-io-9.2.19.v20160908.jar:/root/./workspace/apache/calcite/386224403/.m2/org/eclipse/jetty/jetty-util/9.2.19.v20160908/jetty-util-9.2.19.v20160908.jar:/root/./workspace/apache/calcite/386224403/.m2/commons-dbcp/commons-dbcp/1.4/commons-dbcp-1.4.jar:/root/./workspace/apache/calcite/386224403/.m2/commons-pool/commons-pool/1.5.4/commons-pool-1.5.4.jar:/root/./workspace/apache/calcite/386224403/.m2/org/apache/commons/commons-lang3/3.2/commons-lang3-3.2.jar:/root/./workspace/apache/calcite/386224403/.m2/com/esri/geometry/esri-geometry-api/2.0.0/esri-geometry-api-2.0.0.jar:/root/./workspace/apache/calcite/386224403/.m2/com/fasterxml/jackson/core/jackson-core/2.9.4/jackson-core-2.9.4.jar:/root/./workspace/apache/calcite/386224403/.m2/com/fasterxml/jackson/core/jackson-annotations/2.9.4/jackson-annotations-2.9.4.jar:/root/./workspace/apache/calcite/386224403/.m2/com/fasterxml/jackson/core/jackson-databind/2.9.4/jackson-databind-2.9.4.jar:/root/./workspace/apache/calcite/386224403/.m2/com/google/code/findbugs/jsr305/3.0.1/jsr305-3.0.1.jar:/root/./workspace/apache/calcite/386224403/.m2/com/google/guava/guava/19.0/guava-19.0.jar:/root/./workspace/apache/calcite/386224403/.m2/com/h2database/h2/1.4.185/h2-1.4.185.jar:/root/./workspace/apache/calcite/386224403/.m2/com/yahoo/datasketches/sketches-core/0.9.0/sketches-core-0.9.0.jar:/root/./workspace/apache/calcite/386224403/.m2/com/yahoo/datasketches/memory/0.9.0/memory-0.9.0.jar:/root/./workspace/apache/calcite/386224403/.m2/junit/junit/4.12/junit-4.12.jar:/root/./workspace/apache/calcite/386224403/.m2/mysql/mysql-connector-java/5.1.20/mysql-connector-java-5.1.20.jar:/root/./workspace/apache/calcite/386224403/.m2/net/hydromatic/aggdesigner-algorithm/6.0/aggdesigner-algorithm-6.0.jar:/root/./workspace/apache/calcite/386224403/.m2/commons-lang/commons-lang/2.4/commons-lang-2.4.jar:/root/./workspace/apache/calcite/386224403/.m2/commons-logging/commons-logging/1.1.3/commons-logging-1.1.3.jar:/root/./workspace/apache/calcite/386224403/.m2/net/hydromatic/foodmart-data-hsqldb/0.3/foodmart-data-hsqldb-0.3.jar:/root/./workspace/apache/calcite/386224403/.m2/net/hydromatic/foodmart-queries/0.4.1/foodmart-queries-0.4.1.jar:/root/./workspace/apache/calcite/386224403/.m2/net/hydromatic/quidem/0.8/quidem-0.8.jar:/root/./workspace/apache/calcite/386224403/.m2/net/hydromatic/scott-data-hsqldb/0.1/scott-data-hsqldb-0.1.jar:/root/./workspace/apache/calcite/386224403/.m2/org/codehaus/janino/janino/2.7.6/janino-2.7.6.jar:/root/./workspace/apache/calcite/386224403/.m2/org/codehaus/janino/commons-compiler/2.7.6/commons-compiler-2.7.6.jar:/root/./workspace/apache/calcite/386224403/.m2/org/hsqldb/hsqldb/2.4.0/hsqldb-2.4.0.jar:/root/./workspace/apache/calcite/386224403/.m2/org/incava/java-diff/1.1.1/java-diff-1.1.1.jar:/root/./workspace/apache/calcite/386224403/.m2/org/hamcrest/hamcrest-core/1.3/hamcrest-core-1.3.jar:/root/./workspace/apache/calcite/386224403/.m2/org/postgresql/postgresql/9.3-1102-jdbc3/postgresql-9.3-1102-jdbc3.jar:/root/./workspace/apache/calcite/386224403/.m2/org/slf4j/slf4j-api/1.7.13/slf4j-api-1.7.13.jar:/root/./workspace/apache/calcite/386224403/.m2/org/slf4j/slf4j-log4j12/1.7.13/slf4j-log4j12-1.7.13.jar:/root/./workspace/apache/calcite/386224403/.m2/log4j/log4j/1.2.17/log4j-1.2.17.jar:/root/./workspace/apache/calcite/386224403/.m2/sqlline/sqlline/1.3.0/sqlline-1.3.0.jar:/root/./workspace/apache/calcite/386224403/.m2/jline/jline/2.14.3/jline-2.14.3.jar:"/>
    <property name="java.vm.vendor" value="Oracle Corporation"/>
    <property name="skip.bower" value="true"/>
    <property name="sun.arch.data.model" value="64"/>
    <property name="java.vendor.url" value="http://java.oracle.com/"/>
    <property name="user.timezone" value="Europe/Paris"/>
    <property name="java.vm.specification.version" value="1.8"/>
    <property name="os.name" value="Linux"/>
    <property name="rat.skip" value="true"/>
    <property name="gpg.skip" value="true"/>
    <property name="sun.java.launcher" value="SUN_STANDARD"/>
    <property name="sun.boot.library.path" value="/usr/lib/jvm/java-8-openjdk-amd64/jre/lib/amd64"/>
    <property name="skip.gulp" value="true"/>
    <property name="sun.java.command" value="/root/workspace/apache/calcite/386224403/core/target/surefire/surefirebooter3631470873040166286.jar /root/workspace/apache/calcite/386224403/core/target/surefire 2018-05-31T17-29-29_506-jvmRun1 surefire906208646253387332tmp surefire_17591145290542824979tmp"/>
    <property name="dependency-check.skip" value="true"/>
    <property name="surefire.test.class.path" value="/root/workspace/apache/calcite/386224403/core/target/test-classes:/root/workspace/apache/calcite/386224403/core/target/classes:/root/./workspace/apache/calcite/386224403/.m2/org/apache/calcite/avatica/avatica-core/1.11.0/avatica-core-1.11.0.jar:/root/./workspace/apache/calcite/386224403/.m2/org/apache/calcite/avatica/avatica-metrics/1.11.0/avatica-metrics-1.11.0.jar:/root/./workspace/apache/calcite/386224403/.m2/com/google/protobuf/protobuf-java/3.3.0/protobuf-java-3.3.0.jar:/root/./workspace/apache/calcite/386224403/.m2/org/apache/httpcomponents/httpclient/4.5.2/httpclient-4.5.2.jar:/root/./workspace/apache/calcite/386224403/.m2/commons-codec/commons-codec/1.9/commons-codec-1.9.jar:/root/./workspace/apache/calcite/386224403/.m2/org/apache/httpcomponents/httpcore/4.4.4/httpcore-4.4.4.jar:/root/workspace/apache/calcite/386224403/linq4j/target/classes:/root/./workspace/apache/calcite/386224403/.m2/org/apache/calcite/avatica/avatica-server/1.11.0/avatica-server-1.11.0.jar:/root/./workspace/apache/calcite/386224403/.m2/javax/servlet/javax.servlet-api/3.0.1/javax.servlet-api-3.0.1.jar:/root/./workspace/apache/calcite/386224403/.m2/org/eclipse/jetty/jetty-http/9.2.19.v20160908/jetty-http-9.2.19.v20160908.jar:/root/./workspace/apache/calcite/386224403/.m2/org/eclipse/jetty/jetty-security/9.2.19.v20160908/jetty-security-9.2.19.v20160908.jar:/root/./workspace/apache/calcite/386224403/.m2/org/eclipse/jetty/jetty-server/9.2.19.v20160908/jetty-server-9.2.19.v20160908.jar:/root/./workspace/apache/calcite/386224403/.m2/org/eclipse/jetty/jetty-io/9.2.19.v20160908/jetty-io-9.2.19.v20160908.jar:/root/./workspace/apache/calcite/386224403/.m2/org/eclipse/jetty/jetty-util/9.2.19.v20160908/jetty-util-9.2.19.v20160908.jar:/root/./workspace/apache/calcite/386224403/.m2/commons-dbcp/commons-dbcp/1.4/commons-dbcp-1.4.jar:/root/./workspace/apache/calcite/386224403/.m2/commons-pool/commons-pool/1.5.4/commons-pool-1.5.4.jar:/root/./workspace/apache/calcite/386224403/.m2/org/apache/commons/commons-lang3/3.2/commons-lang3-3.2.jar:/root/./workspace/apache/calcite/386224403/.m2/com/esri/geometry/esri-geometry-api/2.0.0/esri-geometry-api-2.0.0.jar:/root/./workspace/apache/calcite/386224403/.m2/com/fasterxml/jackson/core/jackson-core/2.9.4/jackson-core-2.9.4.jar:/root/./workspace/apache/calcite/386224403/.m2/com/fasterxml/jackson/core/jackson-annotations/2.9.4/jackson-annotations-2.9.4.jar:/root/./workspace/apache/calcite/386224403/.m2/com/fasterxml/jackson/core/jackson-databind/2.9.4/jackson-databind-2.9.4.jar:/root/./workspace/apache/calcite/386224403/.m2/com/google/code/findbugs/jsr305/3.0.1/jsr305-3.0.1.jar:/root/./workspace/apache/calcite/386224403/.m2/com/google/guava/guava/19.0/guava-19.0.jar:/root/./workspace/apache/calcite/386224403/.m2/com/h2database/h2/1.4.185/h2-1.4.185.jar:/root/./workspace/apache/calcite/386224403/.m2/com/yahoo/datasketches/sketches-core/0.9.0/sketches-core-0.9.0.jar:/root/./workspace/apache/calcite/386224403/.m2/com/yahoo/datasketches/memory/0.9.0/memory-0.9.0.jar:/root/./workspace/apache/calcite/386224403/.m2/junit/junit/4.12/junit-4.12.jar:/root/./workspace/apache/calcite/386224403/.m2/mysql/mysql-connector-java/5.1.20/mysql-connector-java-5.1.20.jar:/root/./workspace/apache/calcite/386224403/.m2/net/hydromatic/aggdesigner-algorithm/6.0/aggdesigner-algorithm-6.0.jar:/root/./workspace/apache/calcite/386224403/.m2/commons-lang/commons-lang/2.4/commons-lang-2.4.jar:/root/./workspace/apache/calcite/386224403/.m2/commons-logging/commons-logging/1.1.3/commons-logging-1.1.3.jar:/root/./workspace/apache/calcite/386224403/.m2/net/hydromatic/foodmart-data-hsqldb/0.3/foodmart-data-hsqldb-0.3.jar:/root/./workspace/apache/calcite/386224403/.m2/net/hydromatic/foodmart-queries/0.4.1/foodmart-queries-0.4.1.jar:/root/./workspace/apache/calcite/386224403/.m2/net/hydromatic/quidem/0.8/quidem-0.8.jar:/root/./workspace/apache/calcite/386224403/.m2/net/hydromatic/scott-data-hsqldb/0.1/scott-data-hsqldb-0.1.jar:/root/./workspace/apache/calcite/386224403/.m2/org/codehaus/janino/janino/2.7.6/janino-2.7.6.jar:/root/./workspace/apache/calcite/386224403/.m2/org/codehaus/janino/commons-compiler/2.7.6/commons-compiler-2.7.6.jar:/root/./workspace/apache/calcite/386224403/.m2/org/hsqldb/hsqldb/2.4.0/hsqldb-2.4.0.jar:/root/./workspace/apache/calcite/386224403/.m2/org/incava/java-diff/1.1.1/java-diff-1.1.1.jar:/root/./workspace/apache/calcite/386224403/.m2/org/hamcrest/hamcrest-core/1.3/hamcrest-core-1.3.jar:/root/./workspace/apache/calcite/386224403/.m2/org/postgresql/postgresql/9.3-1102-jdbc3/postgresql-9.3-1102-jdbc3.jar:/root/./workspace/apache/calcite/386224403/.m2/org/slf4j/slf4j-api/1.7.13/slf4j-api-1.7.13.jar:/root/./workspace/apache/calcite/386224403/.m2/org/slf4j/slf4j-log4j12/1.7.13/slf4j-log4j12-1.7.13.jar:/root/./workspace/apache/calcite/386224403/.m2/log4j/log4j/1.2.17/log4j-1.2.17.jar:/root/./workspace/apache/calcite/386224403/.m2/sqlline/sqlline/1.3.0/sqlline-1.3.0.jar:/root/./workspace/apache/calcite/386224403/.m2/jline/jline/2.14.3/jline-2.14.3.jar:"/>
    <property name="sun.cpu.endian" value="little"/>
    <property name="user.home" value="/root"/>
    <property name="user.language" value="en"/>
    <property name="java.specification.vendor" value="Oracle Corporation"/>
    <property name="java.home" value="/usr/lib/jvm/java-8-openjdk-amd64/jre"/>
    <property name="basedir" value="/root/workspace/apache/calcite/386224403/core"/>
    <property name="file.separator" value="/"/>
    <property name="checkstyle.skip" value="true"/>
    <property name="line.separator" value="&#10;"/>
    <property name="skip.npm" value="true"/>
    <property name="java.vm.specification.vendor" value="Oracle Corporation"/>
    <property name="java.specification.name" value="Java Platform API Specification"/>
    <property name="java.awt.graphicsenv" value="sun.awt.X11GraphicsEnvironment"/>
    <property name="skipITs" value="true"/>
    <property name="surefire.real.class.path" value="/root/workspace/apache/calcite/386224403/core/target/surefire/surefirebooter3631470873040166286.jar"/>
    <property name="cobertura.skip" value="true"/>
    <property name="sun.boot.class.path" value="/usr/lib/jvm/java-8-openjdk-amd64/jre/lib/resources.jar:/usr/lib/jvm/java-8-openjdk-amd64/jre/lib/rt.jar:/usr/lib/jvm/java-8-openjdk-amd64/jre/lib/sunrsasign.jar:/usr/lib/jvm/java-8-openjdk-amd64/jre/lib/jsse.jar:/usr/lib/jvm/java-8-openjdk-amd64/jre/lib/jce.jar:/usr/lib/jvm/java-8-openjdk-amd64/jre/lib/charsets.jar:/usr/lib/jvm/java-8-openjdk-amd64/jre/lib/jfr.jar:/usr/lib/jvm/java-8-openjdk-amd64/jre/classes"/>
    <property name="sun.management.compiler" value="HotSpot 64-Bit Tiered Compilers"/>
    <property name="java.runtime.version" value="1.8.0_121-8u121-b13-1~bpo8+1-b13"/>
    <property name="user.name" value="root"/>
    <property name="findbugs.skip" value="true"/>
    <property name="path.separator" value=":"/>
    <property name="os.version" value="3.10.0-862.2.3.el7.x86_64"/>
    <property name="java.endorsed.dirs" value="/usr/lib/jvm/java-8-openjdk-amd64/jre/lib/endorsed"/>
    <property name="java.runtime.name" value="OpenJDK Runtime Environment"/>
    <property name="file.encoding" value="UTF-8"/>
    <property name="java.vm.name" value="OpenJDK 64-Bit Server VM"/>
    <property name="localRepository" value="/root/./workspace/apache/calcite/386224403/.m2"/>
    <property name="java.vendor.url.bug" value="http://bugreport.sun.com/bugreport/"/>
    <property name="java.io.tmpdir" value="/tmp"/>
    <property name="java.version" value="1.8.0_121"/>
    <property name="user.dir" value="/root/workspace/apache/calcite/386224403/core"/>
    <property name="os.arch" value="amd64"/>
    <property name="license.skip" value="true"/>
    <property name="java.vm.specification.name" value="Java Virtual Machine Specification"/>
    <property name="java.awt.printerjob" value="sun.print.PSPrinterJob"/>
    <property name="sun.os.patch.level" value="unknown"/>
    <property name="java.library.path" value="/usr/java/packages/lib/amd64:/usr/lib/x86_64-linux-gnu/jni:/lib/x86_64-linux-gnu:/usr/lib/x86_64-linux-gnu:/usr/lib/jni:/lib:/usr/lib"/>
    <property name="java.vm.info" value="mixed mode"/>
    <property name="java.vendor" value="Oracle Corporation"/>
    <property name="java.vm.version" value="25.121-b13"/>
    <property name="java.ext.dirs" value="/usr/lib/jvm/java-8-openjdk-amd64/jre/lib/ext:/usr/java/packages/lib/ext"/>
    <property name="sun.io.unicode.encoding" value="UnicodeLittle"/>
    <property name="maven.repo.local" value="/root/./workspace/apache/calcite/386224403/.m2"/>
    <property name="enforcer.skip" value="true"/>
    <property name="java.class.version" value="52.0"/>
  </properties>
  <testcase name="testSimpleJoin" classname="org.apache.calcite.rel.rel2sql.RelToSqlConverterTest" time="2.199"/>
  <testcase name="testDb2DialectSelectQueryComplex" classname="org.apache.calcite.rel.rel2sql.RelToSqlConverterTest" time="2.196"/>
  <testcase name="testSubQueryAlias" classname="org.apache.calcite.rel.rel2sql.RelToSqlConverterTest" time="2.173"/>
  <testcase name="testFieldNamesWithAggregateSubQuery" classname="org.apache.calcite.rel.rel2sql.RelToSqlConverterTest" time="2.154"/>
  <testcase name="testPreserveAlias" classname="org.apache.calcite.rel.rel2sql.RelToSqlConverterTest" time="2.156"/>
  <testcase name="testDb2DialectSelfJoinStar" classname="org.apache.calcite.rel.rel2sql.RelToSqlConverterTest" time="2.143"/>
  <testcase name="testMySqlWithFirstNullsSelectWithOrderByDescAndNullsLastShouldBeEmulated" classname="org.apache.calcite.rel.rel2sql.RelToSqlConverterTest" time="2.001"/>
  <testcase name="testDb2DialectJoinStar" classname="org.apache.calcite.rel.rel2sql.RelToSqlConverterTest" time="1.985"/>
  <testcase name="testMatchRecognizePatternExpression2" classname="org.apache.calcite.rel.rel2sql.RelToSqlConverterTest" time="1.956"/>
  <testcase name="testMatchRecognizePatternExpression3" classname="org.apache.calcite.rel.rel2sql.RelToSqlConverterTest" time="1.96"/>
  <testcase name="testMatchRecognizePatternExpression4" classname="org.apache.calcite.rel.rel2sql.RelToSqlConverterTest" time="1.937"/>
  <testcase name="testMatchRecognizePatternExpression5" classname="org.apache.calcite.rel.rel2sql.RelToSqlConverterTest" time="1.896"/>
  <testcase name="testMatchRecognizePatternExpression6" classname="org.apache.calcite.rel.rel2sql.RelToSqlConverterTest" time="1.896"/>
  <testcase name="testMatchRecognizePatternExpression7" classname="org.apache.calcite.rel.rel2sql.RelToSqlConverterTest" time="1.896"/>
  <testcase name="testMatchRecognizePatternExpression8" classname="org.apache.calcite.rel.rel2sql.RelToSqlConverterTest" time="1.904"/>
  <testcase name="testMatchRecognizePatternExpression9" classname="org.apache.calcite.rel.rel2sql.RelToSqlConverterTest" time="1.896"/>
  <testcase name="testDb2DialectWhere" classname="org.apache.calcite.rel.rel2sql.RelToSqlConverterTest" time="1.896"/>
  <testcase name="testSelectQueryWithParameters" classname="org.apache.calcite.rel.rel2sql.RelToSqlConverterTest" time="1.902"/>
  <testcase name="testDb2DialectJoinWhere" classname="org.apache.calcite.rel.rel2sql.RelToSqlConverterTest" time="1.895"/>
  <testcase name="testHiveSelectQueryWithOrderByDescNullsLastShouldNotAddNullEmulation" classname="org.apache.calcite.rel.rel2sql.RelToSqlConverterTest" time="1.902"/>
  <testcase name="testMatchRecognizePatternExpression10" classname="org.apache.calcite.rel.rel2sql.RelToSqlConverterTest" time="1.896"/>
  <testcase name="testMatchRecognizePatternExpression11" classname="org.apache.calcite.rel.rel2sql.RelToSqlConverterTest" time="1.896"/>
  <testcase name="testMatchRecognizePatternExpression12" classname="org.apache.calcite.rel.rel2sql.RelToSqlConverterTest" time="1.888"/>
  <testcase name="testMatchRecognizePatternExpression13" classname="org.apache.calcite.rel.rel2sql.RelToSqlConverterTest" time="0.14"/>
  <testcase name="testNestedAggregates" classname="org.apache.calcite.rel.rel2sql.RelToSqlConverterTest" time="0.022"/>
  <testcase name="testSelectQueryWithMultipleAggregateFunction" classname="org.apache.calcite.rel.rel2sql.RelToSqlConverterTest" time="0.008"/>
  <testcase name="testUnionWrappedInASelect" classname="org.apache.calcite.rel.rel2sql.RelToSqlConverterTest" time="0.007"/>
  <testcase name="testHiveSelectQueryWithOrderByDescAndHighNullsWithVersionGreaterThanOrEq21" classname="org.apache.calcite.rel.rel2sql.RelToSqlConverterTest" time="0.008"/>
  <testcase name="testMatchRecognizeMeasures1" classname="org.apache.calcite.rel.rel2sql.RelToSqlConverterTest" time="0.012"/>
  <testcase name="testMatchRecognizeMeasures2" classname="org.apache.calcite.rel.rel2sql.RelToSqlConverterTest" time="0.015"/>
  <testcase name="testMatchRecognizeMeasures3" classname="org.apache.calcite.rel.rel2sql.RelToSqlConverterTest" time="0.009"/>
  <testcase name="testMatchRecognizeMeasures4" classname="org.apache.calcite.rel.rel2sql.RelToSqlConverterTest" time="0.012"/>
  <testcase name="testMatchRecognizeMeasures5" classname="org.apache.calcite.rel.rel2sql.RelToSqlConverterTest" time="0.007"/>
  <testcase name="testMatchRecognizeMeasures6" classname="org.apache.calcite.rel.rel2sql.RelToSqlConverterTest" time="0.007"/>
  <testcase name="testFloorOracle" classname="org.apache.calcite.rel.rel2sql.RelToSqlConverterTest" time="0.007"/>
  <testcase name="testMatchRecognizeMeasures7" classname="org.apache.calcite.rel.rel2sql.RelToSqlConverterTest" time="0.008"/>
  <testcase name="testUnparseSqlIntervalQualifierMsSql" classname="org.apache.calcite.rel.rel2sql.RelToSqlConverterTest" time="0.035"/>
  <testcase name="testUnparseSqlIntervalQualifierMySql" classname="org.apache.calcite.rel.rel2sql.RelToSqlConverterTest" time="0.038"/>
  <testcase name="testSubQueryInWithExpand2" classname="org.apache.calcite.rel.rel2sql.RelToSqlConverterTest" time="0.006"/>
  <testcase name="testSelectQueryWithLimitOffsetClause" classname="org.apache.calcite.rel.rel2sql.RelToSqlConverterTest" time="0.008"/>
  <testcase name="testMySqlWithHighNullsSelectWithOrderByAscNullsLastAndNoEmulation" classname="org.apache.calcite.rel.rel2sql.RelToSqlConverterTest" time="0.005"/>
  <testcase name="testMySqlWithFirstNullsSelectWithOrderByDescAndNullsFirstShouldNotBeEmulated" classname="org.apache.calcite.rel.rel2sql.RelToSqlConverterTest" time="0.02"/>
  <testcase name="testNotExistsWithExpand" classname="org.apache.calcite.rel.rel2sql.RelToSqlConverterTest" time="0.051"/>
  <testcase name="testFloor" classname="org.apache.calcite.rel.rel2sql.RelToSqlConverterTest" time="0.015"/>
  <testcase name="testHiveSelectQueryWithOrderByDescAndHighNullsWithVersion20" classname="org.apache.calcite.rel.rel2sql.RelToSqlConverterTest" time="0.01"/>
  <testcase name="testLike" classname="org.apache.calcite.rel.rel2sql.RelToSqlConverterTest" time="0.011"/>
  <testcase name="testSelectQueryWithSumAggregateFunction" classname="org.apache.calcite.rel.rel2sql.RelToSqlConverterTest" time="0.009"/>
  <testcase name="testMySqlWithHighNullsSelectWithOrderByDescNullsFirstAndNoEmulation" classname="org.apache.calcite.rel.rel2sql.RelToSqlConverterTest" time="0.006"/>
  <testcase name="testFloorMssqlWeek" classname="org.apache.calcite.rel.rel2sql.RelToSqlConverterTest" time="0.004"/>
  <testcase name="testMySqlSelectQueryWithOrderByDescNullsLastShouldNotAddNullEmulation" classname="org.apache.calcite.rel.rel2sql.RelToSqlConverterTest" time="0.005"/>
  <testcase name="testHiveSelectCharset" classname="org.apache.calcite.rel.rel2sql.RelToSqlConverterTest" time="0.006"/>
  <testcase name="testUnparseSqlIntervalQualifierDb2" classname="org.apache.calcite.rel.rel2sql.RelToSqlConverterTest" time="0.021"/>
  <testcase name="testHiveSelectQueryWithOrderByAscNullsFirstShouldNotAddNullEmulation" classname="org.apache.calcite.rel.rel2sql.RelToSqlConverterTest" time="0.005"/>
  <testcase name="testSelectQueryWithMultipleAggregateFunction1" classname="org.apache.calcite.rel.rel2sql.RelToSqlConverterTest" time="0.005"/>
  <testcase name="testMySqlWithHighNullsSelectWithOrderByDescNullsLastAndNullEmulation" classname="org.apache.calcite.rel.rel2sql.RelToSqlConverterTest" time="0.022"/>
  <testcase name="testThreeQueryUnion" classname="org.apache.calcite.rel.rel2sql.RelToSqlConverterTest" time="0.023"/>
  <testcase name="testSelectQueryWithGroupBy" classname="org.apache.calcite.rel.rel2sql.RelToSqlConverterTest" time="0.003"/>
  <testcase name="testSelectQueryWithMinAggregateFunction1" classname="org.apache.calcite.rel.rel2sql.RelToSqlConverterTest" time="0.004"/>
  <testcase name="testSelectQueryWithWhereClauseOfLessThan" classname="org.apache.calcite.rel.rel2sql.RelToSqlConverterTest" time="0.019"/>
  <testcase name="testHiveSelectQueryWithOrderByDescAndNullsFirstShouldBeEmulated" classname="org.apache.calcite.rel.rel2sql.RelToSqlConverterTest" time="0.004"/>
  <testcase name="testSelectQueryWithGroupByAndProjectList" classname="org.apache.calcite.rel.rel2sql.RelToSqlConverterTest" time="0.008"/>
  <testcase name="testExistsWithExpand" classname="org.apache.calcite.rel.rel2sql.RelToSqlConverterTest" time="0.041"/>
  <testcase name="testFullJoinOnTrueCondition" classname="org.apache.calcite.rel.rel2sql.RelToSqlConverterTest" time="0.014"/>
  <testcase name="testFloorMssqlMonth" classname="org.apache.calcite.rel.rel2sql.RelToSqlConverterTest" time="0.015"/>
  <testcase name="testMySqlWithFirstNullsSelectWithOrderByAscAndNullsFirstShouldNotBeEmulated" classname="org.apache.calcite.rel.rel2sql.RelToSqlConverterTest" time="0.017"/>
  <testcase name="testLiteral" classname="org.apache.calcite.rel.rel2sql.RelToSqlConverterTest" time="0.289"/>
  <testcase name="testSelectQueryWithGroupByHaving2" classname="org.apache.calcite.rel.rel2sql.RelToSqlConverterTest" time="0.004"/>
  <testcase name="testSelectQueryWithGroupByHaving3" classname="org.apache.calcite.rel.rel2sql.RelToSqlConverterTest" time="0.017"/>
  <testcase name="testFloorWithGroupBy" classname="org.apache.calcite.rel.rel2sql.RelToSqlConverterTest" time="0.042"/>
  <testcase name="testSubstringWithFor" classname="org.apache.calcite.rel.rel2sql.RelToSqlConverterTest" time="0.029"/>
  <testcase name="testMatchRecognizeRowsPerMatch1" classname="org.apache.calcite.rel.rel2sql.RelToSqlConverterTest" time="0.007"/>
  <testcase name="testMatchRecognizeRowsPerMatch2" classname="org.apache.calcite.rel.rel2sql.RelToSqlConverterTest" time="0.013"/>
  <testcase name="testMatchRecognizeDefineClause" classname="org.apache.calcite.rel.rel2sql.RelToSqlConverterTest" time="0.012"/>
  <testcase name="testJethroDataSelectQueryWithOrderByDescAndNullsFirstShouldBeEmulated" classname="org.apache.calcite.rel.rel2sql.RelToSqlConverterTest" time="0.004"/>
  <testcase name="testJoinPlan2" classname="org.apache.calcite.rel.rel2sql.RelToSqlConverterTest" time="0.031"/>
  <testcase name="testSelectQueryWithAscDescOrderByClause" classname="org.apache.calcite.rel.rel2sql.RelToSqlConverterTest" time="0.004"/>
  <testcase name="testDb2DialectCast" classname="org.apache.calcite.rel.rel2sql.RelToSqlConverterTest" time="0.015"/>
  <testcase name="testDb2DialectJoin" classname="org.apache.calcite.rel.rel2sql.RelToSqlConverterTest" time="0.016"/>
  <testcase name="testMatchRecognizeDefineClause2" classname="org.apache.calcite.rel.rel2sql.RelToSqlConverterTest" time="0.014"/>
  <testcase name="testMatchRecognizeDefineClause3" classname="org.apache.calcite.rel.rel2sql.RelToSqlConverterTest" time="0.013"/>
  <testcase name="testMatchRecognizeDefineClause4" classname="org.apache.calcite.rel.rel2sql.RelToSqlConverterTest" time="0.018"/>
  <testcase name="testMySqlSelectQueryWithOrderByAscNullsFirstShouldNotAddNullEmulation" classname="org.apache.calcite.rel.rel2sql.RelToSqlConverterTest" time="0.017"/>
  <testcase name="testSelectQueryWithTwoOrderByClause" classname="org.apache.calcite.rel.rel2sql.RelToSqlConverterTest" time="0.004"/>
  <testcase name="testMySqlWithLastNullsSelectWithOrderByAscAndNullsLastShouldNotBeEmulated" classname="org.apache.calcite.rel.rel2sql.RelToSqlConverterTest" time="0.005"/>
  <testcase name="testMatchRecognizePatternSkip1" classname="org.apache.calcite.rel.rel2sql.RelToSqlConverterTest" time="0.015"/>
  <testcase name="testMatchRecognizePatternSkip2" classname="org.apache.calcite.rel.rel2sql.RelToSqlConverterTest" time="0.015"/>
  <testcase name="testMatchRecognizePatternSkip3" classname="org.apache.calcite.rel.rel2sql.RelToSqlConverterTest" time="0.013"/>
  <testcase name="testMatchRecognizePatternSkip4" classname="org.apache.calcite.rel.rel2sql.RelToSqlConverterTest" time="0.014"/>
  <testcase name="testMatchRecognizePatternSkip5" classname="org.apache.calcite.rel.rel2sql.RelToSqlConverterTest" time="0.012"/>
  <testcase name="testMySqlWithLastNullsSelectWithOrderByDescAndNullsLastShouldNotBeEmulated" classname="org.apache.calcite.rel.rel2sql.RelToSqlConverterTest" time="0.009"/>
  <testcase name="testMySqlWithLastNullsSelectWithOrderByAscAndNullsFirstShouldBeEmulated" classname="org.apache.calcite.rel.rel2sql.RelToSqlConverterTest" time="0.003"/>
  <testcase name="testDb2DialectSelectQueryWithGroupByHaving" classname="org.apache.calcite.rel.rel2sql.RelToSqlConverterTest" time="0.007"/>
  <testcase name="testDb2DialectSelfJoin" classname="org.apache.calcite.rel.rel2sql.RelToSqlConverterTest" time="0.008"/>
  <testcase name="testSelectQueryWithOrderByClause" classname="org.apache.calcite.rel.rel2sql.RelToSqlConverterTest" time="0.006"/>
  <testcase name="testCartesianProductWithCommaSyntax" classname="org.apache.calcite.rel.rel2sql.RelToSqlConverterTest" time="0.007"/>
  <testcase name="testSelectQueryWithLimitClause" classname="org.apache.calcite.rel.rel2sql.RelToSqlConverterTest" time="0.014"/>
  <testcase name="testHiveSelectQueryWithOrderByAscAndNullsLastShouldBeEmulated" classname="org.apache.calcite.rel.rel2sql.RelToSqlConverterTest" time="0.006"/>
  <testcase name="testMySqlSelectQueryWithOrderByDescAndNullsFirstShouldBeEmulated" classname="org.apache.calcite.rel.rel2sql.RelToSqlConverterTest" time="0.005"/>
  <testcase name="testCartesianProductWithInnerJoinSyntax" classname="org.apache.calcite.rel.rel2sql.RelToSqlConverterTest" time="0.005"/>
  <testcase name="testSimpleJoinConditionWithIsNullOperators" classname="org.apache.calcite.rel.rel2sql.RelToSqlConverterTest" time="0.019"/>
  <testcase name="testSimpleSelectQueryFromProductTable" classname="org.apache.calcite.rel.rel2sql.RelToSqlConverterTest" time="0.005"/>
  <testcase name="testSelectQueryWithGroupByHaving" classname="org.apache.calcite.rel.rel2sql.RelToSqlConverterTest" time="0.006"/>
  <testcase name="testMatchRecognizeWithin" classname="org.apache.calcite.rel.rel2sql.RelToSqlConverterTest" time="0.024"/>
  <testcase name="testSelectQueryWithLimitClauseWithoutOrder" classname="org.apache.calcite.rel.rel2sql.RelToSqlConverterTest" time="0.003"/>
  <testcase name="testSimpleSelectStarFromProductTable" classname="org.apache.calcite.rel.rel2sql.RelToSqlConverterTest" time="0.019"/>
  <testcase name="testFloorMysqlWeek" classname="org.apache.calcite.rel.rel2sql.RelToSqlConverterTest" time="0.005"/>
  <testcase name="testSelectQueryWithFetchOffsetClause" classname="org.apache.calcite.rel.rel2sql.RelToSqlConverterTest" time="0.004"/>
  <testcase name="testMySqlWithLastNullsSelectWithOrderByDescAndNullsFirstShouldBeEmulated" classname="org.apache.calcite.rel.rel2sql.RelToSqlConverterTest" time="0.003"/>
  <testcase name="testSimpleIn" classname="org.apache.calcite.rel.rel2sql.RelToSqlConverterTest" time="0.005"/>
  <testcase name="testSubstring" classname="org.apache.calcite.rel.rel2sql.RelToSqlConverterTest" time="0.029"/>
  <testcase name="testDb2DialectSelfJoinWhere" classname="org.apache.calcite.rel.rel2sql.RelToSqlConverterTest" time="0.018"/>
  <testcase name="testDb2DialectSelectQueryWithGroup" classname="org.apache.calcite.rel.rel2sql.RelToSqlConverterTest" time="0.014"/>
  <testcase name="testSelectQueryWithOrderByClause1" classname="org.apache.calcite.rel.rel2sql.RelToSqlConverterTest" time="0.002"/>
  <testcase name="testMySqlSelectQueryWithOrderByAscAndNullsLastShouldBeEmulated" classname="org.apache.calcite.rel.rel2sql.RelToSqlConverterTest" time="0.008"/>
  <testcase name="testSelectQueryComplex" classname="org.apache.calcite.rel.rel2sql.RelToSqlConverterTest" time="0.003"/>
  <testcase name="testSelectQueryWithWhereClauseOfBasicOperators" classname="org.apache.calcite.rel.rel2sql.RelToSqlConverterTest" time="0.005"/>
  <testcase name="testSubQueryInWithExpand" classname="org.apache.calcite.rel.rel2sql.RelToSqlConverterTest" time="0.011"/>
  <testcase name="testSelectQueryWithGroupByAndProjectList1" classname="org.apache.calcite.rel.rel2sql.RelToSqlConverterTest" time="0.005"/>
  <testcase name="testNotLike" classname="org.apache.calcite.rel.rel2sql.RelToSqlConverterTest" time="0.007"/>
  <testcase name="testMatchRecognizePatternExpression" classname="org.apache.calcite.rel.rel2sql.RelToSqlConverterTest" time="0.005"/>
  <testcase name="testPreservePermutation" classname="org.apache.calcite.rel.rel2sql.RelToSqlConverterTest" time="0.004"/>
  <testcase name="testFloorMysqlMonth" classname="org.apache.calcite.rel.rel2sql.RelToSqlConverterTest" time="0.005"/>
  <testcase name="testFloorPostgres" classname="org.apache.calcite.rel.rel2sql.RelToSqlConverterTest" time="0.005"/>
  <testcase name="testValues" classname="org.apache.calcite.rel.rel2sql.RelToSqlConverterTest" time="0.01"/>
  <testcase name="testSimpleJoinUsing" classname="org.apache.calcite.rel.rel2sql.RelToSqlConverterTest" time="0.02"/>
  <testcase name="testMySqlWithHighNullsSelectWithOrderByAscNullsFirstAndNullEmulation" classname="org.apache.calcite.rel.rel2sql.RelToSqlConverterTest" time="0.005"/>
  <testcase name="testSubQueryNotInWithExpand" classname="org.apache.calcite.rel.rel2sql.RelToSqlConverterTest" time="0.013"/>
  <testcase name="testSelectQueryWithMinAggregateFunction" classname="org.apache.calcite.rel.rel2sql.RelToSqlConverterTest" time="0.004"/>
  <testcase name="testMatchRecognizeSubset1" classname="org.apache.calcite.rel.rel2sql.RelToSqlConverterTest" time="0.01"/>
  <testcase name="testMatchRecognizeSubset2" classname="org.apache.calcite.rel.rel2sql.RelToSqlConverterTest" time="0.015"/>
  <testcase name="testMatchRecognizeSubset4" classname="org.apache.calcite.rel.rel2sql.RelToSqlConverterTest" time="0.012"/>
  <testcase name="testMatchRecognizeSubset3" classname="org.apache.calcite.rel.rel2sql.RelToSqlConverterTest" time="0.012"/>
  <testcase name="testMySqlWithFirstNullsSelectWithOrderByAscAndNullsLastShouldBeEmulated" classname="org.apache.calcite.rel.rel2sql.RelToSqlConverterTest" time="0.008"/>
  <testcase name="testSelectQueryWithGroup" classname="org.apache.calcite.rel.rel2sql.RelToSqlConverterTest" time="0.008"/>
</testsuite>