<?xml version="1.0" encoding="UTF-8"?>
<testsuite xmlns:xsi="http://www.w3.org/2001/XMLSchema-instance" xsi:noNamespaceSchemaLocation="https://maven.apache.org/surefire/maven-surefire-plugin/xsd/surefire-test-report.xsd" name="org.apache.calcite.test.SqlValidatorTest" time="1.786" tests="386" errors="0" skipped="5" failures="0">
  <properties>
    <property name="awt.toolkit" value="sun.awt.X11.XToolkit"/>
    <property name="hsqldb.reconfig_logging" value="false"/>
    <property name="file.encoding.pkg" value="sun.io"/>
    <property name="java.specification.version" value="1.8"/>
    <property name="sun.cpu.isalist" value=""/>
    <property name="sun.jnu.encoding" value="UTF-8"/>
    <property name="java.class.path" value="/root/workspace/apache/calcite/386224403/core/target/test-classes:/root/workspace/apache/calcite/386224403/core/target/classes:/root/./workspace/apache/calcite/386224403/.m2/org/apache/calcite/avatica/avatica-core/1.11.0/avatica-core-1.11.0.jar:/root/./workspace/apache/calcite/386224403/.m2/org/apache/calcite/avatica/avatica-metrics/1.11.0/avatica-metrics-1.11.0.jar:/root/./workspace/apache/calcite/386224403/.m2/com/google/protobuf/protobuf-java/3.3.0/protobuf-java-3.3.0.jar:/root/./workspace/apache/calcite/386224403/.m2/org/apache/httpcomponents/httpclient/4.5.2/httpclient-4.5.2.jar:/root/./workspace/apache/calcite/386224403/.m2/commons-codec/commons-codec/1.9/commons-codec-1.9.jar:/root/./workspace/apache/calcite/386224403/.m2/org/apache/httpcomponents/httpcore/4.4.4/httpcore-4.4.4.jar:/root/workspace/apache/calcite/386224403/linq4j/target/classes:/root/./workspace/apache/calcite/386224403/.m2/org/apache/calcite/avatica/avatica-server/1.11.0/avatica-server-1.11.0.jar:/root/./workspace/apache/calcite/386224403/.m2/javax/servlet/javax.servlet-api/3.0.1/javax.servlet-api-3.0.1.jar:/root/./workspace/apache/calcite/386224403/.m2/org/eclipse/jetty/jetty-http/9.2.19.v20160908/jetty-http-9.2.19.v20160908.jar:/root/./workspace/apache/calcite/386224403/.m2/org/eclipse/jetty/jetty-security/9.2.19.v20160908/jetty-security-9.2.19.v20160908.jar:/root/./workspace/apache/calcite/386224403/.m2/org/eclipse/jetty/jetty-server/9.2.19.v20160908/jetty-server-9.2.19.v20160908.jar:/root/./workspace/apache/calcite/386224403/.m2/org/eclipse/jetty/jetty-io/9.2.19.v20160908/jetty-io-9.2.19.v20160908.jar:/root/./workspace/apache/calcite/386224403/.m2/org/eclipse/jetty/jetty-util/9.2.19.v20160908/jetty-util-9.2.19.v20160908.jar:/root/./workspace/apache/calcite/386224403/.m2/commons-dbcp/commons-dbcp/1.4/commons-dbcp-1.4.jar:/root/./workspace/apache/calcite/386224403/.m2/commons-pool/commons-pool/1.5.4/commons-pool-1.5.4.jar:/root/./workspace/apache/calcite/386224403/.m2/org/apache/commons/commons-lang3/3.2/commons-lang3-3.2.jar:/root/./workspace/apache/calcite/386224403/.m2/com/esri/geometry/esri-geometry-api/2.0.0/esri-geometry-api-2.0.0.jar:/root/./workspace/apache/calcite/386224403/.m2/com/fasterxml/jackson/core/jackson-core/2.9.4/jackson-core-2.9.4.jar:/root/./workspace/apache/calcite/386224403/.m2/com/fasterxml/jackson/core/jackson-annotations/2.9.4/jackson-annotations-2.9.4.jar:/root/./workspace/apache/calcite/386224403/.m2/com/fasterxml/jackson/core/jackson-databind/2.9.4/jackson-databind-2.9.4.jar:/root/./workspace/apache/calcite/386224403/.m2/com/google/code/findbugs/jsr305/3.0.1/jsr305-3.0.1.jar:/root/./workspace/apache/calcite/386224403/.m2/com/google/guava/guava/19.0/guava-19.0.jar:/root/./workspace/apache/calcite/386224403/.m2/com/h2database/h2/1.4.185/h2-1.4.185.jar:/root/./workspace/apache/calcite/386224403/.m2/com/yahoo/datasketches/sketches-core/0.9.0/sketches-core-0.9.0.jar:/root/./workspace/apache/calcite/386224403/.m2/com/yahoo/datasketches/memory/0.9.0/memory-0.9.0.jar:/root/./workspace/apache/calcite/386224403/.m2/junit/junit/4.12/junit-4.12.jar:/root/./workspace/apache/calcite/386224403/.m2/mysql/mysql-connector-java/5.1.20/mysql-connector-java-5.1.20.jar:/root/./workspace/apache/calcite/386224403/.m2/net/hydromatic/aggdesigner-algorithm/6.0/aggdesigner-algorithm-6.0.jar:/root/./workspace/apache/calcite/386224403/.m2/commons-lang/commons-lang/2.4/commons-lang-2.4.jar:/root/./workspace/apache/calcite/386224403/.m2/commons-logging/commons-logging/1.1.3/commons-logging-1.1.3.jar:/root/./workspace/apache/calcite/386224403/.m2/net/hydromatic/foodmart-data-hsqldb/0.3/foodmart-data-hsqldb-0.3.jar:/root/./workspace/apache/calcite/386224403/.m2/net/hydromatic/foodmart-queries/0.4.1/foodmart-queries-0.4.1.jar:/root/./workspace/apache/calcite/386224403/.m2/net/hydromatic/quidem/0.8/quidem-0.8.jar:/root/./workspace/apache/calcite/386224403/.m2/net/hydromatic/scott-data-hsqldb/0.1/scott-data-hsqldb-0.1.jar:/root/./workspace/apache/calcite/386224403/.m2/org/codehaus/janino/janino/2.7.6/janino-2.7.6.jar:/root/./workspace/apache/calcite/386224403/.m2/org/codehaus/janino/commons-compiler/2.7.6/commons-compiler-2.7.6.jar:/root/./workspace/apache/calcite/386224403/.m2/org/hsqldb/hsqldb/2.4.0/hsqldb-2.4.0.jar:/root/./workspace/apache/calcite/386224403/.m2/org/incava/java-diff/1.1.1/java-diff-1.1.1.jar:/root/./workspace/apache/calcite/386224403/.m2/org/hamcrest/hamcrest-core/1.3/hamcrest-core-1.3.jar:/root/./workspace/apache/calcite/386224403/.m2/org/postgresql/postgresql/9.3-1102-jdbc3/postgresql-9.3-1102-jdbc3.jar:/root/./workspace/apache/calcite/386224403/.m2/org/slf4j/slf4j-api/1.7.13/slf4j-api-1.7.13.jar:/root/./workspace/apache/calcite/386224403/.m2/org/slf4j/slf4j-log4j12/1.7.13/slf4j-log4j12-1.7.13.jar:/root/./workspace/apache/calcite/386224403/.m2/log4j/log4j/1.2.17/log4j-1.2.17.jar:/root/./workspace/apache/calcite/386224403/.m2/sqlline/sqlline/1.3.0/sqlline-1.3.0.jar:/root/./workspace/apache/calcite/386224403/.m2/jline/jline/2.14.3/jline-2.14.3.jar:"/>
    <property name="java.vm.vendor" value="Oracle Corporation"/>
    <property name="skip.bower" value="true"/>
    <property name="sun.arch.data.model" value="64"/>
    <property name="java.vendor.url" value="http://java.oracle.com/"/>
    <property name="user.timezone" value="Europe/Paris"/>
    <property name="java.vm.specification.version" value="1.8"/>
    <property name="os.name" value="Linux"/>
    <property name="rat.skip" value="true"/>
    <property name="gpg.skip" value="true"/>
    <property name="sun.java.launcher" value="SUN_STANDARD"/>
    <property name="sun.boot.library.path" value="/usr/lib/jvm/java-8-openjdk-amd64/jre/lib/amd64"/>
    <property name="skip.gulp" value="true"/>
    <property name="sun.java.command" value="/root/workspace/apache/calcite/386224403/core/target/surefire/surefirebooter3631470873040166286.jar /root/workspace/apache/calcite/386224403/core/target/surefire 2018-05-31T17-29-29_506-jvmRun1 surefire906208646253387332tmp surefire_17591145290542824979tmp"/>
    <property name="dependency-check.skip" value="true"/>
    <property name="surefire.test.class.path" value="/root/workspace/apache/calcite/386224403/core/target/test-classes:/root/workspace/apache/calcite/386224403/core/target/classes:/root/./workspace/apache/calcite/386224403/.m2/org/apache/calcite/avatica/avatica-core/1.11.0/avatica-core-1.11.0.jar:/root/./workspace/apache/calcite/386224403/.m2/org/apache/calcite/avatica/avatica-metrics/1.11.0/avatica-metrics-1.11.0.jar:/root/./workspace/apache/calcite/386224403/.m2/com/google/protobuf/protobuf-java/3.3.0/protobuf-java-3.3.0.jar:/root/./workspace/apache/calcite/386224403/.m2/org/apache/httpcomponents/httpclient/4.5.2/httpclient-4.5.2.jar:/root/./workspace/apache/calcite/386224403/.m2/commons-codec/commons-codec/1.9/commons-codec-1.9.jar:/root/./workspace/apache/calcite/386224403/.m2/org/apache/httpcomponents/httpcore/4.4.4/httpcore-4.4.4.jar:/root/workspace/apache/calcite/386224403/linq4j/target/classes:/root/./workspace/apache/calcite/386224403/.m2/org/apache/calcite/avatica/avatica-server/1.11.0/avatica-server-1.11.0.jar:/root/./workspace/apache/calcite/386224403/.m2/javax/servlet/javax.servlet-api/3.0.1/javax.servlet-api-3.0.1.jar:/root/./workspace/apache/calcite/386224403/.m2/org/eclipse/jetty/jetty-http/9.2.19.v20160908/jetty-http-9.2.19.v20160908.jar:/root/./workspace/apache/calcite/386224403/.m2/org/eclipse/jetty/jetty-security/9.2.19.v20160908/jetty-security-9.2.19.v20160908.jar:/root/./workspace/apache/calcite/386224403/.m2/org/eclipse/jetty/jetty-server/9.2.19.v20160908/jetty-server-9.2.19.v20160908.jar:/root/./workspace/apache/calcite/386224403/.m2/org/eclipse/jetty/jetty-io/9.2.19.v20160908/jetty-io-9.2.19.v20160908.jar:/root/./workspace/apache/calcite/386224403/.m2/org/eclipse/jetty/jetty-util/9.2.19.v20160908/jetty-util-9.2.19.v20160908.jar:/root/./workspace/apache/calcite/386224403/.m2/commons-dbcp/commons-dbcp/1.4/commons-dbcp-1.4.jar:/root/./workspace/apache/calcite/386224403/.m2/commons-pool/commons-pool/1.5.4/commons-pool-1.5.4.jar:/root/./workspace/apache/calcite/386224403/.m2/org/apache/commons/commons-lang3/3.2/commons-lang3-3.2.jar:/root/./workspace/apache/calcite/386224403/.m2/com/esri/geometry/esri-geometry-api/2.0.0/esri-geometry-api-2.0.0.jar:/root/./workspace/apache/calcite/386224403/.m2/com/fasterxml/jackson/core/jackson-core/2.9.4/jackson-core-2.9.4.jar:/root/./workspace/apache/calcite/386224403/.m2/com/fasterxml/jackson/core/jackson-annotations/2.9.4/jackson-annotations-2.9.4.jar:/root/./workspace/apache/calcite/386224403/.m2/com/fasterxml/jackson/core/jackson-databind/2.9.4/jackson-databind-2.9.4.jar:/root/./workspace/apache/calcite/386224403/.m2/com/google/code/findbugs/jsr305/3.0.1/jsr305-3.0.1.jar:/root/./workspace/apache/calcite/386224403/.m2/com/google/guava/guava/19.0/guava-19.0.jar:/root/./workspace/apache/calcite/386224403/.m2/com/h2database/h2/1.4.185/h2-1.4.185.jar:/root/./workspace/apache/calcite/386224403/.m2/com/yahoo/datasketches/sketches-core/0.9.0/sketches-core-0.9.0.jar:/root/./workspace/apache/calcite/386224403/.m2/com/yahoo/datasketches/memory/0.9.0/memory-0.9.0.jar:/root/./workspace/apache/calcite/386224403/.m2/junit/junit/4.12/junit-4.12.jar:/root/./workspace/apache/calcite/386224403/.m2/mysql/mysql-connector-java/5.1.20/mysql-connector-java-5.1.20.jar:/root/./workspace/apache/calcite/386224403/.m2/net/hydromatic/aggdesigner-algorithm/6.0/aggdesigner-algorithm-6.0.jar:/root/./workspace/apache/calcite/386224403/.m2/commons-lang/commons-lang/2.4/commons-lang-2.4.jar:/root/./workspace/apache/calcite/386224403/.m2/commons-logging/commons-logging/1.1.3/commons-logging-1.1.3.jar:/root/./workspace/apache/calcite/386224403/.m2/net/hydromatic/foodmart-data-hsqldb/0.3/foodmart-data-hsqldb-0.3.jar:/root/./workspace/apache/calcite/386224403/.m2/net/hydromatic/foodmart-queries/0.4.1/foodmart-queries-0.4.1.jar:/root/./workspace/apache/calcite/386224403/.m2/net/hydromatic/quidem/0.8/quidem-0.8.jar:/root/./workspace/apache/calcite/386224403/.m2/net/hydromatic/scott-data-hsqldb/0.1/scott-data-hsqldb-0.1.jar:/root/./workspace/apache/calcite/386224403/.m2/org/codehaus/janino/janino/2.7.6/janino-2.7.6.jar:/root/./workspace/apache/calcite/386224403/.m2/org/codehaus/janino/commons-compiler/2.7.6/commons-compiler-2.7.6.jar:/root/./workspace/apache/calcite/386224403/.m2/org/hsqldb/hsqldb/2.4.0/hsqldb-2.4.0.jar:/root/./workspace/apache/calcite/386224403/.m2/org/incava/java-diff/1.1.1/java-diff-1.1.1.jar:/root/./workspace/apache/calcite/386224403/.m2/org/hamcrest/hamcrest-core/1.3/hamcrest-core-1.3.jar:/root/./workspace/apache/calcite/386224403/.m2/org/postgresql/postgresql/9.3-1102-jdbc3/postgresql-9.3-1102-jdbc3.jar:/root/./workspace/apache/calcite/386224403/.m2/org/slf4j/slf4j-api/1.7.13/slf4j-api-1.7.13.jar:/root/./workspace/apache/calcite/386224403/.m2/org/slf4j/slf4j-log4j12/1.7.13/slf4j-log4j12-1.7.13.jar:/root/./workspace/apache/calcite/386224403/.m2/log4j/log4j/1.2.17/log4j-1.2.17.jar:/root/./workspace/apache/calcite/386224403/.m2/sqlline/sqlline/1.3.0/sqlline-1.3.0.jar:/root/./workspace/apache/calcite/386224403/.m2/jline/jline/2.14.3/jline-2.14.3.jar:"/>
    <property name="sun.cpu.endian" value="little"/>
    <property name="user.home" value="/root"/>
    <property name="user.language" value="en"/>
    <property name="java.specification.vendor" value="Oracle Corporation"/>
    <property name="java.home" value="/usr/lib/jvm/java-8-openjdk-amd64/jre"/>
    <property name="basedir" value="/root/workspace/apache/calcite/386224403/core"/>
    <property name="file.separator" value="/"/>
    <property name="checkstyle.skip" value="true"/>
    <property name="line.separator" value="&#10;"/>
    <property name="skip.npm" value="true"/>
    <property name="java.vm.specification.vendor" value="Oracle Corporation"/>
    <property name="java.specification.name" value="Java Platform API Specification"/>
    <property name="java.awt.graphicsenv" value="sun.awt.X11GraphicsEnvironment"/>
    <property name="skipITs" value="true"/>
    <property name="surefire.real.class.path" value="/root/workspace/apache/calcite/386224403/core/target/surefire/surefirebooter3631470873040166286.jar"/>
    <property name="cobertura.skip" value="true"/>
    <property name="sun.boot.class.path" value="/usr/lib/jvm/java-8-openjdk-amd64/jre/lib/resources.jar:/usr/lib/jvm/java-8-openjdk-amd64/jre/lib/rt.jar:/usr/lib/jvm/java-8-openjdk-amd64/jre/lib/sunrsasign.jar:/usr/lib/jvm/java-8-openjdk-amd64/jre/lib/jsse.jar:/usr/lib/jvm/java-8-openjdk-amd64/jre/lib/jce.jar:/usr/lib/jvm/java-8-openjdk-amd64/jre/lib/charsets.jar:/usr/lib/jvm/java-8-openjdk-amd64/jre/lib/jfr.jar:/usr/lib/jvm/java-8-openjdk-amd64/jre/classes"/>
    <property name="sun.management.compiler" value="HotSpot 64-Bit Tiered Compilers"/>
    <property name="java.runtime.version" value="1.8.0_121-8u121-b13-1~bpo8+1-b13"/>
    <property name="user.name" value="root"/>
    <property name="findbugs.skip" value="true"/>
    <property name="path.separator" value=":"/>
    <property name="os.version" value="3.10.0-862.2.3.el7.x86_64"/>
    <property name="java.endorsed.dirs" value="/usr/lib/jvm/java-8-openjdk-amd64/jre/lib/endorsed"/>
    <property name="java.runtime.name" value="OpenJDK Runtime Environment"/>
    <property name="file.encoding" value="UTF-8"/>
    <property name="java.vm.name" value="OpenJDK 64-Bit Server VM"/>
    <property name="localRepository" value="/root/./workspace/apache/calcite/386224403/.m2"/>
    <property name="java.vendor.url.bug" value="http://bugreport.sun.com/bugreport/"/>
    <property name="java.io.tmpdir" value="/tmp"/>
    <property name="java.version" value="1.8.0_121"/>
    <property name="user.dir" value="/root/workspace/apache/calcite/386224403/core"/>
    <property name="os.arch" value="amd64"/>
    <property name="license.skip" value="true"/>
    <property name="java.vm.specification.name" value="Java Virtual Machine Specification"/>
    <property name="java.awt.printerjob" value="sun.print.PSPrinterJob"/>
    <property name="sun.os.patch.level" value="unknown"/>
    <property name="java.library.path" value="/usr/java/packages/lib/amd64:/usr/lib/x86_64-linux-gnu/jni:/lib/x86_64-linux-gnu:/usr/lib/x86_64-linux-gnu:/usr/lib/jni:/lib:/usr/lib"/>
    <property name="java.vm.info" value="mixed mode"/>
    <property name="java.vendor" value="Oracle Corporation"/>
    <property name="java.vm.version" value="25.121-b13"/>
    <property name="java.ext.dirs" value="/usr/lib/jvm/java-8-openjdk-amd64/jre/lib/ext:/usr/java/packages/lib/ext"/>
    <property name="sun.io.unicode.encoding" value="UnicodeLittle"/>
    <property name="maven.repo.local" value="/root/./workspace/apache/calcite/386224403/.m2"/>
    <property name="enforcer.skip" value="true"/>
    <property name="java.class.version" value="52.0"/>
  </properties>
  <testcase name="testUpdateExtendedColumnModifiableViewFailUnderlyingCollision" classname="org.apache.calcite.test.SqlValidatorTest" time="0.069"/>
  <testcase name="testStringLiteral" classname="org.apache.calcite.test.SqlValidatorTest" time="0.011"/>
  <testcase name="testValuesTypeMismatchFails" classname="org.apache.calcite.test.SqlValidatorTest" time="0.003"/>
  <testcase name="testElement" classname="org.apache.calcite.test.SqlValidatorTest" time="0.054"/>
  <testcase name="testAggregateFilterContainsAggregate" classname="org.apache.calcite.test.SqlValidatorTest" time="0.01"/>
  <testcase name="testAggregateInsideOverClause2" classname="org.apache.calcite.test.SqlValidatorTest" time="0.014"/>
  <testcase name="testRolledUpColumnInHaving" classname="org.apache.calcite.test.SqlValidatorTest" time="0.008"/>
  <testcase name="testInsertExtendedColumnModifiableViewExtendedCollision" classname="org.apache.calcite.test.SqlValidatorTest" time="0.048"/>
  <testcase name="testNotIllegalTypeFails" classname="org.apache.calcite.test.SqlValidatorTest" time="0.014"/>
  <testcase name="testNaturalJoinIncompatibleDatatype" classname="org.apache.calcite.test.SqlValidatorTest" time="0.041"/>
  <testcase name="testInsertSubsetView" classname="org.apache.calcite.test.SqlValidatorTest" time="0.021"/>
  <testcase name="testCountFunction" classname="org.apache.calcite.test.SqlValidatorTest" time="0.021"/>
  <testcase name="testStarIdentifier" classname="org.apache.calcite.test.SqlValidatorTest" time="0.006"/>
  <testcase name="testStreamJoin" classname="org.apache.calcite.test.SqlValidatorTest" time="0.025"/>
  <testcase name="testSelectExtendedColumnFailCollision" classname="org.apache.calcite.test.SqlValidatorTest" time="0.022"/>
  <testcase name="testSchemaTableStar" classname="org.apache.calcite.test.SqlValidatorTest" time="0.028"/>
  <testcase name="testSelectFailCaseSensitivity" classname="org.apache.calcite.test.SqlValidatorTest" time="0.016"/>
  <testcase name="testInsertExtendedColumnModifiableViewCollision" classname="org.apache.calcite.test.SqlValidatorTest" time="0.039"/>
  <testcase name="testWhereReference" classname="org.apache.calcite.test.SqlValidatorTest" time="0.012"/>
  <testcase name="testInsertBindViewFailExcludedColumn" classname="org.apache.calcite.test.SqlValidatorTest" time="0.024"/>
  <testcase name="testSumTooManyArgs" classname="org.apache.calcite.test.SqlValidatorTest" time="0.017"/>
  <testcase name="testInsertSubsetViewDisallowed" classname="org.apache.calcite.test.SqlValidatorTest" time="0.013"/>
  <testcase name="testJoinRowType" classname="org.apache.calcite.test.SqlValidatorTest" time="0.034"/>
  <testcase name="testDateTime" classname="org.apache.calcite.test.SqlValidatorTest" time="0.342"/>
  <testcase name="testColumnNotFoundDidYouMean" classname="org.apache.calcite.test.SqlValidatorTest" time="0.081"/>
  <testcase name="testCastBinaryLiteral" classname="org.apache.calcite.test.SqlValidatorTest" time="0.003"/>
  <testcase name="testSelectAggregateOnRolledUpColumn" classname="org.apache.calcite.test.SqlValidatorTest" time="0.061"/>
  <testcase name="testAliasInGroupBy" classname="org.apache.calcite.test.SqlValidatorTest" time="0.244"/>
  <testcase name="testInsertBindExtendedColumnModifiableView" classname="org.apache.calcite.test.SqlValidatorTest" time="0.039"/>
  <testcase name="testUnquotedBuiltInFunctionNames" classname="org.apache.calcite.test.SqlValidatorTest" time="0.142"/>
  <testcase name="testGeometry" classname="org.apache.calcite.test.SqlValidatorTest" time="0.006"/>
  <testcase name="testDeleteExtendedColumn" classname="org.apache.calcite.test.SqlValidatorTest" time="0.023"/>
  <testcase name="testMultisetSetOperators" classname="org.apache.calcite.test.SqlValidatorTest" time="0.087"/>
  <testcase name="testExtract" classname="org.apache.calcite.test.SqlValidatorTest" time="0.021"/>
  <testcase name="testUpdateExtendedColumnModifiableViewFailCollision" classname="org.apache.calcite.test.SqlValidatorTest" time="0.006"/>
  <testcase name="testTypesLiterals" classname="org.apache.calcite.test.SqlValidatorTest" time="0.069"/>
  <testcase name="testDeleteModifiableView" classname="org.apache.calcite.test.SqlValidatorTest" time="0.03"/>
  <testcase name="testStreamGroupBy" classname="org.apache.calcite.test.SqlValidatorTest" time="0.046"/>
  <testcase name="testSumInvalidArgs" classname="org.apache.calcite.test.SqlValidatorTest" time="0.006"/>
  <testcase name="testNestedFrom" classname="org.apache.calcite.test.SqlValidatorTest" time="0.023"/>
  <testcase name="testOrderGroupDistinct" classname="org.apache.calcite.test.SqlValidatorTest" time="0.067"/>
  <testcase name="testBooleans" classname="org.apache.calcite.test.SqlValidatorTest" time="0.041"/>
  <testcase name="testUpdateExtendedColumnModifiableViewCollision" classname="org.apache.calcite.test.SqlValidatorTest" time="0.036"/>
  <testcase name="testJoinUsingInvalidColsFails" classname="org.apache.calcite.test.SqlValidatorTest" time="0.006"/>
  <testcase name="testInsertBindExtendedColumn" classname="org.apache.calcite.test.SqlValidatorTest" time="0.01"/>
  <testcase name="testWindowPartial" classname="org.apache.calcite.test.SqlValidatorTest" time="0.027"/>
  <testcase name="testOverlay" classname="org.apache.calcite.test.SqlValidatorTest" time="0.023"/>
  <testcase name="testDeleteExtendedColumnFailDuplicate" classname="org.apache.calcite.test.SqlValidatorTest" time="0.009"/>
  <testcase name="testInsertSubsetViewFailNullability" classname="org.apache.calcite.test.SqlValidatorTest" time="0.031"/>
  <testcase name="testBindBetween" classname="org.apache.calcite.test.SqlValidatorTest" time="0.036"/>
  <testcase name="testRow" classname="org.apache.calcite.test.SqlValidatorTest" time="0.004"/>
  <testcase name="testJoinOnExistsCorrelated" classname="org.apache.calcite.test.SqlValidatorTest" time="0.007"/>
  <testcase name="testCaseExpression" classname="org.apache.calcite.test.SqlValidatorTest" time="0.079"/>
  <testcase name="testCollectionTableWithCursorParam" classname="org.apache.calcite.test.SqlValidatorTest" time="0.024"/>
  <testcase name="testInsertBindSubsetDisallowed" classname="org.apache.calcite.test.SqlValidatorTest" time="0.012"/>
  <testcase name="testStringCompare" classname="org.apache.calcite.test.SqlValidatorTest" time="0.071"/>
  <testcase name="testWindowFunctions2" classname="org.apache.calcite.test.SqlValidatorTest" time="0.249"/>
  <testcase name="testInsertExtendedColumnModifiableViewFailConstraint" classname="org.apache.calcite.test.SqlValidatorTest" time="0.032"/>
  <testcase name="testRollUpInWindow" classname="org.apache.calcite.test.SqlValidatorTest" time="0.041"/>
  <testcase name="testInvalidGroupBy" classname="org.apache.calcite.test.SqlValidatorTest" time="0.005"/>
  <testcase name="testSchemaTableColumnInGroupBy" classname="org.apache.calcite.test.SqlValidatorTest" time="0.022"/>
  <testcase name="testInsertSubsetFailNullability" classname="org.apache.calcite.test.SqlValidatorTest" time="0.033"/>
  <testcase name="testRewriteWithLimitWithDynamicParameters" classname="org.apache.calcite.test.SqlValidatorTest" time="0.005"/>
  <testcase name="testDeleteExtendedColumnModifiableViewFailExtendedCollision" classname="org.apache.calcite.test.SqlValidatorTest" time="0.01"/>
  <testcase name="testAnyList" classname="org.apache.calcite.test.SqlValidatorTest" time="0.111"/>
  <testcase name="testDeleteExtendedColumnModifiableViewFailCollision" classname="org.apache.calcite.test.SqlValidatorTest" time="0.02"/>
  <testcase name="testUpdateBindExtendedColumn" classname="org.apache.calcite.test.SqlValidatorTest" time="0.02"/>
  <testcase name="testDummy" classname="org.apache.calcite.test.SqlValidatorTest" time="0"/>
  <testcase name="testGroup" classname="org.apache.calcite.test.SqlValidatorTest" time="0.052"/>
  <testcase name="testLarge" classname="org.apache.calcite.test.SqlValidatorTest" time="1.631"/>
  <testcase name="testOrder" classname="org.apache.calcite.test.SqlValidatorTest" time="0.164"/>
  <testcase name="testNullCast" classname="org.apache.calcite.test.SqlValidatorTest" time="0.105"/>
  <testcase name="testWhere" classname="org.apache.calcite.test.SqlValidatorTest" time="0.007"/>
  <testcase name="testSelectViewExtendedColumnFailUnderlyingCollision" classname="org.apache.calcite.test.SqlValidatorTest" time="0.012"/>
  <testcase name="testAggregateInsideOverClause" classname="org.apache.calcite.test.SqlValidatorTest" time="0.011"/>
  <testcase name="testBind" classname="org.apache.calcite.test.SqlValidatorTest" time="0.042"/>
  <testcase name="testNull" classname="org.apache.calcite.test.SqlValidatorTest" time="0.037"/>
  <testcase name="testTrim" classname="org.apache.calcite.test.SqlValidatorTest" time="0.035"/>
  <testcase name="testWith" classname="org.apache.calcite.test.SqlValidatorTest" time="0.111"/>
  <testcase name="testInsertExtendedColumnModifiableViewFailColumnCount" classname="org.apache.calcite.test.SqlValidatorTest" time="0.036"/>
  <testcase name="testUserDefinedConformance" classname="org.apache.calcite.test.SqlValidatorTest" time="0.079"/>
  <testcase name="testLexAndQuoting" classname="org.apache.calcite.test.SqlValidatorTest" time="0.004"/>
  <testcase name="testInsertModifiableViewFailConstraint" classname="org.apache.calcite.test.SqlValidatorTest" time="0.014"/>
  <testcase name="testNestedAggOver" classname="org.apache.calcite.test.SqlValidatorTest" time="0.332"/>
  <testcase name="testFloorCeil" classname="org.apache.calcite.test.SqlValidatorTest" time="0.05"/>
  <testcase name="testWithColumnAlias" classname="org.apache.calcite.test.SqlValidatorTest" time="0.023"/>
  <testcase name="testUpdateBind" classname="org.apache.calcite.test.SqlValidatorTest" time="0.014"/>
  <testcase name="testSelectViewExtendedColumnExtendedCollision" classname="org.apache.calcite.test.SqlValidatorTest" time="0.019"/>
  <testcase name="testTableNotFoundDidYouMean" classname="org.apache.calcite.test.SqlValidatorTest" time="0.083"/>
  <testcase name="testSubstringFails" classname="org.apache.calcite.test.SqlValidatorTest" time="0.034"/>
  <testcase name="testSelectRolledUpColumn" classname="org.apache.calcite.test.SqlValidatorTest" time="0.06"/>
  <testcase name="testDeleteExtendedColumnCollision" classname="org.apache.calcite.test.SqlValidatorTest" time="0.005"/>
  <testcase name="testInvalidGroupBy2" classname="org.apache.calcite.test.SqlValidatorTest" time="0.005"/>
  <testcase name="testInvalidGroupBy3" classname="org.apache.calcite.test.SqlValidatorTest" time="0.012"/>
  <testcase name="testUnionTypeMismatchWithValuesFails" classname="org.apache.calcite.test.SqlValidatorTest" time="0.039"/>
  <testcase name="testOrdinalInGroupBy" classname="org.apache.calcite.test.SqlValidatorTest" time="0.24"/>
  <testcase name="testSelectViewExtendedColumnCollision" classname="org.apache.calcite.test.SqlValidatorTest" time="0.01"/>
  <testcase name="testArrayAssignment" classname="org.apache.calcite.test.SqlValidatorTest" time="0"/>
  <testcase name="testCorrelationJoin" classname="org.apache.calcite.test.SqlValidatorTest" time="0.012"/>
  <testcase name="testIs" classname="org.apache.calcite.test.SqlValidatorTest" time="0.047"/>
  <testcase name="testOn" classname="org.apache.calcite.test.SqlValidatorTest" time="0.004"/>
  <testcase name="testCaseInsensitiveInsert" classname="org.apache.calcite.test.SqlValidatorTest" time="0.005"/>
  <testcase name="testCubeExpression" classname="org.apache.calcite.test.SqlValidatorTest" time="0.025"/>
  <testcase name="testCoalesceFails" classname="org.apache.calcite.test.SqlValidatorTest" time="0.009"/>
  <testcase name="testInsertWithCustomInitializerExpressionFactory" classname="org.apache.calcite.test.SqlValidatorTest" time="0.027"/>
  <testcase name="testIntervalTimeUnitEnumeration" classname="org.apache.calcite.test.SqlValidatorTest" time="0"/>
  <testcase name="testTableExtend" classname="org.apache.calcite.test.SqlValidatorTest" time="0.011"/>
  <testcase name="testDeleteExtendedColumnFailCollision" classname="org.apache.calcite.test.SqlValidatorTest" time="0.016"/>
  <testcase name="testNaturalJoinWithUsing" classname="org.apache.calcite.test.SqlValidatorTest" time="0.004"/>
  <testcase name="testExplicitTable" classname="org.apache.calcite.test.SqlValidatorTest" time="0.034"/>
  <testcase name="testMonotonic" classname="org.apache.calcite.test.SqlValidatorTest" time="0.129"/>
  <testcase name="testColumnNotFound2" classname="org.apache.calcite.test.SqlValidatorTest" time="0.007"/>
  <testcase name="testColumnNotFound3" classname="org.apache.calcite.test.SqlValidatorTest" time="0.005"/>
  <testcase name="testStreamHaving" classname="org.apache.calcite.test.SqlValidatorTest" time="0.029"/>
  <testcase name="testAggregateInGroupByFails" classname="org.apache.calcite.test.SqlValidatorTest" time="0.02"/>
  <testcase name="testIntervalLiterals" classname="org.apache.calcite.test.SqlValidatorTest" time="0.942"/>
  <testcase name="testDuplicateColumnAliasIsOK" classname="org.apache.calcite.test.SqlValidatorTest" time="0.005"/>
  <testcase name="testAmbiguousDynamicStar2" classname="org.apache.calcite.test.SqlValidatorTest" time="0.007"/>
  <testcase name="testAmbiguousDynamicStar3" classname="org.apache.calcite.test.SqlValidatorTest" time="0.006"/>
  <testcase name="testAmbiguousDynamicStar4" classname="org.apache.calcite.test.SqlValidatorTest" time="0.032"/>
  <testcase name="testInsertFailExcludedColumn" classname="org.apache.calcite.test.SqlValidatorTest" time="0.009"/>
  <testcase name="testInsertExtendedColumnModifiableView" classname="org.apache.calcite.test.SqlValidatorTest" time="0.038"/>
  <testcase name="testNumericOperators" classname="org.apache.calcite.test.SqlValidatorTest" time="0.365"/>
  <testcase name="testJoinOnIn" classname="org.apache.calcite.test.SqlValidatorTest" time="0.009"/>
  <testcase name="testDeleteExtendedColumnModifiableViewCollision" classname="org.apache.calcite.test.SqlValidatorTest" time="0.063"/>
  <testcase name="testQuotedFunction" classname="org.apache.calcite.test.SqlValidatorTest" time="0.008"/>
  <testcase name="testArrayConstructor" classname="org.apache.calcite.test.SqlValidatorTest" time="0.018"/>
  <testcase name="testInsertExtendedColumnModifiableViewUnderlyingCollision" classname="org.apache.calcite.test.SqlValidatorTest" time="0.007"/>
  <testcase name="testBetween" classname="org.apache.calcite.test.SqlValidatorTest" time="0.033"/>
  <testcase name="testSubMultisetOf" classname="org.apache.calcite.test.SqlValidatorTest" time="0.023"/>
  <testcase name="testUnionNameResolution" classname="org.apache.calcite.test.SqlValidatorTest" time="0.012"/>
  <testcase name="testMinusDateOperator" classname="org.apache.calcite.test.SqlValidatorTest" time="0.016"/>
  <testcase name="testColumnNotFound" classname="org.apache.calcite.test.SqlValidatorTest" time="0.006"/>
  <testcase name="testAmbiguousDynamicStar" classname="org.apache.calcite.test.SqlValidatorTest" time="0.007"/>
  <testcase name="testCaseInsensitiveTables" classname="org.apache.calcite.test.SqlValidatorTest" time="0.038"/>
  <testcase name="testWindowClause" classname="org.apache.calcite.test.SqlValidatorTest" time="0.15"/>
  <testcase name="testInvalidWindowFunctionWithGroupBy" classname="org.apache.calcite.test.SqlValidatorTest" time="0.028"/>
  <testcase name="testUnionCountMismatcWithValuesFails" classname="org.apache.calcite.test.SqlValidatorTest" time="0.027"/>
  <testcase name="testWithOrderInParentheses" classname="org.apache.calcite.test.SqlValidatorTest" time="0.022"/>
  <testcase name="testUpdateModifiableViewFailConstraint" classname="org.apache.calcite.test.SqlValidatorTest" time="0.025"/>
  <testcase name="testLateral" classname="org.apache.calcite.test.SqlValidatorTest" time="0.025"/>
  <testcase name="testJoinOnScalarCorrelated" classname="org.apache.calcite.test.SqlValidatorTest" time="0.005"/>
  <testcase name="testFieldOrigin" classname="org.apache.calcite.test.SqlValidatorTest" time="0.009"/>
  <testcase name="testWindowFunctionsWithoutOver" classname="org.apache.calcite.test.SqlValidatorTest" time="0.025"/>
  <testcase name="testGroupBySystemFunction" classname="org.apache.calcite.test.SqlValidatorTest" time="0.025"/>
  <testcase name="testStreamTumble" classname="org.apache.calcite.test.SqlValidatorTest" time="0.102"/>
  <testcase name="testAggregateFilter" classname="org.apache.calcite.test.SqlValidatorTest" time="0.005"/>
  <testcase name="testDoubleNoAlias" classname="org.apache.calcite.test.SqlValidatorTest" time="0.016"/>
  <testcase name="testGroupExpressionEquivalence" classname="org.apache.calcite.test.SqlValidatorTest" time="0.046"/>
  <testcase name="testSelectViewFailExcludedColumn" classname="org.apache.calcite.test.SqlValidatorTest" time="0.004"/>
  <testcase name="testHavingBetween" classname="org.apache.calcite.test.SqlValidatorTest" time="0.026"/>
  <testcase name="testStreamValues" classname="org.apache.calcite.test.SqlValidatorTest" time="0.014"/>
  <testcase name="testLexJava" classname="org.apache.calcite.test.SqlValidatorTest" time="0.056"/>
  <testcase name="testArithmeticOperatorsFails" classname="org.apache.calcite.test.SqlValidatorTest" time="0.032"/>
  <testcase name="testInsertExtendedColumnModifiableViewFailExtendedCollision" classname="org.apache.calcite.test.SqlValidatorTest" time="0.019"/>
  <testcase name="testOrderDistinct" classname="org.apache.calcite.test.SqlValidatorTest" time="0.092"/>
  <testcase name="testCrossJoinUsingFails" classname="org.apache.calcite.test.SqlValidatorTest" time="0.004"/>
  <testcase name="testBinaryStringFails" classname="org.apache.calcite.test.SqlValidatorTest" time="0.025"/>
  <testcase name="testRewriteWithLimitWithoutOrderBy" classname="org.apache.calcite.test.SqlValidatorTest" time="0.004"/>
  <testcase name="testCastToInterval" classname="org.apache.calcite.test.SqlValidatorTest" time="0.066"/>
  <testcase name="testCoalesce" classname="org.apache.calcite.test.SqlValidatorTest" time="0.008"/>
  <testcase name="testJdbcFunctionCall" classname="org.apache.calcite.test.SqlValidatorTest" time="0.059"/>
  <testcase name="testExpandStar" classname="org.apache.calcite.test.SqlValidatorTest" time="0.048"/>
  <testcase name="testUpdateExtendedColumnModifiableView" classname="org.apache.calcite.test.SqlValidatorTest" time="0.048"/>
  <testcase name="testInsertModifiableViewPassConstraint" classname="org.apache.calcite.test.SqlValidatorTest" time="0.061"/>
  <testcase name="testMultipleSameAsPass" classname="org.apache.calcite.test.SqlValidatorTest" time="0.014"/>
  <testcase name="testCollectionTableWithLateral2" classname="org.apache.calcite.test.SqlValidatorTest" time="0.045"/>
  <testcase name="testLeftOuterJoinWithAlias" classname="org.apache.calcite.test.SqlValidatorTest" time="0.032"/>
  <testcase name="testStringLiteralBroken" classname="org.apache.calcite.test.SqlValidatorTest" time="0.029"/>
  <testcase name="testTimestampAddAndDiff" classname="org.apache.calcite.test.SqlValidatorTest" time="0.212"/>
  <testcase name="testInsertSubsetWithCustomInitializerExpressionFactory" classname="org.apache.calcite.test.SqlValidatorTest" time="0.017"/>
  <testcase name="testGroupId" classname="org.apache.calcite.test.SqlValidatorTest" time="0.099"/>
  <testcase name="testOverInOrderBy" classname="org.apache.calcite.test.SqlValidatorTest" time="0.018"/>
  <testcase name="testLikeAndSimilar" classname="org.apache.calcite.test.SqlValidatorTest" time="0.029"/>
  <testcase name="testRollUpInJoin" classname="org.apache.calcite.test.SqlValidatorTest" time="0.018"/>
  <testcase name="testRewriteWithIdentifierExpansion" classname="org.apache.calcite.test.SqlValidatorTest" time="0.005"/>
  <testcase name="testCharLength" classname="org.apache.calcite.test.SqlValidatorTest" time="0.025"/>
  <testcase name="testInvalidFunction" classname="org.apache.calcite.test.SqlValidatorTest" time="0.01"/>
  <testcase name="testInsertViewFailNullability" classname="org.apache.calcite.test.SqlValidatorTest" time="0.011"/>
  <testcase name="testGroupExpressionEquivalenceLiteral" classname="org.apache.calcite.test.SqlValidatorTest" time="0.042"/>
  <testcase name="testUpdateBindExtendedColumnModifiableView" classname="org.apache.calcite.test.SqlValidatorTest" time="0.027"/>
  <testcase name="testSelectDistinct" classname="org.apache.calcite.test.SqlValidatorTest" time="0.095"/>
  <testcase name="testCastRegisteredType" classname="org.apache.calcite.test.SqlValidatorTest" time="0.013"/>
  <testcase name="testCaseInsensitive" classname="org.apache.calcite.test.SqlValidatorTest" time="0.067"/>
  <testcase name="testOrderGroup" classname="org.apache.calcite.test.SqlValidatorTest" time="0.07"/>
  <testcase name="testRecordType" classname="org.apache.calcite.test.SqlValidatorTest" time="0.013"/>
  <testcase name="testOrderUnion" classname="org.apache.calcite.test.SqlValidatorTest" time="0.049"/>
  <testcase name="testTypeOfAs" classname="org.apache.calcite.test.SqlValidatorTest" time="0.018"/>
  <testcase name="testWindowClauseWithSubQuery" classname="org.apache.calcite.test.SqlValidatorTest" time="0.041"/>
  <testcase name="unnestMapMustNameColumnsKeyAndValueWhenNotAliased" classname="org.apache.calcite.test.SqlValidatorTest" time="0.005"/>
  <testcase name="testStreamSession" classname="org.apache.calcite.test.SqlValidatorTest" time="0.007"/>
  <testcase name="testArithmeticOperators" classname="org.apache.calcite.test.SqlValidatorTest" time="0.057"/>
  <testcase name="testAsColumnList" classname="org.apache.calcite.test.SqlValidatorTest" time="0.022"/>
  <testcase name="testMemberOf" classname="org.apache.calcite.test.SqlValidatorTest" time="0.009"/>
  <testcase name="testInsertBindSubset" classname="org.apache.calcite.test.SqlValidatorTest" time="0.162"/>
  <testcase name="testInsertBindFailNullability" classname="org.apache.calcite.test.SqlValidatorTest" time="0.014"/>
  <testcase name="testSelectExtendedColumnDuplicate" classname="org.apache.calcite.test.SqlValidatorTest" time="0.027"/>
  <testcase name="testMinMaxFunctions" classname="org.apache.calcite.test.SqlValidatorTest" time="0.046"/>
  <testcase name="testCrossJoinOnFails" classname="org.apache.calcite.test.SqlValidatorTest" time="0.004"/>
  <testcase name="testInsertFailDataType" classname="org.apache.calcite.test.SqlValidatorTest" time="0.036"/>
  <testcase name="testInsertShouldNotCheckForDefaultValue" classname="org.apache.calcite.test.SqlValidatorTest" time="0.044"/>
  <testcase name="testInsertFailCaseSensitivity" classname="org.apache.calcite.test.SqlValidatorTest" time="0.035"/>
  <testcase name="testConcatWithCharset" classname="org.apache.calcite.test.SqlValidatorTest" time="0.023"/>
  <testcase name="testWindowClause2" classname="org.apache.calcite.test.SqlValidatorTest" time="0.004"/>
  <testcase name="testUpdateFailDataType" classname="org.apache.calcite.test.SqlValidatorTest" time="0">
    <skipped message="CALCITE-1727"/>
  </testcase>
  <testcase name="testContains" classname="org.apache.calcite.test.SqlValidatorTest" time="0.118"/>
  <testcase name="testTrimFails" classname="org.apache.calcite.test.SqlValidatorTest" time="0.011"/>
  <testcase name="testJoinUsing" classname="org.apache.calcite.test.SqlValidatorTest" time="0.048"/>
  <testcase name="testUpdateExtendedColumnCollision" classname="org.apache.calcite.test.SqlValidatorTest" time="0.006"/>
  <testcase name="testCardinality" classname="org.apache.calcite.test.SqlValidatorTest" time="0.015"/>
  <testcase name="testSelectViewExtendedColumnUnderlyingCollision" classname="org.apache.calcite.test.SqlValidatorTest" time="0.021"/>
  <testcase name="testRecordTypeElided" classname="org.apache.calcite.test.SqlValidatorTest" time="0.033"/>
  <testcase name="testStreamUnionAll" classname="org.apache.calcite.test.SqlValidatorTest" time="0.021"/>
  <testcase name="testInsertBind" classname="org.apache.calcite.test.SqlValidatorTest" time="0.104"/>
  <testcase name="testInsertView" classname="org.apache.calcite.test.SqlValidatorTest" time="0.007"/>
  <testcase name="testJoinOnScalarFails" classname="org.apache.calcite.test.SqlValidatorTest" time="0.005"/>
  <testcase name="testConcatFails" classname="org.apache.calcite.test.SqlValidatorTest" time="0.005"/>
  <testcase name="testUnnestArrayColumn" classname="org.apache.calcite.test.SqlValidatorTest" time="0.013"/>
  <testcase name="testCollectionTableWithLateral" classname="org.apache.calcite.test.SqlValidatorTest" time="0.038"/>
  <testcase name="testOrderJoin" classname="org.apache.calcite.test.SqlValidatorTest" time="0.004"/>
  <testcase name="testWindowNegative" classname="org.apache.calcite.test.SqlValidatorTest" time="0.06"/>
  <testcase name="testDeleteExtendedColumnModifiableView" classname="org.apache.calcite.test.SqlValidatorTest" time="0.012"/>
  <testcase name="testUpdateModifiableViewPassConstraint" classname="org.apache.calcite.test.SqlValidatorTest" time="0.021"/>
  <testcase name="testAndOrIllegalTypesFails" classname="org.apache.calcite.test.SqlValidatorTest" time="0.018"/>
  <testcase name="testJoinUsingIncompatibleDatatype" classname="org.apache.calcite.test.SqlValidatorTest" time="0.011"/>
  <testcase name="testStreamHop" classname="org.apache.calcite.test.SqlValidatorTest" time="0.033"/>
  <testcase name="testNaturalJoinWithOnFails" classname="org.apache.calcite.test.SqlValidatorTest" time="0.006"/>
  <testcase name="testScalarsFails" classname="org.apache.calcite.test.SqlValidatorTest" time="0.005"/>
  <testcase name="testCaseExpressionFails" classname="org.apache.calcite.test.SqlValidatorTest" time="0.017"/>
  <testcase name="testCaseExpressionTypes" classname="org.apache.calcite.test.SqlValidatorTest" time="0.058"/>
  <testcase name="testCoalesceWithRewrite" classname="org.apache.calcite.test.SqlValidatorTest" time="0.004"/>
  <testcase name="testUnnestArray" classname="org.apache.calcite.test.SqlValidatorTest" time="0.102"/>
  <testcase name="testOrderByColumn" classname="org.apache.calcite.test.SqlValidatorTest" time="0.054"/>
  <testcase name="testRollUpInOrderBy" classname="org.apache.calcite.test.SqlValidatorTest" time="0.014"/>
  <testcase name="testWithOrderAgg" classname="org.apache.calcite.test.SqlValidatorTest" time="0.037"/>
  <testcase name="testNameResolutionInValuesClause" classname="org.apache.calcite.test.SqlValidatorTest" time="0.05"/>
  <testcase name="testAggregateInOrderByFails" classname="org.apache.calcite.test.SqlValidatorTest" time="0.018"/>
  <testcase name="testRewriteWithOffsetWithoutOrderBy" classname="org.apache.calcite.test.SqlValidatorTest" time="0.005"/>
  <testcase name="testUpdateExtendedColumnModifiableViewFailConstraint" classname="org.apache.calcite.test.SqlValidatorTest" time="0.014"/>
  <testcase name="testCaseInsensitiveSubQuery" classname="org.apache.calcite.test.SqlValidatorTest" time="0.025"/>
  <testcase name="testCollect" classname="org.apache.calcite.test.SqlValidatorTest" time="0.018"/>
  <testcase name="testGroupingId" classname="org.apache.calcite.test.SqlValidatorTest" time="0.205"/>
  <testcase name="testInsertFailNullability" classname="org.apache.calcite.test.SqlValidatorTest" time="0.016"/>
  <testcase name="testFunctionalDistinct" classname="org.apache.calcite.test.SqlValidatorTest" time="0.008"/>
  <testcase name="testInsertExtendedColumnModifiableViewFailUnderlyingCollision" classname="org.apache.calcite.test.SqlValidatorTest" time="0.032"/>
  <testcase name="testSumTooFewArgs" classname="org.apache.calcite.test.SqlValidatorTest" time="0.004"/>
  <testcase name="testArrayOfRecordType" classname="org.apache.calcite.test.SqlValidatorTest" time="0.02"/>
  <testcase name="testOneWinFunc" classname="org.apache.calcite.test.SqlValidatorTest" time="0.005"/>
  <testcase name="testAliasInHaving" classname="org.apache.calcite.test.SqlValidatorTest" time="0.111"/>
  <testcase name="testCaseInsensitiveTableAliasInGroupBy" classname="org.apache.calcite.test.SqlValidatorTest" time="0.036"/>
  <testcase name="testBrackets" classname="org.apache.calcite.test.SqlValidatorTest" time="0.037"/>
  <testcase name="testLastFunction" classname="org.apache.calcite.test.SqlValidatorTest" time="0.019"/>
  <testcase name="testUpdateExtendedColumnFailCaseSensitivity" classname="org.apache.calcite.test.SqlValidatorTest" time="0.009"/>
  <testcase name="testNaturalCrossJoinFails" classname="org.apache.calcite.test.SqlValidatorTest" time="0.005"/>
  <testcase name="testMultisetConstructor" classname="org.apache.calcite.test.SqlValidatorTest" time="0.006"/>
  <testcase name="testSelectExtendedColumnCollision" classname="org.apache.calcite.test.SqlValidatorTest" time="0.017"/>
  <testcase name="testCubeBitSets" classname="org.apache.calcite.test.SqlValidatorTest" time="0"/>
  <testcase name="testIntervalMillisConversion" classname="org.apache.calcite.test.SqlValidatorTest" time="0.059"/>
  <testcase name="testRolledUpColumnInWhere" classname="org.apache.calcite.test.SqlValidatorTest" time="0.01"/>
  <testcase name="testAmbiguousColumn" classname="org.apache.calcite.test.SqlValidatorTest" time="0.064"/>
  <testcase name="testJoinOnInCorrelated" classname="org.apache.calcite.test.SqlValidatorTest" time="0.006"/>
  <testcase name="testDeleteBindExtendedColumn" classname="org.apache.calcite.test.SqlValidatorTest" time="0.01"/>
  <testcase name="testCustomColumnResolving" classname="org.apache.calcite.test.SqlValidatorTest" time="0.19"/>
  <testcase name="testUpdateExtendedColumnFailDuplicate" classname="org.apache.calcite.test.SqlValidatorTest" time="0.01"/>
  <testcase name="testCollectionTable" classname="org.apache.calcite.test.SqlValidatorTest" time="0.014"/>
  <testcase name="testLexJavaKeyword" classname="org.apache.calcite.test.SqlValidatorTest" time="0.062"/>
  <testcase name="testEqualNotEqualFails" classname="org.apache.calcite.test.SqlValidatorTest" time="0.055"/>
  <testcase name="testUnnestWithOrdinality" classname="org.apache.calcite.test.SqlValidatorTest" time="0.079"/>
  <testcase name="testUpdateExtendedColumnFailCollision2" classname="org.apache.calcite.test.SqlValidatorTest" time="0">
    <skipped message="CALCITE-1727"/>
  </testcase>
  <testcase name="testStreamWhere" classname="org.apache.calcite.test.SqlValidatorTest" time="0.026"/>
  <testcase name="testGroupingSets" classname="org.apache.calcite.test.SqlValidatorTest" time="0.015"/>
  <testcase name="testFromReferenceFails" classname="org.apache.calcite.test.SqlValidatorTest" time="0.018"/>
  <testcase name="testInsertExtendedColumn" classname="org.apache.calcite.test.SqlValidatorTest" time="0.029"/>
  <testcase name="testRowtype" classname="org.apache.calcite.test.SqlValidatorTest" time="0.02"/>
  <testcase name="testInsertBindView" classname="org.apache.calcite.test.SqlValidatorTest" time="0.012"/>
  <testcase name="testBinaryString" classname="org.apache.calcite.test.SqlValidatorTest" time="0.007"/>
  <testcase name="testInsertModifiableView" classname="org.apache.calcite.test.SqlValidatorTest" time="0.023"/>
  <testcase name="testDeleteBind" classname="org.apache.calcite.test.SqlValidatorTest" time="0.012"/>
  <testcase name="testStructuredTypes" classname="org.apache.calcite.test.SqlValidatorTest" time="0.018"/>
  <testcase name="testCountCompositeFunction" classname="org.apache.calcite.test.SqlValidatorTest" time="0.033"/>
  <testcase name="testScalarSubQuery" classname="org.apache.calcite.test.SqlValidatorTest" time="0.036"/>
  <testcase name="testAbstractConformance" classname="org.apache.calcite.test.SqlValidatorTest" time="0.002"/>
  <testcase name="testUnionTypeMismatchFails" classname="org.apache.calcite.test.SqlValidatorTest" time="0.011"/>
  <testcase name="testNonLocalStar" classname="org.apache.calcite.test.SqlValidatorTest" time="0.007"/>
  <testcase name="testInsertWithExtendedColumns" classname="org.apache.calcite.test.SqlValidatorTest" time="0.118"/>
  <testcase name="testInsertExtendedColumnFailDuplicate" classname="org.apache.calcite.test.SqlValidatorTest" time="0.028"/>
  <testcase name="testInSubQuery" classname="org.apache.calcite.test.SqlValidatorTest" time="0.019"/>
  <testcase name="testCustomColumnResolvingWithView" classname="org.apache.calcite.test.SqlValidatorTest" time="0.172"/>
  <testcase name="testUpdateFailCaseSensitivity" classname="org.apache.calcite.test.SqlValidatorTest" time="0">
    <skipped message="CALCITE-1727"/>
  </testcase>
  <testcase name="testStreamOrderBy" classname="org.apache.calcite.test.SqlValidatorTest" time="0.046"/>
  <testcase name="testCaseInsensitiveTableAlias" classname="org.apache.calcite.test.SqlValidatorTest" time="0.015"/>
  <testcase name="testSubstring" classname="org.apache.calcite.test.SqlValidatorTest" time="0.099"/>
  <testcase name="testCorrelatingVariables" classname="org.apache.calcite.test.SqlValidatorTest" time="0.012"/>
  <testcase name="testNaturalJoinCaseSensitive" classname="org.apache.calcite.test.SqlValidatorTest" time="0.049"/>
  <testcase name="testJoinUsingThreeWay" classname="org.apache.calcite.test.SqlValidatorTest" time="0.026"/>
  <testcase name="testGroupAgg" classname="org.apache.calcite.test.SqlValidatorTest" time="0.007"/>
  <testcase name="testGrouping" classname="org.apache.calcite.test.SqlValidatorTest" time="0.094"/>
  <testcase name="testOverlaps" classname="org.apache.calcite.test.SqlValidatorTest" time="0.235"/>
  <testcase name="testConcat" classname="org.apache.calcite.test.SqlValidatorTest" time="0.051"/>
  <testcase name="testJoinOnInCorrelatedFails" classname="org.apache.calcite.test.SqlValidatorTest" time="0.005"/>
  <testcase name="testDelete" classname="org.apache.calcite.test.SqlValidatorTest" time="0.007"/>
  <testcase name="testSubQueryInOnClause" classname="org.apache.calcite.test.SqlValidatorTest" time="0">
    <skipped message="not supported"/>
  </testcase>
  <testcase name="testFusion" classname="org.apache.calcite.test.SqlValidatorTest" time="0.009"/>
  <testcase name="testMultiset" classname="org.apache.calcite.test.SqlValidatorTest" time="0.066"/>
  <testcase name="testSelectViewExtendedColumnFailCollision" classname="org.apache.calcite.test.SqlValidatorTest" time="0.01"/>
  <testcase name="testHaving" classname="org.apache.calcite.test.SqlValidatorTest" time="0.04"/>
  <testcase name="testRewriteWithColumnReferenceExpansionAndFromAlias" classname="org.apache.calcite.test.SqlValidatorTest" time="0.008"/>
  <testcase name="testInnerJoinWithoutUsingOrOnFails" classname="org.apache.calcite.test.SqlValidatorTest" time="0.005"/>
  <testcase name="testInList" classname="org.apache.calcite.test.SqlValidatorTest" time="0.117"/>
  <testcase name="testInsert" classname="org.apache.calcite.test.SqlValidatorTest" time="0.072"/>
  <testcase name="testIsASet" classname="org.apache.calcite.test.SqlValidatorTest" time="0.012"/>
  <testcase name="testGroupExpressionEquivalenceId" classname="org.apache.calcite.test.SqlValidatorTest" time="0.025"/>
  <testcase name="testInsertSubsetDisallowed" classname="org.apache.calcite.test.SqlValidatorTest" time="0.014"/>
  <testcase name="testWithSubQuery" classname="org.apache.calcite.test.SqlValidatorTest" time="0.052"/>
  <testcase name="testPosition" classname="org.apache.calcite.test.SqlValidatorTest" time="0.051"/>
  <testcase name="testAggregateInNonGroupBy" classname="org.apache.calcite.test.SqlValidatorTest" time="0.03"/>
  <testcase name="testInsertExtendedColumnCollision" classname="org.apache.calcite.test.SqlValidatorTest" time="0.006"/>
  <testcase name="testDateCompare" classname="org.apache.calcite.test.SqlValidatorTest" time="0.095"/>
  <testcase name="testRewriteWithoutIdentifierExpansion" classname="org.apache.calcite.test.SqlValidatorTest" time="0.003"/>
  <testcase name="testAggregateFunctionInOver" classname="org.apache.calcite.test.SqlValidatorTest" time="0.012"/>
  <testcase name="testScalars" classname="org.apache.calcite.test.SqlValidatorTest" time="0.057"/>
  <testcase name="testInlineWinDef" classname="org.apache.calcite.test.SqlValidatorTest" time="0.145"/>
  <testcase name="testInsertBindSubsetFailNullability" classname="org.apache.calcite.test.SqlValidatorTest" time="0.073"/>
  <testcase name="testUpdateExtendedColumnFailCollision" classname="org.apache.calcite.test.SqlValidatorTest" time="0.005"/>
  <testcase name="testUnionCountMismatchFails" classname="org.apache.calcite.test.SqlValidatorTest" time="0.006"/>
  <testcase name="testWithOrder" classname="org.apache.calcite.test.SqlValidatorTest" time="0.05"/>
  <testcase name="testSchemaTableColumn" classname="org.apache.calcite.test.SqlValidatorTest" time="0.057"/>
  <testcase name="testPartitionByExpr" classname="org.apache.calcite.test.SqlValidatorTest" time="0.01"/>
  <testcase name="testWithUnion" classname="org.apache.calcite.test.SqlValidatorTest" time="0.007"/>
  <testcase name="testSelectWithoutFrom" classname="org.apache.calcite.test.SqlValidatorTest" time="0.015"/>
  <testcase name="testGroupByCorrelatedColumn" classname="org.apache.calcite.test.SqlValidatorTest" time="0.006"/>
  <testcase name="testNullIf" classname="org.apache.calcite.test.SqlValidatorTest" time="0.032"/>
  <testcase name="testOperatorsSortedByPrecedence" classname="org.apache.calcite.test.SqlValidatorTest" time="0.031"/>
  <testcase name="testInsertBindWithCustomColumnResolving" classname="org.apache.calcite.test.SqlValidatorTest" time="0.094"/>
  <testcase name="testDynamicStar2" classname="org.apache.calcite.test.SqlValidatorTest" time="0.008"/>
  <testcase name="testStarInFromFails" classname="org.apache.calcite.test.SqlValidatorTest" time="0.021"/>
  <testcase name="testPrefix" classname="org.apache.calcite.test.SqlValidatorTest" time="0.021"/>
  <testcase name="testDateTimeCast" classname="org.apache.calcite.test.SqlValidatorTest" time="0.032"/>
  <testcase name="testInsertBindWithCustomInitializerExpressionFactory" classname="org.apache.calcite.test.SqlValidatorTest" time="0.061"/>
  <testcase name="testIsFails" classname="org.apache.calcite.test.SqlValidatorTest" time="0.017"/>
  <testcase name="testInsertSubsetModifiableView" classname="org.apache.calcite.test.SqlValidatorTest" time="0.015"/>
  <testcase name="testRollup" classname="org.apache.calcite.test.SqlValidatorTest" time="0.037"/>
  <testcase name="testIntervalOperators" classname="org.apache.calcite.test.SqlValidatorTest" time="0.107"/>
  <testcase name="testSample" classname="org.apache.calcite.test.SqlValidatorTest" time="0.094"/>
  <testcase name="testJoinUsingDupColsFails" classname="org.apache.calcite.test.SqlValidatorTest" time="0.006"/>
  <testcase name="testInsertExtendedColumnModifiableViewFailCollision" classname="org.apache.calcite.test.SqlValidatorTest" time="0.014"/>
  <testcase name="testStandardOperatorNamesAreUpperCase" classname="org.apache.calcite.test.SqlValidatorTest" time="0.006"/>
  <testcase name="testStream" classname="org.apache.calcite.test.SqlValidatorTest" time="0.01"/>
  <testcase name="testCastFails" classname="org.apache.calcite.test.SqlValidatorTest" time="0.036"/>
  <testcase name="testSelectViewExtendedColumnFailExtendedCollision" classname="org.apache.calcite.test.SqlValidatorTest" time="0.008"/>
  <testcase name="testWindowFunctions" classname="org.apache.calcite.test.SqlValidatorTest" time="0.023"/>
  <testcase name="testCubeGrouping" classname="org.apache.calcite.test.SqlValidatorTest" time="0.01"/>
  <testcase name="testUpdateExtendedColumn" classname="org.apache.calcite.test.SqlValidatorTest" time="0.024"/>
  <testcase name="testSingleNoAlias" classname="org.apache.calcite.test.SqlValidatorTest" time="0.004"/>
  <testcase name="testRewriteWithColumnReferenceExpansion" classname="org.apache.calcite.test.SqlValidatorTest" time="0.006"/>
  <testcase name="testUnnest" classname="org.apache.calcite.test.SqlValidatorTest" time="0.039"/>
  <testcase name="testDuplicateTableAliasFails" classname="org.apache.calcite.test.SqlValidatorTest" time="0.056"/>
  <testcase name="testInsertSubset" classname="org.apache.calcite.test.SqlValidatorTest" time="0.022"/>
  <testcase name="testJoinSubQuery" classname="org.apache.calcite.test.SqlValidatorTest" time="0">
    <skipped message="bug: should fail if sub-query does not have alias"/>
  </testcase>
  <testcase name="testInsertExtendedColumnFailCollision" classname="org.apache.calcite.test.SqlValidatorTest" time="0.036"/>
  <testcase name="testTranslate3" classname="org.apache.calcite.test.SqlValidatorTest" time="0.019"/>
  <testcase name="testObscuredAliasFails" classname="org.apache.calcite.test.SqlValidatorTest" time="0.006"/>
  <testcase name="testRollupBitSets" classname="org.apache.calcite.test.SqlValidatorTest" time="0"/>
  <testcase name="testPartitionByColumnInJoinAlias" classname="org.apache.calcite.test.SqlValidatorTest" time="0.027"/>
  <testcase name="testNestedAggFails" classname="org.apache.calcite.test.SqlValidatorTest" time="0.027"/>
  <testcase name="testUpperLower" classname="org.apache.calcite.test.SqlValidatorTest" time="0.017"/>
  <testcase name="testMultipleDifferentAs" classname="org.apache.calcite.test.SqlValidatorTest" time="0.002"/>
  <testcase name="testNumbers" classname="org.apache.calcite.test.SqlValidatorTest" time="0.004"/>
  <testcase name="testAggregateFilterNotBoolean" classname="org.apache.calcite.test.SqlValidatorTest" time="0.003"/>
  <testcase name="testStringCompareType" classname="org.apache.calcite.test.SqlValidatorTest" time="0.031"/>
  <testcase name="testCoalesceWithoutRewrite" classname="org.apache.calcite.test.SqlValidatorTest" time="0.009"/>
  <testcase name="testUpdateExtendedColumnModifiableViewFailExtendedCollision" classname="org.apache.calcite.test.SqlValidatorTest" time="0.005"/>
  <testcase name="testCharsetMismatch" classname="org.apache.calcite.test.SqlValidatorTest" time="0.023"/>
  <testcase name="testOverInPartitionBy" classname="org.apache.calcite.test.SqlValidatorTest" time="0.013"/>
  <testcase name="testGroupExpressionEquivalenceStringLiteral" classname="org.apache.calcite.test.SqlValidatorTest" time="0.01"/>
  <testcase name="testInsertBindSubsetWithCustomInitializerExpressionFactory" classname="org.apache.calcite.test.SqlValidatorTest" time="0.015"/>
  <testcase name="testUnionTypeMismatchWithStarFails" classname="org.apache.calcite.test.SqlValidatorTest" time="0.009"/>
  <testcase name="testRollUpInGroupBy" classname="org.apache.calcite.test.SqlValidatorTest" time="0.019"/>
  <testcase name="testAggregateFilterInHaving" classname="org.apache.calcite.test.SqlValidatorTest" time="0.006"/>
  <testcase name="testRewriteWithUnionFetchWithoutOrderBy" classname="org.apache.calcite.test.SqlValidatorTest" time="0.009"/>
  <testcase name="testIntervalMonthsConversion" classname="org.apache.calcite.test.SqlValidatorTest" time="0.013"/>
  <testcase name="testStarAliasFails" classname="org.apache.calcite.test.SqlValidatorTest" time="0.004"/>
  <testcase name="testEqualNotEqual" classname="org.apache.calcite.test.SqlValidatorTest" time="0.109"/>
  <testcase name="testStarDotIdFails" classname="org.apache.calcite.test.SqlValidatorTest" time="0.01"/>
  <testcase name="testCastTypeToType" classname="org.apache.calcite.test.SqlValidatorTest" time="0.101"/>
  <testcase name="testIntervalCompare" classname="org.apache.calcite.test.SqlValidatorTest" time="0.045"/>
</testsuite>