<?xml version="1.0" encoding="UTF-8"?>
<testsuite xmlns:xsi="http://www.w3.org/2001/XMLSchema-instance" xsi:noNamespaceSchemaLocation="https://maven.apache.org/surefire/maven-surefire-plugin/xsd/surefire-test-report.xsd" name="org.apache.calcite.test.MaterializationTest" time="169.011" tests="130" errors="0" skipped="17" failures="0">
  <properties>
    <property name="awt.toolkit" value="sun.awt.X11.XToolkit"/>
    <property name="hsqldb.reconfig_logging" value="false"/>
    <property name="file.encoding.pkg" value="sun.io"/>
    <property name="java.specification.version" value="1.8"/>
    <property name="sun.cpu.isalist" value=""/>
    <property name="sun.jnu.encoding" value="UTF-8"/>
    <property name="java.class.path" value="/root/workspace/apache/calcite/385430900/core/target/test-classes:/root/workspace/apache/calcite/385430900/core/target/classes:/root/./workspace/apache/calcite/385430900/.m2/org/apache/calcite/avatica/avatica-core/1.11.0/avatica-core-1.11.0.jar:/root/./workspace/apache/calcite/385430900/.m2/org/apache/calcite/avatica/avatica-metrics/1.11.0/avatica-metrics-1.11.0.jar:/root/./workspace/apache/calcite/385430900/.m2/com/google/protobuf/protobuf-java/3.3.0/protobuf-java-3.3.0.jar:/root/./workspace/apache/calcite/385430900/.m2/org/apache/httpcomponents/httpclient/4.5.2/httpclient-4.5.2.jar:/root/./workspace/apache/calcite/385430900/.m2/commons-codec/commons-codec/1.9/commons-codec-1.9.jar:/root/./workspace/apache/calcite/385430900/.m2/org/apache/httpcomponents/httpcore/4.4.4/httpcore-4.4.4.jar:/root/workspace/apache/calcite/385430900/linq4j/target/classes:/root/./workspace/apache/calcite/385430900/.m2/org/apache/calcite/avatica/avatica-server/1.11.0/avatica-server-1.11.0.jar:/root/./workspace/apache/calcite/385430900/.m2/javax/servlet/javax.servlet-api/3.0.1/javax.servlet-api-3.0.1.jar:/root/./workspace/apache/calcite/385430900/.m2/org/eclipse/jetty/jetty-http/9.2.19.v20160908/jetty-http-9.2.19.v20160908.jar:/root/./workspace/apache/calcite/385430900/.m2/org/eclipse/jetty/jetty-security/9.2.19.v20160908/jetty-security-9.2.19.v20160908.jar:/root/./workspace/apache/calcite/385430900/.m2/org/eclipse/jetty/jetty-server/9.2.19.v20160908/jetty-server-9.2.19.v20160908.jar:/root/./workspace/apache/calcite/385430900/.m2/org/eclipse/jetty/jetty-io/9.2.19.v20160908/jetty-io-9.2.19.v20160908.jar:/root/./workspace/apache/calcite/385430900/.m2/org/eclipse/jetty/jetty-util/9.2.19.v20160908/jetty-util-9.2.19.v20160908.jar:/root/./workspace/apache/calcite/385430900/.m2/commons-dbcp/commons-dbcp/1.4/commons-dbcp-1.4.jar:/root/./workspace/apache/calcite/385430900/.m2/commons-pool/commons-pool/1.5.4/commons-pool-1.5.4.jar:/root/./workspace/apache/calcite/385430900/.m2/org/apache/commons/commons-lang3/3.2/commons-lang3-3.2.jar:/root/./workspace/apache/calcite/385430900/.m2/com/esri/geometry/esri-geometry-api/2.0.0/esri-geometry-api-2.0.0.jar:/root/./workspace/apache/calcite/385430900/.m2/com/fasterxml/jackson/core/jackson-core/2.9.4/jackson-core-2.9.4.jar:/root/./workspace/apache/calcite/385430900/.m2/com/fasterxml/jackson/core/jackson-annotations/2.9.4/jackson-annotations-2.9.4.jar:/root/./workspace/apache/calcite/385430900/.m2/com/fasterxml/jackson/core/jackson-databind/2.9.4/jackson-databind-2.9.4.jar:/root/./workspace/apache/calcite/385430900/.m2/com/google/code/findbugs/jsr305/3.0.1/jsr305-3.0.1.jar:/root/./workspace/apache/calcite/385430900/.m2/com/google/guava/guava/19.0/guava-19.0.jar:/root/./workspace/apache/calcite/385430900/.m2/com/h2database/h2/1.4.185/h2-1.4.185.jar:/root/./workspace/apache/calcite/385430900/.m2/com/yahoo/datasketches/sketches-core/0.9.0/sketches-core-0.9.0.jar:/root/./workspace/apache/calcite/385430900/.m2/com/yahoo/datasketches/memory/0.9.0/memory-0.9.0.jar:/root/./workspace/apache/calcite/385430900/.m2/junit/junit/4.12/junit-4.12.jar:/root/./workspace/apache/calcite/385430900/.m2/mysql/mysql-connector-java/5.1.20/mysql-connector-java-5.1.20.jar:/root/./workspace/apache/calcite/385430900/.m2/net/hydromatic/aggdesigner-algorithm/6.0/aggdesigner-algorithm-6.0.jar:/root/./workspace/apache/calcite/385430900/.m2/commons-lang/commons-lang/2.4/commons-lang-2.4.jar:/root/./workspace/apache/calcite/385430900/.m2/commons-logging/commons-logging/1.1.3/commons-logging-1.1.3.jar:/root/./workspace/apache/calcite/385430900/.m2/net/hydromatic/foodmart-data-hsqldb/0.3/foodmart-data-hsqldb-0.3.jar:/root/./workspace/apache/calcite/385430900/.m2/net/hydromatic/foodmart-queries/0.4.1/foodmart-queries-0.4.1.jar:/root/./workspace/apache/calcite/385430900/.m2/net/hydromatic/quidem/0.8/quidem-0.8.jar:/root/./workspace/apache/calcite/385430900/.m2/net/hydromatic/scott-data-hsqldb/0.1/scott-data-hsqldb-0.1.jar:/root/./workspace/apache/calcite/385430900/.m2/org/codehaus/janino/janino/2.7.6/janino-2.7.6.jar:/root/./workspace/apache/calcite/385430900/.m2/org/codehaus/janino/commons-compiler/2.7.6/commons-compiler-2.7.6.jar:/root/./workspace/apache/calcite/385430900/.m2/org/hsqldb/hsqldb/2.4.0/hsqldb-2.4.0.jar:/root/./workspace/apache/calcite/385430900/.m2/org/incava/java-diff/1.1.1/java-diff-1.1.1.jar:/root/./workspace/apache/calcite/385430900/.m2/org/hamcrest/hamcrest-core/1.3/hamcrest-core-1.3.jar:/root/./workspace/apache/calcite/385430900/.m2/org/postgresql/postgresql/9.3-1102-jdbc3/postgresql-9.3-1102-jdbc3.jar:/root/./workspace/apache/calcite/385430900/.m2/org/slf4j/slf4j-api/1.7.13/slf4j-api-1.7.13.jar:/root/./workspace/apache/calcite/385430900/.m2/org/slf4j/slf4j-log4j12/1.7.13/slf4j-log4j12-1.7.13.jar:/root/./workspace/apache/calcite/385430900/.m2/log4j/log4j/1.2.17/log4j-1.2.17.jar:/root/./workspace/apache/calcite/385430900/.m2/sqlline/sqlline/1.3.0/sqlline-1.3.0.jar:/root/./workspace/apache/calcite/385430900/.m2/jline/jline/2.14.3/jline-2.14.3.jar:"/>
    <property name="java.vm.vendor" value="Oracle Corporation"/>
    <property name="skip.bower" value="true"/>
    <property name="sun.arch.data.model" value="64"/>
    <property name="java.vendor.url" value="http://java.oracle.com/"/>
    <property name="user.timezone" value="Europe/Paris"/>
    <property name="java.vm.specification.version" value="1.8"/>
    <property name="os.name" value="Linux"/>
    <property name="rat.skip" value="true"/>
    <property name="gpg.skip" value="true"/>
    <property name="sun.java.launcher" value="SUN_STANDARD"/>
    <property name="sun.boot.library.path" value="/usr/lib/jvm/java-8-openjdk-amd64/jre/lib/amd64"/>
    <property name="skip.gulp" value="true"/>
    <property name="sun.java.command" value="/root/workspace/apache/calcite/385430900/core/target/surefire/surefirebooter5090689912799047580.jar /root/workspace/apache/calcite/385430900/core/target/surefire 2018-05-30T01-07-36_467-jvmRun1 surefire4566524749646682849tmp surefire_17670011316976113562tmp"/>
    <property name="dependency-check.skip" value="true"/>
    <property name="surefire.test.class.path" value="/root/workspace/apache/calcite/385430900/core/target/test-classes:/root/workspace/apache/calcite/385430900/core/target/classes:/root/./workspace/apache/calcite/385430900/.m2/org/apache/calcite/avatica/avatica-core/1.11.0/avatica-core-1.11.0.jar:/root/./workspace/apache/calcite/385430900/.m2/org/apache/calcite/avatica/avatica-metrics/1.11.0/avatica-metrics-1.11.0.jar:/root/./workspace/apache/calcite/385430900/.m2/com/google/protobuf/protobuf-java/3.3.0/protobuf-java-3.3.0.jar:/root/./workspace/apache/calcite/385430900/.m2/org/apache/httpcomponents/httpclient/4.5.2/httpclient-4.5.2.jar:/root/./workspace/apache/calcite/385430900/.m2/commons-codec/commons-codec/1.9/commons-codec-1.9.jar:/root/./workspace/apache/calcite/385430900/.m2/org/apache/httpcomponents/httpcore/4.4.4/httpcore-4.4.4.jar:/root/workspace/apache/calcite/385430900/linq4j/target/classes:/root/./workspace/apache/calcite/385430900/.m2/org/apache/calcite/avatica/avatica-server/1.11.0/avatica-server-1.11.0.jar:/root/./workspace/apache/calcite/385430900/.m2/javax/servlet/javax.servlet-api/3.0.1/javax.servlet-api-3.0.1.jar:/root/./workspace/apache/calcite/385430900/.m2/org/eclipse/jetty/jetty-http/9.2.19.v20160908/jetty-http-9.2.19.v20160908.jar:/root/./workspace/apache/calcite/385430900/.m2/org/eclipse/jetty/jetty-security/9.2.19.v20160908/jetty-security-9.2.19.v20160908.jar:/root/./workspace/apache/calcite/385430900/.m2/org/eclipse/jetty/jetty-server/9.2.19.v20160908/jetty-server-9.2.19.v20160908.jar:/root/./workspace/apache/calcite/385430900/.m2/org/eclipse/jetty/jetty-io/9.2.19.v20160908/jetty-io-9.2.19.v20160908.jar:/root/./workspace/apache/calcite/385430900/.m2/org/eclipse/jetty/jetty-util/9.2.19.v20160908/jetty-util-9.2.19.v20160908.jar:/root/./workspace/apache/calcite/385430900/.m2/commons-dbcp/commons-dbcp/1.4/commons-dbcp-1.4.jar:/root/./workspace/apache/calcite/385430900/.m2/commons-pool/commons-pool/1.5.4/commons-pool-1.5.4.jar:/root/./workspace/apache/calcite/385430900/.m2/org/apache/commons/commons-lang3/3.2/commons-lang3-3.2.jar:/root/./workspace/apache/calcite/385430900/.m2/com/esri/geometry/esri-geometry-api/2.0.0/esri-geometry-api-2.0.0.jar:/root/./workspace/apache/calcite/385430900/.m2/com/fasterxml/jackson/core/jackson-core/2.9.4/jackson-core-2.9.4.jar:/root/./workspace/apache/calcite/385430900/.m2/com/fasterxml/jackson/core/jackson-annotations/2.9.4/jackson-annotations-2.9.4.jar:/root/./workspace/apache/calcite/385430900/.m2/com/fasterxml/jackson/core/jackson-databind/2.9.4/jackson-databind-2.9.4.jar:/root/./workspace/apache/calcite/385430900/.m2/com/google/code/findbugs/jsr305/3.0.1/jsr305-3.0.1.jar:/root/./workspace/apache/calcite/385430900/.m2/com/google/guava/guava/19.0/guava-19.0.jar:/root/./workspace/apache/calcite/385430900/.m2/com/h2database/h2/1.4.185/h2-1.4.185.jar:/root/./workspace/apache/calcite/385430900/.m2/com/yahoo/datasketches/sketches-core/0.9.0/sketches-core-0.9.0.jar:/root/./workspace/apache/calcite/385430900/.m2/com/yahoo/datasketches/memory/0.9.0/memory-0.9.0.jar:/root/./workspace/apache/calcite/385430900/.m2/junit/junit/4.12/junit-4.12.jar:/root/./workspace/apache/calcite/385430900/.m2/mysql/mysql-connector-java/5.1.20/mysql-connector-java-5.1.20.jar:/root/./workspace/apache/calcite/385430900/.m2/net/hydromatic/aggdesigner-algorithm/6.0/aggdesigner-algorithm-6.0.jar:/root/./workspace/apache/calcite/385430900/.m2/commons-lang/commons-lang/2.4/commons-lang-2.4.jar:/root/./workspace/apache/calcite/385430900/.m2/commons-logging/commons-logging/1.1.3/commons-logging-1.1.3.jar:/root/./workspace/apache/calcite/385430900/.m2/net/hydromatic/foodmart-data-hsqldb/0.3/foodmart-data-hsqldb-0.3.jar:/root/./workspace/apache/calcite/385430900/.m2/net/hydromatic/foodmart-queries/0.4.1/foodmart-queries-0.4.1.jar:/root/./workspace/apache/calcite/385430900/.m2/net/hydromatic/quidem/0.8/quidem-0.8.jar:/root/./workspace/apache/calcite/385430900/.m2/net/hydromatic/scott-data-hsqldb/0.1/scott-data-hsqldb-0.1.jar:/root/./workspace/apache/calcite/385430900/.m2/org/codehaus/janino/janino/2.7.6/janino-2.7.6.jar:/root/./workspace/apache/calcite/385430900/.m2/org/codehaus/janino/commons-compiler/2.7.6/commons-compiler-2.7.6.jar:/root/./workspace/apache/calcite/385430900/.m2/org/hsqldb/hsqldb/2.4.0/hsqldb-2.4.0.jar:/root/./workspace/apache/calcite/385430900/.m2/org/incava/java-diff/1.1.1/java-diff-1.1.1.jar:/root/./workspace/apache/calcite/385430900/.m2/org/hamcrest/hamcrest-core/1.3/hamcrest-core-1.3.jar:/root/./workspace/apache/calcite/385430900/.m2/org/postgresql/postgresql/9.3-1102-jdbc3/postgresql-9.3-1102-jdbc3.jar:/root/./workspace/apache/calcite/385430900/.m2/org/slf4j/slf4j-api/1.7.13/slf4j-api-1.7.13.jar:/root/./workspace/apache/calcite/385430900/.m2/org/slf4j/slf4j-log4j12/1.7.13/slf4j-log4j12-1.7.13.jar:/root/./workspace/apache/calcite/385430900/.m2/log4j/log4j/1.2.17/log4j-1.2.17.jar:/root/./workspace/apache/calcite/385430900/.m2/sqlline/sqlline/1.3.0/sqlline-1.3.0.jar:/root/./workspace/apache/calcite/385430900/.m2/jline/jline/2.14.3/jline-2.14.3.jar:"/>
    <property name="sun.cpu.endian" value="little"/>
    <property name="user.home" value="/root"/>
    <property name="user.language" value="en"/>
    <property name="java.specification.vendor" value="Oracle Corporation"/>
    <property name="java.home" value="/usr/lib/jvm/java-8-openjdk-amd64/jre"/>
    <property name="basedir" value="/root/workspace/apache/calcite/385430900/core"/>
    <property name="file.separator" value="/"/>
    <property name="checkstyle.skip" value="true"/>
    <property name="line.separator" value="&#10;"/>
    <property name="skip.npm" value="true"/>
    <property name="java.vm.specification.vendor" value="Oracle Corporation"/>
    <property name="java.specification.name" value="Java Platform API Specification"/>
    <property name="java.awt.graphicsenv" value="sun.awt.X11GraphicsEnvironment"/>
    <property name="skipITs" value="true"/>
    <property name="surefire.real.class.path" value="/root/workspace/apache/calcite/385430900/core/target/surefire/surefirebooter5090689912799047580.jar"/>
    <property name="cobertura.skip" value="true"/>
    <property name="sun.boot.class.path" value="/usr/lib/jvm/java-8-openjdk-amd64/jre/lib/resources.jar:/usr/lib/jvm/java-8-openjdk-amd64/jre/lib/rt.jar:/usr/lib/jvm/java-8-openjdk-amd64/jre/lib/sunrsasign.jar:/usr/lib/jvm/java-8-openjdk-amd64/jre/lib/jsse.jar:/usr/lib/jvm/java-8-openjdk-amd64/jre/lib/jce.jar:/usr/lib/jvm/java-8-openjdk-amd64/jre/lib/charsets.jar:/usr/lib/jvm/java-8-openjdk-amd64/jre/lib/jfr.jar:/usr/lib/jvm/java-8-openjdk-amd64/jre/classes"/>
    <property name="sun.management.compiler" value="HotSpot 64-Bit Tiered Compilers"/>
    <property name="java.runtime.version" value="1.8.0_121-8u121-b13-1~bpo8+1-b13"/>
    <property name="user.name" value="root"/>
    <property name="findbugs.skip" value="true"/>
    <property name="path.separator" value=":"/>
    <property name="os.version" value="3.10.0-862.2.3.el7.x86_64"/>
    <property name="java.endorsed.dirs" value="/usr/lib/jvm/java-8-openjdk-amd64/jre/lib/endorsed"/>
    <property name="java.runtime.name" value="OpenJDK Runtime Environment"/>
    <property name="file.encoding" value="UTF-8"/>
    <property name="java.vm.name" value="OpenJDK 64-Bit Server VM"/>
    <property name="localRepository" value="/root/./workspace/apache/calcite/385430900/.m2"/>
    <property name="java.vendor.url.bug" value="http://bugreport.sun.com/bugreport/"/>
    <property name="java.io.tmpdir" value="/tmp"/>
    <property name="java.version" value="1.8.0_121"/>
    <property name="user.dir" value="/root/workspace/apache/calcite/385430900/core"/>
    <property name="os.arch" value="amd64"/>
    <property name="license.skip" value="true"/>
    <property name="java.vm.specification.name" value="Java Virtual Machine Specification"/>
    <property name="java.awt.printerjob" value="sun.print.PSPrinterJob"/>
    <property name="sun.os.patch.level" value="unknown"/>
    <property name="java.library.path" value="/usr/java/packages/lib/amd64:/usr/lib/x86_64-linux-gnu/jni:/lib/x86_64-linux-gnu:/usr/lib/x86_64-linux-gnu:/usr/lib/jni:/lib:/usr/lib"/>
    <property name="java.vm.info" value="mixed mode"/>
    <property name="java.vendor" value="Oracle Corporation"/>
    <property name="java.vm.version" value="25.121-b13"/>
    <property name="java.ext.dirs" value="/usr/lib/jvm/java-8-openjdk-amd64/jre/lib/ext:/usr/java/packages/lib/ext"/>
    <property name="sun.io.unicode.encoding" value="UnicodeLittle"/>
    <property name="maven.repo.local" value="/root/./workspace/apache/calcite/385430900/.m2"/>
    <property name="enforcer.skip" value="true"/>
    <property name="java.class.version" value="52.0"/>
  </properties>
  <testcase name="testFilterQueryOnFilterView" classname="org.apache.calcite.test.MaterializationTest" time="0.428"/>
  <testcase name="testQueryOnStar" classname="org.apache.calcite.test.MaterializationTest" time="0">
    <skipped/>
  </testcase>
  <testcase name="testSatisfiable" classname="org.apache.calcite.test.MaterializationTest" time="0.007"/>
  <testcase name="testFilterQueryOnFilterView10" classname="org.apache.calcite.test.MaterializationTest" time="0.214"/>
  <testcase name="testFilterQueryOnFilterView11" classname="org.apache.calcite.test.MaterializationTest" time="0.212"/>
  <testcase name="testFilterQueryOnFilterView12" classname="org.apache.calcite.test.MaterializationTest" time="0.196"/>
  <testcase name="testFilterQueryOnFilterView13" classname="org.apache.calcite.test.MaterializationTest" time="0.281"/>
  <testcase name="testFilterQueryOnFilterView14" classname="org.apache.calcite.test.MaterializationTest" time="0.659"/>
  <testcase name="testMaterializationReferencesTableInOtherSchema" classname="org.apache.calcite.test.MaterializationTest" time="0">
    <skipped/>
  </testcase>
  <testcase name="testPrePopulated" classname="org.apache.calcite.test.MaterializationTest" time="0.181"/>
  <testcase name="testNonDisjointUnion" classname="org.apache.calcite.test.MaterializationTest" time="0">
    <skipped/>
  </testcase>
  <testcase name="testSubQuery" classname="org.apache.calcite.test.MaterializationTest" time="0.493"/>
  <testcase name="testMultiMaterializationMultiUsage" classname="org.apache.calcite.test.MaterializationTest" time="1.707"/>
  <testcase name="testMaterializationSubstitution" classname="org.apache.calcite.test.MaterializationTest" time="1.822"/>
  <testcase name="testAlias" classname="org.apache.calcite.test.MaterializationTest" time="0.5"/>
  <testcase name="testAggregateMaterializationOnCountDistinctQuery1" classname="org.apache.calcite.test.MaterializationTest" time="0.723"/>
  <testcase name="testAggregateMaterializationOnCountDistinctQuery2" classname="org.apache.calcite.test.MaterializationTest" time="0.755"/>
  <testcase name="testAggregateMaterializationOnCountDistinctQuery3" classname="org.apache.calcite.test.MaterializationTest" time="0.448"/>
  <testcase name="testAggregateMaterializationOnCountDistinctQuery4" classname="org.apache.calcite.test.MaterializationTest" time="0.382"/>
  <testcase name="testScan" classname="org.apache.calcite.test.MaterializationTest" time="0.437"/>
  <testcase name="testJoinMaterialization" classname="org.apache.calcite.test.MaterializationTest" time="0.579"/>
  <testcase name="testMaterializationSubstitution2" classname="org.apache.calcite.test.MaterializationTest" time="2.895"/>
  <testcase name="testAggregateMaterializationAggregateFuncs10" classname="org.apache.calcite.test.MaterializationTest" time="0.578"/>
  <testcase name="testAggregateMaterializationAggregateFuncs11" classname="org.apache.calcite.test.MaterializationTest" time="0.532"/>
  <testcase name="testAggregateMaterializationAggregateFuncs12" classname="org.apache.calcite.test.MaterializationTest" time="0.671"/>
  <testcase name="testAggregateMaterializationAggregateFuncs13" classname="org.apache.calcite.test.MaterializationTest" time="0.633"/>
  <testcase name="testAggregateMaterializationAggregateFuncs14" classname="org.apache.calcite.test.MaterializationTest" time="0.454"/>
  <testcase name="testAggregateMaterializationAggregateFuncs15" classname="org.apache.calcite.test.MaterializationTest" time="0.711"/>
  <testcase name="testAggregateMaterializationAggregateFuncs16" classname="org.apache.calcite.test.MaterializationTest" time="0.571"/>
  <testcase name="testAggregateMaterializationAggregateFuncs17" classname="org.apache.calcite.test.MaterializationTest" time="0.557"/>
  <testcase name="testAggregateMaterializationAggregateFuncs18" classname="org.apache.calcite.test.MaterializationTest" time="0.606"/>
  <testcase name="testAggregateMaterializationAggregateFuncs19" classname="org.apache.calcite.test.MaterializationTest" time="0.463"/>
  <testcase name="testDifferentType" classname="org.apache.calcite.test.MaterializationTest" time="0">
    <skipped/>
  </testcase>
  <testcase name="testOrderByQueryOnProjectView" classname="org.apache.calcite.test.MaterializationTest" time="0">
    <skipped/>
  </testcase>
  <testcase name="testSingleMaterializationMultiUsage" classname="org.apache.calcite.test.MaterializationTest" time="0.906"/>
  <testcase name="testTableModify" classname="org.apache.calcite.test.MaterializationTest" time="0.166"/>
  <testcase name="testAggregateMaterializationAggregateFuncs1" classname="org.apache.calcite.test.MaterializationTest" time="0.3"/>
  <testcase name="testAggregateMaterializationAggregateFuncs2" classname="org.apache.calcite.test.MaterializationTest" time="0.347"/>
  <testcase name="testAggregateMaterializationAggregateFuncs3" classname="org.apache.calcite.test.MaterializationTest" time="0.416"/>
  <testcase name="testAggregateMaterializationAggregateFuncs4" classname="org.apache.calcite.test.MaterializationTest" time="0.588"/>
  <testcase name="testAggregateMaterializationAggregateFuncs5" classname="org.apache.calcite.test.MaterializationTest" time="0.569"/>
  <testcase name="testAggregateMaterializationAggregateFuncs6" classname="org.apache.calcite.test.MaterializationTest" time="0.209"/>
  <testcase name="testAggregateMaterializationAggregateFuncs7" classname="org.apache.calcite.test.MaterializationTest" time="0.607"/>
  <testcase name="testAggregateMaterializationAggregateFuncs8" classname="org.apache.calcite.test.MaterializationTest" time="0">
    <skipped/>
  </testcase>
  <testcase name="testAggregateMaterializationAggregateFuncs9" classname="org.apache.calcite.test.MaterializationTest" time="0.662"/>
  <testcase name="testAggregateMaterializationNoAggregateFuncs1" classname="org.apache.calcite.test.MaterializationTest" time="0.286"/>
  <testcase name="testAggregateMaterializationNoAggregateFuncs2" classname="org.apache.calcite.test.MaterializationTest" time="0.23"/>
  <testcase name="testAggregateMaterializationNoAggregateFuncs3" classname="org.apache.calcite.test.MaterializationTest" time="0.057"/>
  <testcase name="testAggregateMaterializationNoAggregateFuncs4" classname="org.apache.calcite.test.MaterializationTest" time="0.358"/>
  <testcase name="testAggregateMaterializationNoAggregateFuncs5" classname="org.apache.calcite.test.MaterializationTest" time="0.197"/>
  <testcase name="testAggregateMaterializationNoAggregateFuncs6" classname="org.apache.calcite.test.MaterializationTest" time="0.443"/>
  <testcase name="testAggregateMaterializationNoAggregateFuncs7" classname="org.apache.calcite.test.MaterializationTest" time="0.094"/>
  <testcase name="testAggregateMaterializationNoAggregateFuncs8" classname="org.apache.calcite.test.MaterializationTest" time="0.056"/>
  <testcase name="testAggregateMaterializationNoAggregateFuncs9" classname="org.apache.calcite.test.MaterializationTest" time="0.18"/>
  <testcase name="testAggregateRollUp" classname="org.apache.calcite.test.MaterializationTest" time="0.389"/>
  <testcase name="testJoinMaterialization10" classname="org.apache.calcite.test.MaterializationTest" time="18.609"/>
  <testcase name="testJoinMaterialization11" classname="org.apache.calcite.test.MaterializationTest" time="0.196"/>
  <testcase name="testSwapJoin" classname="org.apache.calcite.test.MaterializationTest" time="0">
    <skipped/>
  </testcase>
  <testcase name="testUnionAll" classname="org.apache.calcite.test.MaterializationTest" time="0.392"/>
  <testcase name="testFilterGroupQueryOnStar" classname="org.apache.calcite.test.MaterializationTest" time="0">
    <skipped/>
  </testcase>
  <testcase name="testJoinAggregateMaterializationAggregateFuncs10" classname="org.apache.calcite.test.MaterializationTest" time="0.318"/>
  <testcase name="testJoinAggregateMaterializationAggregateFuncs11" classname="org.apache.calcite.test.MaterializationTest" time="13.015"/>
  <testcase name="testJoinAggregateMaterializationAggregateFuncs12" classname="org.apache.calcite.test.MaterializationTest" time="5.292"/>
  <testcase name="testJoinAggregateMaterializationAggregateFuncs13" classname="org.apache.calcite.test.MaterializationTest" time="0.334"/>
  <testcase name="testFilterQueryOnProjectView" classname="org.apache.calcite.test.MaterializationTest" time="0.262"/>
  <testcase name="testFilterQueryOnFilterView2" classname="org.apache.calcite.test.MaterializationTest" time="0">
    <skipped/>
  </testcase>
  <testcase name="testFilterQueryOnFilterView3" classname="org.apache.calcite.test.MaterializationTest" time="0">
    <skipped message="not implemented"/>
  </testcase>
  <testcase name="testFilterQueryOnFilterView4" classname="org.apache.calcite.test.MaterializationTest" time="0.42"/>
  <testcase name="testFilterQueryOnFilterView5" classname="org.apache.calcite.test.MaterializationTest" time="0.325"/>
  <testcase name="testFilterQueryOnFilterView6" classname="org.apache.calcite.test.MaterializationTest" time="0.297"/>
  <testcase name="testFilterQueryOnFilterView7" classname="org.apache.calcite.test.MaterializationTest" time="0.511"/>
  <testcase name="testFilterQueryOnFilterView8" classname="org.apache.calcite.test.MaterializationTest" time="0.118"/>
  <testcase name="testFilterQueryOnFilterView9" classname="org.apache.calcite.test.MaterializationTest" time="0.209"/>
  <testcase name="testAggregate" classname="org.apache.calcite.test.MaterializationTest" time="0.325"/>
  <testcase name="testMultiMaterializationOnJoinQuery" classname="org.apache.calcite.test.MaterializationTest" time="0">
    <skipped message="Creating mv for depts considering all its column throws exception"/>
  </testcase>
  <testcase name="testJoinMaterializationUKFK1" classname="org.apache.calcite.test.MaterializationTest" time="1.934"/>
  <testcase name="testJoinMaterializationUKFK2" classname="org.apache.calcite.test.MaterializationTest" time="2.038"/>
  <testcase name="testJoinMaterializationUKFK3" classname="org.apache.calcite.test.MaterializationTest" time="0.777"/>
  <testcase name="testJoinMaterializationUKFK4" classname="org.apache.calcite.test.MaterializationTest" time="0.407"/>
  <testcase name="testJoinMaterializationUKFK5" classname="org.apache.calcite.test.MaterializationTest" time="39.439"/>
  <testcase name="testJoinMaterializationUKFK6" classname="org.apache.calcite.test.MaterializationTest" time="153.295"/>
  <testcase name="testJoinMaterializationUKFK7" classname="org.apache.calcite.test.MaterializationTest" time="10.216"/>
  <testcase name="testJoinMaterializationUKFK8" classname="org.apache.calcite.test.MaterializationTest" time="8.495"/>
  <testcase name="testJoinMaterializationUKFK9" classname="org.apache.calcite.test.MaterializationTest" time="34.149"/>
  <testcase name="testSplitFilter" classname="org.apache.calcite.test.MaterializationTest" time="0.002"/>
  <testcase name="testDifferentColumnNames" classname="org.apache.calcite.test.MaterializationTest" time="0">
    <skipped/>
  </testcase>
  <testcase name="testViewSchemaPath" classname="org.apache.calcite.test.MaterializationTest" time="0.254"/>
  <testcase name="testJoinAggregateMaterializationNoAggregateFuncs10" classname="org.apache.calcite.test.MaterializationTest" time="166.586"/>
  <testcase name="testJoinAggregateMaterializationAggregateFuncs1" classname="org.apache.calcite.test.MaterializationTest" time="0.633"/>
  <testcase name="testJoinAggregateMaterializationAggregateFuncs2" classname="org.apache.calcite.test.MaterializationTest" time="0.615"/>
  <testcase name="testJoinAggregateMaterializationAggregateFuncs3" classname="org.apache.calcite.test.MaterializationTest" time="0.696"/>
  <testcase name="testJoinAggregateMaterializationAggregateFuncs4" classname="org.apache.calcite.test.MaterializationTest" time="1.324"/>
  <testcase name="testJoinAggregateMaterializationAggregateFuncs5" classname="org.apache.calcite.test.MaterializationTest" time="3.54"/>
  <testcase name="testJoinAggregateMaterializationAggregateFuncs6" classname="org.apache.calcite.test.MaterializationTest" time="0">
    <skipped/>
  </testcase>
  <testcase name="testJoinAggregateMaterializationAggregateFuncs7" classname="org.apache.calcite.test.MaterializationTest" time="1.197"/>
  <testcase name="testJoinAggregateMaterializationAggregateFuncs8" classname="org.apache.calcite.test.MaterializationTest" time="2.313"/>
  <testcase name="testJoinAggregateMaterializationAggregateFuncs9" classname="org.apache.calcite.test.MaterializationTest" time="1.455"/>
  <testcase name="testFilterQueryOnProjectView0" classname="org.apache.calcite.test.MaterializationTest" time="0.311"/>
  <testcase name="testFilterQueryOnProjectView1" classname="org.apache.calcite.test.MaterializationTest" time="0.267"/>
  <testcase name="testFilterQueryOnProjectView2" classname="org.apache.calcite.test.MaterializationTest" time="0.214"/>
  <testcase name="testFilterQueryOnProjectView3" classname="org.apache.calcite.test.MaterializationTest" time="0.181"/>
  <testcase name="testFilterQueryOnProjectView4" classname="org.apache.calcite.test.MaterializationTest" time="0.043"/>
  <testcase name="testFilterQueryOnProjectView5" classname="org.apache.calcite.test.MaterializationTest" time="0.213"/>
  <testcase name="testFilterQueryOnProjectView6" classname="org.apache.calcite.test.MaterializationTest" time="0.064"/>
  <testcase name="testFilterQueryOnProjectView7" classname="org.apache.calcite.test.MaterializationTest" time="0.055"/>
  <testcase name="testFilterQueryOnProjectView8" classname="org.apache.calcite.test.MaterializationTest" time="0.475"/>
  <testcase name="testOrderByQueryOnOrderByView" classname="org.apache.calcite.test.MaterializationTest" time="0">
    <skipped/>
  </testcase>
  <testcase name="testFilter" classname="org.apache.calcite.test.MaterializationTest" time="0.277"/>
  <testcase name="testJoinOnUnionMaterialization" classname="org.apache.calcite.test.MaterializationTest" time="0">
    <skipped/>
  </testcase>
  <testcase name="testMaterializationOnJoinQuery" classname="org.apache.calcite.test.MaterializationTest" time="1.724"/>
  <testcase name="testPartialUnion" classname="org.apache.calcite.test.MaterializationTest" time="0">
    <skipped/>
  </testcase>
  <testcase name="testJoinMaterialization2" classname="org.apache.calcite.test.MaterializationTest" time="1.304"/>
  <testcase name="testJoinMaterialization3" classname="org.apache.calcite.test.MaterializationTest" time="2.102"/>
  <testcase name="testJoinMaterialization4" classname="org.apache.calcite.test.MaterializationTest" time="2.105"/>
  <testcase name="testJoinMaterialization5" classname="org.apache.calcite.test.MaterializationTest" time="1.57"/>
  <testcase name="testJoinMaterialization6" classname="org.apache.calcite.test.MaterializationTest" time="1.59"/>
  <testcase name="testJoinMaterialization7" classname="org.apache.calcite.test.MaterializationTest" time="1.341"/>
  <testcase name="testJoinMaterialization8" classname="org.apache.calcite.test.MaterializationTest" time="1.489"/>
  <testcase name="testJoinMaterialization9" classname="org.apache.calcite.test.MaterializationTest" time="3.437"/>
  <testcase name="testAggregateProject" classname="org.apache.calcite.test.MaterializationTest" time="0">
    <skipped message="work in progress"/>
  </testcase>
  <testcase name="testViewMaterialization" classname="org.apache.calcite.test.MaterializationTest" time="0.247"/>
  <testcase name="testJoinAggregateMaterializationNoAggregateFuncs1" classname="org.apache.calcite.test.MaterializationTest" time="1.929"/>
  <testcase name="testJoinAggregateMaterializationNoAggregateFuncs2" classname="org.apache.calcite.test.MaterializationTest" time="2.066"/>
  <testcase name="testJoinAggregateMaterializationNoAggregateFuncs3" classname="org.apache.calcite.test.MaterializationTest" time="0.623"/>
  <testcase name="testJoinAggregateMaterializationNoAggregateFuncs4" classname="org.apache.calcite.test.MaterializationTest" time="1.902"/>
  <testcase name="testJoinAggregateMaterializationNoAggregateFuncs5" classname="org.apache.calcite.test.MaterializationTest" time="1.689"/>
  <testcase name="testJoinAggregateMaterializationNoAggregateFuncs6" classname="org.apache.calcite.test.MaterializationTest" time="1.513"/>
  <testcase name="testJoinAggregateMaterializationNoAggregateFuncs7" classname="org.apache.calcite.test.MaterializationTest" time="9.968"/>
  <testcase name="testJoinAggregateMaterializationNoAggregateFuncs8" classname="org.apache.calcite.test.MaterializationTest" time="2.622"/>
  <testcase name="testJoinAggregateMaterializationNoAggregateFuncs9" classname="org.apache.calcite.test.MaterializationTest" time="11.216"/>
</testsuite>