<?xml version="1.0" encoding="UTF-8"?>
<testsuite xmlns:xsi="http://www.w3.org/2001/XMLSchema-instance" xsi:noNamespaceSchemaLocation="https://maven.apache.org/surefire/maven-surefire-plugin/xsd/surefire-test-report.xsd" name="org.apache.calcite.test.RelOptRulesTest" time="6.581" tests="299" errors="0" skipped="8" failures="0">
  <properties>
    <property name="awt.toolkit" value="sun.awt.X11.XToolkit"/>
    <property name="hsqldb.reconfig_logging" value="false"/>
    <property name="file.encoding.pkg" value="sun.io"/>
    <property name="java.specification.version" value="1.8"/>
    <property name="sun.cpu.isalist" value=""/>
    <property name="sun.jnu.encoding" value="UTF-8"/>
    <property name="java.class.path" value="/root/workspace/julianhyde/calcite/386014131/core/target/test-classes:/root/workspace/julianhyde/calcite/386014131/core/target/classes:/root/./workspace/julianhyde/calcite/386014131/.m2/org/apache/calcite/avatica/avatica-core/1.11.0/avatica-core-1.11.0.jar:/root/./workspace/julianhyde/calcite/386014131/.m2/org/apache/calcite/avatica/avatica-metrics/1.11.0/avatica-metrics-1.11.0.jar:/root/./workspace/julianhyde/calcite/386014131/.m2/com/google/protobuf/protobuf-java/3.3.0/protobuf-java-3.3.0.jar:/root/./workspace/julianhyde/calcite/386014131/.m2/org/apache/httpcomponents/httpclient/4.5.2/httpclient-4.5.2.jar:/root/./workspace/julianhyde/calcite/386014131/.m2/commons-codec/commons-codec/1.9/commons-codec-1.9.jar:/root/./workspace/julianhyde/calcite/386014131/.m2/org/apache/httpcomponents/httpcore/4.4.4/httpcore-4.4.4.jar:/root/workspace/julianhyde/calcite/386014131/linq4j/target/classes:/root/./workspace/julianhyde/calcite/386014131/.m2/org/apache/calcite/avatica/avatica-server/1.11.0/avatica-server-1.11.0.jar:/root/./workspace/julianhyde/calcite/386014131/.m2/javax/servlet/javax.servlet-api/3.0.1/javax.servlet-api-3.0.1.jar:/root/./workspace/julianhyde/calcite/386014131/.m2/org/eclipse/jetty/jetty-http/9.2.19.v20160908/jetty-http-9.2.19.v20160908.jar:/root/./workspace/julianhyde/calcite/386014131/.m2/org/eclipse/jetty/jetty-security/9.2.19.v20160908/jetty-security-9.2.19.v20160908.jar:/root/./workspace/julianhyde/calcite/386014131/.m2/org/eclipse/jetty/jetty-server/9.2.19.v20160908/jetty-server-9.2.19.v20160908.jar:/root/./workspace/julianhyde/calcite/386014131/.m2/org/eclipse/jetty/jetty-io/9.2.19.v20160908/jetty-io-9.2.19.v20160908.jar:/root/./workspace/julianhyde/calcite/386014131/.m2/org/eclipse/jetty/jetty-util/9.2.19.v20160908/jetty-util-9.2.19.v20160908.jar:/root/./workspace/julianhyde/calcite/386014131/.m2/commons-dbcp/commons-dbcp/1.4/commons-dbcp-1.4.jar:/root/./workspace/julianhyde/calcite/386014131/.m2/commons-pool/commons-pool/1.5.4/commons-pool-1.5.4.jar:/root/./workspace/julianhyde/calcite/386014131/.m2/org/apache/commons/commons-lang3/3.2/commons-lang3-3.2.jar:/root/./workspace/julianhyde/calcite/386014131/.m2/com/esri/geometry/esri-geometry-api/2.0.0/esri-geometry-api-2.0.0.jar:/root/./workspace/julianhyde/calcite/386014131/.m2/com/fasterxml/jackson/core/jackson-core/2.9.4/jackson-core-2.9.4.jar:/root/./workspace/julianhyde/calcite/386014131/.m2/com/fasterxml/jackson/core/jackson-annotations/2.9.4/jackson-annotations-2.9.4.jar:/root/./workspace/julianhyde/calcite/386014131/.m2/com/fasterxml/jackson/core/jackson-databind/2.9.4/jackson-databind-2.9.4.jar:/root/./workspace/julianhyde/calcite/386014131/.m2/com/google/code/findbugs/jsr305/3.0.1/jsr305-3.0.1.jar:/root/./workspace/julianhyde/calcite/386014131/.m2/com/google/guava/guava/19.0/guava-19.0.jar:/root/./workspace/julianhyde/calcite/386014131/.m2/com/h2database/h2/1.4.185/h2-1.4.185.jar:/root/./workspace/julianhyde/calcite/386014131/.m2/com/yahoo/datasketches/sketches-core/0.9.0/sketches-core-0.9.0.jar:/root/./workspace/julianhyde/calcite/386014131/.m2/com/yahoo/datasketches/memory/0.9.0/memory-0.9.0.jar:/root/./workspace/julianhyde/calcite/386014131/.m2/junit/junit/4.12/junit-4.12.jar:/root/./workspace/julianhyde/calcite/386014131/.m2/mysql/mysql-connector-java/5.1.20/mysql-connector-java-5.1.20.jar:/root/./workspace/julianhyde/calcite/386014131/.m2/net/hydromatic/aggdesigner-algorithm/6.0/aggdesigner-algorithm-6.0.jar:/root/./workspace/julianhyde/calcite/386014131/.m2/commons-lang/commons-lang/2.4/commons-lang-2.4.jar:/root/./workspace/julianhyde/calcite/386014131/.m2/commons-logging/commons-logging/1.1.3/commons-logging-1.1.3.jar:/root/./workspace/julianhyde/calcite/386014131/.m2/net/hydromatic/foodmart-data-hsqldb/0.3/foodmart-data-hsqldb-0.3.jar:/root/./workspace/julianhyde/calcite/386014131/.m2/net/hydromatic/foodmart-queries/0.4.1/foodmart-queries-0.4.1.jar:/root/./workspace/julianhyde/calcite/386014131/.m2/net/hydromatic/quidem/0.8/quidem-0.8.jar:/root/./workspace/julianhyde/calcite/386014131/.m2/net/hydromatic/scott-data-hsqldb/0.1/scott-data-hsqldb-0.1.jar:/root/./workspace/julianhyde/calcite/386014131/.m2/org/codehaus/janino/janino/2.7.6/janino-2.7.6.jar:/root/./workspace/julianhyde/calcite/386014131/.m2/org/codehaus/janino/commons-compiler/2.7.6/commons-compiler-2.7.6.jar:/root/./workspace/julianhyde/calcite/386014131/.m2/org/hsqldb/hsqldb/2.4.0/hsqldb-2.4.0.jar:/root/./workspace/julianhyde/calcite/386014131/.m2/org/incava/java-diff/1.1.1/java-diff-1.1.1.jar:/root/./workspace/julianhyde/calcite/386014131/.m2/org/hamcrest/hamcrest-core/1.3/hamcrest-core-1.3.jar:/root/./workspace/julianhyde/calcite/386014131/.m2/org/postgresql/postgresql/9.3-1102-jdbc3/postgresql-9.3-1102-jdbc3.jar:/root/./workspace/julianhyde/calcite/386014131/.m2/org/slf4j/slf4j-api/1.7.13/slf4j-api-1.7.13.jar:/root/./workspace/julianhyde/calcite/386014131/.m2/org/slf4j/slf4j-log4j12/1.7.13/slf4j-log4j12-1.7.13.jar:/root/./workspace/julianhyde/calcite/386014131/.m2/log4j/log4j/1.2.17/log4j-1.2.17.jar:/root/./workspace/julianhyde/calcite/386014131/.m2/sqlline/sqlline/1.4.0/sqlline-1.4.0.jar:/root/./workspace/julianhyde/calcite/386014131/.m2/jline/jline/2.14.4/jline-2.14.4.jar:"/>
    <property name="java.vm.vendor" value="Oracle Corporation"/>
    <property name="skip.bower" value="true"/>
    <property name="sun.arch.data.model" value="64"/>
    <property name="java.vendor.url" value="http://java.oracle.com/"/>
    <property name="user.timezone" value="Europe/Paris"/>
    <property name="java.vm.specification.version" value="1.8"/>
    <property name="os.name" value="Linux"/>
    <property name="rat.skip" value="true"/>
    <property name="gpg.skip" value="true"/>
    <property name="sun.java.launcher" value="SUN_STANDARD"/>
    <property name="sun.boot.library.path" value="/usr/lib/jvm/java-8-openjdk-amd64/jre/lib/amd64"/>
    <property name="skip.gulp" value="true"/>
    <property name="sun.java.command" value="/root/workspace/julianhyde/calcite/386014131/core/target/surefire/surefirebooter7170006093248445290.jar /root/workspace/julianhyde/calcite/386014131/core/target/surefire 2018-05-31T06-50-05_569-jvmRun1 surefire8528006011120115465tmp surefire_18013449459623706248tmp"/>
    <property name="dependency-check.skip" value="true"/>
    <property name="surefire.test.class.path" value="/root/workspace/julianhyde/calcite/386014131/core/target/test-classes:/root/workspace/julianhyde/calcite/386014131/core/target/classes:/root/./workspace/julianhyde/calcite/386014131/.m2/org/apache/calcite/avatica/avatica-core/1.11.0/avatica-core-1.11.0.jar:/root/./workspace/julianhyde/calcite/386014131/.m2/org/apache/calcite/avatica/avatica-metrics/1.11.0/avatica-metrics-1.11.0.jar:/root/./workspace/julianhyde/calcite/386014131/.m2/com/google/protobuf/protobuf-java/3.3.0/protobuf-java-3.3.0.jar:/root/./workspace/julianhyde/calcite/386014131/.m2/org/apache/httpcomponents/httpclient/4.5.2/httpclient-4.5.2.jar:/root/./workspace/julianhyde/calcite/386014131/.m2/commons-codec/commons-codec/1.9/commons-codec-1.9.jar:/root/./workspace/julianhyde/calcite/386014131/.m2/org/apache/httpcomponents/httpcore/4.4.4/httpcore-4.4.4.jar:/root/workspace/julianhyde/calcite/386014131/linq4j/target/classes:/root/./workspace/julianhyde/calcite/386014131/.m2/org/apache/calcite/avatica/avatica-server/1.11.0/avatica-server-1.11.0.jar:/root/./workspace/julianhyde/calcite/386014131/.m2/javax/servlet/javax.servlet-api/3.0.1/javax.servlet-api-3.0.1.jar:/root/./workspace/julianhyde/calcite/386014131/.m2/org/eclipse/jetty/jetty-http/9.2.19.v20160908/jetty-http-9.2.19.v20160908.jar:/root/./workspace/julianhyde/calcite/386014131/.m2/org/eclipse/jetty/jetty-security/9.2.19.v20160908/jetty-security-9.2.19.v20160908.jar:/root/./workspace/julianhyde/calcite/386014131/.m2/org/eclipse/jetty/jetty-server/9.2.19.v20160908/jetty-server-9.2.19.v20160908.jar:/root/./workspace/julianhyde/calcite/386014131/.m2/org/eclipse/jetty/jetty-io/9.2.19.v20160908/jetty-io-9.2.19.v20160908.jar:/root/./workspace/julianhyde/calcite/386014131/.m2/org/eclipse/jetty/jetty-util/9.2.19.v20160908/jetty-util-9.2.19.v20160908.jar:/root/./workspace/julianhyde/calcite/386014131/.m2/commons-dbcp/commons-dbcp/1.4/commons-dbcp-1.4.jar:/root/./workspace/julianhyde/calcite/386014131/.m2/commons-pool/commons-pool/1.5.4/commons-pool-1.5.4.jar:/root/./workspace/julianhyde/calcite/386014131/.m2/org/apache/commons/commons-lang3/3.2/commons-lang3-3.2.jar:/root/./workspace/julianhyde/calcite/386014131/.m2/com/esri/geometry/esri-geometry-api/2.0.0/esri-geometry-api-2.0.0.jar:/root/./workspace/julianhyde/calcite/386014131/.m2/com/fasterxml/jackson/core/jackson-core/2.9.4/jackson-core-2.9.4.jar:/root/./workspace/julianhyde/calcite/386014131/.m2/com/fasterxml/jackson/core/jackson-annotations/2.9.4/jackson-annotations-2.9.4.jar:/root/./workspace/julianhyde/calcite/386014131/.m2/com/fasterxml/jackson/core/jackson-databind/2.9.4/jackson-databind-2.9.4.jar:/root/./workspace/julianhyde/calcite/386014131/.m2/com/google/code/findbugs/jsr305/3.0.1/jsr305-3.0.1.jar:/root/./workspace/julianhyde/calcite/386014131/.m2/com/google/guava/guava/19.0/guava-19.0.jar:/root/./workspace/julianhyde/calcite/386014131/.m2/com/h2database/h2/1.4.185/h2-1.4.185.jar:/root/./workspace/julianhyde/calcite/386014131/.m2/com/yahoo/datasketches/sketches-core/0.9.0/sketches-core-0.9.0.jar:/root/./workspace/julianhyde/calcite/386014131/.m2/com/yahoo/datasketches/memory/0.9.0/memory-0.9.0.jar:/root/./workspace/julianhyde/calcite/386014131/.m2/junit/junit/4.12/junit-4.12.jar:/root/./workspace/julianhyde/calcite/386014131/.m2/mysql/mysql-connector-java/5.1.20/mysql-connector-java-5.1.20.jar:/root/./workspace/julianhyde/calcite/386014131/.m2/net/hydromatic/aggdesigner-algorithm/6.0/aggdesigner-algorithm-6.0.jar:/root/./workspace/julianhyde/calcite/386014131/.m2/commons-lang/commons-lang/2.4/commons-lang-2.4.jar:/root/./workspace/julianhyde/calcite/386014131/.m2/commons-logging/commons-logging/1.1.3/commons-logging-1.1.3.jar:/root/./workspace/julianhyde/calcite/386014131/.m2/net/hydromatic/foodmart-data-hsqldb/0.3/foodmart-data-hsqldb-0.3.jar:/root/./workspace/julianhyde/calcite/386014131/.m2/net/hydromatic/foodmart-queries/0.4.1/foodmart-queries-0.4.1.jar:/root/./workspace/julianhyde/calcite/386014131/.m2/net/hydromatic/quidem/0.8/quidem-0.8.jar:/root/./workspace/julianhyde/calcite/386014131/.m2/net/hydromatic/scott-data-hsqldb/0.1/scott-data-hsqldb-0.1.jar:/root/./workspace/julianhyde/calcite/386014131/.m2/org/codehaus/janino/janino/2.7.6/janino-2.7.6.jar:/root/./workspace/julianhyde/calcite/386014131/.m2/org/codehaus/janino/commons-compiler/2.7.6/commons-compiler-2.7.6.jar:/root/./workspace/julianhyde/calcite/386014131/.m2/org/hsqldb/hsqldb/2.4.0/hsqldb-2.4.0.jar:/root/./workspace/julianhyde/calcite/386014131/.m2/org/incava/java-diff/1.1.1/java-diff-1.1.1.jar:/root/./workspace/julianhyde/calcite/386014131/.m2/org/hamcrest/hamcrest-core/1.3/hamcrest-core-1.3.jar:/root/./workspace/julianhyde/calcite/386014131/.m2/org/postgresql/postgresql/9.3-1102-jdbc3/postgresql-9.3-1102-jdbc3.jar:/root/./workspace/julianhyde/calcite/386014131/.m2/org/slf4j/slf4j-api/1.7.13/slf4j-api-1.7.13.jar:/root/./workspace/julianhyde/calcite/386014131/.m2/org/slf4j/slf4j-log4j12/1.7.13/slf4j-log4j12-1.7.13.jar:/root/./workspace/julianhyde/calcite/386014131/.m2/log4j/log4j/1.2.17/log4j-1.2.17.jar:/root/./workspace/julianhyde/calcite/386014131/.m2/sqlline/sqlline/1.4.0/sqlline-1.4.0.jar:/root/./workspace/julianhyde/calcite/386014131/.m2/jline/jline/2.14.4/jline-2.14.4.jar:"/>
    <property name="sun.cpu.endian" value="little"/>
    <property name="user.home" value="/root"/>
    <property name="user.language" value="en"/>
    <property name="java.specification.vendor" value="Oracle Corporation"/>
    <property name="java.home" value="/usr/lib/jvm/java-8-openjdk-amd64/jre"/>
    <property name="basedir" value="/root/workspace/julianhyde/calcite/386014131/core"/>
    <property name="file.separator" value="/"/>
    <property name="checkstyle.skip" value="true"/>
    <property name="line.separator" value="&#10;"/>
    <property name="skip.npm" value="true"/>
    <property name="java.vm.specification.vendor" value="Oracle Corporation"/>
    <property name="java.specification.name" value="Java Platform API Specification"/>
    <property name="java.awt.graphicsenv" value="sun.awt.X11GraphicsEnvironment"/>
    <property name="skipITs" value="true"/>
    <property name="surefire.real.class.path" value="/root/workspace/julianhyde/calcite/386014131/core/target/surefire/surefirebooter7170006093248445290.jar"/>
    <property name="cobertura.skip" value="true"/>
    <property name="sun.boot.class.path" value="/usr/lib/jvm/java-8-openjdk-amd64/jre/lib/resources.jar:/usr/lib/jvm/java-8-openjdk-amd64/jre/lib/rt.jar:/usr/lib/jvm/java-8-openjdk-amd64/jre/lib/sunrsasign.jar:/usr/lib/jvm/java-8-openjdk-amd64/jre/lib/jsse.jar:/usr/lib/jvm/java-8-openjdk-amd64/jre/lib/jce.jar:/usr/lib/jvm/java-8-openjdk-amd64/jre/lib/charsets.jar:/usr/lib/jvm/java-8-openjdk-amd64/jre/lib/jfr.jar:/usr/lib/jvm/java-8-openjdk-amd64/jre/classes"/>
    <property name="sun.management.compiler" value="HotSpot 64-Bit Tiered Compilers"/>
    <property name="java.runtime.version" value="1.8.0_121-8u121-b13-1~bpo8+1-b13"/>
    <property name="user.name" value="root"/>
    <property name="findbugs.skip" value="true"/>
    <property name="path.separator" value=":"/>
    <property name="os.version" value="3.10.0-862.2.3.el7.x86_64"/>
    <property name="java.endorsed.dirs" value="/usr/lib/jvm/java-8-openjdk-amd64/jre/lib/endorsed"/>
    <property name="java.runtime.name" value="OpenJDK Runtime Environment"/>
    <property name="file.encoding" value="UTF-8"/>
    <property name="java.vm.name" value="OpenJDK 64-Bit Server VM"/>
    <property name="localRepository" value="/root/./workspace/julianhyde/calcite/386014131/.m2"/>
    <property name="java.vendor.url.bug" value="http://bugreport.sun.com/bugreport/"/>
    <property name="java.io.tmpdir" value="/tmp"/>
    <property name="java.version" value="1.8.0_121"/>
    <property name="user.dir" value="/root/workspace/julianhyde/calcite/386014131/core"/>
    <property name="os.arch" value="amd64"/>
    <property name="license.skip" value="true"/>
    <property name="java.vm.specification.name" value="Java Virtual Machine Specification"/>
    <property name="java.awt.printerjob" value="sun.print.PSPrinterJob"/>
    <property name="sun.os.patch.level" value="unknown"/>
    <property name="java.library.path" value="/usr/java/packages/lib/amd64:/usr/lib/x86_64-linux-gnu/jni:/lib/x86_64-linux-gnu:/usr/lib/x86_64-linux-gnu:/usr/lib/jni:/lib:/usr/lib"/>
    <property name="java.vm.info" value="mixed mode"/>
    <property name="java.vendor" value="Oracle Corporation"/>
    <property name="java.vm.version" value="25.121-b13"/>
    <property name="java.ext.dirs" value="/usr/lib/jvm/java-8-openjdk-amd64/jre/lib/ext:/usr/java/packages/lib/ext"/>
    <property name="sun.io.unicode.encoding" value="UnicodeLittle"/>
    <property name="maven.repo.local" value="/root/./workspace/julianhyde/calcite/386014131/.m2"/>
    <property name="enforcer.skip" value="true"/>
    <property name="java.class.version" value="52.0"/>
  </properties>
  <testcase name="testReduceValuesNull" classname="org.apache.calcite.test.RelOptRulesTest" time="0">
    <skipped/>
  </testcase>
  <testcase name="testWindowInParenthesis" classname="org.apache.calcite.test.RelOptRulesTest" time="1.04"/>
  <testcase name="testReduceValuesUnderProjectFilter" classname="org.apache.calcite.test.RelOptRulesTest" time="1.058"/>
  <testcase name="testPullConstantThroughAggregateAllConst" classname="org.apache.calcite.test.RelOptRulesTest" time="1.018"/>
  <testcase name="testEmptyAggregateEmptyKeyWithAggregateValuesRule" classname="org.apache.calcite.test.RelOptRulesTest" time="1.059"/>
  <testcase name="testCustomColumnResolvingInCorrelatedSubQuery" classname="org.apache.calcite.test.RelOptRulesTest" time="1.059"/>
  <testcase name="testReduceCase" classname="org.apache.calcite.test.RelOptRulesTest" time="1.058"/>
  <testcase name="testPushCountNullableThroughUnion" classname="org.apache.calcite.test.RelOptRulesTest" time="1.058"/>
  <testcase name="testPushSemiJoinPastJoinRuleRight" classname="org.apache.calcite.test.RelOptRulesTest" time="1.018"/>
  <testcase name="testReduceCastAndConsts" classname="org.apache.calcite.test.RelOptRulesTest" time="0.766"/>
  <testcase name="testPullNull" classname="org.apache.calcite.test.RelOptRulesTest" time="0.898"/>
  <testcase name="testSortProjectTranspose3" classname="org.apache.calcite.test.RelOptRulesTest" time="0.664"/>
  <testcase name="testSortProjectTranspose2" classname="org.apache.calcite.test.RelOptRulesTest" time="0.926"/>
  <testcase name="testSortProjectTranspose1" classname="org.apache.calcite.test.RelOptRulesTest" time="0.665"/>
  <testcase name="testEmptyFilterProjectUnion" classname="org.apache.calcite.test.RelOptRulesTest" time="0.766"/>
  <testcase name="testEmptyProject2" classname="org.apache.calcite.test.RelOptRulesTest" time="0.897"/>
  <testcase name="testIntersectToDistinct" classname="org.apache.calcite.test.RelOptRulesTest" time="0.898"/>
  <testcase name="testReduceCastTimeUnchanged" classname="org.apache.calcite.test.RelOptRulesTest" time="0.728"/>
  <testcase name="testMergeMinus" classname="org.apache.calcite.test.RelOptRulesTest" time="1.042"/>
  <testcase name="testDecorrelateTwoExists" classname="org.apache.calcite.test.RelOptRulesTest" time="1.071"/>
  <testcase name="testEmptyMinus" classname="org.apache.calcite.test.RelOptRulesTest" time="0.601"/>
  <testcase name="testReduceValuesUnderProject" classname="org.apache.calcite.test.RelOptRulesTest" time="0.554"/>
  <testcase name="testAggregateConstantKeyRule" classname="org.apache.calcite.test.RelOptRulesTest" time="0.549"/>
  <testcase name="testExpandFilterExistsSimpleAnd" classname="org.apache.calcite.test.RelOptRulesTest" time="0.774"/>
  <testcase name="testReduceValuesUnderFilter" classname="org.apache.calcite.test.RelOptRulesTest" time="0.524"/>
  <testcase name="testNestedAggregates" classname="org.apache.calcite.test.RelOptRulesTest" time="0.514"/>
  <testcase name="testReduceConstantsDup" classname="org.apache.calcite.test.RelOptRulesTest" time="0.452"/>
  <testcase name="testDistinctCountMixedJoin" classname="org.apache.calcite.test.RelOptRulesTest" time="0.424"/>
  <testcase name="testAggregateProjectMerge" classname="org.apache.calcite.test.RelOptRulesTest" time="0.387"/>
  <testcase name="testOrAlwaysTrue" classname="org.apache.calcite.test.RelOptRulesTest" time="0.82"/>
  <testcase name="testRemoveSemiJoin" classname="org.apache.calcite.test.RelOptRulesTest" time="0.313"/>
  <testcase name="testPullConstantThroughUnion" classname="org.apache.calcite.test.RelOptRulesTest" time="0.539"/>
  <testcase name="testWhereNotInCorrelated2" classname="org.apache.calcite.test.RelOptRulesTest" time="0.567"/>
  <testcase name="testReduceNot" classname="org.apache.calcite.test.RelOptRulesTest" time="0.285"/>
  <testcase name="testDistinctWithGrouping" classname="org.apache.calcite.test.RelOptRulesTest" time="0.261"/>
  <testcase name="testWhereNotInCorrelated" classname="org.apache.calcite.test.RelOptRulesTest" time="0.639"/>
  <testcase name="testSkipReduceConstantsCaseEquals" classname="org.apache.calcite.test.RelOptRulesTest" time="0.377"/>
  <testcase name="testMinusMergeRule" classname="org.apache.calcite.test.RelOptRulesTest" time="0.337"/>
  <testcase name="testWhereInCorrelated" classname="org.apache.calcite.test.RelOptRulesTest" time="0.467"/>
  <testcase name="testReduceConstantsNullEqualsOne" classname="org.apache.calcite.test.RelOptRulesTest" time="0.331"/>
  <testcase name="testDistinctCountMultiple" classname="org.apache.calcite.test.RelOptRulesTest" time="0.331"/>
  <testcase name="testSemiJoinRuleExists" classname="org.apache.calcite.test.RelOptRulesTest" time="0.617"/>
  <testcase name="testConvertMultiJoinRule" classname="org.apache.calcite.test.RelOptRulesTest" time="0.458"/>
  <testcase name="testAll" classname="org.apache.calcite.test.RelOptRulesTest" time="0.32"/>
  <testcase name="testDecorrelateTwoScalar" classname="org.apache.calcite.test.RelOptRulesTest" time="0">
    <skipped message="[CALCITE-1045]"/>
  </testcase>
  <testcase name="testWhereExpressionInCorrelated" classname="org.apache.calcite.test.RelOptRulesTest" time="0.532"/>
  <testcase name="testExpandFilterInComposite" classname="org.apache.calcite.test.RelOptRulesTest" time="0.261"/>
  <testcase name="testPullFilterThroughAggregateGroupingSets" classname="org.apache.calcite.test.RelOptRulesTest" time="0.366"/>
  <testcase name="testReduceConstantsRequiresExecutor" classname="org.apache.calcite.test.RelOptRulesTest" time="0.226"/>
  <testcase name="testExtractYearMonthToRange" classname="org.apache.calcite.test.RelOptRulesTest" time="0.293"/>
  <testcase name="testTransitiveInferenceJoin3wayAgg" classname="org.apache.calcite.test.RelOptRulesTest" time="0.522"/>
  <testcase name="testReduceConstantsProjectNullable" classname="org.apache.calcite.test.RelOptRulesTest" time="0.521"/>
  <testcase name="testWhereOrSubQuery" classname="org.apache.calcite.test.RelOptRulesTest" time="0.551"/>
  <testcase name="testTransitiveInferencePreventProjectPullUp" classname="org.apache.calcite.test.RelOptRulesTest" time="0.365"/>
  <testcase name="testDecorrelateExists" classname="org.apache.calcite.test.RelOptRulesTest" time="0.817"/>
  <testcase name="testExpressionInWindowFunction" classname="org.apache.calcite.test.RelOptRulesTest" time="0.48"/>
  <testcase name="testTransitiveInferenceJoin3way" classname="org.apache.calcite.test.RelOptRulesTest" time="0.452"/>
  <testcase name="testPushCountStarThroughUnion" classname="org.apache.calcite.test.RelOptRulesTest" time="0.439"/>
  <testcase name="testRemoveSemiJoinRight" classname="org.apache.calcite.test.RelOptRulesTest" time="0.454"/>
  <testcase name="testCustomColumnResolvingInNonCorrelatedSubQuery" classname="org.apache.calcite.test.RelOptRulesTest" time="0.377"/>
  <testcase name="testReduceExpressionsNot" classname="org.apache.calcite.test.RelOptRulesTest" time="0.25"/>
  <testcase name="testSome" classname="org.apache.calcite.test.RelOptRulesTest" time="0.583"/>
  <testcase name="testPushProjectPastInnerJoin" classname="org.apache.calcite.test.RelOptRulesTest" time="0.62"/>
  <testcase name="testPushAggregateFunctionsThroughJoin" classname="org.apache.calcite.test.RelOptRulesTest" time="0.561"/>
  <testcase name="testTransitiveInferenceProject" classname="org.apache.calcite.test.RelOptRulesTest" time="0.534"/>
  <testcase name="testPushAvgThroughUnion" classname="org.apache.calcite.test.RelOptRulesTest" time="0.507"/>
  <testcase name="testPushProjectPastFullJoinStrong" classname="org.apache.calcite.test.RelOptRulesTest" time="0.488"/>
  <testcase name="testReduceConstantsCalc" classname="org.apache.calcite.test.RelOptRulesTest" time="0.361"/>
  <testcase name="testReduceConstantsDup2" classname="org.apache.calcite.test.RelOptRulesTest" time="0.297"/>
  <testcase name="testReduceConstantsNull" classname="org.apache.calcite.test.RelOptRulesTest" time="0.635"/>
  <testcase name="testPushCountFilterThroughUnion" classname="org.apache.calcite.test.RelOptRulesTest" time="0.584"/>
  <testcase name="testReduceConstantsNegatedInverted" classname="org.apache.calcite.test.RelOptRulesTest" time="0.551"/>
  <testcase name="testPushSumCountStarGroupingSetsThroughUnion" classname="org.apache.calcite.test.RelOptRulesTest" time="0.527"/>
  <testcase name="testPushSemiJoinPastJoinRuleLeft" classname="org.apache.calcite.test.RelOptRulesTest" time="0.526"/>
  <testcase name="testExtractJoinFilterRule" classname="org.apache.calcite.test.RelOptRulesTest" time="0.334"/>
  <testcase name="testPushAggregateThroughJoinDistinct" classname="org.apache.calcite.test.RelOptRulesTest" time="0.706"/>
  <testcase name="testTransitiveInferenceFullOuterJoin" classname="org.apache.calcite.test.RelOptRulesTest" time="0.655"/>
  <testcase name="testDecorrelateTwoIn" classname="org.apache.calcite.test.RelOptRulesTest" time="0.619"/>
  <testcase name="testPushProjectPastLeftJoinSwapStrong" classname="org.apache.calcite.test.RelOptRulesTest" time="0.507"/>
  <testcase name="testExpandFilterExistsSimple" classname="org.apache.calcite.test.RelOptRulesTest" time="0.054"/>
  <testcase name="testAggregateExtractProjectRuleWithGroupingSets2" classname="org.apache.calcite.test.RelOptRulesTest" time="0.445"/>
  <testcase name="testPullConstantThroughAggregatePermutedConstGroupBy" classname="org.apache.calcite.test.RelOptRulesTest" time="0.381"/>
  <testcase name="testPushSumCountStarThroughUnion" classname="org.apache.calcite.test.RelOptRulesTest" time="0.381"/>
  <testcase name="testPushFilterWithRank" classname="org.apache.calcite.test.RelOptRulesTest" time="0.686"/>
  <testcase name="testPushSumNullableGroupingSetsThroughUnion" classname="org.apache.calcite.test.RelOptRulesTest" time="0.338"/>
  <testcase name="testMergeFilter" classname="org.apache.calcite.test.RelOptRulesTest" time="0.39"/>
  <testcase name="testDistinctCountGroupingSets1" classname="org.apache.calcite.test.RelOptRulesTest" time="0.567"/>
  <testcase name="testDistinctCountGroupingSets2" classname="org.apache.calcite.test.RelOptRulesTest" time="0.428"/>
  <testcase name="testPushProjectPastSetOp" classname="org.apache.calcite.test.RelOptRulesTest" time="0.488"/>
  <testcase name="testJoinPushTransitivePredicatesRule2" classname="org.apache.calcite.test.RelOptRulesTest" time="0.404"/>
  <testcase name="testMergeMinusRightDeep" classname="org.apache.calcite.test.RelOptRulesTest" time="0.376"/>
  <testcase name="testPushFilterPastAgg" classname="org.apache.calcite.test.RelOptRulesTest" time="0.403"/>
  <testcase name="testInferringPredicatesWithNotOperatorInJoinCondition" classname="org.apache.calcite.test.RelOptRulesTest" time="0.817"/>
  <testcase name="testPushProjectPastFullJoin" classname="org.apache.calcite.test.RelOptRulesTest" time="0.599"/>
  <testcase name="testEmptyJoin" classname="org.apache.calcite.test.RelOptRulesTest" time="0.566"/>
  <testcase name="testEmptySort" classname="org.apache.calcite.test.RelOptRulesTest" time="0.566"/>
  <testcase name="testJoinPushTransitivePredicatesRule" classname="org.apache.calcite.test.RelOptRulesTest" time="0.322"/>
  <testcase name="testCasePushIsAlwaysWorking" classname="org.apache.calcite.test.RelOptRulesTest" time="0.503"/>
  <testcase name="testMultipleDistinctWithGrouping" classname="org.apache.calcite.test.RelOptRulesTest" time="0.39"/>
  <testcase name="testMergeFilterWithJoinCondition" classname="org.apache.calcite.test.RelOptRulesTest" time="0">
    <skipped message="cycles"/>
  </testcase>
  <testcase name="testAggregateExtractProjectRuleWithGroupingSets" classname="org.apache.calcite.test.RelOptRulesTest" time="0.784"/>
  <testcase name="testReduceConstantsIsNull" classname="org.apache.calcite.test.RelOptRulesTest" time="0.427"/>
  <testcase name="testTransitiveInferenceJoin" classname="org.apache.calcite.test.RelOptRulesTest" time="0.737"/>
  <testcase name="testPushCountNullableGroupingSetsThroughUnion" classname="org.apache.calcite.test.RelOptRulesTest" time="0.701"/>
  <testcase name="testAggregateExtractProjectRule" classname="org.apache.calcite.test.RelOptRulesTest" time="0.701"/>
  <testcase name="testPushProjectPastRightJoinStrong" classname="org.apache.calcite.test.RelOptRulesTest" time="0.682"/>
  <testcase name="testPushProjectPastRightJoinSwapStrong" classname="org.apache.calcite.test.RelOptRulesTest" time="0.547"/>
  <testcase name="testSemiJoinRuleRight" classname="org.apache.calcite.test.RelOptRulesTest" time="0.414"/>
  <testcase name="testFullOuterJoinSimplificationToRightOuter" classname="org.apache.calcite.test.RelOptRulesTest" time="0.462"/>
  <testcase name="testPushFilterPastAggTwo" classname="org.apache.calcite.test.RelOptRulesTest" time="0.763"/>
  <testcase name="testPushAggregateSumNoGroup" classname="org.apache.calcite.test.RelOptRulesTest" time="0.705"/>
  <testcase name="testPushProjectPastLeftJoin" classname="org.apache.calcite.test.RelOptRulesTest" time="0.698"/>
  <testcase name="testPushFilterPastAggFour" classname="org.apache.calcite.test.RelOptRulesTest" time="0.681"/>
  <testcase name="testSortUnionTranspose" classname="org.apache.calcite.test.RelOptRulesTest" time="0.466"/>
  <testcase name="testReduceConstantsNegated" classname="org.apache.calcite.test.RelOptRulesTest" time="0.567"/>
  <testcase name="testPushSemiJoinPastProject" classname="org.apache.calcite.test.RelOptRulesTest" time="0.494"/>
  <testcase name="testPullAggregateThroughUnion2" classname="org.apache.calcite.test.RelOptRulesTest" time="0.437"/>
  <testcase name="testReduceNullableToNotNull" classname="org.apache.calcite.test.RelOptRulesTest" time="0.716"/>
  <testcase name="testPushFilterWithRankExpr" classname="org.apache.calcite.test.RelOptRulesTest" time="0.288"/>
  <testcase name="testExpandJoinIn" classname="org.apache.calcite.test.RelOptRulesTest" time="0">
    <skipped message="[CALCITE-1045]"/>
  </testcase>
  <testcase name="testReduceNullableCase" classname="org.apache.calcite.test.RelOptRulesTest" time="0.363"/>
  <testcase name="testEmptyAggregateEmptyKey" classname="org.apache.calcite.test.RelOptRulesTest" time="0.107"/>
  <testcase name="testSortJoinTranspose1" classname="org.apache.calcite.test.RelOptRulesTest" time="0.476"/>
  <testcase name="testSortJoinTranspose2" classname="org.apache.calcite.test.RelOptRulesTest" time="0.425"/>
  <testcase name="testSortJoinTranspose3" classname="org.apache.calcite.test.RelOptRulesTest" time="0.318"/>
  <testcase name="testSortJoinTranspose4" classname="org.apache.calcite.test.RelOptRulesTest" time="0.302"/>
  <testcase name="testSortJoinTranspose5" classname="org.apache.calcite.test.RelOptRulesTest" time="0.547"/>
  <testcase name="testSortJoinTranspose6" classname="org.apache.calcite.test.RelOptRulesTest" time="0.546"/>
  <testcase name="testSortJoinTranspose7" classname="org.apache.calcite.test.RelOptRulesTest" time="0.243"/>
  <testcase name="testSemiJoinRule" classname="org.apache.calcite.test.RelOptRulesTest" time="0.428"/>
  <testcase name="testUnionMergeRule" classname="org.apache.calcite.test.RelOptRulesTest" time="0.317"/>
  <testcase name="testSemiJoinTrim" classname="org.apache.calcite.test.RelOptRulesTest" time="0.406"/>
  <testcase name="testTransitiveInferenceConstantEquiPredicate" classname="org.apache.calcite.test.RelOptRulesTest" time="0.406"/>
  <testcase name="testReduceValuesToEmpty" classname="org.apache.calcite.test.RelOptRulesTest" time="0.405"/>
  <testcase name="testPushProjectPastFilter" classname="org.apache.calcite.test.RelOptRulesTest" time="0.351"/>
  <testcase name="testDistinctNonDistinctTwoAggregatesWithGrouping" classname="org.apache.calcite.test.RelOptRulesTest" time="0.787"/>
  <testcase name="testAggregateGroupingSetsProjectMerge" classname="org.apache.calcite.test.RelOptRulesTest" time="0.484"/>
  <testcase name="testWindowFunctionOnAggregations" classname="org.apache.calcite.test.RelOptRulesTest" time="0.427"/>
  <testcase name="testPushFilterThroughSemiJoin" classname="org.apache.calcite.test.RelOptRulesTest" time="0.426"/>
  <testcase name="testWhereInJoinCorrelated" classname="org.apache.calcite.test.RelOptRulesTest" time="0.331"/>
  <testcase name="testDistinctCountMultipleViaJoin" classname="org.apache.calcite.test.RelOptRulesTest" time="0.304"/>
  <testcase name="testPushMinThroughUnion" classname="org.apache.calcite.test.RelOptRulesTest" time="0.485"/>
  <testcase name="testPushSumConstantGroupingSetsThroughUnion" classname="org.apache.calcite.test.RelOptRulesTest" time="0.446"/>
  <testcase name="testPushFilterPastAggWithGroupingSets1" classname="org.apache.calcite.test.RelOptRulesTest" time="0.286"/>
  <testcase name="testPushFilterPastAggWithGroupingSets2" classname="org.apache.calcite.test.RelOptRulesTest" time="0.624"/>
  <testcase name="testTransitiveInferenceUnion3way" classname="org.apache.calcite.test.RelOptRulesTest" time="0.387"/>
  <testcase name="testReduceNullableToNotNull2" classname="org.apache.calcite.test.RelOptRulesTest" time="0.388"/>
  <testcase name="testCastInAggregateReduceFunctions" classname="org.apache.calcite.test.RelOptRulesTest" time="0.465"/>
  <testcase name="testPullConstantThroughConstLast" classname="org.apache.calcite.test.RelOptRulesTest" time="0.339"/>
  <testcase name="testIntersectToDistinctAll" classname="org.apache.calcite.test.RelOptRulesTest" time="0.284"/>
  <testcase name="testEmptyJoinRight" classname="org.apache.calcite.test.RelOptRulesTest" time="0.465"/>
  <testcase name="testTransitiveInferenceLeftOuterJoin" classname="org.apache.calcite.test.RelOptRulesTest" time="0.712"/>
  <testcase name="testPushMaxNullableGroupingSetsThroughUnion" classname="org.apache.calcite.test.RelOptRulesTest" time="0.658"/>
  <testcase name="testReduceConstants2" classname="org.apache.calcite.test.RelOptRulesTest" time="0.657"/>
  <testcase name="testPushJoinThroughUnionOnRight" classname="org.apache.calcite.test.RelOptRulesTest" time="0.355"/>
  <testcase name="testFullOuterJoinSimplificationToInner" classname="org.apache.calcite.test.RelOptRulesTest" time="0.173"/>
  <testcase name="testPushAvgGroupingSetsThroughUnion" classname="org.apache.calcite.test.RelOptRulesTest" time="0.324"/>
  <testcase name="testPushAggregateThroughJoinWithUniqueInput" classname="org.apache.calcite.test.RelOptRulesTest" time="0.805"/>
  <testcase name="testReduceOrCaseWhen" classname="org.apache.calcite.test.RelOptRulesTest" time="0.49"/>
  <testcase name="testHeterogeneousConversion" classname="org.apache.calcite.test.RelOptRulesTest" time="0">
    <skipped message="cycles"/>
  </testcase>
  <testcase name="testReduceAverage" classname="org.apache.calcite.test.RelOptRulesTest" time="0.49"/>
  <testcase name="testMergeUnionAll" classname="org.apache.calcite.test.RelOptRulesTest" time="0.489"/>
  <testcase name="testReduceCasts" classname="org.apache.calcite.test.RelOptRulesTest" time="0.387"/>
  <testcase name="testLeftOuterJoinSimplificationToInner" classname="org.apache.calcite.test.RelOptRulesTest" time="0.304"/>
  <testcase name="testCustomColumnResolvingInCorrelatedSubQuery2" classname="org.apache.calcite.test.RelOptRulesTest" time="0.582"/>
  <testcase name="testPushSumNullableNOGBYThroughUnion" classname="org.apache.calcite.test.RelOptRulesTest" time="0.32"/>
  <testcase name="testEmptyMinus2" classname="org.apache.calcite.test.RelOptRulesTest" time="0.586"/>
  <testcase name="testAggregateExtractProjectRuleWithFilter" classname="org.apache.calcite.test.RelOptRulesTest" time="0.32"/>
  <testcase name="testPushAggregateThroughJoin1" classname="org.apache.calcite.test.RelOptRulesTest" time="0.482"/>
  <testcase name="testPushAggregateThroughJoin2" classname="org.apache.calcite.test.RelOptRulesTest" time="0.482"/>
  <testcase name="testPushAggregateThroughJoin3" classname="org.apache.calcite.test.RelOptRulesTest" time="0.301"/>
  <testcase name="testPushAggregateThroughJoin4" classname="org.apache.calcite.test.RelOptRulesTest" time="0.656"/>
  <testcase name="testPushAggregateThroughJoin5" classname="org.apache.calcite.test.RelOptRulesTest" time="0.622"/>
  <testcase name="testPushAggregateThroughJoin6" classname="org.apache.calcite.test.RelOptRulesTest" time="0.481"/>
  <testcase name="testPushFilterPastProject" classname="org.apache.calcite.test.RelOptRulesTest" time="0.426"/>
  <testcase name="testReduceConstants" classname="org.apache.calcite.test.RelOptRulesTest" time="0.35"/>
  <testcase name="testMergeJoinFilter" classname="org.apache.calcite.test.RelOptRulesTest" time="0.666"/>
  <testcase name="testPushSumNullConstantThroughUnion" classname="org.apache.calcite.test.RelOptRulesTest" time="0.666"/>
  <testcase name="testMergeUnionDistinct" classname="org.apache.calcite.test.RelOptRulesTest" time="0.512"/>
  <testcase name="testStrengthenJoinType" classname="org.apache.calcite.test.RelOptRulesTest" time="0.428"/>
  <testcase name="testExpandWhereComparisonCorrelated" classname="org.apache.calcite.test.RelOptRulesTest" time="0.429"/>
  <testcase name="testPushAggregateSumThroughJoin" classname="org.apache.calcite.test.RelOptRulesTest" time="0.427"/>
  <testcase name="testExpandFilterIn" classname="org.apache.calcite.test.RelOptRulesTest" time="0.427"/>
  <testcase name="testPushAggregateSumWithoutGroupKeyThroughJoin" classname="org.apache.calcite.test.RelOptRulesTest" time="0.4"/>
  <testcase name="testReduceConstantsCaseEquals" classname="org.apache.calcite.test.RelOptRulesTest" time="0.671"/>
  <testcase name="testTransitiveInferenceNoPullUpExprs" classname="org.apache.calcite.test.RelOptRulesTest" time="0.515"/>
  <testcase name="testEmptyProject" classname="org.apache.calcite.test.RelOptRulesTest" time="0.382"/>
  <testcase name="testTransitiveInferenceConjunctInPullUp" classname="org.apache.calcite.test.RelOptRulesTest" time="0.484"/>
  <testcase name="testPullConstantThroughAggregateSimpleNonNullable" classname="org.apache.calcite.test.RelOptRulesTest" time="0.267"/>
  <testcase name="testUnionToDistinctRule" classname="org.apache.calcite.test.RelOptRulesTest" time="0.266"/>
  <testcase name="testPushSemiJoinPastFilter" classname="org.apache.calcite.test.RelOptRulesTest" time="0.267"/>
  <testcase name="testWhereExpressionInCorrelated2" classname="org.apache.calcite.test.RelOptRulesTest" time="0.47"/>
  <testcase name="testPullAggregateThroughUnion" classname="org.apache.calcite.test.RelOptRulesTest" time="0.164"/>
  <testcase name="testPullConstantIntoFilter" classname="org.apache.calcite.test.RelOptRulesTest" time="0.399"/>
  <testcase name="testSimplifyFilter" classname="org.apache.calcite.test.RelOptRulesTest" time="0.41"/>
  <testcase name="testDistinctWithMultipleInputs" classname="org.apache.calcite.test.RelOptRulesTest" time="0.2"/>
  <testcase name="testPushSumNullableThroughUnion" classname="org.apache.calcite.test.RelOptRulesTest" time="0.356"/>
  <testcase name="testEmptyAggregate" classname="org.apache.calcite.test.RelOptRulesTest" time="0.307"/>
  <testcase name="testConvertMultiJoinRuleOuterJoins2" classname="org.apache.calcite.test.RelOptRulesTest" time="0.289"/>
  <testcase name="testConvertMultiJoinRuleOuterJoins3" classname="org.apache.calcite.test.RelOptRulesTest" time="0.289"/>
  <testcase name="testConvertMultiJoinRuleOuterJoins4" classname="org.apache.calcite.test.RelOptRulesTest" time="0.289"/>
  <testcase name="testProjectToWindowRuleForMultipleWindows" classname="org.apache.calcite.test.RelOptRulesTest" time="0.415"/>
  <testcase name="testPushAggregateSumThroughJoinAfterAggregateReduce" classname="org.apache.calcite.test.RelOptRulesTest" time="0.271"/>
  <testcase name="testTransitiveInferencePullUpThruAlias" classname="org.apache.calcite.test.RelOptRulesTest" time="0.288"/>
  <testcase name="testProjectWindowTransposeRule" classname="org.apache.calcite.test.RelOptRulesTest" time="0.562"/>
  <testcase name="testTransitiveInferenceAggregate" classname="org.apache.calcite.test.RelOptRulesTest" time="0.506"/>
  <testcase name="testExtractYearToRange" classname="org.apache.calcite.test.RelOptRulesTest" time="0.506"/>
  <testcase name="testEmptySortLimitZero" classname="org.apache.calcite.test.RelOptRulesTest" time="0.56"/>
  <testcase name="testCastInAggregateExpandDistinctAggregatesRule" classname="org.apache.calcite.test.RelOptRulesTest" time="0.504"/>
  <testcase name="testDistinctCount1" classname="org.apache.calcite.test.RelOptRulesTest" time="0.76"/>
  <testcase name="testDistinctCount2" classname="org.apache.calcite.test.RelOptRulesTest" time="0.559"/>
  <testcase name="testDistinctCount3" classname="org.apache.calcite.test.RelOptRulesTest" time="0.39"/>
  <testcase name="testExpandProjectIn" classname="org.apache.calcite.test.RelOptRulesTest" time="0.518"/>
  <testcase name="testReduceNullableCase2" classname="org.apache.calcite.test.RelOptRulesTest" time="0.476"/>
  <testcase name="testPushCountStarGroupingSetsThroughUnion" classname="org.apache.calcite.test.RelOptRulesTest" time="0.344"/>
  <testcase name="testCorrelationScalarAggAndFilter" classname="org.apache.calcite.test.RelOptRulesTest" time="0.327"/>
  <testcase name="testDistinctNonDistinctAggregates" classname="org.apache.calcite.test.RelOptRulesTest" time="0.563"/>
  <testcase name="testOrAlwaysTrue2" classname="org.apache.calcite.test.RelOptRulesTest" time="0.51"/>
  <testcase name="testProjectWindowTransposeRuleWithConstants" classname="org.apache.calcite.test.RelOptRulesTest" time="0.475"/>
  <testcase name="testJoinProjectTranspose" classname="org.apache.calcite.test.RelOptRulesTest" time="0.605"/>
  <testcase name="testAggregateProjectPullUpConstants2" classname="org.apache.calcite.test.RelOptRulesTest" time="0.403"/>
  <testcase name="testMergeSetOpMixed" classname="org.apache.calcite.test.RelOptRulesTest" time="0.4"/>
  <testcase name="testDistinctNonDistinctAggregatesWithGrouping1" classname="org.apache.calcite.test.RelOptRulesTest" time="0.383"/>
  <testcase name="testDistinctNonDistinctAggregatesWithGrouping2" classname="org.apache.calcite.test.RelOptRulesTest" time="0.405"/>
  <testcase name="testReduceConstantsIsNotNull" classname="org.apache.calcite.test.RelOptRulesTest" time="0.385"/>
  <testcase name="testPushMinGroupingSetsThroughUnion" classname="org.apache.calcite.test.RelOptRulesTest" time="0.557"/>
  <testcase name="testPullConstantThroughAggregateConstGroupBy" classname="org.apache.calcite.test.RelOptRulesTest" time="0.519"/>
  <testcase name="testPushProjectPastJoin" classname="org.apache.calcite.test.RelOptRulesTest" time="0.295"/>
  <testcase name="testPullConstantThroughAggregatePermuted" classname="org.apache.calcite.test.RelOptRulesTest" time="0.294"/>
  <testcase name="testEmptyIntersect" classname="org.apache.calcite.test.RelOptRulesTest" time="0.293"/>
  <testcase name="testPushProjectPastRightJoinSwap" classname="org.apache.calcite.test.RelOptRulesTest" time="0.293"/>
  <testcase name="testExpandJoinExists" classname="org.apache.calcite.test.RelOptRulesTest" time="0.711"/>
  <testcase name="testPullConstantIntoProject" classname="org.apache.calcite.test.RelOptRulesTest" time="0.61"/>
  <testcase name="testTransitiveInferenceUnionAlwaysTrue" classname="org.apache.calcite.test.RelOptRulesTest" time="0.628"/>
  <testcase name="testReduceCompositeInSubQuery" classname="org.apache.calcite.test.RelOptRulesTest" time="0.609"/>
  <testcase name="testMergeIntersect" classname="org.apache.calcite.test.RelOptRulesTest" time="0.303"/>
  <testcase name="testPushSumConstantThroughUnion" classname="org.apache.calcite.test.RelOptRulesTest" time="0.261"/>
  <testcase name="testAddRedundantSemiJoinRule" classname="org.apache.calcite.test.RelOptRulesTest" time="0.13"/>
  <testcase name="testExpandProjectExists" classname="org.apache.calcite.test.RelOptRulesTest" time="0.5"/>
  <testcase name="testRemoveSemiJoinWithFilter" classname="org.apache.calcite.test.RelOptRulesTest" time="0.499"/>
  <testcase name="testTransitiveInferenceUnion3wayOr" classname="org.apache.calcite.test.RelOptRulesTest" time="0">
    <skipped message="not working"/>
  </testcase>
  <testcase name="testRightOuterJoinSimplificationToInner" classname="org.apache.calcite.test.RelOptRulesTest" time="0.758"/>
  <testcase name="testReduceCastsNullable" classname="org.apache.calcite.test.RelOptRulesTest" time="0">
    <skipped/>
  </testcase>
  <testcase name="testDistinctCountMixed" classname="org.apache.calcite.test.RelOptRulesTest" time="0.757"/>
  <testcase name="testPushJoinCondDownToProject" classname="org.apache.calcite.test.RelOptRulesTest" time="0.681"/>
  <testcase name="testRemoveSemiJoinRightWithFilter" classname="org.apache.calcite.test.RelOptRulesTest" time="0.554"/>
  <testcase name="testFullOuterJoinSimplificationToLeftOuter" classname="org.apache.calcite.test.RelOptRulesTest" time="0.51"/>
  <testcase name="testPullConstantThroughAggregatePermutedConstFirst" classname="org.apache.calcite.test.RelOptRulesTest" time="0.798"/>
  <testcase name="testConvertMultiJoinRuleOuterJoins" classname="org.apache.calcite.test.RelOptRulesTest" time="0.824"/>
  <testcase name="testTransitiveInferenceUnion" classname="org.apache.calcite.test.RelOptRulesTest" time="0.769"/>
  <testcase name="testPullConstantIntoJoin" classname="org.apache.calcite.test.RelOptRulesTest" time="0.686"/>
  <testcase name="testReduceConstantsCaseEquals2" classname="org.apache.calcite.test.RelOptRulesTest" time="0.708"/>
  <testcase name="testReduceConstantsCaseEquals3" classname="org.apache.calcite.test.RelOptRulesTest" time="0.685"/>
  <testcase name="testExpandJoinScalar" classname="org.apache.calcite.test.RelOptRulesTest" time="0.617"/>
  <testcase name="testPullConstantThroughAggregateAllLiterals" classname="org.apache.calcite.test.RelOptRulesTest" time="0.557"/>
  <testcase name="testSwapOuterJoin" classname="org.apache.calcite.test.RelOptRulesTest" time="0.556"/>
  <testcase name="testPushJoinThroughUnionOnLeft" classname="org.apache.calcite.test.RelOptRulesTest" time="0.915"/>
  <testcase name="testMergeUnionMixed2" classname="org.apache.calcite.test.RelOptRulesTest" time="0.499"/>
  <testcase name="testPushFilterPastAggThree" classname="org.apache.calcite.test.RelOptRulesTest" time="0.499"/>
  <testcase name="testExpandFilterExists" classname="org.apache.calcite.test.RelOptRulesTest" time="0.502"/>
  <testcase name="testAggregateProjectPullUpConstants" classname="org.apache.calcite.test.RelOptRulesTest" time="0.336"/>
  <testcase name="testReduceConstantsEliminatesFilter" classname="org.apache.calcite.test.RelOptRulesTest" time="0.529"/>
  <testcase name="testPushProjectPastFilter2" classname="org.apache.calcite.test.RelOptRulesTest" time="0.502"/>
  <testcase name="testSemiJoinReduceConstants" classname="org.apache.calcite.test.RelOptRulesTest" time="0.275"/>
  <testcase name="testExpandProjectScalar" classname="org.apache.calcite.test.RelOptRulesTest" time="0.666"/>
  <testcase name="testDistinctCountWithoutGroupBy" classname="org.apache.calcite.test.RelOptRulesTest" time="0.638"/>
  <testcase name="testDecorrelateUncorrelatedInAndCorrelatedExists" classname="org.apache.calcite.test.RelOptRulesTest" time="0.696"/>
  <testcase name="testSortRemovalAllKeysConstant" classname="org.apache.calcite.test.RelOptRulesTest" time="0.473"/>
  <testcase name="testDistinctCountMultipleNoGroup" classname="org.apache.calcite.test.RelOptRulesTest" time="0.592"/>
  <testcase name="testExpandProjectInNullable" classname="org.apache.calcite.test.RelOptRulesTest" time="0.416"/>
  <testcase name="testPullFilterThroughAggregate" classname="org.apache.calcite.test.RelOptRulesTest" time="0.684"/>
  <testcase name="testAggregateConstantKeyRule2" classname="org.apache.calcite.test.RelOptRulesTest" time="0.414"/>
  <testcase name="testAggregateConstantKeyRule3" classname="org.apache.calcite.test.RelOptRulesTest" time="0.592"/>
  <testcase name="testPullConstantIntoJoin2" classname="org.apache.calcite.test.RelOptRulesTest" time="0.591"/>
  <testcase name="testSortRemovalOneKeyConstant" classname="org.apache.calcite.test.RelOptRulesTest" time="0.56"/>
  <testcase name="testPushProjectPastInnerJoinStrong" classname="org.apache.calcite.test.RelOptRulesTest" time="0.557"/>
  <testcase name="testPushProjectPastLeftJoinSwap" classname="org.apache.calcite.test.RelOptRulesTest" time="0.426"/>
  <testcase name="testSemiJoinRuleFull" classname="org.apache.calcite.test.RelOptRulesTest" time="0.395"/>
  <testcase name="testSemiJoinRuleLeft" classname="org.apache.calcite.test.RelOptRulesTest" time="0.487"/>
  <testcase name="testExpandProjectInComposite" classname="org.apache.calcite.test.RelOptRulesTest" time="0.43"/>
  <testcase name="testEmptyJoinLeft" classname="org.apache.calcite.test.RelOptRulesTest" time="0.648"/>
  <testcase name="testExpandJoinInComposite" classname="org.apache.calcite.test.RelOptRulesTest" time="0">
    <skipped message="[CALCITE-1045]"/>
  </testcase>
  <testcase name="testFilterRemoveIsNotDistinctFromRule" classname="org.apache.calcite.test.RelOptRulesTest" time="0.398"/>
  <testcase name="testReduceNestedCaseWhen" classname="org.apache.calcite.test.RelOptRulesTest" time="0.566"/>
  <testcase name="testTransitiveInferenceRightOuterJoin" classname="org.apache.calcite.test.RelOptRulesTest" time="0.442"/>
  <testcase name="testDistinctCountMixed2" classname="org.apache.calcite.test.RelOptRulesTest" time="0.444"/>
  <testcase name="testPushSumNullConstantGroupingSetsThroughUnion" classname="org.apache.calcite.test.RelOptRulesTest" time="0.414"/>
  <testcase name="testExpandFilterIn3Value" classname="org.apache.calcite.test.RelOptRulesTest" time="0.387"/>
  <testcase name="testSortUnionTranspose2" classname="org.apache.calcite.test.RelOptRulesTest" time="0.371"/>
  <testcase name="testSortUnionTranspose3" classname="org.apache.calcite.test.RelOptRulesTest" time="0.371"/>
  <testcase name="testTransitiveInferenceComplexPredicate" classname="org.apache.calcite.test.RelOptRulesTest" time="0.269"/>
  <testcase name="testExpandFilterScalar" classname="org.apache.calcite.test.RelOptRulesTest" time="0.337"/>
  <testcase name="testAlreadyFalseEliminatesFilter" classname="org.apache.calcite.test.RelOptRulesTest" time="0.306"/>
  <testcase name="testDistinctWithMultipleInputsAndGroupby" classname="org.apache.calcite.test.RelOptRulesTest" time="0.305"/>
  <testcase name="testPushMaxNullableThroughUnion" classname="org.apache.calcite.test.RelOptRulesTest" time="0.282"/>
  <testcase name="testPullConstantThroughUnion2" classname="org.apache.calcite.test.RelOptRulesTest" time="0.281"/>
  <testcase name="testPullConstantThroughUnion3" classname="org.apache.calcite.test.RelOptRulesTest" time="0.226"/>
  <testcase name="testPushProjectPastRightJoin" classname="org.apache.calcite.test.RelOptRulesTest" time="0.223"/>
  <testcase name="testMergeUnionMixed" classname="org.apache.calcite.test.RelOptRulesTest" time="0.222"/>
</testsuite>