<?xml version="1.0" encoding="UTF-8"?>
<testsuite xmlns:xsi="http://www.w3.org/2001/XMLSchema-instance" xsi:noNamespaceSchemaLocation="https://maven.apache.org/surefire/maven-surefire-plugin/xsd/surefire-test-report.xsd" name="org.apache.calcite.test.RelOptRulesTest" time="10.365" tests="299" errors="0" skipped="8" failures="0">
  <properties>
    <property name="awt.toolkit" value="sun.awt.X11.XToolkit"/>
    <property name="hsqldb.reconfig_logging" value="false"/>
    <property name="file.encoding.pkg" value="sun.io"/>
    <property name="java.specification.version" value="1.8"/>
    <property name="sun.cpu.isalist" value=""/>
    <property name="sun.jnu.encoding" value="UTF-8"/>
    <property name="java.class.path" value="/root/workspace/apache/calcite/385984229/core/target/test-classes:/root/workspace/apache/calcite/385984229/core/target/classes:/root/./workspace/apache/calcite/385984229/.m2/org/apache/calcite/avatica/avatica-core/1.11.0/avatica-core-1.11.0.jar:/root/./workspace/apache/calcite/385984229/.m2/org/apache/calcite/avatica/avatica-metrics/1.11.0/avatica-metrics-1.11.0.jar:/root/./workspace/apache/calcite/385984229/.m2/com/google/protobuf/protobuf-java/3.3.0/protobuf-java-3.3.0.jar:/root/./workspace/apache/calcite/385984229/.m2/org/apache/httpcomponents/httpclient/4.5.2/httpclient-4.5.2.jar:/root/./workspace/apache/calcite/385984229/.m2/commons-codec/commons-codec/1.9/commons-codec-1.9.jar:/root/./workspace/apache/calcite/385984229/.m2/org/apache/httpcomponents/httpcore/4.4.4/httpcore-4.4.4.jar:/root/workspace/apache/calcite/385984229/linq4j/target/classes:/root/./workspace/apache/calcite/385984229/.m2/org/apache/calcite/avatica/avatica-server/1.11.0/avatica-server-1.11.0.jar:/root/./workspace/apache/calcite/385984229/.m2/javax/servlet/javax.servlet-api/3.0.1/javax.servlet-api-3.0.1.jar:/root/./workspace/apache/calcite/385984229/.m2/org/eclipse/jetty/jetty-http/9.2.19.v20160908/jetty-http-9.2.19.v20160908.jar:/root/./workspace/apache/calcite/385984229/.m2/org/eclipse/jetty/jetty-security/9.2.19.v20160908/jetty-security-9.2.19.v20160908.jar:/root/./workspace/apache/calcite/385984229/.m2/org/eclipse/jetty/jetty-server/9.2.19.v20160908/jetty-server-9.2.19.v20160908.jar:/root/./workspace/apache/calcite/385984229/.m2/org/eclipse/jetty/jetty-io/9.2.19.v20160908/jetty-io-9.2.19.v20160908.jar:/root/./workspace/apache/calcite/385984229/.m2/org/eclipse/jetty/jetty-util/9.2.19.v20160908/jetty-util-9.2.19.v20160908.jar:/root/./workspace/apache/calcite/385984229/.m2/commons-dbcp/commons-dbcp/1.4/commons-dbcp-1.4.jar:/root/./workspace/apache/calcite/385984229/.m2/commons-pool/commons-pool/1.5.4/commons-pool-1.5.4.jar:/root/./workspace/apache/calcite/385984229/.m2/org/apache/commons/commons-lang3/3.2/commons-lang3-3.2.jar:/root/./workspace/apache/calcite/385984229/.m2/com/esri/geometry/esri-geometry-api/2.0.0/esri-geometry-api-2.0.0.jar:/root/./workspace/apache/calcite/385984229/.m2/com/fasterxml/jackson/core/jackson-core/2.9.4/jackson-core-2.9.4.jar:/root/./workspace/apache/calcite/385984229/.m2/com/fasterxml/jackson/core/jackson-annotations/2.9.4/jackson-annotations-2.9.4.jar:/root/./workspace/apache/calcite/385984229/.m2/com/fasterxml/jackson/core/jackson-databind/2.9.4/jackson-databind-2.9.4.jar:/root/./workspace/apache/calcite/385984229/.m2/com/google/code/findbugs/jsr305/3.0.1/jsr305-3.0.1.jar:/root/./workspace/apache/calcite/385984229/.m2/com/google/guava/guava/19.0/guava-19.0.jar:/root/./workspace/apache/calcite/385984229/.m2/com/h2database/h2/1.4.185/h2-1.4.185.jar:/root/./workspace/apache/calcite/385984229/.m2/com/yahoo/datasketches/sketches-core/0.9.0/sketches-core-0.9.0.jar:/root/./workspace/apache/calcite/385984229/.m2/com/yahoo/datasketches/memory/0.9.0/memory-0.9.0.jar:/root/./workspace/apache/calcite/385984229/.m2/junit/junit/4.12/junit-4.12.jar:/root/./workspace/apache/calcite/385984229/.m2/mysql/mysql-connector-java/5.1.20/mysql-connector-java-5.1.20.jar:/root/./workspace/apache/calcite/385984229/.m2/net/hydromatic/aggdesigner-algorithm/6.0/aggdesigner-algorithm-6.0.jar:/root/./workspace/apache/calcite/385984229/.m2/commons-lang/commons-lang/2.4/commons-lang-2.4.jar:/root/./workspace/apache/calcite/385984229/.m2/commons-logging/commons-logging/1.1.3/commons-logging-1.1.3.jar:/root/./workspace/apache/calcite/385984229/.m2/net/hydromatic/foodmart-data-hsqldb/0.3/foodmart-data-hsqldb-0.3.jar:/root/./workspace/apache/calcite/385984229/.m2/net/hydromatic/foodmart-queries/0.4.1/foodmart-queries-0.4.1.jar:/root/./workspace/apache/calcite/385984229/.m2/net/hydromatic/quidem/0.8/quidem-0.8.jar:/root/./workspace/apache/calcite/385984229/.m2/net/hydromatic/scott-data-hsqldb/0.1/scott-data-hsqldb-0.1.jar:/root/./workspace/apache/calcite/385984229/.m2/org/codehaus/janino/janino/2.7.6/janino-2.7.6.jar:/root/./workspace/apache/calcite/385984229/.m2/org/codehaus/janino/commons-compiler/2.7.6/commons-compiler-2.7.6.jar:/root/./workspace/apache/calcite/385984229/.m2/org/hsqldb/hsqldb/2.4.0/hsqldb-2.4.0.jar:/root/./workspace/apache/calcite/385984229/.m2/org/incava/java-diff/1.1.1/java-diff-1.1.1.jar:/root/./workspace/apache/calcite/385984229/.m2/org/hamcrest/hamcrest-core/1.3/hamcrest-core-1.3.jar:/root/./workspace/apache/calcite/385984229/.m2/org/postgresql/postgresql/9.3-1102-jdbc3/postgresql-9.3-1102-jdbc3.jar:/root/./workspace/apache/calcite/385984229/.m2/org/slf4j/slf4j-api/1.7.13/slf4j-api-1.7.13.jar:/root/./workspace/apache/calcite/385984229/.m2/org/slf4j/slf4j-log4j12/1.7.13/slf4j-log4j12-1.7.13.jar:/root/./workspace/apache/calcite/385984229/.m2/log4j/log4j/1.2.17/log4j-1.2.17.jar:/root/./workspace/apache/calcite/385984229/.m2/sqlline/sqlline/1.3.0/sqlline-1.3.0.jar:/root/./workspace/apache/calcite/385984229/.m2/jline/jline/2.14.3/jline-2.14.3.jar:"/>
    <property name="java.vm.vendor" value="Oracle Corporation"/>
    <property name="skip.bower" value="true"/>
    <property name="sun.arch.data.model" value="64"/>
    <property name="java.vendor.url" value="http://java.oracle.com/"/>
    <property name="user.timezone" value="Europe/Paris"/>
    <property name="java.vm.specification.version" value="1.8"/>
    <property name="os.name" value="Linux"/>
    <property name="rat.skip" value="true"/>
    <property name="gpg.skip" value="true"/>
    <property name="sun.java.launcher" value="SUN_STANDARD"/>
    <property name="sun.boot.library.path" value="/usr/lib/jvm/java-8-openjdk-amd64/jre/lib/amd64"/>
    <property name="skip.gulp" value="true"/>
    <property name="sun.java.command" value="/root/workspace/apache/calcite/385984229/core/target/surefire/surefirebooter2782016744587048665.jar /root/workspace/apache/calcite/385984229/core/target/surefire 2018-05-31T04-27-51_401-jvmRun1 surefire811472917810045110tmp surefire_16835665988078036631tmp"/>
    <property name="dependency-check.skip" value="true"/>
    <property name="surefire.test.class.path" value="/root/workspace/apache/calcite/385984229/core/target/test-classes:/root/workspace/apache/calcite/385984229/core/target/classes:/root/./workspace/apache/calcite/385984229/.m2/org/apache/calcite/avatica/avatica-core/1.11.0/avatica-core-1.11.0.jar:/root/./workspace/apache/calcite/385984229/.m2/org/apache/calcite/avatica/avatica-metrics/1.11.0/avatica-metrics-1.11.0.jar:/root/./workspace/apache/calcite/385984229/.m2/com/google/protobuf/protobuf-java/3.3.0/protobuf-java-3.3.0.jar:/root/./workspace/apache/calcite/385984229/.m2/org/apache/httpcomponents/httpclient/4.5.2/httpclient-4.5.2.jar:/root/./workspace/apache/calcite/385984229/.m2/commons-codec/commons-codec/1.9/commons-codec-1.9.jar:/root/./workspace/apache/calcite/385984229/.m2/org/apache/httpcomponents/httpcore/4.4.4/httpcore-4.4.4.jar:/root/workspace/apache/calcite/385984229/linq4j/target/classes:/root/./workspace/apache/calcite/385984229/.m2/org/apache/calcite/avatica/avatica-server/1.11.0/avatica-server-1.11.0.jar:/root/./workspace/apache/calcite/385984229/.m2/javax/servlet/javax.servlet-api/3.0.1/javax.servlet-api-3.0.1.jar:/root/./workspace/apache/calcite/385984229/.m2/org/eclipse/jetty/jetty-http/9.2.19.v20160908/jetty-http-9.2.19.v20160908.jar:/root/./workspace/apache/calcite/385984229/.m2/org/eclipse/jetty/jetty-security/9.2.19.v20160908/jetty-security-9.2.19.v20160908.jar:/root/./workspace/apache/calcite/385984229/.m2/org/eclipse/jetty/jetty-server/9.2.19.v20160908/jetty-server-9.2.19.v20160908.jar:/root/./workspace/apache/calcite/385984229/.m2/org/eclipse/jetty/jetty-io/9.2.19.v20160908/jetty-io-9.2.19.v20160908.jar:/root/./workspace/apache/calcite/385984229/.m2/org/eclipse/jetty/jetty-util/9.2.19.v20160908/jetty-util-9.2.19.v20160908.jar:/root/./workspace/apache/calcite/385984229/.m2/commons-dbcp/commons-dbcp/1.4/commons-dbcp-1.4.jar:/root/./workspace/apache/calcite/385984229/.m2/commons-pool/commons-pool/1.5.4/commons-pool-1.5.4.jar:/root/./workspace/apache/calcite/385984229/.m2/org/apache/commons/commons-lang3/3.2/commons-lang3-3.2.jar:/root/./workspace/apache/calcite/385984229/.m2/com/esri/geometry/esri-geometry-api/2.0.0/esri-geometry-api-2.0.0.jar:/root/./workspace/apache/calcite/385984229/.m2/com/fasterxml/jackson/core/jackson-core/2.9.4/jackson-core-2.9.4.jar:/root/./workspace/apache/calcite/385984229/.m2/com/fasterxml/jackson/core/jackson-annotations/2.9.4/jackson-annotations-2.9.4.jar:/root/./workspace/apache/calcite/385984229/.m2/com/fasterxml/jackson/core/jackson-databind/2.9.4/jackson-databind-2.9.4.jar:/root/./workspace/apache/calcite/385984229/.m2/com/google/code/findbugs/jsr305/3.0.1/jsr305-3.0.1.jar:/root/./workspace/apache/calcite/385984229/.m2/com/google/guava/guava/19.0/guava-19.0.jar:/root/./workspace/apache/calcite/385984229/.m2/com/h2database/h2/1.4.185/h2-1.4.185.jar:/root/./workspace/apache/calcite/385984229/.m2/com/yahoo/datasketches/sketches-core/0.9.0/sketches-core-0.9.0.jar:/root/./workspace/apache/calcite/385984229/.m2/com/yahoo/datasketches/memory/0.9.0/memory-0.9.0.jar:/root/./workspace/apache/calcite/385984229/.m2/junit/junit/4.12/junit-4.12.jar:/root/./workspace/apache/calcite/385984229/.m2/mysql/mysql-connector-java/5.1.20/mysql-connector-java-5.1.20.jar:/root/./workspace/apache/calcite/385984229/.m2/net/hydromatic/aggdesigner-algorithm/6.0/aggdesigner-algorithm-6.0.jar:/root/./workspace/apache/calcite/385984229/.m2/commons-lang/commons-lang/2.4/commons-lang-2.4.jar:/root/./workspace/apache/calcite/385984229/.m2/commons-logging/commons-logging/1.1.3/commons-logging-1.1.3.jar:/root/./workspace/apache/calcite/385984229/.m2/net/hydromatic/foodmart-data-hsqldb/0.3/foodmart-data-hsqldb-0.3.jar:/root/./workspace/apache/calcite/385984229/.m2/net/hydromatic/foodmart-queries/0.4.1/foodmart-queries-0.4.1.jar:/root/./workspace/apache/calcite/385984229/.m2/net/hydromatic/quidem/0.8/quidem-0.8.jar:/root/./workspace/apache/calcite/385984229/.m2/net/hydromatic/scott-data-hsqldb/0.1/scott-data-hsqldb-0.1.jar:/root/./workspace/apache/calcite/385984229/.m2/org/codehaus/janino/janino/2.7.6/janino-2.7.6.jar:/root/./workspace/apache/calcite/385984229/.m2/org/codehaus/janino/commons-compiler/2.7.6/commons-compiler-2.7.6.jar:/root/./workspace/apache/calcite/385984229/.m2/org/hsqldb/hsqldb/2.4.0/hsqldb-2.4.0.jar:/root/./workspace/apache/calcite/385984229/.m2/org/incava/java-diff/1.1.1/java-diff-1.1.1.jar:/root/./workspace/apache/calcite/385984229/.m2/org/hamcrest/hamcrest-core/1.3/hamcrest-core-1.3.jar:/root/./workspace/apache/calcite/385984229/.m2/org/postgresql/postgresql/9.3-1102-jdbc3/postgresql-9.3-1102-jdbc3.jar:/root/./workspace/apache/calcite/385984229/.m2/org/slf4j/slf4j-api/1.7.13/slf4j-api-1.7.13.jar:/root/./workspace/apache/calcite/385984229/.m2/org/slf4j/slf4j-log4j12/1.7.13/slf4j-log4j12-1.7.13.jar:/root/./workspace/apache/calcite/385984229/.m2/log4j/log4j/1.2.17/log4j-1.2.17.jar:/root/./workspace/apache/calcite/385984229/.m2/sqlline/sqlline/1.3.0/sqlline-1.3.0.jar:/root/./workspace/apache/calcite/385984229/.m2/jline/jline/2.14.3/jline-2.14.3.jar:"/>
    <property name="sun.cpu.endian" value="little"/>
    <property name="user.home" value="/root"/>
    <property name="user.language" value="en"/>
    <property name="java.specification.vendor" value="Oracle Corporation"/>
    <property name="java.home" value="/usr/lib/jvm/java-8-openjdk-amd64/jre"/>
    <property name="basedir" value="/root/workspace/apache/calcite/385984229/core"/>
    <property name="file.separator" value="/"/>
    <property name="checkstyle.skip" value="true"/>
    <property name="line.separator" value="&#10;"/>
    <property name="skip.npm" value="true"/>
    <property name="java.vm.specification.vendor" value="Oracle Corporation"/>
    <property name="java.specification.name" value="Java Platform API Specification"/>
    <property name="java.awt.graphicsenv" value="sun.awt.X11GraphicsEnvironment"/>
    <property name="skipITs" value="true"/>
    <property name="surefire.real.class.path" value="/root/workspace/apache/calcite/385984229/core/target/surefire/surefirebooter2782016744587048665.jar"/>
    <property name="cobertura.skip" value="true"/>
    <property name="sun.boot.class.path" value="/usr/lib/jvm/java-8-openjdk-amd64/jre/lib/resources.jar:/usr/lib/jvm/java-8-openjdk-amd64/jre/lib/rt.jar:/usr/lib/jvm/java-8-openjdk-amd64/jre/lib/sunrsasign.jar:/usr/lib/jvm/java-8-openjdk-amd64/jre/lib/jsse.jar:/usr/lib/jvm/java-8-openjdk-amd64/jre/lib/jce.jar:/usr/lib/jvm/java-8-openjdk-amd64/jre/lib/charsets.jar:/usr/lib/jvm/java-8-openjdk-amd64/jre/lib/jfr.jar:/usr/lib/jvm/java-8-openjdk-amd64/jre/classes"/>
    <property name="sun.management.compiler" value="HotSpot 64-Bit Tiered Compilers"/>
    <property name="java.runtime.version" value="1.8.0_121-8u121-b13-1~bpo8+1-b13"/>
    <property name="user.name" value="root"/>
    <property name="findbugs.skip" value="true"/>
    <property name="path.separator" value=":"/>
    <property name="os.version" value="3.10.0-862.2.3.el7.x86_64"/>
    <property name="java.endorsed.dirs" value="/usr/lib/jvm/java-8-openjdk-amd64/jre/lib/endorsed"/>
    <property name="java.runtime.name" value="OpenJDK Runtime Environment"/>
    <property name="file.encoding" value="UTF-8"/>
    <property name="java.vm.name" value="OpenJDK 64-Bit Server VM"/>
    <property name="localRepository" value="/root/./workspace/apache/calcite/385984229/.m2"/>
    <property name="java.vendor.url.bug" value="http://bugreport.sun.com/bugreport/"/>
    <property name="java.io.tmpdir" value="/tmp"/>
    <property name="java.version" value="1.8.0_121"/>
    <property name="user.dir" value="/root/workspace/apache/calcite/385984229/core"/>
    <property name="os.arch" value="amd64"/>
    <property name="license.skip" value="true"/>
    <property name="java.vm.specification.name" value="Java Virtual Machine Specification"/>
    <property name="java.awt.printerjob" value="sun.print.PSPrinterJob"/>
    <property name="sun.os.patch.level" value="unknown"/>
    <property name="java.library.path" value="/usr/java/packages/lib/amd64:/usr/lib/x86_64-linux-gnu/jni:/lib/x86_64-linux-gnu:/usr/lib/x86_64-linux-gnu:/usr/lib/jni:/lib:/usr/lib"/>
    <property name="java.vm.info" value="mixed mode"/>
    <property name="java.vendor" value="Oracle Corporation"/>
    <property name="java.vm.version" value="25.121-b13"/>
    <property name="java.ext.dirs" value="/usr/lib/jvm/java-8-openjdk-amd64/jre/lib/ext:/usr/java/packages/lib/ext"/>
    <property name="sun.io.unicode.encoding" value="UnicodeLittle"/>
    <property name="maven.repo.local" value="/root/./workspace/apache/calcite/385984229/.m2"/>
    <property name="enforcer.skip" value="true"/>
    <property name="java.class.version" value="52.0"/>
  </properties>
  <testcase name="testReduceValuesNull" classname="org.apache.calcite.test.RelOptRulesTest" time="0">
    <skipped/>
  </testcase>
  <testcase name="testMergeMinus" classname="org.apache.calcite.test.RelOptRulesTest" time="1.155"/>
  <testcase name="testReduceValuesUnderProjectFilter" classname="org.apache.calcite.test.RelOptRulesTest" time="1.134"/>
  <testcase name="testPullConstantThroughAggregateAllConst" classname="org.apache.calcite.test.RelOptRulesTest" time="1.133"/>
  <testcase name="testCustomColumnResolvingInCorrelatedSubQuery" classname="org.apache.calcite.test.RelOptRulesTest" time="1.133"/>
  <testcase name="testReduceCase" classname="org.apache.calcite.test.RelOptRulesTest" time="1.123"/>
  <testcase name="testPushSemiJoinPastJoinRuleRight" classname="org.apache.calcite.test.RelOptRulesTest" time="1.785"/>
  <testcase name="testPushCountNullableThroughUnion" classname="org.apache.calcite.test.RelOptRulesTest" time="1.113"/>
  <testcase name="testEmptyAggregateEmptyKeyWithAggregateValuesRule" classname="org.apache.calcite.test.RelOptRulesTest" time="1.113"/>
  <testcase name="testReduceCastAndConsts" classname="org.apache.calcite.test.RelOptRulesTest" time="1.111"/>
  <testcase name="testPullNull" classname="org.apache.calcite.test.RelOptRulesTest" time="1.111"/>
  <testcase name="testSortProjectTranspose3" classname="org.apache.calcite.test.RelOptRulesTest" time="1"/>
  <testcase name="testSortProjectTranspose2" classname="org.apache.calcite.test.RelOptRulesTest" time="1.11"/>
  <testcase name="testSortProjectTranspose1" classname="org.apache.calcite.test.RelOptRulesTest" time="0.994"/>
  <testcase name="testEmptyFilterProjectUnion" classname="org.apache.calcite.test.RelOptRulesTest" time="1.107"/>
  <testcase name="testWindowInParenthesis" classname="org.apache.calcite.test.RelOptRulesTest" time="1.105"/>
  <testcase name="testEmptyProject2" classname="org.apache.calcite.test.RelOptRulesTest" time="1.105"/>
  <testcase name="testIntersectToDistinct" classname="org.apache.calcite.test.RelOptRulesTest" time="1.107"/>
  <testcase name="testReduceCastTimeUnchanged" classname="org.apache.calcite.test.RelOptRulesTest" time="0.989"/>
  <testcase name="testDecorrelateTwoExists" classname="org.apache.calcite.test.RelOptRulesTest" time="1.43"/>
  <testcase name="testEmptyMinus" classname="org.apache.calcite.test.RelOptRulesTest" time="0.705"/>
  <testcase name="testReduceValuesUnderProject" classname="org.apache.calcite.test.RelOptRulesTest" time="0.81"/>
  <testcase name="testAggregateConstantKeyRule" classname="org.apache.calcite.test.RelOptRulesTest" time="1.408"/>
  <testcase name="testNestedAggregates" classname="org.apache.calcite.test.RelOptRulesTest" time="0.844"/>
  <testcase name="testReduceConstantsDup" classname="org.apache.calcite.test.RelOptRulesTest" time="0.85"/>
  <testcase name="testDistinctCountMixedJoin" classname="org.apache.calcite.test.RelOptRulesTest" time="0.698"/>
  <testcase name="testAggregateProjectMerge" classname="org.apache.calcite.test.RelOptRulesTest" time="0.638"/>
  <testcase name="testOrAlwaysTrue" classname="org.apache.calcite.test.RelOptRulesTest" time="0.642"/>
  <testcase name="testWhereNotInCorrelated2" classname="org.apache.calcite.test.RelOptRulesTest" time="0.891"/>
  <testcase name="testPullConstantThroughUnion" classname="org.apache.calcite.test.RelOptRulesTest" time="0.642"/>
  <testcase name="testReduceNot" classname="org.apache.calcite.test.RelOptRulesTest" time="0.638"/>
  <testcase name="testDistinctWithGrouping" classname="org.apache.calcite.test.RelOptRulesTest" time="0.782"/>
  <testcase name="testWhereNotInCorrelated" classname="org.apache.calcite.test.RelOptRulesTest" time="1.049"/>
  <testcase name="testExpandFilterExistsSimpleAnd" classname="org.apache.calcite.test.RelOptRulesTest" time="0.696"/>
  <testcase name="testSkipReduceConstantsCaseEquals" classname="org.apache.calcite.test.RelOptRulesTest" time="0.782"/>
  <testcase name="testRemoveSemiJoin" classname="org.apache.calcite.test.RelOptRulesTest" time="0.782"/>
  <testcase name="testReduceValuesUnderFilter" classname="org.apache.calcite.test.RelOptRulesTest" time="0.696"/>
  <testcase name="testMinusMergeRule" classname="org.apache.calcite.test.RelOptRulesTest" time="0.651"/>
  <testcase name="testWhereInCorrelated" classname="org.apache.calcite.test.RelOptRulesTest" time="0.584"/>
  <testcase name="testReduceConstantsNullEqualsOne" classname="org.apache.calcite.test.RelOptRulesTest" time="0.638"/>
  <testcase name="testDistinctCountMultiple" classname="org.apache.calcite.test.RelOptRulesTest" time="0.638"/>
  <testcase name="testSemiJoinRuleExists" classname="org.apache.calcite.test.RelOptRulesTest" time="0.57"/>
  <testcase name="testConvertMultiJoinRule" classname="org.apache.calcite.test.RelOptRulesTest" time="0.635"/>
  <testcase name="testAll" classname="org.apache.calcite.test.RelOptRulesTest" time="0.577"/>
  <testcase name="testDecorrelateTwoScalar" classname="org.apache.calcite.test.RelOptRulesTest" time="0">
    <skipped message="[CALCITE-1045]"/>
  </testcase>
  <testcase name="testWhereExpressionInCorrelated" classname="org.apache.calcite.test.RelOptRulesTest" time="0.894"/>
  <testcase name="testPullFilterThroughAggregateGroupingSets" classname="org.apache.calcite.test.RelOptRulesTest" time="0.78"/>
  <testcase name="testExpandFilterInComposite" classname="org.apache.calcite.test.RelOptRulesTest" time="0.479"/>
  <testcase name="testReduceConstantsRequiresExecutor" classname="org.apache.calcite.test.RelOptRulesTest" time="0.488"/>
  <testcase name="testExtractYearMonthToRange" classname="org.apache.calcite.test.RelOptRulesTest" time="0.75"/>
  <testcase name="testTransitiveInferenceJoin3wayAgg" classname="org.apache.calcite.test.RelOptRulesTest" time="0.636"/>
  <testcase name="testReduceConstantsProjectNullable" classname="org.apache.calcite.test.RelOptRulesTest" time="0.599"/>
  <testcase name="testWhereOrSubQuery" classname="org.apache.calcite.test.RelOptRulesTest" time="0.898"/>
  <testcase name="testTransitiveInferencePreventProjectPullUp" classname="org.apache.calcite.test.RelOptRulesTest" time="0.507"/>
  <testcase name="testDecorrelateExists" classname="org.apache.calcite.test.RelOptRulesTest" time="0.978"/>
  <testcase name="testExpressionInWindowFunction" classname="org.apache.calcite.test.RelOptRulesTest" time="0.425"/>
  <testcase name="testTransitiveInferenceJoin3way" classname="org.apache.calcite.test.RelOptRulesTest" time="0.567"/>
  <testcase name="testPushCountStarThroughUnion" classname="org.apache.calcite.test.RelOptRulesTest" time="0.391"/>
  <testcase name="testRemoveSemiJoinRight" classname="org.apache.calcite.test.RelOptRulesTest" time="0.389"/>
  <testcase name="testCustomColumnResolvingInNonCorrelatedSubQuery" classname="org.apache.calcite.test.RelOptRulesTest" time="1.642"/>
  <testcase name="testReduceExpressionsNot" classname="org.apache.calcite.test.RelOptRulesTest" time="0.205"/>
  <testcase name="testSome" classname="org.apache.calcite.test.RelOptRulesTest" time="0.476"/>
  <testcase name="testPushProjectPastInnerJoin" classname="org.apache.calcite.test.RelOptRulesTest" time="0.523"/>
  <testcase name="testPushAggregateFunctionsThroughJoin" classname="org.apache.calcite.test.RelOptRulesTest" time="0.621"/>
  <testcase name="testTransitiveInferenceProject" classname="org.apache.calcite.test.RelOptRulesTest" time="0.375"/>
  <testcase name="testPushAvgThroughUnion" classname="org.apache.calcite.test.RelOptRulesTest" time="0.487"/>
  <testcase name="testPushProjectPastFullJoinStrong" classname="org.apache.calcite.test.RelOptRulesTest" time="1.121"/>
  <testcase name="testReduceConstantsCalc" classname="org.apache.calcite.test.RelOptRulesTest" time="0.58"/>
  <testcase name="testReduceConstantsDup2" classname="org.apache.calcite.test.RelOptRulesTest" time="0.512"/>
  <testcase name="testReduceConstantsNull" classname="org.apache.calcite.test.RelOptRulesTest" time="0.54"/>
  <testcase name="testPushCountFilterThroughUnion" classname="org.apache.calcite.test.RelOptRulesTest" time="0.561"/>
  <testcase name="testReduceConstantsNegatedInverted" classname="org.apache.calcite.test.RelOptRulesTest" time="0.146"/>
  <testcase name="testPushSumCountStarGroupingSetsThroughUnion" classname="org.apache.calcite.test.RelOptRulesTest" time="0.628"/>
  <testcase name="testPushSemiJoinPastJoinRuleLeft" classname="org.apache.calcite.test.RelOptRulesTest" time="0.474"/>
  <testcase name="testExtractJoinFilterRule" classname="org.apache.calcite.test.RelOptRulesTest" time="0.511"/>
  <testcase name="testPushAggregateThroughJoinDistinct" classname="org.apache.calcite.test.RelOptRulesTest" time="1.405"/>
  <testcase name="testTransitiveInferenceFullOuterJoin" classname="org.apache.calcite.test.RelOptRulesTest" time="1.263"/>
  <testcase name="testDecorrelateTwoIn" classname="org.apache.calcite.test.RelOptRulesTest" time="1"/>
  <testcase name="testPushProjectPastLeftJoinSwapStrong" classname="org.apache.calcite.test.RelOptRulesTest" time="0.729"/>
  <testcase name="testExpandFilterExistsSimple" classname="org.apache.calcite.test.RelOptRulesTest" time="0.696"/>
  <testcase name="testAggregateExtractProjectRuleWithGroupingSets2" classname="org.apache.calcite.test.RelOptRulesTest" time="0.663"/>
  <testcase name="testPullConstantThroughAggregatePermutedConstGroupBy" classname="org.apache.calcite.test.RelOptRulesTest" time="0.87"/>
  <testcase name="testPushSumCountStarThroughUnion" classname="org.apache.calcite.test.RelOptRulesTest" time="0.595"/>
  <testcase name="testPushFilterWithRank" classname="org.apache.calcite.test.RelOptRulesTest" time="0.063"/>
  <testcase name="testPushSumNullableGroupingSetsThroughUnion" classname="org.apache.calcite.test.RelOptRulesTest" time="0.566"/>
  <testcase name="testMergeFilter" classname="org.apache.calcite.test.RelOptRulesTest" time="0.702"/>
  <testcase name="testDistinctCountGroupingSets1" classname="org.apache.calcite.test.RelOptRulesTest" time="2.362"/>
  <testcase name="testDistinctCountGroupingSets2" classname="org.apache.calcite.test.RelOptRulesTest" time="1.944"/>
  <testcase name="testPushProjectPastSetOp" classname="org.apache.calcite.test.RelOptRulesTest" time="0.892"/>
  <testcase name="testJoinPushTransitivePredicatesRule2" classname="org.apache.calcite.test.RelOptRulesTest" time="1.869"/>
  <testcase name="testMergeMinusRightDeep" classname="org.apache.calcite.test.RelOptRulesTest" time="0.127"/>
  <testcase name="testPushFilterPastAgg" classname="org.apache.calcite.test.RelOptRulesTest" time="0.809"/>
  <testcase name="testInferringPredicatesWithNotOperatorInJoinCondition" classname="org.apache.calcite.test.RelOptRulesTest" time="2.404"/>
  <testcase name="testPushProjectPastFullJoin" classname="org.apache.calcite.test.RelOptRulesTest" time="1.868"/>
  <testcase name="testEmptyJoin" classname="org.apache.calcite.test.RelOptRulesTest" time="1.866"/>
  <testcase name="testEmptySort" classname="org.apache.calcite.test.RelOptRulesTest" time="1.542"/>
  <testcase name="testJoinPushTransitivePredicatesRule" classname="org.apache.calcite.test.RelOptRulesTest" time="0.625"/>
  <testcase name="testCasePushIsAlwaysWorking" classname="org.apache.calcite.test.RelOptRulesTest" time="1.539"/>
  <testcase name="testMergeFilterWithJoinCondition" classname="org.apache.calcite.test.RelOptRulesTest" time="0">
    <skipped message="cycles"/>
  </testcase>
  <testcase name="testMultipleDistinctWithGrouping" classname="org.apache.calcite.test.RelOptRulesTest" time="1.458"/>
  <testcase name="testAggregateExtractProjectRuleWithGroupingSets" classname="org.apache.calcite.test.RelOptRulesTest" time="1.794"/>
  <testcase name="testReduceConstantsIsNull" classname="org.apache.calcite.test.RelOptRulesTest" time="1.792"/>
  <testcase name="testPushCountNullableGroupingSetsThroughUnion" classname="org.apache.calcite.test.RelOptRulesTest" time="1.779"/>
  <testcase name="testTransitiveInferenceJoin" classname="org.apache.calcite.test.RelOptRulesTest" time="1.623"/>
  <testcase name="testAggregateExtractProjectRule" classname="org.apache.calcite.test.RelOptRulesTest" time="1.293"/>
  <testcase name="testPushProjectPastRightJoinStrong" classname="org.apache.calcite.test.RelOptRulesTest" time="1.314"/>
  <testcase name="testPushProjectPastRightJoinSwapStrong" classname="org.apache.calcite.test.RelOptRulesTest" time="1.127"/>
  <testcase name="testSemiJoinRuleRight" classname="org.apache.calcite.test.RelOptRulesTest" time="1.117"/>
  <testcase name="testFullOuterJoinSimplificationToRightOuter" classname="org.apache.calcite.test.RelOptRulesTest" time="1.088"/>
  <testcase name="testPushFilterPastAggTwo" classname="org.apache.calcite.test.RelOptRulesTest" time="1.469"/>
  <testcase name="testPushAggregateSumNoGroup" classname="org.apache.calcite.test.RelOptRulesTest" time="1.131"/>
  <testcase name="testPushProjectPastLeftJoin" classname="org.apache.calcite.test.RelOptRulesTest" time="0.517"/>
  <testcase name="testPushFilterPastAggFour" classname="org.apache.calcite.test.RelOptRulesTest" time="0.937"/>
  <testcase name="testSortUnionTranspose" classname="org.apache.calcite.test.RelOptRulesTest" time="0.586"/>
  <testcase name="testReduceConstantsNegated" classname="org.apache.calcite.test.RelOptRulesTest" time="0.815"/>
  <testcase name="testPushSemiJoinPastProject" classname="org.apache.calcite.test.RelOptRulesTest" time="0.49"/>
  <testcase name="testPullAggregateThroughUnion2" classname="org.apache.calcite.test.RelOptRulesTest" time="0.489"/>
  <testcase name="testReduceNullableToNotNull" classname="org.apache.calcite.test.RelOptRulesTest" time="1.012"/>
  <testcase name="testPushFilterWithRankExpr" classname="org.apache.calcite.test.RelOptRulesTest" time="0.495"/>
  <testcase name="testExpandJoinIn" classname="org.apache.calcite.test.RelOptRulesTest" time="0">
    <skipped message="[CALCITE-1045]"/>
  </testcase>
  <testcase name="testReduceNullableCase" classname="org.apache.calcite.test.RelOptRulesTest" time="0.6"/>
  <testcase name="testEmptyAggregateEmptyKey" classname="org.apache.calcite.test.RelOptRulesTest" time="0.494"/>
  <testcase name="testSortJoinTranspose1" classname="org.apache.calcite.test.RelOptRulesTest" time="1.3"/>
  <testcase name="testSortJoinTranspose2" classname="org.apache.calcite.test.RelOptRulesTest" time="0.626"/>
  <testcase name="testSortJoinTranspose3" classname="org.apache.calcite.test.RelOptRulesTest" time="0.506"/>
  <testcase name="testSortJoinTranspose5" classname="org.apache.calcite.test.RelOptRulesTest" time="0.06"/>
  <testcase name="testSortJoinTranspose4" classname="org.apache.calcite.test.RelOptRulesTest" time="0.154"/>
  <testcase name="testSortJoinTranspose6" classname="org.apache.calcite.test.RelOptRulesTest" time="0.634"/>
  <testcase name="testSortJoinTranspose7" classname="org.apache.calcite.test.RelOptRulesTest" time="0.494"/>
  <testcase name="testUnionMergeRule" classname="org.apache.calcite.test.RelOptRulesTest" time="1.196"/>
  <testcase name="testSemiJoinRule" classname="org.apache.calcite.test.RelOptRulesTest" time="0.768"/>
  <testcase name="testSemiJoinTrim" classname="org.apache.calcite.test.RelOptRulesTest" time="0.48"/>
  <testcase name="testTransitiveInferenceConstantEquiPredicate" classname="org.apache.calcite.test.RelOptRulesTest" time="0.516"/>
  <testcase name="testReduceValuesToEmpty" classname="org.apache.calcite.test.RelOptRulesTest" time="0.675"/>
  <testcase name="testPushProjectPastFilter" classname="org.apache.calcite.test.RelOptRulesTest" time="0.232"/>
  <testcase name="testDistinctNonDistinctTwoAggregatesWithGrouping" classname="org.apache.calcite.test.RelOptRulesTest" time="0.134"/>
  <testcase name="testAggregateGroupingSetsProjectMerge" classname="org.apache.calcite.test.RelOptRulesTest" time="0.454"/>
  <testcase name="testWindowFunctionOnAggregations" classname="org.apache.calcite.test.RelOptRulesTest" time="0.489"/>
  <testcase name="testPushFilterThroughSemiJoin" classname="org.apache.calcite.test.RelOptRulesTest" time="0.545"/>
  <testcase name="testWhereInJoinCorrelated" classname="org.apache.calcite.test.RelOptRulesTest" time="0.069"/>
  <testcase name="testDistinctCountMultipleViaJoin" classname="org.apache.calcite.test.RelOptRulesTest" time="0.753"/>
  <testcase name="testPushMinThroughUnion" classname="org.apache.calcite.test.RelOptRulesTest" time="0.437"/>
  <testcase name="testPushSumConstantGroupingSetsThroughUnion" classname="org.apache.calcite.test.RelOptRulesTest" time="0.617"/>
  <testcase name="testPushFilterPastAggWithGroupingSets2" classname="org.apache.calcite.test.RelOptRulesTest" time="0.282"/>
  <testcase name="testPushFilterPastAggWithGroupingSets1" classname="org.apache.calcite.test.RelOptRulesTest" time="0.376"/>
  <testcase name="testTransitiveInferenceUnion3way" classname="org.apache.calcite.test.RelOptRulesTest" time="0.254"/>
  <testcase name="testReduceNullableToNotNull2" classname="org.apache.calcite.test.RelOptRulesTest" time="0.349"/>
  <testcase name="testCastInAggregateReduceFunctions" classname="org.apache.calcite.test.RelOptRulesTest" time="0.349"/>
  <testcase name="testPullConstantThroughConstLast" classname="org.apache.calcite.test.RelOptRulesTest" time="0.87"/>
  <testcase name="testIntersectToDistinctAll" classname="org.apache.calcite.test.RelOptRulesTest" time="0.254"/>
  <testcase name="testEmptyJoinRight" classname="org.apache.calcite.test.RelOptRulesTest" time="0.36"/>
  <testcase name="testTransitiveInferenceLeftOuterJoin" classname="org.apache.calcite.test.RelOptRulesTest" time="0.218"/>
  <testcase name="testPushMaxNullableGroupingSetsThroughUnion" classname="org.apache.calcite.test.RelOptRulesTest" time="0.275"/>
  <testcase name="testReduceConstants2" classname="org.apache.calcite.test.RelOptRulesTest" time="0.491"/>
  <testcase name="testPushJoinThroughUnionOnRight" classname="org.apache.calcite.test.RelOptRulesTest" time="0.984"/>
  <testcase name="testFullOuterJoinSimplificationToInner" classname="org.apache.calcite.test.RelOptRulesTest" time="0.4"/>
  <testcase name="testPushAggregateThroughJoinWithUniqueInput" classname="org.apache.calcite.test.RelOptRulesTest" time="0.429"/>
  <testcase name="testPushAvgGroupingSetsThroughUnion" classname="org.apache.calcite.test.RelOptRulesTest" time="0.374"/>
  <testcase name="testReduceOrCaseWhen" classname="org.apache.calcite.test.RelOptRulesTest" time="0.372"/>
  <testcase name="testHeterogeneousConversion" classname="org.apache.calcite.test.RelOptRulesTest" time="0">
    <skipped message="cycles"/>
  </testcase>
  <testcase name="testReduceAverage" classname="org.apache.calcite.test.RelOptRulesTest" time="0.849"/>
  <testcase name="testMergeUnionAll" classname="org.apache.calcite.test.RelOptRulesTest" time="0.561"/>
  <testcase name="testReduceCasts" classname="org.apache.calcite.test.RelOptRulesTest" time="1.148"/>
  <testcase name="testLeftOuterJoinSimplificationToInner" classname="org.apache.calcite.test.RelOptRulesTest" time="1.148"/>
  <testcase name="testCustomColumnResolvingInCorrelatedSubQuery2" classname="org.apache.calcite.test.RelOptRulesTest" time="1.148"/>
  <testcase name="testPushSumNullableNOGBYThroughUnion" classname="org.apache.calcite.test.RelOptRulesTest" time="1.099"/>
  <testcase name="testEmptyMinus2" classname="org.apache.calcite.test.RelOptRulesTest" time="0.628"/>
  <testcase name="testAggregateExtractProjectRuleWithFilter" classname="org.apache.calcite.test.RelOptRulesTest" time="0.481"/>
  <testcase name="testPushAggregateThroughJoin1" classname="org.apache.calcite.test.RelOptRulesTest" time="0.621"/>
  <testcase name="testPushAggregateThroughJoin2" classname="org.apache.calcite.test.RelOptRulesTest" time="0.613"/>
  <testcase name="testPushAggregateThroughJoin3" classname="org.apache.calcite.test.RelOptRulesTest" time="0.05"/>
  <testcase name="testPushAggregateThroughJoin4" classname="org.apache.calcite.test.RelOptRulesTest" time="0.614"/>
  <testcase name="testPushAggregateThroughJoin5" classname="org.apache.calcite.test.RelOptRulesTest" time="1.202"/>
  <testcase name="testPushAggregateThroughJoin6" classname="org.apache.calcite.test.RelOptRulesTest" time="0.585"/>
  <testcase name="testPushFilterPastProject" classname="org.apache.calcite.test.RelOptRulesTest" time="1.049"/>
  <testcase name="testReduceConstants" classname="org.apache.calcite.test.RelOptRulesTest" time="0.585"/>
  <testcase name="testPushSumNullConstantThroughUnion" classname="org.apache.calcite.test.RelOptRulesTest" time="0.604"/>
  <testcase name="testMergeJoinFilter" classname="org.apache.calcite.test.RelOptRulesTest" time="0.296"/>
  <testcase name="testMergeUnionDistinct" classname="org.apache.calcite.test.RelOptRulesTest" time="0.863"/>
  <testcase name="testStrengthenJoinType" classname="org.apache.calcite.test.RelOptRulesTest" time="0.663"/>
  <testcase name="testExpandWhereComparisonCorrelated" classname="org.apache.calcite.test.RelOptRulesTest" time="1.029"/>
  <testcase name="testPushAggregateSumThroughJoin" classname="org.apache.calcite.test.RelOptRulesTest" time="0.63"/>
  <testcase name="testExpandFilterIn" classname="org.apache.calcite.test.RelOptRulesTest" time="0.657"/>
  <testcase name="testPushAggregateSumWithoutGroupKeyThroughJoin" classname="org.apache.calcite.test.RelOptRulesTest" time="0.74"/>
  <testcase name="testReduceConstantsCaseEquals" classname="org.apache.calcite.test.RelOptRulesTest" time="0.618"/>
  <testcase name="testTransitiveInferenceNoPullUpExprs" classname="org.apache.calcite.test.RelOptRulesTest" time="0.663"/>
  <testcase name="testEmptyProject" classname="org.apache.calcite.test.RelOptRulesTest" time="0.57"/>
  <testcase name="testTransitiveInferenceConjunctInPullUp" classname="org.apache.calcite.test.RelOptRulesTest" time="0.595"/>
  <testcase name="testPullConstantThroughAggregateSimpleNonNullable" classname="org.apache.calcite.test.RelOptRulesTest" time="0.59"/>
  <testcase name="testUnionToDistinctRule" classname="org.apache.calcite.test.RelOptRulesTest" time="0.459"/>
  <testcase name="testPushSemiJoinPastFilter" classname="org.apache.calcite.test.RelOptRulesTest" time="0.637"/>
  <testcase name="testWhereExpressionInCorrelated2" classname="org.apache.calcite.test.RelOptRulesTest" time="0.591"/>
  <testcase name="testPullAggregateThroughUnion" classname="org.apache.calcite.test.RelOptRulesTest" time="0.533"/>
  <testcase name="testPullConstantIntoFilter" classname="org.apache.calcite.test.RelOptRulesTest" time="1.441"/>
  <testcase name="testDistinctWithMultipleInputs" classname="org.apache.calcite.test.RelOptRulesTest" time="0.42"/>
  <testcase name="testSimplifyFilter" classname="org.apache.calcite.test.RelOptRulesTest" time="1.412"/>
  <testcase name="testPushSumNullableThroughUnion" classname="org.apache.calcite.test.RelOptRulesTest" time="0.467"/>
  <testcase name="testEmptyAggregate" classname="org.apache.calcite.test.RelOptRulesTest" time="0.275"/>
  <testcase name="testConvertMultiJoinRuleOuterJoins2" classname="org.apache.calcite.test.RelOptRulesTest" time="0.488"/>
  <testcase name="testConvertMultiJoinRuleOuterJoins3" classname="org.apache.calcite.test.RelOptRulesTest" time="0.215"/>
  <testcase name="testConvertMultiJoinRuleOuterJoins4" classname="org.apache.calcite.test.RelOptRulesTest" time="0.13"/>
  <testcase name="testProjectToWindowRuleForMultipleWindows" classname="org.apache.calcite.test.RelOptRulesTest" time="0.804"/>
  <testcase name="testPushAggregateSumThroughJoinAfterAggregateReduce" classname="org.apache.calcite.test.RelOptRulesTest" time="0.431"/>
  <testcase name="testTransitiveInferencePullUpThruAlias" classname="org.apache.calcite.test.RelOptRulesTest" time="0.584"/>
  <testcase name="testProjectWindowTransposeRule" classname="org.apache.calcite.test.RelOptRulesTest" time="0.059"/>
  <testcase name="testTransitiveInferenceAggregate" classname="org.apache.calcite.test.RelOptRulesTest" time="0.013"/>
  <testcase name="testExtractYearToRange" classname="org.apache.calcite.test.RelOptRulesTest" time="0.981"/>
  <testcase name="testEmptySortLimitZero" classname="org.apache.calcite.test.RelOptRulesTest" time="0.936"/>
  <testcase name="testCastInAggregateExpandDistinctAggregatesRule" classname="org.apache.calcite.test.RelOptRulesTest" time="0.975"/>
  <testcase name="testDistinctCount1" classname="org.apache.calcite.test.RelOptRulesTest" time="0.64"/>
  <testcase name="testDistinctCount2" classname="org.apache.calcite.test.RelOptRulesTest" time="0.847"/>
  <testcase name="testDistinctCount3" classname="org.apache.calcite.test.RelOptRulesTest" time="0.898"/>
  <testcase name="testExpandProjectIn" classname="org.apache.calcite.test.RelOptRulesTest" time="0.768"/>
  <testcase name="testReduceNullableCase2" classname="org.apache.calcite.test.RelOptRulesTest" time="0.686"/>
  <testcase name="testPushCountStarGroupingSetsThroughUnion" classname="org.apache.calcite.test.RelOptRulesTest" time="0.775"/>
  <testcase name="testCorrelationScalarAggAndFilter" classname="org.apache.calcite.test.RelOptRulesTest" time="0.136"/>
  <testcase name="testDistinctNonDistinctAggregates" classname="org.apache.calcite.test.RelOptRulesTest" time="0.592"/>
  <testcase name="testOrAlwaysTrue2" classname="org.apache.calcite.test.RelOptRulesTest" time="0.99"/>
  <testcase name="testProjectWindowTransposeRuleWithConstants" classname="org.apache.calcite.test.RelOptRulesTest" time="0.644"/>
  <testcase name="testJoinProjectTranspose" classname="org.apache.calcite.test.RelOptRulesTest" time="0.983"/>
  <testcase name="testAggregateProjectPullUpConstants2" classname="org.apache.calcite.test.RelOptRulesTest" time="0.577"/>
  <testcase name="testMergeSetOpMixed" classname="org.apache.calcite.test.RelOptRulesTest" time="0.382"/>
  <testcase name="testDistinctNonDistinctAggregatesWithGrouping1" classname="org.apache.calcite.test.RelOptRulesTest" time="0.778"/>
  <testcase name="testDistinctNonDistinctAggregatesWithGrouping2" classname="org.apache.calcite.test.RelOptRulesTest" time="0.42"/>
  <testcase name="testReduceConstantsIsNotNull" classname="org.apache.calcite.test.RelOptRulesTest" time="0.033"/>
  <testcase name="testPushMinGroupingSetsThroughUnion" classname="org.apache.calcite.test.RelOptRulesTest" time="0.175"/>
  <testcase name="testPullConstantThroughAggregateConstGroupBy" classname="org.apache.calcite.test.RelOptRulesTest" time="0.333"/>
  <testcase name="testPushProjectPastJoin" classname="org.apache.calcite.test.RelOptRulesTest" time="0.488"/>
  <testcase name="testPullConstantThroughAggregatePermuted" classname="org.apache.calcite.test.RelOptRulesTest" time="0.522"/>
  <testcase name="testEmptyIntersect" classname="org.apache.calcite.test.RelOptRulesTest" time="0.492"/>
  <testcase name="testPushProjectPastRightJoinSwap" classname="org.apache.calcite.test.RelOptRulesTest" time="0.474"/>
  <testcase name="testExpandJoinExists" classname="org.apache.calcite.test.RelOptRulesTest" time="0.773"/>
  <testcase name="testPullConstantIntoProject" classname="org.apache.calcite.test.RelOptRulesTest" time="0.676"/>
  <testcase name="testTransitiveInferenceUnionAlwaysTrue" classname="org.apache.calcite.test.RelOptRulesTest" time="0.705"/>
  <testcase name="testReduceCompositeInSubQuery" classname="org.apache.calcite.test.RelOptRulesTest" time="0.484"/>
  <testcase name="testMergeIntersect" classname="org.apache.calcite.test.RelOptRulesTest" time="0.738"/>
  <testcase name="testPushSumConstantThroughUnion" classname="org.apache.calcite.test.RelOptRulesTest" time="0.43"/>
  <testcase name="testAddRedundantSemiJoinRule" classname="org.apache.calcite.test.RelOptRulesTest" time="0.073"/>
  <testcase name="testExpandProjectExists" classname="org.apache.calcite.test.RelOptRulesTest" time="0.381"/>
  <testcase name="testRemoveSemiJoinWithFilter" classname="org.apache.calcite.test.RelOptRulesTest" time="0.972"/>
  <testcase name="testTransitiveInferenceUnion3wayOr" classname="org.apache.calcite.test.RelOptRulesTest" time="0">
    <skipped message="not working"/>
  </testcase>
  <testcase name="testRightOuterJoinSimplificationToInner" classname="org.apache.calcite.test.RelOptRulesTest" time="0.728"/>
  <testcase name="testReduceCastsNullable" classname="org.apache.calcite.test.RelOptRulesTest" time="0">
    <skipped/>
  </testcase>
  <testcase name="testDistinctCountMixed" classname="org.apache.calcite.test.RelOptRulesTest" time="0.511"/>
  <testcase name="testPushJoinCondDownToProject" classname="org.apache.calcite.test.RelOptRulesTest" time="0.445"/>
  <testcase name="testRemoveSemiJoinRightWithFilter" classname="org.apache.calcite.test.RelOptRulesTest" time="0.479"/>
  <testcase name="testFullOuterJoinSimplificationToLeftOuter" classname="org.apache.calcite.test.RelOptRulesTest" time="0.483"/>
  <testcase name="testPullConstantThroughAggregatePermutedConstFirst" classname="org.apache.calcite.test.RelOptRulesTest" time="0.033"/>
  <testcase name="testConvertMultiJoinRuleOuterJoins" classname="org.apache.calcite.test.RelOptRulesTest" time="0.714"/>
  <testcase name="testTransitiveInferenceUnion" classname="org.apache.calcite.test.RelOptRulesTest" time="0.684"/>
  <testcase name="testPullConstantIntoJoin" classname="org.apache.calcite.test.RelOptRulesTest" time="0.962"/>
  <testcase name="testReduceConstantsCaseEquals2" classname="org.apache.calcite.test.RelOptRulesTest" time="0.481"/>
  <testcase name="testReduceConstantsCaseEquals3" classname="org.apache.calcite.test.RelOptRulesTest" time="0.45"/>
  <testcase name="testExpandJoinScalar" classname="org.apache.calcite.test.RelOptRulesTest" time="0.45"/>
  <testcase name="testPullConstantThroughAggregateAllLiterals" classname="org.apache.calcite.test.RelOptRulesTest" time="0.66"/>
  <testcase name="testSwapOuterJoin" classname="org.apache.calcite.test.RelOptRulesTest" time="0.391"/>
  <testcase name="testPushJoinThroughUnionOnLeft" classname="org.apache.calcite.test.RelOptRulesTest" time="0.371"/>
  <testcase name="testMergeUnionMixed2" classname="org.apache.calcite.test.RelOptRulesTest" time="0.616"/>
  <testcase name="testPushFilterPastAggThree" classname="org.apache.calcite.test.RelOptRulesTest" time="0.251"/>
  <testcase name="testReduceConstantsEliminatesFilter" classname="org.apache.calcite.test.RelOptRulesTest" time="0.431"/>
  <testcase name="testExpandFilterExists" classname="org.apache.calcite.test.RelOptRulesTest" time="0.287"/>
  <testcase name="testAggregateProjectPullUpConstants" classname="org.apache.calcite.test.RelOptRulesTest" time="0.322"/>
  <testcase name="testPushProjectPastFilter2" classname="org.apache.calcite.test.RelOptRulesTest" time="0.224"/>
  <testcase name="testSemiJoinReduceConstants" classname="org.apache.calcite.test.RelOptRulesTest" time="0.291"/>
  <testcase name="testExpandProjectScalar" classname="org.apache.calcite.test.RelOptRulesTest" time="0.31"/>
  <testcase name="testDistinctCountWithoutGroupBy" classname="org.apache.calcite.test.RelOptRulesTest" time="0.566"/>
  <testcase name="testDecorrelateUncorrelatedInAndCorrelatedExists" classname="org.apache.calcite.test.RelOptRulesTest" time="0.58"/>
  <testcase name="testSortRemovalAllKeysConstant" classname="org.apache.calcite.test.RelOptRulesTest" time="0.354"/>
  <testcase name="testDistinctCountMultipleNoGroup" classname="org.apache.calcite.test.RelOptRulesTest" time="0.392"/>
  <testcase name="testExpandProjectInNullable" classname="org.apache.calcite.test.RelOptRulesTest" time="0.352"/>
  <testcase name="testPullFilterThroughAggregate" classname="org.apache.calcite.test.RelOptRulesTest" time="0.39"/>
  <testcase name="testAggregateConstantKeyRule2" classname="org.apache.calcite.test.RelOptRulesTest" time="0.215"/>
  <testcase name="testAggregateConstantKeyRule3" classname="org.apache.calcite.test.RelOptRulesTest" time="0.613"/>
  <testcase name="testPullConstantIntoJoin2" classname="org.apache.calcite.test.RelOptRulesTest" time="0.159"/>
  <testcase name="testSortRemovalOneKeyConstant" classname="org.apache.calcite.test.RelOptRulesTest" time="0.218"/>
  <testcase name="testPushProjectPastInnerJoinStrong" classname="org.apache.calcite.test.RelOptRulesTest" time="0.408"/>
  <testcase name="testPushProjectPastLeftJoinSwap" classname="org.apache.calcite.test.RelOptRulesTest" time="0.378"/>
  <testcase name="testSemiJoinRuleFull" classname="org.apache.calcite.test.RelOptRulesTest" time="0.602"/>
  <testcase name="testSemiJoinRuleLeft" classname="org.apache.calcite.test.RelOptRulesTest" time="0.333"/>
  <testcase name="testExpandProjectInComposite" classname="org.apache.calcite.test.RelOptRulesTest" time="0.229"/>
  <testcase name="testEmptyJoinLeft" classname="org.apache.calcite.test.RelOptRulesTest" time="0.397"/>
  <testcase name="testExpandJoinInComposite" classname="org.apache.calcite.test.RelOptRulesTest" time="0">
    <skipped message="[CALCITE-1045]"/>
  </testcase>
  <testcase name="testFilterRemoveIsNotDistinctFromRule" classname="org.apache.calcite.test.RelOptRulesTest" time="0.396"/>
  <testcase name="testReduceNestedCaseWhen" classname="org.apache.calcite.test.RelOptRulesTest" time="0.374"/>
  <testcase name="testTransitiveInferenceRightOuterJoin" classname="org.apache.calcite.test.RelOptRulesTest" time="0.373"/>
  <testcase name="testDistinctCountMixed2" classname="org.apache.calcite.test.RelOptRulesTest" time="0.368"/>
  <testcase name="testPushSumNullConstantGroupingSetsThroughUnion" classname="org.apache.calcite.test.RelOptRulesTest" time="0.346"/>
  <testcase name="testExpandFilterIn3Value" classname="org.apache.calcite.test.RelOptRulesTest" time="0.293"/>
  <testcase name="testSortUnionTranspose2" classname="org.apache.calcite.test.RelOptRulesTest" time="0.448"/>
  <testcase name="testSortUnionTranspose3" classname="org.apache.calcite.test.RelOptRulesTest" time="0.36"/>
  <testcase name="testTransitiveInferenceComplexPredicate" classname="org.apache.calcite.test.RelOptRulesTest" time="0.384"/>
  <testcase name="testExpandFilterScalar" classname="org.apache.calcite.test.RelOptRulesTest" time="0.383"/>
  <testcase name="testAlreadyFalseEliminatesFilter" classname="org.apache.calcite.test.RelOptRulesTest" time="0.351"/>
  <testcase name="testDistinctWithMultipleInputsAndGroupby" classname="org.apache.calcite.test.RelOptRulesTest" time="0.323"/>
  <testcase name="testPushMaxNullableThroughUnion" classname="org.apache.calcite.test.RelOptRulesTest" time="0.32"/>
  <testcase name="testPullConstantThroughUnion2" classname="org.apache.calcite.test.RelOptRulesTest" time="0.317"/>
  <testcase name="testPullConstantThroughUnion3" classname="org.apache.calcite.test.RelOptRulesTest" time="0.358"/>
  <testcase name="testPushProjectPastRightJoin" classname="org.apache.calcite.test.RelOptRulesTest" time="0.252"/>
  <testcase name="testMergeUnionMixed" classname="org.apache.calcite.test.RelOptRulesTest" time="0.195"/>
</testsuite>