<?xml version="1.0" encoding="UTF-8"?>
<testsuite xmlns:xsi="http://www.w3.org/2001/XMLSchema-instance" xsi:schemaLocation="https://maven.apache.org/surefire/maven-surefire-plugin/xsd/surefire-test-report.xsd" name="TestSuite" time="5.505" tests="45" errors="0" skipped="41" failures="1">
  <properties>
    <property name="java.runtime.name" value="OpenJDK Runtime Environment"/>
    <property name="sun.boot.library.path" value="/usr/lib/jvm/java-8-openjdk-amd64/jre/lib/amd64"/>
    <property name="java.vm.version" value="25.121-b13"/>
    <property name="java.vm.vendor" value="Oracle Corporation"/>
    <property name="maven.multiModuleProjectDirectory" value="/root/workspace/molgenis/molgenis/383602400"/>
    <property name="java.vendor.url" value="http://java.oracle.com/"/>
    <property name="path.separator" value=":"/>
    <property name="guice.disable.misplaced.annotation.check" value="true"/>
    <property name="skip.gulp" value="true"/>
    <property name="java.vm.name" value="OpenJDK 64-Bit Server VM"/>
    <property name="file.encoding.pkg" value="sun.io"/>
    <property name="sun.java.launcher" value="SUN_STANDARD"/>
    <property name="sun.os.patch.level" value="unknown"/>
    <property name="findbugs.skip" value="true"/>
    <property name="java.vm.specification.name" value="Java Virtual Machine Specification"/>
    <property name="user.dir" value="/root/workspace/molgenis/molgenis/383602400"/>
    <property name="checkstyle.skip" value="true"/>
    <property name="java.runtime.version" value="1.8.0_121-8u121-b13-1~bpo8+1-b13"/>
    <property name="java.awt.graphicsenv" value="sun.awt.X11GraphicsEnvironment"/>
    <property name="skip.npm" value="true"/>
    <property name="java.endorsed.dirs" value="/usr/lib/jvm/java-8-openjdk-amd64/jre/lib/endorsed"/>
    <property name="os.arch" value="amd64"/>
    <property name="java.io.tmpdir" value="/tmp"/>
    <property name="gpg.skip" value="true"/>
    <property name="line.separator" value="&#10;"/>
    <property name="java.vm.specification.vendor" value="Oracle Corporation"/>
    <property name="cobertura.skip" value="true"/>
    <property name="os.name" value="Linux"/>
    <property name="classworlds.conf" value="/usr/share/maven/bin/m2.conf"/>
    <property name="sun.jnu.encoding" value="UTF-8"/>
    <property name="java.library.path" value="/usr/java/packages/lib/amd64:/usr/lib/x86_64-linux-gnu/jni:/lib/x86_64-linux-gnu:/usr/lib/x86_64-linux-gnu:/usr/lib/jni:/lib:/usr/lib"/>
    <property name="license.skip" value="true"/>
    <property name="java.specification.name" value="Java Platform API Specification"/>
    <property name="java.class.version" value="52.0"/>
    <property name="sun.management.compiler" value="HotSpot 64-Bit Tiered Compilers"/>
    <property name="skip.bower" value="true"/>
    <property name="maven.repo.local" value="/root/./workspace/molgenis/molgenis/383602400/.m2"/>
    <property name="os.version" value="3.10.0-862.2.3.el7.x86_64"/>
    <property name="user.home" value="/root"/>
    <property name="user.timezone" value="Europe/Paris"/>
    <property name="java.awt.printerjob" value="sun.print.PSPrinterJob"/>
    <property name="java.specification.version" value="1.8"/>
    <property name="file.encoding" value="UTF-8"/>
    <property name="user.name" value="root"/>
    <property name="java.class.path" value="/usr/share/maven/boot/plexus-classworlds-2.5.2.jar"/>
    <property name="skipITs" value="true"/>
    <property name="java.vm.specification.version" value="1.8"/>
    <property name="sun.arch.data.model" value="64"/>
    <property name="java.home" value="/usr/lib/jvm/java-8-openjdk-amd64/jre"/>
    <property name="sun.java.command" value="org.codehaus.plexus.classworlds.launcher.Launcher -B -D enforcer.skip=true -D dependency-check.skip=true -D skipITs=true -D cobertura.skip=true -D maven.repo.local=/root/./workspace/molgenis/molgenis/383602400/.m2 -D rat.skip=true -D findbugs.skip=true -D skip.bower=true -D gpg.skip=true -D checkstyle.skip=true -D skip.gulp=true -D license.skip=true -D skip.npm=true test"/>
    <property name="java.specification.vendor" value="Oracle Corporation"/>
    <property name="user.language" value="en"/>
    <property name="awt.toolkit" value="sun.awt.X11.XToolkit"/>
    <property name="dependency-check.skip" value="true"/>
    <property name="java.vm.info" value="mixed mode"/>
    <property name="java.version" value="1.8.0_121"/>
    <property name="java.ext.dirs" value="/usr/lib/jvm/java-8-openjdk-amd64/jre/lib/ext:/usr/java/packages/lib/ext"/>
    <property name="securerandom.source" value="file:/dev/./urandom"/>
    <property name="sun.boot.class.path" value="/usr/lib/jvm/java-8-openjdk-amd64/jre/lib/resources.jar:/usr/lib/jvm/java-8-openjdk-amd64/jre/lib/rt.jar:/usr/lib/jvm/java-8-openjdk-amd64/jre/lib/sunrsasign.jar:/usr/lib/jvm/java-8-openjdk-amd64/jre/lib/jsse.jar:/usr/lib/jvm/java-8-openjdk-amd64/jre/lib/jce.jar:/usr/lib/jvm/java-8-openjdk-amd64/jre/lib/charsets.jar:/usr/lib/jvm/java-8-openjdk-amd64/jre/lib/jfr.jar:/usr/lib/jvm/java-8-openjdk-amd64/jre/classes"/>
    <property name="java.vendor" value="Oracle Corporation"/>
    <property name="enforcer.skip" value="true"/>
    <property name="rat.skip" value="true"/>
    <property name="maven.home" value="/usr/share/maven"/>
    <property name="file.separator" value="/"/>
    <property name="java.vendor.url.bug" value="http://bugreport.sun.com/bugreport/"/>
    <property name="sun.cpu.endian" value="little"/>
    <property name="sun.io.unicode.encoding" value="UnicodeLittle"/>
    <property name="sun.cpu.isalist" value=""/>
  </properties>
  <testcase name="beforeClass" classname="org.molgenis.js.JsMagmaScriptEvaluatorTest" time="5.178">
    <failure message="Bad local variable type&#10;Exception Details:&#10;  Location:&#10;    jdk/nashorn/internal/scripts/Script$Recompilation$92$487825A$\^eval\_.L:54-1#L:82-7#L:82#e#a(Ljdk/nashorn/internal/runtime/ScriptFunction;Ljava/lang/Object;Ljava/lang/Object;)Ljava/lang/Object; @284: aload_3&#10;  Reason:&#10;    Type double_2nd (current frame, locals[3]) is not assignable to reference type&#10;  Current Frame:&#10;    bci: @284&#10;    flags: { }&#10;    locals: { &apos;jdk/nashorn/internal/runtime/ScriptFunction&apos;, &apos;java/lang/Object&apos;, double, double_2nd, top, &apos;java/lang/Double&apos;, &apos;jdk/nashorn/internal/runtime/ScriptObject&apos;, top, top, top, top, top, top, &apos;java/lang/Object&apos;, &apos;java/lang/Object&apos; }&#10;    stack: { }&#10;  Bytecode:&#10;    0x0000000: b800 fd4e 2c3a 052a b600 143a 062b 3a0e&#10;    0x0000010: 190e 1906 ba00 2000 00b8 0026 9a00 1619&#10;    0x0000020: 06ba 0029 0000 1905 ba00 2e00 002d 0304&#10;    0x0000030: 54b0 1905 190e 1906 ba00 2000 005a ba00&#10;    0x0000040: 3200 00b8 0026 9900 5919 0e19 05ba 0035&#10;    0x0000050: 0000 ba00 3800 0019 0e19 05ba 003b 0000&#10;    0x0000060: ba00 3e00 0019 0e19 05ba 0041 0000 593a&#10;    0x0000070: 05b8 0047 9900 1819 0559 ba00 4a00 005f&#10;    0x0000080: ba00 4d00 002d 0404 54a7 0009 1905 2d05&#10;    0x0000090: 0454 ba00 5000 00b2 0054 2d06 0454 b012&#10;    0x00000a0: 5619 0501 b800 5959 3a0d b800 5c99 01be&#10;    0x00000b0: 0387 1905 b800 6098 9a00 4519 0e0f 1905&#10;    0x00000c0: b800 636f 0e98 9c00 0b02 2d07 0454 a700&#10;    0x00000d0: 0804 2d08 0454 ba00 6600 0019 0e03 ba00&#10;    0x00000e0: 6800 0019 0e03 b800 6cb8 0072 c000 74ba&#10;    0x00000f0: 0050 0000 b200 542d 1006 0454 b019 05b8&#10;    0x0000100: 0063 0e98 9c00 2019 05b8 0063 7749 190e&#10;    0x0000110: 02ba 0066 0000 28b8 007c 3a05 2d10 0704&#10;    0x0000120: 54a7 0010 190e 04ba 0066 0000 2d10 0804&#10;    0x0000130: 5419 0519 05b8 0081 0282 0282 5fb8 0060&#10;    0x0000140: 5d58 8798 9900 0b2d 1009 0454 a700 1419&#10;    0x0000150: 05b8 0063 1400 8298 9b00 112d 100a 0454&#10;    0x0000160: 032d 100b 0454 a700 0904 2d10 0c04 5499&#10;    0x0000170: 006d 0336 0719 053a 0c15 0787 3908 2d10&#10;    0x0000180: 0d04 5414 0086 190c b800 6398 9d00 2318&#10;    0x0000190: 080f 6339 0819 0cb8 0063 1400 866f 390a&#10;    0x00001a0: 180a b800 7c3a 0c2d 100e 0454 a7ff d719&#10;    0x00001b0: 0e18 08ba 008b 0000 190e 04b8 008f 3a0f&#10;    0x00001c0: 190f 0319 0553 190f b800 92c0 0074 ba00&#10;    0x00001d0: 5000 00b2 0054 2d10 0f04 54b0 0e19 05b8&#10;    0x00001e0: 0063 6b0e 9899 0059 1905 b800 4799 000b&#10;    0x00001f0: 2d10 1004 54a7 001f 190e 1906 b600 97b6&#10;    0x0000200: 0097 b600 97ba 009a 0000 ba00 3800 002d&#10;    0x0000210: 1011 0454 190e 1906 b600 97b6 0097 b600&#10;    0x0000220: 97ba 009a 0000 ba00 3e00 0019 0e01 ba00&#10;    0x0000230: 5000 00b2 0054 2d10 1204 54a7 002a 1906&#10;    0x0000240: b600 97ba 009d 0000 b200 5419 0e19 0559&#10;    0x0000250: ba00 a000 005f ba00 a300 00ba 00a7 0000&#10;    0x0000260: 2d10 1304 542d 1014 0454 b012 a919 0db8&#10;    0x0000270: 00ac 9900 3919 06b6 0097 b600 97b6 0097&#10;    0x0000280: ba00 af00 00b2 0054 1906 b600 97ba 00b2&#10;    0x0000290: 0000 1905 b800 b5ba 00b9 0000 12ba 1052&#10;    0x00002a0: 12bb b800 c12d 1015 0454 bf10 2d87 1905&#10;    0x00002b0: 59ba 00c4 0000 5f03 ba00 c800 00b8 0060&#10;    0x00002c0: 989a 0024 1905 59ba 004a 0000 5f04 ba00&#10;    0x00002d0: ca00 003a 0519 0e02 ba00 6600 002d 1016&#10;    0x00002e0: 0454 a700 1019 0e04 ba00 6600 002d 1017&#10;    0x00002f0: 0454 1906 b600 97ba 00cd 0000 59ba 00d0&#10;    0x0000300: 0000 5f19 05ba 00d4 0000 9900 2119 06b6&#10;    0x0000310: 0097 ba00 9d00 00b2 0054 190e 1905 ba00&#10;    0x0000320: a700 002d 1018 0454 a700 1db2 00d6 0519&#10;    0x0000330: 06b8 00d9 b200 5419 0e19 05ba 00dd 0000&#10;    0x0000340: 2d10 1904 542d 101a 0454 b0            &#10;  Stackmap Table:&#10;    full_frame(@50,{Object[#16],Object[#230],Object[#230],Object[#255],Top,Object[#230],Object[#148],Top,Top,Top,Top,Top,Top,Top,Object[#230]},{})&#10;    same_locals_1_stack_item_extended(@140,Object[#230])&#10;    full_frame(@146,{Object[#16],Object[#230],Object[#230],Object[#255],Top,Object[#230],Object[#148],Top,Top,Top,Top,Top,Top,Top,Object[#230]},{Object[#230],Object[#230]})&#10;    same_frame(@159)&#10;    full_frame(@209,{Object[#16],Object[#230],Object[#230],Object[#255],Top,Object[#230],Object[#148],Top,Top,Top,Top,Top,Top,Object[#230],Object[#230]},{Object[#230]})&#10;    full_frame(@214,{Object[#16],Object[#230],Object[#230],Object[#255],Top,Object[#230],Object[#148],Top,Top,Top,Top,Top,Top,Object[#230],Object[#230]},{Object[#230],Integer})&#10;    same_frame(@253)&#10;    same_frame(@292)&#10;    full_frame(@305,{Object[#16],Object[#230],Top,Object[#255],Top,Object[#230],Object[#148],Top,Top,Top,Top,Top,Top,Object[#230],Object[#230]},{})&#10;    same_frame(@335)&#10;    same_frame(@352)&#10;    same_frame(@361)&#10;    same_locals_1_stack_item_frame(@367,Integer)&#10;    full_frame(@387,{Object[#16],Object[#230],Top,Object[#255],Top,Object[#230],Object[#148],Integer,Double,Top,Top,Object[#230],Object[#230],Object[#230]},{})&#10;    same_frame(@431)&#10;    full_frame(@476,{Object[#16],Object[#230],Top,Object[#255],Top,Object[#230],Object[#148],Top,Top,Top,Top,Top,Top,Object[#230],Object[#230]},{})&#10;    same_frame(@504)&#10;    same_frame(@532)&#10;    same_frame(@574)&#10;    same_locals_1_stack_item_frame(@613,Object[#230])&#10;    full_frame(@619,{Object[#16],Object[#230],Object[#230],Object[#255],Top,Object[#230],Object[#148],Top,Top,Top,Top,Top,Top,Object[#230],Object[#230]},{})&#10;    same_frame(@683)&#10;    same_frame(@741)&#10;    same_frame(@754)&#10;    same_frame(@811)&#10;    same_locals_1_stack_item_frame(@837,Object[#230])&#10;" type="java.lang.VerifyError">java.lang.VerifyError: 
Bad local variable type
Exception Details:
  Location:
    jdk/nashorn/internal/scripts/Script$Recompilation$92$487825A$\^eval\_.L:54-1#L:82-7#L:82#e#a(Ljdk/nashorn/internal/runtime/ScriptFunction;Ljava/lang/Object;Ljava/lang/Object;)Ljava/lang/Object; @284: aload_3
  Reason:
    Type double_2nd (current frame, locals[3]) is not assignable to reference type
  Current Frame:
    bci: @284
    flags: { }
    locals: { 'jdk/nashorn/internal/runtime/ScriptFunction', 'java/lang/Object', double, double_2nd, top, 'java/lang/Double', 'jdk/nashorn/internal/runtime/ScriptObject', top, top, top, top, top, top, 'java/lang/Object', 'java/lang/Object' }
    stack: { }
  Bytecode:
    0x0000000: b800 fd4e 2c3a 052a b600 143a 062b 3a0e
    0x0000010: 190e 1906 ba00 2000 00b8 0026 9a00 1619
    0x0000020: 06ba 0029 0000 1905 ba00 2e00 002d 0304
    0x0000030: 54b0 1905 190e 1906 ba00 2000 005a ba00
    0x0000040: 3200 00b8 0026 9900 5919 0e19 05ba 0035
    0x0000050: 0000 ba00 3800 0019 0e19 05ba 003b 0000
    0x0000060: ba00 3e00 0019 0e19 05ba 0041 0000 593a
    0x0000070: 05b8 0047 9900 1819 0559 ba00 4a00 005f
    0x0000080: ba00 4d00 002d 0404 54a7 0009 1905 2d05
    0x0000090: 0454 ba00 5000 00b2 0054 2d06 0454 b012
    0x00000a0: 5619 0501 b800 5959 3a0d b800 5c99 01be
    0x00000b0: 0387 1905 b800 6098 9a00 4519 0e0f 1905
    0x00000c0: b800 636f 0e98 9c00 0b02 2d07 0454 a700
    0x00000d0: 0804 2d08 0454 ba00 6600 0019 0e03 ba00
    0x00000e0: 6800 0019 0e03 b800 6cb8 0072 c000 74ba
    0x00000f0: 0050 0000 b200 542d 1006 0454 b019 05b8
    0x0000100: 0063 0e98 9c00 2019 05b8 0063 7749 190e
    0x0000110: 02ba 0066 0000 28b8 007c 3a05 2d10 0704
    0x0000120: 54a7 0010 190e 04ba 0066 0000 2d10 0804
    0x0000130: 5419 0519 05b8 0081 0282 0282 5fb8 0060
    0x0000140: 5d58 8798 9900 0b2d 1009 0454 a700 1419
    0x0000150: 05b8 0063 1400 8298 9b00 112d 100a 0454
    0x0000160: 032d 100b 0454 a700 0904 2d10 0c04 5499
    0x0000170: 006d 0336 0719 053a 0c15 0787 3908 2d10
    0x0000180: 0d04 5414 0086 190c b800 6398 9d00 2318
    0x0000190: 080f 6339 0819 0cb8 0063 1400 866f 390a
    0x00001a0: 180a b800 7c3a 0c2d 100e 0454 a7ff d719
    0x00001b0: 0e18 08ba 008b 0000 190e 04b8 008f 3a0f
    0x00001c0: 190f 0319 0553 190f b800 92c0 0074 ba00
    0x00001d0: 5000 00b2 0054 2d10 0f04 54b0 0e19 05b8
    0x00001e0: 0063 6b0e 9899 0059 1905 b800 4799 000b
    0x00001f0: 2d10 1004 54a7 001f 190e 1906 b600 97b6
    0x0000200: 0097 b600 97ba 009a 0000 ba00 3800 002d
    0x0000210: 1011 0454 190e 1906 b600 97b6 0097 b600
    0x0000220: 97ba 009a 0000 ba00 3e00 0019 0e01 ba00
    0x0000230: 5000 00b2 0054 2d10 1204 54a7 002a 1906
    0x0000240: b600 97ba 009d 0000 b200 5419 0e19 0559
    0x0000250: ba00 a000 005f ba00 a300 00ba 00a7 0000
    0x0000260: 2d10 1304 542d 1014 0454 b012 a919 0db8
    0x0000270: 00ac 9900 3919 06b6 0097 b600 97b6 0097
    0x0000280: ba00 af00 00b2 0054 1906 b600 97ba 00b2
    0x0000290: 0000 1905 b800 b5ba 00b9 0000 12ba 1052
    0x00002a0: 12bb b800 c12d 1015 0454 bf10 2d87 1905
    0x00002b0: 59ba 00c4 0000 5f03 ba00 c800 00b8 0060
    0x00002c0: 989a 0024 1905 59ba 004a 0000 5f04 ba00
    0x00002d0: ca00 003a 0519 0e02 ba00 6600 002d 1016
    0x00002e0: 0454 a700 1019 0e04 ba00 6600 002d 1017
    0x00002f0: 0454 1906 b600 97ba 00cd 0000 59ba 00d0
    0x0000300: 0000 5f19 05ba 00d4 0000 9900 2119 06b6
    0x0000310: 0097 ba00 9d00 00b2 0054 190e 1905 ba00
    0x0000320: a700 002d 1018 0454 a700 1db2 00d6 0519
    0x0000330: 06b8 00d9 b200 5419 0e19 05ba 00dd 0000
    0x0000340: 2d10 1904 542d 101a 0454 b0            
  Stackmap Table:
    full_frame(@50,{Object[#16],Object[#230],Object[#230],Object[#255],Top,Object[#230],Object[#148],Top,Top,Top,Top,Top,Top,Top,Object[#230]},{})
    same_locals_1_stack_item_extended(@140,Object[#230])
    full_frame(@146,{Object[#16],Object[#230],Object[#230],Object[#255],Top,Object[#230],Object[#148],Top,Top,Top,Top,Top,Top,Top,Object[#230]},{Object[#230],Object[#230]})
    same_frame(@159)
    full_frame(@209,{Object[#16],Object[#230],Object[#230],Object[#255],Top,Object[#230],Object[#148],Top,Top,Top,Top,Top,Top,Object[#230],Object[#230]},{Object[#230]})
    full_frame(@214,{Object[#16],Object[#230],Object[#230],Object[#255],Top,Object[#230],Object[#148],Top,Top,Top,Top,Top,Top,Object[#230],Object[#230]},{Object[#230],Integer})
    same_frame(@253)
    same_frame(@292)
    full_frame(@305,{Object[#16],Object[#230],Top,Object[#255],Top,Object[#230],Object[#148],Top,Top,Top,Top,Top,Top,Object[#230],Object[#230]},{})
    same_frame(@335)
    same_frame(@352)
    same_frame(@361)
    same_locals_1_stack_item_frame(@367,Integer)
    full_frame(@387,{Object[#16],Object[#230],Top,Object[#255],Top,Object[#230],Object[#148],Integer,Double,Top,Top,Object[#230],Object[#230],Object[#230]},{})
    same_frame(@431)
    full_frame(@476,{Object[#16],Object[#230],Top,Object[#255],Top,Object[#230],Object[#148],Top,Top,Top,Top,Top,Top,Object[#230],Object[#230]},{})
    same_frame(@504)
    same_frame(@532)
    same_frame(@574)
    same_locals_1_stack_item_frame(@613,Object[#230])
    full_frame(@619,{Object[#16],Object[#230],Object[#230],Object[#255],Top,Object[#230],Object[#148],Top,Top,Top,Top,Top,Top,Object[#230],Object[#230]},{})
    same_frame(@683)
    same_frame(@741)
    same_frame(@754)
    same_frame(@811)
    same_locals_1_stack_item_frame(@837,Object[#230])

	at org.molgenis.js.JsMagmaScriptEvaluatorTest.beforeClass(JsMagmaScriptEvaluatorTest.java:151)
</failure>
  </testcase>
  <testcase name="age" classname="org.molgenis.js.JsMagmaScriptEvaluatorTest" time="0">
    <skipped/>
  </testcase>
  <testcase name="combineGroupMapFunctions" classname="org.molgenis.js.JsMagmaScriptEvaluatorTest" time="0">
    <skipped/>
  </testcase>
  <testcase name="combinePlusGroupMapFunctions" classname="org.molgenis.js.JsMagmaScriptEvaluatorTest" time="0">
    <skipped/>
  </testcase>
  <testcase name="div" classname="org.molgenis.js.JsMagmaScriptEvaluatorTest" time="0">
    <skipped/>
  </testcase>
  <testcase name="evalList" classname="org.molgenis.js.JsMagmaScriptEvaluatorTest" time="0">
    <skipped/>
  </testcase>
  <testcase name="mapDefault" classname="org.molgenis.js.JsMagmaScriptEvaluatorTest" time="0">
    <skipped/>
  </testcase>
  <testcase name="mapNull" classname="org.molgenis.js.JsMagmaScriptEvaluatorTest" time="0">
    <skipped/>
  </testcase>
  <testcase name="mapSimple" classname="org.molgenis.js.JsMagmaScriptEvaluatorTest" time="0">
    <skipped/>
  </testcase>
  <testcase name="pow" classname="org.molgenis.js.JsMagmaScriptEvaluatorTest" time="0">
    <skipped/>
  </testcase>
  <testcase name="test$" classname="org.molgenis.js.JsMagmaScriptEvaluatorTest" time="0">
    <skipped/>
  </testcase>
  <testcase name="testAverageValueOfMultipleNumericAttributes" classname="org.molgenis.js.JsMagmaScriptEvaluatorTest" time="0">
    <skipped/>
  </testcase>
  <testcase name="testBmi" classname="org.molgenis.js.JsMagmaScriptEvaluatorTest" time="0">
    <skipped/>
  </testcase>
  <testcase name="testEq" classname="org.molgenis.js.JsMagmaScriptEvaluatorTest" time="0">
    <skipped/>
  </testcase>
  <testcase name="testEvalDefaultDepth$" classname="org.molgenis.js.JsMagmaScriptEvaluatorTest" time="0">
    <skipped/>
  </testcase>
  <testcase name="testGe" classname="org.molgenis.js.JsMagmaScriptEvaluatorTest" time="0">
    <skipped/>
  </testcase>
  <testcase name="testGlucose" classname="org.molgenis.js.JsMagmaScriptEvaluatorTest" time="0">
    <skipped/>
  </testcase>
  <testcase name="testGroup" classname="org.molgenis.js.JsMagmaScriptEvaluatorTest" time="0">
    <skipped/>
  </testcase>
  <testcase name="testGroupConstantValue" classname="org.molgenis.js.JsMagmaScriptEvaluatorTest" time="0">
    <skipped/>
  </testcase>
  <testcase name="testGroupNull" classname="org.molgenis.js.JsMagmaScriptEvaluatorTest" time="0">
    <skipped/>
  </testcase>
  <testcase name="testGt" classname="org.molgenis.js.JsMagmaScriptEvaluatorTest" time="0">
    <skipped/>
  </testcase>
  <testcase name="testIsNull" classname="org.molgenis.js.JsMagmaScriptEvaluatorTest" time="0">
    <skipped/>
  </testcase>
  <testcase name="testIsValidJson" classname="org.molgenis.js.JsMagmaScriptEvaluatorTest" time="0">
    <skipped/>
  </testcase>
  <testcase name="testLe" classname="org.molgenis.js.JsMagmaScriptEvaluatorTest" time="0">
    <skipped/>
  </testcase>
  <testcase name="testLt" classname="org.molgenis.js.JsMagmaScriptEvaluatorTest" time="0">
    <skipped/>
  </testcase>
  <testcase name="testNot" classname="org.molgenis.js.JsMagmaScriptEvaluatorTest" time="0">
    <skipped/>
  </testcase>
  <testcase name="testNull" classname="org.molgenis.js.JsMagmaScriptEvaluatorTest" time="0">
    <skipped/>
  </testcase>
  <testcase name="testOr" classname="org.molgenis.js.JsMagmaScriptEvaluatorTest" time="0">
    <skipped/>
  </testcase>
  <testcase name="testPlusNullValue" classname="org.molgenis.js.JsMagmaScriptEvaluatorTest" time="0">
    <skipped/>
  </testcase>
  <testcase name="testPlusObject" classname="org.molgenis.js.JsMagmaScriptEvaluatorTest" time="0">
    <skipped/>
  </testcase>
  <testcase name="testPlusValue" classname="org.molgenis.js.JsMagmaScriptEvaluatorTest" time="0">
    <skipped/>
  </testcase>
  <testcase name="testTimes" classname="org.molgenis.js.JsMagmaScriptEvaluatorTest" time="0">
    <skipped/>
  </testcase>
  <testcase name="testUnitConversion" classname="org.molgenis.js.JsMagmaScriptEvaluatorTest" time="0">
    <skipped/>
  </testcase>
  <testcase name="testValueForBool" classname="org.molgenis.js.JsMagmaScriptEvaluatorTest" time="0">
    <skipped/>
  </testcase>
  <testcase name="testValueForDateTime" classname="org.molgenis.js.JsMagmaScriptEvaluatorTest" time="0">
    <skipped/>
  </testcase>
  <testcase name="testValueForLong" classname="org.molgenis.js.JsMagmaScriptEvaluatorTest" time="0">
    <skipped/>
  </testcase>
  <testcase name="testValueForMref" classname="org.molgenis.js.JsMagmaScriptEvaluatorTest" time="0">
    <skipped/>
  </testcase>
  <testcase name="testValueForMrefWithComplexAlgorithm" classname="org.molgenis.js.JsMagmaScriptEvaluatorTest" time="0">
    <skipped/>
  </testcase>
  <testcase name="testValueForMrefWithSimplifiedAlgorithm" classname="org.molgenis.js.JsMagmaScriptEvaluatorTest" time="0">
    <skipped/>
  </testcase>
  <testcase name="testValueForNestedXrefDefaultDepth" classname="org.molgenis.js.JsMagmaScriptEvaluatorTest" time="0">
    <skipped/>
  </testcase>
  <testcase name="testValueForXref" classname="org.molgenis.js.JsMagmaScriptEvaluatorTest" time="0">
    <skipped/>
  </testcase>
  <testcase name="testValueForXrefDefaultDepth" classname="org.molgenis.js.JsMagmaScriptEvaluatorTest" time="0">
    <skipped/>
  </testcase>
  <testcase name="doesntDirtyContext" classname="org.molgenis.js.nashorn.NashornScriptEngineTest" time="0.015"/>
  <testcase name="testInvokeDateDMY" classname="org.molgenis.js.nashorn.NashornScriptEngineTest" time="0.079"/>
  <testcase name="testInvokeFunction" classname="org.molgenis.js.nashorn.NashornScriptEngineTest" time="0.008"/>
</testsuite>