<?xml version="1.0" encoding="UTF-8"?>
<!-- Generated by org.testng.reporters.JUnitReportReporter -->
<testsuite hostname="spirals-vortex.lille.inria.fr" name="com.mined.in.pool.account.eth.EthermineAccountExecutorTest" tests="5" failures="0" timestamp="28 Mar 2018 19:48:35 GMT" time="0.045" errors="0">
  <testcase name="test500HttpError" time="0.005" classname="com.mined.in.pool.account.eth.EthermineAccountExecutorTest"/>
  <testcase name="testEmptyResponse" time="0.018" classname="com.mined.in.pool.account.eth.EthermineAccountExecutorTest"/>
  <testcase name="testWithEmptyWalletAddress" time="0.005" classname="com.mined.in.pool.account.eth.EthermineAccountExecutorTest"/>
  <testcase name="testCorrectJsonResponseWithApiError" time="0.005" classname="com.mined.in.pool.account.eth.EthermineAccountExecutorTest"/>
  <testcase name="testCorrectJsonResponse" time="0.012" classname="com.mined.in.pool.account.eth.EthermineAccountExecutorTest"/>
</testsuite> <!-- com.mined.in.pool.account.eth.EthermineAccountExecutorTest -->
