<?xml version="1.0" encoding="UTF-8"?>
<!-- Generated by org.testng.reporters.JUnitReportReporter -->
<testsuite hostname="spirals-vortex.lille.inria.fr" name="com.urswolfer.gerrit.client.rest.http.projects.BranchInfoParserTest" tests="2" failures="0" timestamp="26 May 2018 11:16:32 GMT" time="0.019" errors="0">
  <testcase name="testParseBranchInfos" time="0.010" classname="com.urswolfer.gerrit.client.rest.http.projects.BranchInfoParserTest"/>
  <testcase name="testParseBranchInfo" time="0.009" classname="com.urswolfer.gerrit.client.rest.http.projects.BranchInfoParserTest"/>
</testsuite> <!-- com.urswolfer.gerrit.client.rest.http.projects.BranchInfoParserTest -->
