<?xml version="1.0" encoding="UTF-8"?>
<!-- Generated by org.testng.reporters.JUnitReportReporter -->
<testsuite hostname="spirals-vortex.lille.inria.fr" name="com.mined.in.calculator.whattomine.eth.WhatToMineRewardRequestorTest" tests="3" failures="0" timestamp="2 Apr 2018 19:11:23 GMT" time="0.011" errors="0">
  <testcase name="testCorrectJsonResponse" time="0.004" classname="com.mined.in.calculator.whattomine.eth.WhatToMineRewardRequestorTest"/>
  <testcase name="testEmptyResponse" time="0.004" classname="com.mined.in.calculator.whattomine.eth.WhatToMineRewardRequestorTest"/>
  <testcase name="test500HttpError" time="0.003" classname="com.mined.in.calculator.whattomine.eth.WhatToMineRewardRequestorTest"/>
</testsuite> <!-- com.mined.in.calculator.whattomine.eth.WhatToMineRewardRequestorTest -->
