<?xml version="1.0" encoding="UTF-8"?>
<!-- Generated by org.testng.reporters.JUnitReportReporter -->
<testsuite hostname="spirals-vortex.lille.inria.fr" name="com.urswolfer.gerrit.client.rest.http.changes.CommentsParserTest" tests="3" failures="0" timestamp="26 May 2018 11:16:32 GMT" time="0.026" errors="0">
  <testcase name="testParseCommentInfos" time="0.014" classname="com.urswolfer.gerrit.client.rest.http.changes.CommentsParserTest"/>
  <testcase name="testParseCommentInfosForFile" time="0.010" classname="com.urswolfer.gerrit.client.rest.http.changes.CommentsParserTest"/>
  <testcase name="testParseCommentsFileName" time="0.002" classname="com.urswolfer.gerrit.client.rest.http.changes.CommentsParserTest"/>
</testsuite> <!-- com.urswolfer.gerrit.client.rest.http.changes.CommentsParserTest -->
