<?xml version="1.0" encoding="UTF-8"?>
<!-- Generated by org.testng.reporters.JUnitReportReporter -->
<testsuite hostname="spirals-vortex.lille.inria.fr" name="com.urswolfer.gerrit.client.rest.gson.DateDeserializerTest" tests="4" failures="0" timestamp="26 May 2018 11:16:32 GMT" time="0.002" errors="0">
  <testcase name="testDeserialize" time="0.001" classname="com.urswolfer.gerrit.client.rest.gson.DateDeserializerTest"/>
  <testcase name="testDeserialize" time="0.000" classname="com.urswolfer.gerrit.client.rest.gson.DateDeserializerTest"/>
  <testcase name="testDeserialize" time="0.000" classname="com.urswolfer.gerrit.client.rest.gson.DateDeserializerTest"/>
  <testcase name="testInvalidFormattedDateString" time="0.001" classname="com.urswolfer.gerrit.client.rest.gson.DateDeserializerTest"/>
</testsuite> <!-- com.urswolfer.gerrit.client.rest.gson.DateDeserializerTest -->
