<?xml version="1.0" encoding="UTF-8"?>
<!-- Generated by org.testng.reporters.JUnitReportReporter -->
<testsuite hostname="spirals-vortex.lille.inria.fr" name="com.mined.in.pool.account.eth.NanopoolAccountRequestorTest" tests="5" failures="0" timestamp="2 Apr 2018 19:11:23 GMT" time="0.018" errors="0">
  <testcase name="testEmptyResponse" time="0.004" classname="com.mined.in.pool.account.eth.NanopoolAccountRequestorTest"/>
  <testcase name="testCorrectJsonResponseWithApiError" time="0.003" classname="com.mined.in.pool.account.eth.NanopoolAccountRequestorTest"/>
  <testcase name="test500HttpError" time="0.003" classname="com.mined.in.pool.account.eth.NanopoolAccountRequestorTest"/>
  <testcase name="testWithEmptyWalletAddress" time="0.003" classname="com.mined.in.pool.account.eth.NanopoolAccountRequestorTest"/>
  <testcase name="testCorrectJsonResponse" time="0.005" classname="com.mined.in.pool.account.eth.NanopoolAccountRequestorTest"/>
</testsuite> <!-- com.mined.in.pool.account.eth.NanopoolAccountRequestorTest -->
