<?xml version="1.0" encoding="UTF-8"?>
<!-- Generated by org.testng.reporters.JUnitReportReporter -->
<testsuite hostname="spirals-vortex.lille.inria.fr" name="com.mined.in.market.coinmarketcap.eth.CoinMarketCapMarketRequestorTest" tests="3" failures="0" timestamp="2 Apr 2018 19:11:23 GMT" time="0.009" errors="0">
  <testcase name="test500HttpError" time="0.003" classname="com.mined.in.market.coinmarketcap.eth.CoinMarketCapMarketRequestorTest"/>
  <testcase name="testEmptyResponse" time="0.003" classname="com.mined.in.market.coinmarketcap.eth.CoinMarketCapMarketRequestorTest"/>
  <testcase name="testCorrectJsonResponse" time="0.003" classname="com.mined.in.market.coinmarketcap.eth.CoinMarketCapMarketRequestorTest"/>
</testsuite> <!-- com.mined.in.market.coinmarketcap.eth.CoinMarketCapMarketRequestorTest -->
