<?xml version="1.0" encoding="UTF-8"?>
<!-- Generated by org.testng.reporters.JUnitReportReporter -->
<testsuite hostname="spirals-vortex.lille.inria.fr" name="com.urswolfer.gerrit.client.rest.http.changes.RevisionApiRestClientTest" tests="27" failures="0" timestamp="26 May 2018 11:16:32 GMT" time="0.031" errors="4">
  <testcase name="testTestSubmitType" time="0.002" classname="com.urswolfer.gerrit.client.rest.http.changes.RevisionApiRestClientTest"/>
  <testcase name="testDeleteFileReviewed" time="0.000" classname="com.urswolfer.gerrit.client.rest.http.changes.RevisionApiRestClientTest"/>
  <testcase name="testGetCommentsAndDrafts" time="0.001" classname="com.urswolfer.gerrit.client.rest.http.changes.RevisionApiRestClientTest"/>
  <testcase name="testSubmit" time="0.003" classname="com.urswolfer.gerrit.client.rest.http.changes.RevisionApiRestClientTest"/>
  <testcase name="testSetFileReviewed" time="0.001" classname="com.urswolfer.gerrit.client.rest.http.changes.RevisionApiRestClientTest"/>
  <testcase name="testGetFiles" time="0.001" classname="com.urswolfer.gerrit.client.rest.http.changes.RevisionApiRestClientTest"/>
  <testcase name="testSubmit" time="0.001" classname="com.urswolfer.gerrit.client.rest.http.changes.RevisionApiRestClientTest"/>
  <testcase name="testReview" time="0.005" classname="com.urswolfer.gerrit.client.rest.http.changes.RevisionApiRestClientTest">
    <error type="java.lang.AssertionError" message="
  Unexpected method call GerritRestClient.postRequest(&quot;/changes/packages%2Ftest~master~Ieabd72e73f3da0df90fd6e8cba8f6c5dd7d120df/revisions/current/review&quot;, &quot;{&quot;message&quot;:&quot;Looks good!&quot;,&quot;labels&quot;:{&quot;Code-Review&quot;:2},&quot;strict_labels&quot;:true,&quot;omit_duplicate_comments&quot;:false,&quot;work_in_progress&quot;:false,&quot;ready&quot;:false}&quot;):
    GerritRestClient.postRequest(&quot;/changes/packages%2Ftest~master~Ieabd72e73f3da0df90fd6e8cba8f6c5dd7d120df/revisions/current/review&quot;, &quot;{&quot;message&quot;:&quot;Looks good!&quot;,&quot;labels&quot;:{&quot;Code-Review&quot;:2},&quot;strict_labels&quot;:true,&quot;omit_duplicate_comments&quot;:false}&quot;): expected: 1, actual: 0">
      <![CDATA[java.lang.AssertionError: 
  Unexpected method call GerritRestClient.postRequest("/changes/packages%2Ftest~master~Ieabd72e73f3da0df90fd6e8cba8f6c5dd7d120df/revisions/current/review", "{"message":"Looks good!","labels":{"Code-Review":2},"strict_labels":true,"omit_duplicate_comments":false,"work_in_progress":false,"ready":false}"):
    GerritRestClient.postRequest("/changes/packages%2Ftest~master~Ieabd72e73f3da0df90fd6e8cba8f6c5dd7d120df/revisions/current/review", "{"message":"Looks good!","labels":{"Code-Review":2},"strict_labels":true,"omit_duplicate_comments":false}"): expected: 1, actual: 0
	at org.easymock.internal.MockInvocationHandler.invoke(MockInvocationHandler.java:44)
	at org.easymock.internal.ObjectMethodsFilter.invoke(ObjectMethodsFilter.java:94)
	at org.easymock.internal.ClassProxyFactory$MockMethodInterceptor.intercept(ClassProxyFactory.java:97)
	at com.urswolfer.gerrit.client.rest.http.GerritRestClient$$EnhancerByCGLIB$$5612559.postRequest(<generated>)
	at com.urswolfer.gerrit.client.rest.http.changes.RevisionApiRestClient.review(RevisionApiRestClient.java:81)
	at com.urswolfer.gerrit.client.rest.http.changes.RevisionApiRestClientTest.testReview(RevisionApiRestClientTest.java:104)
	at sun.reflect.NativeMethodAccessorImpl.invoke0(Native Method)
	at sun.reflect.NativeMethodAccessorImpl.invoke(NativeMethodAccessorImpl.java:62)
	at sun.reflect.DelegatingMethodAccessorImpl.invoke(DelegatingMethodAccessorImpl.java:43)
	at java.lang.reflect.Method.invoke(Method.java:498)
	at org.testng.internal.MethodInvocationHelper.invokeMethod(MethodInvocationHelper.java:85)
	at org.testng.internal.Invoker.invokeMethod(Invoker.java:696)
	at org.testng.internal.Invoker.invokeTestMethod(Invoker.java:882)
	at org.testng.internal.Invoker.invokeTestMethods(Invoker.java:1189)
	at org.testng.internal.TestMethodWorker.invokeTestMethods(TestMethodWorker.java:124)
	at org.testng.internal.TestMethodWorker.run(TestMethodWorker.java:108)
	at org.testng.TestRunner.privateRun(TestRunner.java:767)
	at org.testng.TestRunner.run(TestRunner.java:617)
	at org.testng.SuiteRunner.runTest(SuiteRunner.java:348)
	at org.testng.SuiteRunner.runSequentially(SuiteRunner.java:343)
	at org.testng.SuiteRunner.privateRun(SuiteRunner.java:305)
	at org.testng.SuiteRunner.run(SuiteRunner.java:254)
	at org.testng.SuiteRunnerWorker.runSuite(SuiteRunnerWorker.java:52)
	at org.testng.SuiteRunnerWorker.run(SuiteRunnerWorker.java:86)
	at org.testng.TestNG.runSuitesSequentially(TestNG.java:1224)
	at org.testng.TestNG.runSuitesLocally(TestNG.java:1149)
	at org.testng.TestNG.run(TestNG.java:1057)
	at org.apache.maven.surefire.testng.TestNGExecutor.run(TestNGExecutor.java:77)
	at org.apache.maven.surefire.testng.TestNGDirectoryTestSuite.executeMulti(TestNGDirectoryTestSuite.java:159)
	at org.apache.maven.surefire.testng.TestNGDirectoryTestSuite.execute(TestNGDirectoryTestSuite.java:99)
	at org.apache.maven.surefire.testng.TestNGProvider.invoke(TestNGProvider.java:106)
	at sun.reflect.NativeMethodAccessorImpl.invoke0(Native Method)
	at sun.reflect.NativeMethodAccessorImpl.invoke(NativeMethodAccessorImpl.java:62)
	at sun.reflect.DelegatingMethodAccessorImpl.invoke(DelegatingMethodAccessorImpl.java:43)
	at java.lang.reflect.Method.invoke(Method.java:498)
	at org.apache.maven.surefire.util.ReflectionUtils.invokeMethodWithArray(ReflectionUtils.java:189)
	at org.apache.maven.surefire.booter.ProviderFactory$ProviderProxy.invoke(ProviderFactory.java:165)
	at org.apache.maven.surefire.booter.ProviderFactory.invokeProvider(ProviderFactory.java:85)
	at org.apache.maven.surefire.booter.ForkedBooter.runSuitesInProcess(ForkedBooter.java:115)
	at org.apache.maven.surefire.booter.ForkedBooter.main(ForkedBooter.java:75)
]]>
    </error>
  </testcase> <!-- testReview -->
  <testcase name="testSubmitWithSubmitInput" time="0.002" classname="com.urswolfer.gerrit.client.rest.http.changes.RevisionApiRestClientTest"/>
  <testcase name="testDeleteFileReviewed" time="0.000" classname="com.urswolfer.gerrit.client.rest.http.changes.RevisionApiRestClientTest"/>
  <testcase name="testPublish" time="0.000" classname="com.urswolfer.gerrit.client.rest.http.changes.RevisionApiRestClientTest"/>
  <testcase name="testPatch" time="0.000" classname="com.urswolfer.gerrit.client.rest.http.changes.RevisionApiRestClientTest"/>
  <testcase name="testCherryPick" time="0.002" classname="com.urswolfer.gerrit.client.rest.http.changes.RevisionApiRestClientTest">
    <error type="java.lang.AssertionError" message="
  Unexpected method call GerritRestClient.postRequest(&quot;/changes/packages%2Ftest~master~Ieabd72e73f3da0df90fd6e8cba8f6c5dd7d120df/revisions/current/cherrypick&quot;, &quot;{&quot;message&quot;:&quot;Implementing Feature X&quot;,&quot;destination&quot;:&quot;release-branch&quot;,&quot;notify&quot;:&quot;NONE&quot;,&quot;keep_reviewers&quot;:false}&quot;):
    GerritRestClient.postRequest(&quot;/changes/packages%2Ftest~master~Ieabd72e73f3da0df90fd6e8cba8f6c5dd7d120df/revisions/current/cherrypick&quot;, &quot;{&quot;message&quot;:&quot;Implementing Feature X&quot;,&quot;destination&quot;:&quot;release-branch&quot;,&quot;notify&quot;:&quot;NONE&quot;}&quot;): expected: 1, actual: 0">
      <![CDATA[java.lang.AssertionError: 
  Unexpected method call GerritRestClient.postRequest("/changes/packages%2Ftest~master~Ieabd72e73f3da0df90fd6e8cba8f6c5dd7d120df/revisions/current/cherrypick", "{"message":"Implementing Feature X","destination":"release-branch","notify":"NONE","keep_reviewers":false}"):
    GerritRestClient.postRequest("/changes/packages%2Ftest~master~Ieabd72e73f3da0df90fd6e8cba8f6c5dd7d120df/revisions/current/cherrypick", "{"message":"Implementing Feature X","destination":"release-branch","notify":"NONE"}"): expected: 1, actual: 0
	at org.easymock.internal.MockInvocationHandler.invoke(MockInvocationHandler.java:44)
	at org.easymock.internal.ObjectMethodsFilter.invoke(ObjectMethodsFilter.java:94)
	at org.easymock.internal.ClassProxyFactory$MockMethodInterceptor.intercept(ClassProxyFactory.java:97)
	at com.urswolfer.gerrit.client.rest.http.GerritRestClient$$EnhancerByCGLIB$$5612559.postRequest(<generated>)
	at com.urswolfer.gerrit.client.rest.http.changes.RevisionApiRestClient.cherryPick(RevisionApiRestClient.java:107)
	at com.urswolfer.gerrit.client.rest.http.changes.RevisionApiRestClientTest.testCherryPick(RevisionApiRestClientTest.java:166)
	at sun.reflect.NativeMethodAccessorImpl.invoke0(Native Method)
	at sun.reflect.NativeMethodAccessorImpl.invoke(NativeMethodAccessorImpl.java:62)
	at sun.reflect.DelegatingMethodAccessorImpl.invoke(DelegatingMethodAccessorImpl.java:43)
	at java.lang.reflect.Method.invoke(Method.java:498)
	at org.testng.internal.MethodInvocationHelper.invokeMethod(MethodInvocationHelper.java:85)
	at org.testng.internal.Invoker.invokeMethod(Invoker.java:696)
	at org.testng.internal.Invoker.invokeTestMethod(Invoker.java:882)
	at org.testng.internal.Invoker.invokeTestMethods(Invoker.java:1189)
	at org.testng.internal.TestMethodWorker.invokeTestMethods(TestMethodWorker.java:124)
	at org.testng.internal.TestMethodWorker.run(TestMethodWorker.java:108)
	at org.testng.TestRunner.privateRun(TestRunner.java:767)
	at org.testng.TestRunner.run(TestRunner.java:617)
	at org.testng.SuiteRunner.runTest(SuiteRunner.java:348)
	at org.testng.SuiteRunner.runSequentially(SuiteRunner.java:343)
	at org.testng.SuiteRunner.privateRun(SuiteRunner.java:305)
	at org.testng.SuiteRunner.run(SuiteRunner.java:254)
	at org.testng.SuiteRunnerWorker.runSuite(SuiteRunnerWorker.java:52)
	at org.testng.SuiteRunnerWorker.run(SuiteRunnerWorker.java:86)
	at org.testng.TestNG.runSuitesSequentially(TestNG.java:1224)
	at org.testng.TestNG.runSuitesLocally(TestNG.java:1149)
	at org.testng.TestNG.run(TestNG.java:1057)
	at org.apache.maven.surefire.testng.TestNGExecutor.run(TestNGExecutor.java:77)
	at org.apache.maven.surefire.testng.TestNGDirectoryTestSuite.executeMulti(TestNGDirectoryTestSuite.java:159)
	at org.apache.maven.surefire.testng.TestNGDirectoryTestSuite.execute(TestNGDirectoryTestSuite.java:99)
	at org.apache.maven.surefire.testng.TestNGProvider.invoke(TestNGProvider.java:106)
	at sun.reflect.NativeMethodAccessorImpl.invoke0(Native Method)
	at sun.reflect.NativeMethodAccessorImpl.invoke(NativeMethodAccessorImpl.java:62)
	at sun.reflect.DelegatingMethodAccessorImpl.invoke(DelegatingMethodAccessorImpl.java:43)
	at java.lang.reflect.Method.invoke(Method.java:498)
	at org.apache.maven.surefire.util.ReflectionUtils.invokeMethodWithArray(ReflectionUtils.java:189)
	at org.apache.maven.surefire.booter.ProviderFactory$ProviderProxy.invoke(ProviderFactory.java:165)
	at org.apache.maven.surefire.booter.ProviderFactory.invokeProvider(ProviderFactory.java:85)
	at org.apache.maven.surefire.booter.ForkedBooter.runSuitesInProcess(ForkedBooter.java:115)
	at org.apache.maven.surefire.booter.ForkedBooter.main(ForkedBooter.java:75)
]]>
    </error>
  </testcase> <!-- testCherryPick -->
  <testcase name="testDelete" time="0.000" classname="com.urswolfer.gerrit.client.rest.http.changes.RevisionApiRestClientTest"/>
  <testcase name="testCherryPick" time="0.002" classname="com.urswolfer.gerrit.client.rest.http.changes.RevisionApiRestClientTest">
    <error type="java.lang.AssertionError" message="
  Unexpected method call GerritRestClient.postRequest(&quot;/changes/packages%2Ftest~master~Ieabd72e73f3da0df90fd6e8cba8f6c5dd7d120df/revisions/3/cherrypick&quot;, &quot;{&quot;message&quot;:&quot;Implementing Feature X&quot;,&quot;destination&quot;:&quot;release-branch&quot;,&quot;notify&quot;:&quot;NONE&quot;,&quot;keep_reviewers&quot;:false}&quot;):
    GerritRestClient.postRequest(&quot;/changes/packages%2Ftest~master~Ieabd72e73f3da0df90fd6e8cba8f6c5dd7d120df/revisions/3/cherrypick&quot;, &quot;{&quot;message&quot;:&quot;Implementing Feature X&quot;,&quot;destination&quot;:&quot;release-branch&quot;,&quot;notify&quot;:&quot;NONE&quot;}&quot;): expected: 1, actual: 0">
      <![CDATA[java.lang.AssertionError: 
  Unexpected method call GerritRestClient.postRequest("/changes/packages%2Ftest~master~Ieabd72e73f3da0df90fd6e8cba8f6c5dd7d120df/revisions/3/cherrypick", "{"message":"Implementing Feature X","destination":"release-branch","notify":"NONE","keep_reviewers":false}"):
    GerritRestClient.postRequest("/changes/packages%2Ftest~master~Ieabd72e73f3da0df90fd6e8cba8f6c5dd7d120df/revisions/3/cherrypick", "{"message":"Implementing Feature X","destination":"release-branch","notify":"NONE"}"): expected: 1, actual: 0
	at org.easymock.internal.MockInvocationHandler.invoke(MockInvocationHandler.java:44)
	at org.easymock.internal.ObjectMethodsFilter.invoke(ObjectMethodsFilter.java:94)
	at org.easymock.internal.ClassProxyFactory$MockMethodInterceptor.intercept(ClassProxyFactory.java:97)
	at com.urswolfer.gerrit.client.rest.http.GerritRestClient$$EnhancerByCGLIB$$5612559.postRequest(<generated>)
	at com.urswolfer.gerrit.client.rest.http.changes.RevisionApiRestClient.cherryPick(RevisionApiRestClient.java:107)
	at com.urswolfer.gerrit.client.rest.http.changes.RevisionApiRestClientTest.testCherryPick(RevisionApiRestClientTest.java:166)
	at sun.reflect.NativeMethodAccessorImpl.invoke0(Native Method)
	at sun.reflect.NativeMethodAccessorImpl.invoke(NativeMethodAccessorImpl.java:62)
	at sun.reflect.DelegatingMethodAccessorImpl.invoke(DelegatingMethodAccessorImpl.java:43)
	at java.lang.reflect.Method.invoke(Method.java:498)
	at org.testng.internal.MethodInvocationHelper.invokeMethod(MethodInvocationHelper.java:85)
	at org.testng.internal.Invoker.invokeMethod(Invoker.java:696)
	at org.testng.internal.Invoker.invokeTestMethod(Invoker.java:882)
	at org.testng.internal.Invoker.invokeTestMethods(Invoker.java:1189)
	at org.testng.internal.TestMethodWorker.invokeTestMethods(TestMethodWorker.java:124)
	at org.testng.internal.TestMethodWorker.run(TestMethodWorker.java:108)
	at org.testng.TestRunner.privateRun(TestRunner.java:767)
	at org.testng.TestRunner.run(TestRunner.java:617)
	at org.testng.SuiteRunner.runTest(SuiteRunner.java:348)
	at org.testng.SuiteRunner.runSequentially(SuiteRunner.java:343)
	at org.testng.SuiteRunner.privateRun(SuiteRunner.java:305)
	at org.testng.SuiteRunner.run(SuiteRunner.java:254)
	at org.testng.SuiteRunnerWorker.runSuite(SuiteRunnerWorker.java:52)
	at org.testng.SuiteRunnerWorker.run(SuiteRunnerWorker.java:86)
	at org.testng.TestNG.runSuitesSequentially(TestNG.java:1224)
	at org.testng.TestNG.runSuitesLocally(TestNG.java:1149)
	at org.testng.TestNG.run(TestNG.java:1057)
	at org.apache.maven.surefire.testng.TestNGExecutor.run(TestNGExecutor.java:77)
	at org.apache.maven.surefire.testng.TestNGDirectoryTestSuite.executeMulti(TestNGDirectoryTestSuite.java:159)
	at org.apache.maven.surefire.testng.TestNGDirectoryTestSuite.execute(TestNGDirectoryTestSuite.java:99)
	at org.apache.maven.surefire.testng.TestNGProvider.invoke(TestNGProvider.java:106)
	at sun.reflect.NativeMethodAccessorImpl.invoke0(Native Method)
	at sun.reflect.NativeMethodAccessorImpl.invoke(NativeMethodAccessorImpl.java:62)
	at sun.reflect.DelegatingMethodAccessorImpl.invoke(DelegatingMethodAccessorImpl.java:43)
	at java.lang.reflect.Method.invoke(Method.java:498)
	at org.apache.maven.surefire.util.ReflectionUtils.invokeMethodWithArray(ReflectionUtils.java:189)
	at org.apache.maven.surefire.booter.ProviderFactory$ProviderProxy.invoke(ProviderFactory.java:165)
	at org.apache.maven.surefire.booter.ProviderFactory.invokeProvider(ProviderFactory.java:85)
	at org.apache.maven.surefire.booter.ForkedBooter.runSuitesInProcess(ForkedBooter.java:115)
	at org.apache.maven.surefire.booter.ForkedBooter.main(ForkedBooter.java:75)
]]>
    </error>
  </testcase> <!-- testCherryPick -->
  <testcase name="testSetFileReviewed" time="0.000" classname="com.urswolfer.gerrit.client.rest.http.changes.RevisionApiRestClientTest"/>
  <testcase name="testSubmitType" time="0.001" classname="com.urswolfer.gerrit.client.rest.http.changes.RevisionApiRestClientTest"/>
  <testcase name="testTestSubmitType" time="0.001" classname="com.urswolfer.gerrit.client.rest.http.changes.RevisionApiRestClientTest"/>
  <testcase name="testDelete" time="0.001" classname="com.urswolfer.gerrit.client.rest.http.changes.RevisionApiRestClientTest"/>
  <testcase name="testRebase" time="0.001" classname="com.urswolfer.gerrit.client.rest.http.changes.RevisionApiRestClientTest"/>
  <testcase name="testPublish" time="0.000" classname="com.urswolfer.gerrit.client.rest.http.changes.RevisionApiRestClientTest"/>
  <testcase name="testGetFiles" time="0.000" classname="com.urswolfer.gerrit.client.rest.http.changes.RevisionApiRestClientTest"/>
  <testcase name="testSubmitWithSubmitInput" time="0.001" classname="com.urswolfer.gerrit.client.rest.http.changes.RevisionApiRestClientTest"/>
  <testcase name="testReview" time="0.003" classname="com.urswolfer.gerrit.client.rest.http.changes.RevisionApiRestClientTest">
    <error type="java.lang.AssertionError" message="
  Unexpected method call GerritRestClient.postRequest(&quot;/changes/packages%2Ftest~master~Ieabd72e73f3da0df90fd6e8cba8f6c5dd7d120df/revisions/3/review&quot;, &quot;{&quot;message&quot;:&quot;Looks good!&quot;,&quot;labels&quot;:{&quot;Code-Review&quot;:2},&quot;strict_labels&quot;:true,&quot;omit_duplicate_comments&quot;:false,&quot;work_in_progress&quot;:false,&quot;ready&quot;:false}&quot;):
    GerritRestClient.postRequest(&quot;/changes/packages%2Ftest~master~Ieabd72e73f3da0df90fd6e8cba8f6c5dd7d120df/revisions/3/review&quot;, &quot;{&quot;message&quot;:&quot;Looks good!&quot;,&quot;labels&quot;:{&quot;Code-Review&quot;:2},&quot;strict_labels&quot;:true,&quot;omit_duplicate_comments&quot;:false}&quot;): expected: 1, actual: 0">
      <![CDATA[java.lang.AssertionError: 
  Unexpected method call GerritRestClient.postRequest("/changes/packages%2Ftest~master~Ieabd72e73f3da0df90fd6e8cba8f6c5dd7d120df/revisions/3/review", "{"message":"Looks good!","labels":{"Code-Review":2},"strict_labels":true,"omit_duplicate_comments":false,"work_in_progress":false,"ready":false}"):
    GerritRestClient.postRequest("/changes/packages%2Ftest~master~Ieabd72e73f3da0df90fd6e8cba8f6c5dd7d120df/revisions/3/review", "{"message":"Looks good!","labels":{"Code-Review":2},"strict_labels":true,"omit_duplicate_comments":false}"): expected: 1, actual: 0
	at org.easymock.internal.MockInvocationHandler.invoke(MockInvocationHandler.java:44)
	at org.easymock.internal.ObjectMethodsFilter.invoke(ObjectMethodsFilter.java:94)
	at org.easymock.internal.ClassProxyFactory$MockMethodInterceptor.intercept(ClassProxyFactory.java:97)
	at com.urswolfer.gerrit.client.rest.http.GerritRestClient$$EnhancerByCGLIB$$5612559.postRequest(<generated>)
	at com.urswolfer.gerrit.client.rest.http.changes.RevisionApiRestClient.review(RevisionApiRestClient.java:81)
	at com.urswolfer.gerrit.client.rest.http.changes.RevisionApiRestClientTest.testReview(RevisionApiRestClientTest.java:108)
	at sun.reflect.NativeMethodAccessorImpl.invoke0(Native Method)
	at sun.reflect.NativeMethodAccessorImpl.invoke(NativeMethodAccessorImpl.java:62)
	at sun.reflect.DelegatingMethodAccessorImpl.invoke(DelegatingMethodAccessorImpl.java:43)
	at java.lang.reflect.Method.invoke(Method.java:498)
	at org.testng.internal.MethodInvocationHelper.invokeMethod(MethodInvocationHelper.java:85)
	at org.testng.internal.Invoker.invokeMethod(Invoker.java:696)
	at org.testng.internal.Invoker.invokeTestMethod(Invoker.java:882)
	at org.testng.internal.Invoker.invokeTestMethods(Invoker.java:1189)
	at org.testng.internal.TestMethodWorker.invokeTestMethods(TestMethodWorker.java:124)
	at org.testng.internal.TestMethodWorker.run(TestMethodWorker.java:108)
	at org.testng.TestRunner.privateRun(TestRunner.java:767)
	at org.testng.TestRunner.run(TestRunner.java:617)
	at org.testng.SuiteRunner.runTest(SuiteRunner.java:348)
	at org.testng.SuiteRunner.runSequentially(SuiteRunner.java:343)
	at org.testng.SuiteRunner.privateRun(SuiteRunner.java:305)
	at org.testng.SuiteRunner.run(SuiteRunner.java:254)
	at org.testng.SuiteRunnerWorker.runSuite(SuiteRunnerWorker.java:52)
	at org.testng.SuiteRunnerWorker.run(SuiteRunnerWorker.java:86)
	at org.testng.TestNG.runSuitesSequentially(TestNG.java:1224)
	at org.testng.TestNG.runSuitesLocally(TestNG.java:1149)
	at org.testng.TestNG.run(TestNG.java:1057)
	at org.apache.maven.surefire.testng.TestNGExecutor.run(TestNGExecutor.java:77)
	at org.apache.maven.surefire.testng.TestNGDirectoryTestSuite.executeMulti(TestNGDirectoryTestSuite.java:159)
	at org.apache.maven.surefire.testng.TestNGDirectoryTestSuite.execute(TestNGDirectoryTestSuite.java:99)
	at org.apache.maven.surefire.testng.TestNGProvider.invoke(TestNGProvider.java:106)
	at sun.reflect.NativeMethodAccessorImpl.invoke0(Native Method)
	at sun.reflect.NativeMethodAccessorImpl.invoke(NativeMethodAccessorImpl.java:62)
	at sun.reflect.DelegatingMethodAccessorImpl.invoke(DelegatingMethodAccessorImpl.java:43)
	at java.lang.reflect.Method.invoke(Method.java:498)
	at org.apache.maven.surefire.util.ReflectionUtils.invokeMethodWithArray(ReflectionUtils.java:189)
	at org.apache.maven.surefire.booter.ProviderFactory$ProviderProxy.invoke(ProviderFactory.java:165)
	at org.apache.maven.surefire.booter.ProviderFactory.invokeProvider(ProviderFactory.java:85)
	at org.apache.maven.surefire.booter.ForkedBooter.runSuitesInProcess(ForkedBooter.java:115)
	at org.apache.maven.surefire.booter.ForkedBooter.main(ForkedBooter.java:75)
]]>
    </error>
  </testcase> <!-- testReview -->
  <testcase name="testGetCommentsAndDrafts" time="0.001" classname="com.urswolfer.gerrit.client.rest.http.changes.RevisionApiRestClientTest"/>
  <testcase name="testSubmitType" time="0.001" classname="com.urswolfer.gerrit.client.rest.http.changes.RevisionApiRestClientTest"/>
  <testcase name="testRebase" time="0.001" classname="com.urswolfer.gerrit.client.rest.http.changes.RevisionApiRestClientTest"/>
</testsuite> <!-- com.urswolfer.gerrit.client.rest.http.changes.RevisionApiRestClientTest -->
