<?xml version="1.0" encoding="UTF-8"?>
<!-- Generated by org.testng.reporters.JUnitReportReporter -->
<testsuite skipped="1" hostname="spirals-vortex.lille.inria.fr" name="TestCourse.LngTest" tests="1" failures="0" timestamp="05 Mar 2018 13:45:54 GMT" time="0.000" errors="0">
  <testcase name="lngTest" time="0.000" classname="TestCourse.LngTest">
    <skipped/>
  </testcase> <!-- lngTest -->
</testsuite> <!-- TestCourse.LngTest -->
