<?xml version="1.0" encoding="UTF-8"?>
<!-- Generated by org.testng.reporters.JUnitReportReporter -->
<testsuite hostname="spirals-vortex.lille.inria.fr" name="com.urswolfer.gerrit.client.rest.http.changes.ReviewerApiRestClientTest" tests="2" failures="0" timestamp="26 May 2018 11:16:32 GMT" time="0.004" errors="0">
  <testcase name="testDeleteVote" time="0.002" classname="com.urswolfer.gerrit.client.rest.http.changes.ReviewerApiRestClientTest"/>
  <testcase name="testVotes" time="0.002" classname="com.urswolfer.gerrit.client.rest.http.changes.ReviewerApiRestClientTest"/>
</testsuite> <!-- com.urswolfer.gerrit.client.rest.http.changes.ReviewerApiRestClientTest -->
