<?xml version="1.0" encoding="UTF-8"?>
<!-- Generated by org.testng.reporters.JUnitReportReporter -->
<testsuite hostname="spirals-vortex.lille.inria.fr" name="com.urswolfer.gerrit.client.rest.http.changes.ChangesParserTest" tests="4" failures="0" timestamp="26 May 2018 11:16:32 GMT" time="0.047" errors="0">
  <testcase name="testParseSingleChangeInfos" time="0.004" classname="com.urswolfer.gerrit.client.rest.http.changes.ChangesParserTest"/>
  <testcase name="testParseSingleChangeInfo" time="0.005" classname="com.urswolfer.gerrit.client.rest.http.changes.ChangesParserTest"/>
  <testcase name="testParseChangeInfos" time="0.036" classname="com.urswolfer.gerrit.client.rest.http.changes.ChangesParserTest"/>
  <testcase name="testGenerateChangeInput" time="0.002" classname="com.urswolfer.gerrit.client.rest.http.changes.ChangesParserTest"/>
</testsuite> <!-- com.urswolfer.gerrit.client.rest.http.changes.ChangesParserTest -->
