<?xml version="1.0" encoding="UTF-8"?>
<!-- Generated by org.testng.reporters.JUnitReportReporter -->
<testsuite hostname="spirals-vortex.lille.inria.fr" name="com.urswolfer.gerrit.client.rest.http.projects.ProjectApiRestClientTest" tests="7" failures="0" timestamp="26 May 2018 11:16:32 GMT" time="0.014" errors="0">
  <testcase name="testGetProjectInfoServerException" time="0.002" classname="com.urswolfer.gerrit.client.rest.http.projects.ProjectApiRestClientTest"/>
  <testcase name="testUpdateProjectAccess" time="0.002" classname="com.urswolfer.gerrit.client.rest.http.projects.ProjectApiRestClientTest"/>
  <testcase name="testCreateProjectWithProjectInput" time="0.003" classname="com.urswolfer.gerrit.client.rest.http.projects.ProjectApiRestClientTest"/>
  <testcase name="testGetProjectInfoForName" time="0.000" classname="com.urswolfer.gerrit.client.rest.http.projects.ProjectApiRestClientTest"/>
  <testcase name="testProjectAccess" time="0.001" classname="com.urswolfer.gerrit.client.rest.http.projects.ProjectApiRestClientTest"/>
  <testcase name="testCreateProject" time="0.005" classname="com.urswolfer.gerrit.client.rest.http.projects.ProjectApiRestClientTest"/>
  <testcase name="testGetBranchesForProject" time="0.001" classname="com.urswolfer.gerrit.client.rest.http.projects.ProjectApiRestClientTest"/>
</testsuite> <!-- com.urswolfer.gerrit.client.rest.http.projects.ProjectApiRestClientTest -->
