<?xml version="1.0" encoding="UTF-8"?>
<!-- Generated by org.testng.reporters.JUnitReportReporter -->
<testsuite hostname="spirals-vortex.lille.inria.fr" name="com.mined.in.MinedInApplicationTests" tests="1" failures="0" timestamp="28 Mar 2018 19:48:35 GMT" time="0.267" errors="0">
  <testcase name="contextLoads" time="0.267" classname="com.mined.in.MinedInApplicationTests"/>
</testsuite> <!-- com.mined.in.MinedInApplicationTests -->
