<?xml version="1.0" encoding="UTF-8"?>
<!-- Generated by org.testng.reporters.JUnitReportReporter -->
<testsuite hostname="spirals-vortex.lille.inria.fr" name="com.urswolfer.gerrit.client.rest.http.changes.ChangeApiRestClientTest" tests="25" failures="0" timestamp="26 May 2018 11:16:32 GMT" time="0.077" errors="2">
  <testcase name="testIndexChange" time="0.002" classname="com.urswolfer.gerrit.client.rest.http.changes.ChangeApiRestClientTest"/>
  <testcase name="testRevertChangeWithMessage" time="0.002" classname="com.urswolfer.gerrit.client.rest.http.changes.ChangeApiRestClientTest">
    <error type="java.lang.AssertionError" message="
  Unexpected method call GerritRestClient.postRequest(&quot;/changes/myProject~master~I8473b95934b5732ac55d26311a706c9c2bde9940/revert&quot;, &quot;{&quot;message&quot;:&quot;Change need revert.&quot;,&quot;notify&quot;:&quot;ALL&quot;}&quot;):
    GerritRestClient.postRequest(&quot;/changes/myProject~master~I8473b95934b5732ac55d26311a706c9c2bde9940/revert&quot;, &quot;{&quot;message&quot;:&quot;Change need revert.&quot;}&quot;): expected: 1, actual: 0">
      <![CDATA[java.lang.AssertionError: 
  Unexpected method call GerritRestClient.postRequest("/changes/myProject~master~I8473b95934b5732ac55d26311a706c9c2bde9940/revert", "{"message":"Change need revert.","notify":"ALL"}"):
    GerritRestClient.postRequest("/changes/myProject~master~I8473b95934b5732ac55d26311a706c9c2bde9940/revert", "{"message":"Change need revert."}"): expected: 1, actual: 0
	at org.easymock.internal.MockInvocationHandler.invoke(MockInvocationHandler.java:44)
	at org.easymock.internal.ObjectMethodsFilter.invoke(ObjectMethodsFilter.java:94)
	at org.easymock.internal.ClassProxyFactory$MockMethodInterceptor.intercept(ClassProxyFactory.java:97)
	at com.urswolfer.gerrit.client.rest.http.GerritRestClient$$EnhancerByCGLIB$$5612559.postRequest(<generated>)
	at com.urswolfer.gerrit.client.rest.http.changes.ChangeApiRestClient.revert(ChangeApiRestClient.java:162)
	at com.urswolfer.gerrit.client.rest.http.changes.ChangeApiRestClientTest.testRevertChangeWithMessage(ChangeApiRestClientTest.java:254)
	at sun.reflect.NativeMethodAccessorImpl.invoke0(Native Method)
	at sun.reflect.NativeMethodAccessorImpl.invoke(NativeMethodAccessorImpl.java:62)
	at sun.reflect.DelegatingMethodAccessorImpl.invoke(DelegatingMethodAccessorImpl.java:43)
	at java.lang.reflect.Method.invoke(Method.java:498)
	at org.testng.internal.MethodInvocationHelper.invokeMethod(MethodInvocationHelper.java:85)
	at org.testng.internal.Invoker.invokeMethod(Invoker.java:696)
	at org.testng.internal.Invoker.invokeTestMethod(Invoker.java:882)
	at org.testng.internal.Invoker.invokeTestMethods(Invoker.java:1189)
	at org.testng.internal.TestMethodWorker.invokeTestMethods(TestMethodWorker.java:124)
	at org.testng.internal.TestMethodWorker.run(TestMethodWorker.java:108)
	at org.testng.TestRunner.privateRun(TestRunner.java:767)
	at org.testng.TestRunner.run(TestRunner.java:617)
	at org.testng.SuiteRunner.runTest(SuiteRunner.java:348)
	at org.testng.SuiteRunner.runSequentially(SuiteRunner.java:343)
	at org.testng.SuiteRunner.privateRun(SuiteRunner.java:305)
	at org.testng.SuiteRunner.run(SuiteRunner.java:254)
	at org.testng.SuiteRunnerWorker.runSuite(SuiteRunnerWorker.java:52)
	at org.testng.SuiteRunnerWorker.run(SuiteRunnerWorker.java:86)
	at org.testng.TestNG.runSuitesSequentially(TestNG.java:1224)
	at org.testng.TestNG.runSuitesLocally(TestNG.java:1149)
	at org.testng.TestNG.run(TestNG.java:1057)
	at org.apache.maven.surefire.testng.TestNGExecutor.run(TestNGExecutor.java:77)
	at org.apache.maven.surefire.testng.TestNGDirectoryTestSuite.executeMulti(TestNGDirectoryTestSuite.java:159)
	at org.apache.maven.surefire.testng.TestNGDirectoryTestSuite.execute(TestNGDirectoryTestSuite.java:99)
	at org.apache.maven.surefire.testng.TestNGProvider.invoke(TestNGProvider.java:106)
	at sun.reflect.NativeMethodAccessorImpl.invoke0(Native Method)
	at sun.reflect.NativeMethodAccessorImpl.invoke(NativeMethodAccessorImpl.java:62)
	at sun.reflect.DelegatingMethodAccessorImpl.invoke(DelegatingMethodAccessorImpl.java:43)
	at java.lang.reflect.Method.invoke(Method.java:498)
	at org.apache.maven.surefire.util.ReflectionUtils.invokeMethodWithArray(ReflectionUtils.java:189)
	at org.apache.maven.surefire.booter.ProviderFactory$ProviderProxy.invoke(ProviderFactory.java:165)
	at org.apache.maven.surefire.booter.ProviderFactory.invokeProvider(ProviderFactory.java:85)
	at org.apache.maven.surefire.booter.ForkedBooter.runSuitesInProcess(ForkedBooter.java:115)
	at org.apache.maven.surefire.booter.ForkedBooter.main(ForkedBooter.java:75)
]]>
    </error>
  </testcase> <!-- testRevertChangeWithMessage -->
  <testcase name="testMove" time="0.003" classname="com.urswolfer.gerrit.client.rest.http.changes.ChangeApiRestClientTest"/>
  <testcase name="testChangeGet" time="0.009" classname="com.urswolfer.gerrit.client.rest.http.changes.ChangeApiRestClientTest"/>
  <testcase name="testCheckFix" time="0.001" classname="com.urswolfer.gerrit.client.rest.http.changes.ChangeApiRestClientTest"/>
  <testcase name="testAddReviewerWithStringParam" time="0.004" classname="com.urswolfer.gerrit.client.rest.http.changes.ChangeApiRestClientTest"/>
  <testcase name="testGetEdit" time="0.000" classname="com.urswolfer.gerrit.client.rest.http.changes.ChangeApiRestClientTest"/>
  <testcase name="testChangeInfo" time="0.001" classname="com.urswolfer.gerrit.client.rest.http.changes.ChangeApiRestClientTest"/>
  <testcase name="testCheck" time="0.001" classname="com.urswolfer.gerrit.client.rest.http.changes.ChangeApiRestClientTest"/>
  <testcase name="testIncludedIn" time="0.001" classname="com.urswolfer.gerrit.client.rest.http.changes.ChangeApiRestClientTest"/>
  <testcase name="testSuggestReviewers" time="0.002" classname="com.urswolfer.gerrit.client.rest.http.changes.ChangeApiRestClientTest"/>
  <testcase name="testRestoreChangeWithMessage" time="0.000" classname="com.urswolfer.gerrit.client.rest.http.changes.ChangeApiRestClientTest"/>
  <testcase name="testMoveWithMessage" time="0.001" classname="com.urswolfer.gerrit.client.rest.http.changes.ChangeApiRestClientTest"/>
  <testcase name="testAbandonChange" time="0.033" classname="com.urswolfer.gerrit.client.rest.http.changes.ChangeApiRestClientTest"/>
  <testcase name="testListReviewers" time="0.001" classname="com.urswolfer.gerrit.client.rest.http.changes.ChangeApiRestClientTest"/>
  <testcase name="testAddReviewer" time="0.003" classname="com.urswolfer.gerrit.client.rest.http.changes.ChangeApiRestClientTest"/>
  <testcase name="testAbandonChangeWithMessage" time="0.002" classname="com.urswolfer.gerrit.client.rest.http.changes.ChangeApiRestClientTest"/>
  <testcase name="testDelete" time="0.001" classname="com.urswolfer.gerrit.client.rest.http.changes.ChangeApiRestClientTest"/>
  <testcase name="testPublish" time="0.001" classname="com.urswolfer.gerrit.client.rest.http.changes.ChangeApiRestClientTest"/>
  <testcase name="testSetTopic" time="0.002" classname="com.urswolfer.gerrit.client.rest.http.changes.ChangeApiRestClientTest"/>
  <testcase name="testRestoreChange" time="0.001" classname="com.urswolfer.gerrit.client.rest.http.changes.ChangeApiRestClientTest"/>
  <testcase name="testSuggestReviewersWithLimit" time="0.001" classname="com.urswolfer.gerrit.client.rest.http.changes.ChangeApiRestClientTest"/>
  <testcase name="testGetTopic" time="0.001" classname="com.urswolfer.gerrit.client.rest.http.changes.ChangeApiRestClientTest"/>
  <testcase name="testRevertChange" time="0.003" classname="com.urswolfer.gerrit.client.rest.http.changes.ChangeApiRestClientTest">
    <error type="java.lang.AssertionError" message="
  Unexpected method call GerritRestClient.postRequest(&quot;/changes/myProject~master~I8473b95934b5732ac55d26311a706c9c2bde9940/revert&quot;, &quot;{&quot;notify&quot;:&quot;ALL&quot;}&quot;):
    GerritRestClient.postRequest(&quot;/changes/myProject~master~I8473b95934b5732ac55d26311a706c9c2bde9940/revert&quot;, &quot;{}&quot;): expected: 1, actual: 0">
      <![CDATA[java.lang.AssertionError: 
  Unexpected method call GerritRestClient.postRequest("/changes/myProject~master~I8473b95934b5732ac55d26311a706c9c2bde9940/revert", "{"notify":"ALL"}"):
    GerritRestClient.postRequest("/changes/myProject~master~I8473b95934b5732ac55d26311a706c9c2bde9940/revert", "{}"): expected: 1, actual: 0
	at org.easymock.internal.MockInvocationHandler.invoke(MockInvocationHandler.java:44)
	at org.easymock.internal.ObjectMethodsFilter.invoke(ObjectMethodsFilter.java:94)
	at org.easymock.internal.ClassProxyFactory$MockMethodInterceptor.intercept(ClassProxyFactory.java:97)
	at com.urswolfer.gerrit.client.rest.http.GerritRestClient$$EnhancerByCGLIB$$5612559.postRequest(<generated>)
	at com.urswolfer.gerrit.client.rest.http.changes.ChangeApiRestClient.revert(ChangeApiRestClient.java:162)
	at com.urswolfer.gerrit.client.rest.http.changes.ChangeApiRestClient.revert(ChangeApiRestClient.java:155)
	at com.urswolfer.gerrit.client.rest.http.changes.ChangeApiRestClientTest.testRevertChange(ChangeApiRestClientTest.java:240)
	at sun.reflect.NativeMethodAccessorImpl.invoke0(Native Method)
	at sun.reflect.NativeMethodAccessorImpl.invoke(NativeMethodAccessorImpl.java:62)
	at sun.reflect.DelegatingMethodAccessorImpl.invoke(DelegatingMethodAccessorImpl.java:43)
	at java.lang.reflect.Method.invoke(Method.java:498)
	at org.testng.internal.MethodInvocationHelper.invokeMethod(MethodInvocationHelper.java:85)
	at org.testng.internal.Invoker.invokeMethod(Invoker.java:696)
	at org.testng.internal.Invoker.invokeTestMethod(Invoker.java:882)
	at org.testng.internal.Invoker.invokeTestMethods(Invoker.java:1189)
	at org.testng.internal.TestMethodWorker.invokeTestMethods(TestMethodWorker.java:124)
	at org.testng.internal.TestMethodWorker.run(TestMethodWorker.java:108)
	at org.testng.TestRunner.privateRun(TestRunner.java:767)
	at org.testng.TestRunner.run(TestRunner.java:617)
	at org.testng.SuiteRunner.runTest(SuiteRunner.java:348)
	at org.testng.SuiteRunner.runSequentially(SuiteRunner.java:343)
	at org.testng.SuiteRunner.privateRun(SuiteRunner.java:305)
	at org.testng.SuiteRunner.run(SuiteRunner.java:254)
	at org.testng.SuiteRunnerWorker.runSuite(SuiteRunnerWorker.java:52)
	at org.testng.SuiteRunnerWorker.run(SuiteRunnerWorker.java:86)
	at org.testng.TestNG.runSuitesSequentially(TestNG.java:1224)
	at org.testng.TestNG.runSuitesLocally(TestNG.java:1149)
	at org.testng.TestNG.run(TestNG.java:1057)
	at org.apache.maven.surefire.testng.TestNGExecutor.run(TestNGExecutor.java:77)
	at org.apache.maven.surefire.testng.TestNGDirectoryTestSuite.executeMulti(TestNGDirectoryTestSuite.java:159)
	at org.apache.maven.surefire.testng.TestNGDirectoryTestSuite.execute(TestNGDirectoryTestSuite.java:99)
	at org.apache.maven.surefire.testng.TestNGProvider.invoke(TestNGProvider.java:106)
	at sun.reflect.NativeMethodAccessorImpl.invoke0(Native Method)
	at sun.reflect.NativeMethodAccessorImpl.invoke(NativeMethodAccessorImpl.java:62)
	at sun.reflect.DelegatingMethodAccessorImpl.invoke(DelegatingMethodAccessorImpl.java:43)
	at java.lang.reflect.Method.invoke(Method.java:498)
	at org.apache.maven.surefire.util.ReflectionUtils.invokeMethodWithArray(ReflectionUtils.java:189)
	at org.apache.maven.surefire.booter.ProviderFactory$ProviderProxy.invoke(ProviderFactory.java:165)
	at org.apache.maven.surefire.booter.ProviderFactory.invokeProvider(ProviderFactory.java:85)
	at org.apache.maven.surefire.booter.ForkedBooter.runSuitesInProcess(ForkedBooter.java:115)
	at org.apache.maven.surefire.booter.ForkedBooter.main(ForkedBooter.java:75)
]]>
    </error>
  </testcase> <!-- testRevertChange -->
  <testcase name="testComments" time="0.001" classname="com.urswolfer.gerrit.client.rest.http.changes.ChangeApiRestClientTest"/>
</testsuite> <!-- com.urswolfer.gerrit.client.rest.http.changes.ChangeApiRestClientTest -->
