<?xml version="1.0" encoding="UTF-8"?>
<!-- Generated by org.testng.reporters.JUnitReportReporter -->
<testsuite hostname="spirals-vortex.lille.inria.fr" name="com.urswolfer.gerrit.client.rest.http.groups.GroupsParserTest" tests="6" failures="0" timestamp="26 May 2018 11:16:32 GMT" time="0.010" errors="0">
  <testcase name="testParseGroupInfosArray" time="0.001" classname="com.urswolfer.gerrit.client.rest.http.groups.GroupsParserTest"/>
  <testcase name="testParseGroupInfo" time="0.004" classname="com.urswolfer.gerrit.client.rest.http.groups.GroupsParserTest"/>
  <testcase name="testParseGroupMember" time="0.003" classname="com.urswolfer.gerrit.client.rest.http.groups.GroupsParserTest"/>
  <testcase name="testParseGroupInfoWithNullJsonElement" time="0.000" classname="com.urswolfer.gerrit.client.rest.http.groups.GroupsParserTest"/>
  <testcase name="testParseGroupInfos" time="0.001" classname="com.urswolfer.gerrit.client.rest.http.groups.GroupsParserTest"/>
  <testcase name="testParseGroupMembers" time="0.001" classname="com.urswolfer.gerrit.client.rest.http.groups.GroupsParserTest"/>
</testsuite> <!-- com.urswolfer.gerrit.client.rest.http.groups.GroupsParserTest -->
