<?xml version="1.0" encoding="UTF-8"?>
<!-- Generated by org.testng.reporters.JUnitReportReporter -->
<testsuite hostname="spirals-vortex.lille.inria.fr" name="com.urswolfer.gerrit.client.rest.GerritAuthDataTest" tests="3" failures="0" timestamp="26 May 2018 11:16:32 GMT" time="0.001" errors="0">
  <testcase name="basicAuthWithUsernameAndPassword" time="0.000" classname="com.urswolfer.gerrit.client.rest.GerritAuthDataTest"/>
  <testcase name="basicAuthUrlWithTrailingSlash" time="0.001" classname="com.urswolfer.gerrit.client.rest.GerritAuthDataTest"/>
  <testcase name="basicAuth" time="0.000" classname="com.urswolfer.gerrit.client.rest.GerritAuthDataTest"/>
</testsuite> <!-- com.urswolfer.gerrit.client.rest.GerritAuthDataTest -->
