<?xml version="1.0" encoding="UTF-8"?>
<!-- Generated by org.testng.reporters.JUnitReportReporter -->
<testsuite hostname="spirals-vortex.lille.inria.fr" name="com.urswolfer.gerrit.client.rest.http.projects.TagApiRestClientTest" tests="2" failures="0" timestamp="26 May 2018 11:16:32 GMT" time="0.002" errors="0">
  <testcase name="testGetTagsForProject" time="0.001" classname="com.urswolfer.gerrit.client.rest.http.projects.TagApiRestClientTest"/>
  <testcase name="testGetTagForProject" time="0.001" classname="com.urswolfer.gerrit.client.rest.http.projects.TagApiRestClientTest"/>
</testsuite> <!-- com.urswolfer.gerrit.client.rest.http.projects.TagApiRestClientTest -->
