<?xml version="1.0" encoding="UTF-8"?>
<!-- Generated by org.testng.reporters.JUnitReportReporter -->
<testsuite hostname="spirals-vortex.lille.inria.fr" name="com.urswolfer.gerrit.client.rest.http.accounts.AccountsParserTest" tests="4" failures="0" timestamp="26 May 2018 11:16:32 GMT" time="0.151" errors="0">
  <testcase name="testParseUserInfos" time="0.001" classname="com.urswolfer.gerrit.client.rest.http.accounts.AccountsParserTest"/>
  <testcase name="testParseSingleUserInfos" time="0.020" classname="com.urswolfer.gerrit.client.rest.http.accounts.AccountsParserTest"/>
  <testcase name="testParseUserInfo" time="0.130" classname="com.urswolfer.gerrit.client.rest.http.accounts.AccountsParserTest"/>
  <testcase name="testParseUserInfoWithNullJsonElement" time="0.000" classname="com.urswolfer.gerrit.client.rest.http.accounts.AccountsParserTest"/>
</testsuite> <!-- com.urswolfer.gerrit.client.rest.http.accounts.AccountsParserTest -->
