<?xml version="1.0" encoding="UTF-8"?>
<!-- Generated by org.testng.reporters.JUnitReportReporter -->
<testsuite hostname="spirals-vortex.lille.inria.fr" name="com.urswolfer.gerrit.client.rest.http.projects.BranchApiRestClientTest" tests="4" failures="0" timestamp="26 May 2018 11:16:32 GMT" time="0.049" errors="0">
  <testcase name="testGetBranchInfoForName" time="0.014" classname="com.urswolfer.gerrit.client.rest.http.projects.BranchApiRestClientTest"/>
  <testcase name="testDeleteBranch" time="0.001" classname="com.urswolfer.gerrit.client.rest.http.projects.BranchApiRestClientTest"/>
  <testcase name="testFileContent" time="0.023" classname="com.urswolfer.gerrit.client.rest.http.projects.BranchApiRestClientTest"/>
  <testcase name="testCreateBranch" time="0.011" classname="com.urswolfer.gerrit.client.rest.http.projects.BranchApiRestClientTest"/>
</testsuite> <!-- com.urswolfer.gerrit.client.rest.http.projects.BranchApiRestClientTest -->
