<?xml version="1.0" encoding="UTF-8"?>
<!-- Generated by org.testng.reporters.JUnitReportReporter -->
<testsuite hostname="spirals-vortex.lille.inria.fr" name="com.urswolfer.gerrit.client.rest.http.config.ServerRestClientTest" tests="3" failures="0" timestamp="26 May 2018 11:16:32 GMT" time="0.004" errors="0">
  <testcase name="testGetVersion" time="0.003" classname="com.urswolfer.gerrit.client.rest.http.config.ServerRestClientTest"/>
  <testcase name="testGetVersionGivenEndpointIsNotAvailable" time="0.000" classname="com.urswolfer.gerrit.client.rest.http.config.ServerRestClientTest"/>
  <testcase name="testGetVersionGivenEndpointThrowsUnauthorized" time="0.001" classname="com.urswolfer.gerrit.client.rest.http.config.ServerRestClientTest"/>
</testsuite> <!-- com.urswolfer.gerrit.client.rest.http.config.ServerRestClientTest -->
