<?xml version="1.0" encoding="UTF-8"?>
<!-- Generated by org.testng.reporters.JUnitReportReporter -->
<testsuite hostname="spirals-vortex.lille.inria.fr" name="com.urswolfer.gerrit.client.rest.http.groups.GroupApiRestClientTest" tests="14" failures="0" timestamp="26 May 2018 11:16:32 GMT" time="0.017" errors="0">
  <testcase name="testGetIncludedGroups" time="0.000" classname="com.urswolfer.gerrit.client.rest.http.groups.GroupApiRestClientTest"/>
  <testcase name="testAddMembers" time="0.001" classname="com.urswolfer.gerrit.client.rest.http.groups.GroupApiRestClientTest"/>
  <testcase name="testSetGroupOwner" time="0.001" classname="com.urswolfer.gerrit.client.rest.http.groups.GroupApiRestClientTest"/>
  <testcase name="testRemoveMembers" time="0.001" classname="com.urswolfer.gerrit.client.rest.http.groups.GroupApiRestClientTest"/>
  <testcase name="testGetGroupInfo" time="0.000" classname="com.urswolfer.gerrit.client.rest.http.groups.GroupApiRestClientTest"/>
  <testcase name="testGetGroupDetail" time="0.000" classname="com.urswolfer.gerrit.client.rest.http.groups.GroupApiRestClientTest"/>
  <testcase name="testSetGroupName" time="0.000" classname="com.urswolfer.gerrit.client.rest.http.groups.GroupApiRestClientTest"/>
  <testcase name="testAddGroups" time="0.009" classname="com.urswolfer.gerrit.client.rest.http.groups.GroupApiRestClientTest"/>
  <testcase name="testGetGroupOwner" time="0.000" classname="com.urswolfer.gerrit.client.rest.http.groups.GroupApiRestClientTest"/>
  <testcase name="testRemoveGroups" time="0.001" classname="com.urswolfer.gerrit.client.rest.http.groups.GroupApiRestClientTest"/>
  <testcase name="testGetGroupDescription" time="0.001" classname="com.urswolfer.gerrit.client.rest.http.groups.GroupApiRestClientTest"/>
  <testcase name="testSetGroupDescription" time="0.001" classname="com.urswolfer.gerrit.client.rest.http.groups.GroupApiRestClientTest"/>
  <testcase name="testGetGroupName" time="0.000" classname="com.urswolfer.gerrit.client.rest.http.groups.GroupApiRestClientTest"/>
  <testcase name="testGetGroupMembers" time="0.002" classname="com.urswolfer.gerrit.client.rest.http.groups.GroupApiRestClientTest"/>
</testsuite> <!-- com.urswolfer.gerrit.client.rest.http.groups.GroupApiRestClientTest -->
