<?xml version="1.0" encoding="UTF-8"?>
<!-- Generated by org.testng.reporters.JUnitReportReporter -->
<testsuite hostname="spirals-vortex.lille.inria.fr" name="com.urswolfer.gerrit.client.rest.http.changes.ChangesRestClientTest" tests="15" failures="0" timestamp="26 May 2018 11:16:32 GMT" time="0.010" errors="0">
  <testcase name="testIdAsTriplet" time="0.001" classname="com.urswolfer.gerrit.client.rest.http.changes.ChangesRestClientTest"/>
  <testcase name="testIdAsInt" time="0.000" classname="com.urswolfer.gerrit.client.rest.http.changes.ChangesRestClientTest"/>
  <testcase name="testQueryWithParameter" time="0.001" classname="com.urswolfer.gerrit.client.rest.http.changes.ChangesRestClientTest"/>
  <testcase name="testQueryWithParameter" time="0.001" classname="com.urswolfer.gerrit.client.rest.http.changes.ChangesRestClientTest"/>
  <testcase name="testQueryWithParameter" time="0.001" classname="com.urswolfer.gerrit.client.rest.http.changes.ChangesRestClientTest"/>
  <testcase name="testCreate" time="0.000" classname="com.urswolfer.gerrit.client.rest.http.changes.ChangesRestClientTest"/>
  <testcase name="testQueryWithParameter" time="0.000" classname="com.urswolfer.gerrit.client.rest.http.changes.ChangesRestClientTest"/>
  <testcase name="testQuery" time="0.001" classname="com.urswolfer.gerrit.client.rest.http.changes.ChangesRestClientTest"/>
  <testcase name="testQueryWithParameter" time="0.001" classname="com.urswolfer.gerrit.client.rest.http.changes.ChangesRestClientTest"/>
  <testcase name="testQueryWithString" time="0.001" classname="com.urswolfer.gerrit.client.rest.http.changes.ChangesRestClientTest"/>
  <testcase name="testQueryWithParameter" time="0.001" classname="com.urswolfer.gerrit.client.rest.http.changes.ChangesRestClientTest"/>
  <testcase name="testIdAsProjectWithNr" time="0.001" classname="com.urswolfer.gerrit.client.rest.http.changes.ChangesRestClientTest"/>
  <testcase name="testQueryWithParameter" time="0.000" classname="com.urswolfer.gerrit.client.rest.http.changes.ChangesRestClientTest"/>
  <testcase name="testQueryWithParameter" time="0.000" classname="com.urswolfer.gerrit.client.rest.http.changes.ChangesRestClientTest"/>
  <testcase name="testQueryWithParameter" time="0.001" classname="com.urswolfer.gerrit.client.rest.http.changes.ChangesRestClientTest"/>
</testsuite> <!-- com.urswolfer.gerrit.client.rest.http.changes.ChangesRestClientTest -->
