<?xml version="1.0" encoding="UTF-8"?>
<!-- Generated by org.testng.reporters.JUnitReportReporter -->
<testsuite hostname="spirals-vortex.lille.inria.fr" name="com.mined.in.util.HashrateConverterTest" tests="6" failures="0" timestamp="2 Apr 2018 19:11:23 GMT" time="0.003" errors="0">
  <testcase name="testConvertingToGH" time="0.000" classname="com.mined.in.util.HashrateConverterTest"/>
  <testcase name="testConvertingToMH" time="0.000" classname="com.mined.in.util.HashrateConverterTest"/>
  <testcase name="testConvertingToTH" time="0.001" classname="com.mined.in.util.HashrateConverterTest"/>
  <testcase name="testConvertingToPH" time="0.000" classname="com.mined.in.util.HashrateConverterTest"/>
  <testcase name="testConvertingToEH" time="0.002" classname="com.mined.in.util.HashrateConverterTest"/>
  <testcase name="testConvertingToKH" time="0.000" classname="com.mined.in.util.HashrateConverterTest"/>
</testsuite> <!-- com.mined.in.util.HashrateConverterTest -->
