<?xml version="1.0" encoding="UTF-8"?>
<!-- Generated by org.testng.reporters.JUnitReportReporter -->
<testsuite skipped="1" hostname="spirals-vortex.lille.inria.fr" name="TestCourse.YaTest" tests="1" failures="0" timestamp="05 Mar 2018 13:02:17 GMT" time="0.000" errors="0">
  <testcase name="searchTest" time="0.000" classname="TestCourse.YaTest">
    <skipped/>
  </testcase> <!-- searchTest -->
</testsuite> <!-- TestCourse.YaTest -->
