<?xml version="1.0" encoding="UTF-8"?>
<!-- Generated by org.testng.reporters.JUnitReportReporter -->
<testsuite hostname="spirals-vortex.lille.inria.fr" name="com.urswolfer.gerrit.client.rest.http.groups.GroupsRestClientTest" tests="15" failures="0" timestamp="26 May 2018 11:16:32 GMT" time="0.011" errors="0">
  <testcase name="testListGroupsWithParameter" time="0.001" classname="com.urswolfer.gerrit.client.rest.http.groups.GroupsRestClientTest"/>
  <testcase name="testListGroupsWithParameter" time="0.000" classname="com.urswolfer.gerrit.client.rest.http.groups.GroupsRestClientTest"/>
  <testcase name="testListGroupsWithParameter" time="0.000" classname="com.urswolfer.gerrit.client.rest.http.groups.GroupsRestClientTest"/>
  <testcase name="testQueryGroupsWithQueryParam" time="0.000" classname="com.urswolfer.gerrit.client.rest.http.groups.GroupsRestClientTest"/>
  <testcase name="testQueryGroups" time="0.001" classname="com.urswolfer.gerrit.client.rest.http.groups.GroupsRestClientTest"/>
  <testcase name="testListGroupsWithParameter" time="0.000" classname="com.urswolfer.gerrit.client.rest.http.groups.GroupsRestClientTest"/>
  <testcase name="testListGroups" time="0.001" classname="com.urswolfer.gerrit.client.rest.http.groups.GroupsRestClientTest"/>
  <testcase name="testQueryGroupsWithParameter" time="0.000" classname="com.urswolfer.gerrit.client.rest.http.groups.GroupsRestClientTest"/>
  <testcase name="testQueryGroupsWithParameter" time="0.001" classname="com.urswolfer.gerrit.client.rest.http.groups.GroupsRestClientTest"/>
  <testcase name="testId" time="0.001" classname="com.urswolfer.gerrit.client.rest.http.groups.GroupsRestClientTest"/>
  <testcase name="testCreate" time="0.004" classname="com.urswolfer.gerrit.client.rest.http.groups.GroupsRestClientTest"/>
  <testcase name="testListGroupsWithParameter" time="0.001" classname="com.urswolfer.gerrit.client.rest.http.groups.GroupsRestClientTest"/>
  <testcase name="testQueryGroupsWithParameter" time="0.000" classname="com.urswolfer.gerrit.client.rest.http.groups.GroupsRestClientTest"/>
  <testcase name="testListGroupsWithParameter" time="0.000" classname="com.urswolfer.gerrit.client.rest.http.groups.GroupsRestClientTest"/>
  <testcase name="testListGroupsWithParameter" time="0.001" classname="com.urswolfer.gerrit.client.rest.http.groups.GroupsRestClientTest"/>
</testsuite> <!-- com.urswolfer.gerrit.client.rest.http.groups.GroupsRestClientTest -->
