<?xml version="1.0" encoding="UTF-8"?>
<!-- Generated by org.testng.reporters.JUnitReportReporter -->
<testsuite hostname="spirals-vortex.lille.inria.fr" name="com.urswolfer.gerrit.client.rest.http.accounts.AccountApiRestClientTest" tests="1" failures="0" timestamp="26 May 2018 11:16:32 GMT" time="0.061" errors="0">
  <testcase name="testDownloadAvatar" time="0.061" classname="com.urswolfer.gerrit.client.rest.http.accounts.AccountApiRestClientTest"/>
</testsuite> <!-- com.urswolfer.gerrit.client.rest.http.accounts.AccountApiRestClientTest -->
