<?xml version="1.0" encoding="UTF-8"?>
<!-- Generated by org.testng.reporters.JUnitReportReporter -->
<testsuite hostname="spirals-vortex.lille.inria.fr" name="com.mined.in.market.coinmarketcap.CoinMarketCapMarketExecutorTest" tests="3" failures="0" timestamp="28 Mar 2018 19:48:35 GMT" time="0.012" errors="0">
  <testcase name="test500HttpError" time="0.003" classname="com.mined.in.market.coinmarketcap.CoinMarketCapMarketExecutorTest"/>
  <testcase name="testCorrectJsonResponse" time="0.005" classname="com.mined.in.market.coinmarketcap.CoinMarketCapMarketExecutorTest"/>
  <testcase name="testEmptyResponse" time="0.004" classname="com.mined.in.market.coinmarketcap.CoinMarketCapMarketExecutorTest"/>
</testsuite> <!-- com.mined.in.market.coinmarketcap.CoinMarketCapMarketExecutorTest -->
