<?xml version="1.0" encoding="UTF-8"?>
<!-- Generated by org.testng.reporters.JUnitReportReporter -->
<testsuite hostname="spirals-vortex.lille.inria.fr" name="com.urswolfer.gerrit.client.rest.http.changes.DraftsApiRestClientTest" tests="4" failures="0" timestamp="26 May 2018 11:16:32 GMT" time="0.008" errors="0">
  <testcase name="testGettingDraftByCommentInfo" time="0.001" classname="com.urswolfer.gerrit.client.rest.http.changes.DraftsApiRestClientTest"/>
  <testcase name="testDeleteDraft" time="0.004" classname="com.urswolfer.gerrit.client.rest.http.changes.DraftsApiRestClientTest"/>
  <testcase name="testGettingDraftById" time="0.001" classname="com.urswolfer.gerrit.client.rest.http.changes.DraftsApiRestClientTest"/>
  <testcase name="testUpdateDraft" time="0.002" classname="com.urswolfer.gerrit.client.rest.http.changes.DraftsApiRestClientTest"/>
</testsuite> <!-- com.urswolfer.gerrit.client.rest.http.changes.DraftsApiRestClientTest -->
