<?xml version="1.0" encoding="UTF-8"?>
<!-- Generated by org.testng.reporters.JUnitReportReporter -->
<testsuite hostname="spirals-vortex.lille.inria.fr" name="com.mined.in.pool.account.eth.NanopoolAccountExecutorTest" tests="5" failures="0" timestamp="28 Mar 2018 19:48:35 GMT" time="0.023" errors="0">
  <testcase name="testCorrectJsonResponse" time="0.006" classname="com.mined.in.pool.account.eth.NanopoolAccountExecutorTest"/>
  <testcase name="test500HttpError" time="0.003" classname="com.mined.in.pool.account.eth.NanopoolAccountExecutorTest"/>
  <testcase name="testWithEmptyWalletAddress" time="0.004" classname="com.mined.in.pool.account.eth.NanopoolAccountExecutorTest"/>
  <testcase name="testCorrectJsonResponseWithApiError" time="0.004" classname="com.mined.in.pool.account.eth.NanopoolAccountExecutorTest"/>
  <testcase name="testEmptyResponse" time="0.006" classname="com.mined.in.pool.account.eth.NanopoolAccountExecutorTest"/>
</testsuite> <!-- com.mined.in.pool.account.eth.NanopoolAccountExecutorTest -->
