<?xml version="1.0" encoding="UTF-8"?>
<!-- Generated by org.testng.reporters.JUnitReportReporter -->
<testsuite hostname="spirals-vortex.lille.inria.fr" name="com.urswolfer.gerrit.client.rest.http.projects.ProjectsRestClientTest" tests="8" failures="0" timestamp="26 May 2018 11:16:32 GMT" time="0.006" errors="0">
  <testcase name="testListProjectsWithParameter" time="0.000" classname="com.urswolfer.gerrit.client.rest.http.projects.ProjectsRestClientTest"/>
  <testcase name="testListProjectsWithParameter" time="0.001" classname="com.urswolfer.gerrit.client.rest.http.projects.ProjectsRestClientTest"/>
  <testcase name="testListProjectsWithParameter" time="0.001" classname="com.urswolfer.gerrit.client.rest.http.projects.ProjectsRestClientTest"/>
  <testcase name="testListProjectsWithParameter" time="0.001" classname="com.urswolfer.gerrit.client.rest.http.projects.ProjectsRestClientTest"/>
  <testcase name="testListProjects" time="0.000" classname="com.urswolfer.gerrit.client.rest.http.projects.ProjectsRestClientTest"/>
  <testcase name="testCreateProject" time="0.003" classname="com.urswolfer.gerrit.client.rest.http.projects.ProjectsRestClientTest"/>
  <testcase name="testListProjectsWithParameter" time="0.000" classname="com.urswolfer.gerrit.client.rest.http.projects.ProjectsRestClientTest"/>
  <testcase name="testListProjectsWithParameter" time="0.000" classname="com.urswolfer.gerrit.client.rest.http.projects.ProjectsRestClientTest"/>
</testsuite> <!-- com.urswolfer.gerrit.client.rest.http.projects.ProjectsRestClientTest -->
