<?xml version="1.0" encoding="UTF-8"?>
<!-- Generated by org.testng.reporters.JUnitReportReporter -->
<testsuite hostname="spirals-vortex.lille.inria.fr" name="com.urswolfer.gerrit.client.rest.http.changes.FileApiRestClientTest" tests="4" failures="0" timestamp="26 May 2018 11:16:32 GMT" time="0.032" errors="0">
  <testcase name="testDiff" time="0.004" classname="com.urswolfer.gerrit.client.rest.http.changes.FileApiRestClientTest"/>
  <testcase name="testContent" time="0.024" classname="com.urswolfer.gerrit.client.rest.http.changes.FileApiRestClientTest"/>
  <testcase name="testDiffRequest" time="0.003" classname="com.urswolfer.gerrit.client.rest.http.changes.FileApiRestClientTest"/>
  <testcase name="testDiffWithBase" time="0.001" classname="com.urswolfer.gerrit.client.rest.http.changes.FileApiRestClientTest"/>
</testsuite> <!-- com.urswolfer.gerrit.client.rest.http.changes.FileApiRestClientTest -->
