<?xml version="1.0" encoding="UTF-8"?>
<!-- Generated by org.testng.reporters.JUnitReportReporter -->
<testsuite hostname="spirals-vortex.lille.inria.fr" name="com.mined.in.pool.account.eth.DwarfpoolAccountExecutorTest" tests="5" failures="0" timestamp="28 Mar 2018 19:48:35 GMT" time="0.029" errors="0">
  <testcase name="testCorrectJsonResponse" time="0.006" classname="com.mined.in.pool.account.eth.DwarfpoolAccountExecutorTest"/>
  <testcase name="testCorrectJsonResponseWithApiError" time="0.005" classname="com.mined.in.pool.account.eth.DwarfpoolAccountExecutorTest"/>
  <testcase name="testWithEmptyWalletAddress" time="0.005" classname="com.mined.in.pool.account.eth.DwarfpoolAccountExecutorTest"/>
  <testcase name="test500HttpError" time="0.006" classname="com.mined.in.pool.account.eth.DwarfpoolAccountExecutorTest"/>
  <testcase name="testEmptyResponse" time="0.007" classname="com.mined.in.pool.account.eth.DwarfpoolAccountExecutorTest"/>
</testsuite> <!-- com.mined.in.pool.account.eth.DwarfpoolAccountExecutorTest -->
