<?xml version="1.0" encoding="UTF-8"?>
<!-- Generated by org.testng.reporters.JUnitReportReporter -->
<testsuite hostname="spirals-vortex.lille.inria.fr" name="com.urswolfer.gerrit.client.rest.http.GerritRestClientTest" tests="18" failures="0" timestamp="26 May 2018 11:16:32 GMT" time="0.634" errors="0">
  <testcase name="testAbandonNotLoggedIn" time="0.387" classname="com.urswolfer.gerrit.client.rest.http.GerritRestClientTest"/>
  <testcase name="testUnsupportedHttpMethod" time="0.003" classname="com.urswolfer.gerrit.client.rest.http.GerritRestClientTest"/>
  <testcase name="testInvalidJson" time="0.007" classname="com.urswolfer.gerrit.client.rest.http.GerritRestClientTest"/>
  <testcase name="testVersion" time="0.008" classname="com.urswolfer.gerrit.client.rest.http.GerritRestClientTest"/>
  <testcase name="testStarNotLoggedIn" time="0.005" classname="com.urswolfer.gerrit.client.rest.http.GerritRestClientTest"/>
  <testcase name="testUnstarNotLoggedIn" time="0.005" classname="com.urswolfer.gerrit.client.rest.http.GerritRestClientTest"/>
  <testcase name="testGetProjects" time="0.008" classname="com.urswolfer.gerrit.client.rest.http.GerritRestClientTest"/>
  <testcase name="testGetSelfAccount" time="0.009" classname="com.urswolfer.gerrit.client.rest.http.GerritRestClientTest"/>
  <testcase name="testGerritAuthNotAvailable" time="0.022" classname="com.urswolfer.gerrit.client.rest.http.GerritRestClientTest"/>
  <testcase name="testInvalidHost" time="0.054" classname="com.urswolfer.gerrit.client.rest.http.GerritRestClientTest"/>
  <testcase name="testUserAuth" time="0.032" classname="com.urswolfer.gerrit.client.rest.http.GerritRestClientTest"/>
  <testcase name="testGetInvalidAccount" time="0.007" classname="com.urswolfer.gerrit.client.rest.http.GerritRestClientTest"/>
  <testcase name="testGerritAuthExtractionAndCache" time="0.041" classname="com.urswolfer.gerrit.client.rest.http.GerritRestClientTest"/>
  <testcase name="testGetCommitMsgHook" time="0.008" classname="com.urswolfer.gerrit.client.rest.http.GerritRestClientTest"/>
  <testcase name="testNullJson" time="0.005" classname="com.urswolfer.gerrit.client.rest.http.GerritRestClientTest"/>
  <testcase name="testInvalidUserAuth" time="0.010" classname="com.urswolfer.gerrit.client.rest.http.GerritRestClientTest"/>
  <testcase name="testGetChanges" time="0.014" classname="com.urswolfer.gerrit.client.rest.http.GerritRestClientTest"/>
  <testcase name="testHttpClientBuilderExtension" time="0.009" classname="com.urswolfer.gerrit.client.rest.http.GerritRestClientTest"/>
</testsuite> <!-- com.urswolfer.gerrit.client.rest.http.GerritRestClientTest -->
