<?xml version="1.0" encoding="UTF-8"?>
<!-- Generated by org.testng.reporters.JUnitReportReporter -->
<testsuite hostname="spirals-vortex.lille.inria.fr" name="com.urswolfer.gerrit.client.rest.http.accounts.AccountsRestClientTest" tests="5" failures="0" timestamp="26 May 2018 11:16:32 GMT" time="0.003" errors="0">
  <testcase name="testId" time="0.000" classname="com.urswolfer.gerrit.client.rest.http.accounts.AccountsRestClientTest"/>
  <testcase name="testStarChange" time="0.001" classname="com.urswolfer.gerrit.client.rest.http.accounts.AccountsRestClientTest"/>
  <testcase name="testUnStarChange" time="0.000" classname="com.urswolfer.gerrit.client.rest.http.accounts.AccountsRestClientTest"/>
  <testcase name="testSelf" time="0.000" classname="com.urswolfer.gerrit.client.rest.http.accounts.AccountsRestClientTest"/>
  <testcase name="testSuggestAccount" time="0.002" classname="com.urswolfer.gerrit.client.rest.http.accounts.AccountsRestClientTest"/>
</testsuite> <!-- com.urswolfer.gerrit.client.rest.http.accounts.AccountsRestClientTest -->
