<?xml version="1.0" encoding="UTF-8" ?>
<testsuite tests="103" failures="0" name="org.geoserver.catalog.impl.CatalogImplTest" time="0.095" errors="0" skipped="1">
  <properties>
    <property name="java.runtime.name" value="OpenJDK Runtime Environment"/>
    <property name="sun.boot.library.path" value="/usr/lib/jvm/java-8-openjdk-amd64/jre/lib/amd64"/>
    <property name="java.vm.version" value="25.121-b13"/>
    <property name="java.vm.vendor" value="Oracle Corporation"/>
    <property name="maven.multiModuleProjectDirectory" value="/root/workspace/boundlessgeo/geoserver/383683347/src"/>
    <property name="java.vendor.url" value="http://java.oracle.com/"/>
    <property name="path.separator" value=":"/>
    <property name="guice.disable.misplaced.annotation.check" value="true"/>
    <property name="skip.gulp" value="true"/>
    <property name="java.vm.name" value="OpenJDK 64-Bit Server VM"/>
    <property name="file.encoding.pkg" value="sun.io"/>
    <property name="sun.java.launcher" value="SUN_STANDARD"/>
    <property name="sun.os.patch.level" value="unknown"/>
    <property name="findbugs.skip" value="true"/>
    <property name="java.vm.specification.name" value="Java Virtual Machine Specification"/>
    <property name="user.dir" value="/root/workspace/boundlessgeo/geoserver/383683347/src"/>
    <property name="checkstyle.skip" value="true"/>
    <property name="java.runtime.version" value="1.8.0_121-8u121-b13-1~bpo8+1-b13"/>
    <property name="java.awt.graphicsenv" value="sun.awt.X11GraphicsEnvironment"/>
    <property name="skip.npm" value="true"/>
    <property name="java.endorsed.dirs" value="/usr/lib/jvm/java-8-openjdk-amd64/jre/lib/endorsed"/>
    <property name="os.arch" value="amd64"/>
    <property name="java.io.tmpdir" value="/tmp"/>
    <property name="gpg.skip" value="true"/>
    <property name="line.separator" value="
"/>
    <property name="java.vm.specification.vendor" value="Oracle Corporation"/>
    <property name="cobertura.skip" value="true"/>
    <property name="os.name" value="Linux"/>
    <property name="classworlds.conf" value="/usr/share/maven/bin/m2.conf"/>
    <property name="sun.jnu.encoding" value="UTF-8"/>
    <property name="java.library.path" value="/usr/java/packages/lib/amd64:/usr/lib/x86_64-linux-gnu/jni:/lib/x86_64-linux-gnu:/usr/lib/x86_64-linux-gnu:/usr/lib/jni:/lib:/usr/lib"/>
    <property name="license.skip" value="true"/>
    <property name="java.specification.name" value="Java Platform API Specification"/>
    <property name="java.class.version" value="52.0"/>
    <property name="org.slf4j.simpleLogger.levelInBrackets" value="true"/>
    <property name="sun.management.compiler" value="HotSpot 64-Bit Tiered Compilers"/>
    <property name="skip.bower" value="true"/>
    <property name="maven.repo.local" value="/root/./workspace/boundlessgeo/geoserver/383683347/.m2"/>
    <property name="os.version" value="3.10.0-862.2.3.el7.x86_64"/>
    <property name="user.home" value="/root"/>
    <property name="user.timezone" value="Europe/Paris"/>
    <property name="java.awt.printerjob" value="sun.print.PSPrinterJob"/>
    <property name="java.specification.version" value="1.8"/>
    <property name="file.encoding" value="UTF-8"/>
    <property name="user.name" value="root"/>
    <property name="java.class.path" value="/usr/share/maven/boot/plexus-classworlds-2.5.2.jar"/>
    <property name="skipITs" value="true"/>
    <property name="java.vm.specification.version" value="1.8"/>
    <property name="sun.arch.data.model" value="64"/>
    <property name="java.home" value="/usr/lib/jvm/java-8-openjdk-amd64/jre"/>
    <property name="sun.java.command" value="org.codehaus.plexus.classworlds.launcher.Launcher -B -D enforcer.skip=true -D dependency-check.skip=true -D skipITs=true -D cobertura.skip=true -D maven.repo.local=/root/./workspace/boundlessgeo/geoserver/383683347/.m2 -D rat.skip=true -D findbugs.skip=true -D skip.bower=true -D gpg.skip=true -D checkstyle.skip=true -D skip.gulp=true -D license.skip=true -D skip.npm=true test"/>
    <property name="java.specification.vendor" value="Oracle Corporation"/>
    <property name="user.language" value="en"/>
    <property name="awt.toolkit" value="sun.awt.X11.XToolkit"/>
    <property name="dependency-check.skip" value="true"/>
    <property name="java.vm.info" value="mixed mode"/>
    <property name="java.version" value="1.8.0_121"/>
    <property name="java.ext.dirs" value="/usr/lib/jvm/java-8-openjdk-amd64/jre/lib/ext:/usr/java/packages/lib/ext"/>
    <property name="securerandom.source" value="file:/dev/./urandom"/>
    <property name="sun.boot.class.path" value="/usr/lib/jvm/java-8-openjdk-amd64/jre/lib/resources.jar:/usr/lib/jvm/java-8-openjdk-amd64/jre/lib/rt.jar:/usr/lib/jvm/java-8-openjdk-amd64/jre/lib/sunrsasign.jar:/usr/lib/jvm/java-8-openjdk-amd64/jre/lib/jsse.jar:/usr/lib/jvm/java-8-openjdk-amd64/jre/lib/jce.jar:/usr/lib/jvm/java-8-openjdk-amd64/jre/lib/charsets.jar:/usr/lib/jvm/java-8-openjdk-amd64/jre/lib/jfr.jar:/usr/lib/jvm/java-8-openjdk-amd64/jre/classes"/>
    <property name="java.vendor" value="Oracle Corporation"/>
    <property name="enforcer.skip" value="true"/>
    <property name="rat.skip" value="true"/>
    <property name="maven.home" value="/usr/share/maven"/>
    <property name="file.separator" value="/"/>
    <property name="java.vendor.url.bug" value="http://bugreport.sun.com/bugreport/"/>
    <property name="sun.cpu.endian" value="little"/>
    <property name="sun.io.unicode.encoding" value="UnicodeLittle"/>
    <property name="org.slf4j.simpleLogger.showThreadName" value="false"/>
    <property name="sun.cpu.isalist" value=""/>
  </properties>
  <testcase classname="org.geoserver.catalog.impl.CatalogImplTest" name="testDataStoreEvents" time="0.001"/>
  <testcase classname="org.geoserver.catalog.impl.CatalogImplTest" name="testEnableLayer" time="0.002"/>
  <testcase classname="org.geoserver.catalog.impl.CatalogImplTest" name="testAddCoverage" time="0.001"/>
  <testcase classname="org.geoserver.catalog.impl.CatalogImplTest" name="testRemoveWMTSLayer" time="0.006"/>
  <testcase classname="org.geoserver.catalog.impl.CatalogImplTest" name="testGetStyleByNameWithWorkspace" time="0"/>
  <testcase classname="org.geoserver.catalog.impl.CatalogImplTest" name="testWorkspaceEvents" time="0"/>
  <testcase classname="org.geoserver.catalog.impl.CatalogImplTest" name="testLayerGroupRenderingLayers" time="0.001"/>
  <testcase classname="org.geoserver.catalog.impl.CatalogImplTest" name="testModifyLayer" time="0"/>
  <testcase classname="org.geoserver.catalog.impl.CatalogImplTest" name="testRemoveDefaultWorkspace" time="0.001"/>
  <testcase classname="org.geoserver.catalog.impl.CatalogImplTest" name="testModifyStyle" time="0"/>
  <testcase classname="org.geoserver.catalog.impl.CatalogImplTest" name="testGetLayerGroupByNameWithWorkspace" time="0.003"/>
  <testcase classname="org.geoserver.catalog.impl.CatalogImplTest" name="testRemoveDefaultNamespace" time="0"/>
  <testcase classname="org.geoserver.catalog.impl.CatalogImplTest" name="testOrderBy" time="0.01"/>
  <testcase classname="org.geoserver.catalog.impl.CatalogImplTest" name="testAutoCascadeDefaultWorksapce" time="0"/>
  <testcase classname="org.geoserver.catalog.impl.CatalogImplTest" name="testAddLayerGroupWithWorkspaceWithResourceFromAnotherWorkspace" time="0"/>
  <testcase classname="org.geoserver.catalog.impl.CatalogImplTest" name="testModifyDataLinks" time="0.002"/>
  <testcase classname="org.geoserver.catalog.impl.CatalogImplTest" name="testModifyDataStore" time="0"/>
  <testcase classname="org.geoserver.catalog.impl.CatalogImplTest" name="testLayerGroupType" time="0.001"/>
  <testcase classname="org.geoserver.catalog.impl.CatalogImplTest" name="testGetStyleById" time="0"/>
  <testcase classname="org.geoserver.catalog.impl.CatalogImplTest" name="testFullTextSearch" time="0.02"/>
  <testcase classname="org.geoserver.catalog.impl.CatalogImplTest" name="testAutoCascadeDefaultNamespace" time="0"/>
  <testcase classname="org.geoserver.catalog.impl.CatalogImplTest" name="testExceptionThrowingListener" time="0.001"/>
  <testcase classname="org.geoserver.catalog.impl.CatalogImplTest" name="testGet" time="0.001"/>
  <testcase classname="org.geoserver.catalog.impl.CatalogImplTest" name="testAddLayerGroupNameConflict" time="0"/>
  <testcase classname="org.geoserver.catalog.impl.CatalogImplTest" name="testStyleEvents" time="0"/>
  <testcase classname="org.geoserver.catalog.impl.CatalogImplTest" name="testModifyMetadata" time="0.001"/>
  <testcase classname="org.geoserver.catalog.impl.CatalogImplTest" name="testGetFeatureTypeByName" time="0.001"/>
  <testcase classname="org.geoserver.catalog.impl.CatalogImplTest" name="testProxyBehaviour" time="0"/>
  <testcase classname="org.geoserver.catalog.impl.CatalogImplTest" name="testModifyMetadataLinks" time="0.001"/>
  <testcase classname="org.geoserver.catalog.impl.CatalogImplTest" name="testGetNamespaceByPrefix" time="0"/>
  <testcase classname="org.geoserver.catalog.impl.CatalogImplTest" name="testRemoveWorkspace" time="0"/>
  <testcase classname="org.geoserver.catalog.impl.CatalogImplTest" name="testRemoveNamespace" time="0"/>
  <testcase classname="org.geoserver.catalog.impl.CatalogImplTest" name="testAddFeatureType" time="0"/>
  <testcase classname="org.geoserver.catalog.impl.CatalogImplTest" name="testGetFeatureTypesByStore" time="0.001"/>
  <testcase classname="org.geoserver.catalog.impl.CatalogImplTest" name="testRemoveLayer" time="0"/>
  <testcase classname="org.geoserver.catalog.impl.CatalogImplTest" name="testRemoveStyle" time="0"/>
  <testcase classname="org.geoserver.catalog.impl.CatalogImplTest" name="testModifyLayerDefaultStyle" time="0.001"/>
  <testcase classname="org.geoserver.catalog.impl.CatalogImplTest" name="testLayerGroupAbstract" time="0"/>
  <testcase classname="org.geoserver.catalog.impl.CatalogImplTest" name="testLayerGroupNullLayerReferences" time="0"/>
  <testcase classname="org.geoserver.catalog.impl.CatalogImplTest" name="testGetLayerById" time="0"/>
  <testcase classname="org.geoserver.catalog.impl.CatalogImplTest" name="testModifyDefaultStyle" time="0"/>
  <testcase classname="org.geoserver.catalog.impl.CatalogImplTest" name="testRemoveFeatureType" time="0"/>
  <testcase classname="org.geoserver.catalog.impl.CatalogImplTest" name="testGetLayerByIdWithConcurrentAdd" time="0.001">
    <skipped/>
  </testcase>
  <testcase classname="org.geoserver.catalog.impl.CatalogImplTest" name="testAddIsolatedWorkspace" time="0"/>
  <testcase classname="org.geoserver.catalog.impl.CatalogImplTest" name="testAddLayer" time="0"/>
  <testcase classname="org.geoserver.catalog.impl.CatalogImplTest" name="testAddStyle" time="0.001"/>
  <testcase classname="org.geoserver.catalog.impl.CatalogImplTest" name="testAddStyleWithNameConflict" time="0"/>
  <testcase classname="org.geoserver.catalog.impl.CatalogImplTest" name="testGetWorkspaceById" time="0"/>
  <testcase classname="org.geoserver.catalog.impl.CatalogImplTest" name="testAddIsolatedNamespace" time="0.001"/>
  <testcase classname="org.geoserver.catalog.impl.CatalogImplTest" name="testAutoSetDefaultStore" time="0"/>
  <testcase classname="org.geoserver.catalog.impl.CatalogImplTest" name="testChangeLayerGroupOrder" time="0.001"/>
  <testcase classname="org.geoserver.catalog.impl.CatalogImplTest" name="testListPredicate" time="0.002"/>
  <testcase classname="org.geoserver.catalog.impl.CatalogImplTest" name="testSetDefaultWorkspaceInvalid" time="0"/>
  <testcase classname="org.geoserver.catalog.impl.CatalogImplTest" name="testGetNamespaceByURI" time="0"/>
  <testcase classname="org.geoserver.catalog.impl.CatalogImplTest" name="testFullTextSearchLayerGroupAbstract" time="0"/>
  <testcase classname="org.geoserver.catalog.impl.CatalogImplTest" name="testGetStyleByNameWithWorkspace2" time="0.001"/>
  <testcase classname="org.geoserver.catalog.impl.CatalogImplTest" name="testModifyWorkspace" time="0"/>
  <testcase classname="org.geoserver.catalog.impl.CatalogImplTest" name="testGetLayerByNameWithoutColon" time="0.001"/>
  <testcase classname="org.geoserver.catalog.impl.CatalogImplTest" name="testAutoSetDefaultWorkspace" time="0"/>
  <testcase classname="org.geoserver.catalog.impl.CatalogImplTest" name="testFullTextSearchKeywords" time="0.003"/>
  <testcase classname="org.geoserver.catalog.impl.CatalogImplTest" name="testGetDataStoreByName" time="0.001"/>
  <testcase classname="org.geoserver.catalog.impl.CatalogImplTest" name="testGetStoreByName" time="0"/>
  <testcase classname="org.geoserver.catalog.impl.CatalogImplTest" name="testGetLayerByName" time="0"/>
  <testcase classname="org.geoserver.catalog.impl.CatalogImplTest" name="testModifyNamespace" time="0.001"/>
  <testcase classname="org.geoserver.catalog.impl.CatalogImplTest" name="testAutoSetDefaultNamespace" time="0"/>
  <testcase classname="org.geoserver.catalog.impl.CatalogImplTest" name="testGetLayerByResource" time="0"/>
  <testcase classname="org.geoserver.catalog.impl.CatalogImplTest" name="testGetLayerGroups" time="0.001"/>
  <testcase classname="org.geoserver.catalog.impl.CatalogImplTest" name="testRemoveDefaultStore" time="0"/>
  <testcase classname="org.geoserver.catalog.impl.CatalogImplTest" name="testRemoveDefaultStyle" time="0"/>
  <testcase classname="org.geoserver.catalog.impl.CatalogImplTest" name="testGetWorkspaceByName" time="0"/>
  <testcase classname="org.geoserver.catalog.impl.CatalogImplTest" name="testRemoveWMSLayer" time="0.005"/>
  <testcase classname="org.geoserver.catalog.impl.CatalogImplTest" name="testSetDefaultNamespaceInvalid" time="0"/>
  <testcase classname="org.geoserver.catalog.impl.CatalogImplTest" name="testRemoveLayerGroupInLayerGroup" time="0.001"/>
  <testcase classname="org.geoserver.catalog.impl.CatalogImplTest" name="testProxyListBehaviour" time="0.001"/>
  <testcase classname="org.geoserver.catalog.impl.CatalogImplTest" name="testAddDataStore" time="0"/>
  <testcase classname="org.geoserver.catalog.impl.CatalogImplTest" name="testListPredicateExtended" time="0.002"/>
  <testcase classname="org.geoserver.catalog.impl.CatalogImplTest" name="testConcurrentCatalogModification" time="0.008"/>
  <testcase classname="org.geoserver.catalog.impl.CatalogImplTest" name="testFullTextSearchLayerGroupTitle" time="0.001"/>
  <testcase classname="org.geoserver.catalog.impl.CatalogImplTest" name="testGetLayerGroupByName" time="0"/>
  <testcase classname="org.geoserver.catalog.impl.CatalogImplTest" name="testNamespaceEvents" time="0.001"/>
  <testcase classname="org.geoserver.catalog.impl.CatalogImplTest" name="testFeatureTypeEvents" time="0"/>
  <testcase classname="org.geoserver.catalog.impl.CatalogImplTest" name="testFullTextSearchAddedKeyword" time="0.001"/>
  <testcase classname="org.geoserver.catalog.impl.CatalogImplTest" name="testGetLayerGroupByNameWithColon" time="0.001"/>
  <testcase classname="org.geoserver.catalog.impl.CatalogImplTest" name="testLayerGroupTitle" time="0"/>
  <testcase classname="org.geoserver.catalog.impl.CatalogImplTest" name="testAddWMTSLayer" time="0.001"/>
  <testcase classname="org.geoserver.catalog.impl.CatalogImplTest" name="testAddWMTSStore" time="0"/>
  <testcase classname="org.geoserver.catalog.impl.CatalogImplTest" name="testLayerEvents" time="0"/>
  <testcase classname="org.geoserver.catalog.impl.CatalogImplTest" name="testModifyFeatureType" time="0"/>
  <testcase classname="org.geoserver.catalog.impl.CatalogImplTest" name="testGetStyles" time="0"/>
  <testcase classname="org.geoserver.catalog.impl.CatalogImplTest" name="testLayerGroupRootLayer" time="0.001"/>
  <testcase classname="org.geoserver.catalog.impl.CatalogImplTest" name="testRemoveDataStore" time="0"/>
  <testcase classname="org.geoserver.catalog.impl.CatalogImplTest" name="testChangeDataStoreWorkspace" time="0"/>
  <testcase classname="org.geoserver.catalog.impl.CatalogImplTest" name="testGetStyleByName" time="0"/>
  <testcase classname="org.geoserver.catalog.impl.CatalogImplTest" name="testAddWMSLayer" time="0.001"/>
  <testcase classname="org.geoserver.catalog.impl.CatalogImplTest" name="testAddWMSStore" time="0"/>
  <testcase classname="org.geoserver.catalog.impl.CatalogImplTest" name="testFullTextSearchLayerGroupName" time="0"/>
  <testcase classname="org.geoserver.catalog.impl.CatalogImplTest" name="testGetNamespaceById" time="0.001"/>
  <testcase classname="org.geoserver.catalog.impl.CatalogImplTest" name="testGetFeatureTypeById" time="0"/>
  <testcase classname="org.geoserver.catalog.impl.CatalogImplTest" name="testAddWorkspace" time="0"/>
  <testcase classname="org.geoserver.catalog.impl.CatalogImplTest" name="testGetLayerByNameWithColon" time="0"/>
  <testcase classname="org.geoserver.catalog.impl.CatalogImplTest" name="testGetDataStoreById" time="0.001"/>
  <testcase classname="org.geoserver.catalog.impl.CatalogImplTest" name="testAddDataStoreDefaultWorkspace" time="0"/>
  <testcase classname="org.geoserver.catalog.impl.CatalogImplTest" name="testAddNamespace" time="0"/>
</testsuite>