<?xml version="1.0" encoding="UTF-8" ?>
<testsuite tests="55" failures="0" name="org.geoserver.config.GeoServerPersisterTest" time="0.97" errors="0" skipped="0">
  <properties>
    <property name="java.runtime.name" value="OpenJDK Runtime Environment"/>
    <property name="sun.boot.library.path" value="/usr/lib/jvm/java-8-openjdk-amd64/jre/lib/amd64"/>
    <property name="java.vm.version" value="25.121-b13"/>
    <property name="java.vm.vendor" value="Oracle Corporation"/>
    <property name="maven.multiModuleProjectDirectory" value="/root/workspace/geoserver/geoserver/383735219/src"/>
    <property name="java.vendor.url" value="http://java.oracle.com/"/>
    <property name="path.separator" value=":"/>
    <property name="guice.disable.misplaced.annotation.check" value="true"/>
    <property name="skip.gulp" value="true"/>
    <property name="java.vm.name" value="OpenJDK 64-Bit Server VM"/>
    <property name="file.encoding.pkg" value="sun.io"/>
    <property name="sun.java.launcher" value="SUN_STANDARD"/>
    <property name="sun.os.patch.level" value="unknown"/>
    <property name="findbugs.skip" value="true"/>
    <property name="java.vm.specification.name" value="Java Virtual Machine Specification"/>
    <property name="user.dir" value="/root/workspace/geoserver/geoserver/383735219/src"/>
    <property name="checkstyle.skip" value="true"/>
    <property name="java.runtime.version" value="1.8.0_121-8u121-b13-1~bpo8+1-b13"/>
    <property name="java.awt.graphicsenv" value="sun.awt.X11GraphicsEnvironment"/>
    <property name="skip.npm" value="true"/>
    <property name="java.endorsed.dirs" value="/usr/lib/jvm/java-8-openjdk-amd64/jre/lib/endorsed"/>
    <property name="os.arch" value="amd64"/>
    <property name="java.io.tmpdir" value="/tmp"/>
    <property name="gpg.skip" value="true"/>
    <property name="line.separator" value="
"/>
    <property name="java.vm.specification.vendor" value="Oracle Corporation"/>
    <property name="cobertura.skip" value="true"/>
    <property name="os.name" value="Linux"/>
    <property name="classworlds.conf" value="/usr/share/maven/bin/m2.conf"/>
    <property name="sun.jnu.encoding" value="UTF-8"/>
    <property name="java.library.path" value="/usr/java/packages/lib/amd64:/usr/lib/x86_64-linux-gnu/jni:/lib/x86_64-linux-gnu:/usr/lib/x86_64-linux-gnu:/usr/lib/jni:/lib:/usr/lib"/>
    <property name="license.skip" value="true"/>
    <property name="java.specification.name" value="Java Platform API Specification"/>
    <property name="java.class.version" value="52.0"/>
    <property name="org.slf4j.simpleLogger.levelInBrackets" value="true"/>
    <property name="sun.management.compiler" value="HotSpot 64-Bit Tiered Compilers"/>
    <property name="skip.bower" value="true"/>
    <property name="maven.repo.local" value="/root/./workspace/geoserver/geoserver/383735219/.m2"/>
    <property name="os.version" value="3.10.0-862.2.3.el7.x86_64"/>
    <property name="user.home" value="/root"/>
    <property name="user.timezone" value="Europe/Paris"/>
    <property name="java.awt.printerjob" value="sun.print.PSPrinterJob"/>
    <property name="java.specification.version" value="1.8"/>
    <property name="file.encoding" value="UTF-8"/>
    <property name="user.name" value="root"/>
    <property name="java.class.path" value="/usr/share/maven/boot/plexus-classworlds-2.5.2.jar"/>
    <property name="skipITs" value="true"/>
    <property name="java.vm.specification.version" value="1.8"/>
    <property name="sun.arch.data.model" value="64"/>
    <property name="java.home" value="/usr/lib/jvm/java-8-openjdk-amd64/jre"/>
    <property name="sun.java.command" value="org.codehaus.plexus.classworlds.launcher.Launcher -B -D enforcer.skip=true -D dependency-check.skip=true -D skipITs=true -D cobertura.skip=true -D maven.repo.local=/root/./workspace/geoserver/geoserver/383735219/.m2 -D rat.skip=true -D findbugs.skip=true -D skip.bower=true -D gpg.skip=true -D checkstyle.skip=true -D skip.gulp=true -D license.skip=true -D skip.npm=true test"/>
    <property name="java.specification.vendor" value="Oracle Corporation"/>
    <property name="user.language" value="en"/>
    <property name="awt.toolkit" value="sun.awt.X11.XToolkit"/>
    <property name="dependency-check.skip" value="true"/>
    <property name="java.vm.info" value="mixed mode"/>
    <property name="java.version" value="1.8.0_121"/>
    <property name="java.ext.dirs" value="/usr/lib/jvm/java-8-openjdk-amd64/jre/lib/ext:/usr/java/packages/lib/ext"/>
    <property name="securerandom.source" value="file:/dev/./urandom"/>
    <property name="sun.boot.class.path" value="/usr/lib/jvm/java-8-openjdk-amd64/jre/lib/resources.jar:/usr/lib/jvm/java-8-openjdk-amd64/jre/lib/rt.jar:/usr/lib/jvm/java-8-openjdk-amd64/jre/lib/sunrsasign.jar:/usr/lib/jvm/java-8-openjdk-amd64/jre/lib/jsse.jar:/usr/lib/jvm/java-8-openjdk-amd64/jre/lib/jce.jar:/usr/lib/jvm/java-8-openjdk-amd64/jre/lib/charsets.jar:/usr/lib/jvm/java-8-openjdk-amd64/jre/lib/jfr.jar:/usr/lib/jvm/java-8-openjdk-amd64/jre/classes"/>
    <property name="java.vendor" value="Oracle Corporation"/>
    <property name="enforcer.skip" value="true"/>
    <property name="rat.skip" value="true"/>
    <property name="maven.home" value="/usr/share/maven"/>
    <property name="file.separator" value="/"/>
    <property name="java.vendor.url.bug" value="http://bugreport.sun.com/bugreport/"/>
    <property name="sun.cpu.endian" value="little"/>
    <property name="sun.io.unicode.encoding" value="UnicodeLittle"/>
    <property name="org.slf4j.simpleLogger.showThreadName" value="false"/>
    <property name="sun.cpu.isalist" value=""/>
  </properties>
  <testcase classname="org.geoserver.config.GeoServerPersisterTest" name="testModifyStyleChangeWorkspace2" time="0.358"/>
  <testcase classname="org.geoserver.config.GeoServerPersisterTest" name="testAddCoverage" time="0.01"/>
  <testcase classname="org.geoserver.config.GeoServerPersisterTest" name="testRemoveWMTSLayer" time="0.014"/>
  <testcase classname="org.geoserver.config.GeoServerPersisterTest" name="testRemoveWMTSStore" time="0.01"/>
  <testcase classname="org.geoserver.config.GeoServerPersisterTest" name="testRemoveCoverageStore" time="0.007"/>
  <testcase classname="org.geoserver.config.GeoServerPersisterTest" name="testModifyStyleWithResourcesAbsoluteChangeWorkspace" time="0.008"/>
  <testcase classname="org.geoserver.config.GeoServerPersisterTest" name="testModifyWMSLayer" time="0.019"/>
  <testcase classname="org.geoserver.config.GeoServerPersisterTest" name="testModifyWMSStore" time="0.013"/>
  <testcase classname="org.geoserver.config.GeoServerPersisterTest" name="testModifySettingsChangeWorkspace" time="0.011"/>
  <testcase classname="org.geoserver.config.GeoServerPersisterTest" name="testModifyLayer" time="0.016"/>
  <testcase classname="org.geoserver.config.GeoServerPersisterTest" name="testModifyStyle" time="0.012"/>
  <testcase classname="org.geoserver.config.GeoServerPersisterTest" name="testModifyDataStore" time="0.011"/>
  <testcase classname="org.geoserver.config.GeoServerPersisterTest" name="testRemoveStyleWithWorkspace" time="0.006"/>
  <testcase classname="org.geoserver.config.GeoServerPersisterTest" name="testRemoveSettings" time="0.006"/>
  <testcase classname="org.geoserver.config.GeoServerPersisterTest" name="testAddCoverageStore" time="0.006"/>
  <testcase classname="org.geoserver.config.GeoServerPersisterTest" name="testModifyLayerGroup" time="0.021"/>
  <testcase classname="org.geoserver.config.GeoServerPersisterTest" name="testRemoveWorkspace" time="0.01"/>
  <testcase classname="org.geoserver.config.GeoServerPersisterTest" name="testModifyCoverage" time="0.011"/>
  <testcase classname="org.geoserver.config.GeoServerPersisterTest" name="testChangeFeatureTypeStore" time="0.017"/>
  <testcase classname="org.geoserver.config.GeoServerPersisterTest" name="testRemoveLayer" time="0.017"/>
  <testcase classname="org.geoserver.config.GeoServerPersisterTest" name="testRemoveStyle" time="0.013"/>
  <testcase classname="org.geoserver.config.GeoServerPersisterTest" name="testModifyStyleWithResourceChangeWorkspace" time="0.007"/>
  <testcase classname="org.geoserver.config.GeoServerPersisterTest" name="testRenameStyle" time="0.007"/>
  <testcase classname="org.geoserver.config.GeoServerPersisterTest" name="testModifyWMTSLayer" time="0.011"/>
  <testcase classname="org.geoserver.config.GeoServerPersisterTest" name="testModifyWMTSStore" time="0.012"/>
  <testcase classname="org.geoserver.config.GeoServerPersisterTest" name="testRemoveFeatureType" time="0.012"/>
  <testcase classname="org.geoserver.config.GeoServerPersisterTest" name="testRenameStyleConflict" time="0.009"/>
  <testcase classname="org.geoserver.config.GeoServerPersisterTest" name="testAddLayer" time="0.013"/>
  <testcase classname="org.geoserver.config.GeoServerPersisterTest" name="testRemoveLayerGroupWithWorkspace" time="0.023"/>
  <testcase classname="org.geoserver.config.GeoServerPersisterTest" name="testAddSettings" time="0.011"/>
  <testcase classname="org.geoserver.config.GeoServerPersisterTest" name="testRemoveLayerGroup" time="0.015"/>
  <testcase classname="org.geoserver.config.GeoServerPersisterTest" name="testAddLayerGroupWithWorkspace" time="0.02"/>
  <testcase classname="org.geoserver.config.GeoServerPersisterTest" name="testModifyStyleChangeWorkspaceToGlobal" time="0.013"/>
  <testcase classname="org.geoserver.config.GeoServerPersisterTest" name="testRemoveWMSLayer" time="0.01"/>
  <testcase classname="org.geoserver.config.GeoServerPersisterTest" name="testRemoveWMSStore" time="0.01"/>
  <testcase classname="org.geoserver.config.GeoServerPersisterTest" name="testModifyCoverageStore" time="0.008"/>
  <testcase classname="org.geoserver.config.GeoServerPersisterTest" name="testAddDataStore" time="0.007"/>
  <testcase classname="org.geoserver.config.GeoServerPersisterTest" name="testModifySettings" time="0.01"/>
  <testcase classname="org.geoserver.config.GeoServerPersisterTest" name="testModifyStyleWithResourcesRemoteChangeWorkspace" time="0.007"/>
  <testcase classname="org.geoserver.config.GeoServerPersisterTest" name="testAddStyleWithWorkspace" time="0.005"/>
  <testcase classname="org.geoserver.config.GeoServerPersisterTest" name="testModifyGlobal" time="0.006"/>
  <testcase classname="org.geoserver.config.GeoServerPersisterTest" name="testModifyLayerGroupChangeWorkspace" time="0.015"/>
  <testcase classname="org.geoserver.config.GeoServerPersisterTest" name="testModifyStyleChangeWorkspace" time="0.013"/>
  <testcase classname="org.geoserver.config.GeoServerPersisterTest" name="testRemoveCoverage" time="0.01"/>
  <testcase classname="org.geoserver.config.GeoServerPersisterTest" name="testAddWMTSLayer" time="0.011"/>
  <testcase classname="org.geoserver.config.GeoServerPersisterTest" name="testAddWMTSStore" time="0.009"/>
  <testcase classname="org.geoserver.config.GeoServerPersisterTest" name="testModifyFeatureType" time="0.014"/>
  <testcase classname="org.geoserver.config.GeoServerPersisterTest" name="testModifyStyleWithResourcesInParentDirChangeWorkspace" time="0.012"/>
  <testcase classname="org.geoserver.config.GeoServerPersisterTest" name="testRemoveDataStore" time="0.017"/>
  <testcase classname="org.geoserver.config.GeoServerPersisterTest" name="testAddWMSLayer" time="0.009"/>
  <testcase classname="org.geoserver.config.GeoServerPersisterTest" name="testAddWMSStore" time="0.009"/>
  <testcase classname="org.geoserver.config.GeoServerPersisterTest" name="testRenameStyleWithExistingIncrementedVersion" time="0.007"/>
  <testcase classname="org.geoserver.config.GeoServerPersisterTest" name="testAddLayerGroup" time="0.014"/>
  <testcase classname="org.geoserver.config.GeoServerPersisterTest" name="testDefaultWorkspace" time="0.013"/>
  <testcase classname="org.geoserver.config.GeoServerPersisterTest" name="testAddWorkspace" time="0.005"/>
</testsuite>