<?xml version="1.0" encoding="UTF-8"?>
<!-- Generated by org.testng.reporters.JUnitReportReporter -->
<testsuite hostname="spirals-vortex.lille.inria.fr" name="org.molgenis.fair.controller.FairControllerTest" tests="6" failures="0" timestamp="1 Jun 2018 11:24:35 GMT" time="3.138" errors="0">
  <testcase name="getCatalogTest" time="0.285" classname="org.molgenis.fair.controller.FairControllerTest"/>
  <testcase name="getDistributionTest" time="0.061" classname="org.molgenis.fair.controller.FairControllerTest"/>
  <testcase name="getMetadataTest" time="0.081" classname="org.molgenis.fair.controller.FairControllerTest"/>
  <testcase name="getDatasetTest" time="0.048" classname="org.molgenis.fair.controller.FairControllerTest"/>
  <testcase name="getCatalogTestUnknownCatalog" time="0.095" classname="org.molgenis.fair.controller.FairControllerTest"/>
  <testcase name="getCatalogTestForwarded" time="2.568" classname="org.molgenis.fair.controller.FairControllerTest"/>
</testsuite> <!-- org.molgenis.fair.controller.FairControllerTest -->
