<?xml version="1.0" encoding="UTF-8"?>
<testsuite xmlns:xsi="http://www.w3.org/2001/XMLSchema-instance" xsi:noNamespaceSchemaLocation="https://maven.apache.org/surefire/maven-surefire-plugin/xsd/surefire-test-report.xsd" name="org.csuc.AppTest" time="0.016" tests="1" errors="0" skipped="0" failures="0">
  <properties>
    <property name="awt.toolkit" value="sun.awt.X11.XToolkit"/>
    <property name="file.encoding.pkg" value="sun.io"/>
    <property name="java.specification.version" value="1.8"/>
    <property name="sun.cpu.isalist" value=""/>
    <property name="sun.jnu.encoding" value="UTF-8"/>
    <property name="java.class.path" value="/root/workspace/CSUC/ECHOES-Tools/384796997/Binding-Core/target/test-classes:/root/workspace/CSUC/ECHOES-Tools/384796997/Binding-Core/target/classes:/root/./workspace/CSUC/ECHOES-Tools/384796997/.m2/junit/junit/4.12/junit-4.12.jar:/root/./workspace/CSUC/ECHOES-Tools/384796997/.m2/org/hamcrest/hamcrest-core/1.3/hamcrest-core-1.3.jar:/root/./workspace/CSUC/ECHOES-Tools/384796997/.m2/org/apache/logging/log4j/log4j-iostreams/2.10.0/log4j-iostreams-2.10.0.jar:/root/./workspace/CSUC/ECHOES-Tools/384796997/.m2/org/apache/logging/log4j/log4j-api/2.10.0/log4j-api-2.10.0.jar:/root/./workspace/CSUC/ECHOES-Tools/384796997/.m2/org/jibx/jibx-schema/1.2.6/jibx-schema-1.2.6.jar:/root/./workspace/CSUC/ECHOES-Tools/384796997/.m2/org/jibx/jibx-bind/1.2.6/jibx-bind-1.2.6.jar:/root/./workspace/CSUC/ECHOES-Tools/384796997/.m2/org/jibx/jibx-run/1.2.6/jibx-run-1.2.6.jar:/root/./workspace/CSUC/ECHOES-Tools/384796997/.m2/joda-time/joda-time/2.2/joda-time-2.2.jar:/root/./workspace/CSUC/ECHOES-Tools/384796997/.m2/xpp3/xpp3/1.1.3.4.O/xpp3-1.1.3.4.O.jar:/root/./workspace/CSUC/ECHOES-Tools/384796997/.m2/bcel/bcel/5.1/bcel-5.1.jar:/root/./workspace/CSUC/ECHOES-Tools/384796997/.m2/regexp/regexp/1.2/regexp-1.2.jar:/root/./workspace/CSUC/ECHOES-Tools/384796997/.m2/log4j/log4j/1.2.17/log4j-1.2.17.jar:/root/./workspace/CSUC/ECHOES-Tools/384796997/.m2/com/thoughtworks/qdox/qdox/1.12.1/qdox-1.12.1.jar:/root/./workspace/CSUC/ECHOES-Tools/384796997/.m2/org/jibx/jibx-extras/1.2.6/jibx-extras-1.2.6.jar:/root/./workspace/CSUC/ECHOES-Tools/384796997/.m2/dom4j/dom4j/1.6.1/dom4j-1.6.1.jar:/root/./workspace/CSUC/ECHOES-Tools/384796997/.m2/xml-apis/xml-apis/1.0.b2/xml-apis-1.0.b2.jar:/root/./workspace/CSUC/ECHOES-Tools/384796997/.m2/org/jdom/jdom/1.1.3/jdom-1.1.3.jar:"/>
    <property name="java.vm.vendor" value="Oracle Corporation"/>
    <property name="skip.bower" value="true"/>
    <property name="sun.arch.data.model" value="64"/>
    <property name="java.vendor.url" value="http://java.oracle.com/"/>
    <property name="user.timezone" value=""/>
    <property name="java.vm.specification.version" value="1.8"/>
    <property name="os.name" value="Linux"/>
    <property name="rat.skip" value="true"/>
    <property name="gpg.skip" value="true"/>
    <property name="sun.java.launcher" value="SUN_STANDARD"/>
    <property name="sun.boot.library.path" value="/usr/lib/jvm/java-8-openjdk-amd64/jre/lib/amd64"/>
    <property name="skip.gulp" value="true"/>
    <property name="sun.java.command" value="/root/workspace/CSUC/ECHOES-Tools/384796997/Binding-Core/target/surefire/surefirebooter2061214038671911051.jar /root/workspace/CSUC/ECHOES-Tools/384796997/Binding-Core/target/surefire 2018-05-28T17-43-29_144-jvmRun1 surefire4683525704090752519tmp surefire_05504746492693856272tmp"/>
    <property name="dependency-check.skip" value="true"/>
    <property name="surefire.test.class.path" value="/root/workspace/CSUC/ECHOES-Tools/384796997/Binding-Core/target/test-classes:/root/workspace/CSUC/ECHOES-Tools/384796997/Binding-Core/target/classes:/root/./workspace/CSUC/ECHOES-Tools/384796997/.m2/junit/junit/4.12/junit-4.12.jar:/root/./workspace/CSUC/ECHOES-Tools/384796997/.m2/org/hamcrest/hamcrest-core/1.3/hamcrest-core-1.3.jar:/root/./workspace/CSUC/ECHOES-Tools/384796997/.m2/org/apache/logging/log4j/log4j-iostreams/2.10.0/log4j-iostreams-2.10.0.jar:/root/./workspace/CSUC/ECHOES-Tools/384796997/.m2/org/apache/logging/log4j/log4j-api/2.10.0/log4j-api-2.10.0.jar:/root/./workspace/CSUC/ECHOES-Tools/384796997/.m2/org/jibx/jibx-schema/1.2.6/jibx-schema-1.2.6.jar:/root/./workspace/CSUC/ECHOES-Tools/384796997/.m2/org/jibx/jibx-bind/1.2.6/jibx-bind-1.2.6.jar:/root/./workspace/CSUC/ECHOES-Tools/384796997/.m2/org/jibx/jibx-run/1.2.6/jibx-run-1.2.6.jar:/root/./workspace/CSUC/ECHOES-Tools/384796997/.m2/joda-time/joda-time/2.2/joda-time-2.2.jar:/root/./workspace/CSUC/ECHOES-Tools/384796997/.m2/xpp3/xpp3/1.1.3.4.O/xpp3-1.1.3.4.O.jar:/root/./workspace/CSUC/ECHOES-Tools/384796997/.m2/bcel/bcel/5.1/bcel-5.1.jar:/root/./workspace/CSUC/ECHOES-Tools/384796997/.m2/regexp/regexp/1.2/regexp-1.2.jar:/root/./workspace/CSUC/ECHOES-Tools/384796997/.m2/log4j/log4j/1.2.17/log4j-1.2.17.jar:/root/./workspace/CSUC/ECHOES-Tools/384796997/.m2/com/thoughtworks/qdox/qdox/1.12.1/qdox-1.12.1.jar:/root/./workspace/CSUC/ECHOES-Tools/384796997/.m2/org/jibx/jibx-extras/1.2.6/jibx-extras-1.2.6.jar:/root/./workspace/CSUC/ECHOES-Tools/384796997/.m2/dom4j/dom4j/1.6.1/dom4j-1.6.1.jar:/root/./workspace/CSUC/ECHOES-Tools/384796997/.m2/xml-apis/xml-apis/1.0.b2/xml-apis-1.0.b2.jar:/root/./workspace/CSUC/ECHOES-Tools/384796997/.m2/org/jdom/jdom/1.1.3/jdom-1.1.3.jar:"/>
    <property name="sun.cpu.endian" value="little"/>
    <property name="user.home" value="/root"/>
    <property name="user.language" value="en"/>
    <property name="java.specification.vendor" value="Oracle Corporation"/>
    <property name="java.home" value="/usr/lib/jvm/java-8-openjdk-amd64/jre"/>
    <property name="basedir" value="/root/workspace/CSUC/ECHOES-Tools/384796997/Binding-Core"/>
    <property name="file.separator" value="/"/>
    <property name="checkstyle.skip" value="true"/>
    <property name="line.separator" value="&#10;"/>
    <property name="skip.npm" value="true"/>
    <property name="java.vm.specification.vendor" value="Oracle Corporation"/>
    <property name="java.specification.name" value="Java Platform API Specification"/>
    <property name="java.awt.graphicsenv" value="sun.awt.X11GraphicsEnvironment"/>
    <property name="skipITs" value="true"/>
    <property name="surefire.real.class.path" value="/root/workspace/CSUC/ECHOES-Tools/384796997/Binding-Core/target/surefire/surefirebooter2061214038671911051.jar"/>
    <property name="cobertura.skip" value="true"/>
    <property name="sun.boot.class.path" value="/usr/lib/jvm/java-8-openjdk-amd64/jre/lib/resources.jar:/usr/lib/jvm/java-8-openjdk-amd64/jre/lib/rt.jar:/usr/lib/jvm/java-8-openjdk-amd64/jre/lib/sunrsasign.jar:/usr/lib/jvm/java-8-openjdk-amd64/jre/lib/jsse.jar:/usr/lib/jvm/java-8-openjdk-amd64/jre/lib/jce.jar:/usr/lib/jvm/java-8-openjdk-amd64/jre/lib/charsets.jar:/usr/lib/jvm/java-8-openjdk-amd64/jre/lib/jfr.jar:/usr/lib/jvm/java-8-openjdk-amd64/jre/classes"/>
    <property name="sun.management.compiler" value="HotSpot 64-Bit Tiered Compilers"/>
    <property name="java.runtime.version" value="1.8.0_121-8u121-b13-1~bpo8+1-b13"/>
    <property name="user.name" value="root"/>
    <property name="findbugs.skip" value="true"/>
    <property name="path.separator" value=":"/>
    <property name="os.version" value="3.10.0-862.2.3.el7.x86_64"/>
    <property name="java.endorsed.dirs" value="/usr/lib/jvm/java-8-openjdk-amd64/jre/lib/endorsed"/>
    <property name="java.runtime.name" value="OpenJDK Runtime Environment"/>
    <property name="file.encoding" value="UTF-8"/>
    <property name="java.vm.name" value="OpenJDK 64-Bit Server VM"/>
    <property name="localRepository" value="/root/./workspace/CSUC/ECHOES-Tools/384796997/.m2"/>
    <property name="java.vendor.url.bug" value="http://bugreport.sun.com/bugreport/"/>
    <property name="java.io.tmpdir" value="/tmp"/>
    <property name="java.version" value="1.8.0_121"/>
    <property name="user.dir" value="/root/workspace/CSUC/ECHOES-Tools/384796997/Binding-Core"/>
    <property name="os.arch" value="amd64"/>
    <property name="license.skip" value="true"/>
    <property name="java.vm.specification.name" value="Java Virtual Machine Specification"/>
    <property name="java.awt.printerjob" value="sun.print.PSPrinterJob"/>
    <property name="sun.os.patch.level" value="unknown"/>
    <property name="java.library.path" value="/usr/java/packages/lib/amd64:/usr/lib/x86_64-linux-gnu/jni:/lib/x86_64-linux-gnu:/usr/lib/x86_64-linux-gnu:/usr/lib/jni:/lib:/usr/lib"/>
    <property name="java.vm.info" value="mixed mode"/>
    <property name="java.vendor" value="Oracle Corporation"/>
    <property name="java.vm.version" value="25.121-b13"/>
    <property name="java.ext.dirs" value="/usr/lib/jvm/java-8-openjdk-amd64/jre/lib/ext:/usr/java/packages/lib/ext"/>
    <property name="sun.io.unicode.encoding" value="UnicodeLittle"/>
    <property name="maven.repo.local" value="/root/./workspace/CSUC/ECHOES-Tools/384796997/.m2"/>
    <property name="enforcer.skip" value="true"/>
    <property name="java.class.version" value="52.0"/>
  </properties>
  <testcase name="testApp" classname="org.csuc.AppTest" time="0.002"/>
</testsuite>