<?xml version="1.0" encoding="UTF-8"?>
<!-- Generated by org.testng.reporters.JUnitReportReporter -->
<testsuite skipped="13" hostname="spirals-repairnator" name="org.ballerinalang.cassandra.actions.CassandraConnectionInitTest" tests="13" failures="0" timestamp="18 Jul 2018 09:25:11 GMT" time="0.000" errors="0">
  <testcase name="testConnectionInitWithInvalidRetryPolicy" time="0.000" classname="org.ballerinalang.cassandra.actions.CassandraConnectionInitTest">
    <skipped/>
  </testcase> <!-- testConnectionInitWithInvalidRetryPolicy -->
  <testcase name="testConnectionInitWithAdditionalConParams" time="0.000" classname="org.ballerinalang.cassandra.actions.CassandraConnectionInitTest">
    <skipped/>
  </testcase> <!-- testConnectionInitWithAdditionalConParams -->
  <testcase name="testConnectionInitWithReconnectionPolicy" time="0.000" classname="org.ballerinalang.cassandra.actions.CassandraConnectionInitTest">
    <skipped/>
  </testcase> <!-- testConnectionInitWithReconnectionPolicy -->
  <testcase name="testConnectionInitWithInvalidConsistencyLevel" time="0.000" classname="org.ballerinalang.cassandra.actions.CassandraConnectionInitTest">
    <skipped/>
  </testcase> <!-- testConnectionInitWithInvalidConsistencyLevel -->
  <testcase name="testConnectionInitWithProtocolOptions" time="0.000" classname="org.ballerinalang.cassandra.actions.CassandraConnectionInitTest">
    <skipped/>
  </testcase> <!-- testConnectionInitWithProtocolOptions -->
  <testcase name="testConnectionInitWithRetryPolicy" time="0.000" classname="org.ballerinalang.cassandra.actions.CassandraConnectionInitTest">
    <skipped/>
  </testcase> <!-- testConnectionInitWithRetryPolicy -->
  <testcase name="testConnectionInitWithSocketOptions" time="0.000" classname="org.ballerinalang.cassandra.actions.CassandraConnectionInitTest">
    <skipped/>
  </testcase> <!-- testConnectionInitWithSocketOptions -->
  <testcase name="testConnectionInitWithPoolingOptions" time="0.000" classname="org.ballerinalang.cassandra.actions.CassandraConnectionInitTest">
    <skipped/>
  </testcase> <!-- testConnectionInitWithPoolingOptions -->
  <testcase name="testConnectionInitWithQueryOptions" time="0.000" classname="org.ballerinalang.cassandra.actions.CassandraConnectionInitTest">
    <skipped/>
  </testcase> <!-- testConnectionInitWithQueryOptions -->
  <testcase name="testConnectionInitWithInvalidLBPolicy" time="0.000" classname="org.ballerinalang.cassandra.actions.CassandraConnectionInitTest">
    <skipped/>
  </testcase> <!-- testConnectionInitWithInvalidLBPolicy -->
  <testcase name="testConnectionInitWithLBPolicy" time="0.000" classname="org.ballerinalang.cassandra.actions.CassandraConnectionInitTest">
    <skipped/>
  </testcase> <!-- testConnectionInitWithLBPolicy -->
  <testcase name="testConnectionInitWithInvalidReconnectionPolicy" time="0.000" classname="org.ballerinalang.cassandra.actions.CassandraConnectionInitTest">
    <skipped/>
  </testcase> <!-- testConnectionInitWithInvalidReconnectionPolicy -->
  <testcase name="testConnectionInitWithInvalidSerialConsistencyLevel" time="0.000" classname="org.ballerinalang.cassandra.actions.CassandraConnectionInitTest">
    <skipped/>
  </testcase> <!-- testConnectionInitWithInvalidSerialConsistencyLevel -->
</testsuite> <!-- org.ballerinalang.cassandra.actions.CassandraConnectionInitTest -->
