<?xml version="1.0" encoding="UTF-8"?>
<!-- Generated by org.testng.reporters.JUnitReportReporter -->
<testsuite skipped="0" hostname="spirals-repairnator" name="org.ballerinalang.cassandra.actions.CassandraBaseTest" tests="2" failures="1" timestamp="18 Jul 2018 09:25:11 GMT" time="33.332" errors="1">
  <testcase name="startAndSetupCassandraServer" time="33.329" classname="org.ballerinalang.cassandra.actions.CassandraBaseTest">
    <failure type="java.lang.AssertionError" message="Cassandra daemon did not start within timeout">
      <![CDATA[java.lang.AssertionError: Cassandra daemon did not start within timeoutat org.cassandraunit.utils.EmbeddedCassandraServerHelper.startEmbeddedCassandra(EmbeddedCassandraServerHelper.java:150)at org.cassandraunit.utils.EmbeddedCassandraServerHelper.startEmbeddedCassandra(EmbeddedCassandraServerHelper.java:102)at org.cassandraunit.utils.EmbeddedCassandraServerHelper.startEmbeddedCassandra(EmbeddedCassandraServerHelper.java:81)at org.cassandraunit.utils.EmbeddedCassandraServerHelper.startEmbeddedCassandra(EmbeddedCassandraServerHelper.java:77)at org.ballerinalang.cassandra.actions.CassandraBaseTest.startAndSetupCassandraServer(CassandraBaseTest.java:45)at sun.reflect.NativeMethodAccessorImpl.invoke0(Native Method)at sun.reflect.NativeMethodAccessorImpl.invoke(NativeMethodAccessorImpl.java:62)at sun.reflect.DelegatingMethodAccessorImpl.invoke(DelegatingMethodAccessorImpl.java:43)at java.lang.reflect.Method.invoke(Method.java:498)at org.testng.internal.MethodInvocationHelper.invokeMethod(MethodInvocationHelper.java:124)at org.testng.internal.MethodInvocationHelper.invokeMethodConsideringTimeout(MethodInvocationHelper.java:59)at org.testng.internal.Invoker.invokeConfigurationMethod(Invoker.java:451)at org.testng.internal.Invoker.invokeConfigurations(Invoker.java:222)at org.testng.internal.Invoker.invokeConfigurations(Invoker.java:142)at org.testng.SuiteRunner.privateRun(SuiteRunner.java:401)at org.testng.SuiteRunner.run(SuiteRunner.java:364)at org.testng.SuiteRunnerWorker.runSuite(SuiteRunnerWorker.java:52)at org.testng.SuiteRunnerWorker.run(SuiteRunnerWorker.java:84)at org.testng.TestNG.runSuitesSequentially(TestNG.java:1187)at org.testng.TestNG.runSuitesLocally(TestNG.java:1116)at org.testng.TestNG.runSuites(TestNG.java:1028)at org.testng.TestNG.run(TestNG.java:996)at org.apache.maven.surefire.testng.TestNGExecutor.run(TestNGExecutor.java:283)at org.apache.maven.surefire.testng.TestNGXmlTestSuite.execute(TestNGXmlTestSuite.java:75)at org.apache.maven.surefire.testng.TestNGProvider.invoke(TestNGProvider.java:120)at org.apache.maven.surefire.booter.ForkedBooter.invokeProviderInSameClassLoader(ForkedBooter.java:373)at org.apache.maven.surefire.booter.ForkedBooter.runSuitesInProcess(ForkedBooter.java:334)at org.apache.maven.surefire.booter.ForkedBooter.execute(ForkedBooter.java:119)at org.apache.maven.surefire.booter.ForkedBooter.main(ForkedBooter.java:407)]]>
    </failure>
  </testcase> <!-- startAndSetupCassandraServer -->
  <testcase name="stopCassandraServer" time="0.003" classname="org.ballerinalang.cassandra.actions.CassandraBaseTest">
    <error type="java.lang.NullPointerException">
      <![CDATA[java.lang.NullPointerExceptionat org.cassandraunit.utils.EmbeddedCassandraServerHelper.dropKeyspacesWithNativeDriver(EmbeddedCassandraServerHelper.java:268)at org.cassandraunit.utils.EmbeddedCassandraServerHelper.dropKeyspaces(EmbeddedCassandraServerHelper.java:264)at org.cassandraunit.utils.EmbeddedCassandraServerHelper.cleanEmbeddedCassandra(EmbeddedCassandraServerHelper.java:200)at org.ballerinalang.cassandra.actions.CassandraBaseTest.stopCassandraServer(CassandraBaseTest.java:55)at sun.reflect.NativeMethodAccessorImpl.invoke0(Native Method)at sun.reflect.NativeMethodAccessorImpl.invoke(NativeMethodAccessorImpl.java:62)at sun.reflect.DelegatingMethodAccessorImpl.invoke(DelegatingMethodAccessorImpl.java:43)at java.lang.reflect.Method.invoke(Method.java:498)at org.testng.internal.MethodInvocationHelper.invokeMethod(MethodInvocationHelper.java:124)at org.testng.internal.MethodInvocationHelper.invokeMethodConsideringTimeout(MethodInvocationHelper.java:59)at org.testng.internal.Invoker.invokeConfigurationMethod(Invoker.java:451)at org.testng.internal.Invoker.invokeConfigurations(Invoker.java:222)at org.testng.internal.Invoker.invokeConfigurations(Invoker.java:142)at org.testng.SuiteRunner.privateRun(SuiteRunner.java:425)at org.testng.SuiteRunner.run(SuiteRunner.java:364)at org.testng.SuiteRunnerWorker.runSuite(SuiteRunnerWorker.java:52)at org.testng.SuiteRunnerWorker.run(SuiteRunnerWorker.java:84)at org.testng.TestNG.runSuitesSequentially(TestNG.java:1187)at org.testng.TestNG.runSuitesLocally(TestNG.java:1116)at org.testng.TestNG.runSuites(TestNG.java:1028)at org.testng.TestNG.run(TestNG.java:996)at org.apache.maven.surefire.testng.TestNGExecutor.run(TestNGExecutor.java:283)at org.apache.maven.surefire.testng.TestNGXmlTestSuite.execute(TestNGXmlTestSuite.java:75)at org.apache.maven.surefire.testng.TestNGProvider.invoke(TestNGProvider.java:120)at org.apache.maven.surefire.booter.ForkedBooter.invokeProviderInSameClassLoader(ForkedBooter.java:373)at org.apache.maven.surefire.booter.ForkedBooter.runSuitesInProcess(ForkedBooter.java:334)at org.apache.maven.surefire.booter.ForkedBooter.execute(ForkedBooter.java:119)at org.apache.maven.surefire.booter.ForkedBooter.main(ForkedBooter.java:407)]]>
    </error>
  </testcase> <!-- stopCassandraServer -->
</testsuite> <!-- org.ballerinalang.cassandra.actions.CassandraBaseTest -->
