<?xml version="1.0" encoding="UTF-8"?>
<!-- Generated by org.testng.reporters.JUnitReportReporter -->
<testsuite skipped="8" hostname="spirals-repairnator" name="org.ballerinalang.cassandra.actions.CassandraActionsTest" tests="9" failures="0" timestamp="18 Jul 2018 09:25:11 GMT" time="23.457" errors="1">
  <testcase name="testSelectWithParamArray" time="0.000" classname="org.ballerinalang.cassandra.actions.CassandraActionsTest">
    <skipped/>
  </testcase> <!-- testSelectWithParamArray -->
  <testcase name="testSelect" time="0.000" classname="org.ballerinalang.cassandra.actions.CassandraActionsTest">
    <skipped/>
  </testcase> <!-- testSelect -->
  <testcase name="testSelectExceptionScenario" time="0.000" classname="org.ballerinalang.cassandra.actions.CassandraActionsTest">
    <skipped/>
  </testcase> <!-- testSelectExceptionScenario -->
  <testcase name="testTableCreation" time="0.000" classname="org.ballerinalang.cassandra.actions.CassandraActionsTest">
    <skipped/>
  </testcase> <!-- testTableCreation -->
  <testcase name="testKeySpaceCreation" time="0.000" classname="org.ballerinalang.cassandra.actions.CassandraActionsTest">
    <skipped/>
  </testcase> <!-- testKeySpaceCreation -->
  <testcase name="testUpdateExceptionScenario" time="0.000" classname="org.ballerinalang.cassandra.actions.CassandraActionsTest">
    <skipped/>
  </testcase> <!-- testUpdateExceptionScenario -->
  <testcase name="testInsertRawParams" time="0.000" classname="org.ballerinalang.cassandra.actions.CassandraActionsTest">
    <skipped/>
  </testcase> <!-- testInsertRawParams -->
  <testcase name="testSelectWithNilParams" time="0.000" classname="org.ballerinalang.cassandra.actions.CassandraActionsTest">
    <skipped/>
  </testcase> <!-- testSelectWithNilParams -->
  <testcase name="setup" time="23.457" classname="org.ballerinalang.cassandra.actions.CassandraActionsTest">
    <error type="java.lang.NullPointerException">
      <![CDATA[java.lang.NullPointerExceptionat org.ballerinalang.cassandra.actions.CassandraActionsTest.populateDatabase(CassandraActionsTest.java:52)at org.ballerinalang.cassandra.actions.CassandraActionsTest.setup(CassandraActionsTest.java:48)at sun.reflect.NativeMethodAccessorImpl.invoke0(Native Method)at sun.reflect.NativeMethodAccessorImpl.invoke(NativeMethodAccessorImpl.java:62)at sun.reflect.DelegatingMethodAccessorImpl.invoke(DelegatingMethodAccessorImpl.java:43)at java.lang.reflect.Method.invoke(Method.java:498)at org.testng.internal.MethodInvocationHelper.invokeMethod(MethodInvocationHelper.java:124)at org.testng.internal.MethodInvocationHelper.invokeMethodConsideringTimeout(MethodInvocationHelper.java:59)at org.testng.internal.Invoker.invokeConfigurationMethod(Invoker.java:451)at org.testng.internal.Invoker.invokeConfigurations(Invoker.java:222)at org.testng.internal.Invoker.invokeConfigurations(Invoker.java:142)at org.testng.internal.TestMethodWorker.invokeBeforeClassMethods(TestMethodWorker.java:163)at org.testng.internal.TestMethodWorker.run(TestMethodWorker.java:105)at org.testng.TestRunner.privateRun(TestRunner.java:648)at org.testng.TestRunner.run(TestRunner.java:505)at org.testng.SuiteRunner.runTest(SuiteRunner.java:455)at org.testng.SuiteRunner.runSequentially(SuiteRunner.java:450)at org.testng.SuiteRunner.privateRun(SuiteRunner.java:415)at org.testng.SuiteRunner.run(SuiteRunner.java:364)at org.testng.SuiteRunnerWorker.runSuite(SuiteRunnerWorker.java:52)at org.testng.SuiteRunnerWorker.run(SuiteRunnerWorker.java:84)at org.testng.TestNG.runSuitesSequentially(TestNG.java:1187)at org.testng.TestNG.runSuitesLocally(TestNG.java:1116)at org.testng.TestNG.runSuites(TestNG.java:1028)at org.testng.TestNG.run(TestNG.java:996)at org.apache.maven.surefire.testng.TestNGExecutor.run(TestNGExecutor.java:283)at org.apache.maven.surefire.testng.TestNGXmlTestSuite.execute(TestNGXmlTestSuite.java:75)at org.apache.maven.surefire.testng.TestNGProvider.invoke(TestNGProvider.java:120)at org.apache.maven.surefire.booter.ForkedBooter.invokeProviderInSameClassLoader(ForkedBooter.java:373)at org.apache.maven.surefire.booter.ForkedBooter.runSuitesInProcess(ForkedBooter.java:334)at org.apache.maven.surefire.booter.ForkedBooter.execute(ForkedBooter.java:119)at org.apache.maven.surefire.booter.ForkedBooter.main(ForkedBooter.java:407)]]>
    </error>
  </testcase> <!-- setup -->
</testsuite> <!-- org.ballerinalang.cassandra.actions.CassandraActionsTest -->
