<?xml version="1.0" encoding="UTF-8"?>
<!-- Generated by org.testng.reporters.JUnitReportReporter -->
<testsuite hostname="spirals-vortex.lille.inria.fr" name="org.molgenis.data.importer.emx.EmxDataProviderTest" tests="9" failures="0" timestamp="1 Jun 2018 10:51:23 GMT" time="1.387" errors="0">
  <testcase name="testGetEntities" time="0.434" classname="org.molgenis.data.importer.emx.EmxDataProviderTest"/>
  <testcase name="testHasEntitiesTrue" time="0.002" classname="org.molgenis.data.importer.emx.EmxDataProviderTest"/>
  <testcase name="testHasEntitiesAlternativeEntityTypeIdFalse" time="0.002" classname="org.molgenis.data.importer.emx.EmxDataProviderTest"/>
  <testcase name="testGetEntitiesAlternativeEntityTypeIdUnknownRepository" time="0.006" classname="org.molgenis.data.importer.emx.EmxDataProviderTest"/>
  <testcase name="testGetEntitiesAlternativeEntityTypeId" time="0.012" classname="org.molgenis.data.importer.emx.EmxDataProviderTest"/>
  <testcase name="testGetEntityTypes" time="0.038" classname="org.molgenis.data.importer.emx.EmxDataProviderTest"/>
  <testcase name="testGetEntitiesUnknownRepository" time="0.001" classname="org.molgenis.data.importer.emx.EmxDataProviderTest"/>
  <testcase name="testHasEntitiesAlternativeEntityTypeIdTrue" time="0.891" classname="org.molgenis.data.importer.emx.EmxDataProviderTest"/>
  <testcase name="testHasEntitiesFalse" time="0.001" classname="org.molgenis.data.importer.emx.EmxDataProviderTest"/>
</testsuite> <!-- org.molgenis.data.importer.emx.EmxDataProviderTest -->
