<?xml version="1.0" encoding="UTF-8"?>
<!-- Generated by org.testng.reporters.JUnitReportReporter -->
<testsuite hostname="spirals-vortex.lille.inria.fr" name="org.molgenis.data.importer.ImportRunTest" tests="2" failures="0" timestamp="1 Jun 2018 10:51:23 GMT" time="0.003" errors="0">
  <testcase name="testGetNotifyDefaultFalse" time="0.002" classname="org.molgenis.data.importer.ImportRunTest"/>
  <testcase name="testSetNotify" time="0.001" classname="org.molgenis.data.importer.ImportRunTest"/>
</testsuite> <!-- org.molgenis.data.importer.ImportRunTest -->
