<?xml version="1.0" encoding="UTF-8"?>
<!-- Generated by org.testng.reporters.JUnitReportReporter -->
<testsuite hostname="spirals-vortex.lille.inria.fr" name="org.molgenis.data.importer.emx.EmxDataProviderTest" tests="9" failures="0" timestamp="30 May 2018 13:30:43 GMT" time="1.285" errors="0">
  <testcase name="testGetEntities" time="0.422" classname="org.molgenis.data.importer.emx.EmxDataProviderTest"/>
  <testcase name="testHasEntitiesTrue" time="0.003" classname="org.molgenis.data.importer.emx.EmxDataProviderTest"/>
  <testcase name="testHasEntitiesAlternativeEntityTypeIdFalse" time="0.003" classname="org.molgenis.data.importer.emx.EmxDataProviderTest"/>
  <testcase name="testGetEntitiesAlternativeEntityTypeIdUnknownRepository" time="0.004" classname="org.molgenis.data.importer.emx.EmxDataProviderTest"/>
  <testcase name="testGetEntitiesAlternativeEntityTypeId" time="0.009" classname="org.molgenis.data.importer.emx.EmxDataProviderTest"/>
  <testcase name="testGetEntityTypes" time="0.041" classname="org.molgenis.data.importer.emx.EmxDataProviderTest"/>
  <testcase name="testGetEntitiesUnknownRepository" time="0.001" classname="org.molgenis.data.importer.emx.EmxDataProviderTest"/>
  <testcase name="testHasEntitiesAlternativeEntityTypeIdTrue" time="0.800" classname="org.molgenis.data.importer.emx.EmxDataProviderTest"/>
  <testcase name="testHasEntitiesFalse" time="0.002" classname="org.molgenis.data.importer.emx.EmxDataProviderTest"/>
</testsuite> <!-- org.molgenis.data.importer.emx.EmxDataProviderTest -->
