<?xml version="1.0" encoding="UTF-8"?>
<!-- Generated by org.testng.reporters.JUnitReportReporter -->
<testsuite hostname="spirals-vortex.lille.inria.fr" name="org.molgenis.data.importer.emx.IntermediateParseResultsTest" tests="1" failures="0" timestamp="30 May 2018 12:45:14 GMT" time="0.288" errors="0">
  <testcase name="testAddEntityType" time="0.288" classname="org.molgenis.data.importer.emx.IntermediateParseResultsTest"/>
</testsuite> <!-- org.molgenis.data.importer.emx.IntermediateParseResultsTest -->
