<?xml version="1.0" encoding="UTF-8"?>
<!-- Generated by org.testng.reporters.JUnitReportReporter -->
<testsuite hostname="spirals-vortex.lille.inria.fr" name="org.molgenis.data.importer.ImportRunServiceTest" tests="1" failures="0" timestamp="1 Jun 2018 11:17:28 GMT" time="0.106" errors="0">
  <testcase name="testCreateEnglishMailText" time="0.106" classname="org.molgenis.data.importer.ImportRunServiceTest"/>
</testsuite> <!-- org.molgenis.data.importer.ImportRunServiceTest -->
