<?xml version="1.0" encoding="UTF-8"?>
<!-- Generated by org.testng.reporters.JUnitReportReporter -->
<testsuite hostname="spirals-vortex.lille.inria.fr" name="org.molgenis.ontology.core.repository.OntologyTermRepositoryTest" tests="5" failures="0" timestamp="1 Jun 2018 11:22:30 GMT" time="0.083" errors="0">
  <testcase name="testFindExcatOntologyTerms" time="0.034" classname="org.molgenis.ontology.core.repository.OntologyTermRepositoryTest"/>
  <testcase name="testFindOntologyTerms" time="0.005" classname="org.molgenis.ontology.core.repository.OntologyTermRepositoryTest"/>
  <testcase name="testCalculateNodePathDistance" time="0.013" classname="org.molgenis.ontology.core.repository.OntologyTermRepositoryTest"/>
  <testcase name="testGetOntologyTerm" time="0.014" classname="org.molgenis.ontology.core.repository.OntologyTermRepositoryTest"/>
  <testcase name="testGetChildOntologyTermsByNodePath" time="0.017" classname="org.molgenis.ontology.core.repository.OntologyTermRepositoryTest"/>
</testsuite> <!-- org.molgenis.ontology.core.repository.OntologyTermRepositoryTest -->
