<?xml version="1.0" encoding="UTF-8"?>
<!-- Generated by org.testng.reporters.JUnitReportReporter -->
<testsuite hostname="spirals-vortex.lille.inria.fr" name="org.molgenis.ontology.core.repository.OntologyRepositoryTest" tests="2" failures="0" timestamp="1 Jun 2018 11:22:30 GMT" time="0.004" errors="0">
  <testcase name="testGetOntologies" time="0.003" classname="org.molgenis.ontology.core.repository.OntologyRepositoryTest"/>
  <testcase name="testGetOntology" time="0.001" classname="org.molgenis.ontology.core.repository.OntologyRepositoryTest"/>
</testsuite> <!-- org.molgenis.ontology.core.repository.OntologyRepositoryTest -->
