<?xml version="1.0" encoding="UTF-8"?>
<!-- Generated by org.testng.reporters.JUnitReportReporter -->
<testsuite hostname="spirals-vortex.lille.inria.fr" name="org.molgenis.ontology.core.repository.model.OntologyTermTest" tests="1" failures="0" timestamp="1 Jun 2018 11:22:30 GMT" time="0.004" errors="0">
  <testcase name="testAnd" time="0.004" classname="org.molgenis.ontology.core.repository.model.OntologyTermTest"/>
</testsuite> <!-- org.molgenis.ontology.core.repository.model.OntologyTermTest -->
