<?xml version="1.0" encoding="UTF-8"?>
<testsuite name="com.box.l10n.mojito.service.asset.VirtualAssetServiceTest" time="0.472" tests="17" errors="0" skipped="0" failures="2">
  <properties>
    <property name="java.runtime.name" value="OpenJDK Runtime Environment"/>
    <property name="sun.boot.library.path" value="/usr/lib/jvm/java-8-openjdk-amd64/jre/lib/amd64"/>
    <property name="java.vm.version" value="25.121-b13"/>
    <property name="java.vm.vendor" value="Oracle Corporation"/>
    <property name="maven.multiModuleProjectDirectory" value="/root/workspace/box/mojito/386402413"/>
    <property name="java.vendor.url" value="http://java.oracle.com/"/>
    <property name="path.separator" value=":"/>
    <property name="guice.disable.misplaced.annotation.check" value="true"/>
    <property name="skip.gulp" value="true"/>
    <property name="java.vm.name" value="OpenJDK 64-Bit Server VM"/>
    <property name="file.encoding.pkg" value="sun.io"/>
    <property name="sun.java.launcher" value="SUN_STANDARD"/>
    <property name="sun.os.patch.level" value="unknown"/>
    <property name="findbugs.skip" value="true"/>
    <property name="java.vm.specification.name" value="Java Virtual Machine Specification"/>
    <property name="user.dir" value="/root/workspace/box/mojito/386402413"/>
    <property name="checkstyle.skip" value="true"/>
    <property name="java.runtime.version" value="1.8.0_121-8u121-b13-1~bpo8+1-b13"/>
    <property name="java.awt.graphicsenv" value="sun.awt.X11GraphicsEnvironment"/>
    <property name="skip.npm" value="true"/>
    <property name="java.endorsed.dirs" value="/usr/lib/jvm/java-8-openjdk-amd64/jre/lib/endorsed"/>
    <property name="os.arch" value="amd64"/>
    <property name="java.io.tmpdir" value="/tmp"/>
    <property name="gpg.skip" value="true"/>
    <property name="line.separator" value="&#10;"/>
    <property name="java.vm.specification.vendor" value="Oracle Corporation"/>
    <property name="cobertura.skip" value="true"/>
    <property name="os.name" value="Linux"/>
    <property name="classworlds.conf" value="/usr/share/maven/bin/m2.conf"/>
    <property name="sun.jnu.encoding" value="UTF-8"/>
    <property name="java.library.path" value="/usr/java/packages/lib/amd64:/usr/lib/x86_64-linux-gnu/jni:/lib/x86_64-linux-gnu:/usr/lib/x86_64-linux-gnu:/usr/lib/jni:/lib:/usr/lib"/>
    <property name="license.skip" value="true"/>
    <property name="java.specification.name" value="Java Platform API Specification"/>
    <property name="java.class.version" value="52.0"/>
    <property name="sun.management.compiler" value="HotSpot 64-Bit Tiered Compilers"/>
    <property name="skip.bower" value="true"/>
    <property name="maven.repo.local" value="/root/./workspace/box/mojito/386402413/.m2"/>
    <property name="os.version" value="3.10.0-862.2.3.el7.x86_64"/>
    <property name="user.home" value="/root"/>
    <property name="user.timezone" value="Europe/Paris"/>
    <property name="java.awt.printerjob" value="sun.print.PSPrinterJob"/>
    <property name="java.specification.version" value="1.8"/>
    <property name="file.encoding" value="UTF-8"/>
    <property name="user.name" value="root"/>
    <property name="java.class.path" value="/usr/share/maven/boot/plexus-classworlds-2.5.2.jar"/>
    <property name="skipITs" value="true"/>
    <property name="java.vm.specification.version" value="1.8"/>
    <property name="sun.arch.data.model" value="64"/>
    <property name="java.home" value="/usr/lib/jvm/java-8-openjdk-amd64/jre"/>
    <property name="sun.java.command" value="org.codehaus.plexus.classworlds.launcher.Launcher -B -D enforcer.skip=true -D dependency-check.skip=true -D skipITs=true -D cobertura.skip=true -D maven.repo.local=/root/./workspace/box/mojito/386402413/.m2 -D rat.skip=true -D findbugs.skip=true -D skip.bower=true -D gpg.skip=true -D checkstyle.skip=true -D skip.gulp=true -D license.skip=true -D skip.npm=true test"/>
    <property name="java.specification.vendor" value="Oracle Corporation"/>
    <property name="user.language" value="en"/>
    <property name="awt.toolkit" value="sun.awt.X11.XToolkit"/>
    <property name="dependency-check.skip" value="true"/>
    <property name="java.vm.info" value="mixed mode"/>
    <property name="java.version" value="1.8.0_121"/>
    <property name="java.ext.dirs" value="/usr/lib/jvm/java-8-openjdk-amd64/jre/lib/ext:/usr/java/packages/lib/ext"/>
    <property name="securerandom.source" value="file:/dev/./urandom"/>
    <property name="sun.boot.class.path" value="/usr/lib/jvm/java-8-openjdk-amd64/jre/lib/resources.jar:/usr/lib/jvm/java-8-openjdk-amd64/jre/lib/rt.jar:/usr/lib/jvm/java-8-openjdk-amd64/jre/lib/sunrsasign.jar:/usr/lib/jvm/java-8-openjdk-amd64/jre/lib/jsse.jar:/usr/lib/jvm/java-8-openjdk-amd64/jre/lib/jce.jar:/usr/lib/jvm/java-8-openjdk-amd64/jre/lib/charsets.jar:/usr/lib/jvm/java-8-openjdk-amd64/jre/lib/jfr.jar:/usr/lib/jvm/java-8-openjdk-amd64/jre/classes"/>
    <property name="java.vendor" value="Oracle Corporation"/>
    <property name="enforcer.skip" value="true"/>
    <property name="rat.skip" value="true"/>
    <property name="maven.home" value="/usr/share/maven"/>
    <property name="file.separator" value="/"/>
    <property name="java.vendor.url.bug" value="http://bugreport.sun.com/bugreport/"/>
    <property name="sun.cpu.endian" value="little"/>
    <property name="sun.io.unicode.encoding" value="UnicodeLittle"/>
    <property name="sun.cpu.isalist" value=""/>
  </properties>
  <testcase name="testCantAddTextUnitToNoVirtual" classname="com.box.l10n.mojito.service.asset.VirtualAssetServiceTest" time="0.011"/>
  <testcase name="testImportLocalizedTextUnitsOneMissing" classname="com.box.l10n.mojito.service.asset.VirtualAssetServiceTest" time="0.053"/>
  <testcase name="testGetTextunitWithDoNoTranslateFilter" classname="com.box.l10n.mojito.service.asset.VirtualAssetServiceTest" time="0.024"/>
  <testcase name="testAddGetReplaceTextUnits" classname="com.box.l10n.mojito.service.asset.VirtualAssetServiceTest" time="0.04"/>
  <testcase name="testCreateVirtualAsset" classname="com.box.l10n.mojito.service.asset.VirtualAssetServiceTest" time="0.008"/>
  <testcase name="testLeveragingByName" classname="com.box.l10n.mojito.service.asset.VirtualAssetServiceTest" time="0.079"/>
  <testcase name="testDeleteTextUnit" classname="com.box.l10n.mojito.service.asset.VirtualAssetServiceTest" time="0.023"/>
  <testcase name="testLeveragingByContent" classname="com.box.l10n.mojito.service.asset.VirtualAssetServiceTest" time="0.023"/>
  <testcase name="testRemovePreviousWhenExactMatches" classname="com.box.l10n.mojito.service.asset.VirtualAssetServiceTest" time="0.031">
    <failure message="expected null, but was:&lt;comment&gt;" type="java.lang.AssertionError"><![CDATA[java.lang.AssertionError: expected null, but was:<comment>
	at org.junit.Assert.fail(Assert.java:88)
	at org.junit.Assert.failNotNull(Assert.java:755)
	at org.junit.Assert.assertNull(Assert.java:737)
	at org.junit.Assert.assertNull(Assert.java:747)
	at com.box.l10n.mojito.service.asset.VirtualAssetServiceTest.testRemovePreviousWhenExactMatches(VirtualAssetServiceTest.java:834)
]]></failure>
    <system-out><![CDATA[2018-05-31 22:32:28.758  WARN 354 --- [           main] o.h.engine.jdbc.spi.SqlExceptionHelper   : SQL Warning Code: -1100, SQLState: 02000
2018-05-31 22:32:28.758  WARN 354 --- [           main] o.h.engine.jdbc.spi.SqlExceptionHelper   : no data
2018-05-31 22:32:28.764  WARN 354 --- [           main] o.h.engine.jdbc.spi.SqlExceptionHelper   : SQL Warning Code: -1100, SQLState: 02000
2018-05-31 22:32:28.764  WARN 354 --- [           main] o.h.engine.jdbc.spi.SqlExceptionHelper   : no data
]]></system-out>
    <rerunFailure message="expected null, but was:&lt;comment&gt;" type="java.lang.AssertionError"><![CDATA[java.lang.AssertionError: expected null, but was:<comment>
	at org.junit.Assert.fail(Assert.java:88)
	at org.junit.Assert.failNotNull(Assert.java:755)
	at org.junit.Assert.assertNull(Assert.java:737)
	at org.junit.Assert.assertNull(Assert.java:747)
	at com.box.l10n.mojito.service.asset.VirtualAssetServiceTest.testRemovePreviousWhenExactMatches(VirtualAssetServiceTest.java:834)
]]>
      <system-out><![CDATA[2018-05-31 22:32:28.959  INFO 354 --- [           main] o.s.t.c.support.AbstractContextLoader    : Could not detect default resource locations for test class [com.box.l10n.mojito.rest.WSTestBase]: no resource found for suffixes {-context.xml, Context.groovy}.
2018-05-31 22:32:28.960  INFO 354 --- [           main] WebAppIntegrationTestContextBootstrapper : Using TestExecutionListeners: [org.springframework.test.context.support.DependencyInjectionTestExecutionListener@7c104a54, org.springframework.test.context.support.DirtiesContextTestExecutionListener@5cd84128, org.springframework.test.context.transaction.TransactionalTestExecutionListener@1e3e59cd, org.springframework.security.test.context.support.WithSecurityContextTestExecutionListener@23b859b6]
2018-05-31 22:32:28.974  WARN 354 --- [           main] o.h.engine.jdbc.spi.SqlExceptionHelper   : SQL Warning Code: -1100, SQLState: 02000
2018-05-31 22:32:28.974  WARN 354 --- [           main] o.h.engine.jdbc.spi.SqlExceptionHelper   : no data
2018-05-31 22:32:28.980  WARN 354 --- [           main] o.h.engine.jdbc.spi.SqlExceptionHelper   : SQL Warning Code: -1100, SQLState: 02000
2018-05-31 22:32:28.980  WARN 354 --- [           main] o.h.engine.jdbc.spi.SqlExceptionHelper   : no data
]]></system-out>
    </rerunFailure>
  </testcase>
  <testcase name="testLeveragingByContentBatch" classname="com.box.l10n.mojito.service.asset.VirtualAssetServiceTest" time="0.03"/>
  <testcase name="testCantUpdateAssetAsVirtual" classname="com.box.l10n.mojito.service.asset.VirtualAssetServiceTest" time="0.007"/>
  <testcase name="testUpdateVirtualAsset" classname="com.box.l10n.mojito.service.asset.VirtualAssetServiceTest" time="0.008"/>
  <testcase name="testLeveragingByNameBatchBatch" classname="com.box.l10n.mojito.service.asset.VirtualAssetServiceTest" time="0.074"/>
  <testcase name="testAddTextUnitVariant" classname="com.box.l10n.mojito.service.asset.VirtualAssetServiceTest" time="0.015"/>
  <testcase name="testImportLocalizedTextUnits" classname="com.box.l10n.mojito.service.asset.VirtualAssetServiceTest" time="0.033"/>
  <testcase name="testAddTextUnit" classname="com.box.l10n.mojito.service.asset.VirtualAssetServiceTest" time="0.013"/>
</testsuite>