<?xml version="1.0" encoding="UTF-8"?>
<!-- Generated by org.testng.reporters.JUnitReportReporter -->
<testsuite hostname="spirals-vortex.lille.inria.fr" name="org.molgenis.apps.AppsControllerTest" tests="13" failures="0" timestamp="30 May 2018 13:32:36 GMT" time="1.998" errors="0">
  <testcase name="testDeActivateAppAlreadyDeactivated" time="1.173" classname="org.molgenis.apps.AppsControllerTest"/>
  <testcase name="AppsController" time="0.027" classname="org.molgenis.apps.AppsControllerTest"/>
  <testcase name="testViewAppWithFreeMarkerTemplate" time="0.094" classname="org.molgenis.apps.AppsControllerTest"/>
  <testcase name="testActivateAppAlreadyActivated" time="0.132" classname="org.molgenis.apps.AppsControllerTest"/>
  <testcase name="testViewAppUnknownApp" time="0.029" classname="org.molgenis.apps.AppsControllerTest"/>
  <testcase name="testActivateApp" time="0.129" classname="org.molgenis.apps.AppsControllerTest"/>
  <testcase name="testInit" time="0.122" classname="org.molgenis.apps.AppsControllerTest"/>
  <testcase name="testViewAppDeactivatedApp" time="0.038" classname="org.molgenis.apps.AppsControllerTest"/>
  <testcase name="testInit" time="0.030" classname="org.molgenis.apps.AppsControllerTest"/>
  <testcase name="testViewAppWithIndexInAppResultsInRedirect" time="0.035" classname="org.molgenis.apps.AppsControllerTest"/>
  <testcase name="testDeactivateAppUnknownApp" time="0.129" classname="org.molgenis.apps.AppsControllerTest"/>
  <testcase name="testDeactivateApp" time="0.030" classname="org.molgenis.apps.AppsControllerTest"/>
  <testcase name="testActivateAppUnknownApp" time="0.030" classname="org.molgenis.apps.AppsControllerTest"/>
</testsuite> <!-- org.molgenis.apps.AppsControllerTest -->
