<?xml version="1.0" encoding="UTF-8"?>
<!-- Generated by org.testng.reporters.JUnitReportReporter -->
<testsuite hostname="spirals-vortex.lille.inria.fr" name="org.molgenis.apps.model.AppRepositoryDecoratorTest" tests="16" failures="0" timestamp="30 May 2018 13:32:36 GMT" time="1.542" errors="0">
  <testcase name="testAddInvalidResourceZip" time="0.036" classname="org.molgenis.apps.model.AppRepositoryDecoratorTest"/>
  <testcase name="testAddActiveNoResourceZip" time="0.191" classname="org.molgenis.apps.model.AppRepositoryDecoratorTest"/>
  <testcase name="testUpdateStream" time="0.006" classname="org.molgenis.apps.model.AppRepositoryDecoratorTest"/>
  <testcase name="testDeleteStream" time="1.121" classname="org.molgenis.apps.model.AppRepositoryDecoratorTest"/>
  <testcase name="testDeleteActive" time="0.005" classname="org.molgenis.apps.model.AppRepositoryDecoratorTest"/>
  <testcase name="testUpdateActivatedResourceToActivatedValidResource" time="0.007" classname="org.molgenis.apps.model.AppRepositoryDecoratorTest"/>
  <testcase name="testUpdateNoResourceToDeactivatedInvalidResource" time="0.004" classname="org.molgenis.apps.model.AppRepositoryDecoratorTest"/>
  <testcase name="testAddInactiveNoResourceZip" time="0.002" classname="org.molgenis.apps.model.AppRepositoryDecoratorTest"/>
  <testcase name="testDeleteById" time="0.002" classname="org.molgenis.apps.model.AppRepositoryDecoratorTest"/>
  <testcase name="testUpdateDeactivatedResourceToDeactivatedInvalidResource" time="0.004" classname="org.molgenis.apps.model.AppRepositoryDecoratorTest"/>
  <testcase name="testAddStream" time="0.020" classname="org.molgenis.apps.model.AppRepositoryDecoratorTest"/>
  <testcase name="testAppRepositoryDecorator" time="0.004" classname="org.molgenis.apps.model.AppRepositoryDecoratorTest"/>
  <testcase name="testAddActiveValidResourceZip" time="0.131" classname="org.molgenis.apps.model.AppRepositoryDecoratorTest"/>
  <testcase name="testDeleteInactive" time="0.002" classname="org.molgenis.apps.model.AppRepositoryDecoratorTest"/>
  <testcase name="testAddInactiveValidResourceZip" time="0.004" classname="org.molgenis.apps.model.AppRepositoryDecoratorTest"/>
  <testcase name="testUpdateDeactivatedResourceToDeactivatedValidResource" time="0.003" classname="org.molgenis.apps.model.AppRepositoryDecoratorTest"/>
</testsuite> <!-- org.molgenis.apps.model.AppRepositoryDecoratorTest -->
