<?xml version="1.0" encoding="UTF-8"?>
<!-- Generated by org.testng.reporters.JUnitReportReporter -->
<testsuite hostname="spirals-vortex.lille.inria.fr" name="org.molgenis.amazon.bucket.AmazonBucketIngesterTest" tests="1" failures="0" timestamp="30 May 2018 12:46:04 GMT" time="1.284" errors="0">
  <testcase name="ingest" time="1.284" classname="org.molgenis.amazon.bucket.AmazonBucketIngesterTest"/>
</testsuite> <!-- org.molgenis.amazon.bucket.AmazonBucketIngesterTest -->
