<?xml version="1.0" encoding="UTF-8"?>
<!-- Generated by org.testng.reporters.JUnitReportReporter -->
<testsuite hostname="spirals-vortex.lille.inria.fr" name="org.molgenis.amazon.bucket.util.AmazonBucketClientImplTest" tests="2" failures="0" timestamp="30 May 2018 13:31:34 GMT" time="0.056" errors="0">
  <testcase name="downloadFileExactTest" time="0.006" classname="org.molgenis.amazon.bucket.util.AmazonBucketClientImplTest"/>
  <testcase name="downloadFileExpression" time="0.050" classname="org.molgenis.amazon.bucket.util.AmazonBucketClientImplTest"/>
</testsuite> <!-- org.molgenis.amazon.bucket.util.AmazonBucketClientImplTest -->
