<?xml version="1.0" encoding="UTF-8"?>
<!-- Generated by org.testng.reporters.JUnitReportReporter -->
<testsuite hostname="spirals-vortex.lille.inria.fr" name="org.molgenis.data.file.FileMetaRepositoryDecoratorTest" tests="7" failures="0" timestamp="25 May 2018 14:30:58 GMT" time="0.925" errors="0">
  <testcase name="testDelete" time="0.100" classname="org.molgenis.data.file.FileMetaRepositoryDecoratorTest"/>
  <testcase name="testDeleteStream" time="0.005" classname="org.molgenis.data.file.FileMetaRepositoryDecoratorTest"/>
  <testcase name="testAppRepositoryDecorator" time="0.488" classname="org.molgenis.data.file.FileMetaRepositoryDecoratorTest"/>
  <testcase name="testDeleteAllStream" time="0.019" classname="org.molgenis.data.file.FileMetaRepositoryDecoratorTest"/>
  <testcase name="testDeleteById" time="0.002" classname="org.molgenis.data.file.FileMetaRepositoryDecoratorTest"/>
  <testcase name="testDeleteByIdUnknownId" time="0.003" classname="org.molgenis.data.file.FileMetaRepositoryDecoratorTest"/>
  <testcase name="testDeleteAll" time="0.308" classname="org.molgenis.data.file.FileMetaRepositoryDecoratorTest"/>
</testsuite> <!-- org.molgenis.data.file.FileMetaRepositoryDecoratorTest -->
