<?xml version="1.0" encoding="UTF-8"?>
<!-- Generated by org.testng.reporters.JUnitReportReporter -->
<testsuite hostname="spirals-vortex.lille.inria.fr" name="org.molgenis.data.file.FileStoreTest" tests="4" failures="0" timestamp="25 May 2018 09:37:09 GMT" time="0.015" errors="0">
  <testcase name="createDirectory" time="0.000" classname="org.molgenis.data.file.FileStoreTest"/>
  <testcase name="FileStore" time="0.001" classname="org.molgenis.data.file.FileStoreTest"/>
  <testcase name="store" time="0.007" classname="org.molgenis.data.file.FileStoreTest"/>
  <testcase name="getFile" time="0.007" classname="org.molgenis.data.file.FileStoreTest"/>
</testsuite> <!-- org.molgenis.data.file.FileStoreTest -->
