<?xml version="1.0" encoding="UTF-8"?>
<!-- Generated by org.testng.reporters.JUnitReportReporter -->
<testsuite hostname="spirals-vortex.lille.inria.fr" name="org.molgenis.data.file.FileStoreTest" tests="4" failures="0" timestamp="1 Jun 2018 11:16:58 GMT" time="0.027" errors="0">
  <testcase name="store" time="0.013" classname="org.molgenis.data.file.FileStoreTest"/>
  <testcase name="getFile" time="0.010" classname="org.molgenis.data.file.FileStoreTest"/>
  <testcase name="FileStore" time="0.001" classname="org.molgenis.data.file.FileStoreTest"/>
  <testcase name="createDirectory" time="0.003" classname="org.molgenis.data.file.FileStoreTest"/>
</testsuite> <!-- org.molgenis.data.file.FileStoreTest -->
