<?xml version="1.0" encoding="UTF-8"?>
<!-- Generated by org.testng.reporters.JUnitReportReporter -->
<testsuite hostname="spirals-vortex.lille.inria.fr" name="org.molgenis.data.file.processor.TrimProcessorTest" tests="2" failures="0" timestamp="25 May 2018 09:37:09 GMT" time="0.001" errors="0">
  <testcase name="process" time="0.001" classname="org.molgenis.data.file.processor.TrimProcessorTest"/>
  <testcase name="processNull" time="0.000" classname="org.molgenis.data.file.processor.TrimProcessorTest"/>
</testsuite> <!-- org.molgenis.data.file.processor.TrimProcessorTest -->
