<?xml version="1.0" encoding="UTF-8"?>
<!-- Generated by org.testng.reporters.JUnitReportReporter -->
<testsuite hostname="spirals-vortex.lille.inria.fr" name="org.molgenis.data.file.FileMetaRepositoryDecoratorTest" tests="7" failures="0" timestamp="25 May 2018 14:03:25 GMT" time="0.945" errors="0">
  <testcase name="testDeleteAll" time="0.069" classname="org.molgenis.data.file.FileMetaRepositoryDecoratorTest"/>
  <testcase name="testDeleteByIdUnknownId" time="0.004" classname="org.molgenis.data.file.FileMetaRepositoryDecoratorTest"/>
  <testcase name="testAppRepositoryDecorator" time="0.002" classname="org.molgenis.data.file.FileMetaRepositoryDecoratorTest"/>
  <testcase name="testDeleteAllStream" time="0.011" classname="org.molgenis.data.file.FileMetaRepositoryDecoratorTest"/>
  <testcase name="testDeleteById" time="0.258" classname="org.molgenis.data.file.FileMetaRepositoryDecoratorTest"/>
  <testcase name="testDeleteStream" time="0.490" classname="org.molgenis.data.file.FileMetaRepositoryDecoratorTest"/>
  <testcase name="testDelete" time="0.111" classname="org.molgenis.data.file.FileMetaRepositoryDecoratorTest"/>
</testsuite> <!-- org.molgenis.data.file.FileMetaRepositoryDecoratorTest -->
