<?xml version="1.0" encoding="UTF-8"?>
<!-- Generated by org.testng.reporters.JUnitReportReporter -->
<testsuite hostname="spirals-vortex.lille.inria.fr" name="org.molgenis.data.file.processor.LowerCaseProcessorTest" tests="2" failures="0" timestamp="30 May 2018 15:20:48 GMT" time="0.009" errors="0">
  <testcase name="process" time="0.008" classname="org.molgenis.data.file.processor.LowerCaseProcessorTest"/>
  <testcase name="processNull" time="0.001" classname="org.molgenis.data.file.processor.LowerCaseProcessorTest"/>
</testsuite> <!-- org.molgenis.data.file.processor.LowerCaseProcessorTest -->
