<?xml version="1.0" encoding="UTF-8"?>
<!-- Generated by org.testng.reporters.JUnitReportReporter -->
<testsuite hostname="spirals-vortex.lille.inria.fr" name="org.molgenis.data.file.processor.AbstractCellProcessorTest" tests="3" failures="0" timestamp="1 Jun 2018 11:16:58 GMT" time="0.785" errors="0">
  <testcase name="processCell_header" time="0.778" classname="org.molgenis.data.file.processor.AbstractCellProcessorTest"/>
  <testcase name="processCell_data" time="0.006" classname="org.molgenis.data.file.processor.AbstractCellProcessorTest"/>
  <testcase name="processCell_null" time="0.001" classname="org.molgenis.data.file.processor.AbstractCellProcessorTest"/>
</testsuite> <!-- org.molgenis.data.file.processor.AbstractCellProcessorTest -->
