<?xml version="1.0" encoding="UTF-8"?>
<!-- Generated by org.testng.reporters.JUnitReportReporter -->
<testsuite hostname="spirals-vortex.lille.inria.fr" name="org.molgenis.data.file.processor.MissingValueProcessorTest" tests="7" failures="0" timestamp="25 May 2018 09:37:09 GMT" time="0.002" errors="0">
  <testcase name="process_processEmpty" time="0.000" classname="org.molgenis.data.file.processor.MissingValueProcessorTest"/>
  <testcase name="equals" time="0.001" classname="org.molgenis.data.file.processor.MissingValueProcessorTest"/>
  <testcase name="processEmpty" time="0.001" classname="org.molgenis.data.file.processor.MissingValueProcessorTest"/>
  <testcase name="processEmpty_processEmpty" time="0.000" classname="org.molgenis.data.file.processor.MissingValueProcessorTest"/>
  <testcase name="processNull" time="0.000" classname="org.molgenis.data.file.processor.MissingValueProcessorTest"/>
  <testcase name="process" time="0.000" classname="org.molgenis.data.file.processor.MissingValueProcessorTest"/>
  <testcase name="processNull_processEmpty" time="0.000" classname="org.molgenis.data.file.processor.MissingValueProcessorTest"/>
</testsuite> <!-- org.molgenis.data.file.processor.MissingValueProcessorTest -->
